          ============================================================
          |                                                          |
          |            Crystallography & NMR System (CNS)            |
          |                         CNSsolve                         |
          |                                                          |
          ============================================================
           Version: 1.3 at patch level U
           Status: Special UU release with Rg and paramagnetic
                   restraints (A. Bonvin, UU 2011)
          ============================================================
           Written by: A.T.Brunger, P.D.Adams, G.M.Clore, W.L.DeLano,
                       P.Gros, R.W.Grosse-Kunstleve,J.-S.Jiang,J.M.Krahn,
                       J.Kuszewski, M.Nilges, N.S.Pannu, R.J.Read,
                       L.M.Rice, G.F.Schroeder, T.Simonson, G.L.Warren.
           Copyright (c) 1997-2010 Yale University
          ============================================================
           Running on machine: hostname unknown (x86_64/Linux,64-bit)
           Program started by: joaor
           Program started at: 18:13:16 on 10-Jun-2020
          ============================================================

 FFT3C: Using FFTPACK4.1

 CNSsolve>! 
 CNSsolve>! Calculates pairwise energies between residues 
 CNSsolve>! Will only rebuild hydrogen atoms 
 CNSsolve>! 
 CNSsolve>! Adapted from HADDOCK protocols here and there. 
 CNSsolve>! JR & AMJJB @ 2020 
 CNSsolve>! 
 CNSsolve>define( 
 DEFINE>    {===>} auto_break=true; 
 DEFINE>    {===>} break_cutoff=2.5; 
 DEFINE>    {===>} dnaauto_break=true; 
 DEFINE>    {===>} dbreak_cutoff=4.5; 
 DEFINE>    {===>} auto_cispro=true; 
 DEFINE>    {===>} auto_disu=true; 
 DEFINE>    {===>} disulphide_dist=3.0; 
 DEFINE>    {===>} glyco_dist=2.75; 
 DEFINE>    {===>} coorin="molecule.pdb"; 
 DEFINE>    {===>} icutoff=5.0; 
 DEFINE>) 
 CNSsolve> 
 CNSsolve>! Mute (most) output 
 CNSsolve>set message=on echo=off end 
 ASSFIL: file merged.param opened.
 MESSage=NORM
 EVALUATE: symbol $OLD_MESSAGE set to "NORM" (string)
 ECHO=FALSe {OFF}
 EVALUATE: symbol $OLD_ECHO set to FALSE (logical)
 %PARRDR-info: duplication of bond HC   NC2 
 %PARRDR-info: duplication of angle CH2E C    NH1 
 %PARRDR-info: duplication of angle CH2P CH2E HA  
 ASSFIL: file merged.top opened.
 MESSage=NORM
 EVALUATE: symbol $OLD_MESSAGE set to "NORM" (string)
 ECHO=FALSe {OFF}
 EVALUATE: symbol $OLD_ECHO set to FALSE (logical)
 %RTFIO-warning: undefined masses in residue CYC 
 %RTFIO error encountered: there are undefined masses.
   (CNS is in mode: SET ABORT=NORMal END)
 MESSage=NORM
 EVALUATE: symbol $OLD_MESSAGE set to "NORM" (string)
 ECHO=FALSe {OFF}
 EVALUATE: symbol $OLD_ECHO set to FALSE (logical)
 ASSFIL: file protein_break.top opened.
 %RTFRDR-ERR: duplicate (P-)RESIdue name DPEP
 %RTFRDR-ERR: duplicate (P-)RESIdue name DPPP
 RTFRDR> 
 RTFRDR>end 
 CNSsolve> 
 CNSsolve>! Reset output muting 
 CNSsolve>set message=off echo=off end 
FOUND 5 NAG:ASN pairs
NAG:ASN bond added from   B    901  to   B    53  
NAG:ASN bond added from   B    903  to   B    90  
NAG:ASN bond added from   B    907  to   B    322 
NAG:ASN bond added from   B    910  to   B    546 
NAG:ASN bond added from   E    1401 to   E    343 
FOUND 5 NAG:NAG pairs
NAG:NAG B14 bond added from   B    902  to   B    901 
NAG:NAG B14 bond added from   B    904  to   B    903 
NAG:NAG B14 bond added from   B    911  to   B    910 
NAG:NAG B14 bond added from   E    1402 to   E    1401
NAG:NAG B14 bond added from   E    1403 to   E    1402
 %PARRDR-info: duplication of bond HC   NC2 
 %PARRDR-info: duplication of angle CH2E C    NH1 
 %PARRDR-info: duplication of angle CH2P CH2E HA  
 POWELL: number of degrees of freedom= 13797
 NBONDS: generating intra-molecular exclusion list with mode=-2
 MAKINB: mode  -2 found   4599 exclusions and      0 interactions(1-4)
 %atoms "B   -52  -THR -CA  " and "B   -52  -THR -HG22" only  0.07 A apart
 %atoms "B   -56  -ASP -HB1 " and "B   -56  -ASP -HB2 " only  0.07 A apart
 %atoms "B   -178 -PRO -HA  " and "B   -178 -PRO -HB2 " only  0.09 A apart
 %atoms "B   -271 -TRP -HD1 " and "B   -271 -TRP -HE3 " only  0.07 A apart
 %atoms "B   -291 -ILE -HG12" and "B   -291 -ILE -HG21" only  0.07 A apart
 %atoms "B   -293 -VAL -HG21" and "B   -293 -VAL -HG23" only  0.06 A apart
 %atoms "B   -321 -PRO -HB2 " and "B   -321 -PRO -HD2 " only  0.05 A apart
 %atoms "B   -458 -LYS -HE1 " and "B   -458 -LYS -HE2 " only  0.07 A apart
 %atoms "B   -461 -TRP -HZ2 " and "B   -461 -TRP -HZ3 " only  0.10 A apart
 %atoms "B   -473 -TRP -CG  " and "B   -473 -TRP -HZ3 " only  0.07 A apart
 %atoms "B   -585 -LEU -HG  " and "B   -585 -LEU -HD22" only  0.07 A apart
 %atoms "E   -385 -THR -CA  " and "E   -385 -THR -HG23" only  0.07 A apart
 NBONDS: found   689264 intra-atom interactions
 NBONDS: found       12 nonbonded violations
 %atoms "B   -342 -VAL -HG12" and "B   -342 -VAL -HG22" only  0.07 A apart
 NBONDS: found   689510 intra-atom interactions
 NBONDS: found        1 nonbonded violations
 %atoms "B   -84  -PRO -HA  " and "B   -84  -PRO -HG2 " only  0.07 A apart
 %atoms "E   -378 -LYS -HD2 " and "E   -378 -LYS -CE  " only  0.08 A apart
 NBONDS: found   685838 intra-atom interactions
 NBONDS: found        2 nonbonded violations
 NBONDS: found   681763 intra-atom interactions
 --------------- cycle=    10 ------ stepsize=   -0.0000 -----------------------
 | Etotal =0.33E+07   grad(E)=581.226    E(BOND)=494013.177 E(ANGL)=0.16E+07   |
 | E(VDW )=0.13E+07                                                            |
 -------------------------------------------------------------------------------
 NBONDS: found   680224 intra-atom interactions
 NBONDS: found   681680 intra-atom interactions
 NBONDS: found   683611 intra-atom interactions
 NBONDS: found   683285 intra-atom interactions
 --------------- cycle=    20 ------ stepsize=   -0.0000 -----------------------
 | Etotal =0.13E+07   grad(E)=305.671    E(BOND)=239562.443 E(ANGL)=511643.957 |
 | E(VDW )=503002.744                                                          |
 -------------------------------------------------------------------------------
 NBONDS: found   682928 intra-atom interactions
 NBONDS: found   682895 intra-atom interactions
 NBONDS: found   682912 intra-atom interactions
 --------------- cycle=    30 ------ stepsize=    0.0000 -----------------------
 | Etotal =976350.869 grad(E)=244.921    E(BOND)=189079.448 E(ANGL)=357619.371 |
 | E(VDW )=429652.050                                                          |
 -------------------------------------------------------------------------------
 NBONDS: found   682922 intra-atom interactions
 NBONDS: found   682888 intra-atom interactions
 --------------- cycle=    40 ------ stepsize=   -0.0000 -----------------------
 | Etotal =933944.026 grad(E)=236.905    E(BOND)=188230.230 E(ANGL)=335385.796 |
 | E(VDW )=410328.000                                                          |
 -------------------------------------------------------------------------------
 NBONDS: found   682950 intra-atom interactions
 NBONDS: found   682888 intra-atom interactions
 NBONDS: found   682929 intra-atom interactions
 --------------- cycle=    50 ------ stepsize=    0.0001 -----------------------
 | Etotal =914660.919 grad(E)=232.707    E(BOND)=185573.406 E(ANGL)=325597.576 |
 | E(VDW )=403489.937                                                          |
 -------------------------------------------------------------------------------
 POWELL: STEP number limit. Normal termination
 POWELL: Current coordinates set to last minimum
 DCART: temperature coupling (TCOUpling) enabled
 -------------------------- Cartesian dynamics start ---------------------------
 | E(kin)+E(total)=0.35E+07        E(kin)=4161.614      temperature=303.576    |
 | Etotal =0.35E+07   grad(E)=586.952    E(BOND)=185573.406 E(ANGL)=325597.576 |
 | E(IMPR)=0.30E+07                                                            |
 -------------------------------------------------------------------------------
 ----------------- final step=       50 at      0.02500 ps ---------------------
 | E(kin)+E(total)=0.23E+07        E(kin)=439517.514    temperature=32061.357  |
 | Etotal =0.18E+07   grad(E)=325.463    E(BOND)=200766.012 E(ANGL)=825399.203 |
 | E(IMPR)=786868.452                                                          |
 -------------------------------------------------------------------------------
 CENMAS: Information about center of free masses
         position [A]          :     -0.74341      0.05585     -0.42599
         velocity [A/ps]       :      0.02063     -0.71551     -0.63819
         ang. mom. [amu A/ps]  :-947391.04143 587628.829671556576.82048
         kin. ener. [Kcal/mol] :    101.08803
 POWELL: number of degrees of freedom= 13797
 NBONDS: found   681185 intra-atom interactions
 NBONDS: found   679988 intra-atom interactions
 NBONDS: found   680096 intra-atom interactions
 NBONDS: found   681037 intra-atom interactions
 --------------- cycle=    10 ------ stepsize=   -0.0001 -----------------------
 | Etotal =0.19E+07   grad(E)=271.908    E(BOND)=237076.499 E(ANGL)=451951.439 |
 | E(IMPR)=714741.144 E(VDW )=484709.012                                       |
 -------------------------------------------------------------------------------
 NBONDS: found   681450 intra-atom interactions
 NBONDS: found   681802 intra-atom interactions
 NBONDS: found   681951 intra-atom interactions
 NBONDS: found   681994 intra-atom interactions
 --------------- cycle=    20 ------ stepsize=   -0.0000 -----------------------
 | Etotal =0.13E+07   grad(E)=139.185    E(BOND)=176107.592 E(ANGL)=168935.893 |
 | E(IMPR)=604431.059 E(VDW )=358553.074                                       |
 -------------------------------------------------------------------------------
 NBONDS: found   682172 intra-atom interactions
 NBONDS: found   682278 intra-atom interactions
 --------------- cycle=    30 ------ stepsize=   -0.0000 -----------------------
 | Etotal =0.12E+07   grad(E)=117.540    E(BOND)=169323.886 E(ANGL)=138912.969 |
 | E(IMPR)=592123.921 E(VDW )=334407.035                                       |
 -------------------------------------------------------------------------------
 NBONDS: found   682262 intra-atom interactions
 NBONDS: found   682193 intra-atom interactions
 NBONDS: found   682085 intra-atom interactions
 --------------- cycle=    40 ------ stepsize=   -0.0000 -----------------------
 | Etotal =0.12E+07   grad(E)=112.387    E(BOND)=168471.765 E(ANGL)=132116.380 |
 | E(IMPR)=582241.763 E(VDW )=325676.082                                       |
 -------------------------------------------------------------------------------
 NBONDS: found   682114 intra-atom interactions
 NBONDS: found   682096 intra-atom interactions
 --------------- cycle=    50 ------ stepsize=    0.0001 -----------------------
 | Etotal =0.12E+07   grad(E)=109.953    E(BOND)=168466.790 E(ANGL)=127903.945 |
 | E(IMPR)=574913.370 E(VDW )=322487.803                                       |
 -------------------------------------------------------------------------------
 POWELL: STEP number limit. Normal termination
 POWELL: Current coordinates set to last minimum
 DCART: temperature coupling (TCOUpling) enabled
 -------------------------- Cartesian dynamics start ---------------------------
 | E(kin)+E(total)=0.12E+07        E(kin)=4110.904      temperature=299.877    |
 | Etotal =0.12E+07   grad(E)=109.953    E(BOND)=168466.790 E(ANGL)=127903.945 |
 | E(IMPR)=574913.370 E(VDW )=322487.803                                       |
 -------------------------------------------------------------------------------
 NBONDS: found   682092 intra-atom interactions
 NBONDS: found   682115 intra-atom interactions
 NBONDS: found   682215 intra-atom interactions
 ----------------- final step=       50 at      0.02500 ps ---------------------
 | E(kin)+E(total)=0.12E+07        E(kin)=6184.505      temperature=451.139    |
 | Etotal =0.12E+07   grad(E)=111.715    E(BOND)=168341.314 E(ANGL)=125955.702 |
 | E(IMPR)=572303.156 E(VDW )=321741.077                                       |
 -------------------------------------------------------------------------------
 CENMAS: Information about center of free masses
         position [A]          :     -0.74358      0.04468     -0.42923
         velocity [A/ps]       :     -0.03075     -0.00507     -0.01292
         ang. mom. [amu A/ps]  :-204459.83856  77504.96510 -22068.75534
         kin. ener. [Kcal/mol] :      0.12511
 %PARRDR-info: duplication of bond HC   NC2 
 %PARRDR-info: duplication of angle CH2E C    NH1 
 %PARRDR-info: duplication of angle CH2P CH2E HA  
 POWELL: number of degrees of freedom= 13797
 NBONDS: generating intra-molecular exclusion list with mode=-3
 MAKINB: mode  -3 found  15697 exclusions and      0 interactions(1-4)
 NBONDS: found   671098 intra-atom interactions
 NBONDS: found   672868 intra-atom interactions
 NBONDS: found   672789 intra-atom interactions
 NBONDS: found   672963 intra-atom interactions
 NBONDS: found   673324 intra-atom interactions
 NBONDS: found   673545 intra-atom interactions
 NBONDS: found   673706 intra-atom interactions
 --------------- cycle=    25 ------ stepsize=    0.0003 -----------------------
 | Etotal =256402.913 grad(E)=100.072    E(BOND)=13235.214  E(ANGL)=130587.161 |
 | E(IMPR)=110246.457 E(VDW )=2334.081                                         |
 -------------------------------------------------------------------------------
 NBONDS: found   673647 intra-atom interactions
 NBONDS: found   673301 intra-atom interactions
 NBONDS: found   673316 intra-atom interactions
 NBONDS: found   673318 intra-atom interactions
 NBONDS: found   673426 intra-atom interactions
 NBONDS: found   673389 intra-atom interactions
 NBONDS: found   673413 intra-atom interactions
 NBONDS: found   673437 intra-atom interactions
 NBONDS: found   673366 intra-atom interactions
 --------------- cycle=    50 ------ stepsize=   -0.0001 -----------------------
 | Etotal =54739.712  grad(E)=33.704     E(BOND)=2208.174   E(ANGL)=26307.074  |
 | E(IMPR)=25386.323  E(VDW )=838.142                                          |
 -------------------------------------------------------------------------------
 NBONDS: found   673434 intra-atom interactions
 NBONDS: found   673454 intra-atom interactions
 NBONDS: found   673479 intra-atom interactions
 NBONDS: found   673490 intra-atom interactions
 NBONDS: found   673397 intra-atom interactions
 --------------- cycle=    75 ------ stepsize=    0.0007 -----------------------
 | Etotal =9693.384   grad(E)=25.540     E(BOND)=482.896    E(ANGL)=6549.326   |
 | E(IMPR)=2041.092   E(VDW )=620.071                                          |
 -------------------------------------------------------------------------------
 NBONDS: found   673427 intra-atom interactions
 NBONDS: found   673410 intra-atom interactions
 NBONDS: found   673414 intra-atom interactions
 --------------- cycle=   100 ------ stepsize=    0.0000 -----------------------
 | Etotal =2860.199   grad(E)=9.823      E(BOND)=150.863    E(ANGL)=1181.185   |
 | E(IMPR)=946.797    E(VDW )=581.353                                          |
 -------------------------------------------------------------------------------
 POWELL: STEP number limit. Normal termination
 POWELL: Current coordinates set to last minimum
 DCART: temperature coupling (TCOUpling) enabled
 -------------------------- Cartesian dynamics start ---------------------------
 | E(kin)+E(total)=6901.516        E(kin)=4041.317      temperature=294.801    |
 | Etotal =2860.199   grad(E)=9.823      E(BOND)=150.863    E(ANGL)=1181.185   |
 | E(IMPR)=946.797    E(VDW )=581.353                                          |
 -------------------------------------------------------------------------------
 NBONDS: found   673467 intra-atom interactions
 NBONDS: found   673494 intra-atom interactions
 NBONDS: found   673394 intra-atom interactions
 NBONDS: found   673364 intra-atom interactions
 NBONDS: found   673419 intra-atom interactions
 NBONDS: found   673476 intra-atom interactions
 NBONDS: found   673398 intra-atom interactions
 NBONDS: found   673450 intra-atom interactions
 NBONDS: found   673408 intra-atom interactions
 NBONDS: found   673351 intra-atom interactions
 NBONDS: found   673425 intra-atom interactions
 NBONDS: found   673431 intra-atom interactions
 NBONDS: found   673379 intra-atom interactions
 NBONDS: found   673287 intra-atom interactions
 NBONDS: found   673275 intra-atom interactions
 NBONDS: found   673258 intra-atom interactions
 NBONDS: found   673357 intra-atom interactions
 NBONDS: found   673392 intra-atom interactions
 NBONDS: found   673425 intra-atom interactions
 NBONDS: found   673428 intra-atom interactions
 NBONDS: found   673382 intra-atom interactions
 NBONDS: found   673330 intra-atom interactions
 NBONDS: found   673368 intra-atom interactions
 NBONDS: found   673367 intra-atom interactions
 NBONDS: found   673509 intra-atom interactions
 NBONDS: found   673412 intra-atom interactions
 NBONDS: found   673349 intra-atom interactions
 NBONDS: found   673328 intra-atom interactions
 NBONDS: found   673361 intra-atom interactions
 NBONDS: found   673424 intra-atom interactions
 NBONDS: found   673366 intra-atom interactions
 NBONDS: found   673400 intra-atom interactions
 NBONDS: found   673289 intra-atom interactions
 NBONDS: found   673298 intra-atom interactions
 NBONDS: found   673402 intra-atom interactions
 NBONDS: found   673457 intra-atom interactions
 ----------------- final step=      500 at      0.25000 ps ---------------------
 | E(kin)+E(total)=8841.342        E(kin)=3855.988      temperature=281.282    |
 | Etotal =4985.353   grad(E)=29.288     E(BOND)=1393.110   E(ANGL)=2657.226   |
 | E(IMPR)=280.368    E(VDW )=654.650                                          |
 -------------------------------------------------------------------------------
 CENMAS: Information about center of free masses
         position [A]          :     -0.74527      0.04350     -0.42727
         velocity [A/ps]       :      0.12296     -0.06650     -0.04591
         ang. mom. [amu A/ps]  : -86706.32189 -41543.77230 -28342.83139
         kin. ener. [Kcal/mol] :      2.37969
 EFLAGS: the following energy flags are set
 EFLAGS: BOND ANGL DIHE IMPR VDW 
 %PARRDR-info: duplication of bond HC   NC2 
 %PARRDR-info: duplication of angle CH2E C    NH1 
 %PARRDR-info: duplication of angle CH2P CH2E HA  
 POWELL: number of degrees of freedom= 13797
 NBONDS: generating intra-molecular exclusion list with mode=-3
 MAKINB: mode  -3 found  15697 exclusions and      0 interactions(1-4)
 NBONDS: found   673457 intra-atom interactions
 NBONDS: found   673181 intra-atom interactions
 NBONDS: found   673171 intra-atom interactions
 --------------- cycle=    50 ------ stepsize=    0.0010 -----------------------
 | Etotal =13038.420  grad(E)=13.369     E(BOND)=226.790    E(ANGL)=1159.803   |
 | E(DIHE)=193.860    E(IMPR)=84.855     E(VDW )=11373.113                     |
 -------------------------------------------------------------------------------
 NBONDS: found   673248 intra-atom interactions
 --------------- cycle=   100 ------ stepsize=    0.0012 -----------------------
 | Etotal =12701.266  grad(E)=13.162     E(BOND)=224.738    E(ANGL)=1130.712   |
 | E(DIHE)=171.390    E(IMPR)=82.480     E(VDW )=11091.948                     |
 -------------------------------------------------------------------------------
 --------------- cycle=   150 ------ stepsize=    0.0012 -----------------------
 | Etotal =12653.269  grad(E)=13.131     E(BOND)=224.994    E(ANGL)=1125.233   |
 | E(DIHE)=163.495    E(IMPR)=82.080     E(VDW )=11057.467                     |
 -------------------------------------------------------------------------------
 NBONDS: found   673301 intra-atom interactions
 --------------- cycle=   200 ------ stepsize=    0.0011 -----------------------
 | Etotal =12648.621  grad(E)=13.127     E(BOND)=225.036    E(ANGL)=1123.461   |
 | E(DIHE)=161.381    E(IMPR)=82.320     E(VDW )=11056.423                     |
 -------------------------------------------------------------------------------
 --------------- cycle=   250 ------ stepsize=    0.0009 -----------------------
 | Etotal =12647.445  grad(E)=13.127     E(BOND)=225.223    E(ANGL)=1123.275   |
 | E(DIHE)=160.550    E(IMPR)=82.327     E(VDW )=11056.069                     |
 -------------------------------------------------------------------------------
 --------------- cycle=   300 ------ stepsize=    0.0010 -----------------------
 | Etotal =12646.603  grad(E)=13.125     E(BOND)=225.334    E(ANGL)=1122.750   |
 | E(DIHE)=160.922    E(IMPR)=82.332     E(VDW )=11055.265                     |
 -------------------------------------------------------------------------------
 --------------- cycle=   350 ------ stepsize=    0.0011 -----------------------
 | Etotal =12646.515  grad(E)=13.123     E(BOND)=225.353    E(ANGL)=1122.737   |
 | E(DIHE)=160.702    E(IMPR)=82.246     E(VDW )=11055.478                     |
 -------------------------------------------------------------------------------
 --------------- cycle=   400 ------ stepsize=    0.0012 -----------------------
 | Etotal =12646.514  grad(E)=13.123     E(BOND)=225.356    E(ANGL)=1122.739   |
 | E(DIHE)=160.695    E(IMPR)=82.247     E(VDW )=11055.476                     |
 -------------------------------------------------------------------------------
 --------------- cycle=   450 ------ stepsize=    0.0011 -----------------------
 | Etotal =12646.514  grad(E)=13.123     E(BOND)=225.356    E(ANGL)=1122.738   |
 | E(DIHE)=160.695    E(IMPR)=82.247     E(VDW )=11055.478                     |
 -------------------------------------------------------------------------------
 POWELL: Gradient converged. Normal termination
 POWELL: Current coordinates set to last minimum
 DCART: temperature coupling (TCOUpling) enabled
 -------------------------- Cartesian dynamics start ---------------------------
 | E(kin)+E(total)=16703.310       E(kin)=4056.797      temperature=295.930    |
 | Etotal =12646.514  grad(E)=13.123     E(BOND)=225.355    E(ANGL)=1122.738   |
 | E(DIHE)=160.696    E(IMPR)=82.248     E(VDW )=11055.476                     |
 -------------------------------------------------------------------------------
 NBONDS: found   673393 intra-atom interactions
 NBONDS: found   673183 intra-atom interactions
 NBONDS: found   673348 intra-atom interactions
 NBONDS: found   673309 intra-atom interactions
 NBONDS: found   673301 intra-atom interactions
 ----------------- final step=      500 at      0.25000 ps ---------------------
 | E(kin)+E(total)=20921.963       E(kin)=4222.472      temperature=308.015    |
 | Etotal =16699.491  grad(E)=31.811     E(BOND)=1348.951   E(ANGL)=3380.867   |
 | E(DIHE)=173.476    E(IMPR)=417.458    E(VDW )=11378.739                     |
 -------------------------------------------------------------------------------
 CENMAS: Information about center of free masses
         position [A]          :     -0.74576      0.04291     -0.42798
         velocity [A/ps]       :     -0.32587      0.14458     -0.08222
         ang. mom. [amu A/ps]  :  -8769.82217 -21440.27330  -7075.86128
         kin. ener. [Kcal/mol] :      0.74153
 POWELL: number of degrees of freedom= 13797
 --------------- cycle=    50 ------ stepsize=    0.0010 -----------------------
 | Etotal =12649.099  grad(E)=13.116     E(BOND)=225.159    E(ANGL)=1122.288   |
 | E(DIHE)=162.415    E(IMPR)=82.520     E(VDW )=11056.717                     |
 -------------------------------------------------------------------------------
 --------------- cycle=   100 ------ stepsize=    0.0008 -----------------------
 | Etotal =12640.892  grad(E)=13.108     E(BOND)=224.951    E(ANGL)=1121.334   |
 | E(DIHE)=162.094    E(IMPR)=82.274     E(VDW )=11050.240                     |
 -------------------------------------------------------------------------------
 --------------- cycle=   150 ------ stepsize=    0.0008 -----------------------
 | Etotal =12639.364  grad(E)=13.112     E(BOND)=224.843    E(ANGL)=1121.781   |
 | E(DIHE)=161.921    E(IMPR)=82.253     E(VDW )=11048.567                     |
 -------------------------------------------------------------------------------
 --------------- cycle=   200 ------ stepsize=    0.0011 -----------------------
 | Etotal =12638.502  grad(E)=13.113     E(BOND)=224.726    E(ANGL)=1121.839   |
 | E(DIHE)=161.363    E(IMPR)=82.208     E(VDW )=11048.365                     |
 -------------------------------------------------------------------------------
 --------------- cycle=   250 ------ stepsize=    0.0010 -----------------------
 | Etotal =12638.459  grad(E)=13.113     E(BOND)=224.779    E(ANGL)=1121.780   |
 | E(DIHE)=161.259    E(IMPR)=82.167     E(VDW )=11048.474                     |
 -------------------------------------------------------------------------------
 --------------- cycle=   300 ------ stepsize=    0.0014 -----------------------
 | Etotal =12638.446  grad(E)=13.115     E(BOND)=224.812    E(ANGL)=1121.859   |
 | E(DIHE)=161.292    E(IMPR)=82.162     E(VDW )=11048.321                     |
 -------------------------------------------------------------------------------
 --------------- cycle=   350 ------ stepsize=    0.0010 -----------------------
 | Etotal =12638.444  grad(E)=13.115     E(BOND)=224.806    E(ANGL)=1121.880   |
 | E(DIHE)=161.284    E(IMPR)=82.152     E(VDW )=11048.322                     |
 -------------------------------------------------------------------------------
 --------------- cycle=   400 ------ stepsize=    0.0011 -----------------------
 | Etotal =12638.444  grad(E)=13.115     E(BOND)=224.802    E(ANGL)=1121.876   |
 | E(DIHE)=161.283    E(IMPR)=82.153     E(VDW )=11048.331                     |
 -------------------------------------------------------------------------------
 --------------- cycle=   450 ------ stepsize=    0.0011 -----------------------
 | Etotal =12638.444  grad(E)=13.115     E(BOND)=224.801    E(ANGL)=1121.878   |
 | E(DIHE)=161.280    E(IMPR)=82.152     E(VDW )=11048.332                     |
 -------------------------------------------------------------------------------
 --------------- cycle=   500 ------ stepsize=    0.0012 -----------------------
 | Etotal =12638.444  grad(E)=13.115     E(BOND)=224.800    E(ANGL)=1121.881   |
 | E(DIHE)=161.280    E(IMPR)=82.152     E(VDW )=11048.331                     |
 -------------------------------------------------------------------------------
 POWELL: STEP number limit. Normal termination
 POWELL: Current coordinates set to last minimum
 POWELL: number of degrees of freedom= 18198
 NBONDS: found   673112 intra-atom interactions
 --------------- cycle=     5 ------ stepsize=    0.0006 -----------------------
 | Etotal =12541.928  grad(E)=13.125     E(BOND)=225.702    E(ANGL)=1123.253   |
 | E(DIHE)=161.270    E(IMPR)=82.078     E(VDW )=10949.624                     |
 -------------------------------------------------------------------------------
 --------------- cycle=    10 ------ stepsize=    0.0009 -----------------------
 | Etotal =12541.146  grad(E)=13.123     E(BOND)=225.443    E(ANGL)=1123.401   |
 | E(DIHE)=161.268    E(IMPR)=82.095     E(VDW )=10948.939                     |
 -------------------------------------------------------------------------------
 --------------- cycle=    15 ------ stepsize=    0.0011 -----------------------
 | Etotal =12540.783  grad(E)=13.123     E(BOND)=225.261    E(ANGL)=1123.372   |
 | E(DIHE)=161.240    E(IMPR)=82.113     E(VDW )=10948.797                     |
 -------------------------------------------------------------------------------
 --------------- cycle=    20 ------ stepsize=    0.0007 -----------------------
 | Etotal =12540.505  grad(E)=13.123     E(BOND)=225.375    E(ANGL)=1123.427   |
 | E(DIHE)=161.225    E(IMPR)=82.090     E(VDW )=10948.389                     |
 -------------------------------------------------------------------------------
 --------------- cycle=    25 ------ stepsize=    0.0007 -----------------------
 | Etotal =12540.406  grad(E)=13.125     E(BOND)=225.446    E(ANGL)=1123.584   |
 | E(DIHE)=161.214    E(IMPR)=82.098     E(VDW )=10948.064                     |
 -------------------------------------------------------------------------------
 --------------- cycle=    30 ------ stepsize=    0.0012 -----------------------
 | Etotal =12540.317  grad(E)=13.122     E(BOND)=225.287    E(ANGL)=1123.371   |
 | E(DIHE)=161.204    E(IMPR)=82.106     E(VDW )=10948.348                     |
 -------------------------------------------------------------------------------
 --------------- cycle=    35 ------ stepsize=    0.0002 -----------------------
 | Etotal =12540.299  grad(E)=13.122     E(BOND)=225.334    E(ANGL)=1123.330   |
 | E(DIHE)=161.204    E(IMPR)=82.096     E(VDW )=10948.335                     |
 -------------------------------------------------------------------------------
 --------------- cycle=    40 ------ stepsize=    0.0015 -----------------------
 | Etotal =12540.267  grad(E)=13.122     E(BOND)=225.350    E(ANGL)=1123.298   |
 | E(DIHE)=161.197    E(IMPR)=82.117     E(VDW )=10948.304                     |
 -------------------------------------------------------------------------------
 --------------- cycle=    45 ------ stepsize=    0.0001 -----------------------
 | Etotal =12540.256  grad(E)=13.122     E(BOND)=225.298    E(ANGL)=1123.435   |
 | E(DIHE)=161.196    E(IMPR)=82.113     E(VDW )=10948.214                     |
 -------------------------------------------------------------------------------
 --------------- cycle=    50 ------ stepsize=    0.0009 -----------------------
 | Etotal =12540.250  grad(E)=13.122     E(BOND)=225.305    E(ANGL)=1123.317   |
 | E(DIHE)=161.197    E(IMPR)=82.117     E(VDW )=10948.314                     |
 -------------------------------------------------------------------------------
 POWELL: STEP number limit. Normal termination
 POWELL: Current coordinates set to last minimum
 %PARRDR-info: duplication of bond HC   NC2 
 %PARRDR-info: duplication of angle CH2E C    NH1 
 %PARRDR-info: duplication of angle CH2P CH2E HA  
 POWELL: number of degrees of freedom= 18198
 NBONDS: generating intra-molecular exclusion list with mode= 5
 MAKINB: mode   5 found  17737 exclusions and  17805 interactions(1-4)
 NBONDS: found   890781 intra-atom interactions
 POWELL: Line search terminated
 POWELL: Current coordinates set to last minimum
 --------------- cycle=     1 --------------------------------------------------
 | Etotal =64.699     grad(E)=5.335      E(BOND)=14.129     E(ANGL)=401.193    |
 | E(DIHE)=158.032    E(IMPR)=31.840     E(VDW )=-541.721   E(ELEC)=1.226      |
 -------------------------------------------------------------------------------
 SURFAC: half the sigma value being used for atomic radii.
 SURFAC: ACCEssible surface area
 SURFAC: ACCUracy= 0.07 RH2O=  1.40
         Z-grid=  0.32 number-of-Z-sections=  218
         measures-of-arc= 92830 and150721
 SURFAC: half the sigma value being used for atomic radii.
 SURFAC: ACCEssible surface area
 SURFAC: ACCUracy= 0.07 RH2O=  1.40
         Z-grid=  0.32 number-of-Z-sections=  135
         measures-of-arc= 25492 and 46363
 SURFAC: half the sigma value being used for atomic radii.
 SURFAC: ACCEssible surface area
 SURFAC: ACCUracy= 0.07 RH2O=  1.40
         Z-grid=  0.32 number-of-Z-sections=  218
         measures-of-arc=119943 and197420
 %PARRDR-info: duplication of bond HC   NC2 
 %PARRDR-info: duplication of angle CH2E C    NH1 
 %PARRDR-info: duplication of angle CH2P CH2E HA  
 NBONDS: generating intra-molecular exclusion list with mode= 5
 MAKINB: mode   5 found      5 exclusions and     10 interactions(1-4)
 NBONDS: found     2497 intra-atom interactions
 --------------- cycle=     2 --------------------------------------------------
 | Etotal =-45.427    grad(E)=0.160      E(VDW )=-7.709     E(ELEC)=-37.718    |
 -------------------------------------------------------------------------------
 NBONDS: generating intra-molecular exclusion list with mode= 5
 MAKINB: mode   5 found     10 exclusions and     20 interactions(1-4)
 NBONDS: found     2440 intra-atom interactions
 --------------- cycle=     3 --------------------------------------------------
 | Etotal =-159.146   grad(E)=0.380      E(VDW )=-6.911     E(ELEC)=-152.235   |
 -------------------------------------------------------------------------------
 NBONDS: generating intra-molecular exclusion list with mode= 5
 MAKINB: mode   5 found     10 exclusions and     20 interactions(1-4)
 NBONDS: found     4418 intra-atom interactions
 --------------- cycle=     4 --------------------------------------------------
 | Etotal =-99.186    grad(E)=0.184      E(VDW )=-15.176    E(ELEC)=-84.010    |
 -------------------------------------------------------------------------------
 NBONDS: generating intra-molecular exclusion list with mode= 5
 MAKINB: mode   5 found     10 exclusions and     20 interactions(1-4)
 NBONDS: found     3062 intra-atom interactions
 --------------- cycle=     5 --------------------------------------------------
 | Etotal =-92.086    grad(E)=0.204      E(VDW )=-6.895     E(ELEC)=-85.192    |
 -------------------------------------------------------------------------------
 NBONDS: generating intra-molecular exclusion list with mode= 5
 MAKINB: mode   5 found     10 exclusions and     20 interactions(1-4)
 NBONDS: found     4421 intra-atom interactions
 --------------- cycle=     6 --------------------------------------------------
 | Etotal =-191.285   grad(E)=0.443      E(VDW )=-10.460    E(ELEC)=-180.825   |
 -------------------------------------------------------------------------------
 NBONDS: generating intra-molecular exclusion list with mode= 5
 MAKINB: mode   5 found     10 exclusions and     20 interactions(1-4)
 NBONDS: found     3869 intra-atom interactions
 --------------- cycle=     7 --------------------------------------------------
 | Etotal =-93.180    grad(E)=0.192      E(VDW )=-14.615    E(ELEC)=-78.565    |
 -------------------------------------------------------------------------------
 NBONDS: generating intra-molecular exclusion list with mode= 5
 MAKINB: mode   5 found     10 exclusions and     20 interactions(1-4)
 NBONDS: found     6015 intra-atom interactions
 --------------- cycle=     8 --------------------------------------------------
 | Etotal =-94.434    grad(E)=0.157      E(VDW )=-20.713    E(ELEC)=-73.721    |
 -------------------------------------------------------------------------------
 NBONDS: generating intra-molecular exclusion list with mode= 5
 MAKINB: mode   5 found     10 exclusions and     20 interactions(1-4)
 NBONDS: found     5917 intra-atom interactions
 --------------- cycle=     9 --------------------------------------------------
 | Etotal =-105.352   grad(E)=0.231      E(VDW )=-13.956    E(ELEC)=-91.396    |
 -------------------------------------------------------------------------------
 NBONDS: generating intra-molecular exclusion list with mode= 5
 MAKINB: mode   5 found     10 exclusions and     20 interactions(1-4)
 NBONDS: found     3797 intra-atom interactions
 --------------- cycle=    10 --------------------------------------------------
 | Etotal =-201.722   grad(E)=0.445      E(VDW )=-12.030    E(ELEC)=-189.692   |
 -------------------------------------------------------------------------------
 NBONDS: generating intra-molecular exclusion list with mode= 5
 MAKINB: mode   5 found     10 exclusions and     20 interactions(1-4)
 NBONDS: found     4009 intra-atom interactions
 --------------- cycle=    11 --------------------------------------------------
 | Etotal =-176.659   grad(E)=0.432      E(VDW )=-10.857    E(ELEC)=-165.802   |
 -------------------------------------------------------------------------------
 NBONDS: generating intra-molecular exclusion list with mode= 5
 MAKINB: mode   5 found     10 exclusions and     20 interactions(1-4)
 NBONDS: found     5912 intra-atom interactions
 --------------- cycle=    12 --------------------------------------------------
 | Etotal =-99.790    grad(E)=0.213      E(VDW )=-20.011    E(ELEC)=-79.779    |
 -------------------------------------------------------------------------------
 NBONDS: generating intra-molecular exclusion list with mode= 5
 MAKINB: mode   5 found     10 exclusions and     20 interactions(1-4)
 NBONDS: found     3899 intra-atom interactions
 --------------- cycle=    13 --------------------------------------------------
 | Etotal =-109.763   grad(E)=0.294      E(VDW )=-13.069    E(ELEC)=-96.694    |
 -------------------------------------------------------------------------------
 NBONDS: generating intra-molecular exclusion list with mode= 5
 MAKINB: mode   5 found     10 exclusions and     20 interactions(1-4)
 NBONDS: found     4653 intra-atom interactions
 --------------- cycle=    14 --------------------------------------------------
 | Etotal =-129.489   grad(E)=0.322      E(VDW )=-17.081    E(ELEC)=-112.408   |
 -------------------------------------------------------------------------------
 NBONDS: generating intra-molecular exclusion list with mode= 5
 MAKINB: mode   5 found     10 exclusions and     20 interactions(1-4)
 NBONDS: found     3606 intra-atom interactions
 --------------- cycle=    15 --------------------------------------------------
 | Etotal =-123.854   grad(E)=0.435      E(VDW )=-8.722     E(ELEC)=-115.132   |
 -------------------------------------------------------------------------------
 NBONDS: generating intra-molecular exclusion list with mode= 5
 MAKINB: mode   5 found     10 exclusions and     20 interactions(1-4)
 NBONDS: found     2728 intra-atom interactions
 --------------- cycle=    16 --------------------------------------------------
 | Etotal =-95.104    grad(E)=0.218      E(VDW )=-7.625     E(ELEC)=-87.479    |
 -------------------------------------------------------------------------------
 NBONDS: generating intra-molecular exclusion list with mode= 5
 MAKINB: mode   5 found     10 exclusions and     20 interactions(1-4)
 NBONDS: found     3908 intra-atom interactions
 --------------- cycle=    17 --------------------------------------------------
 | Etotal =-178.736   grad(E)=0.566      E(VDW )=-10.118    E(ELEC)=-168.619   |
 -------------------------------------------------------------------------------
 NBONDS: generating intra-molecular exclusion list with mode= 5
 MAKINB: mode   5 found     10 exclusions and     20 interactions(1-4)
 NBONDS: found     3150 intra-atom interactions
 --------------- cycle=    18 --------------------------------------------------
 | Etotal =-209.059   grad(E)=0.571      E(VDW )=-7.809     E(ELEC)=-201.250   |
 -------------------------------------------------------------------------------
 NBONDS: generating intra-molecular exclusion list with mode= 5
 MAKINB: mode   5 found     10 exclusions and     20 interactions(1-4)
 NBONDS: found     4423 intra-atom interactions
 --------------- cycle=    19 --------------------------------------------------
 | Etotal =-105.404   grad(E)=0.196      E(VDW )=-14.405    E(ELEC)=-90.999    |
 -------------------------------------------------------------------------------
 NBONDS: generating intra-molecular exclusion list with mode= 5
 MAKINB: mode   5 found     10 exclusions and     20 interactions(1-4)
 NBONDS: found     5770 intra-atom interactions
 --------------- cycle=    20 --------------------------------------------------
 | Etotal =-121.725   grad(E)=0.336      E(VDW )=-23.561    E(ELEC)=-98.163    |
 -------------------------------------------------------------------------------
 NBONDS: generating intra-molecular exclusion list with mode= 5
 MAKINB: mode   5 found     10 exclusions and     20 interactions(1-4)
 NBONDS: found     3792 intra-atom interactions
 --------------- cycle=    21 --------------------------------------------------
 | Etotal =-115.247   grad(E)=0.301      E(VDW )=-13.098    E(ELEC)=-102.149   |
 -------------------------------------------------------------------------------
 NBONDS: generating intra-molecular exclusion list with mode= 5
 MAKINB: mode   5 found     10 exclusions and     20 interactions(1-4)
 NBONDS: found     4742 intra-atom interactions
 --------------- cycle=    22 --------------------------------------------------
 | Etotal =-92.054    grad(E)=0.189      E(VDW )=-14.092    E(ELEC)=-77.962    |
 -------------------------------------------------------------------------------
 NBONDS: generating intra-molecular exclusion list with mode= 5
 MAKINB: mode   5 found     10 exclusions and     20 interactions(1-4)
 NBONDS: found     5166 intra-atom interactions
 --------------- cycle=    23 --------------------------------------------------
 | Etotal =-213.293   grad(E)=0.408      E(VDW )=-14.580    E(ELEC)=-198.713   |
 -------------------------------------------------------------------------------
 NBONDS: generating intra-molecular exclusion list with mode= 5
 MAKINB: mode   5 found     10 exclusions and     20 interactions(1-4)
 NBONDS: found     2925 intra-atom interactions
 --------------- cycle=    24 --------------------------------------------------
 | Etotal =-93.216    grad(E)=0.233      E(VDW )=-8.196     E(ELEC)=-85.020    |
 -------------------------------------------------------------------------------
 NBONDS: generating intra-molecular exclusion list with mode= 5
 MAKINB: mode   5 found     10 exclusions and     20 interactions(1-4)
 NBONDS: found     2719 intra-atom interactions
 --------------- cycle=    25 --------------------------------------------------
 | Etotal =-84.808    grad(E)=0.190      E(VDW )=-10.424    E(ELEC)=-74.383    |
 -------------------------------------------------------------------------------
 NBONDS: generating intra-molecular exclusion list with mode= 5
 MAKINB: mode   5 found     10 exclusions and     20 interactions(1-4)
 NBONDS: found     3296 intra-atom interactions
 --------------- cycle=    26 --------------------------------------------------
 | Etotal =-98.777    grad(E)=0.185      E(VDW )=-9.448     E(ELEC)=-89.328    |
 -------------------------------------------------------------------------------
 NBONDS: generating intra-molecular exclusion list with mode= 5
 MAKINB: mode   5 found     10 exclusions and     20 interactions(1-4)
 NBONDS: found     2207 intra-atom interactions
 --------------- cycle=    27 --------------------------------------------------
 | Etotal =-85.731    grad(E)=0.192      E(VDW )=-8.188     E(ELEC)=-77.544    |
 -------------------------------------------------------------------------------
 NBONDS: generating intra-molecular exclusion list with mode= 5
 MAKINB: mode   5 found     10 exclusions and     23 interactions(1-4)
 NBONDS: found     5150 intra-atom interactions
 --------------- cycle=    28 --------------------------------------------------
 | Etotal =-84.082    grad(E)=0.184      E(VDW )=-19.419    E(ELEC)=-64.663    |
 -------------------------------------------------------------------------------
 NBONDS: generating intra-molecular exclusion list with mode= 5
 MAKINB: mode   5 found     10 exclusions and     20 interactions(1-4)
 NBONDS: found     3341 intra-atom interactions
 --------------- cycle=    29 --------------------------------------------------
 | Etotal =-79.240    grad(E)=0.273      E(VDW )=-3.713     E(ELEC)=-75.527    |
 -------------------------------------------------------------------------------
 NBONDS: generating intra-molecular exclusion list with mode= 5
 MAKINB: mode   5 found     10 exclusions and     20 interactions(1-4)
 NBONDS: found     2559 intra-atom interactions
 --------------- cycle=    30 --------------------------------------------------
 | Etotal =-70.764    grad(E)=0.247      E(VDW )=0.273      E(ELEC)=-71.037    |
 -------------------------------------------------------------------------------
 NBONDS: generating intra-molecular exclusion list with mode= 5
 MAKINB: mode   5 found     10 exclusions and     20 interactions(1-4)
 NBONDS: found     1546 intra-atom interactions
 --------------- cycle=    31 --------------------------------------------------
 | Etotal =-83.374    grad(E)=0.298      E(VDW )=2.414      E(ELEC)=-85.788    |
 -------------------------------------------------------------------------------
 NBONDS: generating intra-molecular exclusion list with mode= 5
 MAKINB: mode   5 found     10 exclusions and     20 interactions(1-4)
 NBONDS: found     2476 intra-atom interactions
 --------------- cycle=    32 --------------------------------------------------
 | Etotal =-88.670    grad(E)=0.179      E(VDW )=-9.931     E(ELEC)=-78.740    |
 -------------------------------------------------------------------------------
 NBONDS: generating intra-molecular exclusion list with mode= 5
 MAKINB: mode   5 found     10 exclusions and     20 interactions(1-4)
 NBONDS: found     5147 intra-atom interactions
 --------------- cycle=    33 --------------------------------------------------
 | Etotal =-88.217    grad(E)=0.203      E(VDW )=-18.140    E(ELEC)=-70.077    |
 -------------------------------------------------------------------------------
 NBONDS: generating intra-molecular exclusion list with mode= 5
 MAKINB: mode   5 found     10 exclusions and     20 interactions(1-4)
 NBONDS: found     1985 intra-atom interactions
 --------------- cycle=    34 --------------------------------------------------
 | Etotal =-60.911    grad(E)=0.194      E(VDW )=-4.148     E(ELEC)=-56.763    |
 -------------------------------------------------------------------------------
 NBONDS: generating intra-molecular exclusion list with mode= 5
 MAKINB: mode   5 found     10 exclusions and     20 interactions(1-4)
 NBONDS: found     6216 intra-atom interactions
 --------------- cycle=    35 --------------------------------------------------
 | Etotal =-180.845   grad(E)=0.431      E(VDW )=-13.832    E(ELEC)=-167.012   |
 -------------------------------------------------------------------------------
 NBONDS: generating intra-molecular exclusion list with mode= 5
 MAKINB: mode   5 found     10 exclusions and     20 interactions(1-4)
 NBONDS: found     1885 intra-atom interactions
 --------------- cycle=    36 --------------------------------------------------
 | Etotal =-79.293    grad(E)=0.137      E(VDW )=-5.773     E(ELEC)=-73.520    |
 -------------------------------------------------------------------------------
 NBONDS: generating intra-molecular exclusion list with mode= 5
 MAKINB: mode   5 found     10 exclusions and     20 interactions(1-4)
 NBONDS: found     3460 intra-atom interactions
 --------------- cycle=    37 --------------------------------------------------
 | Etotal =-173.717   grad(E)=0.661      E(VDW )=-9.388     E(ELEC)=-164.329   |
 -------------------------------------------------------------------------------
 NBONDS: generating intra-molecular exclusion list with mode= 5
 MAKINB: mode   5 found     10 exclusions and     20 interactions(1-4)
 NBONDS: found     5540 intra-atom interactions
 --------------- cycle=    38 --------------------------------------------------
 | Etotal =-85.542    grad(E)=0.137      E(VDW )=-22.844    E(ELEC)=-62.698    |
 -------------------------------------------------------------------------------
 NBONDS: generating intra-molecular exclusion list with mode= 5
 MAKINB: mode   5 found     10 exclusions and     20 interactions(1-4)
 NBONDS: found     6787 intra-atom interactions
 --------------- cycle=    39 --------------------------------------------------
 | Etotal =-184.578   grad(E)=0.587      E(VDW )=-17.928    E(ELEC)=-166.649   |
 -------------------------------------------------------------------------------
 NBONDS: generating intra-molecular exclusion list with mode= 5
 MAKINB: mode   5 found     10 exclusions and     20 interactions(1-4)
 NBONDS: found     2363 intra-atom interactions
 --------------- cycle=    40 --------------------------------------------------
 | Etotal =-85.100    grad(E)=0.170      E(VDW )=-8.539     E(ELEC)=-76.561    |
 -------------------------------------------------------------------------------
 NBONDS: generating intra-molecular exclusion list with mode= 5
 MAKINB: mode   5 found     10 exclusions and     20 interactions(1-4)
 NBONDS: found     2695 intra-atom interactions
 --------------- cycle=    41 --------------------------------------------------
 | Etotal =-81.049    grad(E)=0.138      E(VDW )=-5.164     E(ELEC)=-75.885    |
 -------------------------------------------------------------------------------
 NBONDS: generating intra-molecular exclusion list with mode= 5
 MAKINB: mode   5 found     10 exclusions and     23 interactions(1-4)
 NBONDS: found     3754 intra-atom interactions
 --------------- cycle=    42 --------------------------------------------------
 | Etotal =-93.724    grad(E)=0.230      E(VDW )=-10.345    E(ELEC)=-83.380    |
 -------------------------------------------------------------------------------
 NBONDS: generating intra-molecular exclusion list with mode= 5
 MAKINB: mode   5 found     10 exclusions and     20 interactions(1-4)
 NBONDS: found     5832 intra-atom interactions
 --------------- cycle=    43 --------------------------------------------------
 | Etotal =-207.161   grad(E)=0.505      E(VDW )=-17.966    E(ELEC)=-189.195   |
 -------------------------------------------------------------------------------
 NBONDS: generating intra-molecular exclusion list with mode= 5
 MAKINB: mode   5 found     10 exclusions and     20 interactions(1-4)
 NBONDS: found     6348 intra-atom interactions
 --------------- cycle=    44 --------------------------------------------------
 | Etotal =-193.831   grad(E)=0.562      E(VDW )=-19.588    E(ELEC)=-174.242   |
 -------------------------------------------------------------------------------
 NBONDS: generating intra-molecular exclusion list with mode= 5
 MAKINB: mode   5 found     10 exclusions and     20 interactions(1-4)
 NBONDS: found     2472 intra-atom interactions
 --------------- cycle=    45 --------------------------------------------------
 | Etotal =-150.420   grad(E)=0.489      E(VDW )=-8.788     E(ELEC)=-141.632   |
 -------------------------------------------------------------------------------
 NBONDS: generating intra-molecular exclusion list with mode= 5
 MAKINB: mode   5 found     10 exclusions and     20 interactions(1-4)
 NBONDS: found     3943 intra-atom interactions
 --------------- cycle=    46 --------------------------------------------------
 | Etotal =-157.687   grad(E)=0.456      E(VDW )=-15.933    E(ELEC)=-141.753   |
 -------------------------------------------------------------------------------
 NBONDS: generating intra-molecular exclusion list with mode= 5
 MAKINB: mode   5 found     10 exclusions and     20 interactions(1-4)
 NBONDS: found     4560 intra-atom interactions
 --------------- cycle=    47 --------------------------------------------------
 | Etotal =-194.070   grad(E)=0.459      E(VDW )=-8.482     E(ELEC)=-185.588   |
 -------------------------------------------------------------------------------
 NBONDS: generating intra-molecular exclusion list with mode= 5
 MAKINB: mode   5 found     10 exclusions and     20 interactions(1-4)
 NBONDS: found     5157 intra-atom interactions
 --------------- cycle=    48 --------------------------------------------------
 | Etotal =-94.731    grad(E)=0.204      E(VDW )=-23.738    E(ELEC)=-70.993    |
 -------------------------------------------------------------------------------
 NBONDS: generating intra-molecular exclusion list with mode= 5
 MAKINB: mode   5 found     10 exclusions and     20 interactions(1-4)
 NBONDS: found     1821 intra-atom interactions
 --------------- cycle=    49 --------------------------------------------------
 | Etotal =-59.249    grad(E)=0.141      E(VDW )=-4.073     E(ELEC)=-55.177    |
 -------------------------------------------------------------------------------
 NBONDS: generating intra-molecular exclusion list with mode= 5
 MAKINB: mode   5 found     10 exclusions and     20 interactions(1-4)
 NBONDS: found      959 intra-atom interactions
 --------------- cycle=    50 --------------------------------------------------
 | Etotal =-65.101    grad(E)=0.120      E(VDW )=-2.437     E(ELEC)=-62.664    |
 -------------------------------------------------------------------------------
 NBONDS: generating intra-molecular exclusion list with mode= 5
 MAKINB: mode   5 found     10 exclusions and     20 interactions(1-4)
 NBONDS: found     1408 intra-atom interactions
 --------------- cycle=    51 --------------------------------------------------
 | Etotal =-74.479    grad(E)=0.168      E(VDW )=-7.698     E(ELEC)=-66.781    |
 -------------------------------------------------------------------------------
 NBONDS: generating intra-molecular exclusion list with mode= 5
 MAKINB: mode   5 found     10 exclusions and     20 interactions(1-4)
 NBONDS: found     3040 intra-atom interactions
 --------------- cycle=    52 --------------------------------------------------
 | Etotal =-95.114    grad(E)=0.224      E(VDW )=-18.700    E(ELEC)=-76.414    |
 -------------------------------------------------------------------------------
 NBONDS: generating intra-molecular exclusion list with mode= 5
 MAKINB: mode   5 found     10 exclusions and     20 interactions(1-4)
 NBONDS: found     3847 intra-atom interactions
 --------------- cycle=    53 --------------------------------------------------
 | Etotal =-92.076    grad(E)=0.267      E(VDW )=-15.818    E(ELEC)=-76.257    |
 -------------------------------------------------------------------------------
 NBONDS: generating intra-molecular exclusion list with mode= 5
 MAKINB: mode   5 found     10 exclusions and     20 interactions(1-4)
 NBONDS: found     6055 intra-atom interactions
 --------------- cycle=    54 --------------------------------------------------
 | Etotal =-109.863   grad(E)=0.278      E(VDW )=-22.424    E(ELEC)=-87.439    |
 -------------------------------------------------------------------------------
 NBONDS: generating intra-molecular exclusion list with mode= 5
 MAKINB: mode   5 found     10 exclusions and     20 interactions(1-4)
 NBONDS: found     5307 intra-atom interactions
 --------------- cycle=    55 --------------------------------------------------
 | Etotal =-99.409    grad(E)=0.207      E(VDW )=-19.182    E(ELEC)=-80.226    |
 -------------------------------------------------------------------------------
 NBONDS: generating intra-molecular exclusion list with mode= 5
 MAKINB: mode   5 found     10 exclusions and     20 interactions(1-4)
 NBONDS: found     5798 intra-atom interactions
 --------------- cycle=    56 --------------------------------------------------
 | Etotal =-88.674    grad(E)=0.125      E(VDW )=-23.682    E(ELEC)=-64.992    |
 -------------------------------------------------------------------------------
 NBONDS: generating intra-molecular exclusion list with mode= 5
 MAKINB: mode   5 found     10 exclusions and     20 interactions(1-4)
 NBONDS: found     5645 intra-atom interactions
 --------------- cycle=    57 --------------------------------------------------
 | Etotal =-203.661   grad(E)=0.478      E(VDW )=-15.424    E(ELEC)=-188.237   |
 -------------------------------------------------------------------------------
 NBONDS: generating intra-molecular exclusion list with mode= 5
 MAKINB: mode   5 found     10 exclusions and     20 interactions(1-4)
 NBONDS: found     4841 intra-atom interactions
 --------------- cycle=    58 --------------------------------------------------
 | Etotal =-77.801    grad(E)=0.263      E(VDW )=-9.182     E(ELEC)=-68.618    |
 -------------------------------------------------------------------------------
 NBONDS: generating intra-molecular exclusion list with mode= 5
 MAKINB: mode   5 found     10 exclusions and     20 interactions(1-4)
 NBONDS: found     3325 intra-atom interactions
 --------------- cycle=    59 --------------------------------------------------
 | Etotal =-81.352    grad(E)=0.207      E(VDW )=-11.107    E(ELEC)=-70.246    |
 -------------------------------------------------------------------------------
 NBONDS: generating intra-molecular exclusion list with mode= 5
 MAKINB: mode   5 found     10 exclusions and     20 interactions(1-4)
 NBONDS: found     2343 intra-atom interactions
 --------------- cycle=    60 --------------------------------------------------
 | Etotal =-73.341    grad(E)=0.146      E(VDW )=-7.586     E(ELEC)=-65.755    |
 -------------------------------------------------------------------------------
 NBONDS: generating intra-molecular exclusion list with mode= 5
 MAKINB: mode   5 found     10 exclusions and     20 interactions(1-4)
 NBONDS: found     1148 intra-atom interactions
 --------------- cycle=    61 --------------------------------------------------
 | Etotal =-67.622    grad(E)=0.112      E(VDW )=-4.408     E(ELEC)=-63.214    |
 -------------------------------------------------------------------------------
 NBONDS: generating intra-molecular exclusion list with mode= 5
 MAKINB: mode   5 found     10 exclusions and     20 interactions(1-4)
 NBONDS: found      899 intra-atom interactions
 --------------- cycle=    62 --------------------------------------------------
 | Etotal =-65.486    grad(E)=0.093      E(VDW )=-2.650     E(ELEC)=-62.836    |
 -------------------------------------------------------------------------------
 NBONDS: generating intra-molecular exclusion list with mode= 5
 MAKINB: mode   5 found     10 exclusions and     23 interactions(1-4)
 NBONDS: found     1696 intra-atom interactions
 --------------- cycle=    63 --------------------------------------------------
 | Etotal =-58.798    grad(E)=0.194      E(VDW )=-3.343     E(ELEC)=-55.454    |
 -------------------------------------------------------------------------------
 NBONDS: generating intra-molecular exclusion list with mode= 5
 MAKINB: mode   5 found     10 exclusions and     20 interactions(1-4)
 NBONDS: found     2220 intra-atom interactions
 --------------- cycle=    64 --------------------------------------------------
 | Etotal =-93.717    grad(E)=0.323      E(VDW )=-6.191     E(ELEC)=-87.526    |
 -------------------------------------------------------------------------------
 NBONDS: generating intra-molecular exclusion list with mode= 5
 MAKINB: mode   5 found     10 exclusions and     20 interactions(1-4)
 NBONDS: found     1011 intra-atom interactions
 --------------- cycle=    65 --------------------------------------------------
 | Etotal =-62.938    grad(E)=0.137      E(VDW )=-4.152     E(ELEC)=-58.786    |
 -------------------------------------------------------------------------------
 NBONDS: generating intra-molecular exclusion list with mode= 5
 MAKINB: mode   5 found     10 exclusions and     20 interactions(1-4)
 NBONDS: found     3312 intra-atom interactions
 --------------- cycle=    66 --------------------------------------------------
 | Etotal =-65.910    grad(E)=0.178      E(VDW )=-7.644     E(ELEC)=-58.267    |
 -------------------------------------------------------------------------------
 NBONDS: generating intra-molecular exclusion list with mode= 5
 MAKINB: mode   5 found     10 exclusions and     20 interactions(1-4)
 NBONDS: found     3225 intra-atom interactions
 --------------- cycle=    67 --------------------------------------------------
 | Etotal =-100.421   grad(E)=0.227      E(VDW )=-13.449    E(ELEC)=-86.972    |
 -------------------------------------------------------------------------------
 NBONDS: generating intra-molecular exclusion list with mode= 5
 MAKINB: mode   5 found     13 exclusions and     27 interactions(1-4)
 NBONDS: found     2434 intra-atom interactions
 --------------- cycle=    68 --------------------------------------------------
 | Etotal =-77.354    grad(E)=0.198      E(VDW )=-13.202    E(ELEC)=-64.152    |
 -------------------------------------------------------------------------------
 NBONDS: generating intra-molecular exclusion list with mode= 5
 MAKINB: mode   5 found     10 exclusions and     20 interactions(1-4)
 NBONDS: found     5684 intra-atom interactions
 --------------- cycle=    69 --------------------------------------------------
 | Etotal =-83.793    grad(E)=0.170      E(VDW )=-23.488    E(ELEC)=-60.304    |
 -------------------------------------------------------------------------------
 NBONDS: generating intra-molecular exclusion list with mode= 5
 MAKINB: mode   5 found     10 exclusions and     23 interactions(1-4)
 NBONDS: found     3446 intra-atom interactions
 --------------- cycle=    70 --------------------------------------------------
 | Etotal =-59.229    grad(E)=0.138      E(VDW )=-9.163     E(ELEC)=-50.065    |
 -------------------------------------------------------------------------------
 NBONDS: generating intra-molecular exclusion list with mode= 5
 MAKINB: mode   5 found     10 exclusions and     20 interactions(1-4)
 NBONDS: found     4307 intra-atom interactions
 --------------- cycle=    71 --------------------------------------------------
 | Etotal =-74.514    grad(E)=0.141      E(VDW )=-14.648    E(ELEC)=-59.866    |
 -------------------------------------------------------------------------------
 NBONDS: generating intra-molecular exclusion list with mode= 5
 MAKINB: mode   5 found     10 exclusions and     20 interactions(1-4)
 NBONDS: found     4389 intra-atom interactions
 --------------- cycle=    72 --------------------------------------------------
 | Etotal =-102.235   grad(E)=0.432      E(VDW )=-15.630    E(ELEC)=-86.605    |
 -------------------------------------------------------------------------------
 NBONDS: generating intra-molecular exclusion list with mode= 5
 MAKINB: mode   5 found     10 exclusions and     20 interactions(1-4)
 NBONDS: found     2539 intra-atom interactions
 --------------- cycle=    73 --------------------------------------------------
 | Etotal =-79.679    grad(E)=0.163      E(VDW )=-10.457    E(ELEC)=-69.222    |
 -------------------------------------------------------------------------------
 NBONDS: generating intra-molecular exclusion list with mode= 5
 MAKINB: mode   5 found     10 exclusions and     20 interactions(1-4)
 NBONDS: found     6188 intra-atom interactions
 --------------- cycle=    74 --------------------------------------------------
 | Etotal =-108.017   grad(E)=0.334      E(VDW )=-19.507    E(ELEC)=-88.511    |
 -------------------------------------------------------------------------------
 NBONDS: generating intra-molecular exclusion list with mode= 5
 MAKINB: mode   5 found     10 exclusions and     20 interactions(1-4)
 NBONDS: found     2047 intra-atom interactions
 --------------- cycle=    75 --------------------------------------------------
 | Etotal =-88.343    grad(E)=0.162      E(VDW )=-9.865     E(ELEC)=-78.478    |
 -------------------------------------------------------------------------------
 NBONDS: generating intra-molecular exclusion list with mode= 5
 MAKINB: mode   5 found     10 exclusions and     20 interactions(1-4)
 NBONDS: found     6257 intra-atom interactions
 --------------- cycle=    76 --------------------------------------------------
 | Etotal =-106.425   grad(E)=0.175      E(VDW )=-29.935    E(ELEC)=-76.490    |
 -------------------------------------------------------------------------------
 NBONDS: generating intra-molecular exclusion list with mode= 5
 MAKINB: mode   5 found     10 exclusions and     23 interactions(1-4)
 NBONDS: found     4571 intra-atom interactions
 --------------- cycle=    77 --------------------------------------------------
 | Etotal =-75.856    grad(E)=0.198      E(VDW )=-15.625    E(ELEC)=-60.231    |
 -------------------------------------------------------------------------------
 NBONDS: generating intra-molecular exclusion list with mode= 5
 MAKINB: mode   5 found     10 exclusions and     23 interactions(1-4)
 NBONDS: found     2609 intra-atom interactions
 --------------- cycle=    78 --------------------------------------------------
 | Etotal =-72.861    grad(E)=0.178      E(VDW )=-5.492     E(ELEC)=-67.369    |
 -------------------------------------------------------------------------------
 NBONDS: generating intra-molecular exclusion list with mode= 5
 MAKINB: mode   5 found     10 exclusions and     20 interactions(1-4)
 NBONDS: found     3257 intra-atom interactions
 --------------- cycle=    79 --------------------------------------------------
 | Etotal =-93.344    grad(E)=0.257      E(VDW )=-8.710     E(ELEC)=-84.634    |
 -------------------------------------------------------------------------------
 NBONDS: generating intra-molecular exclusion list with mode= 5
 MAKINB: mode   5 found     10 exclusions and     20 interactions(1-4)
 NBONDS: found     4041 intra-atom interactions
 --------------- cycle=    80 --------------------------------------------------
 | Etotal =-105.439   grad(E)=0.237      E(VDW )=-17.062    E(ELEC)=-88.377    |
 -------------------------------------------------------------------------------
 NBONDS: generating intra-molecular exclusion list with mode= 5
 MAKINB: mode   5 found     10 exclusions and     20 interactions(1-4)
 NBONDS: found     1810 intra-atom interactions
 --------------- cycle=    81 --------------------------------------------------
 | Etotal =-68.230    grad(E)=0.224      E(VDW )=-0.446     E(ELEC)=-67.784    |
 -------------------------------------------------------------------------------
 NBONDS: generating intra-molecular exclusion list with mode= 5
 MAKINB: mode   5 found     10 exclusions and     20 interactions(1-4)
 NBONDS: found     2695 intra-atom interactions
 --------------- cycle=    82 --------------------------------------------------
 | Etotal =-71.581    grad(E)=0.156      E(VDW )=-6.647     E(ELEC)=-64.934    |
 -------------------------------------------------------------------------------
 NBONDS: generating intra-molecular exclusion list with mode= 5
 MAKINB: mode   5 found     10 exclusions and     20 interactions(1-4)
 NBONDS: found     1523 intra-atom interactions
 --------------- cycle=    83 --------------------------------------------------
 | Etotal =-77.537    grad(E)=0.190      E(VDW )=-5.880     E(ELEC)=-71.657    |
 -------------------------------------------------------------------------------
 NBONDS: generating intra-molecular exclusion list with mode= 5
 MAKINB: mode   5 found     10 exclusions and     20 interactions(1-4)
 NBONDS: found     5258 intra-atom interactions
 --------------- cycle=    84 --------------------------------------------------
 | Etotal =-98.401    grad(E)=0.191      E(VDW )=-23.164    E(ELEC)=-75.237    |
 -------------------------------------------------------------------------------
 NBONDS: generating intra-molecular exclusion list with mode= 5
 MAKINB: mode   5 found     10 exclusions and     23 interactions(1-4)
 NBONDS: found     4344 intra-atom interactions
 --------------- cycle=    85 --------------------------------------------------
 | Etotal =-108.904   grad(E)=0.246      E(VDW )=-21.099    E(ELEC)=-87.805    |
 -------------------------------------------------------------------------------
 HEAP: maximum use      =    22420464 current use      =       96000 bytes
 HEAP: maximum overhead =        2800 current overhead =         752 bytes
          ============================================================
           Maximum dynamic memory allocation:    22420464 bytes
           Maximum dynamic memory overhead:          2800 bytes
           Program started at: 18:13:16 on 10-Jun-2020
           Program stopped at: 18:13:42 on 10-Jun-2020
           CPU time used:      25.8125 seconds
          ============================================================
