          ============================================================
          |                                                          |
          |            Crystallography & NMR System (CNS)            |
          |                         CNSsolve                         |
          |                                                          |
          ============================================================
           Version: 1.3 at patch level U
           Status: Special UU release with Rg and paramagnetic
                   restraints (A. Bonvin, UU 2011)
          ============================================================
           Written by: A.T.Brunger, P.D.Adams, G.M.Clore, W.L.DeLano,
                       P.Gros, R.W.Grosse-Kunstleve,J.-S.Jiang,J.M.Krahn,
                       J.Kuszewski, M.Nilges, N.S.Pannu, R.J.Read,
                       L.M.Rice, G.F.Schroeder, T.Simonson, G.L.Warren.
           Copyright (c) 1997-2010 Yale University
          ============================================================
           Running on machine: hostname unknown (x86_64/Linux,64-bit)
           Program started by: joaor
           Program started at: 19:44:18 on 10-Jun-2020
          ============================================================

 FFT3C: Using FFTPACK4.1

 CNSsolve>! 
 CNSsolve>! Calculates pairwise energies between residues 
 CNSsolve>! Will only rebuild hydrogen atoms 
 CNSsolve>! 
 CNSsolve>! Adapted from HADDOCK protocols here and there. 
 CNSsolve>! JR & AMJJB @ 2020 
 CNSsolve>! 
 CNSsolve>define( 
 DEFINE>    {===>} auto_break=true; 
 DEFINE>    {===>} break_cutoff=2.5; 
 DEFINE>    {===>} dnaauto_break=true; 
 DEFINE>    {===>} dbreak_cutoff=4.5; 
 DEFINE>    {===>} auto_cispro=true; 
 DEFINE>    {===>} auto_disu=true; 
 DEFINE>    {===>} disulphide_dist=3.0; 
 DEFINE>    {===>} glyco_dist=2.75; 
 DEFINE>    {===>} coorin="molecule.pdb"; 
 DEFINE>    {===>} icutoff=5.0; 
 DEFINE>) 
 CNSsolve> 
 CNSsolve>! Mute (most) output 
 CNSsolve>set message=on echo=off end 
 ASSFIL: file merged.param opened.
 MESSage=NORM
 EVALUATE: symbol $OLD_MESSAGE set to "NORM" (string)
 ECHO=FALSe {OFF}
 EVALUATE: symbol $OLD_ECHO set to FALSE (logical)
 %PARRDR-info: duplication of bond HC   NC2 
 %PARRDR-info: duplication of angle CH2E C    NH1 
 %PARRDR-info: duplication of angle CH2P CH2E HA  
 ASSFIL: file merged.top opened.
 MESSage=NORM
 EVALUATE: symbol $OLD_MESSAGE set to "NORM" (string)
 ECHO=FALSe {OFF}
 EVALUATE: symbol $OLD_ECHO set to FALSE (logical)
 %RTFIO-warning: undefined masses in residue CYC 
 %RTFIO error encountered: there are undefined masses.
   (CNS is in mode: SET ABORT=NORMal END)
 MESSage=NORM
 EVALUATE: symbol $OLD_MESSAGE set to "NORM" (string)
 ECHO=FALSe {OFF}
 EVALUATE: symbol $OLD_ECHO set to FALSE (logical)
 ASSFIL: file protein_break.top opened.
 %RTFRDR-ERR: duplicate (P-)RESIdue name DPEP
 %RTFRDR-ERR: duplicate (P-)RESIdue name DPPP
 RTFRDR> 
 RTFRDR>end 
 CNSsolve> 
 CNSsolve>! Reset output muting 
 CNSsolve>set message=off echo=off end 
FOUND 7 NAG:ASN pairs
NAG:ASN bond added from   B    901  to   B    53  
NAG:ASN bond added from   B    903  to   B    90  
NAG:ASN bond added from   B    905  to   B    103 
NAG:ASN bond added from   B    907  to   B    322 
NAG:ASN bond added from   B    908  to   B    432 
NAG:ASN bond added from   B    910  to   B    546 
NAG:ASN bond added from   E    1401 to   E    343 
FOUND 7 NAG:NAG pairs
NAG:NAG B14 bond added from   B    902  to   B    901 
NAG:NAG B14 bond added from   B    904  to   B    903 
NAG:NAG B14 bond added from   B    906  to   B    905 
NAG:NAG B14 bond added from   B    909  to   B    908 
NAG:NAG B14 bond added from   B    911  to   B    910 
NAG:NAG B14 bond added from   E    1402 to   E    1401
NAG:NAG B14 bond added from   E    1403 to   E    1402
 %PARRDR-info: duplication of bond HC   NC2 
 %PARRDR-info: duplication of angle CH2E C    NH1 
 %PARRDR-info: duplication of angle CH2P CH2E HA  
 POWELL: number of degrees of freedom= 13746
 NBONDS: generating intra-molecular exclusion list with mode=-2
 MAKINB: mode  -2 found   4582 exclusions and      0 interactions(1-4)
 %atoms "B   -293 -VAL -CB  " and "B   -293 -VAL -HG11" only  0.07 A apart
 %atoms "B   -343 -VAL -HG13" and "B   -343 -VAL -HG22" only  0.07 A apart
 %atoms "B   -366 -MET -CB  " and "B   -366 -MET -HE2 " only  0.08 A apart
 %atoms "B   -435 -GLU -HB1 " and "B   -435 -GLU -HB2 " only  0.08 A apart
 %atoms "B   -446 -ILE -HB  " and "B   -446 -ILE -HG22" only  0.06 A apart
 %atoms "B   -452 -PHE -CG  " and "B   -452 -PHE -HZ  " only  0.03 A apart
 %atoms "B   -522 -GLN -HB1 " and "B   -522 -GLN -HG1 " only  0.03 A apart
 %atoms "E   -338 -PHE -CG  " and "E   -338 -PHE -HD2 " only  0.08 A apart
 NBONDS: found   691564 intra-atom interactions
 NBONDS: found        8 nonbonded violations
 %atoms "B   -215 -TYR -CG  " and "B   -215 -TYR -HE1 " only  0.07 A apart
 %atoms "B   -255 -TYR -HB2 " and "B   -255 -TYR -HE1 " only  0.07 A apart
 %atoms "B   -417 -HIS -HB1 " and "B   -417 -HIS -CG  " only  0.10 A apart
 %atoms "B   -539 -LEU -HD13" and "B   -539 -LEU -HD22" only  0.08 A apart
 NBONDS: found   691497 intra-atom interactions
 NBONDS: found        4 nonbonded violations
 %atoms "E   -477 -SER -HA  " and "E   -477 -SER -HB2 " only  0.09 A apart
 NBONDS: found   687762 intra-atom interactions
 NBONDS: found        1 nonbonded violations
 NBONDS: found   685285 intra-atom interactions
 NBONDS: found   683707 intra-atom interactions
 --------------- cycle=    10 ------ stepsize=   -0.0000 -----------------------
 | Etotal =0.34E+07   grad(E)=576.696    E(BOND)=502522.305 E(ANGL)=0.16E+07   |
 | E(VDW )=0.13E+07                                                            |
 -------------------------------------------------------------------------------
 NBONDS: found   681916 intra-atom interactions
 NBONDS: found   682928 intra-atom interactions
 NBONDS: found   684084 intra-atom interactions
 --------------- cycle=    20 ------ stepsize=   -0.0000 -----------------------
 | Etotal =0.13E+07   grad(E)=312.815    E(BOND)=241788.494 E(ANGL)=510000.552 |
 | E(VDW )=514622.147                                                          |
 -------------------------------------------------------------------------------
 NBONDS: found   683823 intra-atom interactions
 NBONDS: found   683858 intra-atom interactions
 NBONDS: found   684022 intra-atom interactions
 --------------- cycle=    30 ------ stepsize=   -0.0001 -----------------------
 | Etotal =0.10E+07   grad(E)=256.263    E(BOND)=199518.057 E(ANGL)=382560.459 |
 | E(VDW )=438590.644                                                          |
 -------------------------------------------------------------------------------
 NBONDS: found   683996 intra-atom interactions
 NBONDS: found   684153 intra-atom interactions
 --------------- cycle=    40 ------ stepsize=    0.0001 -----------------------
 | Etotal =975839.289 grad(E)=246.168    E(BOND)=188069.113 E(ANGL)=359596.184 |
 | E(VDW )=428173.991                                                          |
 -------------------------------------------------------------------------------
 NBONDS: found   684184 intra-atom interactions
 NBONDS: found   684062 intra-atom interactions
 --------------- cycle=    50 ------ stepsize=   -0.0000 -----------------------
 | Etotal =954060.725 grad(E)=242.183    E(BOND)=187229.809 E(ANGL)=347534.585 |
 | E(VDW )=419296.332                                                          |
 -------------------------------------------------------------------------------
 POWELL: STEP number limit. Normal termination
 POWELL: Current coordinates set to last minimum
 DCART: temperature coupling (TCOUpling) enabled
 -------------------------- Cartesian dynamics start ---------------------------
 | E(kin)+E(total)=0.36E+07        E(kin)=4186.949      temperature=306.557    |
 | Etotal =0.36E+07   grad(E)=613.660    E(BOND)=187229.809 E(ANGL)=347534.585 |
 | E(IMPR)=0.31E+07                                                            |
 -------------------------------------------------------------------------------
 ----------------- final step=       50 at      0.02500 ps ---------------------
 | E(kin)+E(total)=0.23E+07        E(kin)=467973.003    temperature=34263.746  |
 | Etotal =0.18E+07   grad(E)=332.137    E(BOND)=213804.130 E(ANGL)=848013.765 |
 | E(IMPR)=785554.772                                                          |
 -------------------------------------------------------------------------------
 CENMAS: Information about center of free masses
         position [A]          :     -0.67129      0.06584     -0.20433
         velocity [A/ps]       :      0.35830     -0.82484     -0.48226
         ang. mom. [amu A/ps]  : 889337.851091270664.845191741585.86830
         kin. ener. [Kcal/mol] :    114.03718
 POWELL: number of degrees of freedom= 13746
 NBONDS: found   682174 intra-atom interactions
 NBONDS: found   681296 intra-atom interactions
 NBONDS: found   681636 intra-atom interactions
 NBONDS: found   682647 intra-atom interactions
 --------------- cycle=    10 ------ stepsize=   -0.0001 -----------------------
 | Etotal =0.19E+07   grad(E)=271.802    E(BOND)=236407.112 E(ANGL)=460531.426 |
 | E(IMPR)=693536.230 E(VDW )=481970.357                                       |
 -------------------------------------------------------------------------------
 NBONDS: found   683075 intra-atom interactions
 NBONDS: found   683238 intra-atom interactions
 NBONDS: found   683364 intra-atom interactions
 --------------- cycle=    20 ------ stepsize=    0.0000 -----------------------
 | Etotal =0.13E+07   grad(E)=141.836    E(BOND)=177451.725 E(ANGL)=172502.278 |
 | E(IMPR)=591249.598 E(VDW )=355998.133                                       |
 -------------------------------------------------------------------------------
 NBONDS: found   683419 intra-atom interactions
 NBONDS: found   683454 intra-atom interactions
 --------------- cycle=    30 ------ stepsize=    0.0000 -----------------------
 | Etotal =0.12E+07   grad(E)=114.053    E(BOND)=167851.622 E(ANGL)=137260.332 |
 | E(IMPR)=579289.915 E(VDW )=329759.149                                       |
 -------------------------------------------------------------------------------
 NBONDS: found   683411 intra-atom interactions
 NBONDS: found   683334 intra-atom interactions
 NBONDS: found   683389 intra-atom interactions
 --------------- cycle=    40 ------ stepsize=   -0.0000 -----------------------
 | Etotal =0.12E+07   grad(E)=110.660    E(BOND)=167626.277 E(ANGL)=130498.686 |
 | E(IMPR)=573392.334 E(VDW )=321947.766                                       |
 -------------------------------------------------------------------------------
 NBONDS: found   683402 intra-atom interactions
 NBONDS: found   683481 intra-atom interactions
 --------------- cycle=    50 ------ stepsize=   -0.0001 -----------------------
 | Etotal =0.12E+07   grad(E)=109.026    E(BOND)=167139.968 E(ANGL)=128961.917 |
 | E(IMPR)=569523.306 E(VDW )=319351.692                                       |
 -------------------------------------------------------------------------------
 POWELL: STEP number limit. Normal termination
 POWELL: Current coordinates set to last minimum
 DCART: temperature coupling (TCOUpling) enabled
 -------------------------- Cartesian dynamics start ---------------------------
 | E(kin)+E(total)=0.12E+07        E(kin)=4185.096      temperature=306.422    |
 | Etotal =0.12E+07   grad(E)=109.026    E(BOND)=167139.968 E(ANGL)=128961.917 |
 | E(IMPR)=569523.306 E(VDW )=319351.692                                       |
 -------------------------------------------------------------------------------
 NBONDS: found   683491 intra-atom interactions
 NBONDS: found   683374 intra-atom interactions
 ----------------- final step=       50 at      0.02500 ps ---------------------
 | E(kin)+E(total)=0.12E+07        E(kin)=5908.579      temperature=432.611    |
 | Etotal =0.12E+07   grad(E)=111.733    E(BOND)=168335.842 E(ANGL)=128328.939 |
 | E(IMPR)=566016.703 E(VDW )=318810.009                                       |
 -------------------------------------------------------------------------------
 CENMAS: Information about center of free masses
         position [A]          :     -0.66872      0.05961     -0.20325
         velocity [A/ps]       :      0.03987      0.07769      0.01605
         ang. mom. [amu A/ps]  :  16325.19959 -11772.69330 -44682.08819
         kin. ener. [Kcal/mol] :      0.86322
 %PARRDR-info: duplication of bond HC   NC2 
 %PARRDR-info: duplication of angle CH2E C    NH1 
 %PARRDR-info: duplication of angle CH2P CH2E HA  
 POWELL: number of degrees of freedom= 13746
 NBONDS: generating intra-molecular exclusion list with mode=-3
 MAKINB: mode  -3 found  15638 exclusions and      0 interactions(1-4)
 NBONDS: found   672337 intra-atom interactions
 NBONDS: found   674129 intra-atom interactions
 NBONDS: found   674075 intra-atom interactions
 NBONDS: found   674004 intra-atom interactions
 NBONDS: found   674363 intra-atom interactions
 NBONDS: found   674771 intra-atom interactions
 NBONDS: found   675018 intra-atom interactions
 --------------- cycle=    25 ------ stepsize=    0.0002 -----------------------
 | Etotal =274055.239 grad(E)=114.913    E(BOND)=23033.230  E(ANGL)=136268.257 |
 | E(IMPR)=112519.007 E(VDW )=2234.746                                         |
 -------------------------------------------------------------------------------
 NBONDS: found   674998 intra-atom interactions
 NBONDS: found   674632 intra-atom interactions
 NBONDS: found   674923 intra-atom interactions
 NBONDS: found   674944 intra-atom interactions
 NBONDS: found   674880 intra-atom interactions
 NBONDS: found   674807 intra-atom interactions
 --------------- cycle=    50 ------ stepsize=    0.0000 -----------------------
 | Etotal =54048.867  grad(E)=37.073     E(BOND)=2387.428   E(ANGL)=25464.619  |
 | E(IMPR)=25443.722  E(VDW )=753.098                                          |
 -------------------------------------------------------------------------------
 NBONDS: found   674803 intra-atom interactions
 NBONDS: found   674840 intra-atom interactions
 NBONDS: found   674879 intra-atom interactions
 NBONDS: found   674831 intra-atom interactions
 NBONDS: found   674792 intra-atom interactions
 --------------- cycle=    75 ------ stepsize=    0.0007 -----------------------
 | Etotal =12192.644  grad(E)=14.880     E(BOND)=365.520    E(ANGL)=5368.524   |
 | E(IMPR)=5892.953   E(VDW )=565.648                                          |
 -------------------------------------------------------------------------------
 NBONDS: found   674798 intra-atom interactions
 NBONDS: found   674840 intra-atom interactions
 NBONDS: found   674808 intra-atom interactions
 --------------- cycle=   100 ------ stepsize=    0.0007 -----------------------
 | Etotal =4795.289   grad(E)=7.981      E(BOND)=160.899    E(ANGL)=1567.145   |
 | E(IMPR)=2547.160   E(VDW )=520.085                                          |
 -------------------------------------------------------------------------------
 POWELL: STEP number limit. Normal termination
 POWELL: Current coordinates set to last minimum
 DCART: temperature coupling (TCOUpling) enabled
 -------------------------- Cartesian dynamics start ---------------------------
 | E(kin)+E(total)=8818.098        E(kin)=4022.809      temperature=294.539    |
 | Etotal =4795.289   grad(E)=7.981      E(BOND)=160.899    E(ANGL)=1567.145   |
 | E(IMPR)=2547.160   E(VDW )=520.085                                          |
 -------------------------------------------------------------------------------
 NBONDS: found   674747 intra-atom interactions
 NBONDS: found   674792 intra-atom interactions
 NBONDS: found   674779 intra-atom interactions
 NBONDS: found   674740 intra-atom interactions
 NBONDS: found   674740 intra-atom interactions
 NBONDS: found   674634 intra-atom interactions
 NBONDS: found   674660 intra-atom interactions
 NBONDS: found   674691 intra-atom interactions
 NBONDS: found   674725 intra-atom interactions
 NBONDS: found   674742 intra-atom interactions
 NBONDS: found   674776 intra-atom interactions
 NBONDS: found   674771 intra-atom interactions
 NBONDS: found   674711 intra-atom interactions
 NBONDS: found   674695 intra-atom interactions
 NBONDS: found   674706 intra-atom interactions
 NBONDS: found   674666 intra-atom interactions
 NBONDS: found   674631 intra-atom interactions
 NBONDS: found   674678 intra-atom interactions
 NBONDS: found   674741 intra-atom interactions
 NBONDS: found   674669 intra-atom interactions
 NBONDS: found   674606 intra-atom interactions
 NBONDS: found   674666 intra-atom interactions
 NBONDS: found   674672 intra-atom interactions
 NBONDS: found   674648 intra-atom interactions
 NBONDS: found   674581 intra-atom interactions
 NBONDS: found   674645 intra-atom interactions
 NBONDS: found   674699 intra-atom interactions
 NBONDS: found   674700 intra-atom interactions
 NBONDS: found   674669 intra-atom interactions
 NBONDS: found   674711 intra-atom interactions
 NBONDS: found   674689 intra-atom interactions
 NBONDS: found   674695 intra-atom interactions
 NBONDS: found   674766 intra-atom interactions
 ----------------- final step=      500 at      0.25000 ps ---------------------
 | E(kin)+E(total)=8886.711        E(kin)=4689.959      temperature=343.386    |
 | Etotal =4196.753   grad(E)=28.606     E(BOND)=988.177    E(ANGL)=2369.563   |
 | E(IMPR)=248.594    E(VDW )=590.418                                          |
 -------------------------------------------------------------------------------
 CENMAS: Information about center of free masses
         position [A]          :     -0.66754      0.05893     -0.20225
         velocity [A/ps]       :      0.04915     -0.02666     -0.08753
         ang. mom. [amu A/ps]  :  98049.89655-204234.09069-106378.20479
         kin. ener. [Kcal/mol] :      1.18143
 EFLAGS: the following energy flags are set
 EFLAGS: BOND ANGL DIHE IMPR VDW 
 %PARRDR-info: duplication of bond HC   NC2 
 %PARRDR-info: duplication of angle CH2E C    NH1 
 %PARRDR-info: duplication of angle CH2P CH2E HA  
 POWELL: number of degrees of freedom= 13746
 NBONDS: generating intra-molecular exclusion list with mode=-3
 MAKINB: mode  -3 found  15638 exclusions and      0 interactions(1-4)
 NBONDS: found   674794 intra-atom interactions
 NBONDS: found   674573 intra-atom interactions
 NBONDS: found   674597 intra-atom interactions
 --------------- cycle=    50 ------ stepsize=    0.0012 -----------------------
 | Etotal =12894.544  grad(E)=13.413     E(BOND)=226.679    E(ANGL)=1147.081   |
 | E(DIHE)=207.019    E(IMPR)=105.874    E(VDW )=11207.891                     |
 -------------------------------------------------------------------------------
 NBONDS: found   674597 intra-atom interactions
 --------------- cycle=   100 ------ stepsize=    0.0011 -----------------------
 | Etotal =12522.184  grad(E)=13.103     E(BOND)=219.326    E(ANGL)=1113.471   |
 | E(DIHE)=173.150    E(IMPR)=87.726     E(VDW )=10928.511                     |
 -------------------------------------------------------------------------------
 --------------- cycle=   150 ------ stepsize=    0.0009 -----------------------
 | Etotal =12446.207  grad(E)=13.096     E(BOND)=218.774    E(ANGL)=1112.154   |
 | E(DIHE)=160.238    E(IMPR)=88.213     E(VDW )=10866.828                     |
 -------------------------------------------------------------------------------
 NBONDS: found   674549 intra-atom interactions
 --------------- cycle=   200 ------ stepsize=    0.0011 -----------------------
 | Etotal =12426.707  grad(E)=13.087     E(BOND)=218.860    E(ANGL)=1111.009   |
 | E(DIHE)=158.146    E(IMPR)=88.772     E(VDW )=10849.921                     |
 -------------------------------------------------------------------------------
 --------------- cycle=   250 ------ stepsize=    0.0010 -----------------------
 | Etotal =12425.763  grad(E)=13.082     E(BOND)=218.824    E(ANGL)=1110.379   |
 | E(DIHE)=157.480    E(IMPR)=88.605     E(VDW )=10850.474                     |
 -------------------------------------------------------------------------------
 --------------- cycle=   300 ------ stepsize=    0.0009 -----------------------
 | Etotal =12425.285  grad(E)=13.081     E(BOND)=218.869    E(ANGL)=1109.998   |
 | E(DIHE)=157.264    E(IMPR)=88.757     E(VDW )=10850.398                     |
 -------------------------------------------------------------------------------
 --------------- cycle=   350 ------ stepsize=    0.0011 -----------------------
 | Etotal =12425.277  grad(E)=13.081     E(BOND)=218.859    E(ANGL)=1109.984   |
 | E(DIHE)=157.284    E(IMPR)=88.761     E(VDW )=10850.389                     |
 -------------------------------------------------------------------------------
 --------------- cycle=   400 ------ stepsize=    0.0001 -----------------------
 | Etotal =12425.274  grad(E)=13.081     E(BOND)=218.837    E(ANGL)=1110.024   |
 | E(DIHE)=157.379    E(IMPR)=88.752     E(VDW )=10850.281                     |
 -------------------------------------------------------------------------------
 --------------- cycle=   450 ------ stepsize=   -0.0003 -----------------------
 | Etotal =12425.262  grad(E)=13.082     E(BOND)=218.744    E(ANGL)=1110.123   |
 | E(DIHE)=157.696    E(IMPR)=88.730     E(VDW )=10849.968                     |
 -------------------------------------------------------------------------------
 --------------- cycle=   500 ------ stepsize=   -0.0002 -----------------------
 | Etotal =12425.234  grad(E)=13.082     E(BOND)=218.695    E(ANGL)=1110.109   |
 | E(DIHE)=157.871    E(IMPR)=88.727     E(VDW )=10849.832                     |
 -------------------------------------------------------------------------------
 POWELL: STEP number limit. Normal termination
 POWELL: Current coordinates set to last minimum
 DCART: temperature coupling (TCOUpling) enabled
 -------------------------- Cartesian dynamics start ---------------------------
 | E(kin)+E(total)=16453.867       E(kin)=4028.633      temperature=294.966    |
 | Etotal =12425.234  grad(E)=13.082     E(BOND)=218.695    E(ANGL)=1110.109   |
 | E(DIHE)=157.871    E(IMPR)=88.727     E(VDW )=10849.832                     |
 -------------------------------------------------------------------------------
 NBONDS: found   674579 intra-atom interactions
 NBONDS: found   674608 intra-atom interactions
 NBONDS: found   674615 intra-atom interactions
 NBONDS: found   674546 intra-atom interactions
 NBONDS: found   674419 intra-atom interactions
 NBONDS: found   674377 intra-atom interactions
 NBONDS: found   674546 intra-atom interactions
 NBONDS: found   674566 intra-atom interactions
 NBONDS: found   674734 intra-atom interactions
 NBONDS: found   674589 intra-atom interactions
 NBONDS: found   674638 intra-atom interactions
 NBONDS: found   674575 intra-atom interactions
 NBONDS: found   674649 intra-atom interactions
 NBONDS: found   674603 intra-atom interactions
 ----------------- final step=      500 at      0.25000 ps ---------------------
 | E(kin)+E(total)=20654.530       E(kin)=4281.422      temperature=313.474    |
 | Etotal =16373.109  grad(E)=31.437     E(BOND)=1302.617   E(ANGL)=3311.339   |
 | E(DIHE)=166.054    E(IMPR)=429.965    E(VDW )=11163.133                     |
 -------------------------------------------------------------------------------
 CENMAS: Information about center of free masses
         position [A]          :     -0.66853      0.05968     -0.20236
         velocity [A/ps]       :      0.02793     -0.17259     -0.09879
         ang. mom. [amu A/ps]  :   3642.31451 -10863.02620 -27884.95850
         kin. ener. [Kcal/mol] :      0.22258
 POWELL: number of degrees of freedom= 13746
 --------------- cycle=    50 ------ stepsize=    0.0010 -----------------------
 | Etotal =12430.770  grad(E)=13.083     E(BOND)=218.156    E(ANGL)=1110.381   |
 | E(DIHE)=158.007    E(IMPR)=89.137     E(VDW )=10855.088                     |
 -------------------------------------------------------------------------------
 --------------- cycle=   100 ------ stepsize=    0.0012 -----------------------
 | Etotal =12425.903  grad(E)=13.079     E(BOND)=218.352    E(ANGL)=1109.970   |
 | E(DIHE)=159.097    E(IMPR)=88.888     E(VDW )=10849.595                     |
 -------------------------------------------------------------------------------
 --------------- cycle=   150 ------ stepsize=    0.0007 -----------------------
 | Etotal =12425.606  grad(E)=13.083     E(BOND)=218.384    E(ANGL)=1110.282   |
 | E(DIHE)=158.798    E(IMPR)=88.706     E(VDW )=10849.437                     |
 -------------------------------------------------------------------------------
 --------------- cycle=   200 ------ stepsize=   -0.0000 -----------------------
 | Etotal =12425.521  grad(E)=13.083     E(BOND)=218.443    E(ANGL)=1110.276   |
 | E(DIHE)=158.732    E(IMPR)=88.697     E(VDW )=10849.372                     |
 -------------------------------------------------------------------------------
 --------------- cycle=   250 ------ stepsize=    0.0003 -----------------------
 | Etotal =12425.517  grad(E)=13.084     E(BOND)=218.442    E(ANGL)=1110.324   |
 | E(DIHE)=158.719    E(IMPR)=88.695     E(VDW )=10849.337                     |
 -------------------------------------------------------------------------------
 --------------- cycle=   300 ------ stepsize=   -0.0000 -----------------------
 | Etotal =12425.515  grad(E)=13.084     E(BOND)=218.439    E(ANGL)=1110.336   |
 | E(DIHE)=158.742    E(IMPR)=88.693     E(VDW )=10849.305                     |
 -------------------------------------------------------------------------------
 --------------- cycle=   350 ------ stepsize=   -0.0004 -----------------------
 | Etotal =12425.515  grad(E)=13.084     E(BOND)=218.437    E(ANGL)=1110.337   |
 | E(DIHE)=158.745    E(IMPR)=88.694     E(VDW )=10849.301                     |
 -------------------------------------------------------------------------------
 POWELL: Gradient converged. Normal termination
 POWELL: Current coordinates set to last minimum
 POWELL: number of degrees of freedom= 18327
 NBONDS: found   674523 intra-atom interactions
 NBONDS: found   674387 intra-atom interactions
 NBONDS: found   674526 intra-atom interactions
 --------------- cycle=     5 ------ stepsize=    0.0006 -----------------------
 | Etotal =12202.770  grad(E)=13.046     E(BOND)=216.117    E(ANGL)=1109.250   |
 | E(DIHE)=158.739    E(IMPR)=85.611     E(VDW )=10633.053                     |
 -------------------------------------------------------------------------------
 --------------- cycle=    10 ------ stepsize=    0.0011 -----------------------
 | Etotal =12197.354  grad(E)=13.037     E(BOND)=216.016    E(ANGL)=1109.546   |
 | E(DIHE)=158.682    E(IMPR)=84.828     E(VDW )=10628.282                     |
 -------------------------------------------------------------------------------
 --------------- cycle=    15 ------ stepsize=    0.0002 -----------------------
 | Etotal =12196.049  grad(E)=13.036     E(BOND)=216.016    E(ANGL)=1109.025   |
 | E(DIHE)=158.647    E(IMPR)=84.922     E(VDW )=10627.439                     |
 -------------------------------------------------------------------------------
 --------------- cycle=    20 ------ stepsize=    0.0007 -----------------------
 | Etotal =12195.731  grad(E)=13.035     E(BOND)=215.989    E(ANGL)=1108.907   |
 | E(DIHE)=158.618    E(IMPR)=84.819     E(VDW )=10627.399                     |
 -------------------------------------------------------------------------------
 --------------- cycle=    25 ------ stepsize=    0.0001 -----------------------
 | Etotal =12195.473  grad(E)=13.037     E(BOND)=216.069    E(ANGL)=1109.325   |
 | E(DIHE)=158.562    E(IMPR)=84.864     E(VDW )=10626.653                     |
 -------------------------------------------------------------------------------
 --------------- cycle=    30 ------ stepsize=    0.0011 -----------------------
 | Etotal =12195.239  grad(E)=13.035     E(BOND)=215.986    E(ANGL)=1108.877   |
 | E(DIHE)=158.518    E(IMPR)=84.892     E(VDW )=10626.966                     |
 -------------------------------------------------------------------------------
 --------------- cycle=    35 ------ stepsize=    0.0003 -----------------------
 | Etotal =12195.198  grad(E)=13.035     E(BOND)=215.962    E(ANGL)=1108.972   |
 | E(DIHE)=158.512    E(IMPR)=84.838     E(VDW )=10626.914                     |
 -------------------------------------------------------------------------------
 --------------- cycle=    40 ------ stepsize=    0.0013 -----------------------
 | Etotal =12195.107  grad(E)=13.036     E(BOND)=215.979    E(ANGL)=1108.912   |
 | E(DIHE)=158.496    E(IMPR)=84.907     E(VDW )=10626.814                     |
 -------------------------------------------------------------------------------
 --------------- cycle=    45 ------ stepsize=    0.0002 -----------------------
 | Etotal =12195.046  grad(E)=13.034     E(BOND)=215.932    E(ANGL)=1108.964   |
 | E(DIHE)=158.493    E(IMPR)=84.866     E(VDW )=10626.791                     |
 -------------------------------------------------------------------------------
 --------------- cycle=    50 ------ stepsize=    0.0009 -----------------------
 | Etotal =12195.004  grad(E)=13.035     E(BOND)=215.947    E(ANGL)=1108.981   |
 | E(DIHE)=158.484    E(IMPR)=84.879     E(VDW )=10626.714                     |
 -------------------------------------------------------------------------------
 POWELL: STEP number limit. Normal termination
 POWELL: Current coordinates set to last minimum
 %PARRDR-info: duplication of bond HC   NC2 
 %PARRDR-info: duplication of angle CH2E C    NH1 
 %PARRDR-info: duplication of angle CH2P CH2E HA  
 POWELL: number of degrees of freedom= 18327
 NBONDS: generating intra-molecular exclusion list with mode= 5
 MAKINB: mode   5 found  17732 exclusions and  17729 interactions(1-4)
 NBONDS: found   892538 intra-atom interactions
 NBONDS: found   892628 intra-atom interactions
 --------------- cycle=    50 ------ stepsize=   -0.0002 -----------------------
 | Etotal =-36.829    grad(E)=5.351      E(BOND)=13.868     E(ANGL)=406.575    |
 | E(DIHE)=52.389     E(IMPR)=32.136     E(VDW )=-542.569   E(ELEC)=0.772      |
 -------------------------------------------------------------------------------
 POWELL: STEP number limit. Normal termination
 POWELL: Current coordinates set to last minimum
 --------------- cycle=     1 --------------------------------------------------
 | Etotal =-36.829    grad(E)=5.351      E(BOND)=13.868     E(ANGL)=406.575    |
 | E(DIHE)=52.389     E(IMPR)=32.136     E(VDW )=-542.569   E(ELEC)=0.772      |
 -------------------------------------------------------------------------------
 SURFAC: half the sigma value being used for atomic radii.
 SURFAC: ACCEssible surface area
 SURFAC: ACCUracy= 0.07 RH2O=  1.40
         Z-grid=  0.32 number-of-Z-sections=  211
         measures-of-arc= 94060 and152973
 SURFAC: half the sigma value being used for atomic radii.
 SURFAC: ACCEssible surface area
 SURFAC: ACCUracy= 0.07 RH2O=  1.40
         Z-grid=  0.32 number-of-Z-sections=  133
         measures-of-arc= 26013 and 46344
 SURFAC: half the sigma value being used for atomic radii.
 SURFAC: ACCEssible surface area
 SURFAC: ACCUracy= 0.07 RH2O=  1.40
         Z-grid=  0.32 number-of-Z-sections=  211
         measures-of-arc=121844 and199640
 %PARRDR-info: duplication of bond HC   NC2 
 %PARRDR-info: duplication of angle CH2E C    NH1 
 %PARRDR-info: duplication of angle CH2P CH2E HA  
 NBONDS: generating intra-molecular exclusion list with mode= 5
 MAKINB: mode   5 found      5 exclusions and     10 interactions(1-4)
 NBONDS: found     3032 intra-atom interactions
 --------------- cycle=     2 --------------------------------------------------
 | Etotal =-44.859    grad(E)=0.168      E(VDW )=-7.850     E(ELEC)=-37.009    |
 -------------------------------------------------------------------------------
 NBONDS: generating intra-molecular exclusion list with mode= 5
 MAKINB: mode   5 found     10 exclusions and     20 interactions(1-4)
 NBONDS: found     2353 intra-atom interactions
 --------------- cycle=     3 --------------------------------------------------
 | Etotal =-95.916    grad(E)=0.202      E(VDW )=-7.091     E(ELEC)=-88.825    |
 -------------------------------------------------------------------------------
 NBONDS: generating intra-molecular exclusion list with mode= 5
 MAKINB: mode   5 found     10 exclusions and     20 interactions(1-4)
 NBONDS: found     3789 intra-atom interactions
 --------------- cycle=     4 --------------------------------------------------
 | Etotal =-98.747    grad(E)=0.231      E(VDW )=-14.579    E(ELEC)=-84.168    |
 -------------------------------------------------------------------------------
 NBONDS: generating intra-molecular exclusion list with mode= 5
 MAKINB: mode   5 found     10 exclusions and     20 interactions(1-4)
 NBONDS: found     2928 intra-atom interactions
 --------------- cycle=     5 --------------------------------------------------
 | Etotal =-92.092    grad(E)=0.177      E(VDW )=-9.203     E(ELEC)=-82.889    |
 -------------------------------------------------------------------------------
 NBONDS: generating intra-molecular exclusion list with mode= 5
 MAKINB: mode   5 found     10 exclusions and     20 interactions(1-4)
 NBONDS: found     4580 intra-atom interactions
 --------------- cycle=     6 --------------------------------------------------
 | Etotal =-139.893   grad(E)=0.430      E(VDW )=-7.954     E(ELEC)=-131.938   |
 -------------------------------------------------------------------------------
 NBONDS: generating intra-molecular exclusion list with mode= 5
 MAKINB: mode   5 found     10 exclusions and     20 interactions(1-4)
 NBONDS: found     3787 intra-atom interactions
 --------------- cycle=     7 --------------------------------------------------
 | Etotal =-100.997   grad(E)=0.195      E(VDW )=-13.501    E(ELEC)=-87.496    |
 -------------------------------------------------------------------------------
 NBONDS: generating intra-molecular exclusion list with mode= 5
 MAKINB: mode   5 found     10 exclusions and     20 interactions(1-4)
 NBONDS: found     5720 intra-atom interactions
 --------------- cycle=     8 --------------------------------------------------
 | Etotal =-98.320    grad(E)=0.178      E(VDW )=-21.233    E(ELEC)=-77.087    |
 -------------------------------------------------------------------------------
 NBONDS: generating intra-molecular exclusion list with mode= 5
 MAKINB: mode   5 found     10 exclusions and     20 interactions(1-4)
 NBONDS: found     5523 intra-atom interactions
 --------------- cycle=     9 --------------------------------------------------
 | Etotal =-99.918    grad(E)=0.230      E(VDW )=-11.673    E(ELEC)=-88.245    |
 -------------------------------------------------------------------------------
 NBONDS: generating intra-molecular exclusion list with mode= 5
 MAKINB: mode   5 found     10 exclusions and     20 interactions(1-4)
 NBONDS: found     2903 intra-atom interactions
 --------------- cycle=    10 --------------------------------------------------
 | Etotal =-186.159   grad(E)=0.437      E(VDW )=-6.412     E(ELEC)=-179.747   |
 -------------------------------------------------------------------------------
 NBONDS: generating intra-molecular exclusion list with mode= 5
 MAKINB: mode   5 found     10 exclusions and     20 interactions(1-4)
 NBONDS: found     5397 intra-atom interactions
 --------------- cycle=    11 --------------------------------------------------
 | Etotal =-145.597   grad(E)=0.321      E(VDW )=-15.847    E(ELEC)=-129.750   |
 -------------------------------------------------------------------------------
 NBONDS: generating intra-molecular exclusion list with mode= 5
 MAKINB: mode   5 found     10 exclusions and     20 interactions(1-4)
 NBONDS: found     5515 intra-atom interactions
 --------------- cycle=    12 --------------------------------------------------
 | Etotal =-97.869    grad(E)=0.218      E(VDW )=-13.717    E(ELEC)=-84.152    |
 -------------------------------------------------------------------------------
 NBONDS: generating intra-molecular exclusion list with mode= 5
 MAKINB: mode   5 found     10 exclusions and     20 interactions(1-4)
 NBONDS: found     4617 intra-atom interactions
 --------------- cycle=    13 --------------------------------------------------
 | Etotal =-113.848   grad(E)=0.307      E(VDW )=-13.816    E(ELEC)=-100.032   |
 -------------------------------------------------------------------------------
 NBONDS: generating intra-molecular exclusion list with mode= 5
 MAKINB: mode   5 found     10 exclusions and     20 interactions(1-4)
 NBONDS: found     3644 intra-atom interactions
 --------------- cycle=    14 --------------------------------------------------
 | Etotal =-126.084   grad(E)=0.325      E(VDW )=-12.729    E(ELEC)=-113.354   |
 -------------------------------------------------------------------------------
 NBONDS: generating intra-molecular exclusion list with mode= 5
 MAKINB: mode   5 found     10 exclusions and     20 interactions(1-4)
 NBONDS: found     4058 intra-atom interactions
 --------------- cycle=    15 --------------------------------------------------
 | Etotal =-216.518   grad(E)=0.544      E(VDW )=-14.767    E(ELEC)=-201.751   |
 -------------------------------------------------------------------------------
 NBONDS: generating intra-molecular exclusion list with mode= 5
 MAKINB: mode   5 found     10 exclusions and     20 interactions(1-4)
 NBONDS: found     3171 intra-atom interactions
 --------------- cycle=    16 --------------------------------------------------
 | Etotal =-186.747   grad(E)=0.549      E(VDW )=-10.886    E(ELEC)=-175.861   |
 -------------------------------------------------------------------------------
 NBONDS: generating intra-molecular exclusion list with mode= 5
 MAKINB: mode   5 found     10 exclusions and     20 interactions(1-4)
 NBONDS: found     4243 intra-atom interactions
 --------------- cycle=    17 --------------------------------------------------
 | Etotal =-100.070   grad(E)=0.192      E(VDW )=-15.127    E(ELEC)=-84.943    |
 -------------------------------------------------------------------------------
 NBONDS: generating intra-molecular exclusion list with mode= 5
 MAKINB: mode   5 found     10 exclusions and     20 interactions(1-4)
 NBONDS: found     6060 intra-atom interactions
 --------------- cycle=    18 --------------------------------------------------
 | Etotal =-127.072   grad(E)=0.322      E(VDW )=-22.714    E(ELEC)=-104.358   |
 -------------------------------------------------------------------------------
 NBONDS: generating intra-molecular exclusion list with mode= 5
 MAKINB: mode   5 found     10 exclusions and     20 interactions(1-4)
 NBONDS: found     3790 intra-atom interactions
 --------------- cycle=    19 --------------------------------------------------
 | Etotal =-114.607   grad(E)=0.238      E(VDW )=-13.669    E(ELEC)=-100.938   |
 -------------------------------------------------------------------------------
 NBONDS: generating intra-molecular exclusion list with mode= 5
 MAKINB: mode   5 found     10 exclusions and     20 interactions(1-4)
 NBONDS: found     4827 intra-atom interactions
 --------------- cycle=    20 --------------------------------------------------
 | Etotal =-93.943    grad(E)=0.229      E(VDW )=-12.440    E(ELEC)=-81.503    |
 -------------------------------------------------------------------------------
 NBONDS: generating intra-molecular exclusion list with mode= 5
 MAKINB: mode   5 found     10 exclusions and     20 interactions(1-4)
 NBONDS: found     3964 intra-atom interactions
 --------------- cycle=    21 --------------------------------------------------
 | Etotal =-119.390   grad(E)=0.304      E(VDW )=-15.114    E(ELEC)=-104.276   |
 -------------------------------------------------------------------------------
 NBONDS: generating intra-molecular exclusion list with mode= 5
 MAKINB: mode   5 found     10 exclusions and     20 interactions(1-4)
 NBONDS: found     2553 intra-atom interactions
 --------------- cycle=    22 --------------------------------------------------
 | Etotal =-73.374    grad(E)=0.126      E(VDW )=-9.854     E(ELEC)=-63.520    |
 -------------------------------------------------------------------------------
 NBONDS: generating intra-molecular exclusion list with mode= 5
 MAKINB: mode   5 found     10 exclusions and     20 interactions(1-4)
 NBONDS: found     3747 intra-atom interactions
 --------------- cycle=    23 --------------------------------------------------
 | Etotal =-87.404    grad(E)=0.140      E(VDW )=-17.156    E(ELEC)=-70.248    |
 -------------------------------------------------------------------------------
 NBONDS: generating intra-molecular exclusion list with mode= 5
 MAKINB: mode   5 found     10 exclusions and     20 interactions(1-4)
 NBONDS: found     2832 intra-atom interactions
 --------------- cycle=    24 --------------------------------------------------
 | Etotal =-82.379    grad(E)=0.206      E(VDW )=-6.250     E(ELEC)=-76.129    |
 -------------------------------------------------------------------------------
 NBONDS: generating intra-molecular exclusion list with mode= 5
 MAKINB: mode   5 found     10 exclusions and     20 interactions(1-4)
 NBONDS: found     4140 intra-atom interactions
 --------------- cycle=    25 --------------------------------------------------
 | Etotal =-118.863   grad(E)=0.249      E(VDW )=-14.748    E(ELEC)=-104.116   |
 -------------------------------------------------------------------------------
 NBONDS: generating intra-molecular exclusion list with mode= 5
 MAKINB: mode   5 found     10 exclusions and     20 interactions(1-4)
 NBONDS: found     2862 intra-atom interactions
 --------------- cycle=    26 --------------------------------------------------
 | Etotal =-86.786    grad(E)=0.179      E(VDW )=-9.015     E(ELEC)=-77.771    |
 -------------------------------------------------------------------------------
 NBONDS: generating intra-molecular exclusion list with mode= 5
 MAKINB: mode   5 found     10 exclusions and     23 interactions(1-4)
 NBONDS: found     5332 intra-atom interactions
 --------------- cycle=    27 --------------------------------------------------
 | Etotal =-92.767    grad(E)=0.161      E(VDW )=-20.494    E(ELEC)=-72.273    |
 -------------------------------------------------------------------------------
 NBONDS: generating intra-molecular exclusion list with mode= 5
 MAKINB: mode   5 found     10 exclusions and     20 interactions(1-4)
 NBONDS: found     3642 intra-atom interactions
 --------------- cycle=    28 --------------------------------------------------
 | Etotal =-78.829    grad(E)=0.274      E(VDW )=-4.414     E(ELEC)=-74.415    |
 -------------------------------------------------------------------------------
 NBONDS: generating intra-molecular exclusion list with mode= 5
 MAKINB: mode   5 found     10 exclusions and     20 interactions(1-4)
 NBONDS: found     2684 intra-atom interactions
 --------------- cycle=    29 --------------------------------------------------
 | Etotal =-81.353    grad(E)=0.423      E(VDW )=1.940      E(ELEC)=-83.292    |
 -------------------------------------------------------------------------------
 NBONDS: generating intra-molecular exclusion list with mode= 5
 MAKINB: mode   5 found     10 exclusions and     20 interactions(1-4)
 NBONDS: found     1597 intra-atom interactions
 --------------- cycle=    30 --------------------------------------------------
 | Etotal =-82.932    grad(E)=0.268      E(VDW )=1.968      E(ELEC)=-84.900    |
 -------------------------------------------------------------------------------
 NBONDS: generating intra-molecular exclusion list with mode= 5
 MAKINB: mode   5 found     10 exclusions and     20 interactions(1-4)
 NBONDS: found     5804 intra-atom interactions
 --------------- cycle=    31 --------------------------------------------------
 | Etotal =-86.097    grad(E)=0.215      E(VDW )=-17.218    E(ELEC)=-68.878    |
 -------------------------------------------------------------------------------
 NBONDS: generating intra-molecular exclusion list with mode= 5
 MAKINB: mode   5 found     10 exclusions and     20 interactions(1-4)
 NBONDS: found     2599 intra-atom interactions
 --------------- cycle=    32 --------------------------------------------------
 | Etotal =-84.505    grad(E)=0.218      E(VDW )=-8.721     E(ELEC)=-75.783    |
 -------------------------------------------------------------------------------
 NBONDS: generating intra-molecular exclusion list with mode= 5
 MAKINB: mode   5 found     10 exclusions and     20 interactions(1-4)
 NBONDS: found     5611 intra-atom interactions
 --------------- cycle=    33 --------------------------------------------------
 | Etotal =-99.597    grad(E)=0.140      E(VDW )=-23.594    E(ELEC)=-76.003    |
 -------------------------------------------------------------------------------
 NBONDS: generating intra-molecular exclusion list with mode= 5
 MAKINB: mode   5 found     10 exclusions and     20 interactions(1-4)
 NBONDS: found     2103 intra-atom interactions
 --------------- cycle=    34 --------------------------------------------------
 | Etotal =-68.557    grad(E)=0.251      E(VDW )=-2.743     E(ELEC)=-65.814    |
 -------------------------------------------------------------------------------
 NBONDS: generating intra-molecular exclusion list with mode= 5
 MAKINB: mode   5 found     10 exclusions and     20 interactions(1-4)
 NBONDS: found     6448 intra-atom interactions
 --------------- cycle=    35 --------------------------------------------------
 | Etotal =-184.630   grad(E)=0.454      E(VDW )=-14.664    E(ELEC)=-169.966   |
 -------------------------------------------------------------------------------
 NBONDS: generating intra-molecular exclusion list with mode= 5
 MAKINB: mode   5 found     10 exclusions and     20 interactions(1-4)
 NBONDS: found     1974 intra-atom interactions
 --------------- cycle=    36 --------------------------------------------------
 | Etotal =-80.317    grad(E)=0.200      E(VDW )=-5.083     E(ELEC)=-75.235    |
 -------------------------------------------------------------------------------
 NBONDS: generating intra-molecular exclusion list with mode= 5
 MAKINB: mode   5 found     10 exclusions and     20 interactions(1-4)
 NBONDS: found     3733 intra-atom interactions
 --------------- cycle=    37 --------------------------------------------------
 | Etotal =-179.526   grad(E)=0.648      E(VDW )=-12.986    E(ELEC)=-166.540   |
 -------------------------------------------------------------------------------
 NBONDS: generating intra-molecular exclusion list with mode= 5
 MAKINB: mode   5 found     10 exclusions and     20 interactions(1-4)
 NBONDS: found     5816 intra-atom interactions
 --------------- cycle=    38 --------------------------------------------------
 | Etotal =-90.171    grad(E)=0.122      E(VDW )=-25.538    E(ELEC)=-64.634    |
 -------------------------------------------------------------------------------
 NBONDS: generating intra-molecular exclusion list with mode= 5
 MAKINB: mode   5 found     10 exclusions and     20 interactions(1-4)
 NBONDS: found     6976 intra-atom interactions
 --------------- cycle=    39 --------------------------------------------------
 | Etotal =-178.267   grad(E)=0.597      E(VDW )=-22.290    E(ELEC)=-155.977   |
 -------------------------------------------------------------------------------
 NBONDS: generating intra-molecular exclusion list with mode= 5
 MAKINB: mode   5 found     10 exclusions and     20 interactions(1-4)
 NBONDS: found     2246 intra-atom interactions
 --------------- cycle=    40 --------------------------------------------------
 | Etotal =-82.627    grad(E)=0.157      E(VDW )=-7.845     E(ELEC)=-74.782    |
 -------------------------------------------------------------------------------
 NBONDS: generating intra-molecular exclusion list with mode= 5
 MAKINB: mode   5 found     10 exclusions and     20 interactions(1-4)
 NBONDS: found     1617 intra-atom interactions
 --------------- cycle=    41 --------------------------------------------------
 | Etotal =-75.666    grad(E)=0.132      E(VDW )=-2.277     E(ELEC)=-73.388    |
 -------------------------------------------------------------------------------
 NBONDS: generating intra-molecular exclusion list with mode= 5
 MAKINB: mode   5 found     10 exclusions and     23 interactions(1-4)
 NBONDS: found     3720 intra-atom interactions
 --------------- cycle=    42 --------------------------------------------------
 | Etotal =-90.277    grad(E)=0.192      E(VDW )=-10.181    E(ELEC)=-80.097    |
 -------------------------------------------------------------------------------
 NBONDS: generating intra-molecular exclusion list with mode= 5
 MAKINB: mode   5 found     10 exclusions and     20 interactions(1-4)
 NBONDS: found     5851 intra-atom interactions
 --------------- cycle=    43 --------------------------------------------------
 | Etotal =-179.968   grad(E)=0.389      E(VDW )=-20.188    E(ELEC)=-159.779   |
 -------------------------------------------------------------------------------
 NBONDS: generating intra-molecular exclusion list with mode= 5
 MAKINB: mode   5 found      5 exclusions and     10 interactions(1-4)
 NBONDS: found     1239 intra-atom interactions
 --------------- cycle=    44 --------------------------------------------------
 | Etotal =-12.394    grad(E)=0.114      E(VDW )=-1.895     E(ELEC)=-10.499    |
 -------------------------------------------------------------------------------
 NBONDS: generating intra-molecular exclusion list with mode= 5
 MAKINB: mode   5 found     10 exclusions and     20 interactions(1-4)
 NBONDS: found     6425 intra-atom interactions
 --------------- cycle=    45 --------------------------------------------------
 | Etotal =-162.488   grad(E)=0.541      E(VDW )=-20.809    E(ELEC)=-141.679   |
 -------------------------------------------------------------------------------
 NBONDS: generating intra-molecular exclusion list with mode= 5
 MAKINB: mode   5 found     10 exclusions and     20 interactions(1-4)
 NBONDS: found     2532 intra-atom interactions
 --------------- cycle=    46 --------------------------------------------------
 | Etotal =-157.905   grad(E)=0.476      E(VDW )=-6.653     E(ELEC)=-151.252   |
 -------------------------------------------------------------------------------
 NBONDS: generating intra-molecular exclusion list with mode= 5
 MAKINB: mode   5 found     10 exclusions and     20 interactions(1-4)
 NBONDS: found     4077 intra-atom interactions
 --------------- cycle=    47 --------------------------------------------------
 | Etotal =-156.768   grad(E)=0.453      E(VDW )=-15.718    E(ELEC)=-141.050   |
 -------------------------------------------------------------------------------
 NBONDS: generating intra-molecular exclusion list with mode= 5
 MAKINB: mode   5 found     10 exclusions and     20 interactions(1-4)
 NBONDS: found     4372 intra-atom interactions
 --------------- cycle=    48 --------------------------------------------------
 | Etotal =-180.979   grad(E)=0.428      E(VDW )=-9.544     E(ELEC)=-171.435   |
 -------------------------------------------------------------------------------
 NBONDS: generating intra-molecular exclusion list with mode= 5
 MAKINB: mode   5 found     10 exclusions and     20 interactions(1-4)
 NBONDS: found     5034 intra-atom interactions
 --------------- cycle=    49 --------------------------------------------------
 | Etotal =-104.076   grad(E)=0.209      E(VDW )=-24.274    E(ELEC)=-79.802    |
 -------------------------------------------------------------------------------
 NBONDS: generating intra-molecular exclusion list with mode= 5
 MAKINB: mode   5 found     10 exclusions and     20 interactions(1-4)
 NBONDS: found     1630 intra-atom interactions
 --------------- cycle=    50 --------------------------------------------------
 | Etotal =-59.335    grad(E)=0.122      E(VDW )=-3.308     E(ELEC)=-56.027    |
 -------------------------------------------------------------------------------
 NBONDS: generating intra-molecular exclusion list with mode= 5
 MAKINB: mode   5 found     10 exclusions and     20 interactions(1-4)
 NBONDS: found      985 intra-atom interactions
 --------------- cycle=    51 --------------------------------------------------
 | Etotal =-67.391    grad(E)=0.118      E(VDW )=-3.092     E(ELEC)=-64.299    |
 -------------------------------------------------------------------------------
 NBONDS: generating intra-molecular exclusion list with mode= 5
 MAKINB: mode   5 found     10 exclusions and     20 interactions(1-4)
 NBONDS: found     1448 intra-atom interactions
 --------------- cycle=    52 --------------------------------------------------
 | Etotal =-74.787    grad(E)=0.163      E(VDW )=-8.426     E(ELEC)=-66.361    |
 -------------------------------------------------------------------------------
 NBONDS: generating intra-molecular exclusion list with mode= 5
 MAKINB: mode   5 found     10 exclusions and     20 interactions(1-4)
 NBONDS: found     3355 intra-atom interactions
 --------------- cycle=    53 --------------------------------------------------
 | Etotal =-89.273    grad(E)=0.267      E(VDW )=-16.189    E(ELEC)=-73.084    |
 -------------------------------------------------------------------------------
 NBONDS: generating intra-molecular exclusion list with mode= 5
 MAKINB: mode   5 found     10 exclusions and     20 interactions(1-4)
 NBONDS: found     3733 intra-atom interactions
 --------------- cycle=    54 --------------------------------------------------
 | Etotal =-93.798    grad(E)=0.297      E(VDW )=-14.160    E(ELEC)=-79.638    |
 -------------------------------------------------------------------------------
 NBONDS: generating intra-molecular exclusion list with mode= 5
 MAKINB: mode   5 found     10 exclusions and     20 interactions(1-4)
 NBONDS: found     6151 intra-atom interactions
 --------------- cycle=    55 --------------------------------------------------
 | Etotal =-89.109    grad(E)=0.205      E(VDW )=-25.082    E(ELEC)=-64.027    |
 -------------------------------------------------------------------------------
 NBONDS: generating intra-molecular exclusion list with mode= 5
 MAKINB: mode   5 found     10 exclusions and     20 interactions(1-4)
 NBONDS: found     5431 intra-atom interactions
 --------------- cycle=    56 --------------------------------------------------
 | Etotal =-93.001    grad(E)=0.149      E(VDW )=-20.494    E(ELEC)=-72.506    |
 -------------------------------------------------------------------------------
 NBONDS: generating intra-molecular exclusion list with mode= 5
 MAKINB: mode   5 found     10 exclusions and     20 interactions(1-4)
 NBONDS: found     5633 intra-atom interactions
 --------------- cycle=    57 --------------------------------------------------
 | Etotal =-90.577    grad(E)=0.126      E(VDW )=-24.628    E(ELEC)=-65.950    |
 -------------------------------------------------------------------------------
 NBONDS: generating intra-molecular exclusion list with mode= 5
 MAKINB: mode   5 found     10 exclusions and     20 interactions(1-4)
 NBONDS: found     4798 intra-atom interactions
 --------------- cycle=    58 --------------------------------------------------
 | Etotal =-90.125    grad(E)=0.231      E(VDW )=-12.483    E(ELEC)=-77.642    |
 -------------------------------------------------------------------------------
 NBONDS: generating intra-molecular exclusion list with mode= 5
 MAKINB: mode   5 found     10 exclusions and     20 interactions(1-4)
 NBONDS: found     3091 intra-atom interactions
 --------------- cycle=    59 --------------------------------------------------
 | Etotal =-85.668    grad(E)=0.216      E(VDW )=-9.820     E(ELEC)=-75.848    |
 -------------------------------------------------------------------------------
 NBONDS: generating intra-molecular exclusion list with mode= 5
 MAKINB: mode   5 found     10 exclusions and     20 interactions(1-4)
 NBONDS: found     2437 intra-atom interactions
 --------------- cycle=    60 --------------------------------------------------
 | Etotal =-78.107    grad(E)=0.164      E(VDW )=-10.267    E(ELEC)=-67.840    |
 -------------------------------------------------------------------------------
 NBONDS: generating intra-molecular exclusion list with mode= 5
 MAKINB: mode   5 found     10 exclusions and     20 interactions(1-4)
 NBONDS: found     1109 intra-atom interactions
 --------------- cycle=    61 --------------------------------------------------
 | Etotal =-72.680    grad(E)=0.102      E(VDW )=-6.256     E(ELEC)=-66.423    |
 -------------------------------------------------------------------------------
 NBONDS: generating intra-molecular exclusion list with mode= 5
 MAKINB: mode   5 found     10 exclusions and     20 interactions(1-4)
 NBONDS: found      951 intra-atom interactions
 --------------- cycle=    62 --------------------------------------------------
 | Etotal =-66.479    grad(E)=0.089      E(VDW )=-3.427     E(ELEC)=-63.052    |
 -------------------------------------------------------------------------------
 NBONDS: generating intra-molecular exclusion list with mode= 5
 MAKINB: mode   5 found     10 exclusions and     23 interactions(1-4)
 NBONDS: found     1874 intra-atom interactions
 --------------- cycle=    63 --------------------------------------------------
 | Etotal =-67.795    grad(E)=0.172      E(VDW )=-7.112     E(ELEC)=-60.684    |
 -------------------------------------------------------------------------------
 NBONDS: generating intra-molecular exclusion list with mode= 5
 MAKINB: mode   5 found     10 exclusions and     20 interactions(1-4)
 NBONDS: found     1959 intra-atom interactions
 --------------- cycle=    64 --------------------------------------------------
 | Etotal =-87.026    grad(E)=0.288      E(VDW )=-3.916     E(ELEC)=-83.109    |
 -------------------------------------------------------------------------------
 NBONDS: generating intra-molecular exclusion list with mode= 5
 MAKINB: mode   5 found     10 exclusions and     20 interactions(1-4)
 NBONDS: found     1219 intra-atom interactions
 --------------- cycle=    65 --------------------------------------------------
 | Etotal =-70.162    grad(E)=0.134      E(VDW )=-5.825     E(ELEC)=-64.337    |
 -------------------------------------------------------------------------------
 NBONDS: generating intra-molecular exclusion list with mode= 5
 MAKINB: mode   5 found     10 exclusions and     20 interactions(1-4)
 NBONDS: found     3787 intra-atom interactions
 --------------- cycle=    66 --------------------------------------------------
 | Etotal =-78.650    grad(E)=0.221      E(VDW )=-10.621    E(ELEC)=-68.029    |
 -------------------------------------------------------------------------------
 NBONDS: generating intra-molecular exclusion list with mode= 5
 MAKINB: mode   5 found     10 exclusions and     20 interactions(1-4)
 NBONDS: found     3236 intra-atom interactions
 --------------- cycle=    67 --------------------------------------------------
 | Etotal =-93.522    grad(E)=0.177      E(VDW )=-15.856    E(ELEC)=-77.666    |
 -------------------------------------------------------------------------------
 NBONDS: generating intra-molecular exclusion list with mode= 5
 MAKINB: mode   5 found     13 exclusions and     27 interactions(1-4)
 NBONDS: found     2340 intra-atom interactions
 --------------- cycle=    68 --------------------------------------------------
 | Etotal =-76.859    grad(E)=0.231      E(VDW )=-10.303    E(ELEC)=-66.556    |
 -------------------------------------------------------------------------------
 NBONDS: generating intra-molecular exclusion list with mode= 5
 MAKINB: mode   5 found     10 exclusions and     20 interactions(1-4)
 NBONDS: found     5355 intra-atom interactions
 --------------- cycle=    69 --------------------------------------------------
 | Etotal =-81.909    grad(E)=0.136      E(VDW )=-25.121    E(ELEC)=-56.788    |
 -------------------------------------------------------------------------------
 NBONDS: generating intra-molecular exclusion list with mode= 5
 MAKINB: mode   5 found     10 exclusions and     23 interactions(1-4)
 NBONDS: found     3584 intra-atom interactions
 --------------- cycle=    70 --------------------------------------------------
 | Etotal =-80.118    grad(E)=0.205      E(VDW )=-13.946    E(ELEC)=-66.171    |
 -------------------------------------------------------------------------------
 NBONDS: generating intra-molecular exclusion list with mode= 5
 MAKINB: mode   5 found     10 exclusions and     23 interactions(1-4)
 NBONDS: found     3947 intra-atom interactions
 --------------- cycle=    71 --------------------------------------------------
 | Etotal =-85.977    grad(E)=0.164      E(VDW )=-16.383    E(ELEC)=-69.594    |
 -------------------------------------------------------------------------------
 NBONDS: generating intra-molecular exclusion list with mode= 5
 MAKINB: mode   5 found     10 exclusions and     20 interactions(1-4)
 NBONDS: found     4598 intra-atom interactions
 --------------- cycle=    72 --------------------------------------------------
 | Etotal =-80.417    grad(E)=0.127      E(VDW )=-15.852    E(ELEC)=-64.564    |
 -------------------------------------------------------------------------------
 NBONDS: generating intra-molecular exclusion list with mode= 5
 MAKINB: mode   5 found     10 exclusions and     20 interactions(1-4)
 NBONDS: found     4329 intra-atom interactions
 --------------- cycle=    73 --------------------------------------------------
 | Etotal =-126.736   grad(E)=0.297      E(VDW )=-19.899    E(ELEC)=-106.837   |
 -------------------------------------------------------------------------------
 NBONDS: generating intra-molecular exclusion list with mode= 5
 MAKINB: mode   5 found     10 exclusions and     20 interactions(1-4)
 NBONDS: found     2528 intra-atom interactions
 --------------- cycle=    74 --------------------------------------------------
 | Etotal =-67.785    grad(E)=0.119      E(VDW )=-10.454    E(ELEC)=-57.331    |
 -------------------------------------------------------------------------------
 NBONDS: generating intra-molecular exclusion list with mode= 5
 MAKINB: mode   5 found     10 exclusions and     20 interactions(1-4)
 NBONDS: found     6376 intra-atom interactions
 --------------- cycle=    75 --------------------------------------------------
 | Etotal =-96.317    grad(E)=0.323      E(VDW )=-19.952    E(ELEC)=-76.364    |
 -------------------------------------------------------------------------------
 NBONDS: generating intra-molecular exclusion list with mode= 5
 MAKINB: mode   5 found     10 exclusions and     20 interactions(1-4)
 NBONDS: found     2030 intra-atom interactions
 --------------- cycle=    76 --------------------------------------------------
 | Etotal =-91.626    grad(E)=0.170      E(VDW )=-7.592     E(ELEC)=-84.033    |
 -------------------------------------------------------------------------------
 NBONDS: generating intra-molecular exclusion list with mode= 5
 MAKINB: mode   5 found     10 exclusions and     20 interactions(1-4)
 NBONDS: found     6427 intra-atom interactions
 --------------- cycle=    77 --------------------------------------------------
 | Etotal =-96.789    grad(E)=0.210      E(VDW )=-24.775    E(ELEC)=-72.013    |
 -------------------------------------------------------------------------------
 NBONDS: generating intra-molecular exclusion list with mode= 5
 MAKINB: mode   5 found     10 exclusions and     23 interactions(1-4)
 NBONDS: found     4806 intra-atom interactions
 --------------- cycle=    78 --------------------------------------------------
 | Etotal =-73.540    grad(E)=0.169      E(VDW )=-17.724    E(ELEC)=-55.816    |
 -------------------------------------------------------------------------------
 NBONDS: generating intra-molecular exclusion list with mode= 5
 MAKINB: mode   5 found     10 exclusions and     23 interactions(1-4)
 NBONDS: found     2984 intra-atom interactions
 --------------- cycle=    79 --------------------------------------------------
 | Etotal =-84.472    grad(E)=0.159      E(VDW )=-9.780     E(ELEC)=-74.692    |
 -------------------------------------------------------------------------------
 NBONDS: generating intra-molecular exclusion list with mode= 5
 MAKINB: mode   5 found     10 exclusions and     20 interactions(1-4)
 NBONDS: found     3410 intra-atom interactions
 --------------- cycle=    80 --------------------------------------------------
 | Etotal =-87.825    grad(E)=0.231      E(VDW )=-7.990     E(ELEC)=-79.835    |
 -------------------------------------------------------------------------------
 NBONDS: generating intra-molecular exclusion list with mode= 5
 MAKINB: mode   5 found     10 exclusions and     20 interactions(1-4)
 NBONDS: found     4110 intra-atom interactions
 --------------- cycle=    81 --------------------------------------------------
 | Etotal =-101.919   grad(E)=0.273      E(VDW )=-14.370    E(ELEC)=-87.549    |
 -------------------------------------------------------------------------------
 NBONDS: generating intra-molecular exclusion list with mode= 5
 MAKINB: mode   5 found     10 exclusions and     20 interactions(1-4)
 NBONDS: found     1842 intra-atom interactions
 --------------- cycle=    82 --------------------------------------------------
 | Etotal =-69.753    grad(E)=0.245      E(VDW )=-1.873     E(ELEC)=-67.880    |
 -------------------------------------------------------------------------------
 NBONDS: generating intra-molecular exclusion list with mode= 5
 MAKINB: mode   5 found     10 exclusions and     20 interactions(1-4)
 NBONDS: found     2670 intra-atom interactions
 --------------- cycle=    83 --------------------------------------------------
 | Etotal =-71.184    grad(E)=0.159      E(VDW )=-6.211     E(ELEC)=-64.973    |
 -------------------------------------------------------------------------------
 NBONDS: generating intra-molecular exclusion list with mode= 5
 MAKINB: mode   5 found     10 exclusions and     20 interactions(1-4)
 NBONDS: found     1547 intra-atom interactions
 --------------- cycle=    84 --------------------------------------------------
 | Etotal =-78.004    grad(E)=0.190      E(VDW )=-4.836     E(ELEC)=-73.167    |
 -------------------------------------------------------------------------------
 NBONDS: generating intra-molecular exclusion list with mode= 5
 MAKINB: mode   5 found     10 exclusions and     20 interactions(1-4)
 NBONDS: found     5423 intra-atom interactions
 --------------- cycle=    85 --------------------------------------------------
 | Etotal =-114.302   grad(E)=0.290      E(VDW )=-20.489    E(ELEC)=-93.812    |
 -------------------------------------------------------------------------------
 NBONDS: generating intra-molecular exclusion list with mode= 5
 MAKINB: mode   5 found     10 exclusions and     23 interactions(1-4)
 NBONDS: found     4483 intra-atom interactions
 --------------- cycle=    86 --------------------------------------------------
 | Etotal =-116.009   grad(E)=0.300      E(VDW )=-17.839    E(ELEC)=-98.170    |
 -------------------------------------------------------------------------------
 HEAP: maximum use      =    22556680 current use      =       96000 bytes
 HEAP: maximum overhead =        2800 current overhead =         752 bytes
          ============================================================
           Maximum dynamic memory allocation:    22556680 bytes
           Maximum dynamic memory overhead:          2800 bytes
           Program started at: 19:44:18 on 10-Jun-2020
           Program stopped at: 19:44:44 on 10-Jun-2020
           CPU time used:      25.8281 seconds
          ============================================================
