          ============================================================
          |                                                          |
          |            Crystallography & NMR System (CNS)            |
          |                         CNSsolve                         |
          |                                                          |
          ============================================================
           Version: 1.3 at patch level U
           Status: Special UU release with Rg and paramagnetic
                   restraints (A. Bonvin, UU 2011)
          ============================================================
           Written by: A.T.Brunger, P.D.Adams, G.M.Clore, W.L.DeLano,
                       P.Gros, R.W.Grosse-Kunstleve,J.-S.Jiang,J.M.Krahn,
                       J.Kuszewski, M.Nilges, N.S.Pannu, R.J.Read,
                       L.M.Rice, G.F.Schroeder, T.Simonson, G.L.Warren.
           Copyright (c) 1997-2010 Yale University
          ============================================================
           Running on machine: hostname unknown (x86_64/Linux,64-bit)
           Program started by: joaor
           Program started at: 16:42:37 on 08-May-2020
          ============================================================

 FFT3C: Using FFTPACK4.1

 CNSsolve>! 
 CNSsolve>! Calculates pairwise energies between residues 
 CNSsolve>! Will only rebuild hydrogen atoms 
 CNSsolve>! 
 CNSsolve>! Adapted from HADDOCK protocols here and there. 
 CNSsolve>! JR & AMJJB @ 2020 
 CNSsolve>! 
 CNSsolve>define( 
 DEFINE>    {===>} auto_break=true; 
 DEFINE>    {===>} break_cutoff=2.5; 
 DEFINE>    {===>} dnaauto_break=true; 
 DEFINE>    {===>} dbreak_cutoff=4.5; 
 DEFINE>    {===>} auto_cispro=true; 
 DEFINE>    {===>} auto_disu=true; 
 DEFINE>    {===>} disulphide_dist=3.0; 
 DEFINE>    {===>} glyco_dist=2.75; 
 DEFINE>    {===>} coorin="molecule.pdb"; 
 DEFINE>    {===>} icutoff=5.0; 
 DEFINE>) 
 CNSsolve> 
 CNSsolve>! Mute (most) output 
 CNSsolve>set message=on echo=off end 
 ASSFIL: file merged.param opened.
 MESSage=NORM
 EVALUATE: symbol $OLD_MESSAGE set to "NORM" (string)
 ECHO=FALSe {OFF}
 EVALUATE: symbol $OLD_ECHO set to FALSE (logical)
 %PARRDR-info: duplication of bond HC   NC2 
 %PARRDR-info: duplication of angle CH2E C    NH1 
 %PARRDR-info: duplication of angle CH2P CH2E HA  
 ASSFIL: file merged.top opened.
 MESSage=NORM
 EVALUATE: symbol $OLD_MESSAGE set to "NORM" (string)
 ECHO=FALSe {OFF}
 EVALUATE: symbol $OLD_ECHO set to FALSE (logical)
 %RTFIO-warning: undefined masses in residue CYC 
 %RTFIO error encountered: there are undefined masses.
   (CNS is in mode: SET ABORT=NORMal END)
 MESSage=NORM
 EVALUATE: symbol $OLD_MESSAGE set to "NORM" (string)
 ECHO=FALSe {OFF}
 EVALUATE: symbol $OLD_ECHO set to FALSE (logical)
 ASSFIL: file protein_break.top opened.
 %RTFRDR-ERR: duplicate (P-)RESIdue name DPEP
 %RTFRDR-ERR: duplicate (P-)RESIdue name DPPP
 RTFRDR> 
 RTFRDR>end 
 CNSsolve> 
 CNSsolve>! Reset output muting 
 CNSsolve>set message=off echo=off end 
FOUND 5 NAG:ASN pairs
NAG:ASN bond added from   B    901  to   B    53  
NAG:ASN bond added from   B    903  to   B    90  
NAG:ASN bond added from   B    907  to   B    322 
NAG:ASN bond added from   B    910  to   B    546 
NAG:ASN bond added from   E    1401 to   E    343 
FOUND 5 NAG:NAG pairs
NAG:NAG B14 bond added from   B    902  to   B    901 
NAG:NAG B14 bond added from   B    904  to   B    903 
NAG:NAG B14 bond added from   B    911  to   B    910 
NAG:NAG B14 bond added from   E    1402 to   E    1401
NAG:NAG B14 bond added from   E    1403 to   E    1402
 %PARRDR-info: duplication of bond HC   NC2 
 %PARRDR-info: duplication of angle CH2E C    NH1 
 %PARRDR-info: duplication of angle CH2P CH2E HA  
 POWELL: number of degrees of freedom= 13857
 NBONDS: generating intra-molecular exclusion list with mode=-2
 MAKINB: mode  -2 found   4619 exclusions and      0 interactions(1-4)
 %atoms "B   -29  -LEU -HD13" and "B   -29  -LEU -HD22" only  0.09 A apart
 %atoms "B   -74  -GLU -HA  " and "B   -74  -GLU -CB  " only  0.09 A apart
 %atoms "B   -119 -ILE -HA  " and "B   -119 -ILE -HD11" only  0.10 A apart
 %atoms "B   -145 -GLU -HA  " and "B   -145 -GLU -HB1 " only  0.06 A apart
 %atoms "B   -485 -VAL -HA  " and "B   -485 -VAL -HG22" only  0.04 A apart
 %atoms "B   -557 -MET -HA  " and "B   -557 -MET -HE3 " only  0.08 A apart
 %atoms "B   -569 -ALA -CA  " and "B   -569 -ALA -HB2 " only  0.05 A apart
 %atoms "E   -430 -THR -HB  " and "E   -430 -THR -HG23" only  0.08 A apart
 %atoms "E   -433 -VAL -HB  " and "E   -433 -VAL -HG13" only  0.10 A apart
 NBONDS: found   699494 intra-atom interactions
 NBONDS: found        9 nonbonded violations
 %atoms "B   -356 -PHE -CB  " and "B   -356 -PHE -HD1 " only  0.08 A apart
 %atoms "B   -487 -VAL -HG11" and "B   -487 -VAL -CG2 " only  0.04 A apart
 %atoms "E   -390 -LEU -HD12" and "E   -390 -LEU -CD2 " only  0.09 A apart
 NBONDS: found   698635 intra-atom interactions
 NBONDS: found        3 nonbonded violations
 %atoms "B   -93  -VAL -CB  " and "B   -93  -VAL -HG13" only  0.09 A apart
 NBONDS: found   694812 intra-atom interactions
 NBONDS: found        1 nonbonded violations
 NBONDS: found   692454 intra-atom interactions
 NBONDS: found   690929 intra-atom interactions
 --------------- cycle=    10 ------ stepsize=   -0.0000 -----------------------
 | Etotal =0.34E+07   grad(E)=585.655    E(BOND)=521987.057 E(ANGL)=0.16E+07   |
 | E(VDW )=0.13E+07                                                            |
 -------------------------------------------------------------------------------
 NBONDS: found   690886 intra-atom interactions
 %atoms "E   -462 -LYS -HB1 " and "E   -462 -LYS -HG1 " only  0.08 A apart
 NBONDS: found   691681 intra-atom interactions
 NBONDS: found        1 nonbonded violations
 NBONDS: found   691985 intra-atom interactions
 NBONDS: found   692019 intra-atom interactions
 NBONDS: found   691894 intra-atom interactions
 --------------- cycle=    20 ------ stepsize=    0.0000 -----------------------
 | Etotal =0.13E+07   grad(E)=302.597    E(BOND)=231538.595 E(ANGL)=509129.609 |
 | E(VDW )=523466.583                                                          |
 -------------------------------------------------------------------------------
 NBONDS: found   691874 intra-atom interactions
 NBONDS: found   691888 intra-atom interactions
 --------------- cycle=    30 ------ stepsize=    0.0000 -----------------------
 | Etotal =0.10E+07   grad(E)=248.519    E(BOND)=189258.544 E(ANGL)=376585.718 |
 | E(VDW )=443850.879                                                          |
 -------------------------------------------------------------------------------
 NBONDS: found   691807 intra-atom interactions
 NBONDS: found   691638 intra-atom interactions
 NBONDS: found   691634 intra-atom interactions
 --------------- cycle=    40 ------ stepsize=   -0.0001 -----------------------
 | Etotal =956683.821 grad(E)=238.433    E(BOND)=186379.410 E(ANGL)=349369.414 |
 | E(VDW )=420934.997                                                          |
 -------------------------------------------------------------------------------
 NBONDS: found   691685 intra-atom interactions
 NBONDS: found   691585 intra-atom interactions
 --------------- cycle=    50 ------ stepsize=    0.0000 -----------------------
 | Etotal =936217.201 grad(E)=234.697    E(BOND)=184355.040 E(ANGL)=338525.367 |
 | E(VDW )=413336.794                                                          |
 -------------------------------------------------------------------------------
 POWELL: STEP number limit. Normal termination
 POWELL: Current coordinates set to last minimum
 DCART: temperature coupling (TCOUpling) enabled
 -------------------------- Cartesian dynamics start ---------------------------
 | E(kin)+E(total)=0.35E+07        E(kin)=4242.237      temperature=308.117    |
 | Etotal =0.35E+07   grad(E)=587.370    E(BOND)=184355.040 E(ANGL)=338525.367 |
 | E(IMPR)=0.29E+07                                                            |
 -------------------------------------------------------------------------------
 ----------------- final step=       50 at      0.02500 ps ---------------------
 | E(kin)+E(total)=0.22E+07        E(kin)=443791.545    temperature=32232.960  |
 | Etotal =0.18E+07   grad(E)=323.130    E(BOND)=198377.173 E(ANGL)=817418.353 |
 | E(IMPR)=768168.430                                                          |
 -------------------------------------------------------------------------------
 CENMAS: Information about center of free masses
         position [A]          :     -0.76941      0.07170     -0.36610
         velocity [A/ps]       :      0.00325     -0.64055     -0.59067
         ang. mom. [amu A/ps]  :-327341.35231 922200.810182243577.70010
         kin. ener. [Kcal/mol] :     83.81403
 POWELL: number of degrees of freedom= 13857
 NBONDS: found   689347 intra-atom interactions
 NBONDS: found   688251 intra-atom interactions
 NBONDS: found   688277 intra-atom interactions
 NBONDS: found   689461 intra-atom interactions
 NBONDS: found   689081 intra-atom interactions
 --------------- cycle=    10 ------ stepsize=   -0.0001 -----------------------
 | Etotal =0.19E+07   grad(E)=277.535    E(BOND)=262385.700 E(ANGL)=469280.675 |
 | E(IMPR)=692532.772 E(VDW )=474063.739                                       |
 -------------------------------------------------------------------------------
 NBONDS: found   690142 intra-atom interactions
 NBONDS: found   690471 intra-atom interactions
 NBONDS: found   690403 intra-atom interactions
 NBONDS: found   690419 intra-atom interactions
 NBONDS: found   690614 intra-atom interactions
 --------------- cycle=    20 ------ stepsize=    0.0000 -----------------------
 | Etotal =0.13E+07   grad(E)=145.203    E(BOND)=176518.571 E(ANGL)=175218.341 |
 | E(IMPR)=576436.473 E(VDW )=354650.964                                       |
 -------------------------------------------------------------------------------
 NBONDS: found   690574 intra-atom interactions
 NBONDS: found   690567 intra-atom interactions
 NBONDS: found   690686 intra-atom interactions
 --------------- cycle=    30 ------ stepsize=    0.0001 -----------------------
 | Etotal =0.12E+07   grad(E)=115.958    E(BOND)=168282.551 E(ANGL)=141287.773 |
 | E(IMPR)=556599.615 E(VDW )=328269.479                                       |
 -------------------------------------------------------------------------------
 NBONDS: found   690681 intra-atom interactions
 NBONDS: found   690598 intra-atom interactions
 --------------- cycle=    40 ------ stepsize=    0.0001 -----------------------
 | Etotal =0.12E+07   grad(E)=111.368    E(BOND)=167230.876 E(ANGL)=131749.678 |
 | E(IMPR)=543018.043 E(VDW )=320881.088                                       |
 -------------------------------------------------------------------------------
 NBONDS: found   690656 intra-atom interactions
 NBONDS: found   690629 intra-atom interactions
 --------------- cycle=    50 ------ stepsize=   -0.0000 -----------------------
 | Etotal =0.11E+07   grad(E)=110.193    E(BOND)=167553.767 E(ANGL)=128295.625 |
 | E(IMPR)=537125.347 E(VDW )=316887.624                                       |
 -------------------------------------------------------------------------------
 POWELL: STEP number limit. Normal termination
 POWELL: Current coordinates set to last minimum
 DCART: temperature coupling (TCOUpling) enabled
 -------------------------- Cartesian dynamics start ---------------------------
 | E(kin)+E(total)=0.12E+07        E(kin)=4165.854      temperature=302.570    |
 | Etotal =0.11E+07   grad(E)=110.193    E(BOND)=167553.767 E(ANGL)=128295.625 |
 | E(IMPR)=537125.347 E(VDW )=316887.624                                       |
 -------------------------------------------------------------------------------
 NBONDS: found   690691 intra-atom interactions
 NBONDS: found   690673 intra-atom interactions
 NBONDS: found   690685 intra-atom interactions
 ----------------- final step=       50 at      0.02500 ps ---------------------
 | E(kin)+E(total)=0.12E+07        E(kin)=6008.438      temperature=436.398    |
 | Etotal =0.11E+07   grad(E)=116.915    E(BOND)=169606.638 E(ANGL)=128906.272 |
 | E(IMPR)=529728.506 E(VDW )=317428.775                                       |
 -------------------------------------------------------------------------------
 CENMAS: Information about center of free masses
         position [A]          :     -0.77191      0.06441     -0.37099
         velocity [A/ps]       :     -0.03708     -0.03089      0.00123
         ang. mom. [amu A/ps]  : -63603.20713 130378.18669-110441.91551
         kin. ener. [Kcal/mol] :      0.25734
 %PARRDR-info: duplication of bond HC   NC2 
 %PARRDR-info: duplication of angle CH2E C    NH1 
 %PARRDR-info: duplication of angle CH2P CH2E HA  
 POWELL: number of degrees of freedom= 13857
 NBONDS: generating intra-molecular exclusion list with mode=-3
 MAKINB: mode  -3 found  15780 exclusions and      0 interactions(1-4)
 NBONDS: found   679571 intra-atom interactions
 NBONDS: found   681258 intra-atom interactions
 NBONDS: found   681424 intra-atom interactions
 NBONDS: found   681458 intra-atom interactions
 NBONDS: found   681892 intra-atom interactions
 NBONDS: found   682078 intra-atom interactions
 --------------- cycle=    25 ------ stepsize=   -0.0001 -----------------------
 | Etotal =307487.011 grad(E)=145.846    E(BOND)=53995.412  E(ANGL)=141679.843 |
 | E(IMPR)=109313.371 E(VDW )=2498.386                                         |
 -------------------------------------------------------------------------------
 NBONDS: found   682179 intra-atom interactions
 NBONDS: found   682201 intra-atom interactions
 NBONDS: found   681970 intra-atom interactions
 NBONDS: found   681767 intra-atom interactions
 NBONDS: found   681950 intra-atom interactions
 NBONDS: found   681890 intra-atom interactions
 NBONDS: found   681859 intra-atom interactions
 NBONDS: found   681732 intra-atom interactions
 --------------- cycle=    50 ------ stepsize=    0.0007 -----------------------
 | Etotal =45001.777  grad(E)=42.441     E(BOND)=2438.304   E(ANGL)=24199.210  |
 | E(IMPR)=17529.015  E(VDW )=835.248                                          |
 -------------------------------------------------------------------------------
 NBONDS: found   681772 intra-atom interactions
 NBONDS: found   681758 intra-atom interactions
 NBONDS: found   681797 intra-atom interactions
 --------------- cycle=    75 ------ stepsize=    0.0001 -----------------------
 | Etotal =5487.453   grad(E)=13.927     E(BOND)=167.362    E(ANGL)=2981.544   |
 | E(IMPR)=1703.318   E(VDW )=635.230                                          |
 -------------------------------------------------------------------------------
 NBONDS: found   681827 intra-atom interactions
 NBONDS: found   681788 intra-atom interactions
 --------------- cycle=   100 ------ stepsize=    0.0003 -----------------------
 | Etotal =2324.035   grad(E)=10.745     E(BOND)=273.081    E(ANGL)=1349.005   |
 | E(IMPR)=103.412    E(VDW )=598.536                                          |
 -------------------------------------------------------------------------------
 POWELL: STEP number limit. Normal termination
 POWELL: Current coordinates set to last minimum
 DCART: temperature coupling (TCOUpling) enabled
 -------------------------- Cartesian dynamics start ---------------------------
 | E(kin)+E(total)=6408.174        E(kin)=4084.140      temperature=296.635    |
 | Etotal =2324.035   grad(E)=10.745     E(BOND)=273.081    E(ANGL)=1349.005   |
 | E(IMPR)=103.412    E(VDW )=598.536                                          |
 -------------------------------------------------------------------------------
 NBONDS: found   681756 intra-atom interactions
 NBONDS: found   681800 intra-atom interactions
 NBONDS: found   681749 intra-atom interactions
 NBONDS: found   681779 intra-atom interactions
 NBONDS: found   681724 intra-atom interactions
 NBONDS: found   681760 intra-atom interactions
 NBONDS: found   681762 intra-atom interactions
 NBONDS: found   681813 intra-atom interactions
 NBONDS: found   681650 intra-atom interactions
 NBONDS: found   681728 intra-atom interactions
 NBONDS: found   681702 intra-atom interactions
 NBONDS: found   681720 intra-atom interactions
 NBONDS: found   681792 intra-atom interactions
 NBONDS: found   681726 intra-atom interactions
 NBONDS: found   681737 intra-atom interactions
 NBONDS: found   681791 intra-atom interactions
 NBONDS: found   681870 intra-atom interactions
 NBONDS: found   681838 intra-atom interactions
 NBONDS: found   681718 intra-atom interactions
 NBONDS: found   681819 intra-atom interactions
 NBONDS: found   681692 intra-atom interactions
 NBONDS: found   681666 intra-atom interactions
 NBONDS: found   681728 intra-atom interactions
 NBONDS: found   681669 intra-atom interactions
 NBONDS: found   681669 intra-atom interactions
 NBONDS: found   681794 intra-atom interactions
 NBONDS: found   681724 intra-atom interactions
 NBONDS: found   681721 intra-atom interactions
 ----------------- final step=      500 at      0.25000 ps ---------------------
 | E(kin)+E(total)=8842.573        E(kin)=4342.992      temperature=315.435    |
 | Etotal =4499.581   grad(E)=32.290     E(BOND)=1184.692   E(ANGL)=2359.875   |
 | E(IMPR)=277.113    E(VDW )=677.901                                          |
 -------------------------------------------------------------------------------
 CENMAS: Information about center of free masses
         position [A]          :     -0.76950      0.06379     -0.36741
         velocity [A/ps]       :      0.00215      0.02249      0.01417
         ang. mom. [amu A/ps]  : -91055.66138 -33285.42157 252640.02836
         kin. ener. [Kcal/mol] :      0.07851
 EFLAGS: the following energy flags are set
 EFLAGS: BOND ANGL DIHE IMPR VDW 
 %PARRDR-info: duplication of bond HC   NC2 
 %PARRDR-info: duplication of angle CH2E C    NH1 
 %PARRDR-info: duplication of angle CH2P CH2E HA  
 POWELL: number of degrees of freedom= 13857
 NBONDS: generating intra-molecular exclusion list with mode=-3
 MAKINB: mode  -3 found  15780 exclusions and      0 interactions(1-4)
 NBONDS: found   681769 intra-atom interactions
 NBONDS: found   681648 intra-atom interactions
 NBONDS: found   681667 intra-atom interactions
 --------------- cycle=    50 ------ stepsize=    0.0009 -----------------------
 | Etotal =13133.865  grad(E)=13.321     E(BOND)=226.621    E(ANGL)=1142.015   |
 | E(DIHE)=199.145    E(IMPR)=87.312     E(VDW )=11478.772                     |
 -------------------------------------------------------------------------------
 NBONDS: found   681778 intra-atom interactions
 --------------- cycle=   100 ------ stepsize=    0.0016 -----------------------
 | Etotal =12807.269  grad(E)=13.114     E(BOND)=222.334    E(ANGL)=1113.621   |
 | E(DIHE)=168.825    E(IMPR)=86.824     E(VDW )=11215.665                     |
 -------------------------------------------------------------------------------
 --------------- cycle=   150 ------ stepsize=    0.0008 -----------------------
 | Etotal =12769.628  grad(E)=13.117     E(BOND)=222.024    E(ANGL)=1113.405   |
 | E(DIHE)=165.835    E(IMPR)=86.371     E(VDW )=11181.993                     |
 -------------------------------------------------------------------------------
 NBONDS: found   681781 intra-atom interactions
 --------------- cycle=   200 ------ stepsize=    0.0011 -----------------------
 | Etotal =12733.469  grad(E)=13.097     E(BOND)=220.439    E(ANGL)=1111.045   |
 | E(DIHE)=161.719    E(IMPR)=85.946     E(VDW )=11154.321                     |
 -------------------------------------------------------------------------------
 --------------- cycle=   250 ------ stepsize=    0.0011 -----------------------
 | Etotal =12728.053  grad(E)=13.083     E(BOND)=220.372    E(ANGL)=1109.206   |
 | E(DIHE)=160.718    E(IMPR)=86.180     E(VDW )=11151.577                     |
 -------------------------------------------------------------------------------
 --------------- cycle=   300 ------ stepsize=    0.0006 -----------------------
 | Etotal =12722.577  grad(E)=13.083     E(BOND)=220.229    E(ANGL)=1109.409   |
 | E(DIHE)=160.857    E(IMPR)=86.562     E(VDW )=11145.521                     |
 -------------------------------------------------------------------------------
 --------------- cycle=   350 ------ stepsize=    0.0011 -----------------------
 | Etotal =12721.201  grad(E)=13.080     E(BOND)=220.229    E(ANGL)=1109.323   |
 | E(DIHE)=160.556    E(IMPR)=86.434     E(VDW )=11144.660                     |
 -------------------------------------------------------------------------------
 --------------- cycle=   400 ------ stepsize=    0.0001 -----------------------
 | Etotal =12721.103  grad(E)=13.078     E(BOND)=220.199    E(ANGL)=1109.044   |
 | E(DIHE)=160.767    E(IMPR)=86.404     E(VDW )=11144.689                     |
 -------------------------------------------------------------------------------
 --------------- cycle=   450 ------ stepsize=   -0.0000 -----------------------
 | Etotal =12721.097  grad(E)=13.078     E(BOND)=220.208    E(ANGL)=1109.060   |
 | E(DIHE)=160.714    E(IMPR)=86.388     E(VDW )=11144.727                     |
 -------------------------------------------------------------------------------
 --------------- cycle=   500 ------ stepsize=   -0.0002 -----------------------
 | Etotal =12721.096  grad(E)=13.078     E(BOND)=220.219    E(ANGL)=1109.038   |
 | E(DIHE)=160.682    E(IMPR)=86.385     E(VDW )=11144.772                     |
 -------------------------------------------------------------------------------
 POWELL: STEP number limit. Normal termination
 POWELL: Current coordinates set to last minimum
 DCART: temperature coupling (TCOUpling) enabled
 -------------------------- Cartesian dynamics start ---------------------------
 | E(kin)+E(total)=16873.137       E(kin)=4152.041      temperature=301.566    |
 | Etotal =12721.096  grad(E)=13.078     E(BOND)=220.219    E(ANGL)=1109.038   |
 | E(DIHE)=160.682    E(IMPR)=86.385     E(VDW )=11144.772                     |
 -------------------------------------------------------------------------------
 NBONDS: found   681714 intra-atom interactions
 NBONDS: found   681635 intra-atom interactions
 NBONDS: found   681772 intra-atom interactions
 NBONDS: found   681747 intra-atom interactions
 NBONDS: found   681674 intra-atom interactions
 NBONDS: found   681829 intra-atom interactions
 NBONDS: found   681677 intra-atom interactions
 ----------------- final step=      500 at      0.25000 ps ---------------------
 | E(kin)+E(total)=21034.789       E(kin)=4258.854      temperature=309.324    |
 | Etotal =16775.936  grad(E)=31.458     E(BOND)=1271.438   E(ANGL)=3431.821   |
 | E(DIHE)=168.697    E(IMPR)=426.946    E(VDW )=11477.033                     |
 -------------------------------------------------------------------------------
 CENMAS: Information about center of free masses
         position [A]          :     -0.77030      0.06368     -0.36719
         velocity [A/ps]       :     -0.04394     -0.39619      0.04652
         ang. mom. [amu A/ps]  :  21294.62144   3030.27162  19654.37965
         kin. ener. [Kcal/mol] :      0.89613
 POWELL: number of degrees of freedom= 13857
 --------------- cycle=    50 ------ stepsize=    0.0011 -----------------------
 | Etotal =12731.719  grad(E)=13.082     E(BOND)=220.027    E(ANGL)=1110.197   |
 | E(DIHE)=160.796    E(IMPR)=86.372     E(VDW )=11154.326                     |
 -------------------------------------------------------------------------------
 --------------- cycle=   100 ------ stepsize=    0.0012 -----------------------
 | Etotal =12723.298  grad(E)=13.075     E(BOND)=219.941    E(ANGL)=1109.270   |
 | E(DIHE)=158.801    E(IMPR)=86.113     E(VDW )=11149.173                     |
 -------------------------------------------------------------------------------
 --------------- cycle=   150 ------ stepsize=    0.0010 -----------------------
 | Etotal =12722.079  grad(E)=13.076     E(BOND)=219.828    E(ANGL)=1109.237   |
 | E(DIHE)=159.546    E(IMPR)=86.122     E(VDW )=11147.346                     |
 -------------------------------------------------------------------------------
 NBONDS: found   681756 intra-atom interactions
 --------------- cycle=   200 ------ stepsize=    0.0004 -----------------------
 | Etotal =12719.230  grad(E)=13.078     E(BOND)=219.171    E(ANGL)=1109.307   |
 | E(DIHE)=161.314    E(IMPR)=86.321     E(VDW )=11143.116                     |
 -------------------------------------------------------------------------------
 --------------- cycle=   250 ------ stepsize=    0.0005 -----------------------
 | Etotal =12718.229  grad(E)=13.077     E(BOND)=219.268    E(ANGL)=1109.526   |
 | E(DIHE)=161.325    E(IMPR)=86.072     E(VDW )=11142.038                     |
 -------------------------------------------------------------------------------
 --------------- cycle=   300 ------ stepsize=   -0.0000 -----------------------
 | Etotal =12717.945  grad(E)=13.075     E(BOND)=219.313    E(ANGL)=1109.294   |
 | E(DIHE)=161.069    E(IMPR)=86.192     E(VDW )=11142.078                     |
 -------------------------------------------------------------------------------
 --------------- cycle=   350 ------ stepsize=    0.0002 -----------------------
 | Etotal =12717.914  grad(E)=13.075     E(BOND)=219.304    E(ANGL)=1109.319   |
 | E(DIHE)=161.135    E(IMPR)=86.183     E(VDW )=11141.974                     |
 -------------------------------------------------------------------------------
 --------------- cycle=   400 ------ stepsize=    0.0004 -----------------------
 | Etotal =12717.912  grad(E)=13.075     E(BOND)=219.294    E(ANGL)=1109.326   |
 | E(DIHE)=161.135    E(IMPR)=86.177     E(VDW )=11141.980                     |
 -------------------------------------------------------------------------------
 --------------- cycle=   450 ------ stepsize=   -0.0003 -----------------------
 | Etotal =12717.912  grad(E)=13.075     E(BOND)=219.292    E(ANGL)=1109.328   |
 | E(DIHE)=161.134    E(IMPR)=86.177     E(VDW )=11141.980                     |
 -------------------------------------------------------------------------------
 POWELL: Gradient converged. Normal termination
 POWELL: Current coordinates set to last minimum
 POWELL: number of degrees of freedom= 18375
 NBONDS: found   681535 intra-atom interactions
 --------------- cycle=     5 ------ stepsize=    0.0007 -----------------------
 | Etotal =12501.544  grad(E)=13.079     E(BOND)=219.718    E(ANGL)=1108.527   |
 | E(DIHE)=161.121    E(IMPR)=85.578     E(VDW )=10926.600                     |
 -------------------------------------------------------------------------------
 --------------- cycle=    10 ------ stepsize=    0.0012 -----------------------
 | Etotal =12496.215  grad(E)=13.086     E(BOND)=219.648    E(ANGL)=1109.010   |
 | E(DIHE)=160.915    E(IMPR)=85.532     E(VDW )=10921.112                     |
 -------------------------------------------------------------------------------
 --------------- cycle=    15 ------ stepsize=   -0.0000 -----------------------
 | Etotal =12493.101  grad(E)=13.073     E(BOND)=218.883    E(ANGL)=1108.879   |
 | E(DIHE)=160.741    E(IMPR)=85.538     E(VDW )=10919.061                     |
 -------------------------------------------------------------------------------
 --------------- cycle=    20 ------ stepsize=    0.0009 -----------------------
 | Etotal =12492.143  grad(E)=13.071     E(BOND)=219.199    E(ANGL)=1108.062   |
 | E(DIHE)=160.668    E(IMPR)=85.443     E(VDW )=10918.771                     |
 -------------------------------------------------------------------------------
 --------------- cycle=    25 ------ stepsize=    0.0007 -----------------------
 | Etotal =12491.442  grad(E)=13.081     E(BOND)=219.474    E(ANGL)=1108.823   |
 | E(DIHE)=160.537    E(IMPR)=85.482     E(VDW )=10917.126                     |
 -------------------------------------------------------------------------------
 --------------- cycle=    30 ------ stepsize=    0.0008 -----------------------
 | Etotal =12490.897  grad(E)=13.075     E(BOND)=219.304    E(ANGL)=1108.464   |
 | E(DIHE)=160.465    E(IMPR)=85.465     E(VDW )=10917.198                     |
 -------------------------------------------------------------------------------
 --------------- cycle=    35 ------ stepsize=    0.0000 -----------------------
 | Etotal =12490.622  grad(E)=13.067     E(BOND)=218.978    E(ANGL)=1108.098   |
 | E(DIHE)=160.448    E(IMPR)=85.444     E(VDW )=10917.654                     |
 -------------------------------------------------------------------------------
 --------------- cycle=    40 ------ stepsize=    0.0007 -----------------------
 | Etotal =12490.193  grad(E)=13.071     E(BOND)=219.123    E(ANGL)=1108.307   |
 | E(DIHE)=160.443    E(IMPR)=85.451     E(VDW )=10916.868                     |
 -------------------------------------------------------------------------------
 --------------- cycle=    45 ------ stepsize=   -0.0002 -----------------------
 | Etotal =12490.075  grad(E)=13.072     E(BOND)=219.222    E(ANGL)=1108.344   |
 | E(DIHE)=160.457    E(IMPR)=85.464     E(VDW )=10916.589                     |
 -------------------------------------------------------------------------------
 --------------- cycle=    50 ------ stepsize=    0.0011 -----------------------
 | Etotal =12489.892  grad(E)=13.071     E(BOND)=219.163    E(ANGL)=1108.342   |
 | E(DIHE)=160.535    E(IMPR)=85.463     E(VDW )=10916.389                     |
 -------------------------------------------------------------------------------
 POWELL: STEP number limit. Normal termination
 POWELL: Current coordinates set to last minimum
 %PARRDR-info: duplication of bond HC   NC2 
 %PARRDR-info: duplication of angle CH2E C    NH1 
 %PARRDR-info: duplication of angle CH2P CH2E HA  
 POWELL: number of degrees of freedom= 18375
 NBONDS: generating intra-molecular exclusion list with mode= 5
 MAKINB: mode   5 found  17796 exclusions and  17947 interactions(1-4)
 NBONDS: found   902111 intra-atom interactions
 NBONDS: found   902269 intra-atom interactions
 NBONDS: found   902299 intra-atom interactions
 --------------- cycle=    50 ------ stepsize=    0.0006 -----------------------
 | Etotal =-3.234     grad(E)=5.356      E(BOND)=18.083     E(ANGL)=396.392    |
 | E(DIHE)=56.708     E(IMPR)=34.773     E(VDW )=-510.070   E(ELEC)=0.880      |
 -------------------------------------------------------------------------------
 POWELL: STEP number limit. Normal termination
 POWELL: Current coordinates set to last minimum
 --------------- cycle=     1 --------------------------------------------------
 | Etotal =-3.234     grad(E)=5.356      E(BOND)=18.083     E(ANGL)=396.392    |
 | E(DIHE)=56.708     E(IMPR)=34.773     E(VDW )=-510.070   E(ELEC)=0.880      |
 -------------------------------------------------------------------------------
 SURFAC: half the sigma value being used for atomic radii.
 SURFAC: ACCEssible surface area
 SURFAC: ACCUracy= 0.07 RH2O=  1.40
         Z-grid=  0.32 number-of-Z-sections=  215
         measures-of-arc= 94233 and151817
 SURFAC: half the sigma value being used for atomic radii.
 SURFAC: ACCEssible surface area
 SURFAC: ACCUracy= 0.07 RH2O=  1.40
         Z-grid=  0.32 number-of-Z-sections=  135
         measures-of-arc= 25509 and 46467
 SURFAC: half the sigma value being used for atomic radii.
 SURFAC: ACCEssible surface area
 SURFAC: ACCUracy= 0.07 RH2O=  1.40
         Z-grid=  0.32 number-of-Z-sections=  215
         measures-of-arc=121385 and198487
 %PARRDR-info: duplication of bond HC   NC2 
 %PARRDR-info: duplication of angle CH2E C    NH1 
 %PARRDR-info: duplication of angle CH2P CH2E HA  
 NBONDS: generating intra-molecular exclusion list with mode= 5
 MAKINB: mode   5 found      0 exclusions and      0 interactions(1-4)
 NBONDS: found     1586 intra-atom interactions
 --------------- cycle=     2 --------------------------------------------------
 | Etotal =-4.969     grad(E)=0.024      E(VDW )=-4.299     E(ELEC)=-0.670     |
 -------------------------------------------------------------------------------
 NBONDS: generating intra-molecular exclusion list with mode= 5
 MAKINB: mode   5 found      0 exclusions and      0 interactions(1-4)
 NBONDS: found     1550 intra-atom interactions
 --------------- cycle=     3 --------------------------------------------------
 | Etotal =-7.052     grad(E)=0.049      E(VDW )=-5.568     E(ELEC)=-1.484     |
 -------------------------------------------------------------------------------
 NBONDS: generating intra-molecular exclusion list with mode= 5
 MAKINB: mode   5 found      0 exclusions and      0 interactions(1-4)
 NBONDS: found     1505 intra-atom interactions
 --------------- cycle=     4 --------------------------------------------------
 | Etotal =-91.010    grad(E)=0.386      E(VDW )=-2.441     E(ELEC)=-88.569    |
 -------------------------------------------------------------------------------
 NBONDS: generating intra-molecular exclusion list with mode= 5
 MAKINB: mode   5 found      0 exclusions and      0 interactions(1-4)
 NBONDS: found     2657 intra-atom interactions
 --------------- cycle=     5 --------------------------------------------------
 | Etotal =-64.951    grad(E)=0.259      E(VDW )=-5.558     E(ELEC)=-59.394    |
 -------------------------------------------------------------------------------
 NBONDS: generating intra-molecular exclusion list with mode= 5
 MAKINB: mode   5 found      0 exclusions and      0 interactions(1-4)
 NBONDS: found     2202 intra-atom interactions
 --------------- cycle=     6 --------------------------------------------------
 | Etotal =-4.462     grad(E)=0.194      E(VDW )=-7.270     E(ELEC)=2.808      |
 -------------------------------------------------------------------------------
 NBONDS: generating intra-molecular exclusion list with mode= 5
 MAKINB: mode   5 found      0 exclusions and      0 interactions(1-4)
 NBONDS: found      811 intra-atom interactions
 --------------- cycle=     7 --------------------------------------------------
 | Etotal =-11.912    grad(E)=0.311      E(VDW )=-1.184     E(ELEC)=-10.728    |
 -------------------------------------------------------------------------------
 NBONDS: generating intra-molecular exclusion list with mode= 5
 MAKINB: mode   5 found      0 exclusions and      0 interactions(1-4)
 NBONDS: found      395 intra-atom interactions
 --------------- cycle=     8 --------------------------------------------------
 | Etotal =-3.509     grad(E)=0.114      E(VDW )=-0.814     E(ELEC)=-2.696     |
 -------------------------------------------------------------------------------
 NBONDS: generating intra-molecular exclusion list with mode= 5
 MAKINB: mode   5 found      0 exclusions and      0 interactions(1-4)
 NBONDS: found     1255 intra-atom interactions
 --------------- cycle=     9 --------------------------------------------------
 | Etotal =-13.030    grad(E)=0.366      E(VDW )=-3.724     E(ELEC)=-9.306     |
 -------------------------------------------------------------------------------
 NBONDS: generating intra-molecular exclusion list with mode= 5
 MAKINB: mode   5 found      0 exclusions and      0 interactions(1-4)
 NBONDS: found     1450 intra-atom interactions
 --------------- cycle=    10 --------------------------------------------------
 | Etotal =-12.623    grad(E)=0.127      E(VDW )=-4.588     E(ELEC)=-8.034     |
 -------------------------------------------------------------------------------
 NBONDS: generating intra-molecular exclusion list with mode= 5
 MAKINB: mode   5 found      0 exclusions and      0 interactions(1-4)
 NBONDS: found      749 intra-atom interactions
 --------------- cycle=    11 --------------------------------------------------
 | Etotal =-1.426     grad(E)=0.009      E(VDW )=-1.451     E(ELEC)=0.025      |
 -------------------------------------------------------------------------------
 NBONDS: generating intra-molecular exclusion list with mode= 5
 MAKINB: mode   5 found      0 exclusions and      0 interactions(1-4)
 NBONDS: found      325 intra-atom interactions
 --------------- cycle=    12 --------------------------------------------------
 | Etotal =-0.878     grad(E)=0.011      E(VDW )=-1.031     E(ELEC)=0.153      |
 -------------------------------------------------------------------------------
 NBONDS: generating intra-molecular exclusion list with mode= 5
 MAKINB: mode   5 found      0 exclusions and      0 interactions(1-4)
 NBONDS: found      741 intra-atom interactions
 --------------- cycle=    13 --------------------------------------------------
 | Etotal =-5.811     grad(E)=0.044      E(VDW )=-2.411     E(ELEC)=-3.399     |
 -------------------------------------------------------------------------------
 NBONDS: generating intra-molecular exclusion list with mode= 5
 MAKINB: mode   5 found      0 exclusions and      0 interactions(1-4)
 NBONDS: found      341 intra-atom interactions
 --------------- cycle=    14 --------------------------------------------------
 | Etotal =-0.001     grad(E)=0.030      E(VDW )=-0.524     E(ELEC)=0.523      |
 -------------------------------------------------------------------------------
 NBONDS: generating intra-molecular exclusion list with mode= 5
 MAKINB: mode   5 found      0 exclusions and      0 interactions(1-4)
 NBONDS: found     3182 intra-atom interactions
 --------------- cycle=    15 --------------------------------------------------
 | Etotal =-44.747    grad(E)=0.302      E(VDW )=-11.006    E(ELEC)=-33.741    |
 -------------------------------------------------------------------------------
 NBONDS: generating intra-molecular exclusion list with mode= 5
 MAKINB: mode   5 found      0 exclusions and      0 interactions(1-4)
 NBONDS: found      612 intra-atom interactions
 --------------- cycle=    16 --------------------------------------------------
 | Etotal =-5.867     grad(E)=0.063      E(VDW )=-2.658     E(ELEC)=-3.208     |
 -------------------------------------------------------------------------------
 NBONDS: generating intra-molecular exclusion list with mode= 5
 MAKINB: mode   5 found      0 exclusions and      0 interactions(1-4)
 NBONDS: found      709 intra-atom interactions
 --------------- cycle=    17 --------------------------------------------------
 | Etotal =1.368      grad(E)=0.093      E(VDW )=-2.605     E(ELEC)=3.973      |
 -------------------------------------------------------------------------------
 NBONDS: generating intra-molecular exclusion list with mode= 5
 MAKINB: mode   5 found      0 exclusions and      0 interactions(1-4)
 NBONDS: found      360 intra-atom interactions
 --------------- cycle=    18 --------------------------------------------------
 | Etotal =-2.838     grad(E)=0.054      E(VDW )=-0.908     E(ELEC)=-1.930     |
 -------------------------------------------------------------------------------
 NBONDS: generating intra-molecular exclusion list with mode= 5
 MAKINB: mode   5 found      0 exclusions and      0 interactions(1-4)
 NBONDS: found      668 intra-atom interactions
 --------------- cycle=    19 --------------------------------------------------
 | Etotal =16.875     grad(E)=0.130      E(VDW )=-0.663     E(ELEC)=17.538     |
 -------------------------------------------------------------------------------
 NBONDS: generating intra-molecular exclusion list with mode= 5
 MAKINB: mode   5 found      0 exclusions and      0 interactions(1-4)
 NBONDS: found      808 intra-atom interactions
 --------------- cycle=    20 --------------------------------------------------
 | Etotal =-88.156    grad(E)=0.387      E(VDW )=2.526      E(ELEC)=-90.682    |
 -------------------------------------------------------------------------------
 NBONDS: generating intra-molecular exclusion list with mode= 5
 MAKINB: mode   5 found      0 exclusions and      0 interactions(1-4)
 NBONDS: found      734 intra-atom interactions
 --------------- cycle=    21 --------------------------------------------------
 | Etotal =-12.441    grad(E)=0.224      E(VDW )=-0.222     E(ELEC)=-12.219    |
 -------------------------------------------------------------------------------
 NBONDS: generating intra-molecular exclusion list with mode= 5
 MAKINB: mode   5 found      0 exclusions and      0 interactions(1-4)
 NBONDS: found      471 intra-atom interactions
 --------------- cycle=    22 --------------------------------------------------
 | Etotal =-12.121    grad(E)=0.095      E(VDW )=-1.206     E(ELEC)=-10.915    |
 -------------------------------------------------------------------------------
 NBONDS: generating intra-molecular exclusion list with mode= 5
 MAKINB: mode   5 found      0 exclusions and      0 interactions(1-4)
 NBONDS: found     1467 intra-atom interactions
 --------------- cycle=    23 --------------------------------------------------
 | Etotal =2.294      grad(E)=0.060      E(VDW )=-5.142     E(ELEC)=7.436      |
 -------------------------------------------------------------------------------
 NBONDS: generating intra-molecular exclusion list with mode= 5
 MAKINB: mode   5 found      0 exclusions and      0 interactions(1-4)
 NBONDS: found     1545 intra-atom interactions
 --------------- cycle=    24 --------------------------------------------------
 | Etotal =-6.690     grad(E)=0.041      E(VDW )=-6.609     E(ELEC)=-0.081     |
 -------------------------------------------------------------------------------
 NBONDS: generating intra-molecular exclusion list with mode= 5
 MAKINB: mode   5 found      0 exclusions and      0 interactions(1-4)
 NBONDS: found      833 intra-atom interactions
 --------------- cycle=    25 --------------------------------------------------
 | Etotal =-0.856     grad(E)=0.020      E(VDW )=-1.675     E(ELEC)=0.819      |
 -------------------------------------------------------------------------------
 NBONDS: generating intra-molecular exclusion list with mode= 5
 MAKINB: mode   5 found      0 exclusions and      0 interactions(1-4)
 NBONDS: found      660 intra-atom interactions
 --------------- cycle=    26 --------------------------------------------------
 | Etotal =-2.750     grad(E)=0.022      E(VDW )=-1.467     E(ELEC)=-1.283     |
 -------------------------------------------------------------------------------
 NBONDS: generating intra-molecular exclusion list with mode= 5
 MAKINB: mode   5 found      0 exclusions and      0 interactions(1-4)
 NBONDS: found      320 intra-atom interactions
 --------------- cycle=    27 --------------------------------------------------
 | Etotal =-2.078     grad(E)=0.018      E(VDW )=-0.618     E(ELEC)=-1.460     |
 -------------------------------------------------------------------------------
 NBONDS: generating intra-molecular exclusion list with mode= 5
 MAKINB: mode   5 found      0 exclusions and      0 interactions(1-4)
 NBONDS: found      421 intra-atom interactions
 --------------- cycle=    28 --------------------------------------------------
 | Etotal =-22.672    grad(E)=0.114      E(VDW )=-0.708     E(ELEC)=-21.964    |
 -------------------------------------------------------------------------------
 NBONDS: generating intra-molecular exclusion list with mode= 5
 MAKINB: mode   5 found      0 exclusions and      0 interactions(1-4)
 NBONDS: found     1301 intra-atom interactions
 --------------- cycle=    29 --------------------------------------------------
 | Etotal =-3.013     grad(E)=0.017      E(VDW )=-2.729     E(ELEC)=-0.285     |
 -------------------------------------------------------------------------------
 NBONDS: generating intra-molecular exclusion list with mode= 5
 MAKINB: mode   5 found      0 exclusions and      0 interactions(1-4)
 NBONDS: found     1018 intra-atom interactions
 --------------- cycle=    30 --------------------------------------------------
 | Etotal =-6.042     grad(E)=0.046      E(VDW )=-2.703     E(ELEC)=-3.339     |
 -------------------------------------------------------------------------------
 NBONDS: generating intra-molecular exclusion list with mode= 5
 MAKINB: mode   5 found      0 exclusions and      0 interactions(1-4)
 NBONDS: found     1863 intra-atom interactions
 --------------- cycle=    31 --------------------------------------------------
 | Etotal =-1.268     grad(E)=0.071      E(VDW )=-5.291     E(ELEC)=4.024      |
 -------------------------------------------------------------------------------
 NBONDS: generating intra-molecular exclusion list with mode= 5
 MAKINB: mode   5 found      0 exclusions and      0 interactions(1-4)
 NBONDS: found      325 intra-atom interactions
 --------------- cycle=    32 --------------------------------------------------
 | Etotal =-5.206     grad(E)=0.074      E(VDW )=-0.810     E(ELEC)=-4.395     |
 -------------------------------------------------------------------------------
 NBONDS: generating intra-molecular exclusion list with mode= 5
 MAKINB: mode   5 found      0 exclusions and      0 interactions(1-4)
 NBONDS: found     1534 intra-atom interactions
 --------------- cycle=    33 --------------------------------------------------
 | Etotal =-43.246    grad(E)=0.334      E(VDW )=-2.801     E(ELEC)=-40.445    |
 -------------------------------------------------------------------------------
 NBONDS: generating intra-molecular exclusion list with mode= 5
 MAKINB: mode   5 found      0 exclusions and      0 interactions(1-4)
 NBONDS: found      700 intra-atom interactions
 --------------- cycle=    34 --------------------------------------------------
 | Etotal =-6.020     grad(E)=0.096      E(VDW )=-1.988     E(ELEC)=-4.032     |
 -------------------------------------------------------------------------------
 NBONDS: generating intra-molecular exclusion list with mode= 5
 MAKINB: mode   5 found      0 exclusions and      0 interactions(1-4)
 NBONDS: found      678 intra-atom interactions
 --------------- cycle=    35 --------------------------------------------------
 | Etotal =-9.555     grad(E)=0.093      E(VDW )=-2.501     E(ELEC)=-7.054     |
 -------------------------------------------------------------------------------
 NBONDS: generating intra-molecular exclusion list with mode= 5
 MAKINB: mode   5 found      0 exclusions and      0 interactions(1-4)
 NBONDS: found      439 intra-atom interactions
 --------------- cycle=    36 --------------------------------------------------
 | Etotal =-16.620    grad(E)=0.115      E(VDW )=-2.321     E(ELEC)=-14.299    |
 -------------------------------------------------------------------------------
 NBONDS: generating intra-molecular exclusion list with mode= 5
 MAKINB: mode   5 found      0 exclusions and      0 interactions(1-4)
 NBONDS: found      491 intra-atom interactions
 --------------- cycle=    37 --------------------------------------------------
 | Etotal =-1.074     grad(E)=0.034      E(VDW )=-0.415     E(ELEC)=-0.660     |
 -------------------------------------------------------------------------------
 NBONDS: generating intra-molecular exclusion list with mode= 5
 MAKINB: mode   5 found      0 exclusions and      0 interactions(1-4)
 NBONDS: found     1253 intra-atom interactions
 --------------- cycle=    38 --------------------------------------------------
 | Etotal =-4.104     grad(E)=0.048      E(VDW )=-3.375     E(ELEC)=-0.729     |
 -------------------------------------------------------------------------------
 NBONDS: generating intra-molecular exclusion list with mode= 5
 MAKINB: mode   5 found      0 exclusions and      0 interactions(1-4)
 NBONDS: found     1873 intra-atom interactions
 --------------- cycle=    39 --------------------------------------------------
 | Etotal =-12.323    grad(E)=0.146      E(VDW )=-4.960     E(ELEC)=-7.363     |
 -------------------------------------------------------------------------------
 NBONDS: generating intra-molecular exclusion list with mode= 5
 MAKINB: mode   5 found      0 exclusions and      0 interactions(1-4)
 NBONDS: found     1197 intra-atom interactions
 --------------- cycle=    40 --------------------------------------------------
 | Etotal =-5.252     grad(E)=0.115      E(VDW )=-5.885     E(ELEC)=0.633      |
 -------------------------------------------------------------------------------
 NBONDS: generating intra-molecular exclusion list with mode= 5
 MAKINB: mode   5 found      0 exclusions and      0 interactions(1-4)
 NBONDS: found      689 intra-atom interactions
 --------------- cycle=    41 --------------------------------------------------
 | Etotal =-9.284     grad(E)=0.099      E(VDW )=-1.953     E(ELEC)=-7.331     |
 -------------------------------------------------------------------------------
 NBONDS: generating intra-molecular exclusion list with mode= 5
 MAKINB: mode   5 found      0 exclusions and      0 interactions(1-4)
 NBONDS: found     1845 intra-atom interactions
 --------------- cycle=    42 --------------------------------------------------
 | Etotal =-11.603    grad(E)=0.087      E(VDW )=-6.630     E(ELEC)=-4.973     |
 -------------------------------------------------------------------------------
 HEAP: maximum use      =    22634760 current use      =       96000 bytes
 HEAP: maximum overhead =        2816 current overhead =         752 bytes
          ============================================================
           Maximum dynamic memory allocation:    22634760 bytes
           Maximum dynamic memory overhead:          2816 bytes
           Program started at: 16:42:37 on 08-May-2020
           Program stopped at: 16:43:02 on 08-May-2020
           CPU time used:      25.2969 seconds
          ============================================================
