          ============================================================
          |                                                          |
          |            Crystallography & NMR System (CNS)            |
          |                         CNSsolve                         |
          |                                                          |
          ============================================================
           Version: 1.3 at patch level U
           Status: Special UU release with Rg and paramagnetic
                   restraints (A. Bonvin, UU 2011)
          ============================================================
           Written by: A.T.Brunger, P.D.Adams, G.M.Clore, W.L.DeLano,
                       P.Gros, R.W.Grosse-Kunstleve,J.-S.Jiang,J.M.Krahn,
                       J.Kuszewski, M.Nilges, N.S.Pannu, R.J.Read,
                       L.M.Rice, G.F.Schroeder, T.Simonson, G.L.Warren.
           Copyright (c) 1997-2010 Yale University
          ============================================================
           Running on machine: hostname unknown (x86_64/Linux,64-bit)
           Program started by: joaor
           Program started at: 16:41:00 on 08-May-2020
          ============================================================

 FFT3C: Using FFTPACK4.1

 CNSsolve>! 
 CNSsolve>! Calculates pairwise energies between residues 
 CNSsolve>! Will only rebuild hydrogen atoms 
 CNSsolve>! 
 CNSsolve>! Adapted from HADDOCK protocols here and there. 
 CNSsolve>! JR & AMJJB @ 2020 
 CNSsolve>! 
 CNSsolve>define( 
 DEFINE>    {===>} auto_break=true; 
 DEFINE>    {===>} break_cutoff=2.5; 
 DEFINE>    {===>} dnaauto_break=true; 
 DEFINE>    {===>} dbreak_cutoff=4.5; 
 DEFINE>    {===>} auto_cispro=true; 
 DEFINE>    {===>} auto_disu=true; 
 DEFINE>    {===>} disulphide_dist=3.0; 
 DEFINE>    {===>} glyco_dist=2.75; 
 DEFINE>    {===>} coorin="molecule.pdb"; 
 DEFINE>    {===>} icutoff=5.0; 
 DEFINE>) 
 CNSsolve> 
 CNSsolve>! Mute (most) output 
 CNSsolve>set message=on echo=off end 
 ASSFIL: file merged.param opened.
 MESSage=NORM
 EVALUATE: symbol $OLD_MESSAGE set to "NORM" (string)
 ECHO=FALSe {OFF}
 EVALUATE: symbol $OLD_ECHO set to FALSE (logical)
 %PARRDR-info: duplication of bond HC   NC2 
 %PARRDR-info: duplication of angle CH2E C    NH1 
 %PARRDR-info: duplication of angle CH2P CH2E HA  
 ASSFIL: file merged.top opened.
 MESSage=NORM
 EVALUATE: symbol $OLD_MESSAGE set to "NORM" (string)
 ECHO=FALSe {OFF}
 EVALUATE: symbol $OLD_ECHO set to FALSE (logical)
 %RTFIO-warning: undefined masses in residue CYC 
 %RTFIO error encountered: there are undefined masses.
   (CNS is in mode: SET ABORT=NORMal END)
 MESSage=NORM
 EVALUATE: symbol $OLD_MESSAGE set to "NORM" (string)
 ECHO=FALSe {OFF}
 EVALUATE: symbol $OLD_ECHO set to FALSE (logical)
 ASSFIL: file protein_break.top opened.
 %RTFRDR-ERR: duplicate (P-)RESIdue name DPEP
 %RTFRDR-ERR: duplicate (P-)RESIdue name DPPP
 RTFRDR> 
 RTFRDR>end 
 CNSsolve> 
 CNSsolve>! Reset output muting 
 CNSsolve>set message=off echo=off end 
FOUND 5 NAG:ASN pairs
NAG:ASN bond added from   B    901  to   B    53  
NAG:ASN bond added from   B    903  to   B    90  
NAG:ASN bond added from   B    907  to   B    322 
NAG:ASN bond added from   B    910  to   B    546 
NAG:ASN bond added from   E    1401 to   E    343 
FOUND 5 NAG:NAG pairs
NAG:NAG B14 bond added from   B    902  to   B    901 
NAG:NAG B14 bond added from   B    904  to   B    903 
NAG:NAG B14 bond added from   B    911  to   B    910 
NAG:NAG B14 bond added from   E    1402 to   E    1401
NAG:NAG B14 bond added from   E    1403 to   E    1402
 %PARRDR-info: duplication of bond HC   NC2 
 %PARRDR-info: duplication of angle CH2E C    NH1 
 %PARRDR-info: duplication of angle CH2P CH2E HA  
 POWELL: number of degrees of freedom= 13857
 NBONDS: generating intra-molecular exclusion list with mode=-2
 MAKINB: mode  -2 found   4619 exclusions and      0 interactions(1-4)
 %atoms "B   -29  -LEU -HD13" and "B   -29  -LEU -HD22" only  0.09 A apart
 %atoms "B   -73  -TYR -HB1 " and "B   -73  -TYR -CG  " only  0.09 A apart
 %atoms "B   -74  -GLU -HA  " and "B   -74  -GLU -CB  " only  0.09 A apart
 %atoms "B   -119 -ILE -HA  " and "B   -119 -ILE -HD11" only  0.10 A apart
 %atoms "B   -145 -GLU -HA  " and "B   -145 -GLU -HB1 " only  0.06 A apart
 %atoms "B   -255 -ARG -HG1 " and "B   -255 -ARG -CD  " only  0.09 A apart
 %atoms "B   -256 -ILE -CB  " and "B   -256 -ILE -HG11" only  0.09 A apart
 %atoms "B   -485 -VAL -HA  " and "B   -485 -VAL -HG22" only  0.04 A apart
 %atoms "B   -501 -ALA -HB2 " and "B   -501 -ALA -C   " only  0.10 A apart
 %atoms "B   -557 -MET -HA  " and "B   -557 -MET -HE3 " only  0.08 A apart
 %atoms "B   -569 -ALA -CA  " and "B   -569 -ALA -HB2 " only  0.07 A apart
 %atoms "E   -430 -THR -HB  " and "E   -430 -THR -HG23" only  0.08 A apart
 %atoms "E   -433 -VAL -HB  " and "E   -433 -VAL -HG13" only  0.10 A apart
 NBONDS: found   703595 intra-atom interactions
 NBONDS: found       13 nonbonded violations
 %atoms "B   -223 -ILE -CB  " and "B   -223 -ILE -HG12" only  0.06 A apart
 %atoms "B   -476 -LYS -CD  " and "B   -476 -LYS -HE2 " only  0.09 A apart
 NBONDS: found   702646 intra-atom interactions
 NBONDS: found        2 nonbonded violations
 NBONDS: found   699233 intra-atom interactions
 NBONDS: found   697195 intra-atom interactions
 NBONDS: found   695711 intra-atom interactions
 --------------- cycle=    10 ------ stepsize=   -0.0000 -----------------------
 | Etotal =0.34E+07   grad(E)=585.547    E(BOND)=540810.699 E(ANGL)=0.16E+07   |
 | E(VDW )=0.13E+07                                                            |
 -------------------------------------------------------------------------------
 NBONDS: found   696124 intra-atom interactions
 NBONDS: found   696656 intra-atom interactions
 NBONDS: found   697044 intra-atom interactions
 NBONDS: found   696982 intra-atom interactions
 --------------- cycle=    20 ------ stepsize=    0.0000 -----------------------
 | Etotal =0.13E+07   grad(E)=302.024    E(BOND)=231288.219 E(ANGL)=508396.168 |
 | E(VDW )=529933.951                                                          |
 -------------------------------------------------------------------------------
 NBONDS: found   696618 intra-atom interactions
 NBONDS: found   696479 intra-atom interactions
 NBONDS: found   696825 intra-atom interactions
 --------------- cycle=    30 ------ stepsize=    0.0000 -----------------------
 | Etotal =0.10E+07   grad(E)=246.943    E(BOND)=190574.232 E(ANGL)=374628.662 |
 | E(VDW )=444176.276                                                          |
 -------------------------------------------------------------------------------
 NBONDS: found   697003 intra-atom interactions
 NBONDS: found   696877 intra-atom interactions
 NBONDS: found   696910 intra-atom interactions
 --------------- cycle=    40 ------ stepsize=    0.0000 -----------------------
 | Etotal =955452.278 grad(E)=234.347    E(BOND)=184950.751 E(ANGL)=345115.397 |
 | E(VDW )=425386.131                                                          |
 -------------------------------------------------------------------------------
 NBONDS: found   696984 intra-atom interactions
 NBONDS: found   696916 intra-atom interactions
 --------------- cycle=    50 ------ stepsize=   -0.0000 -----------------------
 | Etotal =939471.550 grad(E)=232.009    E(BOND)=183880.053 E(ANGL)=337109.815 |
 | E(VDW )=418481.682                                                          |
 -------------------------------------------------------------------------------
 POWELL: STEP number limit. Normal termination
 POWELL: Current coordinates set to last minimum
 DCART: temperature coupling (TCOUpling) enabled
 -------------------------- Cartesian dynamics start ---------------------------
 | E(kin)+E(total)=0.35E+07        E(kin)=4242.237      temperature=308.117    |
 | Etotal =0.35E+07   grad(E)=597.826    E(BOND)=183880.053 E(ANGL)=337109.815 |
 | E(IMPR)=0.29E+07                                                            |
 -------------------------------------------------------------------------------
 ----------------- final step=       50 at      0.02500 ps ---------------------
 | E(kin)+E(total)=0.22E+07        E(kin)=440416.188    temperature=31987.805  |
 | Etotal =0.18E+07   grad(E)=322.591    E(BOND)=194517.970 E(ANGL)=824030.845 |
 | E(IMPR)=767382.052                                                          |
 -------------------------------------------------------------------------------
 CENMAS: Information about center of free masses
         position [A]          :     -0.77793      0.00171     -0.41667
         velocity [A/ps]       :     -0.31291     -0.52639     -0.17588
         ang. mom. [amu A/ps]  :-977704.84226 109123.05873 567347.00112
         kin. ener. [Kcal/mol] :     44.81401
 POWELL: number of degrees of freedom= 13857
 NBONDS: found   694283 intra-atom interactions
 NBONDS: found   693287 intra-atom interactions
 NBONDS: found   693555 intra-atom interactions
 NBONDS: found   694641 intra-atom interactions
 --------------- cycle=    10 ------ stepsize=   -0.0000 -----------------------
 | Etotal =0.19E+07   grad(E)=272.436    E(BOND)=234678.393 E(ANGL)=452869.751 |
 | E(IMPR)=679662.377 E(VDW )=502939.960                                       |
 -------------------------------------------------------------------------------
 NBONDS: found   695438 intra-atom interactions
 NBONDS: found   695624 intra-atom interactions
 NBONDS: found   695441 intra-atom interactions
 NBONDS: found   695570 intra-atom interactions
 --------------- cycle=    20 ------ stepsize=   -0.0000 -----------------------
 | Etotal =0.13E+07   grad(E)=141.096    E(BOND)=175872.763 E(ANGL)=164718.132 |
 | E(IMPR)=556526.219 E(VDW )=361516.122                                       |
 -------------------------------------------------------------------------------
 NBONDS: found   695714 intra-atom interactions
 NBONDS: found   695609 intra-atom interactions
 NBONDS: found   695472 intra-atom interactions
 --------------- cycle=    30 ------ stepsize=    0.0001 -----------------------
 | Etotal =0.12E+07   grad(E)=117.352    E(BOND)=168388.103 E(ANGL)=137390.917 |
 | E(IMPR)=545391.957 E(VDW )=337956.289                                       |
 -------------------------------------------------------------------------------
 NBONDS: found   695411 intra-atom interactions
 NBONDS: found   695365 intra-atom interactions
 NBONDS: found   695384 intra-atom interactions
 --------------- cycle=    40 ------ stepsize=   -0.0002 -----------------------
 | Etotal =0.12E+07   grad(E)=117.846    E(BOND)=169081.375 E(ANGL)=132716.471 |
 | E(IMPR)=533628.524 E(VDW )=329878.077                                       |
 -------------------------------------------------------------------------------
 NBONDS: found   695349 intra-atom interactions
 NBONDS: found   695422 intra-atom interactions
 --------------- cycle=    50 ------ stepsize=   -0.0002 -----------------------
 | Etotal =0.11E+07   grad(E)=115.600    E(BOND)=168529.320 E(ANGL)=128606.419 |
 | E(IMPR)=521850.665 E(VDW )=325825.617                                       |
 -------------------------------------------------------------------------------
 POWELL: STEP number limit. Normal termination
 POWELL: Current coordinates set to last minimum
 DCART: temperature coupling (TCOUpling) enabled
 -------------------------- Cartesian dynamics start ---------------------------
 | E(kin)+E(total)=0.11E+07        E(kin)=4165.854      temperature=302.570    |
 | Etotal =0.11E+07   grad(E)=115.600    E(BOND)=168529.320 E(ANGL)=128606.419 |
 | E(IMPR)=521850.665 E(VDW )=325825.617                                       |
 -------------------------------------------------------------------------------
 NBONDS: found   695495 intra-atom interactions
 NBONDS: found   695522 intra-atom interactions
 NBONDS: found   695511 intra-atom interactions
 ----------------- final step=       50 at      0.02500 ps ---------------------
 | E(kin)+E(total)=0.11E+07        E(kin)=9340.323      temperature=678.396    |
 | Etotal =0.11E+07   grad(E)=118.915    E(BOND)=170096.093 E(ANGL)=125761.101 |
 | E(IMPR)=512089.440 E(VDW )=324049.585                                       |
 -------------------------------------------------------------------------------
 CENMAS: Information about center of free masses
         position [A]          :     -0.78250     -0.00487     -0.41213
         velocity [A/ps]       :     -0.03760      0.08138     -0.05067
         ang. mom. [amu A/ps]  :  91867.37913 135833.31530-142235.57297
         kin. ener. [Kcal/mol] :      1.17071
 %PARRDR-info: duplication of bond HC   NC2 
 %PARRDR-info: duplication of angle CH2E C    NH1 
 %PARRDR-info: duplication of angle CH2P CH2E HA  
 POWELL: number of degrees of freedom= 13857
 NBONDS: generating intra-molecular exclusion list with mode=-3
 MAKINB: mode  -3 found  15780 exclusions and      0 interactions(1-4)
 NBONDS: found   684353 intra-atom interactions
 NBONDS: found   686202 intra-atom interactions
 NBONDS: found   686314 intra-atom interactions
 NBONDS: found   686255 intra-atom interactions
 NBONDS: found   686591 intra-atom interactions
 NBONDS: found   687004 intra-atom interactions
 NBONDS: found   687042 intra-atom interactions
 --------------- cycle=    25 ------ stepsize=    0.0003 -----------------------
 | Etotal =246084.375 grad(E)=105.010    E(BOND)=19267.767  E(ANGL)=119493.809 |
 | E(IMPR)=105177.836 E(VDW )=2144.964                                         |
 -------------------------------------------------------------------------------
 NBONDS: found   687057 intra-atom interactions
 NBONDS: found   686931 intra-atom interactions
 NBONDS: found   686895 intra-atom interactions
 NBONDS: found   687224 intra-atom interactions
 NBONDS: found   687217 intra-atom interactions
 NBONDS: found   687077 intra-atom interactions
 NBONDS: found   686890 intra-atom interactions
 --------------- cycle=    50 ------ stepsize=    0.0000 -----------------------
 | Etotal =48537.315  grad(E)=38.215     E(BOND)=2464.026   E(ANGL)=27053.299  |
 | E(IMPR)=18096.152  E(VDW )=923.838                                          |
 -------------------------------------------------------------------------------
 NBONDS: found   686894 intra-atom interactions
 NBONDS: found   686871 intra-atom interactions
 NBONDS: found   686932 intra-atom interactions
 NBONDS: found   686851 intra-atom interactions
 NBONDS: found   686870 intra-atom interactions
 --------------- cycle=    75 ------ stepsize=    0.0007 -----------------------
 | Etotal =6373.744   grad(E)=10.779     E(BOND)=212.381    E(ANGL)=3322.099   |
 | E(IMPR)=2224.489   E(VDW )=614.775                                          |
 -------------------------------------------------------------------------------
 NBONDS: found   686905 intra-atom interactions
 NBONDS: found   686877 intra-atom interactions
 NBONDS: found   686847 intra-atom interactions
 NBONDS: found   686857 intra-atom interactions
 --------------- cycle=   100 ------ stepsize=    0.0007 -----------------------
 | Etotal =1115.819   grad(E)=6.722      E(BOND)=28.779     E(ANGL)=470.419    |
 | E(IMPR)=35.696     E(VDW )=580.924                                          |
 -------------------------------------------------------------------------------
 POWELL: STEP number limit. Normal termination
 POWELL: Current coordinates set to last minimum
 DCART: temperature coupling (TCOUpling) enabled
 -------------------------- Cartesian dynamics start ---------------------------
 | E(kin)+E(total)=5199.958        E(kin)=4084.140      temperature=296.635    |
 | Etotal =1115.819   grad(E)=6.722      E(BOND)=28.779     E(ANGL)=470.419    |
 | E(IMPR)=35.696     E(VDW )=580.924                                          |
 -------------------------------------------------------------------------------
 NBONDS: found   686912 intra-atom interactions
 NBONDS: found   686875 intra-atom interactions
 NBONDS: found   686839 intra-atom interactions
 ----------------- final step=      500 at      0.25000 ps ---------------------
 | E(kin)+E(total)=8595.294        E(kin)=4620.434      temperature=335.586    |
 | Etotal =3974.860   grad(E)=25.291     E(BOND)=712.195    E(ANGL)=2261.367   |
 | E(IMPR)=294.789    E(VDW )=706.508                                          |
 -------------------------------------------------------------------------------
 CENMAS: Information about center of free masses
         position [A]          :     -0.78133     -0.00390     -0.41035
         velocity [A/ps]       :      0.01629     -0.02230     -0.03997
         ang. mom. [amu A/ps]  :  30376.88198 -43250.95990 240516.59286
         kin. ener. [Kcal/mol] :      0.26057
 EFLAGS: the following energy flags are set
 EFLAGS: BOND ANGL DIHE IMPR VDW 
 %PARRDR-info: duplication of bond HC   NC2 
 %PARRDR-info: duplication of angle CH2E C    NH1 
 %PARRDR-info: duplication of angle CH2P CH2E HA  
 POWELL: number of degrees of freedom= 13857
 NBONDS: generating intra-molecular exclusion list with mode=-3
 MAKINB: mode  -3 found  15780 exclusions and      0 interactions(1-4)
 NBONDS: found   686901 intra-atom interactions
 NBONDS: found   686882 intra-atom interactions
 --------------- cycle=    50 ------ stepsize=    0.0010 -----------------------
 | Etotal =13503.731  grad(E)=13.444     E(BOND)=236.214    E(ANGL)=1178.987   |
 | E(DIHE)=199.792    E(IMPR)=91.814     E(VDW )=11796.923                     |
 -------------------------------------------------------------------------------
 NBONDS: found   686804 intra-atom interactions
 --------------- cycle=   100 ------ stepsize=    0.0013 -----------------------
 | Etotal =13167.828  grad(E)=13.356     E(BOND)=230.856    E(ANGL)=1163.716   |
 | E(DIHE)=175.835    E(IMPR)=90.339     E(VDW )=11507.083                     |
 -------------------------------------------------------------------------------
 --------------- cycle=   150 ------ stepsize=    0.0009 -----------------------
 | Etotal =13122.876  grad(E)=13.335     E(BOND)=230.456    E(ANGL)=1161.302   |
 | E(DIHE)=176.485    E(IMPR)=89.139     E(VDW )=11465.494                     |
 -------------------------------------------------------------------------------
 --------------- cycle=   200 ------ stepsize=    0.0011 -----------------------
 | Etotal =13109.659  grad(E)=13.332     E(BOND)=230.015    E(ANGL)=1161.286   |
 | E(DIHE)=175.659    E(IMPR)=89.349     E(VDW )=11453.350                     |
 -------------------------------------------------------------------------------
 NBONDS: found   686846 intra-atom interactions
 --------------- cycle=   250 ------ stepsize=    0.0013 -----------------------
 | Etotal =13108.181  grad(E)=13.335     E(BOND)=230.093    E(ANGL)=1161.726   |
 | E(DIHE)=176.528    E(IMPR)=88.785     E(VDW )=11451.049                     |
 -------------------------------------------------------------------------------
 --------------- cycle=   300 ------ stepsize=    0.0008 -----------------------
 | Etotal =13107.024  grad(E)=13.335     E(BOND)=229.927    E(ANGL)=1161.626   |
 | E(DIHE)=177.028    E(IMPR)=89.173     E(VDW )=11449.271                     |
 -------------------------------------------------------------------------------
 --------------- cycle=   350 ------ stepsize=    0.0011 -----------------------
 | Etotal =13106.996  grad(E)=13.336     E(BOND)=229.936    E(ANGL)=1161.650   |
 | E(DIHE)=177.077    E(IMPR)=89.158     E(VDW )=11449.175                     |
 -------------------------------------------------------------------------------
 --------------- cycle=   400 ------ stepsize=    0.0012 -----------------------
 | Etotal =13106.995  grad(E)=13.336     E(BOND)=229.934    E(ANGL)=1161.651   |
 | E(DIHE)=177.084    E(IMPR)=89.157     E(VDW )=11449.169                     |
 -------------------------------------------------------------------------------
 --------------- cycle=   450 ------ stepsize=    0.0012 -----------------------
 | Etotal =13106.995  grad(E)=13.336     E(BOND)=229.933    E(ANGL)=1161.650   |
 | E(DIHE)=177.080    E(IMPR)=89.158     E(VDW )=11449.174                     |
 -------------------------------------------------------------------------------
 POWELL: Gradient converged. Normal termination
 POWELL: Current coordinates set to last minimum
 DCART: temperature coupling (TCOUpling) enabled
 -------------------------- Cartesian dynamics start ---------------------------
 | E(kin)+E(total)=17259.036       E(kin)=4152.041      temperature=301.566    |
 | Etotal =13106.995  grad(E)=13.336     E(BOND)=229.933    E(ANGL)=1161.650   |
 | E(DIHE)=177.080    E(IMPR)=89.158     E(VDW )=11449.175                     |
 -------------------------------------------------------------------------------
 NBONDS: found   686801 intra-atom interactions
 NBONDS: found   686714 intra-atom interactions
 NBONDS: found   686709 intra-atom interactions
 NBONDS: found   686624 intra-atom interactions
 NBONDS: found   686940 intra-atom interactions
 NBONDS: found   686765 intra-atom interactions
 NBONDS: found   686768 intra-atom interactions
 ----------------- final step=      500 at      0.25000 ps ---------------------
 | E(kin)+E(total)=21402.071       E(kin)=4261.961      temperature=309.550    |
 | Etotal =17140.110  grad(E)=31.850     E(BOND)=1308.051   E(ANGL)=3472.018   |
 | E(DIHE)=182.481    E(IMPR)=437.010    E(VDW )=11740.550                     |
 -------------------------------------------------------------------------------
 CENMAS: Information about center of free masses
         position [A]          :     -0.78195     -0.00459     -0.41034
         velocity [A/ps]       :     -0.22058     -0.51409     -0.13473
         ang. mom. [amu A/ps]  : -42939.81694  18390.23022 -16211.56233
         kin. ener. [Kcal/mol] :      1.84222
 POWELL: number of degrees of freedom= 13857
 --------------- cycle=    50 ------ stepsize=    0.0010 -----------------------
 | Etotal =13116.132  grad(E)=13.358     E(BOND)=230.750    E(ANGL)=1163.508   |
 | E(DIHE)=174.451    E(IMPR)=89.699     E(VDW )=11457.724                     |
 -------------------------------------------------------------------------------
 --------------- cycle=   100 ------ stepsize=    0.0012 -----------------------
 | Etotal =13108.802  grad(E)=13.339     E(BOND)=229.897    E(ANGL)=1161.968   |
 | E(DIHE)=176.677    E(IMPR)=89.333     E(VDW )=11450.927                     |
 -------------------------------------------------------------------------------
 --------------- cycle=   150 ------ stepsize=    0.0008 -----------------------
 | Etotal =13107.420  grad(E)=13.339     E(BOND)=229.913    E(ANGL)=1161.995   |
 | E(DIHE)=176.864    E(IMPR)=89.191     E(VDW )=11449.458                     |
 -------------------------------------------------------------------------------
 --------------- cycle=   200 ------ stepsize=    0.0011 -----------------------
 | Etotal =13107.044  grad(E)=13.337     E(BOND)=229.891    E(ANGL)=1161.794   |
 | E(DIHE)=176.966    E(IMPR)=89.201     E(VDW )=11449.193                     |
 -------------------------------------------------------------------------------
 --------------- cycle=   250 ------ stepsize=    0.0013 -----------------------
 | Etotal =13107.032  grad(E)=13.337     E(BOND)=229.929    E(ANGL)=1161.722   |
 | E(DIHE)=176.985    E(IMPR)=89.185     E(VDW )=11449.212                     |
 -------------------------------------------------------------------------------
 --------------- cycle=   300 ------ stepsize=    0.0011 -----------------------
 | Etotal =13107.024  grad(E)=13.335     E(BOND)=229.957    E(ANGL)=1161.563   |
 | E(DIHE)=177.101    E(IMPR)=89.180     E(VDW )=11449.223                     |
 -------------------------------------------------------------------------------
 --------------- cycle=   350 ------ stepsize=    0.0013 -----------------------
 | Etotal =13107.023  grad(E)=13.336     E(BOND)=229.951    E(ANGL)=1161.581   |
 | E(DIHE)=177.083    E(IMPR)=89.177     E(VDW )=11449.231                     |
 -------------------------------------------------------------------------------
 --------------- cycle=   400 ------ stepsize=    0.0010 -----------------------
 | Etotal =13107.023  grad(E)=13.336     E(BOND)=229.949    E(ANGL)=1161.594   |
 | E(DIHE)=177.082    E(IMPR)=89.178     E(VDW )=11449.221                     |
 -------------------------------------------------------------------------------
 POWELL: Gradient converged. Normal termination
 POWELL: Current coordinates set to last minimum
 POWELL: number of degrees of freedom= 18375
 NBONDS: found   686804 intra-atom interactions
 NBONDS: found   686670 intra-atom interactions
 NBONDS: found   686797 intra-atom interactions
 --------------- cycle=     5 ------ stepsize=    0.0006 -----------------------
 | Etotal =12929.753  grad(E)=13.300     E(BOND)=228.370    E(ANGL)=1157.924   |
 | E(DIHE)=177.088    E(IMPR)=89.196     E(VDW )=11277.174                     |
 -------------------------------------------------------------------------------
 --------------- cycle=    10 ------ stepsize=    0.0010 -----------------------
 | Etotal =12926.161  grad(E)=13.287     E(BOND)=228.170    E(ANGL)=1158.142   |
 | E(DIHE)=176.922    E(IMPR)=89.118     E(VDW )=11273.809                     |
 -------------------------------------------------------------------------------
 --------------- cycle=    15 ------ stepsize=    0.0005 -----------------------
 | Etotal =12922.334  grad(E)=13.287     E(BOND)=227.904    E(ANGL)=1157.698   |
 | E(DIHE)=176.427    E(IMPR)=89.191     E(VDW )=11271.113                     |
 -------------------------------------------------------------------------------
 --------------- cycle=    20 ------ stepsize=    0.0008 -----------------------
 | Etotal =12919.606  grad(E)=13.285     E(BOND)=228.307    E(ANGL)=1157.277   |
 | E(DIHE)=176.118    E(IMPR)=89.093     E(VDW )=11268.811                     |
 -------------------------------------------------------------------------------
 --------------- cycle=    25 ------ stepsize=    0.0002 -----------------------
 | Etotal =12919.330  grad(E)=13.284     E(BOND)=228.106    E(ANGL)=1157.790   |
 | E(DIHE)=176.126    E(IMPR)=89.119     E(VDW )=11268.189                     |
 -------------------------------------------------------------------------------
 --------------- cycle=    30 ------ stepsize=    0.0014 -----------------------
 | Etotal =12919.047  grad(E)=13.282     E(BOND)=228.074    E(ANGL)=1157.587   |
 | E(DIHE)=176.139    E(IMPR)=89.125     E(VDW )=11268.121                     |
 -------------------------------------------------------------------------------
 --------------- cycle=    35 ------ stepsize=   -0.0002 -----------------------
 | Etotal =12918.951  grad(E)=13.284     E(BOND)=228.139    E(ANGL)=1157.848   |
 | E(DIHE)=176.155    E(IMPR)=89.128     E(VDW )=11267.680                     |
 -------------------------------------------------------------------------------
 --------------- cycle=    40 ------ stepsize=    0.0010 -----------------------
 | Etotal =12918.921  grad(E)=13.284     E(BOND)=228.149    E(ANGL)=1157.690   |
 | E(DIHE)=176.155    E(IMPR)=89.114     E(VDW )=11267.814                     |
 -------------------------------------------------------------------------------
 --------------- cycle=    45 ------ stepsize=    0.0005 -----------------------
 | Etotal =12918.884  grad(E)=13.285     E(BOND)=228.155    E(ANGL)=1157.810   |
 | E(DIHE)=176.151    E(IMPR)=89.116     E(VDW )=11267.653                     |
 -------------------------------------------------------------------------------
 --------------- cycle=    50 ------ stepsize=    0.0011 -----------------------
 | Etotal =12918.849  grad(E)=13.284     E(BOND)=228.145    E(ANGL)=1157.742   |
 | E(DIHE)=176.141    E(IMPR)=89.113     E(VDW )=11267.708                     |
 -------------------------------------------------------------------------------
 POWELL: STEP number limit. Normal termination
 POWELL: Current coordinates set to last minimum
 %PARRDR-info: duplication of bond HC   NC2 
 %PARRDR-info: duplication of angle CH2E C    NH1 
 %PARRDR-info: duplication of angle CH2P CH2E HA  
 POWELL: number of degrees of freedom= 18375
 NBONDS: generating intra-molecular exclusion list with mode= 5
 MAKINB: mode   5 found  17796 exclusions and  17947 interactions(1-4)
 NBONDS: found   909427 intra-atom interactions
 POWELL: Line search terminated
 POWELL: Current coordinates set to last minimum
 --------------- cycle=     1 --------------------------------------------------
 | Etotal =128.618    grad(E)=5.846      E(BOND)=30.397     E(ANGL)=428.447    |
 | E(DIHE)=155.081    E(IMPR)=38.952     E(VDW )=-525.143   E(ELEC)=0.883      |
 -------------------------------------------------------------------------------
 SURFAC: half the sigma value being used for atomic radii.
 SURFAC: ACCEssible surface area
 SURFAC: ACCUracy= 0.07 RH2O=  1.40
         Z-grid=  0.32 number-of-Z-sections=  211
         measures-of-arc= 94755 and152099
 SURFAC: half the sigma value being used for atomic radii.
 SURFAC: ACCEssible surface area
 SURFAC: ACCUracy= 0.07 RH2O=  1.40
         Z-grid=  0.32 number-of-Z-sections=  132
         measures-of-arc= 25607 and 46139
 SURFAC: half the sigma value being used for atomic radii.
 SURFAC: ACCEssible surface area
 SURFAC: ACCUracy= 0.07 RH2O=  1.40
         Z-grid=  0.32 number-of-Z-sections=  211
         measures-of-arc=122072 and198677
 %PARRDR-info: duplication of bond HC   NC2 
 %PARRDR-info: duplication of angle CH2E C    NH1 
 %PARRDR-info: duplication of angle CH2P CH2E HA  
 NBONDS: generating intra-molecular exclusion list with mode= 5
 MAKINB: mode   5 found      0 exclusions and      0 interactions(1-4)
 NBONDS: found     1372 intra-atom interactions
 --------------- cycle=     2 --------------------------------------------------
 | Etotal =-2.872     grad(E)=0.034      E(VDW )=-2.651     E(ELEC)=-0.222     |
 -------------------------------------------------------------------------------
 NBONDS: generating intra-molecular exclusion list with mode= 5
 MAKINB: mode   5 found      0 exclusions and      0 interactions(1-4)
 NBONDS: found     1604 intra-atom interactions
 --------------- cycle=     3 --------------------------------------------------
 | Etotal =-11.358    grad(E)=0.113      E(VDW )=-4.040     E(ELEC)=-7.318     |
 -------------------------------------------------------------------------------
 NBONDS: generating intra-molecular exclusion list with mode= 5
 MAKINB: mode   5 found      0 exclusions and      0 interactions(1-4)
 NBONDS: found     1155 intra-atom interactions
 --------------- cycle=     4 --------------------------------------------------
 | Etotal =-3.091     grad(E)=0.021      E(VDW )=-2.169     E(ELEC)=-0.922     |
 -------------------------------------------------------------------------------
 NBONDS: generating intra-molecular exclusion list with mode= 5
 MAKINB: mode   5 found      0 exclusions and      0 interactions(1-4)
 NBONDS: found     1321 intra-atom interactions
 --------------- cycle=     5 --------------------------------------------------
 | Etotal =-86.472    grad(E)=0.402      E(VDW )=0.447      E(ELEC)=-86.919    |
 -------------------------------------------------------------------------------
 NBONDS: generating intra-molecular exclusion list with mode= 5
 MAKINB: mode   5 found      0 exclusions and      0 interactions(1-4)
 NBONDS: found     2443 intra-atom interactions
 --------------- cycle=     6 --------------------------------------------------
 | Etotal =-42.689    grad(E)=0.232      E(VDW )=-5.490     E(ELEC)=-37.199    |
 -------------------------------------------------------------------------------
 NBONDS: generating intra-molecular exclusion list with mode= 5
 MAKINB: mode   5 found      0 exclusions and      0 interactions(1-4)
 NBONDS: found     1994 intra-atom interactions
 --------------- cycle=     7 --------------------------------------------------
 | Etotal =13.919     grad(E)=0.192      E(VDW )=-4.464     E(ELEC)=18.384     |
 -------------------------------------------------------------------------------
 NBONDS: generating intra-molecular exclusion list with mode= 5
 MAKINB: mode   5 found      0 exclusions and      0 interactions(1-4)
 NBONDS: found      837 intra-atom interactions
 --------------- cycle=     8 --------------------------------------------------
 | Etotal =-14.189    grad(E)=0.271      E(VDW )=-1.256     E(ELEC)=-12.933    |
 -------------------------------------------------------------------------------
 NBONDS: generating intra-molecular exclusion list with mode= 5
 MAKINB: mode   5 found      0 exclusions and      0 interactions(1-4)
 NBONDS: found      633 intra-atom interactions
 --------------- cycle=     9 --------------------------------------------------
 | Etotal =-1.743     grad(E)=0.123      E(VDW )=-0.806     E(ELEC)=-0.937     |
 -------------------------------------------------------------------------------
 NBONDS: generating intra-molecular exclusion list with mode= 5
 MAKINB: mode   5 found      0 exclusions and      0 interactions(1-4)
 NBONDS: found     1328 intra-atom interactions
 --------------- cycle=    10 --------------------------------------------------
 | Etotal =-31.247    grad(E)=0.343      E(VDW )=-3.445     E(ELEC)=-27.802    |
 -------------------------------------------------------------------------------
 NBONDS: generating intra-molecular exclusion list with mode= 5
 MAKINB: mode   5 found      0 exclusions and      0 interactions(1-4)
 NBONDS: found     1415 intra-atom interactions
 --------------- cycle=    11 --------------------------------------------------
 | Etotal =-7.339     grad(E)=0.138      E(VDW )=-3.501     E(ELEC)=-3.838     |
 -------------------------------------------------------------------------------
 NBONDS: generating intra-molecular exclusion list with mode= 5
 MAKINB: mode   5 found      0 exclusions and      0 interactions(1-4)
 NBONDS: found      460 intra-atom interactions
 --------------- cycle=    12 --------------------------------------------------
 | Etotal =-0.097     grad(E)=0.040      E(VDW )=-0.517     E(ELEC)=0.420      |
 -------------------------------------------------------------------------------
 NBONDS: generating intra-molecular exclusion list with mode= 5
 MAKINB: mode   5 found      0 exclusions and      0 interactions(1-4)
 NBONDS: found      695 intra-atom interactions
 --------------- cycle=    13 --------------------------------------------------
 | Etotal =-2.692     grad(E)=0.012      E(VDW )=-1.877     E(ELEC)=-0.814     |
 -------------------------------------------------------------------------------
 NBONDS: generating intra-molecular exclusion list with mode= 5
 MAKINB: mode   5 found      0 exclusions and      0 interactions(1-4)
 NBONDS: found      376 intra-atom interactions
 --------------- cycle=    14 --------------------------------------------------
 | Etotal =-2.040     grad(E)=0.018      E(VDW )=-1.893     E(ELEC)=-0.147     |
 -------------------------------------------------------------------------------
 NBONDS: generating intra-molecular exclusion list with mode= 5
 MAKINB: mode   5 found      0 exclusions and      0 interactions(1-4)
 NBONDS: found      682 intra-atom interactions
 --------------- cycle=    15 --------------------------------------------------
 | Etotal =-5.654     grad(E)=0.056      E(VDW )=-2.898     E(ELEC)=-2.756     |
 -------------------------------------------------------------------------------
 NBONDS: generating intra-molecular exclusion list with mode= 5
 MAKINB: mode   5 found      0 exclusions and      0 interactions(1-4)
 NBONDS: found      599 intra-atom interactions
 --------------- cycle=    16 --------------------------------------------------
 | Etotal =-4.391     grad(E)=0.056      E(VDW )=-0.847     E(ELEC)=-3.545     |
 -------------------------------------------------------------------------------
 NBONDS: generating intra-molecular exclusion list with mode= 5
 MAKINB: mode   5 found      0 exclusions and      0 interactions(1-4)
 NBONDS: found      333 intra-atom interactions
 --------------- cycle=    17 --------------------------------------------------
 | Etotal =-0.557     grad(E)=0.018      E(VDW )=-1.080     E(ELEC)=0.523      |
 -------------------------------------------------------------------------------
 NBONDS: generating intra-molecular exclusion list with mode= 5
 MAKINB: mode   5 found      0 exclusions and      0 interactions(1-4)
 NBONDS: found     3084 intra-atom interactions
 --------------- cycle=    18 --------------------------------------------------
 | Etotal =-44.590    grad(E)=0.294      E(VDW )=-9.888     E(ELEC)=-34.702    |
 -------------------------------------------------------------------------------
 NBONDS: generating intra-molecular exclusion list with mode= 5
 MAKINB: mode   5 found      0 exclusions and      0 interactions(1-4)
 NBONDS: found      603 intra-atom interactions
 --------------- cycle=    19 --------------------------------------------------
 | Etotal =-3.612     grad(E)=0.044      E(VDW )=-2.862     E(ELEC)=-0.750     |
 -------------------------------------------------------------------------------
 NBONDS: generating intra-molecular exclusion list with mode= 5
 MAKINB: mode   5 found      0 exclusions and      0 interactions(1-4)
 NBONDS: found      807 intra-atom interactions
 --------------- cycle=    20 --------------------------------------------------
 | Etotal =-7.532     grad(E)=0.173      E(VDW )=-3.775     E(ELEC)=-3.757     |
 -------------------------------------------------------------------------------
 NBONDS: generating intra-molecular exclusion list with mode= 5
 MAKINB: mode   5 found      0 exclusions and      0 interactions(1-4)
 NBONDS: found      521 intra-atom interactions
 --------------- cycle=    21 --------------------------------------------------
 | Etotal =-1.118     grad(E)=0.091      E(VDW )=-1.128     E(ELEC)=0.010      |
 -------------------------------------------------------------------------------
 NBONDS: generating intra-molecular exclusion list with mode= 5
 MAKINB: mode   5 found      0 exclusions and      0 interactions(1-4)
 NBONDS: found      219 intra-atom interactions
 --------------- cycle=    22 --------------------------------------------------
 | Etotal =1.080      grad(E)=0.069      E(VDW )=-0.366     E(ELEC)=1.446      |
 -------------------------------------------------------------------------------
 NBONDS: generating intra-molecular exclusion list with mode= 5
 MAKINB: mode   5 found      0 exclusions and      0 interactions(1-4)
 NBONDS: found      734 intra-atom interactions
 --------------- cycle=    23 --------------------------------------------------
 | Etotal =19.313     grad(E)=0.141      E(VDW )=-1.130     E(ELEC)=20.443     |
 -------------------------------------------------------------------------------
 NBONDS: generating intra-molecular exclusion list with mode= 5
 MAKINB: mode   5 found      0 exclusions and      0 interactions(1-4)
 NBONDS: found      761 intra-atom interactions
 --------------- cycle=    24 --------------------------------------------------
 | Etotal =-92.928    grad(E)=0.390      E(VDW )=2.919      E(ELEC)=-95.847    |
 -------------------------------------------------------------------------------
 NBONDS: generating intra-molecular exclusion list with mode= 5
 MAKINB: mode   5 found      0 exclusions and      0 interactions(1-4)
 NBONDS: found      301 intra-atom interactions
 --------------- cycle=    25 --------------------------------------------------
 | Etotal =-6.179     grad(E)=0.050      E(VDW )=-0.272     E(ELEC)=-5.907     |
 -------------------------------------------------------------------------------
 NBONDS: generating intra-molecular exclusion list with mode= 5
 MAKINB: mode   5 found      0 exclusions and      0 interactions(1-4)
 NBONDS: found      766 intra-atom interactions
 --------------- cycle=    26 --------------------------------------------------
 | Etotal =-15.080    grad(E)=0.244      E(VDW )=-0.888     E(ELEC)=-14.193    |
 -------------------------------------------------------------------------------
 NBONDS: generating intra-molecular exclusion list with mode= 5
 MAKINB: mode   5 found      0 exclusions and      0 interactions(1-4)
 NBONDS: found      571 intra-atom interactions
 --------------- cycle=    27 --------------------------------------------------
 | Etotal =-1.241     grad(E)=0.076      E(VDW )=-1.307     E(ELEC)=0.066      |
 -------------------------------------------------------------------------------
 NBONDS: generating intra-molecular exclusion list with mode= 5
 MAKINB: mode   5 found      0 exclusions and      0 interactions(1-4)
 NBONDS: found     1470 intra-atom interactions
 --------------- cycle=    28 --------------------------------------------------
 | Etotal =1.823      grad(E)=0.073      E(VDW )=-4.807     E(ELEC)=6.630      |
 -------------------------------------------------------------------------------
 NBONDS: generating intra-molecular exclusion list with mode= 5
 MAKINB: mode   5 found      0 exclusions and      0 interactions(1-4)
 NBONDS: found     1608 intra-atom interactions
 --------------- cycle=    29 --------------------------------------------------
 | Etotal =-2.172     grad(E)=0.147      E(VDW )=-3.348     E(ELEC)=1.176      |
 -------------------------------------------------------------------------------
 NBONDS: generating intra-molecular exclusion list with mode= 5
 MAKINB: mode   5 found      0 exclusions and      0 interactions(1-4)
 NBONDS: found      881 intra-atom interactions
 --------------- cycle=    30 --------------------------------------------------
 | Etotal =-1.204     grad(E)=0.028      E(VDW )=-1.805     E(ELEC)=0.602      |
 -------------------------------------------------------------------------------
 NBONDS: generating intra-molecular exclusion list with mode= 5
 MAKINB: mode   5 found      0 exclusions and      0 interactions(1-4)
 NBONDS: found      686 intra-atom interactions
 --------------- cycle=    31 --------------------------------------------------
 | Etotal =-1.511     grad(E)=0.033      E(VDW )=-1.654     E(ELEC)=0.143      |
 -------------------------------------------------------------------------------
 NBONDS: generating intra-molecular exclusion list with mode= 5
 MAKINB: mode   5 found      0 exclusions and      0 interactions(1-4)
 NBONDS: found      334 intra-atom interactions
 --------------- cycle=    32 --------------------------------------------------
 | Etotal =-0.970     grad(E)=0.020      E(VDW )=-0.793     E(ELEC)=-0.177     |
 -------------------------------------------------------------------------------
 NBONDS: generating intra-molecular exclusion list with mode= 5
 MAKINB: mode   5 found      0 exclusions and      0 interactions(1-4)
 NBONDS: found     1623 intra-atom interactions
 --------------- cycle=    33 --------------------------------------------------
 | Etotal =-6.280     grad(E)=0.025      E(VDW )=-5.397     E(ELEC)=-0.883     |
 -------------------------------------------------------------------------------
 NBONDS: generating intra-molecular exclusion list with mode= 5
 MAKINB: mode   5 found      0 exclusions and      0 interactions(1-4)
 NBONDS: found      826 intra-atom interactions
 --------------- cycle=    34 --------------------------------------------------
 | Etotal =-3.854     grad(E)=0.047      E(VDW )=-1.445     E(ELEC)=-2.409     |
 -------------------------------------------------------------------------------
 NBONDS: generating intra-molecular exclusion list with mode= 5
 MAKINB: mode   5 found      0 exclusions and      0 interactions(1-4)
 NBONDS: found     1670 intra-atom interactions
 --------------- cycle=    35 --------------------------------------------------
 | Etotal =-5.866     grad(E)=0.110      E(VDW )=-4.507     E(ELEC)=-1.359     |
 -------------------------------------------------------------------------------
 NBONDS: generating intra-molecular exclusion list with mode= 5
 MAKINB: mode   5 found      0 exclusions and      0 interactions(1-4)
 NBONDS: found      301 intra-atom interactions
 --------------- cycle=    36 --------------------------------------------------
 | Etotal =-3.354     grad(E)=0.062      E(VDW )=-0.563     E(ELEC)=-2.792     |
 -------------------------------------------------------------------------------
 NBONDS: generating intra-molecular exclusion list with mode= 5
 MAKINB: mode   5 found      0 exclusions and      0 interactions(1-4)
 NBONDS: found     1346 intra-atom interactions
 --------------- cycle=    37 --------------------------------------------------
 | Etotal =-39.836    grad(E)=0.279      E(VDW )=-2.026     E(ELEC)=-37.811    |
 -------------------------------------------------------------------------------
 NBONDS: generating intra-molecular exclusion list with mode= 5
 MAKINB: mode   5 found      0 exclusions and      0 interactions(1-4)
 NBONDS: found      760 intra-atom interactions
 --------------- cycle=    38 --------------------------------------------------
 | Etotal =-13.642    grad(E)=0.111      E(VDW )=-1.296     E(ELEC)=-12.346    |
 -------------------------------------------------------------------------------
 NBONDS: generating intra-molecular exclusion list with mode= 5
 MAKINB: mode   5 found      0 exclusions and      0 interactions(1-4)
 NBONDS: found      482 intra-atom interactions
 --------------- cycle=    39 --------------------------------------------------
 | Etotal =-20.182    grad(E)=0.122      E(VDW )=-1.901     E(ELEC)=-18.281    |
 -------------------------------------------------------------------------------
 NBONDS: generating intra-molecular exclusion list with mode= 5
 MAKINB: mode   5 found      0 exclusions and      0 interactions(1-4)
 NBONDS: found      569 intra-atom interactions
 --------------- cycle=    40 --------------------------------------------------
 | Etotal =-0.498     grad(E)=0.047      E(VDW )=-0.618     E(ELEC)=0.119      |
 -------------------------------------------------------------------------------
 NBONDS: generating intra-molecular exclusion list with mode= 5
 MAKINB: mode   5 found      0 exclusions and      0 interactions(1-4)
 NBONDS: found     1514 intra-atom interactions
 --------------- cycle=    41 --------------------------------------------------
 | Etotal =-7.274     grad(E)=0.069      E(VDW )=-3.607     E(ELEC)=-3.667     |
 -------------------------------------------------------------------------------
 NBONDS: generating intra-molecular exclusion list with mode= 5
 MAKINB: mode   5 found      0 exclusions and      0 interactions(1-4)
 NBONDS: found     1902 intra-atom interactions
 --------------- cycle=    42 --------------------------------------------------
 | Etotal =-16.450    grad(E)=0.194      E(VDW )=-5.181     E(ELEC)=-11.268    |
 -------------------------------------------------------------------------------
 NBONDS: generating intra-molecular exclusion list with mode= 5
 MAKINB: mode   5 found      0 exclusions and      0 interactions(1-4)
 NBONDS: found     1342 intra-atom interactions
 --------------- cycle=    43 --------------------------------------------------
 | Etotal =-0.493     grad(E)=0.126      E(VDW )=-5.868     E(ELEC)=5.375      |
 -------------------------------------------------------------------------------
 NBONDS: generating intra-molecular exclusion list with mode= 5
 MAKINB: mode   5 found      0 exclusions and      0 interactions(1-4)
 NBONDS: found      686 intra-atom interactions
 --------------- cycle=    44 --------------------------------------------------
 | Etotal =-8.499     grad(E)=0.077      E(VDW )=-2.460     E(ELEC)=-6.039     |
 -------------------------------------------------------------------------------
 NBONDS: generating intra-molecular exclusion list with mode= 5
 MAKINB: mode   5 found      0 exclusions and      0 interactions(1-4)
 NBONDS: found     1790 intra-atom interactions
 --------------- cycle=    45 --------------------------------------------------
 | Etotal =-8.928     grad(E)=0.054      E(VDW )=-6.102     E(ELEC)=-2.827     |
 -------------------------------------------------------------------------------
 HEAP: maximum use      =    22634760 current use      =       96000 bytes
 HEAP: maximum overhead =        2816 current overhead =         752 bytes
          ============================================================
           Maximum dynamic memory allocation:    22634760 bytes
           Maximum dynamic memory overhead:          2816 bytes
           Program started at: 16:41:00 on 08-May-2020
           Program stopped at: 16:41:23 on 08-May-2020
           CPU time used:      23.6719 seconds
          ============================================================
