          ============================================================
          |                                                          |
          |            Crystallography & NMR System (CNS)            |
          |                         CNSsolve                         |
          |                                                          |
          ============================================================
           Version: 1.3 at patch level U
           Status: Special UU release with Rg and paramagnetic
                   restraints (A. Bonvin, UU 2011)
          ============================================================
           Written by: A.T.Brunger, P.D.Adams, G.M.Clore, W.L.DeLano,
                       P.Gros, R.W.Grosse-Kunstleve,J.-S.Jiang,J.M.Krahn,
                       J.Kuszewski, M.Nilges, N.S.Pannu, R.J.Read,
                       L.M.Rice, G.F.Schroeder, T.Simonson, G.L.Warren.
           Copyright (c) 1997-2010 Yale University
          ============================================================
           Running on machine: hostname unknown (x86_64/Linux,64-bit)
           Program started by: joaor
           Program started at: 16:40:12 on 08-May-2020
          ============================================================

 FFT3C: Using FFTPACK4.1

 CNSsolve>! 
 CNSsolve>! Calculates pairwise energies between residues 
 CNSsolve>! Will only rebuild hydrogen atoms 
 CNSsolve>! 
 CNSsolve>! Adapted from HADDOCK protocols here and there. 
 CNSsolve>! JR & AMJJB @ 2020 
 CNSsolve>! 
 CNSsolve>define( 
 DEFINE>    {===>} auto_break=true; 
 DEFINE>    {===>} break_cutoff=2.5; 
 DEFINE>    {===>} dnaauto_break=true; 
 DEFINE>    {===>} dbreak_cutoff=4.5; 
 DEFINE>    {===>} auto_cispro=true; 
 DEFINE>    {===>} auto_disu=true; 
 DEFINE>    {===>} disulphide_dist=3.0; 
 DEFINE>    {===>} glyco_dist=2.75; 
 DEFINE>    {===>} coorin="molecule.pdb"; 
 DEFINE>    {===>} icutoff=5.0; 
 DEFINE>) 
 CNSsolve> 
 CNSsolve>! Mute (most) output 
 CNSsolve>set message=on echo=off end 
 ASSFIL: file merged.param opened.
 MESSage=NORM
 EVALUATE: symbol $OLD_MESSAGE set to "NORM" (string)
 ECHO=FALSe {OFF}
 EVALUATE: symbol $OLD_ECHO set to FALSE (logical)
 %PARRDR-info: duplication of bond HC   NC2 
 %PARRDR-info: duplication of angle CH2E C    NH1 
 %PARRDR-info: duplication of angle CH2P CH2E HA  
 ASSFIL: file merged.top opened.
 MESSage=NORM
 EVALUATE: symbol $OLD_MESSAGE set to "NORM" (string)
 ECHO=FALSe {OFF}
 EVALUATE: symbol $OLD_ECHO set to FALSE (logical)
 %RTFIO-warning: undefined masses in residue CYC 
 %RTFIO error encountered: there are undefined masses.
   (CNS is in mode: SET ABORT=NORMal END)
 MESSage=NORM
 EVALUATE: symbol $OLD_MESSAGE set to "NORM" (string)
 ECHO=FALSe {OFF}
 EVALUATE: symbol $OLD_ECHO set to FALSE (logical)
 ASSFIL: file protein_break.top opened.
 %RTFRDR-ERR: duplicate (P-)RESIdue name DPEP
 %RTFRDR-ERR: duplicate (P-)RESIdue name DPPP
 RTFRDR> 
 RTFRDR>end 
 CNSsolve> 
 CNSsolve>! Reset output muting 
 CNSsolve>set message=off echo=off end 
FOUND 5 NAG:ASN pairs
NAG:ASN bond added from   B    901  to   B    53  
NAG:ASN bond added from   B    903  to   B    90  
NAG:ASN bond added from   B    907  to   B    322 
NAG:ASN bond added from   B    910  to   B    546 
NAG:ASN bond added from   E    1401 to   E    343 
FOUND 5 NAG:NAG pairs
NAG:NAG B14 bond added from   B    902  to   B    901 
NAG:NAG B14 bond added from   B    904  to   B    903 
NAG:NAG B14 bond added from   B    911  to   B    910 
NAG:NAG B14 bond added from   E    1402 to   E    1401
NAG:NAG B14 bond added from   E    1403 to   E    1402
 %PARRDR-info: duplication of bond HC   NC2 
 %PARRDR-info: duplication of angle CH2E C    NH1 
 %PARRDR-info: duplication of angle CH2P CH2E HA  
 POWELL: number of degrees of freedom= 13857
 NBONDS: generating intra-molecular exclusion list with mode=-2
 MAKINB: mode  -2 found   4619 exclusions and      0 interactions(1-4)
 %atoms "B   -29  -LEU -HD13" and "B   -29  -LEU -HD22" only  0.09 A apart
 %atoms "B   -119 -ILE -HA  " and "B   -119 -ILE -HD11" only  0.10 A apart
 %atoms "B   -145 -GLU -HA  " and "B   -145 -GLU -HB1 " only  0.06 A apart
 %atoms "B   -485 -VAL -HA  " and "B   -485 -VAL -HG22" only  0.04 A apart
 %atoms "B   -557 -MET -HA  " and "B   -557 -MET -HE3 " only  0.08 A apart
 %atoms "B   -569 -ALA -CA  " and "B   -569 -ALA -HB2 " only  0.04 A apart
 %atoms "E   -430 -THR -HB  " and "E   -430 -THR -HG23" only  0.08 A apart
 %atoms "E   -433 -VAL -HB  " and "E   -433 -VAL -HG13" only  0.10 A apart
 NBONDS: found   696219 intra-atom interactions
 NBONDS: found        8 nonbonded violations
 %atoms "B   -203 -TRP -HB2 " and "B   -203 -TRP -HD1 " only  0.06 A apart
 %atoms "B   -578 -LYS -HG2 " and "B   -578 -LYS -CD  " only  0.10 A apart
 NBONDS: found   695097 intra-atom interactions
 NBONDS: found        2 nonbonded violations
 NBONDS: found   691883 intra-atom interactions
 NBONDS: found   688530 intra-atom interactions
 --------------- cycle=    10 ------ stepsize=   -0.0000 -----------------------
 | Etotal =0.34E+07   grad(E)=581.684    E(BOND)=510067.779 E(ANGL)=0.16E+07   |
 | E(VDW )=0.13E+07                                                            |
 -------------------------------------------------------------------------------
 NBONDS: found   688973 intra-atom interactions
 NBONDS: found   689517 intra-atom interactions
 NBONDS: found   689760 intra-atom interactions
 NBONDS: found   689617 intra-atom interactions
 NBONDS: found   689740 intra-atom interactions
 --------------- cycle=    20 ------ stepsize=   -0.0000 -----------------------
 | Etotal =0.13E+07   grad(E)=305.357    E(BOND)=233511.368 E(ANGL)=515129.725 |
 | E(VDW )=529238.070                                                          |
 -------------------------------------------------------------------------------
 NBONDS: found   689640 intra-atom interactions
 NBONDS: found   689582 intra-atom interactions
 NBONDS: found   689577 intra-atom interactions
 NBONDS: found   689511 intra-atom interactions
 --------------- cycle=    30 ------ stepsize=    0.0000 -----------------------
 | Etotal =999917.104 grad(E)=247.088    E(BOND)=188750.352 E(ANGL)=368398.494 |
 | E(VDW )=442768.257                                                          |
 -------------------------------------------------------------------------------
 NBONDS: found   689444 intra-atom interactions
 NBONDS: found   689506 intra-atom interactions
 --------------- cycle=    40 ------ stepsize=   -0.0001 -----------------------
 | Etotal =946163.209 grad(E)=235.211    E(BOND)=184633.251 E(ANGL)=341173.627 |
 | E(VDW )=420356.331                                                          |
 -------------------------------------------------------------------------------
 NBONDS: found   689515 intra-atom interactions
 NBONDS: found   689611 intra-atom interactions
 --------------- cycle=    50 ------ stepsize=   -0.0000 -----------------------
 | Etotal =933967.869 grad(E)=232.548    E(BOND)=184050.759 E(ANGL)=334953.240 |
 | E(VDW )=414963.870                                                          |
 -------------------------------------------------------------------------------
 POWELL: STEP number limit. Normal termination
 POWELL: Current coordinates set to last minimum
 DCART: temperature coupling (TCOUpling) enabled
 -------------------------- Cartesian dynamics start ---------------------------
 | E(kin)+E(total)=0.34E+07        E(kin)=4242.237      temperature=308.117    |
 | Etotal =0.34E+07   grad(E)=587.296    E(BOND)=184050.759 E(ANGL)=334953.240 |
 | E(IMPR)=0.29E+07                                                            |
 -------------------------------------------------------------------------------
 ----------------- final step=       50 at      0.02500 ps ---------------------
 | E(kin)+E(total)=0.22E+07        E(kin)=442235.323    temperature=32119.930  |
 | Etotal =0.18E+07   grad(E)=321.764    E(BOND)=197089.255 E(ANGL)=809412.473 |
 | E(IMPR)=755305.452                                                          |
 -------------------------------------------------------------------------------
 CENMAS: Information about center of free masses
         position [A]          :     -0.71071     -0.00325     -0.41904
         velocity [A/ps]       :     -0.05524     -0.49628     -0.48381
         ang. mom. [amu A/ps]  :-260164.534311059269.357321610898.05411
         kin. ener. [Kcal/mol] :     53.36696
 POWELL: number of degrees of freedom= 13857
 NBONDS: found   686483 intra-atom interactions
 NBONDS: found   685819 intra-atom interactions
 NBONDS: found   686135 intra-atom interactions
 NBONDS: found   687630 intra-atom interactions
 --------------- cycle=    10 ------ stepsize=   -0.0001 -----------------------
 | Etotal =0.18E+07   grad(E)=279.593    E(BOND)=251520.969 E(ANGL)=451226.349 |
 | E(IMPR)=655974.999 E(VDW )=484152.186                                       |
 -------------------------------------------------------------------------------
 NBONDS: found   687790 intra-atom interactions
 NBONDS: found   688598 intra-atom interactions
 NBONDS: found   688410 intra-atom interactions
 NBONDS: found   688419 intra-atom interactions
 NBONDS: found   688457 intra-atom interactions
 --------------- cycle=    20 ------ stepsize=    0.0003 -----------------------
 | Etotal =0.13E+07   grad(E)=144.436    E(BOND)=177985.792 E(ANGL)=171111.609 |
 | E(IMPR)=545194.685 E(VDW )=365123.108                                       |
 -------------------------------------------------------------------------------
 NBONDS: found   688589 intra-atom interactions
 NBONDS: found   688454 intra-atom interactions
 NBONDS: found   688361 intra-atom interactions
 NBONDS: found   688482 intra-atom interactions
 --------------- cycle=    30 ------ stepsize=    0.0001 -----------------------
 | Etotal =0.12E+07   grad(E)=125.592    E(BOND)=170725.763 E(ANGL)=143957.384 |
 | E(IMPR)=527403.579 E(VDW )=338797.873                                       |
 -------------------------------------------------------------------------------
 NBONDS: found   688240 intra-atom interactions
 NBONDS: found   688372 intra-atom interactions
 --------------- cycle=    40 ------ stepsize=    0.0000 -----------------------
 | Etotal =0.11E+07   grad(E)=119.496    E(BOND)=169112.701 E(ANGL)=129970.288 |
 | E(IMPR)=507330.823 E(VDW )=327927.540                                       |
 -------------------------------------------------------------------------------
 NBONDS: found   688347 intra-atom interactions
 NBONDS: found   688410 intra-atom interactions
 NBONDS: found   688449 intra-atom interactions
 --------------- cycle=    50 ------ stepsize=    0.0001 -----------------------
 | Etotal =0.11E+07   grad(E)=114.898    E(BOND)=167911.004 E(ANGL)=121914.005 |
 | E(IMPR)=495434.221 E(VDW )=324144.371                                       |
 -------------------------------------------------------------------------------
 POWELL: STEP number limit. Normal termination
 POWELL: Current coordinates set to last minimum
 DCART: temperature coupling (TCOUpling) enabled
 -------------------------- Cartesian dynamics start ---------------------------
 | E(kin)+E(total)=0.11E+07        E(kin)=4165.854      temperature=302.570    |
 | Etotal =0.11E+07   grad(E)=114.898    E(BOND)=167911.004 E(ANGL)=121914.005 |
 | E(IMPR)=495434.221 E(VDW )=324144.371                                       |
 -------------------------------------------------------------------------------
 NBONDS: found   688484 intra-atom interactions
 NBONDS: found   688470 intra-atom interactions
 ----------------- final step=       50 at      0.02500 ps ---------------------
 | E(kin)+E(total)=0.11E+07        E(kin)=7274.675      temperature=528.366    |
 | Etotal =0.11E+07   grad(E)=114.777    E(BOND)=168316.811 E(ANGL)=119409.655 |
 | E(IMPR)=491105.585 E(VDW )=322027.300                                       |
 -------------------------------------------------------------------------------
 CENMAS: Information about center of free masses
         position [A]          :     -0.71449     -0.00118     -0.41399
         velocity [A/ps]       :     -0.00458     -0.08314      0.14745
         ang. mom. [amu A/ps]  : 303759.14205 117561.21313 -22053.44384
         kin. ener. [Kcal/mol] :      3.16549
 %PARRDR-info: duplication of bond HC   NC2 
 %PARRDR-info: duplication of angle CH2E C    NH1 
 %PARRDR-info: duplication of angle CH2P CH2E HA  
 POWELL: number of degrees of freedom= 13857
 NBONDS: generating intra-molecular exclusion list with mode=-3
 MAKINB: mode  -3 found  15780 exclusions and      0 interactions(1-4)
 NBONDS: found   677290 intra-atom interactions
 NBONDS: found   678918 intra-atom interactions
 NBONDS: found   678928 intra-atom interactions
 NBONDS: found   678828 intra-atom interactions
 NBONDS: found   678960 intra-atom interactions
 NBONDS: found   679341 intra-atom interactions
 NBONDS: found   679464 intra-atom interactions
 --------------- cycle=    25 ------ stepsize=    0.0003 -----------------------
 | Etotal =235703.097 grad(E)=97.674     E(BOND)=16956.511  E(ANGL)=113098.088 |
 | E(IMPR)=103694.055 E(VDW )=1954.442                                         |
 -------------------------------------------------------------------------------
 NBONDS: found   679483 intra-atom interactions
 NBONDS: found   679342 intra-atom interactions
 NBONDS: found   679273 intra-atom interactions
 NBONDS: found   679424 intra-atom interactions
 NBONDS: found   679374 intra-atom interactions
 NBONDS: found   679335 intra-atom interactions
 --------------- cycle=    50 ------ stepsize=    0.0001 -----------------------
 | Etotal =45619.061  grad(E)=36.141     E(BOND)=1896.332   E(ANGL)=23757.470  |
 | E(IMPR)=19080.949  E(VDW )=884.310                                          |
 -------------------------------------------------------------------------------
 NBONDS: found   679235 intra-atom interactions
 NBONDS: found   679232 intra-atom interactions
 NBONDS: found   679223 intra-atom interactions
 NBONDS: found   679157 intra-atom interactions
 NBONDS: found   679195 intra-atom interactions
 --------------- cycle=    75 ------ stepsize=    0.0007 -----------------------
 | Etotal =8949.205   grad(E)=28.452     E(BOND)=679.537    E(ANGL)=6061.342   |
 | E(IMPR)=1493.667   E(VDW )=714.660                                          |
 -------------------------------------------------------------------------------
 NBONDS: found   679212 intra-atom interactions
 NBONDS: found   679199 intra-atom interactions
 NBONDS: found   679206 intra-atom interactions
 --------------- cycle=   100 ------ stepsize=    0.0008 -----------------------
 | Etotal =1126.028   grad(E)=6.172      E(BOND)=36.775     E(ANGL)=436.795    |
 | E(IMPR)=35.055     E(VDW )=617.403                                          |
 -------------------------------------------------------------------------------
 POWELL: STEP number limit. Normal termination
 POWELL: Current coordinates set to last minimum
 DCART: temperature coupling (TCOUpling) enabled
 -------------------------- Cartesian dynamics start ---------------------------
 | E(kin)+E(total)=5210.168        E(kin)=4084.140      temperature=296.635    |
 | Etotal =1126.028   grad(E)=6.172      E(BOND)=36.775     E(ANGL)=436.795    |
 | E(IMPR)=35.055     E(VDW )=617.403                                          |
 -------------------------------------------------------------------------------
 NBONDS: found   679254 intra-atom interactions
 NBONDS: found   679074 intra-atom interactions
 NBONDS: found   679135 intra-atom interactions
 NBONDS: found   679302 intra-atom interactions
 ----------------- final step=      500 at      0.25000 ps ---------------------
 | E(kin)+E(total)=8578.492        E(kin)=4594.303      temperature=333.688    |
 | Etotal =3984.189   grad(E)=25.044     E(BOND)=748.801    E(ANGL)=2201.840   |
 | E(IMPR)=286.461    E(VDW )=747.086                                          |
 -------------------------------------------------------------------------------
 CENMAS: Information about center of free masses
         position [A]          :     -0.71363     -0.00288     -0.41393
         velocity [A/ps]       :     -0.02416     -0.00453      0.03627
         ang. mom. [amu A/ps]  :  -1618.52151-126644.71961 159930.84515
         kin. ener. [Kcal/mol] :      0.21193
 EFLAGS: the following energy flags are set
 EFLAGS: BOND ANGL DIHE IMPR VDW 
 %PARRDR-info: duplication of bond HC   NC2 
 %PARRDR-info: duplication of angle CH2E C    NH1 
 %PARRDR-info: duplication of angle CH2P CH2E HA  
 POWELL: number of degrees of freedom= 13857
 NBONDS: generating intra-molecular exclusion list with mode=-3
 MAKINB: mode  -3 found  15780 exclusions and      0 interactions(1-4)
 NBONDS: found   679302 intra-atom interactions
 NBONDS: found   679168 intra-atom interactions
 --------------- cycle=    50 ------ stepsize=    0.0010 -----------------------
 | Etotal =13796.385  grad(E)=13.617     E(BOND)=246.424    E(ANGL)=1185.178   |
 | E(DIHE)=214.190    E(IMPR)=98.314     E(VDW )=12052.278                     |
 -------------------------------------------------------------------------------
 NBONDS: found   679124 intra-atom interactions
 --------------- cycle=   100 ------ stepsize=    0.0012 -----------------------
 | Etotal =13443.323  grad(E)=13.413     E(BOND)=241.091    E(ANGL)=1160.930   |
 | E(DIHE)=185.218    E(IMPR)=93.886     E(VDW )=11762.197                     |
 -------------------------------------------------------------------------------
 --------------- cycle=   150 ------ stepsize=    0.0009 -----------------------
 | Etotal =13383.788  grad(E)=13.359     E(BOND)=240.830    E(ANGL)=1156.234   |
 | E(DIHE)=182.209    E(IMPR)=93.993     E(VDW )=11710.522                     |
 -------------------------------------------------------------------------------
 --------------- cycle=   200 ------ stepsize=    0.0012 -----------------------
 | Etotal =13361.174  grad(E)=13.352     E(BOND)=238.982    E(ANGL)=1155.902   |
 | E(DIHE)=182.333    E(IMPR)=93.435     E(VDW )=11690.522                     |
 -------------------------------------------------------------------------------
 NBONDS: found   679093 intra-atom interactions
 --------------- cycle=   250 ------ stepsize=    0.0009 -----------------------
 | Etotal =13358.223  grad(E)=13.353     E(BOND)=238.629    E(ANGL)=1156.390   |
 | E(DIHE)=181.616    E(IMPR)=93.424     E(VDW )=11688.164                     |
 -------------------------------------------------------------------------------
 --------------- cycle=   300 ------ stepsize=   -0.0001 -----------------------
 | Etotal =13353.545  grad(E)=13.350     E(BOND)=237.862    E(ANGL)=1154.650   |
 | E(DIHE)=181.675    E(IMPR)=93.557     E(VDW )=11685.802                     |
 -------------------------------------------------------------------------------
 --------------- cycle=   350 ------ stepsize=    0.0004 -----------------------
 | Etotal =13352.669  grad(E)=13.349     E(BOND)=237.917    E(ANGL)=1154.539   |
 | E(DIHE)=181.228    E(IMPR)=93.612     E(VDW )=11685.372                     |
 -------------------------------------------------------------------------------
 --------------- cycle=   400 ------ stepsize=    0.0011 -----------------------
 | Etotal =13352.421  grad(E)=13.349     E(BOND)=237.892    E(ANGL)=1154.363   |
 | E(DIHE)=181.540    E(IMPR)=93.612     E(VDW )=11685.014                     |
 -------------------------------------------------------------------------------
 --------------- cycle=   450 ------ stepsize=    0.0010 -----------------------
 | Etotal =13352.381  grad(E)=13.349     E(BOND)=237.881    E(ANGL)=1154.344   |
 | E(DIHE)=181.617    E(IMPR)=93.612     E(VDW )=11684.927                     |
 -------------------------------------------------------------------------------
 --------------- cycle=   500 ------ stepsize=    0.0009 -----------------------
 | Etotal =13352.381  grad(E)=13.349     E(BOND)=237.878    E(ANGL)=1154.348   |
 | E(DIHE)=181.631    E(IMPR)=93.611     E(VDW )=11684.913                     |
 -------------------------------------------------------------------------------
 POWELL: STEP number limit. Normal termination
 POWELL: Current coordinates set to last minimum
 DCART: temperature coupling (TCOUpling) enabled
 -------------------------- Cartesian dynamics start ---------------------------
 | E(kin)+E(total)=17504.422       E(kin)=4152.041      temperature=301.566    |
 | Etotal =13352.381  grad(E)=13.349     E(BOND)=237.878    E(ANGL)=1154.348   |
 | E(DIHE)=181.631    E(IMPR)=93.611     E(VDW )=11684.913                     |
 -------------------------------------------------------------------------------
 NBONDS: found   679030 intra-atom interactions
 NBONDS: found   679112 intra-atom interactions
 NBONDS: found   678983 intra-atom interactions
 NBONDS: found   679030 intra-atom interactions
 NBONDS: found   679054 intra-atom interactions
 NBONDS: found   679115 intra-atom interactions
 NBONDS: found   678921 intra-atom interactions
 ----------------- final step=      500 at      0.25000 ps ---------------------
 | E(kin)+E(total)=21633.047       E(kin)=4204.141      temperature=305.350    |
 | Etotal =17428.906  grad(E)=31.818     E(BOND)=1342.071   E(ANGL)=3453.612   |
 | E(DIHE)=192.206    E(IMPR)=416.242    E(VDW )=12024.775                     |
 -------------------------------------------------------------------------------
 CENMAS: Information about center of free masses
         position [A]          :     -0.71454     -0.00332     -0.41431
         velocity [A/ps]       :     -0.01199      0.14992     -0.26700
         ang. mom. [amu A/ps]  :  21321.07670  21859.91300  10173.56306
         kin. ener. [Kcal/mol] :      0.52252
 POWELL: number of degrees of freedom= 13857
 --------------- cycle=    50 ------ stepsize=    0.0010 -----------------------
 | Etotal =13334.777  grad(E)=13.366     E(BOND)=238.161    E(ANGL)=1156.642   |
 | E(DIHE)=179.906    E(IMPR)=94.156     E(VDW )=11665.912                     |
 -------------------------------------------------------------------------------
 --------------- cycle=   100 ------ stepsize=    0.0010 -----------------------
 | Etotal =13323.799  grad(E)=13.356     E(BOND)=237.967    E(ANGL)=1155.269   |
 | E(DIHE)=178.784    E(IMPR)=93.752     E(VDW )=11658.026                     |
 -------------------------------------------------------------------------------
 --------------- cycle=   150 ------ stepsize=    0.0013 -----------------------
 | Etotal =13321.964  grad(E)=13.354     E(BOND)=238.255    E(ANGL)=1155.149   |
 | E(DIHE)=178.123    E(IMPR)=93.753     E(VDW )=11656.682                     |
 -------------------------------------------------------------------------------
 --------------- cycle=   200 ------ stepsize=    0.0009 -----------------------
 | Etotal =13321.914  grad(E)=13.355     E(BOND)=238.210    E(ANGL)=1155.175   |
 | E(DIHE)=178.025    E(IMPR)=93.784     E(VDW )=11656.721                     |
 -------------------------------------------------------------------------------
 --------------- cycle=   250 ------ stepsize=    0.0013 -----------------------
 | Etotal =13321.913  grad(E)=13.355     E(BOND)=238.205    E(ANGL)=1155.167   |
 | E(DIHE)=178.040    E(IMPR)=93.781     E(VDW )=11656.721                     |
 -------------------------------------------------------------------------------
 --------------- cycle=   300 ------ stepsize=    0.0010 -----------------------
 | Etotal =13321.913  grad(E)=13.355     E(BOND)=238.203    E(ANGL)=1155.164   |
 | E(DIHE)=178.043    E(IMPR)=93.782     E(VDW )=11656.722                     |
 -------------------------------------------------------------------------------
 POWELL: Gradient converged. Normal termination
 POWELL: Current coordinates set to last minimum
 POWELL: number of degrees of freedom= 18375
 NBONDS: found   679052 intra-atom interactions
 NBONDS: found   678928 intra-atom interactions
 NBONDS: found   679046 intra-atom interactions
 --------------- cycle=     5 ------ stepsize=    0.0006 -----------------------
 | Etotal =13125.467  grad(E)=13.307     E(BOND)=235.981    E(ANGL)=1152.853   |
 | E(DIHE)=177.983    E(IMPR)=92.278     E(VDW )=11466.372                     |
 -------------------------------------------------------------------------------
 --------------- cycle=    10 ------ stepsize=    0.0009 -----------------------
 | Etotal =13121.331  grad(E)=13.273     E(BOND)=236.033    E(ANGL)=1149.934   |
 | E(DIHE)=177.825    E(IMPR)=91.374     E(VDW )=11466.165                     |
 -------------------------------------------------------------------------------
 --------------- cycle=    15 ------ stepsize=    0.0002 -----------------------
 | Etotal =13118.860  grad(E)=13.278     E(BOND)=236.068    E(ANGL)=1150.278   |
 | E(DIHE)=177.598    E(IMPR)=91.736     E(VDW )=11463.180                     |
 -------------------------------------------------------------------------------
 --------------- cycle=    20 ------ stepsize=    0.0010 -----------------------
 | Etotal =13117.134  grad(E)=13.290     E(BOND)=236.082    E(ANGL)=1151.392   |
 | E(DIHE)=177.228    E(IMPR)=91.311     E(VDW )=11461.121                     |
 -------------------------------------------------------------------------------
 --------------- cycle=    25 ------ stepsize=    0.0004 -----------------------
 | Etotal =13114.659  grad(E)=13.304     E(BOND)=236.570    E(ANGL)=1151.861   |
 | E(DIHE)=176.557    E(IMPR)=92.314     E(VDW )=11457.357                     |
 -------------------------------------------------------------------------------
 --------------- cycle=    30 ------ stepsize=    0.0008 -----------------------
 | Etotal =13111.284  grad(E)=13.273     E(BOND)=236.069    E(ANGL)=1149.694   |
 | E(DIHE)=176.152    E(IMPR)=91.124     E(VDW )=11458.245                     |
 -------------------------------------------------------------------------------
 --------------- cycle=    35 ------ stepsize=    0.0004 -----------------------
 | Etotal =13109.241  grad(E)=13.281     E(BOND)=236.056    E(ANGL)=1150.746   |
 | E(DIHE)=175.924    E(IMPR)=91.885     E(VDW )=11454.629                     |
 -------------------------------------------------------------------------------
 --------------- cycle=    40 ------ stepsize=    0.0010 -----------------------
 | Etotal =13107.482  grad(E)=13.276     E(BOND)=236.058    E(ANGL)=1149.918   |
 | E(DIHE)=175.871    E(IMPR)=91.332     E(VDW )=11454.303                     |
 -------------------------------------------------------------------------------
 --------------- cycle=    45 ------ stepsize=    0.0004 -----------------------
 | Etotal =13107.126  grad(E)=13.273     E(BOND)=236.195    E(ANGL)=1149.772   |
 | E(DIHE)=175.848    E(IMPR)=91.381     E(VDW )=11453.930                     |
 -------------------------------------------------------------------------------
 --------------- cycle=    50 ------ stepsize=    0.0009 -----------------------
 | Etotal =13106.571  grad(E)=13.273     E(BOND)=236.179    E(ANGL)=1149.697   |
 | E(DIHE)=175.842    E(IMPR)=91.332     E(VDW )=11453.521                     |
 -------------------------------------------------------------------------------
 POWELL: STEP number limit. Normal termination
 POWELL: Current coordinates set to last minimum
 %PARRDR-info: duplication of bond HC   NC2 
 %PARRDR-info: duplication of angle CH2E C    NH1 
 %PARRDR-info: duplication of angle CH2P CH2E HA  
 POWELL: number of degrees of freedom= 18375
 NBONDS: generating intra-molecular exclusion list with mode= 5
 MAKINB: mode   5 found  17796 exclusions and  17947 interactions(1-4)
 NBONDS: found   898792 intra-atom interactions
 NBONDS: found   898872 intra-atom interactions
 NBONDS: found   898906 intra-atom interactions
 NBONDS: found   898892 intra-atom interactions
 --------------- cycle=    50 ------ stepsize=    0.0008 -----------------------
 | Etotal =11.670     grad(E)=5.356      E(BOND)=13.241     E(ANGL)=411.476    |
 | E(DIHE)=82.541     E(IMPR)=32.353     E(VDW )=-528.823   E(ELEC)=0.883      |
 -------------------------------------------------------------------------------
 POWELL: STEP number limit. Normal termination
 POWELL: Current coordinates set to last minimum
 --------------- cycle=     1 --------------------------------------------------
 | Etotal =11.670     grad(E)=5.356      E(BOND)=13.241     E(ANGL)=411.476    |
 | E(DIHE)=82.541     E(IMPR)=32.353     E(VDW )=-528.823   E(ELEC)=0.883      |
 -------------------------------------------------------------------------------
 SURFAC: half the sigma value being used for atomic radii.
 SURFAC: ACCEssible surface area
 SURFAC: ACCUracy= 0.07 RH2O=  1.40
         Z-grid=  0.32 number-of-Z-sections=  215
         measures-of-arc= 94124 and151474
 SURFAC: half the sigma value being used for atomic radii.
 SURFAC: ACCEssible surface area
 SURFAC: ACCUracy= 0.07 RH2O=  1.40
         Z-grid=  0.32 number-of-Z-sections=  138
         measures-of-arc= 25547 and 46254
 SURFAC: half the sigma value being used for atomic radii.
 SURFAC: ACCEssible surface area
 SURFAC: ACCUracy= 0.07 RH2O=  1.40
         Z-grid=  0.32 number-of-Z-sections=  215
         measures-of-arc=121342 and197927
 %PARRDR-info: duplication of bond HC   NC2 
 %PARRDR-info: duplication of angle CH2E C    NH1 
 %PARRDR-info: duplication of angle CH2P CH2E HA  
 NBONDS: generating intra-molecular exclusion list with mode= 5
 MAKINB: mode   5 found      0 exclusions and      0 interactions(1-4)
 NBONDS: found     1471 intra-atom interactions
 --------------- cycle=     2 --------------------------------------------------
 | Etotal =-1.857     grad(E)=0.041      E(VDW )=-3.388     E(ELEC)=1.531      |
 -------------------------------------------------------------------------------
 NBONDS: generating intra-molecular exclusion list with mode= 5
 MAKINB: mode   5 found      0 exclusions and      0 interactions(1-4)
 NBONDS: found      534 intra-atom interactions
 --------------- cycle=     3 --------------------------------------------------
 | Etotal =-2.412     grad(E)=0.018      E(VDW )=-0.805     E(ELEC)=-1.607     |
 -------------------------------------------------------------------------------
 NBONDS: generating intra-molecular exclusion list with mode= 5
 MAKINB: mode   5 found      0 exclusions and      0 interactions(1-4)
 NBONDS: found     1709 intra-atom interactions
 --------------- cycle=     4 --------------------------------------------------
 | Etotal =-9.795     grad(E)=0.065      E(VDW )=-6.446     E(ELEC)=-3.349     |
 -------------------------------------------------------------------------------
 NBONDS: generating intra-molecular exclusion list with mode= 5
 MAKINB: mode   5 found      0 exclusions and      0 interactions(1-4)
 NBONDS: found     1335 intra-atom interactions
 --------------- cycle=     5 --------------------------------------------------
 | Etotal =-2.291     grad(E)=0.014      E(VDW )=-1.951     E(ELEC)=-0.341     |
 -------------------------------------------------------------------------------
 NBONDS: generating intra-molecular exclusion list with mode= 5
 MAKINB: mode   5 found      0 exclusions and      0 interactions(1-4)
 NBONDS: found     1346 intra-atom interactions
 --------------- cycle=     6 --------------------------------------------------
 | Etotal =-87.396    grad(E)=0.347      E(VDW )=-2.074     E(ELEC)=-85.322    |
 -------------------------------------------------------------------------------
 NBONDS: generating intra-molecular exclusion list with mode= 5
 MAKINB: mode   5 found      0 exclusions and      0 interactions(1-4)
 NBONDS: found     2695 intra-atom interactions
 --------------- cycle=     7 --------------------------------------------------
 | Etotal =-66.103    grad(E)=0.312      E(VDW )=-6.130     E(ELEC)=-59.973    |
 -------------------------------------------------------------------------------
 NBONDS: generating intra-molecular exclusion list with mode= 5
 MAKINB: mode   5 found      0 exclusions and      0 interactions(1-4)
 NBONDS: found     1897 intra-atom interactions
 --------------- cycle=     8 --------------------------------------------------
 | Etotal =5.851      grad(E)=0.178      E(VDW )=-5.334     E(ELEC)=11.184     |
 -------------------------------------------------------------------------------
 NBONDS: generating intra-molecular exclusion list with mode= 5
 MAKINB: mode   5 found      0 exclusions and      0 interactions(1-4)
 NBONDS: found      743 intra-atom interactions
 --------------- cycle=     9 --------------------------------------------------
 | Etotal =-16.965    grad(E)=0.310      E(VDW )=-0.922     E(ELEC)=-16.043    |
 -------------------------------------------------------------------------------
 NBONDS: generating intra-molecular exclusion list with mode= 5
 MAKINB: mode   5 found      0 exclusions and      0 interactions(1-4)
 NBONDS: found      396 intra-atom interactions
 --------------- cycle=    10 --------------------------------------------------
 | Etotal =-5.164     grad(E)=0.095      E(VDW )=-0.363     E(ELEC)=-4.801     |
 -------------------------------------------------------------------------------
 NBONDS: generating intra-molecular exclusion list with mode= 5
 MAKINB: mode   5 found      0 exclusions and      0 interactions(1-4)
 NBONDS: found     1156 intra-atom interactions
 --------------- cycle=    11 --------------------------------------------------
 | Etotal =-13.716    grad(E)=0.295      E(VDW )=-3.983     E(ELEC)=-9.733     |
 -------------------------------------------------------------------------------
 NBONDS: generating intra-molecular exclusion list with mode= 5
 MAKINB: mode   5 found      0 exclusions and      0 interactions(1-4)
 NBONDS: found     1329 intra-atom interactions
 --------------- cycle=    12 --------------------------------------------------
 | Etotal =-9.643     grad(E)=0.127      E(VDW )=-3.376     E(ELEC)=-6.267     |
 -------------------------------------------------------------------------------
 NBONDS: generating intra-molecular exclusion list with mode= 5
 MAKINB: mode   5 found      0 exclusions and      0 interactions(1-4)
 NBONDS: found      682 intra-atom interactions
 --------------- cycle=    13 --------------------------------------------------
 | Etotal =-0.447     grad(E)=0.012      E(VDW )=-0.935     E(ELEC)=0.488      |
 -------------------------------------------------------------------------------
 NBONDS: generating intra-molecular exclusion list with mode= 5
 MAKINB: mode   5 found      0 exclusions and      0 interactions(1-4)
 NBONDS: found      354 intra-atom interactions
 --------------- cycle=    14 --------------------------------------------------
 | Etotal =-1.846     grad(E)=0.015      E(VDW )=-1.547     E(ELEC)=-0.299     |
 -------------------------------------------------------------------------------
 NBONDS: generating intra-molecular exclusion list with mode= 5
 MAKINB: mode   5 found      0 exclusions and      0 interactions(1-4)
 NBONDS: found      450 intra-atom interactions
 --------------- cycle=    15 --------------------------------------------------
 | Etotal =-1.001     grad(E)=0.021      E(VDW )=-0.856     E(ELEC)=-0.145     |
 -------------------------------------------------------------------------------
 NBONDS: generating intra-molecular exclusion list with mode= 5
 MAKINB: mode   5 found      0 exclusions and      0 interactions(1-4)
 NBONDS: found      276 intra-atom interactions
 --------------- cycle=    16 --------------------------------------------------
 | Etotal =0.163      grad(E)=0.018      E(VDW )=-0.863     E(ELEC)=1.026      |
 -------------------------------------------------------------------------------
 NBONDS: generating intra-molecular exclusion list with mode= 5
 MAKINB: mode   5 found      0 exclusions and      0 interactions(1-4)
 NBONDS: found     3119 intra-atom interactions
 --------------- cycle=    17 --------------------------------------------------
 | Etotal =-42.348    grad(E)=0.296      E(VDW )=-10.643    E(ELEC)=-31.706    |
 -------------------------------------------------------------------------------
 NBONDS: generating intra-molecular exclusion list with mode= 5
 MAKINB: mode   5 found      0 exclusions and      0 interactions(1-4)
 NBONDS: found      578 intra-atom interactions
 --------------- cycle=    18 --------------------------------------------------
 | Etotal =-2.977     grad(E)=0.048      E(VDW )=-2.641     E(ELEC)=-0.336     |
 -------------------------------------------------------------------------------
 NBONDS: generating intra-molecular exclusion list with mode= 5
 MAKINB: mode   5 found      0 exclusions and      0 interactions(1-4)
 NBONDS: found      769 intra-atom interactions
 --------------- cycle=    19 --------------------------------------------------
 | Etotal =-1.728     grad(E)=0.157      E(VDW )=-3.133     E(ELEC)=1.405      |
 -------------------------------------------------------------------------------
 NBONDS: generating intra-molecular exclusion list with mode= 5
 MAKINB: mode   5 found      0 exclusions and      0 interactions(1-4)
 NBONDS: found      465 intra-atom interactions
 --------------- cycle=    20 --------------------------------------------------
 | Etotal =-1.368     grad(E)=0.092      E(VDW )=-0.666     E(ELEC)=-0.702     |
 -------------------------------------------------------------------------------
 NBONDS: generating intra-molecular exclusion list with mode= 5
 MAKINB: mode   5 found      0 exclusions and      0 interactions(1-4)
 NBONDS: found      174 intra-atom interactions
 --------------- cycle=    21 --------------------------------------------------
 | Etotal =0.617      grad(E)=0.052      E(VDW )=-0.211     E(ELEC)=0.828      |
 -------------------------------------------------------------------------------
 NBONDS: generating intra-molecular exclusion list with mode= 5
 MAKINB: mode   5 found      0 exclusions and      0 interactions(1-4)
 NBONDS: found      680 intra-atom interactions
 --------------- cycle=    22 --------------------------------------------------
 | Etotal =15.706     grad(E)=0.114      E(VDW )=-0.627     E(ELEC)=16.333     |
 -------------------------------------------------------------------------------
 NBONDS: generating intra-molecular exclusion list with mode= 5
 MAKINB: mode   5 found      0 exclusions and      0 interactions(1-4)
 NBONDS: found      601 intra-atom interactions
 --------------- cycle=    23 --------------------------------------------------
 | Etotal =-90.647    grad(E)=0.361      E(VDW )=2.408      E(ELEC)=-93.055    |
 -------------------------------------------------------------------------------
 NBONDS: generating intra-molecular exclusion list with mode= 5
 MAKINB: mode   5 found      0 exclusions and      0 interactions(1-4)
 NBONDS: found      833 intra-atom interactions
 --------------- cycle=    24 --------------------------------------------------
 | Etotal =-7.555     grad(E)=0.163      E(VDW )=-1.882     E(ELEC)=-5.672     |
 -------------------------------------------------------------------------------
 NBONDS: generating intra-molecular exclusion list with mode= 5
 MAKINB: mode   5 found      0 exclusions and      0 interactions(1-4)
 NBONDS: found      422 intra-atom interactions
 --------------- cycle=    25 --------------------------------------------------
 | Etotal =-3.977     grad(E)=0.094      E(VDW )=-1.183     E(ELEC)=-2.794     |
 -------------------------------------------------------------------------------
 NBONDS: generating intra-molecular exclusion list with mode= 5
 MAKINB: mode   5 found      0 exclusions and      0 interactions(1-4)
 NBONDS: found     1333 intra-atom interactions
 --------------- cycle=    26 --------------------------------------------------
 | Etotal =1.981      grad(E)=0.059      E(VDW )=-4.689     E(ELEC)=6.670      |
 -------------------------------------------------------------------------------
 NBONDS: generating intra-molecular exclusion list with mode= 5
 MAKINB: mode   5 found      0 exclusions and      0 interactions(1-4)
 NBONDS: found     1411 intra-atom interactions
 --------------- cycle=    27 --------------------------------------------------
 | Etotal =-4.206     grad(E)=0.038      E(VDW )=-5.454     E(ELEC)=1.248      |
 -------------------------------------------------------------------------------
 NBONDS: generating intra-molecular exclusion list with mode= 5
 MAKINB: mode   5 found      0 exclusions and      0 interactions(1-4)
 NBONDS: found      959 intra-atom interactions
 --------------- cycle=    28 --------------------------------------------------
 | Etotal =-0.451     grad(E)=0.049      E(VDW )=-1.217     E(ELEC)=0.766      |
 -------------------------------------------------------------------------------
 NBONDS: generating intra-molecular exclusion list with mode= 5
 MAKINB: mode   5 found      0 exclusions and      0 interactions(1-4)
 NBONDS: found      580 intra-atom interactions
 --------------- cycle=    29 --------------------------------------------------
 | Etotal =-1.686     grad(E)=0.030      E(VDW )=-1.200     E(ELEC)=-0.486     |
 -------------------------------------------------------------------------------
 NBONDS: generating intra-molecular exclusion list with mode= 5
 MAKINB: mode   5 found      0 exclusions and      0 interactions(1-4)
 NBONDS: found      279 intra-atom interactions
 --------------- cycle=    30 --------------------------------------------------
 | Etotal =-1.538     grad(E)=0.016      E(VDW )=-0.923     E(ELEC)=-0.615     |
 -------------------------------------------------------------------------------
 NBONDS: generating intra-molecular exclusion list with mode= 5
 MAKINB: mode   5 found      0 exclusions and      0 interactions(1-4)
 NBONDS: found      501 intra-atom interactions
 --------------- cycle=    31 --------------------------------------------------
 | Etotal =-33.647    grad(E)=0.140      E(VDW )=-1.057     E(ELEC)=-32.590    |
 -------------------------------------------------------------------------------
 NBONDS: generating intra-molecular exclusion list with mode= 5
 MAKINB: mode   5 found      0 exclusions and      0 interactions(1-4)
 NBONDS: found     1489 intra-atom interactions
 --------------- cycle=    32 --------------------------------------------------
 | Etotal =-4.140     grad(E)=0.020      E(VDW )=-2.920     E(ELEC)=-1.221     |
 -------------------------------------------------------------------------------
 NBONDS: generating intra-molecular exclusion list with mode= 5
 MAKINB: mode   5 found      0 exclusions and      0 interactions(1-4)
 NBONDS: found     1048 intra-atom interactions
 --------------- cycle=    33 --------------------------------------------------
 | Etotal =-0.143     grad(E)=0.049      E(VDW )=-1.538     E(ELEC)=1.394      |
 -------------------------------------------------------------------------------
 NBONDS: generating intra-molecular exclusion list with mode= 5
 MAKINB: mode   5 found      0 exclusions and      0 interactions(1-4)
 NBONDS: found     1839 intra-atom interactions
 --------------- cycle=    34 --------------------------------------------------
 | Etotal =-0.655     grad(E)=0.087      E(VDW )=-5.326     E(ELEC)=4.672      |
 -------------------------------------------------------------------------------
 NBONDS: generating intra-molecular exclusion list with mode= 5
 MAKINB: mode   5 found      0 exclusions and      0 interactions(1-4)
 NBONDS: found      391 intra-atom interactions
 --------------- cycle=    35 --------------------------------------------------
 | Etotal =-7.072     grad(E)=0.095      E(VDW )=-1.509     E(ELEC)=-5.563     |
 -------------------------------------------------------------------------------
 NBONDS: generating intra-molecular exclusion list with mode= 5
 MAKINB: mode   5 found      0 exclusions and      0 interactions(1-4)
 NBONDS: found     1382 intra-atom interactions
 --------------- cycle=    36 --------------------------------------------------
 | Etotal =-41.657    grad(E)=0.304      E(VDW )=-3.411     E(ELEC)=-38.247    |
 -------------------------------------------------------------------------------
 NBONDS: generating intra-molecular exclusion list with mode= 5
 MAKINB: mode   5 found      0 exclusions and      0 interactions(1-4)
 NBONDS: found      589 intra-atom interactions
 --------------- cycle=    37 --------------------------------------------------
 | Etotal =-8.838     grad(E)=0.076      E(VDW )=-0.950     E(ELEC)=-7.888     |
 -------------------------------------------------------------------------------
 NBONDS: generating intra-molecular exclusion list with mode= 5
 MAKINB: mode   5 found      0 exclusions and      0 interactions(1-4)
 NBONDS: found      679 intra-atom interactions
 --------------- cycle=    38 --------------------------------------------------
 | Etotal =-12.924    grad(E)=0.081      E(VDW )=-1.471     E(ELEC)=-11.453    |
 -------------------------------------------------------------------------------
 NBONDS: generating intra-molecular exclusion list with mode= 5
 MAKINB: mode   5 found      0 exclusions and      0 interactions(1-4)
 NBONDS: found      457 intra-atom interactions
 --------------- cycle=    39 --------------------------------------------------
 | Etotal =-18.883    grad(E)=0.127      E(VDW )=-1.946     E(ELEC)=-16.937    |
 -------------------------------------------------------------------------------
 NBONDS: generating intra-molecular exclusion list with mode= 5
 MAKINB: mode   5 found      0 exclusions and      0 interactions(1-4)
 NBONDS: found      450 intra-atom interactions
 --------------- cycle=    40 --------------------------------------------------
 | Etotal =-0.773     grad(E)=0.034      E(VDW )=-0.429     E(ELEC)=-0.344     |
 -------------------------------------------------------------------------------
 NBONDS: generating intra-molecular exclusion list with mode= 5
 MAKINB: mode   5 found      0 exclusions and      0 interactions(1-4)
 NBONDS: found     1404 intra-atom interactions
 --------------- cycle=    41 --------------------------------------------------
 | Etotal =-4.303     grad(E)=0.055      E(VDW )=-3.364     E(ELEC)=-0.940     |
 -------------------------------------------------------------------------------
 NBONDS: generating intra-molecular exclusion list with mode= 5
 MAKINB: mode   5 found      0 exclusions and      0 interactions(1-4)
 NBONDS: found     1737 intra-atom interactions
 --------------- cycle=    42 --------------------------------------------------
 | Etotal =-12.572    grad(E)=0.179      E(VDW )=-4.535     E(ELEC)=-8.036     |
 -------------------------------------------------------------------------------
 NBONDS: generating intra-molecular exclusion list with mode= 5
 MAKINB: mode   5 found      0 exclusions and      0 interactions(1-4)
 NBONDS: found     1135 intra-atom interactions
 --------------- cycle=    43 --------------------------------------------------
 | Etotal =-1.548     grad(E)=0.116      E(VDW )=-4.848     E(ELEC)=3.300      |
 -------------------------------------------------------------------------------
 NBONDS: generating intra-molecular exclusion list with mode= 5
 MAKINB: mode   5 found      0 exclusions and      0 interactions(1-4)
 NBONDS: found      639 intra-atom interactions
 --------------- cycle=    44 --------------------------------------------------
 | Etotal =-8.648     grad(E)=0.082      E(VDW )=-2.036     E(ELEC)=-6.613     |
 -------------------------------------------------------------------------------
 NBONDS: generating intra-molecular exclusion list with mode= 5
 MAKINB: mode   5 found      0 exclusions and      0 interactions(1-4)
 NBONDS: found     1661 intra-atom interactions
 --------------- cycle=    45 --------------------------------------------------
 | Etotal =-7.189     grad(E)=0.061      E(VDW )=-6.688     E(ELEC)=-0.501     |
 -------------------------------------------------------------------------------
 HEAP: maximum use      =    22634760 current use      =       96000 bytes
 HEAP: maximum overhead =        2816 current overhead =         752 bytes
          ============================================================
           Maximum dynamic memory allocation:    22634760 bytes
           Maximum dynamic memory overhead:          2816 bytes
           Program started at: 16:40:12 on 08-May-2020
           Program stopped at: 16:40:35 on 08-May-2020
           CPU time used:      23.6875 seconds
          ============================================================
