          ============================================================
          |                                                          |
          |            Crystallography & NMR System (CNS)            |
          |                         CNSsolve                         |
          |                                                          |
          ============================================================
           Version: 1.3 at patch level U
           Status: Special UU release with Rg and paramagnetic
                   restraints (A. Bonvin, UU 2011)
          ============================================================
           Written by: A.T.Brunger, P.D.Adams, G.M.Clore, W.L.DeLano,
                       P.Gros, R.W.Grosse-Kunstleve,J.-S.Jiang,J.M.Krahn,
                       J.Kuszewski, M.Nilges, N.S.Pannu, R.J.Read,
                       L.M.Rice, G.F.Schroeder, T.Simonson, G.L.Warren.
           Copyright (c) 1997-2010 Yale University
          ============================================================
           Running on machine: hostname unknown (x86_64/Linux,64-bit)
           Program started by: joaor
           Program started at: 16:21:09 on 08-May-2020
          ============================================================

 FFT3C: Using FFTPACK4.1

 CNSsolve>! 
 CNSsolve>! Calculates pairwise energies between residues 
 CNSsolve>! Will only rebuild hydrogen atoms 
 CNSsolve>! 
 CNSsolve>! Adapted from HADDOCK protocols here and there. 
 CNSsolve>! JR & AMJJB @ 2020 
 CNSsolve>! 
 CNSsolve>define( 
 DEFINE>    {===>} auto_break=true; 
 DEFINE>    {===>} break_cutoff=2.5; 
 DEFINE>    {===>} dnaauto_break=true; 
 DEFINE>    {===>} dbreak_cutoff=4.5; 
 DEFINE>    {===>} auto_cispro=true; 
 DEFINE>    {===>} auto_disu=true; 
 DEFINE>    {===>} disulphide_dist=3.0; 
 DEFINE>    {===>} glyco_dist=2.75; 
 DEFINE>    {===>} coorin="molecule.pdb"; 
 DEFINE>    {===>} icutoff=5.0; 
 DEFINE>) 
 CNSsolve> 
 CNSsolve>! Mute (most) output 
 CNSsolve>set message=on echo=off end 
 ASSFIL: file merged.param opened.
 MESSage=NORM
 EVALUATE: symbol $OLD_MESSAGE set to "NORM" (string)
 ECHO=FALSe {OFF}
 EVALUATE: symbol $OLD_ECHO set to FALSE (logical)
 %PARRDR-info: duplication of bond HC   NC2 
 %PARRDR-info: duplication of angle CH2E C    NH1 
 %PARRDR-info: duplication of angle CH2P CH2E HA  
 ASSFIL: file merged.top opened.
 MESSage=NORM
 EVALUATE: symbol $OLD_MESSAGE set to "NORM" (string)
 ECHO=FALSe {OFF}
 EVALUATE: symbol $OLD_ECHO set to FALSE (logical)
 %RTFIO-warning: undefined masses in residue CYC 
 %RTFIO error encountered: there are undefined masses.
   (CNS is in mode: SET ABORT=NORMal END)
 MESSage=NORM
 EVALUATE: symbol $OLD_MESSAGE set to "NORM" (string)
 ECHO=FALSe {OFF}
 EVALUATE: symbol $OLD_ECHO set to FALSE (logical)
 ASSFIL: file protein_break.top opened.
 %RTFRDR-ERR: duplicate (P-)RESIdue name DPEP
 %RTFRDR-ERR: duplicate (P-)RESIdue name DPPP
 RTFRDR> 
 RTFRDR>end 
 CNSsolve> 
 CNSsolve>! Reset output muting 
 CNSsolve>set message=off echo=off end 
FOUND 3 NAG:ASN pairs
NAG:ASN bond added from   B    901  to   B    53  
NAG:ASN bond added from   B    910  to   B    546 
NAG:ASN bond added from   E    1401 to   E    343 
FOUND 4 NAG:NAG pairs
NAG:NAG B14 bond added from   B    902  to   B    901 
NAG:NAG B14 bond added from   B    911  to   B    910 
NAG:NAG B14 bond added from   E    1402 to   E    1401
NAG:NAG B14 bond added from   E    1403 to   E    1402
 %PARRDR-info: duplication of bond HC   NC2 
 %PARRDR-info: duplication of angle CH2E C    NH1 
 %PARRDR-info: duplication of angle CH2P CH2E HA  
 POWELL: number of degrees of freedom= 13464
 NBONDS: generating intra-molecular exclusion list with mode=-2
 MAKINB: mode  -2 found   4488 exclusions and      0 interactions(1-4)
 %atoms "B   -54  -ILE -HG11" and "B   -54  -ILE -HG22" only  0.04 A apart
 %atoms "B   -111 -GLU -HA  " and "B   -111 -GLU -CB  " only  0.05 A apart
 %atoms "B   -135 -ILE -HG11" and "B   -135 -ILE -HD13" only  0.09 A apart
 %atoms "B   -186 -LEU -HD22" and "B   -186 -LEU -HD23" only  0.09 A apart
 %atoms "B   -291 -ILE -HG22" and "B   -291 -ILE -HD11" only  0.07 A apart
 %atoms "B   -327 -PHE -HB2 " and "B   -327 -PHE -HE2 " only  0.09 A apart
 %atoms "B   -452 -PHE -HA  " and "B   -452 -PHE -CG  " only  0.08 A apart
 %atoms "B   -520 -ILE -HD11" and "B   -520 -ILE -HD12" only  0.07 A apart
 %atoms "E   -487 -ASN -HA  " and "E   -487 -ASN -HB2 " only  0.10 A apart
 NBONDS: found   662036 intra-atom interactions
 NBONDS: found        9 nonbonded violations
 %atoms "B   -359 -LYS -HE1 " and "B   -359 -LYS -HZ3 " only  0.06 A apart
 %atoms "E   -436 -TRP -CE3 " and "E   -436 -TRP -HH2 " only  0.07 A apart
 NBONDS: found   662182 intra-atom interactions
 NBONDS: found        2 nonbonded violations
 %atoms "B   -204 -ARG -HD2 " and "B   -204 -ARG -NE  " only  0.06 A apart
 %atoms "E   -417 -LYS -HE2 " and "E   -417 -LYS -HZ3 " only  0.05 A apart
 NBONDS: found   659134 intra-atom interactions
 NBONDS: found        2 nonbonded violations
 NBONDS: found   655719 intra-atom interactions
 --------------- cycle=    10 ------ stepsize=   -0.0000 -----------------------
 | Etotal =0.32E+07   grad(E)=580.015    E(BOND)=485758.907 E(ANGL)=0.15E+07   |
 | E(VDW )=0.13E+07                                                            |
 -------------------------------------------------------------------------------
 NBONDS: found   655960 intra-atom interactions
 NBONDS: found   655947 intra-atom interactions
 NBONDS: found   656108 intra-atom interactions
 NBONDS: found   656053 intra-atom interactions
 --------------- cycle=    20 ------ stepsize=   -0.0000 -----------------------
 | Etotal =0.12E+07   grad(E)=308.409    E(BOND)=236029.236 E(ANGL)=489064.027 |
 | E(VDW )=485832.774                                                          |
 -------------------------------------------------------------------------------
 NBONDS: found   655692 intra-atom interactions
 NBONDS: found   655937 intra-atom interactions
 --------------- cycle=    30 ------ stepsize=    0.0000 -----------------------
 | Etotal =957739.524 grad(E)=252.554    E(BOND)=190782.518 E(ANGL)=351328.260 |
 | E(VDW )=415628.747                                                          |
 -------------------------------------------------------------------------------
 NBONDS: found   656004 intra-atom interactions
 NBONDS: found   656009 intra-atom interactions
 NBONDS: found   655902 intra-atom interactions
 --------------- cycle=    40 ------ stepsize=   -0.0000 -----------------------
 | Etotal =913079.862 grad(E)=244.316    E(BOND)=189259.211 E(ANGL)=326689.851 |
 | E(VDW )=397130.801                                                          |
 -------------------------------------------------------------------------------
 NBONDS: found   656062 intra-atom interactions
 NBONDS: found   656151 intra-atom interactions
 --------------- cycle=    50 ------ stepsize=    0.0000 -----------------------
 | Etotal =894068.461 grad(E)=239.898    E(BOND)=185980.971 E(ANGL)=316405.902 |
 | E(VDW )=391681.587                                                          |
 -------------------------------------------------------------------------------
 POWELL: STEP number limit. Normal termination
 POWELL: Current coordinates set to last minimum
 DCART: temperature coupling (TCOUpling) enabled
 -------------------------- Cartesian dynamics start ---------------------------
 | E(kin)+E(total)=0.33E+07        E(kin)=4135.436      temperature=309.127    |
 | Etotal =0.33E+07   grad(E)=580.262    E(BOND)=185980.971 E(ANGL)=316405.902 |
 | E(IMPR)=0.28E+07                                                            |
 -------------------------------------------------------------------------------
 ----------------- final step=       50 at      0.02500 ps ---------------------
 | E(kin)+E(total)=0.21E+07        E(kin)=423628.360    temperature=31666.591  |
 | Etotal =0.17E+07   grad(E)=326.836    E(BOND)=195322.016 E(ANGL)=793295.536 |
 | E(IMPR)=730008.317                                                          |
 -------------------------------------------------------------------------------
 CENMAS: Information about center of free masses
         position [A]          :     -0.72154     -0.05434     -0.19311
         velocity [A/ps]       :      0.13938     -1.27396     -0.93967
         ang. mom. [amu A/ps]  :-683261.36156-701928.29603-140051.16513
         kin. ener. [Kcal/mol] :    270.88872
 POWELL: number of degrees of freedom= 13464
 NBONDS: found   653389 intra-atom interactions
 NBONDS: found   652421 intra-atom interactions
 NBONDS: found   652592 intra-atom interactions
 NBONDS: found   653779 intra-atom interactions
 --------------- cycle=    10 ------ stepsize=   -0.0001 -----------------------
 | Etotal =0.18E+07   grad(E)=275.234    E(BOND)=244461.396 E(ANGL)=443599.460 |
 | E(IMPR)=640748.426 E(VDW )=462524.048                                       |
 -------------------------------------------------------------------------------
 NBONDS: found   654315 intra-atom interactions
 NBONDS: found   654975 intra-atom interactions
 NBONDS: found   654870 intra-atom interactions
 NBONDS: found   654857 intra-atom interactions
 --------------- cycle=    20 ------ stepsize=    0.0000 -----------------------
 | Etotal =0.12E+07   grad(E)=144.144    E(BOND)=177367.580 E(ANGL)=157182.615 |
 | E(IMPR)=521699.498 E(VDW )=338145.662                                       |
 -------------------------------------------------------------------------------
 NBONDS: found   654986 intra-atom interactions
 NBONDS: found   655067 intra-atom interactions
 NBONDS: found   655142 intra-atom interactions
 --------------- cycle=    30 ------ stepsize=    0.0000 -----------------------
 | Etotal =0.11E+07   grad(E)=113.383    E(BOND)=165393.607 E(ANGL)=122895.988 |
 | E(IMPR)=510759.737 E(VDW )=314766.621                                       |
 -------------------------------------------------------------------------------
 NBONDS: found   655121 intra-atom interactions
 NBONDS: found   654992 intra-atom interactions
 --------------- cycle=    40 ------ stepsize=   -0.0000 -----------------------
 | Etotal =0.11E+07   grad(E)=115.253    E(BOND)=167168.378 E(ANGL)=119152.830 |
 | E(IMPR)=495740.516 E(VDW )=308581.737                                       |
 -------------------------------------------------------------------------------
 NBONDS: found   654928 intra-atom interactions
 NBONDS: found   654916 intra-atom interactions
 --------------- cycle=    50 ------ stepsize=   -0.0000 -----------------------
 | Etotal =0.11E+07   grad(E)=110.378    E(BOND)=165287.084 E(ANGL)=113276.003 |
 | E(IMPR)=486823.408 E(VDW )=305328.528                                       |
 -------------------------------------------------------------------------------
 POWELL: STEP number limit. Normal termination
 POWELL: Current coordinates set to last minimum
 DCART: temperature coupling (TCOUpling) enabled
 -------------------------- Cartesian dynamics start ---------------------------
 | E(kin)+E(total)=0.11E+07        E(kin)=4038.809      temperature=301.904    |
 | Etotal =0.11E+07   grad(E)=110.378    E(BOND)=165287.084 E(ANGL)=113276.003 |
 | E(IMPR)=486823.408 E(VDW )=305328.528                                       |
 -------------------------------------------------------------------------------
 NBONDS: found   655013 intra-atom interactions
 NBONDS: found   655055 intra-atom interactions
 NBONDS: found   655129 intra-atom interactions
 ----------------- final step=       50 at      0.02500 ps ---------------------
 | E(kin)+E(total)=0.11E+07        E(kin)=6282.474      temperature=469.620    |
 | Etotal =0.11E+07   grad(E)=113.778    E(BOND)=166032.598 E(ANGL)=112059.463 |
 | E(IMPR)=482367.469 E(VDW )=305183.197                                       |
 -------------------------------------------------------------------------------
 CENMAS: Information about center of free masses
         position [A]          :     -0.72119     -0.06571     -0.18894
         velocity [A/ps]       :     -0.00478      0.02453     -0.01207
         ang. mom. [amu A/ps]  : -66387.04906  49913.35822  15928.37999
         kin. ener. [Kcal/mol] :      0.08262
 %PARRDR-info: duplication of bond HC   NC2 
 %PARRDR-info: duplication of angle CH2E C    NH1 
 %PARRDR-info: duplication of angle CH2P CH2E HA  
 POWELL: number of degrees of freedom= 13464
 NBONDS: generating intra-molecular exclusion list with mode=-3
 MAKINB: mode  -3 found  15306 exclusions and      0 interactions(1-4)
 NBONDS: found   644319 intra-atom interactions
 NBONDS: found   645713 intra-atom interactions
 NBONDS: found   645784 intra-atom interactions
 NBONDS: found   646021 intra-atom interactions
 NBONDS: found   646342 intra-atom interactions
 NBONDS: found   646394 intra-atom interactions
 --------------- cycle=    25 ------ stepsize=    0.0002 -----------------------
 | Etotal =223561.637 grad(E)=103.328    E(BOND)=19162.654  E(ANGL)=109825.457 |
 | E(IMPR)=92623.525  E(VDW )=1950.001                                         |
 -------------------------------------------------------------------------------
 NBONDS: found   646419 intra-atom interactions
 NBONDS: found   646459 intra-atom interactions
 NBONDS: found   646389 intra-atom interactions
 NBONDS: found   646420 intra-atom interactions
 NBONDS: found   646601 intra-atom interactions
 NBONDS: found   646458 intra-atom interactions
 NBONDS: found   646437 intra-atom interactions
 --------------- cycle=    50 ------ stepsize=    0.0001 -----------------------
 | Etotal =47125.873  grad(E)=35.090     E(BOND)=2358.369   E(ANGL)=20893.845  |
 | E(IMPR)=23182.206  E(VDW )=691.453                                          |
 -------------------------------------------------------------------------------
 NBONDS: found   646481 intra-atom interactions
 NBONDS: found   646345 intra-atom interactions
 NBONDS: found   646390 intra-atom interactions
 NBONDS: found   646438 intra-atom interactions
 NBONDS: found   646428 intra-atom interactions
 --------------- cycle=    75 ------ stepsize=    0.0006 -----------------------
 | Etotal =10506.377  grad(E)=17.324     E(BOND)=347.257    E(ANGL)=5769.447   |
 | E(IMPR)=3857.741   E(VDW )=531.931                                          |
 -------------------------------------------------------------------------------
 NBONDS: found   646431 intra-atom interactions
 NBONDS: found   646405 intra-atom interactions
 NBONDS: found   646431 intra-atom interactions
 NBONDS: found   646424 intra-atom interactions
 --------------- cycle=   100 ------ stepsize=    0.0006 -----------------------
 | Etotal =2496.040   grad(E)=13.595     E(BOND)=85.448     E(ANGL)=1854.441   |
 | E(IMPR)=64.916     E(VDW )=491.235                                          |
 -------------------------------------------------------------------------------
 POWELL: STEP number limit. Normal termination
 POWELL: Current coordinates set to last minimum
 DCART: temperature coupling (TCOUpling) enabled
 -------------------------- Cartesian dynamics start ---------------------------
 | E(kin)+E(total)=6432.702        E(kin)=3936.662      temperature=294.269    |
 | Etotal =2496.040   grad(E)=13.595     E(BOND)=85.448     E(ANGL)=1854.441   |
 | E(IMPR)=64.916     E(VDW )=491.235                                          |
 -------------------------------------------------------------------------------
 NBONDS: found   646384 intra-atom interactions
 NBONDS: found   646332 intra-atom interactions
 NBONDS: found   646395 intra-atom interactions
 NBONDS: found   646328 intra-atom interactions
 NBONDS: found   646485 intra-atom interactions
 NBONDS: found   646464 intra-atom interactions
 NBONDS: found   646407 intra-atom interactions
 NBONDS: found   646502 intra-atom interactions
 NBONDS: found   646449 intra-atom interactions
 NBONDS: found   646440 intra-atom interactions
 NBONDS: found   646462 intra-atom interactions
 ----------------- final step=      500 at      0.25000 ps ---------------------
 | E(kin)+E(total)=9370.041        E(kin)=4520.847      temperature=337.937    |
 | Etotal =4849.195   grad(E)=29.067     E(BOND)=777.038    E(ANGL)=3165.407   |
 | E(IMPR)=327.532    E(VDW )=579.218                                          |
 -------------------------------------------------------------------------------
 CENMAS: Information about center of free masses
         position [A]          :     -0.72038     -0.06776     -0.18896
         velocity [A/ps]       :      0.01149     -0.02468      0.05381
         ang. mom. [amu A/ps]  :-120058.25831-125431.86260 141889.52380
         kin. ener. [Kcal/mol] :      0.39010
 EFLAGS: the following energy flags are set
 EFLAGS: BOND ANGL DIHE IMPR VDW 
 %PARRDR-info: duplication of bond HC   NC2 
 %PARRDR-info: duplication of angle CH2E C    NH1 
 %PARRDR-info: duplication of angle CH2P CH2E HA  
 POWELL: number of degrees of freedom= 13464
 NBONDS: generating intra-molecular exclusion list with mode=-3
 MAKINB: mode  -3 found  15306 exclusions and      0 interactions(1-4)
 NBONDS: found   646437 intra-atom interactions
 NBONDS: found   646343 intra-atom interactions
 --------------- cycle=    50 ------ stepsize=    0.0009 -----------------------
 | Etotal =13308.903  grad(E)=15.869     E(BOND)=210.905    E(ANGL)=1897.661   |
 | E(DIHE)=229.677    E(IMPR)=93.963     E(VDW )=10876.697                     |
 -------------------------------------------------------------------------------
 NBONDS: found   646190 intra-atom interactions
 --------------- cycle=   100 ------ stepsize=    0.0009 -----------------------
 | Etotal =12879.642  grad(E)=15.908     E(BOND)=214.185    E(ANGL)=1868.048   |
 | E(DIHE)=179.389    E(IMPR)=85.978     E(VDW )=10532.042                     |
 -------------------------------------------------------------------------------
 --------------- cycle=   150 ------ stepsize=    0.0011 -----------------------
 | Etotal =12774.076  grad(E)=15.693     E(BOND)=207.007    E(ANGL)=1863.270   |
 | E(DIHE)=173.496    E(IMPR)=86.121     E(VDW )=10444.182                     |
 -------------------------------------------------------------------------------
 --------------- cycle=   200 ------ stepsize=    0.0008 -----------------------
 | Etotal =12760.677  grad(E)=15.679     E(BOND)=207.016    E(ANGL)=1861.221   |
 | E(DIHE)=171.622    E(IMPR)=86.590     E(VDW )=10434.228                     |
 -------------------------------------------------------------------------------
 --------------- cycle=   250 ------ stepsize=    0.0009 -----------------------
 | Etotal =12760.158  grad(E)=15.676     E(BOND)=206.949    E(ANGL)=1861.058   |
 | E(DIHE)=171.548    E(IMPR)=86.650     E(VDW )=10433.954                     |
 -------------------------------------------------------------------------------
 --------------- cycle=   300 ------ stepsize=   -0.0003 -----------------------
 | Etotal =12759.840  grad(E)=15.677     E(BOND)=206.947    E(ANGL)=1861.178   |
 | E(DIHE)=171.562    E(IMPR)=86.685     E(VDW )=10433.467                     |
 -------------------------------------------------------------------------------
 --------------- cycle=   350 ------ stepsize=   -0.0001 -----------------------
 | Etotal =12759.834  grad(E)=15.677     E(BOND)=206.938    E(ANGL)=1861.162   |
 | E(DIHE)=171.547    E(IMPR)=86.694     E(VDW )=10433.492                     |
 -------------------------------------------------------------------------------
 --------------- cycle=   400 ------ stepsize=    0.0004 -----------------------
 | Etotal =12759.834  grad(E)=15.677     E(BOND)=206.936    E(ANGL)=1861.165   |
 | E(DIHE)=171.550    E(IMPR)=86.692     E(VDW )=10433.491                     |
 -------------------------------------------------------------------------------
 POWELL: Gradient converged. Normal termination
 POWELL: Current coordinates set to last minimum
 DCART: temperature coupling (TCOUpling) enabled
 -------------------------- Cartesian dynamics start ---------------------------
 | E(kin)+E(total)=16787.047       E(kin)=4027.213      temperature=301.038    |
 | Etotal =12759.834  grad(E)=15.677     E(BOND)=206.936    E(ANGL)=1861.163   |
 | E(DIHE)=171.550    E(IMPR)=86.692     E(VDW )=10433.493                     |
 -------------------------------------------------------------------------------
 NBONDS: found   646282 intra-atom interactions
 NBONDS: found   646134 intra-atom interactions
 NBONDS: found   646227 intra-atom interactions
 NBONDS: found   646276 intra-atom interactions
 NBONDS: found   646185 intra-atom interactions
 NBONDS: found   646188 intra-atom interactions
 NBONDS: found   646201 intra-atom interactions
 ----------------- final step=      500 at      0.25000 ps ---------------------
 | E(kin)+E(total)=20830.355       E(kin)=4158.271      temperature=310.834    |
 | Etotal =16672.084  grad(E)=32.854     E(BOND)=1322.248   E(ANGL)=4022.032   |
 | E(DIHE)=192.555    E(IMPR)=429.353    E(VDW )=10705.897                     |
 -------------------------------------------------------------------------------
 CENMAS: Information about center of free masses
         position [A]          :     -0.72063     -0.06801     -0.18894
         velocity [A/ps]       :     -0.07082     -0.08568     -0.14300
         ang. mom. [amu A/ps]  :  14509.82362  19927.13080 -71218.29276
         kin. ener. [Kcal/mol] :      0.17736
 POWELL: number of degrees of freedom= 13464
 --------------- cycle=    50 ------ stepsize=    0.0011 -----------------------
 | Etotal =12774.147  grad(E)=15.726     E(BOND)=208.138    E(ANGL)=1863.600   |
 | E(DIHE)=171.797    E(IMPR)=86.305     E(VDW )=10444.307                     |
 -------------------------------------------------------------------------------
 --------------- cycle=   100 ------ stepsize=    0.0012 -----------------------
 | Etotal =12760.069  grad(E)=15.698     E(BOND)=207.776    E(ANGL)=1861.340   |
 | E(DIHE)=169.125    E(IMPR)=86.302     E(VDW )=10435.526                     |
 -------------------------------------------------------------------------------
 --------------- cycle=   150 ------ stepsize=    0.0009 -----------------------
 | Etotal =12758.911  grad(E)=15.690     E(BOND)=207.540    E(ANGL)=1860.822   |
 | E(DIHE)=169.057    E(IMPR)=86.474     E(VDW )=10435.018                     |
 -------------------------------------------------------------------------------
 --------------- cycle=   200 ------ stepsize=    0.0008 -----------------------
 | Etotal =12758.737  grad(E)=15.685     E(BOND)=207.450    E(ANGL)=1860.627   |
 | E(DIHE)=169.200    E(IMPR)=86.653     E(VDW )=10434.807                     |
 -------------------------------------------------------------------------------
 --------------- cycle=   250 ------ stepsize=    0.0008 -----------------------
 | Etotal =12758.696  grad(E)=15.686     E(BOND)=207.475    E(ANGL)=1860.615   |
 | E(DIHE)=169.161    E(IMPR)=86.600     E(VDW )=10434.846                     |
 -------------------------------------------------------------------------------
 --------------- cycle=   300 ------ stepsize=    0.0010 -----------------------
 | Etotal =12758.696  grad(E)=15.686     E(BOND)=207.476    E(ANGL)=1860.612   |
 | E(DIHE)=169.164    E(IMPR)=86.601     E(VDW )=10434.843                     |
 -------------------------------------------------------------------------------
 POWELL: Gradient converged. Normal termination
 POWELL: Current coordinates set to last minimum
 POWELL: number of degrees of freedom= 17703
 NBONDS: found   646198 intra-atom interactions
 NBONDS: found   646126 intra-atom interactions
 NBONDS: found   646201 intra-atom interactions
 --------------- cycle=     5 ------ stepsize=    0.0006 -----------------------
 | Etotal =12602.132  grad(E)=15.710     E(BOND)=205.684    E(ANGL)=1859.775   |
 | E(DIHE)=169.138    E(IMPR)=85.303     E(VDW )=10282.233                     |
 -------------------------------------------------------------------------------
 --------------- cycle=    10 ------ stepsize=    0.0007 -----------------------
 | Etotal =12599.907  grad(E)=15.728     E(BOND)=205.641    E(ANGL)=1859.982   |
 | E(DIHE)=169.056    E(IMPR)=86.536     E(VDW )=10278.692                     |
 -------------------------------------------------------------------------------
 --------------- cycle=    15 ------ stepsize=    0.0011 -----------------------
 | Etotal =12598.233  grad(E)=15.695     E(BOND)=205.211    E(ANGL)=1861.466   |
 | E(DIHE)=168.821    E(IMPR)=86.265     E(VDW )=10276.471                     |
 -------------------------------------------------------------------------------
 --------------- cycle=    20 ------ stepsize=    0.0009 -----------------------
 | Etotal =12596.548  grad(E)=15.763     E(BOND)=206.936    E(ANGL)=1858.834   |
 | E(DIHE)=168.564    E(IMPR)=85.422     E(VDW )=10276.792                     |
 -------------------------------------------------------------------------------
 --------------- cycle=    25 ------ stepsize=    0.0000 -----------------------
 | Etotal =12596.079  grad(E)=15.715     E(BOND)=205.499    E(ANGL)=1859.082   |
 | E(DIHE)=168.523    E(IMPR)=86.854     E(VDW )=10276.121                     |
 -------------------------------------------------------------------------------
 --------------- cycle=    30 ------ stepsize=    0.0010 -----------------------
 | Etotal =12595.236  grad(E)=15.725     E(BOND)=205.833    E(ANGL)=1859.673   |
 | E(DIHE)=168.355    E(IMPR)=85.928     E(VDW )=10275.448                     |
 -------------------------------------------------------------------------------
 --------------- cycle=    35 ------ stepsize=    0.0003 -----------------------
 | Etotal =12594.966  grad(E)=15.733     E(BOND)=205.831    E(ANGL)=1858.777   |
 | E(DIHE)=168.324    E(IMPR)=86.554     E(VDW )=10275.481                     |
 -------------------------------------------------------------------------------
 --------------- cycle=    40 ------ stepsize=    0.0008 -----------------------
 | Etotal =12594.846  grad(E)=15.718     E(BOND)=205.612    E(ANGL)=1860.099   |
 | E(DIHE)=168.315    E(IMPR)=85.992     E(VDW )=10274.828                     |
 -------------------------------------------------------------------------------
 --------------- cycle=    45 ------ stepsize=    0.0006 -----------------------
 | Etotal =12594.734  grad(E)=15.728     E(BOND)=205.857    E(ANGL)=1859.018   |
 | E(DIHE)=168.303    E(IMPR)=86.151     E(VDW )=10275.404                     |
 -------------------------------------------------------------------------------
 --------------- cycle=    50 ------ stepsize=    0.0009 -----------------------
 | Etotal =12594.688  grad(E)=15.725     E(BOND)=205.743    E(ANGL)=1859.409   |
 | E(DIHE)=168.288    E(IMPR)=86.219     E(VDW )=10275.028                     |
 -------------------------------------------------------------------------------
 POWELL: STEP number limit. Normal termination
 POWELL: Current coordinates set to last minimum
 %PARRDR-info: duplication of bond HC   NC2 
 %PARRDR-info: duplication of angle CH2E C    NH1 
 %PARRDR-info: duplication of angle CH2P CH2E HA  
 POWELL: number of degrees of freedom= 17703
 NBONDS: generating intra-molecular exclusion list with mode= 5
 MAKINB: mode   5 found  17346 exclusions and  17295 interactions(1-4)
 NBONDS: found   854134 intra-atom interactions
 NBONDS: found   854263 intra-atom interactions
 --------------- cycle=    50 ------ stepsize=    0.0011 -----------------------
 | Etotal =731.968    grad(E)=10.398     E(BOND)=20.562     E(ANGL)=1156.300   |
 | E(DIHE)=49.190     E(IMPR)=43.006     E(VDW )=-538.285   E(ELEC)=1.194      |
 -------------------------------------------------------------------------------
 POWELL: STEP number limit. Normal termination
 POWELL: Current coordinates set to last minimum
 --------------- cycle=     1 --------------------------------------------------
 | Etotal =730.511    grad(E)=10.282     E(BOND)=14.783     E(ANGL)=1156.730   |
 | E(DIHE)=55.753     E(IMPR)=46.196     E(VDW )=-544.161   E(ELEC)=1.211      |
 -------------------------------------------------------------------------------
 SURFAC: half the sigma value being used for atomic radii.
 SURFAC: ACCEssible surface area
 SURFAC: ACCUracy= 0.07 RH2O=  1.40
         Z-grid=  0.32 number-of-Z-sections=  221
         measures-of-arc= 87775 and147031
 SURFAC: half the sigma value being used for atomic radii.
 SURFAC: ACCEssible surface area
 SURFAC: ACCUracy= 0.07 RH2O=  1.40
         Z-grid=  0.32 number-of-Z-sections=  139
         measures-of-arc= 25915 and 46081
 SURFAC: half the sigma value being used for atomic radii.
 SURFAC: ACCEssible surface area
 SURFAC: ACCUracy= 0.07 RH2O=  1.40
         Z-grid=  0.32 number-of-Z-sections=  221
         measures-of-arc=115509 and193401
 %PARRDR-info: duplication of bond HC   NC2 
 %PARRDR-info: duplication of angle CH2E C    NH1 
 %PARRDR-info: duplication of angle CH2P CH2E HA  
 NBONDS: generating intra-molecular exclusion list with mode= 5
 MAKINB: mode   5 found      0 exclusions and      0 interactions(1-4)
 NBONDS: found     1423 intra-atom interactions
 --------------- cycle=     2 --------------------------------------------------
 | Etotal =-13.948    grad(E)=0.137      E(VDW )=-6.042     E(ELEC)=-7.906     |
 -------------------------------------------------------------------------------
 NBONDS: generating intra-molecular exclusion list with mode= 5
 MAKINB: mode   5 found      0 exclusions and      0 interactions(1-4)
 NBONDS: found     1982 intra-atom interactions
 --------------- cycle=     3 --------------------------------------------------
 | Etotal =-15.554    grad(E)=0.096      E(VDW )=-5.806     E(ELEC)=-9.748     |
 -------------------------------------------------------------------------------
 NBONDS: generating intra-molecular exclusion list with mode= 5
 MAKINB: mode   5 found      0 exclusions and      0 interactions(1-4)
 NBONDS: found     1059 intra-atom interactions
 --------------- cycle=     4 --------------------------------------------------
 | Etotal =-4.214     grad(E)=0.027      E(VDW )=-3.174     E(ELEC)=-1.040     |
 -------------------------------------------------------------------------------
 NBONDS: generating intra-molecular exclusion list with mode= 5
 MAKINB: mode   5 found      0 exclusions and      0 interactions(1-4)
 NBONDS: found     1224 intra-atom interactions
 --------------- cycle=     5 --------------------------------------------------
 | Etotal =-75.530    grad(E)=0.307      E(VDW )=-0.269     E(ELEC)=-75.261    |
 -------------------------------------------------------------------------------
 NBONDS: generating intra-molecular exclusion list with mode= 5
 MAKINB: mode   5 found      0 exclusions and      0 interactions(1-4)
 NBONDS: found     1322 intra-atom interactions
 --------------- cycle=     6 --------------------------------------------------
 | Etotal =-13.799    grad(E)=0.128      E(VDW )=-5.047     E(ELEC)=-8.752     |
 -------------------------------------------------------------------------------
 NBONDS: generating intra-molecular exclusion list with mode= 5
 MAKINB: mode   5 found      0 exclusions and      0 interactions(1-4)
 NBONDS: found     2733 intra-atom interactions
 --------------- cycle=     7 --------------------------------------------------
 | Etotal =-37.444    grad(E)=0.302      E(VDW )=-3.924     E(ELEC)=-33.519    |
 -------------------------------------------------------------------------------
 NBONDS: generating intra-molecular exclusion list with mode= 5
 MAKINB: mode   5 found      0 exclusions and      0 interactions(1-4)
 NBONDS: found      940 intra-atom interactions
 --------------- cycle=     8 --------------------------------------------------
 | Etotal =3.282      grad(E)=0.070      E(VDW )=-0.898     E(ELEC)=4.180      |
 -------------------------------------------------------------------------------
 NBONDS: generating intra-molecular exclusion list with mode= 5
 MAKINB: mode   5 found      0 exclusions and      0 interactions(1-4)
 NBONDS: found      782 intra-atom interactions
 --------------- cycle=     9 --------------------------------------------------
 | Etotal =-4.301     grad(E)=0.106      E(VDW )=-1.004     E(ELEC)=-3.297     |
 -------------------------------------------------------------------------------
 NBONDS: generating intra-molecular exclusion list with mode= 5
 MAKINB: mode   5 found      0 exclusions and      0 interactions(1-4)
 NBONDS: found      958 intra-atom interactions
 --------------- cycle=    10 --------------------------------------------------
 | Etotal =18.925     grad(E)=0.236      E(VDW )=-4.388     E(ELEC)=23.313     |
 -------------------------------------------------------------------------------
 NBONDS: generating intra-molecular exclusion list with mode= 5
 MAKINB: mode   5 found      0 exclusions and      0 interactions(1-4)
 NBONDS: found     1451 intra-atom interactions
 --------------- cycle=    11 --------------------------------------------------
 | Etotal =-17.264    grad(E)=0.183      E(VDW )=-4.641     E(ELEC)=-12.623    |
 -------------------------------------------------------------------------------
 NBONDS: generating intra-molecular exclusion list with mode= 5
 MAKINB: mode   5 found      0 exclusions and      0 interactions(1-4)
 NBONDS: found      461 intra-atom interactions
 --------------- cycle=    12 --------------------------------------------------
 | Etotal =-3.469     grad(E)=0.093      E(VDW )=-0.846     E(ELEC)=-2.623     |
 -------------------------------------------------------------------------------
 NBONDS: generating intra-molecular exclusion list with mode= 5
 MAKINB: mode   5 found      0 exclusions and      0 interactions(1-4)
 NBONDS: found      950 intra-atom interactions
 --------------- cycle=    13 --------------------------------------------------
 | Etotal =-0.653     grad(E)=0.020      E(VDW )=-1.874     E(ELEC)=1.221      |
 -------------------------------------------------------------------------------
 NBONDS: generating intra-molecular exclusion list with mode= 5
 MAKINB: mode   5 found      0 exclusions and      0 interactions(1-4)
 NBONDS: found      129 intra-atom interactions
 --------------- cycle=    14 --------------------------------------------------
 | Etotal =-0.609     grad(E)=0.002      E(VDW )=-0.622     E(ELEC)=0.013      |
 -------------------------------------------------------------------------------
 NBONDS: generating intra-molecular exclusion list with mode= 5
 MAKINB: mode   5 found      0 exclusions and      0 interactions(1-4)
 NBONDS: found      473 intra-atom interactions
 --------------- cycle=    15 --------------------------------------------------
 | Etotal =-2.547     grad(E)=0.054      E(VDW )=-0.677     E(ELEC)=-1.870     |
 -------------------------------------------------------------------------------
 NBONDS: generating intra-molecular exclusion list with mode= 5
 MAKINB: mode   5 found      0 exclusions and      0 interactions(1-4)
 NBONDS: found      302 intra-atom interactions
 --------------- cycle=    16 --------------------------------------------------
 | Etotal =-1.114     grad(E)=0.015      E(VDW )=-0.875     E(ELEC)=-0.238     |
 -------------------------------------------------------------------------------
 NBONDS: generating intra-molecular exclusion list with mode= 5
 MAKINB: mode   5 found      0 exclusions and      0 interactions(1-4)
 NBONDS: found     3156 intra-atom interactions
 --------------- cycle=    17 --------------------------------------------------
 | Etotal =-59.439    grad(E)=0.277      E(VDW )=-10.187    E(ELEC)=-49.252    |
 -------------------------------------------------------------------------------
 NBONDS: generating intra-molecular exclusion list with mode= 5
 MAKINB: mode   5 found      0 exclusions and      0 interactions(1-4)
 NBONDS: found     1194 intra-atom interactions
 --------------- cycle=    18 --------------------------------------------------
 | Etotal =-3.611     grad(E)=0.090      E(VDW )=-4.683     E(ELEC)=1.072      |
 -------------------------------------------------------------------------------
 NBONDS: generating intra-molecular exclusion list with mode= 5
 MAKINB: mode   5 found      0 exclusions and      0 interactions(1-4)
 NBONDS: found      787 intra-atom interactions
 --------------- cycle=    19 --------------------------------------------------
 | Etotal =-1.366     grad(E)=0.112      E(VDW )=-2.715     E(ELEC)=1.349      |
 -------------------------------------------------------------------------------
 NBONDS: generating intra-molecular exclusion list with mode= 5
 MAKINB: mode   5 found      0 exclusions and      0 interactions(1-4)
 NBONDS: found      474 intra-atom interactions
 --------------- cycle=    20 --------------------------------------------------
 | Etotal =-2.601     grad(E)=0.079      E(VDW )=-1.421     E(ELEC)=-1.180     |
 -------------------------------------------------------------------------------
 NBONDS: generating intra-molecular exclusion list with mode= 5
 MAKINB: mode   5 found      0 exclusions and      0 interactions(1-4)
 NBONDS: found      193 intra-atom interactions
 --------------- cycle=    21 --------------------------------------------------
 | Etotal =-0.918     grad(E)=0.029      E(VDW )=-0.645     E(ELEC)=-0.272     |
 -------------------------------------------------------------------------------
 NBONDS: generating intra-molecular exclusion list with mode= 5
 MAKINB: mode   5 found      0 exclusions and      0 interactions(1-4)
 NBONDS: found      549 intra-atom interactions
 --------------- cycle=    22 --------------------------------------------------
 | Etotal =-75.412    grad(E)=0.312      E(VDW )=3.347      E(ELEC)=-78.758    |
 -------------------------------------------------------------------------------
 NBONDS: generating intra-molecular exclusion list with mode= 5
 MAKINB: mode   5 found      0 exclusions and      0 interactions(1-4)
 NBONDS: found      893 intra-atom interactions
 --------------- cycle=    23 --------------------------------------------------
 | Etotal =-3.822     grad(E)=0.077      E(VDW )=-1.965     E(ELEC)=-1.857     |
 -------------------------------------------------------------------------------
 NBONDS: generating intra-molecular exclusion list with mode= 5
 MAKINB: mode   5 found      0 exclusions and      0 interactions(1-4)
 NBONDS: found      502 intra-atom interactions
 --------------- cycle=    24 --------------------------------------------------
 | Etotal =-6.228     grad(E)=0.067      E(VDW )=-1.088     E(ELEC)=-5.141     |
 -------------------------------------------------------------------------------
 NBONDS: generating intra-molecular exclusion list with mode= 5
 MAKINB: mode   5 found      0 exclusions and      0 interactions(1-4)
 NBONDS: found     1254 intra-atom interactions
 --------------- cycle=    25 --------------------------------------------------
 | Etotal =-0.620     grad(E)=0.028      E(VDW )=-3.007     E(ELEC)=2.387      |
 -------------------------------------------------------------------------------
 NBONDS: generating intra-molecular exclusion list with mode= 5
 MAKINB: mode   5 found      0 exclusions and      0 interactions(1-4)
 NBONDS: found     1388 intra-atom interactions
 --------------- cycle=    26 --------------------------------------------------
 | Etotal =-6.085     grad(E)=0.019      E(VDW )=-6.095     E(ELEC)=0.010      |
 -------------------------------------------------------------------------------
 NBONDS: generating intra-molecular exclusion list with mode= 5
 MAKINB: mode   5 found      0 exclusions and      0 interactions(1-4)
 NBONDS: found      661 intra-atom interactions
 --------------- cycle=    27 --------------------------------------------------
 | Etotal =-0.465     grad(E)=0.038      E(VDW )=-1.222     E(ELEC)=0.757      |
 -------------------------------------------------------------------------------
 NBONDS: generating intra-molecular exclusion list with mode= 5
 MAKINB: mode   5 found      0 exclusions and      0 interactions(1-4)
 NBONDS: found      824 intra-atom interactions
 --------------- cycle=    28 --------------------------------------------------
 | Etotal =-7.708     grad(E)=0.095      E(VDW )=-2.811     E(ELEC)=-4.896     |
 -------------------------------------------------------------------------------
 NBONDS: generating intra-molecular exclusion list with mode= 5
 MAKINB: mode   5 found      0 exclusions and      0 interactions(1-4)
 NBONDS: found      379 intra-atom interactions
 --------------- cycle=    29 --------------------------------------------------
 | Etotal =-1.287     grad(E)=0.044      E(VDW )=-1.152     E(ELEC)=-0.136     |
 -------------------------------------------------------------------------------
 NBONDS: generating intra-molecular exclusion list with mode= 5
 MAKINB: mode   5 found      0 exclusions and      0 interactions(1-4)
 NBONDS: found     1191 intra-atom interactions
 --------------- cycle=    30 --------------------------------------------------
 | Etotal =-2.931     grad(E)=0.010      E(VDW )=-2.691     E(ELEC)=-0.240     |
 -------------------------------------------------------------------------------
 NBONDS: generating intra-molecular exclusion list with mode= 5
 MAKINB: mode   5 found      0 exclusions and      0 interactions(1-4)
 NBONDS: found      931 intra-atom interactions
 --------------- cycle=    31 --------------------------------------------------
 | Etotal =-5.915     grad(E)=0.063      E(VDW )=-3.108     E(ELEC)=-2.807     |
 -------------------------------------------------------------------------------
 NBONDS: generating intra-molecular exclusion list with mode= 5
 MAKINB: mode   5 found      0 exclusions and      0 interactions(1-4)
 NBONDS: found     1460 intra-atom interactions
 --------------- cycle=    32 --------------------------------------------------
 | Etotal =-12.863    grad(E)=0.097      E(VDW )=-4.928     E(ELEC)=-7.934     |
 -------------------------------------------------------------------------------
 NBONDS: generating intra-molecular exclusion list with mode= 5
 MAKINB: mode   5 found      0 exclusions and      0 interactions(1-4)
 NBONDS: found     1192 intra-atom interactions
 --------------- cycle=    33 --------------------------------------------------
 | Etotal =-6.567     grad(E)=0.099      E(VDW )=-3.266     E(ELEC)=-3.302     |
 -------------------------------------------------------------------------------
 NBONDS: generating intra-molecular exclusion list with mode= 5
 MAKINB: mode   5 found      0 exclusions and      0 interactions(1-4)
 NBONDS: found      482 intra-atom interactions
 --------------- cycle=    34 --------------------------------------------------
 | Etotal =-14.553    grad(E)=0.126      E(VDW )=-0.480     E(ELEC)=-14.073    |
 -------------------------------------------------------------------------------
 NBONDS: generating intra-molecular exclusion list with mode= 5
 MAKINB: mode   5 found      0 exclusions and      0 interactions(1-4)
 NBONDS: found      874 intra-atom interactions
 --------------- cycle=    35 --------------------------------------------------
 | Etotal =-19.602    grad(E)=0.159      E(VDW )=-1.604     E(ELEC)=-17.997    |
 -------------------------------------------------------------------------------
 NBONDS: generating intra-molecular exclusion list with mode= 5
 MAKINB: mode   5 found      0 exclusions and      0 interactions(1-4)
 NBONDS: found      584 intra-atom interactions
 --------------- cycle=    36 --------------------------------------------------
 | Etotal =-24.198    grad(E)=0.151      E(VDW )=-1.365     E(ELEC)=-22.832    |
 -------------------------------------------------------------------------------
 NBONDS: generating intra-molecular exclusion list with mode= 5
 MAKINB: mode   5 found      0 exclusions and      0 interactions(1-4)
 NBONDS: found      675 intra-atom interactions
 --------------- cycle=    37 --------------------------------------------------
 | Etotal =-1.748     grad(E)=0.053      E(VDW )=-0.590     E(ELEC)=-1.158     |
 -------------------------------------------------------------------------------
 NBONDS: generating intra-molecular exclusion list with mode= 5
 MAKINB: mode   5 found      0 exclusions and      0 interactions(1-4)
 NBONDS: found     1994 intra-atom interactions
 --------------- cycle=    38 --------------------------------------------------
 | Etotal =-6.395     grad(E)=0.084      E(VDW )=-5.802     E(ELEC)=-0.593     |
 -------------------------------------------------------------------------------
 NBONDS: generating intra-molecular exclusion list with mode= 5
 MAKINB: mode   5 found      0 exclusions and      0 interactions(1-4)
 NBONDS: found     1962 intra-atom interactions
 --------------- cycle=    39 --------------------------------------------------
 | Etotal =-16.203    grad(E)=0.216      E(VDW )=-4.477     E(ELEC)=-11.726    |
 -------------------------------------------------------------------------------
 NBONDS: generating intra-molecular exclusion list with mode= 5
 MAKINB: mode   5 found      0 exclusions and      0 interactions(1-4)
 NBONDS: found     1316 intra-atom interactions
 --------------- cycle=    40 --------------------------------------------------
 | Etotal =-6.146     grad(E)=0.116      E(VDW )=-5.164     E(ELEC)=-0.982     |
 -------------------------------------------------------------------------------
 NBONDS: generating intra-molecular exclusion list with mode= 5
 MAKINB: mode   5 found      0 exclusions and      0 interactions(1-4)
 NBONDS: found      748 intra-atom interactions
 --------------- cycle=    41 --------------------------------------------------
 | Etotal =-7.738     grad(E)=0.074      E(VDW )=-2.961     E(ELEC)=-4.777     |
 -------------------------------------------------------------------------------
 NBONDS: generating intra-molecular exclusion list with mode= 5
 MAKINB: mode   5 found      0 exclusions and      0 interactions(1-4)
 NBONDS: found      792 intra-atom interactions
 --------------- cycle=    42 --------------------------------------------------
 | Etotal =-1.489     grad(E)=0.035      E(VDW )=-0.931     E(ELEC)=-0.557     |
 -------------------------------------------------------------------------------
 NBONDS: generating intra-molecular exclusion list with mode= 5
 MAKINB: mode   5 found      0 exclusions and      0 interactions(1-4)
 NBONDS: found     2048 intra-atom interactions
 --------------- cycle=    43 --------------------------------------------------
 | Etotal =-9.509     grad(E)=0.075      E(VDW )=-8.313     E(ELEC)=-1.196     |
 -------------------------------------------------------------------------------
 HEAP: maximum use      =    21832904 current use      =       96000 bytes
 HEAP: maximum overhead =        2784 current overhead =         752 bytes
          ============================================================
           Maximum dynamic memory allocation:    21832904 bytes
           Maximum dynamic memory overhead:          2784 bytes
           Program started at: 16:21:09 on 08-May-2020
           Program stopped at: 16:21:31 on 08-May-2020
           CPU time used:      22.0625 seconds
          ============================================================
