          ============================================================
          |                                                          |
          |            Crystallography & NMR System (CNS)            |
          |                         CNSsolve                         |
          |                                                          |
          ============================================================
           Version: 1.3 at patch level U
           Status: Special UU release with Rg and paramagnetic
                   restraints (A. Bonvin, UU 2011)
          ============================================================
           Written by: A.T.Brunger, P.D.Adams, G.M.Clore, W.L.DeLano,
                       P.Gros, R.W.Grosse-Kunstleve,J.-S.Jiang,J.M.Krahn,
                       J.Kuszewski, M.Nilges, N.S.Pannu, R.J.Read,
                       L.M.Rice, G.F.Schroeder, T.Simonson, G.L.Warren.
           Copyright (c) 1997-2010 Yale University
          ============================================================
           Running on machine: hostname unknown (x86_64/Linux,64-bit)
           Program started by: joaor
           Program started at: 18:33:49 on 10-Jun-2020
          ============================================================

 FFT3C: Using FFTPACK4.1

 CNSsolve>! 
 CNSsolve>! Calculates pairwise energies between residues 
 CNSsolve>! Will only rebuild hydrogen atoms 
 CNSsolve>! 
 CNSsolve>! Adapted from HADDOCK protocols here and there. 
 CNSsolve>! JR & AMJJB @ 2020 
 CNSsolve>! 
 CNSsolve>define( 
 DEFINE>    {===>} auto_break=true; 
 DEFINE>    {===>} break_cutoff=2.5; 
 DEFINE>    {===>} dnaauto_break=true; 
 DEFINE>    {===>} dbreak_cutoff=4.5; 
 DEFINE>    {===>} auto_cispro=true; 
 DEFINE>    {===>} auto_disu=true; 
 DEFINE>    {===>} disulphide_dist=3.0; 
 DEFINE>    {===>} glyco_dist=2.75; 
 DEFINE>    {===>} coorin="molecule.pdb"; 
 DEFINE>    {===>} icutoff=5.0; 
 DEFINE>) 
 CNSsolve> 
 CNSsolve>! Mute (most) output 
 CNSsolve>set message=on echo=off end 
 ASSFIL: file merged.param opened.
 MESSage=NORM
 EVALUATE: symbol $OLD_MESSAGE set to "NORM" (string)
 ECHO=FALSe {OFF}
 EVALUATE: symbol $OLD_ECHO set to FALSE (logical)
 %PARRDR-info: duplication of bond HC   NC2 
 %PARRDR-info: duplication of angle CH2E C    NH1 
 %PARRDR-info: duplication of angle CH2P CH2E HA  
 ASSFIL: file merged.top opened.
 MESSage=NORM
 EVALUATE: symbol $OLD_MESSAGE set to "NORM" (string)
 ECHO=FALSe {OFF}
 EVALUATE: symbol $OLD_ECHO set to FALSE (logical)
 %RTFIO-warning: undefined masses in residue CYC 
 %RTFIO error encountered: there are undefined masses.
   (CNS is in mode: SET ABORT=NORMal END)
 MESSage=NORM
 EVALUATE: symbol $OLD_MESSAGE set to "NORM" (string)
 ECHO=FALSe {OFF}
 EVALUATE: symbol $OLD_ECHO set to FALSE (logical)
 ASSFIL: file protein_break.top opened.
 %RTFRDR-ERR: duplicate (P-)RESIdue name DPEP
 %RTFRDR-ERR: duplicate (P-)RESIdue name DPPP
 RTFRDR> 
 RTFRDR>end 
 CNSsolve> 
 CNSsolve>! Reset output muting 
 CNSsolve>set message=off echo=off end 
FOUND 3 NAG:ASN pairs
NAG:ASN bond added from   B    901  to   B    53  
NAG:ASN bond added from   B    910  to   B    546 
NAG:ASN bond added from   E    1401 to   E    343 
FOUND 4 NAG:NAG pairs
NAG:NAG B14 bond added from   B    902  to   B    901 
NAG:NAG B14 bond added from   B    911  to   B    910 
NAG:NAG B14 bond added from   E    1402 to   E    1401
NAG:NAG B14 bond added from   E    1403 to   E    1402
 %PARRDR-info: duplication of bond HC   NC2 
 %PARRDR-info: duplication of angle CH2E C    NH1 
 %PARRDR-info: duplication of angle CH2P CH2E HA  
 POWELL: number of degrees of freedom= 13464
 NBONDS: generating intra-molecular exclusion list with mode=-2
 MAKINB: mode  -2 found   4488 exclusions and      0 interactions(1-4)
 %atoms "B   -54  -ILE -HG11" and "B   -54  -ILE -HG22" only  0.04 A apart
 %atoms "B   -135 -ILE -HG11" and "B   -135 -ILE -HD13" only  0.09 A apart
 %atoms "B   -186 -LEU -HD22" and "B   -186 -LEU -HD23" only  0.09 A apart
 %atoms "B   -291 -ILE -HG22" and "B   -291 -ILE -HD11" only  0.07 A apart
 %atoms "B   -327 -PHE -HB2 " and "B   -327 -PHE -HE2 " only  0.09 A apart
 %atoms "B   -440 -LEU -CA  " and "B   -440 -LEU -HD21" only  0.09 A apart
 %atoms "B   -520 -ILE -HD11" and "B   -520 -ILE -HD12" only  0.07 A apart
 %atoms "B   -524 -GLN -HB2 " and "B   -524 -GLN -CG  " only  0.06 A apart
 %atoms "E   -337 -PRO -CB  " and "E   -337 -PRO -HD2 " only  0.08 A apart
 %atoms "E   -487 -ASN -HA  " and "E   -487 -ASN -HB2 " only  0.10 A apart
 NBONDS: found   654900 intra-atom interactions
 NBONDS: found       10 nonbonded violations
 %atoms "E   -337 -PRO -CA  " and "E   -337 -PRO -HG2 " only  0.07 A apart
 %atoms "E   -436 -TRP -CE3 " and "E   -436 -TRP -HH2 " only  0.05 A apart
 NBONDS: found   655635 intra-atom interactions
 NBONDS: found        2 nonbonded violations
 NBONDS: found   652685 intra-atom interactions
 NBONDS: found   649357 intra-atom interactions
 --------------- cycle=    10 ------ stepsize=   -0.0000 -----------------------
 | Etotal =0.33E+07   grad(E)=582.141    E(BOND)=497460.093 E(ANGL)=0.15E+07   |
 | E(VDW )=0.12E+07                                                            |
 -------------------------------------------------------------------------------
 NBONDS: found   649741 intra-atom interactions
 NBONDS: found   649680 intra-atom interactions
 NBONDS: found   650033 intra-atom interactions
 --------------- cycle=    20 ------ stepsize=   -0.0000 -----------------------
 | Etotal =0.12E+07   grad(E)=306.805    E(BOND)=233728.665 E(ANGL)=492634.110 |
 | E(VDW )=494181.940                                                          |
 -------------------------------------------------------------------------------
 NBONDS: found   649845 intra-atom interactions
 NBONDS: found   649723 intra-atom interactions
 NBONDS: found   649636 intra-atom interactions
 --------------- cycle=    30 ------ stepsize=   -0.0000 -----------------------
 | Etotal =960018.564 grad(E)=251.537    E(BOND)=191471.198 E(ANGL)=349727.095 |
 | E(VDW )=418820.271                                                          |
 -------------------------------------------------------------------------------
 NBONDS: found   649748 intra-atom interactions
 NBONDS: found   649789 intra-atom interactions
 NBONDS: found   649767 intra-atom interactions
 --------------- cycle=    40 ------ stepsize=    0.0000 -----------------------
 | Etotal =912821.797 grad(E)=241.996    E(BOND)=186603.030 E(ANGL)=326653.986 |
 | E(VDW )=399564.781                                                          |
 -------------------------------------------------------------------------------
 NBONDS: found   649721 intra-atom interactions
 NBONDS: found   649751 intra-atom interactions
 --------------- cycle=    50 ------ stepsize=   -0.0001 -----------------------
 | Etotal =897308.405 grad(E)=238.748    E(BOND)=185220.299 E(ANGL)=317645.218 |
 | E(VDW )=394442.889                                                          |
 -------------------------------------------------------------------------------
 POWELL: STEP number limit. Normal termination
 POWELL: Current coordinates set to last minimum
 DCART: temperature coupling (TCOUpling) enabled
 -------------------------- Cartesian dynamics start ---------------------------
 | E(kin)+E(total)=0.34E+07        E(kin)=4135.436      temperature=309.127    |
 | Etotal =0.34E+07   grad(E)=577.682    E(BOND)=185220.299 E(ANGL)=317645.218 |
 | E(IMPR)=0.29E+07                                                            |
 -------------------------------------------------------------------------------
 ----------------- final step=       50 at      0.02500 ps ---------------------
 | E(kin)+E(total)=0.22E+07        E(kin)=433902.579    temperature=32434.597  |
 | Etotal =0.18E+07   grad(E)=330.018    E(BOND)=198593.225 E(ANGL)=832428.396 |
 | E(IMPR)=755728.344                                                          |
 -------------------------------------------------------------------------------
 CENMAS: Information about center of free masses
         position [A]          :     -0.73731     -0.07590     -0.34134
         velocity [A/ps]       :      0.00132     -1.37320     -0.69648
         ang. mom. [amu A/ps]  :-702670.31145*************-929289.89777
         kin. ener. [Kcal/mol] :    254.30236
 POWELL: number of degrees of freedom= 13464
 NBONDS: found   647019 intra-atom interactions
 NBONDS: found   646293 intra-atom interactions
 NBONDS: found   646837 intra-atom interactions
 NBONDS: found   647939 intra-atom interactions
 --------------- cycle=    10 ------ stepsize=   -0.0001 -----------------------
 | Etotal =0.18E+07   grad(E)=273.932    E(BOND)=237698.799 E(ANGL)=463221.247 |
 | E(IMPR)=660142.547 E(VDW )=487951.196                                       |
 -------------------------------------------------------------------------------
 NBONDS: found   648398 intra-atom interactions
 NBONDS: found   648336 intra-atom interactions
 NBONDS: found   648384 intra-atom interactions
 NBONDS: found   648474 intra-atom interactions
 NBONDS: found   648629 intra-atom interactions
 --------------- cycle=    20 ------ stepsize=    0.0000 -----------------------
 | Etotal =0.12E+07   grad(E)=149.179    E(BOND)=177136.644 E(ANGL)=168595.712 |
 | E(IMPR)=526095.640 E(VDW )=348453.470                                       |
 -------------------------------------------------------------------------------
 NBONDS: found   648882 intra-atom interactions
 NBONDS: found   648753 intra-atom interactions
 NBONDS: found   648829 intra-atom interactions
 --------------- cycle=    30 ------ stepsize=    0.0000 -----------------------
 | Etotal =0.11E+07   grad(E)=120.034    E(BOND)=167304.240 E(ANGL)=124855.602 |
 | E(IMPR)=506033.011 E(VDW )=319435.375                                       |
 -------------------------------------------------------------------------------
 NBONDS: found   648679 intra-atom interactions
 NBONDS: found   648704 intra-atom interactions
 --------------- cycle=    40 ------ stepsize=    0.0001 -----------------------
 | Etotal =0.11E+07   grad(E)=111.498    E(BOND)=166418.803 E(ANGL)=116032.568 |
 | E(IMPR)=499164.216 E(VDW )=307103.738                                       |
 -------------------------------------------------------------------------------
 NBONDS: found   648774 intra-atom interactions
 NBONDS: found   648782 intra-atom interactions
 NBONDS: found   648731 intra-atom interactions
 --------------- cycle=    50 ------ stepsize=   -0.0002 -----------------------
 | Etotal =0.11E+07   grad(E)=111.263    E(BOND)=166725.675 E(ANGL)=114929.861 |
 | E(IMPR)=489468.927 E(VDW )=305147.946                                       |
 -------------------------------------------------------------------------------
 POWELL: STEP number limit. Normal termination
 POWELL: Current coordinates set to last minimum
 DCART: temperature coupling (TCOUpling) enabled
 -------------------------- Cartesian dynamics start ---------------------------
 | E(kin)+E(total)=0.11E+07        E(kin)=4038.809      temperature=301.904    |
 | Etotal =0.11E+07   grad(E)=111.263    E(BOND)=166725.675 E(ANGL)=114929.861 |
 | E(IMPR)=489468.927 E(VDW )=305147.946                                       |
 -------------------------------------------------------------------------------
 NBONDS: found   648793 intra-atom interactions
 NBONDS: found   648844 intra-atom interactions
 ----------------- final step=       50 at      0.02500 ps ---------------------
 | E(kin)+E(total)=0.11E+07        E(kin)=8514.894      temperature=636.496    |
 | Etotal =0.11E+07   grad(E)=114.444    E(BOND)=167897.240 E(ANGL)=111755.988 |
 | E(IMPR)=481885.327 E(VDW )=304311.706                                       |
 -------------------------------------------------------------------------------
 CENMAS: Information about center of free masses
         position [A]          :     -0.73907     -0.08442     -0.33258
         velocity [A/ps]       :     -0.01725     -0.01271      0.00553
         ang. mom. [amu A/ps]  :  37565.31805-117853.35238 188197.76146
         kin. ener. [Kcal/mol] :      0.05252
 %PARRDR-info: duplication of bond HC   NC2 
 %PARRDR-info: duplication of angle CH2E C    NH1 
 %PARRDR-info: duplication of angle CH2P CH2E HA  
 POWELL: number of degrees of freedom= 13464
 NBONDS: generating intra-molecular exclusion list with mode=-3
 MAKINB: mode  -3 found  15306 exclusions and      0 interactions(1-4)
 NBONDS: found   637963 intra-atom interactions
 NBONDS: found   639525 intra-atom interactions
 NBONDS: found   639509 intra-atom interactions
 NBONDS: found   639602 intra-atom interactions
 NBONDS: found   639931 intra-atom interactions
 NBONDS: found   640102 intra-atom interactions
 NBONDS: found   640457 intra-atom interactions
 NBONDS: found   640445 intra-atom interactions
 NBONDS: found   640502 intra-atom interactions
 --------------- cycle=    25 ------ stepsize=   -0.0001 -----------------------
 | Etotal =315706.712 grad(E)=159.255    E(BOND)=66916.500  E(ANGL)=131827.238 |
 | E(IMPR)=114820.823 E(VDW )=2142.151                                         |
 -------------------------------------------------------------------------------
 NBONDS: found   640418 intra-atom interactions
 NBONDS: found   640131 intra-atom interactions
 NBONDS: found   639932 intra-atom interactions
 NBONDS: found   639903 intra-atom interactions
 NBONDS: found   639859 intra-atom interactions
 NBONDS: found   639871 intra-atom interactions
 --------------- cycle=    50 ------ stepsize=    0.0005 -----------------------
 | Etotal =55661.186  grad(E)=28.157     E(BOND)=1875.744   E(ANGL)=24735.482  |
 | E(IMPR)=28311.699  E(VDW )=738.261                                          |
 -------------------------------------------------------------------------------
 NBONDS: found   639900 intra-atom interactions
 NBONDS: found   640032 intra-atom interactions
 NBONDS: found   639897 intra-atom interactions
 NBONDS: found   639940 intra-atom interactions
 --------------- cycle=    75 ------ stepsize=    0.0002 -----------------------
 | Etotal =14351.256  grad(E)=19.201     E(BOND)=461.468    E(ANGL)=6173.404   |
 | E(IMPR)=7146.256   E(VDW )=570.128                                          |
 -------------------------------------------------------------------------------
 NBONDS: found   639875 intra-atom interactions
 NBONDS: found   639844 intra-atom interactions
 NBONDS: found   639827 intra-atom interactions
 NBONDS: found   639794 intra-atom interactions
 --------------- cycle=   100 ------ stepsize=    0.0006 -----------------------
 | Etotal =5977.854   grad(E)=7.959      E(BOND)=101.313    E(ANGL)=2272.134   |
 | E(IMPR)=3080.026   E(VDW )=524.381                                          |
 -------------------------------------------------------------------------------
 POWELL: STEP number limit. Normal termination
 POWELL: Current coordinates set to last minimum
 DCART: temperature coupling (TCOUpling) enabled
 -------------------------- Cartesian dynamics start ---------------------------
 | E(kin)+E(total)=9914.515        E(kin)=3936.662      temperature=294.269    |
 | Etotal =5977.854   grad(E)=7.959      E(BOND)=101.313    E(ANGL)=2272.134   |
 | E(IMPR)=3080.026   E(VDW )=524.381                                          |
 -------------------------------------------------------------------------------
 NBONDS: found   639762 intra-atom interactions
 NBONDS: found   639745 intra-atom interactions
 NBONDS: found   639840 intra-atom interactions
 NBONDS: found   639805 intra-atom interactions
 NBONDS: found   639720 intra-atom interactions
 NBONDS: found   639740 intra-atom interactions
 NBONDS: found   639819 intra-atom interactions
 NBONDS: found   639840 intra-atom interactions
 NBONDS: found   639657 intra-atom interactions
 NBONDS: found   639682 intra-atom interactions
 NBONDS: found   639860 intra-atom interactions
 NBONDS: found   639881 intra-atom interactions
 NBONDS: found   639822 intra-atom interactions
 NBONDS: found   639944 intra-atom interactions
 NBONDS: found   639952 intra-atom interactions
 NBONDS: found   639812 intra-atom interactions
 NBONDS: found   639798 intra-atom interactions
 NBONDS: found   639786 intra-atom interactions
 NBONDS: found   639857 intra-atom interactions
 NBONDS: found   639737 intra-atom interactions
 NBONDS: found   639683 intra-atom interactions
 NBONDS: found   639725 intra-atom interactions
 NBONDS: found   639817 intra-atom interactions
 NBONDS: found   639804 intra-atom interactions
 NBONDS: found   639740 intra-atom interactions
 NBONDS: found   639788 intra-atom interactions
 NBONDS: found   639851 intra-atom interactions
 NBONDS: found   639784 intra-atom interactions
 NBONDS: found   639807 intra-atom interactions
 NBONDS: found   639873 intra-atom interactions
 ----------------- final step=      500 at      0.25000 ps ---------------------
 | E(kin)+E(total)=10897.569       E(kin)=3637.916      temperature=271.937    |
 | Etotal =7259.653   grad(E)=27.949     E(BOND)=1782.031   E(ANGL)=3051.633   |
 | E(IMPR)=1848.076   E(VDW )=577.913                                          |
 -------------------------------------------------------------------------------
 CENMAS: Information about center of free masses
         position [A]          :     -0.73791     -0.08769     -0.33232
         velocity [A/ps]       :      0.04348      0.04133      0.03520
         ang. mom. [amu A/ps]  : -36673.90773 -90450.78561 145855.29159
         kin. ener. [Kcal/mol] :      0.51898
 EFLAGS: the following energy flags are set
 EFLAGS: BOND ANGL DIHE IMPR VDW 
 %PARRDR-info: duplication of bond HC   NC2 
 %PARRDR-info: duplication of angle CH2E C    NH1 
 %PARRDR-info: duplication of angle CH2P CH2E HA  
 POWELL: number of degrees of freedom= 13464
 NBONDS: generating intra-molecular exclusion list with mode=-3
 MAKINB: mode  -3 found  15306 exclusions and      0 interactions(1-4)
 NBONDS: found   639943 intra-atom interactions
 NBONDS: found   639794 intra-atom interactions
 NBONDS: found   639698 intra-atom interactions
 --------------- cycle=    50 ------ stepsize=    0.0010 -----------------------
 | Etotal =14652.644  grad(E)=13.879     E(BOND)=212.979    E(ANGL)=1673.229   |
 | E(DIHE)=205.358    E(IMPR)=1704.729   E(VDW )=10856.350                     |
 -------------------------------------------------------------------------------
 NBONDS: found   639866 intra-atom interactions
 --------------- cycle=   100 ------ stepsize=    0.0010 -----------------------
 | Etotal =14314.338  grad(E)=13.676     E(BOND)=206.986    E(ANGL)=1639.940   |
 | E(DIHE)=175.340    E(IMPR)=1709.949   E(VDW )=10582.123                     |
 -------------------------------------------------------------------------------
 NBONDS: found   639843 intra-atom interactions
 --------------- cycle=   150 ------ stepsize=    0.0011 -----------------------
 | Etotal =14230.372  grad(E)=13.674     E(BOND)=206.258    E(ANGL)=1647.175   |
 | E(DIHE)=156.941    E(IMPR)=1701.984   E(VDW )=10518.015                     |
 -------------------------------------------------------------------------------
 --------------- cycle=   200 ------ stepsize=    0.0011 -----------------------
 | Etotal =14220.343  grad(E)=13.667     E(BOND)=206.292    E(ANGL)=1640.945   |
 | E(DIHE)=156.082    E(IMPR)=1705.870   E(VDW )=10511.153                     |
 -------------------------------------------------------------------------------
 --------------- cycle=   250 ------ stepsize=    0.0011 -----------------------
 | Etotal =14220.056  grad(E)=13.665     E(BOND)=206.269    E(ANGL)=1641.164   |
 | E(DIHE)=156.241    E(IMPR)=1705.476   E(VDW )=10510.907                     |
 -------------------------------------------------------------------------------
 --------------- cycle=   300 ------ stepsize=    0.0012 -----------------------
 | Etotal =14220.049  grad(E)=13.665     E(BOND)=206.280    E(ANGL)=1641.351   |
 | E(DIHE)=156.280    E(IMPR)=1705.224   E(VDW )=10510.915                     |
 -------------------------------------------------------------------------------
 --------------- cycle=   350 ------ stepsize=    0.0011 -----------------------
 | Etotal =14220.048  grad(E)=13.665     E(BOND)=206.278    E(ANGL)=1641.246   |
 | E(DIHE)=156.302    E(IMPR)=1705.334   E(VDW )=10510.888                     |
 -------------------------------------------------------------------------------
 --------------- cycle=   400 ------ stepsize=    0.0013 -----------------------
 | Etotal =14220.048  grad(E)=13.665     E(BOND)=206.279    E(ANGL)=1641.264   |
 | E(DIHE)=156.299    E(IMPR)=1705.311   E(VDW )=10510.895                     |
 -------------------------------------------------------------------------------
 POWELL: Gradient converged. Normal termination
 POWELL: Current coordinates set to last minimum
 DCART: temperature coupling (TCOUpling) enabled
 -------------------------- Cartesian dynamics start ---------------------------
 | E(kin)+E(total)=18247.261       E(kin)=4027.213      temperature=301.038    |
 | Etotal =14220.048  grad(E)=13.665     E(BOND)=206.279    E(ANGL)=1641.261   |
 | E(DIHE)=156.298    E(IMPR)=1705.314   E(VDW )=10510.895                     |
 -------------------------------------------------------------------------------
 NBONDS: found   639915 intra-atom interactions
 NBONDS: found   639964 intra-atom interactions
 NBONDS: found   639817 intra-atom interactions
 NBONDS: found   639804 intra-atom interactions
 NBONDS: found   639820 intra-atom interactions
 NBONDS: found   639746 intra-atom interactions
 NBONDS: found   639857 intra-atom interactions
 ----------------- final step=      500 at      0.25000 ps ---------------------
 | E(kin)+E(total)=22297.606       E(kin)=4161.652      temperature=311.087    |
 | Etotal =18135.954  grad(E)=31.957     E(BOND)=1331.130   E(ANGL)=3744.182   |
 | E(DIHE)=173.984    E(IMPR)=2075.921   E(VDW )=10810.737                     |
 -------------------------------------------------------------------------------
 CENMAS: Information about center of free masses
         position [A]          :     -0.73753     -0.08807     -0.33214
         velocity [A/ps]       :     -0.13723     -0.41138     -0.15648
         ang. mom. [amu A/ps]  :   7012.52876  14380.57163 -28035.80623
         kin. ener. [Kcal/mol] :      1.14908
 POWELL: number of degrees of freedom= 13464
 NBONDS: found   639852 intra-atom interactions
 --------------- cycle=    50 ------ stepsize=    0.0010 -----------------------
 | Etotal =14229.821  grad(E)=13.687     E(BOND)=207.764    E(ANGL)=1640.012   |
 | E(DIHE)=155.145    E(IMPR)=1708.112   E(VDW )=10518.788                     |
 -------------------------------------------------------------------------------
 --------------- cycle=   100 ------ stepsize=    0.0010 -----------------------
 | Etotal =14219.385  grad(E)=13.684     E(BOND)=206.923    E(ANGL)=1643.584   |
 | E(DIHE)=155.177    E(IMPR)=1704.073   E(VDW )=10509.629                     |
 -------------------------------------------------------------------------------
 --------------- cycle=   150 ------ stepsize=    0.0010 -----------------------
 | Etotal =14217.321  grad(E)=13.682     E(BOND)=206.767    E(ANGL)=1642.341   |
 | E(DIHE)=154.254    E(IMPR)=1704.887   E(VDW )=10509.071                     |
 -------------------------------------------------------------------------------
 --------------- cycle=   200 ------ stepsize=    0.0010 -----------------------
 | Etotal =14214.422  grad(E)=13.679     E(BOND)=206.552    E(ANGL)=1640.917   |
 | E(DIHE)=153.472    E(IMPR)=1706.164   E(VDW )=10507.317                     |
 -------------------------------------------------------------------------------
 --------------- cycle=   250 ------ stepsize=    0.0010 -----------------------
 | Etotal =14213.478  grad(E)=13.681     E(BOND)=206.650    E(ANGL)=1641.588   |
 | E(DIHE)=152.979    E(IMPR)=1705.601   E(VDW )=10506.660                     |
 -------------------------------------------------------------------------------
 --------------- cycle=   300 ------ stepsize=    0.0011 -----------------------
 | Etotal =14213.440  grad(E)=13.682     E(BOND)=206.670    E(ANGL)=1641.559   |
 | E(DIHE)=152.989    E(IMPR)=1705.608   E(VDW )=10506.614                     |
 -------------------------------------------------------------------------------
 --------------- cycle=   350 ------ stepsize=    0.0013 -----------------------
 | Etotal =14213.439  grad(E)=13.681     E(BOND)=206.670    E(ANGL)=1641.619   |
 | E(DIHE)=152.987    E(IMPR)=1705.541   E(VDW )=10506.622                     |
 -------------------------------------------------------------------------------
 --------------- cycle=   400 ------ stepsize=    0.0010 -----------------------
 | Etotal =14213.439  grad(E)=13.681     E(BOND)=206.666    E(ANGL)=1641.594   |
 | E(DIHE)=152.993    E(IMPR)=1705.571   E(VDW )=10506.614                     |
 -------------------------------------------------------------------------------
 POWELL: Gradient converged. Normal termination
 POWELL: Current coordinates set to last minimum
 POWELL: number of degrees of freedom= 17703
 NBONDS: found   639747 intra-atom interactions
 NBONDS: found   639854 intra-atom interactions
 --------------- cycle=     5 ------ stepsize=    0.0006 -----------------------
 | Etotal =14061.964  grad(E)=13.686     E(BOND)=205.073    E(ANGL)=1642.454   |
 | E(DIHE)=152.994    E(IMPR)=1705.537   E(VDW )=10355.906                     |
 -------------------------------------------------------------------------------
 --------------- cycle=    10 ------ stepsize=    0.0009 -----------------------
 | Etotal =14060.516  grad(E)=13.691     E(BOND)=204.941    E(ANGL)=1644.219   |
 | E(DIHE)=152.969    E(IMPR)=1705.441   E(VDW )=10352.946                     |
 -------------------------------------------------------------------------------
 --------------- cycle=    15 ------ stepsize=    0.0009 -----------------------
 | Etotal =14059.543  grad(E)=13.691     E(BOND)=204.815    E(ANGL)=1644.025   |
 | E(DIHE)=152.966    E(IMPR)=1705.583   E(VDW )=10352.153                     |
 -------------------------------------------------------------------------------
 --------------- cycle=    20 ------ stepsize=    0.0007 -----------------------
 | Etotal =14058.924  grad(E)=13.689     E(BOND)=204.790    E(ANGL)=1643.799   |
 | E(DIHE)=152.968    E(IMPR)=1705.397   E(VDW )=10351.970                     |
 -------------------------------------------------------------------------------
 --------------- cycle=    25 ------ stepsize=    0.0004 -----------------------
 | Etotal =14058.649  grad(E)=13.693     E(BOND)=204.791    E(ANGL)=1644.131   |
 | E(DIHE)=152.999    E(IMPR)=1705.509   E(VDW )=10351.220                     |
 -------------------------------------------------------------------------------
 --------------- cycle=    30 ------ stepsize=    0.0011 -----------------------
 | Etotal =14058.252  grad(E)=13.692     E(BOND)=204.782    E(ANGL)=1643.955   |
 | E(DIHE)=153.080    E(IMPR)=1705.404   E(VDW )=10351.032                     |
 -------------------------------------------------------------------------------
 --------------- cycle=    35 ------ stepsize=    0.0004 -----------------------
 | Etotal =14058.152  grad(E)=13.687     E(BOND)=204.717    E(ANGL)=1643.567   |
 | E(DIHE)=153.092    E(IMPR)=1705.421   E(VDW )=10351.355                     |
 -------------------------------------------------------------------------------
 --------------- cycle=    40 ------ stepsize=    0.0010 -----------------------
 | Etotal =14057.979  grad(E)=13.686     E(BOND)=204.732    E(ANGL)=1643.331   |
 | E(DIHE)=153.136    E(IMPR)=1705.388   E(VDW )=10351.392                     |
 -------------------------------------------------------------------------------
 --------------- cycle=    45 ------ stepsize=   -0.0002 -----------------------
 | Etotal =14057.867  grad(E)=13.690     E(BOND)=204.766    E(ANGL)=1643.743   |
 | E(DIHE)=153.178    E(IMPR)=1705.431   E(VDW )=10350.750                     |
 -------------------------------------------------------------------------------
 --------------- cycle=    50 ------ stepsize=    0.0010 -----------------------
 | Etotal =14057.786  grad(E)=13.688     E(BOND)=204.801    E(ANGL)=1643.530   |
 | E(DIHE)=153.211    E(IMPR)=1705.388   E(VDW )=10350.857                     |
 -------------------------------------------------------------------------------
 POWELL: STEP number limit. Normal termination
 POWELL: Current coordinates set to last minimum
 %PARRDR-info: duplication of bond HC   NC2 
 %PARRDR-info: duplication of angle CH2E C    NH1 
 %PARRDR-info: duplication of angle CH2P CH2E HA  
 POWELL: number of degrees of freedom= 17703
 NBONDS: generating intra-molecular exclusion list with mode= 5
 MAKINB: mode   5 found  17346 exclusions and  17295 interactions(1-4)
 NBONDS: found   845449 intra-atom interactions
 POWELL: Line search terminated
 POWELL: Current coordinates set to last minimum
 --------------- cycle=     1 --------------------------------------------------
 | Etotal =2269.227   grad(E)=6.487      E(BOND)=16.143     E(ANGL)=898.846    |
 | E(DIHE)=151.037    E(IMPR)=1715.939   E(VDW )=-513.721   E(ELEC)=0.983      |
 -------------------------------------------------------------------------------
 SURFAC: half the sigma value being used for atomic radii.
 SURFAC: ACCEssible surface area
 SURFAC: ACCUracy= 0.07 RH2O=  1.40
         Z-grid=  0.32 number-of-Z-sections=  218
         measures-of-arc= 86570 and147077
 SURFAC: half the sigma value being used for atomic radii.
 SURFAC: ACCEssible surface area
 SURFAC: ACCUracy= 0.07 RH2O=  1.40
         Z-grid=  0.32 number-of-Z-sections=  135
         measures-of-arc= 25820 and 45703
 SURFAC: half the sigma value being used for atomic radii.
 SURFAC: ACCEssible surface area
 SURFAC: ACCUracy= 0.07 RH2O=  1.40
         Z-grid=  0.32 number-of-Z-sections=  218
         measures-of-arc=114069 and193298
 %PARRDR-info: duplication of bond HC   NC2 
 %PARRDR-info: duplication of angle CH2E C    NH1 
 %PARRDR-info: duplication of angle CH2P CH2E HA  
 NBONDS: generating intra-molecular exclusion list with mode= 5
 MAKINB: mode   5 found      5 exclusions and     10 interactions(1-4)
 NBONDS: found     1915 intra-atom interactions
 --------------- cycle=     2 --------------------------------------------------
 | Etotal =-39.789    grad(E)=0.151      E(VDW )=-5.799     E(ELEC)=-33.990    |
 -------------------------------------------------------------------------------
 NBONDS: generating intra-molecular exclusion list with mode= 5
 MAKINB: mode   5 found     10 exclusions and     20 interactions(1-4)
 NBONDS: found     2320 intra-atom interactions
 --------------- cycle=     3 --------------------------------------------------
 | Etotal =-71.411    grad(E)=0.160      E(VDW )=-4.975     E(ELEC)=-66.436    |
 -------------------------------------------------------------------------------
 NBONDS: generating intra-molecular exclusion list with mode= 5
 MAKINB: mode   5 found     10 exclusions and     20 interactions(1-4)
 NBONDS: found     3345 intra-atom interactions
 --------------- cycle=     4 --------------------------------------------------
 | Etotal =-98.900    grad(E)=0.214      E(VDW )=-12.663    E(ELEC)=-86.237    |
 -------------------------------------------------------------------------------
 NBONDS: generating intra-molecular exclusion list with mode= 5
 MAKINB: mode   5 found     10 exclusions and     20 interactions(1-4)
 NBONDS: found     2549 intra-atom interactions
 --------------- cycle=     5 --------------------------------------------------
 | Etotal =-89.418    grad(E)=0.200      E(VDW )=-5.420     E(ELEC)=-83.998    |
 -------------------------------------------------------------------------------
 NBONDS: generating intra-molecular exclusion list with mode= 5
 MAKINB: mode   5 found     10 exclusions and     20 interactions(1-4)
 NBONDS: found     3483 intra-atom interactions
 --------------- cycle=     6 --------------------------------------------------
 | Etotal =-94.234    grad(E)=0.206      E(VDW )=-13.150    E(ELEC)=-81.083    |
 -------------------------------------------------------------------------------
 NBONDS: generating intra-molecular exclusion list with mode= 5
 MAKINB: mode   5 found     10 exclusions and     20 interactions(1-4)
 NBONDS: found     3850 intra-atom interactions
 --------------- cycle=     7 --------------------------------------------------
 | Etotal =-92.692    grad(E)=0.163      E(VDW )=-15.386    E(ELEC)=-77.305    |
 -------------------------------------------------------------------------------
 NBONDS: generating intra-molecular exclusion list with mode= 5
 MAKINB: mode   5 found     10 exclusions and     20 interactions(1-4)
 NBONDS: found     4879 intra-atom interactions
 --------------- cycle=     8 --------------------------------------------------
 | Etotal =-97.287    grad(E)=0.194      E(VDW )=-13.278    E(ELEC)=-84.009    |
 -------------------------------------------------------------------------------
 NBONDS: generating intra-molecular exclusion list with mode= 5
 MAKINB: mode   5 found     10 exclusions and     20 interactions(1-4)
 NBONDS: found     5176 intra-atom interactions
 --------------- cycle=     9 --------------------------------------------------
 | Etotal =-101.344   grad(E)=0.256      E(VDW )=-12.176    E(ELEC)=-89.168    |
 -------------------------------------------------------------------------------
 NBONDS: generating intra-molecular exclusion list with mode= 5
 MAKINB: mode   5 found     10 exclusions and     20 interactions(1-4)
 NBONDS: found     3474 intra-atom interactions
 --------------- cycle=    10 --------------------------------------------------
 | Etotal =-163.596   grad(E)=0.496      E(VDW )=-4.416     E(ELEC)=-159.180   |
 -------------------------------------------------------------------------------
 NBONDS: generating intra-molecular exclusion list with mode= 5
 MAKINB: mode   5 found     10 exclusions and     20 interactions(1-4)
 NBONDS: found     3893 intra-atom interactions
 --------------- cycle=    11 --------------------------------------------------
 | Etotal =-174.725   grad(E)=0.589      E(VDW )=-12.789    E(ELEC)=-161.936   |
 -------------------------------------------------------------------------------
 NBONDS: generating intra-molecular exclusion list with mode= 5
 MAKINB: mode   5 found     10 exclusions and     20 interactions(1-4)
 NBONDS: found     5079 intra-atom interactions
 --------------- cycle=    12 --------------------------------------------------
 | Etotal =-100.252   grad(E)=0.237      E(VDW )=-13.534    E(ELEC)=-86.718    |
 -------------------------------------------------------------------------------
 NBONDS: generating intra-molecular exclusion list with mode= 5
 MAKINB: mode   5 found     10 exclusions and     20 interactions(1-4)
 NBONDS: found     3623 intra-atom interactions
 --------------- cycle=    13 --------------------------------------------------
 | Etotal =-112.729   grad(E)=0.301      E(VDW )=-10.530    E(ELEC)=-102.199   |
 -------------------------------------------------------------------------------
 NBONDS: generating intra-molecular exclusion list with mode= 5
 MAKINB: mode   5 found     10 exclusions and     20 interactions(1-4)
 NBONDS: found     5912 intra-atom interactions
 --------------- cycle=    14 --------------------------------------------------
 | Etotal =-169.509   grad(E)=0.390      E(VDW )=-10.615    E(ELEC)=-158.894   |
 -------------------------------------------------------------------------------
 NBONDS: generating intra-molecular exclusion list with mode= 5
 MAKINB: mode   5 found     10 exclusions and     20 interactions(1-4)
 NBONDS: found     4632 intra-atom interactions
 --------------- cycle=    15 --------------------------------------------------
 | Etotal =-158.262   grad(E)=0.414      E(VDW )=-10.835    E(ELEC)=-147.427   |
 -------------------------------------------------------------------------------
 NBONDS: generating intra-molecular exclusion list with mode= 5
 MAKINB: mode   5 found     10 exclusions and     20 interactions(1-4)
 NBONDS: found     3928 intra-atom interactions
 --------------- cycle=    16 --------------------------------------------------
 | Etotal =-169.188   grad(E)=0.517      E(VDW )=-10.498    E(ELEC)=-158.689   |
 -------------------------------------------------------------------------------
 NBONDS: generating intra-molecular exclusion list with mode= 5
 MAKINB: mode   5 found     10 exclusions and     20 interactions(1-4)
 NBONDS: found     3276 intra-atom interactions
 --------------- cycle=    17 --------------------------------------------------
 | Etotal =-217.264   grad(E)=0.574      E(VDW )=-6.184     E(ELEC)=-211.080   |
 -------------------------------------------------------------------------------
 NBONDS: generating intra-molecular exclusion list with mode= 5
 MAKINB: mode   5 found     10 exclusions and     20 interactions(1-4)
 NBONDS: found     4399 intra-atom interactions
 --------------- cycle=    18 --------------------------------------------------
 | Etotal =-95.635    grad(E)=0.172      E(VDW )=-13.281    E(ELEC)=-82.354    |
 -------------------------------------------------------------------------------
 NBONDS: generating intra-molecular exclusion list with mode= 5
 MAKINB: mode   5 found     10 exclusions and     20 interactions(1-4)
 NBONDS: found     5758 intra-atom interactions
 --------------- cycle=    19 --------------------------------------------------
 | Etotal =-125.147   grad(E)=0.287      E(VDW )=-23.253    E(ELEC)=-101.894   |
 -------------------------------------------------------------------------------
 NBONDS: generating intra-molecular exclusion list with mode= 5
 MAKINB: mode   5 found     10 exclusions and     20 interactions(1-4)
 NBONDS: found     3589 intra-atom interactions
 --------------- cycle=    20 --------------------------------------------------
 | Etotal =-98.970    grad(E)=0.329      E(VDW )=-12.388    E(ELEC)=-86.582    |
 -------------------------------------------------------------------------------
 NBONDS: generating intra-molecular exclusion list with mode= 5
 MAKINB: mode   5 found     10 exclusions and     20 interactions(1-4)
 NBONDS: found     4742 intra-atom interactions
 --------------- cycle=    21 --------------------------------------------------
 | Etotal =-91.471    grad(E)=0.194      E(VDW )=-12.750    E(ELEC)=-78.722    |
 -------------------------------------------------------------------------------
 NBONDS: generating intra-molecular exclusion list with mode= 5
 MAKINB: mode   5 found     10 exclusions and     20 interactions(1-4)
 NBONDS: found     6313 intra-atom interactions
 --------------- cycle=    22 --------------------------------------------------
 | Etotal =-101.590   grad(E)=0.212      E(VDW )=-28.246    E(ELEC)=-73.344    |
 -------------------------------------------------------------------------------
 NBONDS: generating intra-molecular exclusion list with mode= 5
 MAKINB: mode   5 found     10 exclusions and     20 interactions(1-4)
 NBONDS: found      742 intra-atom interactions
 --------------- cycle=    23 --------------------------------------------------
 | Etotal =-74.801    grad(E)=0.143      E(VDW )=-2.160     E(ELEC)=-72.641    |
 -------------------------------------------------------------------------------
 NBONDS: generating intra-molecular exclusion list with mode= 5
 MAKINB: mode   5 found     10 exclusions and     20 interactions(1-4)
 NBONDS: found     1107 intra-atom interactions
 --------------- cycle=    24 --------------------------------------------------
 | Etotal =-67.183    grad(E)=0.116      E(VDW )=-5.907     E(ELEC)=-61.276    |
 -------------------------------------------------------------------------------
 NBONDS: generating intra-molecular exclusion list with mode= 5
 MAKINB: mode   5 found     10 exclusions and     20 interactions(1-4)
 NBONDS: found     1041 intra-atom interactions
 --------------- cycle=    25 --------------------------------------------------
 | Etotal =-60.652    grad(E)=0.102      E(VDW )=-2.664     E(ELEC)=-57.988    |
 -------------------------------------------------------------------------------
 NBONDS: generating intra-molecular exclusion list with mode= 5
 MAKINB: mode   5 found     10 exclusions and     20 interactions(1-4)
 NBONDS: found     1343 intra-atom interactions
 --------------- cycle=    26 --------------------------------------------------
 | Etotal =-61.553    grad(E)=0.087      E(VDW )=-3.028     E(ELEC)=-58.526    |
 -------------------------------------------------------------------------------
 NBONDS: generating intra-molecular exclusion list with mode= 5
 MAKINB: mode   5 found     10 exclusions and     20 interactions(1-4)
 NBONDS: found     1366 intra-atom interactions
 --------------- cycle=    27 --------------------------------------------------
 | Etotal =-69.237    grad(E)=0.143      E(VDW )=-3.294     E(ELEC)=-65.943    |
 -------------------------------------------------------------------------------
 NBONDS: generating intra-molecular exclusion list with mode= 5
 MAKINB: mode   5 found     10 exclusions and     20 interactions(1-4)
 NBONDS: found     2998 intra-atom interactions
 --------------- cycle=    28 --------------------------------------------------
 | Etotal =-68.521    grad(E)=0.255      E(VDW )=-1.713     E(ELEC)=-66.808    |
 -------------------------------------------------------------------------------
 NBONDS: generating intra-molecular exclusion list with mode= 5
 MAKINB: mode   5 found     10 exclusions and     20 interactions(1-4)
 NBONDS: found     2300 intra-atom interactions
 --------------- cycle=    29 --------------------------------------------------
 | Etotal =-99.663    grad(E)=0.250      E(VDW )=-7.084     E(ELEC)=-92.579    |
 -------------------------------------------------------------------------------
 NBONDS: generating intra-molecular exclusion list with mode= 5
 MAKINB: mode   5 found     10 exclusions and     20 interactions(1-4)
 NBONDS: found     5089 intra-atom interactions
 --------------- cycle=    30 --------------------------------------------------
 | Etotal =-96.684    grad(E)=0.161      E(VDW )=-21.392    E(ELEC)=-75.292    |
 -------------------------------------------------------------------------------
 NBONDS: generating intra-molecular exclusion list with mode= 5
 MAKINB: mode   5 found     10 exclusions and     20 interactions(1-4)
 NBONDS: found     1982 intra-atom interactions
 --------------- cycle=    31 --------------------------------------------------
 | Etotal =-56.552    grad(E)=0.203      E(VDW )=-3.028     E(ELEC)=-53.525    |
 -------------------------------------------------------------------------------
 NBONDS: generating intra-molecular exclusion list with mode= 5
 MAKINB: mode   5 found     10 exclusions and     20 interactions(1-4)
 NBONDS: found     6332 intra-atom interactions
 --------------- cycle=    32 --------------------------------------------------
 | Etotal =-181.966   grad(E)=0.510      E(VDW )=-8.645     E(ELEC)=-173.321   |
 -------------------------------------------------------------------------------
 NBONDS: generating intra-molecular exclusion list with mode= 5
 MAKINB: mode   5 found     10 exclusions and     20 interactions(1-4)
 NBONDS: found     3367 intra-atom interactions
 --------------- cycle=    33 --------------------------------------------------
 | Etotal =-78.337    grad(E)=0.206      E(VDW )=-8.587     E(ELEC)=-69.751    |
 -------------------------------------------------------------------------------
 NBONDS: generating intra-molecular exclusion list with mode= 5
 MAKINB: mode   5 found     10 exclusions and     20 interactions(1-4)
 NBONDS: found     3396 intra-atom interactions
 --------------- cycle=    34 --------------------------------------------------
 | Etotal =-155.397   grad(E)=0.578      E(VDW )=-12.805    E(ELEC)=-142.592   |
 -------------------------------------------------------------------------------
 NBONDS: generating intra-molecular exclusion list with mode= 5
 MAKINB: mode   5 found     10 exclusions and     20 interactions(1-4)
 NBONDS: found     5756 intra-atom interactions
 --------------- cycle=    35 --------------------------------------------------
 | Etotal =-94.420    grad(E)=0.217      E(VDW )=-24.128    E(ELEC)=-70.292    |
 -------------------------------------------------------------------------------
 NBONDS: generating intra-molecular exclusion list with mode= 5
 MAKINB: mode   5 found     10 exclusions and     20 interactions(1-4)
 NBONDS: found     6515 intra-atom interactions
 --------------- cycle=    36 --------------------------------------------------
 | Etotal =-180.245   grad(E)=0.579      E(VDW )=-18.702    E(ELEC)=-161.542   |
 -------------------------------------------------------------------------------
 NBONDS: generating intra-molecular exclusion list with mode= 5
 MAKINB: mode   5 found     10 exclusions and     20 interactions(1-4)
 NBONDS: found     2486 intra-atom interactions
 --------------- cycle=    37 --------------------------------------------------
 | Etotal =-81.140    grad(E)=0.174      E(VDW )=-10.925    E(ELEC)=-70.215    |
 -------------------------------------------------------------------------------
 NBONDS: generating intra-molecular exclusion list with mode= 5
 MAKINB: mode   5 found     10 exclusions and     20 interactions(1-4)
 NBONDS: found     2495 intra-atom interactions
 --------------- cycle=    38 --------------------------------------------------
 | Etotal =-70.540    grad(E)=0.122      E(VDW )=-5.843     E(ELEC)=-64.697    |
 -------------------------------------------------------------------------------
 NBONDS: generating intra-molecular exclusion list with mode= 5
 MAKINB: mode   5 found     10 exclusions and     23 interactions(1-4)
 NBONDS: found     3560 intra-atom interactions
 --------------- cycle=    39 --------------------------------------------------
 | Etotal =-99.975    grad(E)=0.301      E(VDW )=-6.259     E(ELEC)=-93.716    |
 -------------------------------------------------------------------------------
 NBONDS: generating intra-molecular exclusion list with mode= 5
 MAKINB: mode   5 found     10 exclusions and     20 interactions(1-4)
 NBONDS: found     5725 intra-atom interactions
 --------------- cycle=    40 --------------------------------------------------
 | Etotal =-193.455   grad(E)=0.464      E(VDW )=-17.405    E(ELEC)=-176.049   |
 -------------------------------------------------------------------------------
 NBONDS: generating intra-molecular exclusion list with mode= 5
 MAKINB: mode   5 found      5 exclusions and     10 interactions(1-4)
 NBONDS: found     1670 intra-atom interactions
 --------------- cycle=    41 --------------------------------------------------
 | Etotal =-25.180    grad(E)=0.154      E(VDW )=-1.402     E(ELEC)=-23.779    |
 -------------------------------------------------------------------------------
 NBONDS: generating intra-molecular exclusion list with mode= 5
 MAKINB: mode   5 found     10 exclusions and     20 interactions(1-4)
 NBONDS: found     6431 intra-atom interactions
 --------------- cycle=    42 --------------------------------------------------
 | Etotal =-204.006   grad(E)=0.554      E(VDW )=-21.668    E(ELEC)=-182.338   |
 -------------------------------------------------------------------------------
 NBONDS: generating intra-molecular exclusion list with mode= 5
 MAKINB: mode   5 found     10 exclusions and     20 interactions(1-4)
 NBONDS: found     2666 intra-atom interactions
 --------------- cycle=    43 --------------------------------------------------
 | Etotal =-163.110   grad(E)=0.551      E(VDW )=-7.152     E(ELEC)=-155.958   |
 -------------------------------------------------------------------------------
 NBONDS: generating intra-molecular exclusion list with mode= 5
 MAKINB: mode   5 found     10 exclusions and     20 interactions(1-4)
 NBONDS: found     3278 intra-atom interactions
 --------------- cycle=    44 --------------------------------------------------
 | Etotal =-77.896    grad(E)=0.215      E(VDW )=-7.189     E(ELEC)=-70.707    |
 -------------------------------------------------------------------------------
 NBONDS: generating intra-molecular exclusion list with mode= 5
 MAKINB: mode   5 found     10 exclusions and     20 interactions(1-4)
 NBONDS: found     4440 intra-atom interactions
 --------------- cycle=    45 --------------------------------------------------
 | Etotal =-176.840   grad(E)=0.379      E(VDW )=-7.482     E(ELEC)=-169.358   |
 -------------------------------------------------------------------------------
 NBONDS: generating intra-molecular exclusion list with mode= 5
 MAKINB: mode   5 found     10 exclusions and     20 interactions(1-4)
 NBONDS: found     4587 intra-atom interactions
 --------------- cycle=    46 --------------------------------------------------
 | Etotal =-94.437    grad(E)=0.205      E(VDW )=-18.563    E(ELEC)=-75.874    |
 -------------------------------------------------------------------------------
 NBONDS: generating intra-molecular exclusion list with mode= 5
 MAKINB: mode   5 found     10 exclusions and     20 interactions(1-4)
 NBONDS: found     1887 intra-atom interactions
 --------------- cycle=    47 --------------------------------------------------
 | Etotal =-61.319    grad(E)=0.121      E(VDW )=-5.445     E(ELEC)=-55.874    |
 -------------------------------------------------------------------------------
 NBONDS: generating intra-molecular exclusion list with mode= 5
 MAKINB: mode   5 found     10 exclusions and     20 interactions(1-4)
 NBONDS: found      919 intra-atom interactions
 --------------- cycle=    48 --------------------------------------------------
 | Etotal =-64.451    grad(E)=0.125      E(VDW )=-2.110     E(ELEC)=-62.340    |
 -------------------------------------------------------------------------------
 NBONDS: generating intra-molecular exclusion list with mode= 5
 MAKINB: mode   5 found     10 exclusions and     20 interactions(1-4)
 NBONDS: found     1378 intra-atom interactions
 --------------- cycle=    49 --------------------------------------------------
 | Etotal =-75.917    grad(E)=0.181      E(VDW )=-7.440     E(ELEC)=-68.477    |
 -------------------------------------------------------------------------------
 NBONDS: generating intra-molecular exclusion list with mode= 5
 MAKINB: mode   5 found     10 exclusions and     20 interactions(1-4)
 NBONDS: found     3189 intra-atom interactions
 --------------- cycle=    50 --------------------------------------------------
 | Etotal =-98.420    grad(E)=0.323      E(VDW )=-16.878    E(ELEC)=-81.542    |
 -------------------------------------------------------------------------------
 NBONDS: generating intra-molecular exclusion list with mode= 5
 MAKINB: mode   5 found     10 exclusions and     20 interactions(1-4)
 NBONDS: found     3849 intra-atom interactions
 --------------- cycle=    51 --------------------------------------------------
 | Etotal =-90.729    grad(E)=0.287      E(VDW )=-15.301    E(ELEC)=-75.428    |
 -------------------------------------------------------------------------------
 NBONDS: generating intra-molecular exclusion list with mode= 5
 MAKINB: mode   5 found     10 exclusions and     20 interactions(1-4)
 NBONDS: found     6096 intra-atom interactions
 --------------- cycle=    52 --------------------------------------------------
 | Etotal =-96.961    grad(E)=0.182      E(VDW )=-26.564    E(ELEC)=-70.397    |
 -------------------------------------------------------------------------------
 NBONDS: generating intra-molecular exclusion list with mode= 5
 MAKINB: mode   5 found     10 exclusions and     20 interactions(1-4)
 NBONDS: found     5380 intra-atom interactions
 --------------- cycle=    53 --------------------------------------------------
 | Etotal =-86.632    grad(E)=0.124      E(VDW )=-19.557    E(ELEC)=-67.075    |
 -------------------------------------------------------------------------------
 NBONDS: generating intra-molecular exclusion list with mode= 5
 MAKINB: mode   5 found     10 exclusions and     20 interactions(1-4)
 NBONDS: found     5484 intra-atom interactions
 --------------- cycle=    54 --------------------------------------------------
 | Etotal =-88.862    grad(E)=0.348      E(VDW )=-18.682    E(ELEC)=-70.179    |
 -------------------------------------------------------------------------------
 NBONDS: generating intra-molecular exclusion list with mode= 5
 MAKINB: mode   5 found     10 exclusions and     20 interactions(1-4)
 NBONDS: found     5246 intra-atom interactions
 --------------- cycle=    55 --------------------------------------------------
 | Etotal =-169.304   grad(E)=0.540      E(VDW )=-12.431    E(ELEC)=-156.873   |
 -------------------------------------------------------------------------------
 NBONDS: generating intra-molecular exclusion list with mode= 5
 MAKINB: mode   5 found     10 exclusions and     20 interactions(1-4)
 NBONDS: found     4815 intra-atom interactions
 --------------- cycle=    56 --------------------------------------------------
 | Etotal =-78.763    grad(E)=0.202      E(VDW )=-14.423    E(ELEC)=-64.341    |
 -------------------------------------------------------------------------------
 NBONDS: generating intra-molecular exclusion list with mode= 5
 MAKINB: mode   5 found     10 exclusions and     20 interactions(1-4)
 NBONDS: found     3011 intra-atom interactions
 --------------- cycle=    57 --------------------------------------------------
 | Etotal =-74.885    grad(E)=0.202      E(VDW )=-8.584     E(ELEC)=-66.301    |
 -------------------------------------------------------------------------------
 NBONDS: generating intra-molecular exclusion list with mode= 5
 MAKINB: mode   5 found     10 exclusions and     20 interactions(1-4)
 NBONDS: found     2210 intra-atom interactions
 --------------- cycle=    58 --------------------------------------------------
 | Etotal =-72.428    grad(E)=0.149      E(VDW )=-9.093     E(ELEC)=-63.335    |
 -------------------------------------------------------------------------------
 NBONDS: generating intra-molecular exclusion list with mode= 5
 MAKINB: mode   5 found     10 exclusions and     20 interactions(1-4)
 NBONDS: found      984 intra-atom interactions
 --------------- cycle=    59 --------------------------------------------------
 | Etotal =-68.760    grad(E)=0.106      E(VDW )=-4.970     E(ELEC)=-63.790    |
 -------------------------------------------------------------------------------
 NBONDS: generating intra-molecular exclusion list with mode= 5
 MAKINB: mode   5 found     10 exclusions and     20 interactions(1-4)
 NBONDS: found      907 intra-atom interactions
 --------------- cycle=    60 --------------------------------------------------
 | Etotal =-60.980    grad(E)=0.108      E(VDW )=-1.743     E(ELEC)=-59.237    |
 -------------------------------------------------------------------------------
 NBONDS: generating intra-molecular exclusion list with mode= 5
 MAKINB: mode   5 found     10 exclusions and     23 interactions(1-4)
 NBONDS: found     1637 intra-atom interactions
 --------------- cycle=    61 --------------------------------------------------
 | Etotal =-56.495    grad(E)=0.210      E(VDW )=-0.771     E(ELEC)=-55.724    |
 -------------------------------------------------------------------------------
 NBONDS: generating intra-molecular exclusion list with mode= 5
 MAKINB: mode   5 found     10 exclusions and     20 interactions(1-4)
 NBONDS: found     1967 intra-atom interactions
 --------------- cycle=    62 --------------------------------------------------
 | Etotal =-97.378    grad(E)=0.308      E(VDW )=-2.847     E(ELEC)=-94.531    |
 -------------------------------------------------------------------------------
 NBONDS: generating intra-molecular exclusion list with mode= 5
 MAKINB: mode   5 found     10 exclusions and     20 interactions(1-4)
 NBONDS: found      900 intra-atom interactions
 --------------- cycle=    63 --------------------------------------------------
 | Etotal =-60.034    grad(E)=0.137      E(VDW )=-4.541     E(ELEC)=-55.493    |
 -------------------------------------------------------------------------------
 NBONDS: generating intra-molecular exclusion list with mode= 5
 MAKINB: mode   5 found     10 exclusions and     20 interactions(1-4)
 NBONDS: found     2606 intra-atom interactions
 --------------- cycle=    64 --------------------------------------------------
 | Etotal =-59.740    grad(E)=0.188      E(VDW )=-4.346     E(ELEC)=-55.394    |
 -------------------------------------------------------------------------------
 NBONDS: generating intra-molecular exclusion list with mode= 5
 MAKINB: mode   5 found     10 exclusions and     20 interactions(1-4)
 NBONDS: found     2828 intra-atom interactions
 --------------- cycle=    65 --------------------------------------------------
 | Etotal =-86.482    grad(E)=0.182      E(VDW )=-12.466    E(ELEC)=-74.016    |
 -------------------------------------------------------------------------------
 NBONDS: generating intra-molecular exclusion list with mode= 5
 MAKINB: mode   5 found     13 exclusions and     27 interactions(1-4)
 NBONDS: found     2154 intra-atom interactions
 --------------- cycle=    66 --------------------------------------------------
 | Etotal =-64.576    grad(E)=0.190      E(VDW )=-10.352    E(ELEC)=-54.224    |
 -------------------------------------------------------------------------------
 NBONDS: generating intra-molecular exclusion list with mode= 5
 MAKINB: mode   5 found     10 exclusions and     20 interactions(1-4)
 NBONDS: found     5372 intra-atom interactions
 --------------- cycle=    67 --------------------------------------------------
 | Etotal =-93.724    grad(E)=0.173      E(VDW )=-23.572    E(ELEC)=-70.153    |
 -------------------------------------------------------------------------------
 NBONDS: generating intra-molecular exclusion list with mode= 5
 MAKINB: mode   5 found     10 exclusions and     23 interactions(1-4)
 NBONDS: found     3787 intra-atom interactions
 --------------- cycle=    68 --------------------------------------------------
 | Etotal =-65.677    grad(E)=0.187      E(VDW )=-14.337    E(ELEC)=-51.341    |
 -------------------------------------------------------------------------------
 NBONDS: generating intra-molecular exclusion list with mode= 5
 MAKINB: mode   5 found     10 exclusions and     23 interactions(1-4)
 NBONDS: found     3831 intra-atom interactions
 --------------- cycle=    69 --------------------------------------------------
 | Etotal =-83.341    grad(E)=0.172      E(VDW )=-16.909    E(ELEC)=-66.433    |
 -------------------------------------------------------------------------------
 NBONDS: generating intra-molecular exclusion list with mode= 5
 MAKINB: mode   5 found     10 exclusions and     20 interactions(1-4)
 NBONDS: found     4725 intra-atom interactions
 --------------- cycle=    70 --------------------------------------------------
 | Etotal =-79.872    grad(E)=0.137      E(VDW )=-19.162    E(ELEC)=-60.710    |
 -------------------------------------------------------------------------------
 NBONDS: generating intra-molecular exclusion list with mode= 5
 MAKINB: mode   5 found     10 exclusions and     20 interactions(1-4)
 NBONDS: found     4422 intra-atom interactions
 --------------- cycle=    71 --------------------------------------------------
 | Etotal =-108.403   grad(E)=0.386      E(VDW )=-15.428    E(ELEC)=-92.975    |
 -------------------------------------------------------------------------------
 NBONDS: generating intra-molecular exclusion list with mode= 5
 MAKINB: mode   5 found     10 exclusions and     20 interactions(1-4)
 NBONDS: found     2711 intra-atom interactions
 --------------- cycle=    72 --------------------------------------------------
 | Etotal =-87.014    grad(E)=0.205      E(VDW )=-10.598    E(ELEC)=-76.416    |
 -------------------------------------------------------------------------------
 NBONDS: generating intra-molecular exclusion list with mode= 5
 MAKINB: mode   5 found     10 exclusions and     20 interactions(1-4)
 NBONDS: found     6201 intra-atom interactions
 --------------- cycle=    73 --------------------------------------------------
 | Etotal =-103.665   grad(E)=0.343      E(VDW )=-20.540    E(ELEC)=-83.125    |
 -------------------------------------------------------------------------------
 NBONDS: generating intra-molecular exclusion list with mode= 5
 MAKINB: mode   5 found     10 exclusions and     20 interactions(1-4)
 NBONDS: found     2082 intra-atom interactions
 --------------- cycle=    74 --------------------------------------------------
 | Etotal =-93.524    grad(E)=0.183      E(VDW )=-9.278     E(ELEC)=-84.246    |
 -------------------------------------------------------------------------------
 NBONDS: generating intra-molecular exclusion list with mode= 5
 MAKINB: mode   5 found     10 exclusions and     20 interactions(1-4)
 NBONDS: found     6289 intra-atom interactions
 --------------- cycle=    75 --------------------------------------------------
 | Etotal =-100.980   grad(E)=0.157      E(VDW )=-28.287    E(ELEC)=-72.693    |
 -------------------------------------------------------------------------------
 NBONDS: generating intra-molecular exclusion list with mode= 5
 MAKINB: mode   5 found     10 exclusions and     23 interactions(1-4)
 NBONDS: found     4494 intra-atom interactions
 --------------- cycle=    76 --------------------------------------------------
 | Etotal =-84.629    grad(E)=0.221      E(VDW )=-15.687    E(ELEC)=-68.942    |
 -------------------------------------------------------------------------------
 NBONDS: generating intra-molecular exclusion list with mode= 5
 MAKINB: mode   5 found     10 exclusions and     23 interactions(1-4)
 NBONDS: found     2674 intra-atom interactions
 --------------- cycle=    77 --------------------------------------------------
 | Etotal =-73.529    grad(E)=0.176      E(VDW )=-5.946     E(ELEC)=-67.584    |
 -------------------------------------------------------------------------------
 NBONDS: generating intra-molecular exclusion list with mode= 5
 MAKINB: mode   5 found     10 exclusions and     20 interactions(1-4)
 NBONDS: found     3277 intra-atom interactions
 --------------- cycle=    78 --------------------------------------------------
 | Etotal =-89.822    grad(E)=0.260      E(VDW )=-7.826     E(ELEC)=-81.996    |
 -------------------------------------------------------------------------------
 NBONDS: generating intra-molecular exclusion list with mode= 5
 MAKINB: mode   5 found     10 exclusions and     20 interactions(1-4)
 NBONDS: found     3961 intra-atom interactions
 --------------- cycle=    79 --------------------------------------------------
 | Etotal =-106.669   grad(E)=0.248      E(VDW )=-18.664    E(ELEC)=-88.006    |
 -------------------------------------------------------------------------------
 NBONDS: generating intra-molecular exclusion list with mode= 5
 MAKINB: mode   5 found     10 exclusions and     20 interactions(1-4)
 NBONDS: found     1741 intra-atom interactions
 --------------- cycle=    80 --------------------------------------------------
 | Etotal =-73.705    grad(E)=0.220      E(VDW )=-2.000     E(ELEC)=-71.705    |
 -------------------------------------------------------------------------------
 NBONDS: generating intra-molecular exclusion list with mode= 5
 MAKINB: mode   5 found     10 exclusions and     20 interactions(1-4)
 NBONDS: found     2782 intra-atom interactions
 --------------- cycle=    81 --------------------------------------------------
 | Etotal =-71.359    grad(E)=0.173      E(VDW )=-6.207     E(ELEC)=-65.152    |
 -------------------------------------------------------------------------------
 NBONDS: generating intra-molecular exclusion list with mode= 5
 MAKINB: mode   5 found     10 exclusions and     20 interactions(1-4)
 NBONDS: found     1600 intra-atom interactions
 --------------- cycle=    82 --------------------------------------------------
 | Etotal =-75.096    grad(E)=0.187      E(VDW )=-6.686     E(ELEC)=-68.410    |
 -------------------------------------------------------------------------------
 NBONDS: generating intra-molecular exclusion list with mode= 5
 MAKINB: mode   5 found     10 exclusions and     20 interactions(1-4)
 NBONDS: found     5467 intra-atom interactions
 --------------- cycle=    83 --------------------------------------------------
 | Etotal =-102.323   grad(E)=0.199      E(VDW )=-23.097    E(ELEC)=-79.225    |
 -------------------------------------------------------------------------------
 NBONDS: generating intra-molecular exclusion list with mode= 5
 MAKINB: mode   5 found     10 exclusions and     23 interactions(1-4)
 NBONDS: found     4286 intra-atom interactions
 --------------- cycle=    84 --------------------------------------------------
 | Etotal =-109.088   grad(E)=0.259      E(VDW )=-19.811    E(ELEC)=-89.277    |
 -------------------------------------------------------------------------------
 HEAP: maximum use      =    21832904 current use      =       96000 bytes
 HEAP: maximum overhead =        2784 current overhead =         752 bytes
          ============================================================
           Maximum dynamic memory allocation:    21832904 bytes
           Maximum dynamic memory overhead:          2784 bytes
           Program started at: 18:33:49 on 10-Jun-2020
           Program stopped at: 18:34:13 on 10-Jun-2020
           CPU time used:      23.7500 seconds
          ============================================================
