          ============================================================
          |                                                          |
          |            Crystallography & NMR System (CNS)            |
          |                         CNSsolve                         |
          |                                                          |
          ============================================================
           Version: 1.3 at patch level U
           Status: Special UU release with Rg and paramagnetic
                   restraints (A. Bonvin, UU 2011)
          ============================================================
           Written by: A.T.Brunger, P.D.Adams, G.M.Clore, W.L.DeLano,
                       P.Gros, R.W.Grosse-Kunstleve,J.-S.Jiang,J.M.Krahn,
                       J.Kuszewski, M.Nilges, N.S.Pannu, R.J.Read,
                       L.M.Rice, G.F.Schroeder, T.Simonson, G.L.Warren.
           Copyright (c) 1997-2010 Yale University
          ============================================================
           Running on machine: hostname unknown (x86_64/Linux,64-bit)
           Program started by: joaor
           Program started at: 18:37:30 on 10-Jun-2020
          ============================================================

 FFT3C: Using FFTPACK4.1

 CNSsolve>! 
 CNSsolve>! Calculates pairwise energies between residues 
 CNSsolve>! Will only rebuild hydrogen atoms 
 CNSsolve>! 
 CNSsolve>! Adapted from HADDOCK protocols here and there. 
 CNSsolve>! JR & AMJJB @ 2020 
 CNSsolve>! 
 CNSsolve>define( 
 DEFINE>    {===>} auto_break=true; 
 DEFINE>    {===>} break_cutoff=2.5; 
 DEFINE>    {===>} dnaauto_break=true; 
 DEFINE>    {===>} dbreak_cutoff=4.5; 
 DEFINE>    {===>} auto_cispro=true; 
 DEFINE>    {===>} auto_disu=true; 
 DEFINE>    {===>} disulphide_dist=3.0; 
 DEFINE>    {===>} glyco_dist=2.75; 
 DEFINE>    {===>} coorin="molecule.pdb"; 
 DEFINE>    {===>} icutoff=5.0; 
 DEFINE>) 
 CNSsolve> 
 CNSsolve>! Mute (most) output 
 CNSsolve>set message=on echo=off end 
 ASSFIL: file merged.param opened.
 MESSage=NORM
 EVALUATE: symbol $OLD_MESSAGE set to "NORM" (string)
 ECHO=FALSe {OFF}
 EVALUATE: symbol $OLD_ECHO set to FALSE (logical)
 %PARRDR-info: duplication of bond HC   NC2 
 %PARRDR-info: duplication of angle CH2E C    NH1 
 %PARRDR-info: duplication of angle CH2P CH2E HA  
 ASSFIL: file merged.top opened.
 MESSage=NORM
 EVALUATE: symbol $OLD_MESSAGE set to "NORM" (string)
 ECHO=FALSe {OFF}
 EVALUATE: symbol $OLD_ECHO set to FALSE (logical)
 %RTFIO-warning: undefined masses in residue CYC 
 %RTFIO error encountered: there are undefined masses.
   (CNS is in mode: SET ABORT=NORMal END)
 MESSage=NORM
 EVALUATE: symbol $OLD_MESSAGE set to "NORM" (string)
 ECHO=FALSe {OFF}
 EVALUATE: symbol $OLD_ECHO set to FALSE (logical)
 ASSFIL: file protein_break.top opened.
 %RTFRDR-ERR: duplicate (P-)RESIdue name DPEP
 %RTFRDR-ERR: duplicate (P-)RESIdue name DPPP
 RTFRDR> 
 RTFRDR>end 
 CNSsolve> 
 CNSsolve>! Reset output muting 
 CNSsolve>set message=off echo=off end 
FOUND 3 NAG:ASN pairs
NAG:ASN bond added from   B    901  to   B    53  
NAG:ASN bond added from   B    910  to   B    546 
NAG:ASN bond added from   E    1401 to   E    343 
FOUND 4 NAG:NAG pairs
NAG:NAG B14 bond added from   B    902  to   B    901 
NAG:NAG B14 bond added from   B    911  to   B    910 
NAG:NAG B14 bond added from   E    1402 to   E    1401
NAG:NAG B14 bond added from   E    1403 to   E    1402
 %PARRDR-info: duplication of bond HC   NC2 
 %PARRDR-info: duplication of angle CH2E C    NH1 
 %PARRDR-info: duplication of angle CH2P CH2E HA  
 POWELL: number of degrees of freedom= 13464
 NBONDS: generating intra-molecular exclusion list with mode=-2
 MAKINB: mode  -2 found   4488 exclusions and      0 interactions(1-4)
 %atoms "B   -54  -ILE -HG11" and "B   -54  -ILE -HG22" only  0.04 A apart
 %atoms "B   -106 -SER -CA  " and "B   -106 -SER -HB2 " only  0.09 A apart
 %atoms "B   -135 -ILE -HG11" and "B   -135 -ILE -HD13" only  0.09 A apart
 %atoms "B   -186 -LEU -HD22" and "B   -186 -LEU -HD23" only  0.09 A apart
 %atoms "B   -209 -ALA -HB1 " and "B   -209 -ALA -C   " only  0.07 A apart
 %atoms "B   -276 -THR -CA  " and "B   -276 -THR -HG21" only  0.08 A apart
 %atoms "B   -291 -ILE -HG22" and "B   -291 -ILE -HD11" only  0.07 A apart
 %atoms "B   -327 -PHE -HB2 " and "B   -327 -PHE -HE2 " only  0.09 A apart
 %atoms "B   -520 -ILE -HD11" and "B   -520 -ILE -HD12" only  0.07 A apart
 %atoms "B   -535 -HIS -CB  " and "B   -535 -HIS -HE2 " only  0.08 A apart
 %atoms "E   -487 -ASN -HA  " and "E   -487 -ASN -HB2 " only  0.10 A apart
 NBONDS: found   664818 intra-atom interactions
 NBONDS: found       11 nonbonded violations
 NBONDS: found   664123 intra-atom interactions
 NBONDS: found   661002 intra-atom interactions
 NBONDS: found   657908 intra-atom interactions
 --------------- cycle=    10 ------ stepsize=   -0.0000 -----------------------
 | Etotal =0.33E+07   grad(E)=582.683    E(BOND)=490553.399 E(ANGL)=0.15E+07   |
 | E(VDW )=0.13E+07                                                            |
 -------------------------------------------------------------------------------
 NBONDS: found   658004 intra-atom interactions
 NBONDS: found   658183 intra-atom interactions
 NBONDS: found   658610 intra-atom interactions
 NBONDS: found   658583 intra-atom interactions
 --------------- cycle=    20 ------ stepsize=    0.0000 -----------------------
 | Etotal =0.12E+07   grad(E)=304.703    E(BOND)=230384.986 E(ANGL)=483387.252 |
 | E(VDW )=494099.622                                                          |
 -------------------------------------------------------------------------------
 NBONDS: found   658518 intra-atom interactions
 NBONDS: found   658421 intra-atom interactions
 --------------- cycle=    30 ------ stepsize=    0.0000 -----------------------
 | Etotal =951039.172 grad(E)=247.915    E(BOND)=188701.754 E(ANGL)=341315.789 |
 | E(VDW )=421021.630                                                          |
 -------------------------------------------------------------------------------
 NBONDS: found   658360 intra-atom interactions
 NBONDS: found   658430 intra-atom interactions
 NBONDS: found   658615 intra-atom interactions
 --------------- cycle=    40 ------ stepsize=    0.0001 -----------------------
 | Etotal =910240.262 grad(E)=240.156    E(BOND)=185186.939 E(ANGL)=321300.620 |
 | E(VDW )=403752.703                                                          |
 -------------------------------------------------------------------------------
 NBONDS: found   658664 intra-atom interactions
 NBONDS: found   658563 intra-atom interactions
 --------------- cycle=    50 ------ stepsize=    0.0000 -----------------------
 | Etotal =896415.336 grad(E)=238.342    E(BOND)=184526.324 E(ANGL)=314809.995 |
 | E(VDW )=397079.017                                                          |
 -------------------------------------------------------------------------------
 POWELL: STEP number limit. Normal termination
 POWELL: Current coordinates set to last minimum
 DCART: temperature coupling (TCOUpling) enabled
 -------------------------- Cartesian dynamics start ---------------------------
 | E(kin)+E(total)=0.34E+07        E(kin)=4135.436      temperature=309.127    |
 | Etotal =0.34E+07   grad(E)=572.745    E(BOND)=184526.324 E(ANGL)=314809.995 |
 | E(IMPR)=0.29E+07                                                            |
 -------------------------------------------------------------------------------
 ----------------- final step=       50 at      0.02500 ps ---------------------
 | E(kin)+E(total)=0.22E+07        E(kin)=430095.473    temperature=32150.013  |
 | Etotal =0.18E+07   grad(E)=330.698    E(BOND)=200537.165 E(ANGL)=829405.383 |
 | E(IMPR)=773417.698                                                          |
 -------------------------------------------------------------------------------
 CENMAS: Information about center of free masses
         position [A]          :     -0.69229     -0.05637     -0.32158
         velocity [A/ps]       :      0.56944     -1.08678     -0.67632
         ang. mom. [amu A/ps]  : -94888.93704*************-597040.24151
         kin. ener. [Kcal/mol] :    210.53737
 POWELL: number of degrees of freedom= 13464
 NBONDS: found   655854 intra-atom interactions
 NBONDS: found   654919 intra-atom interactions
 NBONDS: found   655325 intra-atom interactions
 NBONDS: found   656431 intra-atom interactions
 --------------- cycle=    10 ------ stepsize=   -0.0001 -----------------------
 | Etotal =0.19E+07   grad(E)=274.846    E(BOND)=238173.977 E(ANGL)=465267.613 |
 | E(IMPR)=678060.459 E(VDW )=482174.602                                       |
 -------------------------------------------------------------------------------
 NBONDS: found   657221 intra-atom interactions
 NBONDS: found   657446 intra-atom interactions
 NBONDS: found   657658 intra-atom interactions
 NBONDS: found   657525 intra-atom interactions
 NBONDS: found   657502 intra-atom interactions
 --------------- cycle=    20 ------ stepsize=    0.0000 -----------------------
 | Etotal =0.13E+07   grad(E)=143.450    E(BOND)=173990.282 E(ANGL)=167125.311 |
 | E(IMPR)=561660.693 E(VDW )=347335.909                                       |
 -------------------------------------------------------------------------------
 NBONDS: found   657542 intra-atom interactions
 NBONDS: found   657478 intra-atom interactions
 NBONDS: found   657403 intra-atom interactions
 --------------- cycle=    30 ------ stepsize=    0.0002 -----------------------
 | Etotal =0.12E+07   grad(E)=121.683    E(BOND)=169782.999 E(ANGL)=135956.224 |
 | E(IMPR)=544974.060 E(VDW )=319106.364                                       |
 -------------------------------------------------------------------------------
 NBONDS: found   657365 intra-atom interactions
 NBONDS: found   657480 intra-atom interactions
 NBONDS: found   657525 intra-atom interactions
 --------------- cycle=    40 ------ stepsize=    0.0002 -----------------------
 | Etotal =0.11E+07   grad(E)=113.186    E(BOND)=163991.802 E(ANGL)=125000.826 |
 | E(IMPR)=535807.068 E(VDW )=313990.450                                       |
 -------------------------------------------------------------------------------
 NBONDS: found   657526 intra-atom interactions
 NBONDS: found   657596 intra-atom interactions
 NBONDS: found   657594 intra-atom interactions
 --------------- cycle=    50 ------ stepsize=    0.0001 -----------------------
 | Etotal =0.11E+07   grad(E)=112.172    E(BOND)=164570.158 E(ANGL)=122942.461 |
 | E(IMPR)=527931.955 E(VDW )=309369.398                                       |
 -------------------------------------------------------------------------------
 POWELL: STEP number limit. Normal termination
 POWELL: Current coordinates set to last minimum
 DCART: temperature coupling (TCOUpling) enabled
 -------------------------- Cartesian dynamics start ---------------------------
 | E(kin)+E(total)=0.11E+07        E(kin)=4038.809      temperature=301.904    |
 | Etotal =0.11E+07   grad(E)=112.172    E(BOND)=164570.158 E(ANGL)=122942.461 |
 | E(IMPR)=527931.955 E(VDW )=309369.398                                       |
 -------------------------------------------------------------------------------
 NBONDS: found   657563 intra-atom interactions
 NBONDS: found   657420 intra-atom interactions
 ----------------- final step=       50 at      0.02500 ps ---------------------
 | E(kin)+E(total)=0.11E+07        E(kin)=7288.524      temperature=544.824    |
 | Etotal =0.11E+07   grad(E)=113.778    E(BOND)=166389.891 E(ANGL)=121657.978 |
 | E(IMPR)=521254.033 E(VDW )=307672.515                                       |
 -------------------------------------------------------------------------------
 CENMAS: Information about center of free masses
         position [A]          :     -0.69922     -0.06479     -0.31070
         velocity [A/ps]       :      0.00232      0.04906     -0.05716
         ang. mom. [amu A/ps]  :-105417.35739  53677.07807  -7370.25141
         kin. ener. [Kcal/mol] :      0.60931
 %PARRDR-info: duplication of bond HC   NC2 
 %PARRDR-info: duplication of angle CH2E C    NH1 
 %PARRDR-info: duplication of angle CH2P CH2E HA  
 POWELL: number of degrees of freedom= 13464
 NBONDS: generating intra-molecular exclusion list with mode=-3
 MAKINB: mode  -3 found  15306 exclusions and      0 interactions(1-4)
 NBONDS: found   646719 intra-atom interactions
 NBONDS: found   648598 intra-atom interactions
 NBONDS: found   648711 intra-atom interactions
 NBONDS: found   648854 intra-atom interactions
 NBONDS: found   649517 intra-atom interactions
 NBONDS: found   649537 intra-atom interactions
 NBONDS: found   649621 intra-atom interactions
 --------------- cycle=    25 ------ stepsize=   -0.0001 -----------------------
 | Etotal =315553.216 grad(E)=153.067    E(BOND)=57146.516  E(ANGL)=141972.151 |
 | E(IMPR)=114010.024 E(VDW )=2424.525                                         |
 -------------------------------------------------------------------------------
 NBONDS: found   649694 intra-atom interactions
 NBONDS: found   649235 intra-atom interactions
 NBONDS: found   649228 intra-atom interactions
 NBONDS: found   649236 intra-atom interactions
 NBONDS: found   649276 intra-atom interactions
 NBONDS: found   649209 intra-atom interactions
 --------------- cycle=    50 ------ stepsize=    0.0006 -----------------------
 | Etotal =58372.267  grad(E)=34.375     E(BOND)=2121.456   E(ANGL)=24898.989  |
 | E(IMPR)=30671.769  E(VDW )=680.052                                          |
 -------------------------------------------------------------------------------
 NBONDS: found   649243 intra-atom interactions
 NBONDS: found   649098 intra-atom interactions
 NBONDS: found   649114 intra-atom interactions
 NBONDS: found   649171 intra-atom interactions
 NBONDS: found   649114 intra-atom interactions
 NBONDS: found   649176 intra-atom interactions
 --------------- cycle=    75 ------ stepsize=    0.0001 -----------------------
 | Etotal =16573.880  grad(E)=25.395     E(BOND)=764.648    E(ANGL)=9570.972   |
 | E(IMPR)=5628.979   E(VDW )=609.281                                          |
 -------------------------------------------------------------------------------
 NBONDS: found   649138 intra-atom interactions
 NBONDS: found   649180 intra-atom interactions
 NBONDS: found   649107 intra-atom interactions
 NBONDS: found   649104 intra-atom interactions
 --------------- cycle=   100 ------ stepsize=    0.0007 -----------------------
 | Etotal =2373.950   grad(E)=14.405     E(BOND)=42.311     E(ANGL)=1768.331   |
 | E(IMPR)=66.565     E(VDW )=496.743                                          |
 -------------------------------------------------------------------------------
 POWELL: STEP number limit. Normal termination
 POWELL: Current coordinates set to last minimum
 DCART: temperature coupling (TCOUpling) enabled
 -------------------------- Cartesian dynamics start ---------------------------
 | E(kin)+E(total)=6310.612        E(kin)=3936.662      temperature=294.269    |
 | Etotal =2373.950   grad(E)=14.405     E(BOND)=42.311     E(ANGL)=1768.331   |
 | E(IMPR)=66.565     E(VDW )=496.743                                          |
 -------------------------------------------------------------------------------
 NBONDS: found   648981 intra-atom interactions
 NBONDS: found   648986 intra-atom interactions
 NBONDS: found   649046 intra-atom interactions
 NBONDS: found   648960 intra-atom interactions
 NBONDS: found   649013 intra-atom interactions
 NBONDS: found   648994 intra-atom interactions
 NBONDS: found   649027 intra-atom interactions
 NBONDS: found   649062 intra-atom interactions
 NBONDS: found   648984 intra-atom interactions
 NBONDS: found   649047 intra-atom interactions
 NBONDS: found   649053 intra-atom interactions
 NBONDS: found   648970 intra-atom interactions
 NBONDS: found   648946 intra-atom interactions
 NBONDS: found   649051 intra-atom interactions
 NBONDS: found   648968 intra-atom interactions
 NBONDS: found   648892 intra-atom interactions
 ----------------- final step=      500 at      0.25000 ps ---------------------
 | E(kin)+E(total)=9316.850        E(kin)=3998.866      temperature=298.919    |
 | Etotal =5317.983   grad(E)=30.379     E(BOND)=1190.264   E(ANGL)=3238.140   |
 | E(IMPR)=302.535    E(VDW )=587.045                                          |
 -------------------------------------------------------------------------------
 CENMAS: Information about center of free masses
         position [A]          :     -0.69846     -0.06536     -0.31217
         velocity [A/ps]       :      0.07761     -0.02727      0.08303
         ang. mom. [amu A/ps]  : -98714.25281 -52149.83066  -2042.72347
         kin. ener. [Kcal/mol] :      1.46530
 EFLAGS: the following energy flags are set
 EFLAGS: BOND ANGL DIHE IMPR VDW 
 %PARRDR-info: duplication of bond HC   NC2 
 %PARRDR-info: duplication of angle CH2E C    NH1 
 %PARRDR-info: duplication of angle CH2P CH2E HA  
 POWELL: number of degrees of freedom= 13464
 NBONDS: generating intra-molecular exclusion list with mode=-3
 MAKINB: mode  -3 found  15306 exclusions and      0 interactions(1-4)
 NBONDS: found   648939 intra-atom interactions
 NBONDS: found   648937 intra-atom interactions
 --------------- cycle=    50 ------ stepsize=    0.0009 -----------------------
 | Etotal =13355.454  grad(E)=15.868     E(BOND)=215.008    E(ANGL)=1918.117   |
 | E(DIHE)=214.570    E(IMPR)=92.796     E(VDW )=10914.963                     |
 -------------------------------------------------------------------------------
 NBONDS: found   648963 intra-atom interactions
 --------------- cycle=   100 ------ stepsize=    0.0012 -----------------------
 | Etotal =12977.544  grad(E)=15.754     E(BOND)=207.315    E(ANGL)=1887.681   |
 | E(DIHE)=180.778    E(IMPR)=94.728     E(VDW )=10607.041                     |
 -------------------------------------------------------------------------------
 NBONDS: found   648946 intra-atom interactions
 --------------- cycle=   150 ------ stepsize=    0.0008 -----------------------
 | Etotal =12901.497  grad(E)=15.743     E(BOND)=206.403    E(ANGL)=1880.537   |
 | E(DIHE)=178.720    E(IMPR)=90.847     E(VDW )=10544.990                     |
 -------------------------------------------------------------------------------
 --------------- cycle=   200 ------ stepsize=    0.0012 -----------------------
 | Etotal =12894.034  grad(E)=15.713     E(BOND)=205.655    E(ANGL)=1878.279   |
 | E(DIHE)=176.617    E(IMPR)=91.945     E(VDW )=10541.539                     |
 -------------------------------------------------------------------------------
 --------------- cycle=   250 ------ stepsize=    0.0011 -----------------------
 | Etotal =12891.320  grad(E)=15.703     E(BOND)=205.424    E(ANGL)=1877.175   |
 | E(DIHE)=177.028    E(IMPR)=92.147     E(VDW )=10539.545                     |
 -------------------------------------------------------------------------------
 --------------- cycle=   300 ------ stepsize=    0.0011 -----------------------
 | Etotal =12891.003  grad(E)=15.706     E(BOND)=205.510    E(ANGL)=1877.503   |
 | E(DIHE)=177.448    E(IMPR)=91.860     E(VDW )=10538.684                     |
 -------------------------------------------------------------------------------
 --------------- cycle=   350 ------ stepsize=    0.0010 -----------------------
 | Etotal =12890.994  grad(E)=15.706     E(BOND)=205.481    E(ANGL)=1877.565   |
 | E(DIHE)=177.474    E(IMPR)=91.897     E(VDW )=10538.578                     |
 -------------------------------------------------------------------------------
 --------------- cycle=   400 ------ stepsize=    0.0012 -----------------------
 | Etotal =12890.994  grad(E)=15.706     E(BOND)=205.484    E(ANGL)=1877.557   |
 | E(DIHE)=177.481    E(IMPR)=91.894     E(VDW )=10538.578                     |
 -------------------------------------------------------------------------------
 --------------- cycle=   450 ------ stepsize=    0.0008 -----------------------
 | Etotal =12890.994  grad(E)=15.706     E(BOND)=205.485    E(ANGL)=1877.558   |
 | E(DIHE)=177.480    E(IMPR)=91.894     E(VDW )=10538.578                     |
 -------------------------------------------------------------------------------
 POWELL: Gradient converged. Normal termination
 POWELL: Current coordinates set to last minimum
 DCART: temperature coupling (TCOUpling) enabled
 -------------------------- Cartesian dynamics start ---------------------------
 | E(kin)+E(total)=16918.207       E(kin)=4027.213      temperature=301.038    |
 | Etotal =12890.994  grad(E)=15.706     E(BOND)=205.485    E(ANGL)=1877.557   |
 | E(DIHE)=177.480    E(IMPR)=91.894     E(VDW )=10538.578                     |
 -------------------------------------------------------------------------------
 NBONDS: found   648915 intra-atom interactions
 NBONDS: found   648971 intra-atom interactions
 NBONDS: found   648853 intra-atom interactions
 NBONDS: found   648991 intra-atom interactions
 NBONDS: found   648921 intra-atom interactions
 NBONDS: found   648983 intra-atom interactions
 ----------------- final step=      500 at      0.25000 ps ---------------------
 | E(kin)+E(total)=20958.864       E(kin)=4158.771      temperature=310.872    |
 | Etotal =16800.093  grad(E)=32.763     E(BOND)=1325.482   E(ANGL)=4042.690   |
 | E(DIHE)=202.816    E(IMPR)=442.061    E(VDW )=10787.044                     |
 -------------------------------------------------------------------------------
 CENMAS: Information about center of free masses
         position [A]          :     -0.69818     -0.06494     -0.31230
         velocity [A/ps]       :      0.26934     -0.03062      0.05988
         ang. mom. [amu A/ps]  :  34218.88661   8945.62231 -39435.75748
         kin. ener. [Kcal/mol] :      0.41663
 POWELL: number of degrees of freedom= 13464
 --------------- cycle=    50 ------ stepsize=    0.0010 -----------------------
 | Etotal =12905.566  grad(E)=15.763     E(BOND)=207.024    E(ANGL)=1881.245   |
 | E(DIHE)=183.154    E(IMPR)=88.966     E(VDW )=10545.177                     |
 -------------------------------------------------------------------------------
 --------------- cycle=   100 ------ stepsize=    0.0012 -----------------------
 | Etotal =12892.373  grad(E)=15.697     E(BOND)=205.064    E(ANGL)=1877.752   |
 | E(DIHE)=178.332    E(IMPR)=92.415     E(VDW )=10538.810                     |
 -------------------------------------------------------------------------------
 --------------- cycle=   150 ------ stepsize=    0.0011 -----------------------
 | Etotal =12891.176  grad(E)=15.707     E(BOND)=205.561    E(ANGL)=1877.629   |
 | E(DIHE)=177.523    E(IMPR)=91.850     E(VDW )=10538.613                     |
 -------------------------------------------------------------------------------
 --------------- cycle=   200 ------ stepsize=    0.0012 -----------------------
 | Etotal =12890.943  grad(E)=15.705     E(BOND)=205.470    E(ANGL)=1877.592   |
 | E(DIHE)=177.448    E(IMPR)=91.873     E(VDW )=10538.559                     |
 -------------------------------------------------------------------------------
 --------------- cycle=   250 ------ stepsize=    0.0007 -----------------------
 | Etotal =12890.928  grad(E)=15.706     E(BOND)=205.465    E(ANGL)=1877.675   |
 | E(DIHE)=177.457    E(IMPR)=91.863     E(VDW )=10538.468                     |
 -------------------------------------------------------------------------------
 --------------- cycle=   300 ------ stepsize=    0.0010 -----------------------
 | Etotal =12890.926  grad(E)=15.706     E(BOND)=205.462    E(ANGL)=1877.660   |
 | E(DIHE)=177.457    E(IMPR)=91.861     E(VDW )=10538.486                     |
 -------------------------------------------------------------------------------
 --------------- cycle=   350 ------ stepsize=    0.0011 -----------------------
 | Etotal =12890.926  grad(E)=15.706     E(BOND)=205.462    E(ANGL)=1877.664   |
 | E(DIHE)=177.459    E(IMPR)=91.860     E(VDW )=10538.482                     |
 -------------------------------------------------------------------------------
 POWELL: Gradient converged. Normal termination
 POWELL: Current coordinates set to last minimum
 POWELL: number of degrees of freedom= 17703
 NBONDS: found   648825 intra-atom interactions
 --------------- cycle=     5 ------ stepsize=    0.0006 -----------------------
 | Etotal =12741.230  grad(E)=15.746     E(BOND)=205.860    E(ANGL)=1878.354   |
 | E(DIHE)=177.450    E(IMPR)=90.528     E(VDW )=10389.037                     |
 -------------------------------------------------------------------------------
 --------------- cycle=    10 ------ stepsize=    0.0007 -----------------------
 | Etotal =12739.486  grad(E)=15.752     E(BOND)=205.203    E(ANGL)=1879.107   |
 | E(DIHE)=177.355    E(IMPR)=91.761     E(VDW )=10386.060                     |
 -------------------------------------------------------------------------------
 --------------- cycle=    15 ------ stepsize=    0.0010 -----------------------
 | Etotal =12738.242  grad(E)=15.736     E(BOND)=205.052    E(ANGL)=1879.932   |
 | E(DIHE)=177.067    E(IMPR)=91.720     E(VDW )=10384.471                     |
 -------------------------------------------------------------------------------
 --------------- cycle=    20 ------ stepsize=    0.0011 -----------------------
 | Etotal =12736.119  grad(E)=15.817     E(BOND)=208.074    E(ANGL)=1878.125   |
 | E(DIHE)=176.389    E(IMPR)=89.206     E(VDW )=10384.325                     |
 -------------------------------------------------------------------------------
 --------------- cycle=    25 ------ stepsize=    0.0007 -----------------------
 | Etotal =12735.177  grad(E)=15.748     E(BOND)=205.341    E(ANGL)=1878.150   |
 | E(DIHE)=176.408    E(IMPR)=91.211     E(VDW )=10384.068                     |
 -------------------------------------------------------------------------------
 --------------- cycle=    30 ------ stepsize=    0.0010 -----------------------
 | Etotal =12734.237  grad(E)=15.753     E(BOND)=205.402    E(ANGL)=1878.313   |
 | E(DIHE)=176.117    E(IMPR)=91.393     E(VDW )=10383.013                     |
 -------------------------------------------------------------------------------
 --------------- cycle=    35 ------ stepsize=   -0.0003 -----------------------
 | Etotal =12733.321  grad(E)=15.754     E(BOND)=205.376    E(ANGL)=1877.402   |
 | E(DIHE)=175.852    E(IMPR)=91.673     E(VDW )=10383.017                     |
 -------------------------------------------------------------------------------
 --------------- cycle=    40 ------ stepsize=    0.0010 -----------------------
 | Etotal =12732.978  grad(E)=15.737     E(BOND)=205.121    E(ANGL)=1878.093   |
 | E(DIHE)=175.801    E(IMPR)=91.402     E(VDW )=10382.561                     |
 -------------------------------------------------------------------------------
 --------------- cycle=    45 ------ stepsize=    0.0000 -----------------------
 | Etotal =12732.773  grad(E)=15.755     E(BOND)=205.567    E(ANGL)=1877.974   |
 | E(DIHE)=175.779    E(IMPR)=91.231     E(VDW )=10382.221                     |
 -------------------------------------------------------------------------------
 --------------- cycle=    50 ------ stepsize=    0.0009 -----------------------
 | Etotal =12732.647  grad(E)=15.747     E(BOND)=205.284    E(ANGL)=1877.812   |
 | E(DIHE)=175.783    E(IMPR)=91.510     E(VDW )=10382.257                     |
 -------------------------------------------------------------------------------
 POWELL: STEP number limit. Normal termination
 POWELL: Current coordinates set to last minimum
 %PARRDR-info: duplication of bond HC   NC2 
 %PARRDR-info: duplication of angle CH2E C    NH1 
 %PARRDR-info: duplication of angle CH2P CH2E HA  
 POWELL: number of degrees of freedom= 17703
 NBONDS: generating intra-molecular exclusion list with mode= 5
 MAKINB: mode   5 found  17346 exclusions and  17295 interactions(1-4)
 NBONDS: found   857845 intra-atom interactions
 NBONDS: found   857978 intra-atom interactions
 --------------- cycle=    50 ------ stepsize=    0.0003 -----------------------
 | Etotal =793.889    grad(E)=10.404     E(BOND)=19.659     E(ANGL)=1169.251   |
 | E(DIHE)=90.540     E(IMPR)=48.072     E(VDW )=-534.952   E(ELEC)=1.318      |
 -------------------------------------------------------------------------------
 POWELL: STEP number limit. Normal termination
 POWELL: Current coordinates set to last minimum
 --------------- cycle=     1 --------------------------------------------------
 | Etotal =793.889    grad(E)=10.404     E(BOND)=19.659     E(ANGL)=1169.251   |
 | E(DIHE)=90.540     E(IMPR)=48.072     E(VDW )=-534.952   E(ELEC)=1.318      |
 -------------------------------------------------------------------------------
 SURFAC: half the sigma value being used for atomic radii.
 SURFAC: ACCEssible surface area
 SURFAC: ACCUracy= 0.07 RH2O=  1.40
         Z-grid=  0.32 number-of-Z-sections=  216
         measures-of-arc= 88308 and147098
 SURFAC: half the sigma value being used for atomic radii.
 SURFAC: ACCEssible surface area
 SURFAC: ACCUracy= 0.07 RH2O=  1.40
         Z-grid=  0.32 number-of-Z-sections=  138
         measures-of-arc= 26056 and 46279
 SURFAC: half the sigma value being used for atomic radii.
 SURFAC: ACCEssible surface area
 SURFAC: ACCUracy= 0.07 RH2O=  1.40
         Z-grid=  0.32 number-of-Z-sections=  216
         measures-of-arc=115915 and193679
 %PARRDR-info: duplication of bond HC   NC2 
 %PARRDR-info: duplication of angle CH2E C    NH1 
 %PARRDR-info: duplication of angle CH2P CH2E HA  
 NBONDS: generating intra-molecular exclusion list with mode= 5
 MAKINB: mode   5 found      5 exclusions and     10 interactions(1-4)
 NBONDS: found     2022 intra-atom interactions
 --------------- cycle=     2 --------------------------------------------------
 | Etotal =-43.140    grad(E)=0.181      E(VDW )=-3.876     E(ELEC)=-39.264    |
 -------------------------------------------------------------------------------
 NBONDS: generating intra-molecular exclusion list with mode= 5
 MAKINB: mode   5 found     10 exclusions and     20 interactions(1-4)
 NBONDS: found     2370 intra-atom interactions
 --------------- cycle=     3 --------------------------------------------------
 | Etotal =-75.173    grad(E)=0.178      E(VDW )=-6.188     E(ELEC)=-68.985    |
 -------------------------------------------------------------------------------
 NBONDS: generating intra-molecular exclusion list with mode= 5
 MAKINB: mode   5 found     10 exclusions and     20 interactions(1-4)
 NBONDS: found     3514 intra-atom interactions
 --------------- cycle=     4 --------------------------------------------------
 | Etotal =-104.529   grad(E)=0.248      E(VDW )=-12.608    E(ELEC)=-91.921    |
 -------------------------------------------------------------------------------
 NBONDS: generating intra-molecular exclusion list with mode= 5
 MAKINB: mode   5 found     10 exclusions and     20 interactions(1-4)
 NBONDS: found     2663 intra-atom interactions
 --------------- cycle=     5 --------------------------------------------------
 | Etotal =-88.408    grad(E)=0.159      E(VDW )=-7.760     E(ELEC)=-80.648    |
 -------------------------------------------------------------------------------
 NBONDS: generating intra-molecular exclusion list with mode= 5
 MAKINB: mode   5 found     10 exclusions and     20 interactions(1-4)
 NBONDS: found     3454 intra-atom interactions
 --------------- cycle=     6 --------------------------------------------------
 | Etotal =-93.898    grad(E)=0.202      E(VDW )=-12.290    E(ELEC)=-81.608    |
 -------------------------------------------------------------------------------
 NBONDS: generating intra-molecular exclusion list with mode= 5
 MAKINB: mode   5 found     10 exclusions and     20 interactions(1-4)
 NBONDS: found     3929 intra-atom interactions
 --------------- cycle=     7 --------------------------------------------------
 | Etotal =-95.842    grad(E)=0.170      E(VDW )=-14.279    E(ELEC)=-81.563    |
 -------------------------------------------------------------------------------
 NBONDS: generating intra-molecular exclusion list with mode= 5
 MAKINB: mode   5 found     10 exclusions and     20 interactions(1-4)
 NBONDS: found     4880 intra-atom interactions
 --------------- cycle=     8 --------------------------------------------------
 | Etotal =-99.137    grad(E)=0.198      E(VDW )=-13.413    E(ELEC)=-85.724    |
 -------------------------------------------------------------------------------
 NBONDS: generating intra-molecular exclusion list with mode= 5
 MAKINB: mode   5 found     10 exclusions and     20 interactions(1-4)
 NBONDS: found     5158 intra-atom interactions
 --------------- cycle=     9 --------------------------------------------------
 | Etotal =-99.037    grad(E)=0.219      E(VDW )=-12.864    E(ELEC)=-86.173    |
 -------------------------------------------------------------------------------
 NBONDS: generating intra-molecular exclusion list with mode= 5
 MAKINB: mode   5 found     10 exclusions and     20 interactions(1-4)
 NBONDS: found     3486 intra-atom interactions
 --------------- cycle=    10 --------------------------------------------------
 | Etotal =-162.019   grad(E)=0.379      E(VDW )=-9.230     E(ELEC)=-152.790   |
 -------------------------------------------------------------------------------
 NBONDS: generating intra-molecular exclusion list with mode= 5
 MAKINB: mode   5 found     10 exclusions and     20 interactions(1-4)
 NBONDS: found     3823 intra-atom interactions
 --------------- cycle=    11 --------------------------------------------------
 | Etotal =-157.172   grad(E)=0.525      E(VDW )=-10.747    E(ELEC)=-146.426   |
 -------------------------------------------------------------------------------
 NBONDS: generating intra-molecular exclusion list with mode= 5
 MAKINB: mode   5 found     10 exclusions and     20 interactions(1-4)
 NBONDS: found     5085 intra-atom interactions
 --------------- cycle=    12 --------------------------------------------------
 | Etotal =-100.755   grad(E)=0.234      E(VDW )=-14.286    E(ELEC)=-86.469    |
 -------------------------------------------------------------------------------
 NBONDS: generating intra-molecular exclusion list with mode= 5
 MAKINB: mode   5 found     10 exclusions and     20 interactions(1-4)
 NBONDS: found     3652 intra-atom interactions
 --------------- cycle=    13 --------------------------------------------------
 | Etotal =-113.064   grad(E)=0.270      E(VDW )=-11.768    E(ELEC)=-101.296   |
 -------------------------------------------------------------------------------
 NBONDS: generating intra-molecular exclusion list with mode= 5
 MAKINB: mode   5 found     10 exclusions and     20 interactions(1-4)
 NBONDS: found     5903 intra-atom interactions
 --------------- cycle=    14 --------------------------------------------------
 | Etotal =-184.914   grad(E)=0.400      E(VDW )=-12.955    E(ELEC)=-171.959   |
 -------------------------------------------------------------------------------
 NBONDS: generating intra-molecular exclusion list with mode= 5
 MAKINB: mode   5 found     10 exclusions and     20 interactions(1-4)
 NBONDS: found     4325 intra-atom interactions
 --------------- cycle=    15 --------------------------------------------------
 | Etotal =-120.250   grad(E)=0.343      E(VDW )=-8.845     E(ELEC)=-111.405   |
 -------------------------------------------------------------------------------
 NBONDS: generating intra-molecular exclusion list with mode= 5
 MAKINB: mode   5 found     10 exclusions and     20 interactions(1-4)
 NBONDS: found     3989 intra-atom interactions
 --------------- cycle=    16 --------------------------------------------------
 | Etotal =-186.308   grad(E)=0.492      E(VDW )=-10.802    E(ELEC)=-175.505   |
 -------------------------------------------------------------------------------
 NBONDS: generating intra-molecular exclusion list with mode= 5
 MAKINB: mode   5 found     10 exclusions and     20 interactions(1-4)
 NBONDS: found     3243 intra-atom interactions
 --------------- cycle=    17 --------------------------------------------------
 | Etotal =-218.678   grad(E)=0.564      E(VDW )=-7.335     E(ELEC)=-211.344   |
 -------------------------------------------------------------------------------
 NBONDS: generating intra-molecular exclusion list with mode= 5
 MAKINB: mode   5 found     10 exclusions and     20 interactions(1-4)
 NBONDS: found     4336 intra-atom interactions
 --------------- cycle=    18 --------------------------------------------------
 | Etotal =-89.457    grad(E)=0.173      E(VDW )=-11.825    E(ELEC)=-77.631    |
 -------------------------------------------------------------------------------
 NBONDS: generating intra-molecular exclusion list with mode= 5
 MAKINB: mode   5 found     10 exclusions and     20 interactions(1-4)
 NBONDS: found     5834 intra-atom interactions
 --------------- cycle=    19 --------------------------------------------------
 | Etotal =-134.661   grad(E)=0.398      E(VDW )=-17.566    E(ELEC)=-117.095   |
 -------------------------------------------------------------------------------
 NBONDS: generating intra-molecular exclusion list with mode= 5
 MAKINB: mode   5 found     10 exclusions and     20 interactions(1-4)
 NBONDS: found     3474 intra-atom interactions
 --------------- cycle=    20 --------------------------------------------------
 | Etotal =-109.072   grad(E)=0.219      E(VDW )=-12.180    E(ELEC)=-96.892    |
 -------------------------------------------------------------------------------
 NBONDS: generating intra-molecular exclusion list with mode= 5
 MAKINB: mode   5 found     10 exclusions and     20 interactions(1-4)
 NBONDS: found     4752 intra-atom interactions
 --------------- cycle=    21 --------------------------------------------------
 | Etotal =-88.869    grad(E)=0.209      E(VDW )=-12.743    E(ELEC)=-76.126    |
 -------------------------------------------------------------------------------
 NBONDS: generating intra-molecular exclusion list with mode= 5
 MAKINB: mode   5 found     10 exclusions and     20 interactions(1-4)
 NBONDS: found     1092 intra-atom interactions
 --------------- cycle=    22 --------------------------------------------------
 | Etotal =-66.034    grad(E)=0.189      E(VDW )=-1.742     E(ELEC)=-64.291    |
 -------------------------------------------------------------------------------
 NBONDS: generating intra-molecular exclusion list with mode= 5
 MAKINB: mode   5 found     10 exclusions and     20 interactions(1-4)
 NBONDS: found     1464 intra-atom interactions
 --------------- cycle=    23 --------------------------------------------------
 | Etotal =-64.457    grad(E)=0.100      E(VDW )=-4.015     E(ELEC)=-60.442    |
 -------------------------------------------------------------------------------
 NBONDS: generating intra-molecular exclusion list with mode= 5
 MAKINB: mode   5 found     10 exclusions and     20 interactions(1-4)
 NBONDS: found     1386 intra-atom interactions
 --------------- cycle=    24 --------------------------------------------------
 | Etotal =-69.845    grad(E)=0.139      E(VDW )=-3.981     E(ELEC)=-65.864    |
 -------------------------------------------------------------------------------
 NBONDS: generating intra-molecular exclusion list with mode= 5
 MAKINB: mode   5 found     10 exclusions and     20 interactions(1-4)
 NBONDS: found     3300 intra-atom interactions
 --------------- cycle=    25 --------------------------------------------------
 | Etotal =-75.152    grad(E)=0.258      E(VDW )=-3.585     E(ELEC)=-71.567    |
 -------------------------------------------------------------------------------
 NBONDS: generating intra-molecular exclusion list with mode= 5
 MAKINB: mode   5 found     10 exclusions and     20 interactions(1-4)
 NBONDS: found     2107 intra-atom interactions
 --------------- cycle=    26 --------------------------------------------------
 | Etotal =-93.108    grad(E)=0.407      E(VDW )=1.724      E(ELEC)=-94.832    |
 -------------------------------------------------------------------------------
 NBONDS: generating intra-molecular exclusion list with mode= 5
 MAKINB: mode   5 found     10 exclusions and     20 interactions(1-4)
 NBONDS: found     1390 intra-atom interactions
 --------------- cycle=    27 --------------------------------------------------
 | Etotal =-85.203    grad(E)=0.283      E(VDW )=2.418      E(ELEC)=-87.621    |
 -------------------------------------------------------------------------------
 NBONDS: generating intra-molecular exclusion list with mode= 5
 MAKINB: mode   5 found     10 exclusions and     20 interactions(1-4)
 NBONDS: found     2414 intra-atom interactions
 --------------- cycle=    28 --------------------------------------------------
 | Etotal =-95.956    grad(E)=0.201      E(VDW )=-8.725     E(ELEC)=-87.231    |
 -------------------------------------------------------------------------------
 NBONDS: generating intra-molecular exclusion list with mode= 5
 MAKINB: mode   5 found     10 exclusions and     20 interactions(1-4)
 NBONDS: found     5200 intra-atom interactions
 --------------- cycle=    29 --------------------------------------------------
 | Etotal =-103.088   grad(E)=0.190      E(VDW )=-22.084    E(ELEC)=-81.004    |
 -------------------------------------------------------------------------------
 NBONDS: generating intra-molecular exclusion list with mode= 5
 MAKINB: mode   5 found     10 exclusions and     20 interactions(1-4)
 NBONDS: found     2001 intra-atom interactions
 --------------- cycle=    30 --------------------------------------------------
 | Etotal =-73.702    grad(E)=0.260      E(VDW )=-2.128     E(ELEC)=-71.574    |
 -------------------------------------------------------------------------------
 NBONDS: generating intra-molecular exclusion list with mode= 5
 MAKINB: mode   5 found     10 exclusions and     20 interactions(1-4)
 NBONDS: found     6241 intra-atom interactions
 --------------- cycle=    31 --------------------------------------------------
 | Etotal =-193.604   grad(E)=0.538      E(VDW )=-8.762     E(ELEC)=-184.842   |
 -------------------------------------------------------------------------------
 NBONDS: generating intra-molecular exclusion list with mode= 5
 MAKINB: mode   5 found     10 exclusions and     20 interactions(1-4)
 NBONDS: found     3526 intra-atom interactions
 --------------- cycle=    32 --------------------------------------------------
 | Etotal =-75.685    grad(E)=0.215      E(VDW )=-9.347     E(ELEC)=-66.338    |
 -------------------------------------------------------------------------------
 NBONDS: generating intra-molecular exclusion list with mode= 5
 MAKINB: mode   5 found     10 exclusions and     20 interactions(1-4)
 NBONDS: found     3500 intra-atom interactions
 --------------- cycle=    33 --------------------------------------------------
 | Etotal =-185.754   grad(E)=0.698      E(VDW )=-11.848    E(ELEC)=-173.906   |
 -------------------------------------------------------------------------------
 NBONDS: generating intra-molecular exclusion list with mode= 5
 MAKINB: mode   5 found     10 exclusions and     20 interactions(1-4)
 NBONDS: found     5808 intra-atom interactions
 --------------- cycle=    34 --------------------------------------------------
 | Etotal =-96.894    grad(E)=0.191      E(VDW )=-24.725    E(ELEC)=-72.169    |
 -------------------------------------------------------------------------------
 NBONDS: generating intra-molecular exclusion list with mode= 5
 MAKINB: mode   5 found     10 exclusions and     20 interactions(1-4)
 NBONDS: found     6531 intra-atom interactions
 --------------- cycle=    35 --------------------------------------------------
 | Etotal =-181.447   grad(E)=0.584      E(VDW )=-19.446    E(ELEC)=-162.001   |
 -------------------------------------------------------------------------------
 NBONDS: generating intra-molecular exclusion list with mode= 5
 MAKINB: mode   5 found     10 exclusions and     20 interactions(1-4)
 NBONDS: found     2479 intra-atom interactions
 --------------- cycle=    36 --------------------------------------------------
 | Etotal =-91.725    grad(E)=0.217      E(VDW )=-9.919     E(ELEC)=-81.806    |
 -------------------------------------------------------------------------------
 NBONDS: generating intra-molecular exclusion list with mode= 5
 MAKINB: mode   5 found     10 exclusions and     20 interactions(1-4)
 NBONDS: found     2420 intra-atom interactions
 --------------- cycle=    37 --------------------------------------------------
 | Etotal =-69.767    grad(E)=0.142      E(VDW )=-4.525     E(ELEC)=-65.241    |
 -------------------------------------------------------------------------------
 NBONDS: generating intra-molecular exclusion list with mode= 5
 MAKINB: mode   5 found     10 exclusions and     23 interactions(1-4)
 NBONDS: found     3625 intra-atom interactions
 --------------- cycle=    38 --------------------------------------------------
 | Etotal =-90.448    grad(E)=0.222      E(VDW )=-6.949     E(ELEC)=-83.499    |
 -------------------------------------------------------------------------------
 NBONDS: generating intra-molecular exclusion list with mode= 5
 MAKINB: mode   5 found     10 exclusions and     20 interactions(1-4)
 NBONDS: found     5829 intra-atom interactions
 --------------- cycle=    39 --------------------------------------------------
 | Etotal =-184.617   grad(E)=0.461      E(VDW )=-18.872    E(ELEC)=-165.745   |
 -------------------------------------------------------------------------------
 NBONDS: generating intra-molecular exclusion list with mode= 5
 MAKINB: mode   5 found      5 exclusions and     10 interactions(1-4)
 NBONDS: found     1716 intra-atom interactions
 --------------- cycle=    40 --------------------------------------------------
 | Etotal =-28.191    grad(E)=0.187      E(VDW )=-0.799     E(ELEC)=-27.392    |
 -------------------------------------------------------------------------------
 NBONDS: generating intra-molecular exclusion list with mode= 5
 MAKINB: mode   5 found     10 exclusions and     20 interactions(1-4)
 NBONDS: found     6440 intra-atom interactions
 --------------- cycle=    41 --------------------------------------------------
 | Etotal =-199.077   grad(E)=0.576      E(VDW )=-18.362    E(ELEC)=-180.715   |
 -------------------------------------------------------------------------------
 NBONDS: generating intra-molecular exclusion list with mode= 5
 MAKINB: mode   5 found     10 exclusions and     20 interactions(1-4)
 NBONDS: found     2580 intra-atom interactions
 --------------- cycle=    42 --------------------------------------------------
 | Etotal =-164.521   grad(E)=0.554      E(VDW )=-6.768     E(ELEC)=-157.753   |
 -------------------------------------------------------------------------------
 NBONDS: generating intra-molecular exclusion list with mode= 5
 MAKINB: mode   5 found     10 exclusions and     20 interactions(1-4)
 NBONDS: found     3283 intra-atom interactions
 --------------- cycle=    43 --------------------------------------------------
 | Etotal =-86.444    grad(E)=0.247      E(VDW )=-5.808     E(ELEC)=-80.635    |
 -------------------------------------------------------------------------------
 NBONDS: generating intra-molecular exclusion list with mode= 5
 MAKINB: mode   5 found     10 exclusions and     20 interactions(1-4)
 NBONDS: found     1309 intra-atom interactions
 --------------- cycle=    44 --------------------------------------------------
 | Etotal =-54.961    grad(E)=0.145      E(VDW )=-7.376     E(ELEC)=-47.585    |
 -------------------------------------------------------------------------------
 NBONDS: generating intra-molecular exclusion list with mode= 5
 MAKINB: mode   5 found     10 exclusions and     20 interactions(1-4)
 NBONDS: found     4880 intra-atom interactions
 --------------- cycle=    45 --------------------------------------------------
 | Etotal =-192.095   grad(E)=0.409      E(VDW )=-7.322     E(ELEC)=-184.773   |
 -------------------------------------------------------------------------------
 NBONDS: generating intra-molecular exclusion list with mode= 5
 MAKINB: mode   5 found     10 exclusions and     20 interactions(1-4)
 NBONDS: found     4878 intra-atom interactions
 --------------- cycle=    46 --------------------------------------------------
 | Etotal =-91.677    grad(E)=0.191      E(VDW )=-19.453    E(ELEC)=-72.224    |
 -------------------------------------------------------------------------------
 NBONDS: generating intra-molecular exclusion list with mode= 5
 MAKINB: mode   5 found     10 exclusions and     20 interactions(1-4)
 NBONDS: found     1694 intra-atom interactions
 --------------- cycle=    47 --------------------------------------------------
 | Etotal =-59.420    grad(E)=0.182      E(VDW )=-1.444     E(ELEC)=-57.976    |
 -------------------------------------------------------------------------------
 NBONDS: generating intra-molecular exclusion list with mode= 5
 MAKINB: mode   5 found     10 exclusions and     20 interactions(1-4)
 NBONDS: found      881 intra-atom interactions
 --------------- cycle=    48 --------------------------------------------------
 | Etotal =-69.499    grad(E)=0.114      E(VDW )=-1.877     E(ELEC)=-67.622    |
 -------------------------------------------------------------------------------
 NBONDS: generating intra-molecular exclusion list with mode= 5
 MAKINB: mode   5 found     10 exclusions and     20 interactions(1-4)
 NBONDS: found     3469 intra-atom interactions
 --------------- cycle=    49 --------------------------------------------------
 | Etotal =-86.457    grad(E)=0.176      E(VDW )=-19.657    E(ELEC)=-66.800    |
 -------------------------------------------------------------------------------
 NBONDS: generating intra-molecular exclusion list with mode= 5
 MAKINB: mode   5 found     10 exclusions and     20 interactions(1-4)
 NBONDS: found     3764 intra-atom interactions
 --------------- cycle=    50 --------------------------------------------------
 | Etotal =-82.080    grad(E)=0.160      E(VDW )=-14.004    E(ELEC)=-68.076    |
 -------------------------------------------------------------------------------
 NBONDS: generating intra-molecular exclusion list with mode= 5
 MAKINB: mode   5 found     10 exclusions and     20 interactions(1-4)
 NBONDS: found     6327 intra-atom interactions
 --------------- cycle=    51 --------------------------------------------------
 | Etotal =-100.024   grad(E)=0.209      E(VDW )=-27.455    E(ELEC)=-72.569    |
 -------------------------------------------------------------------------------
 NBONDS: generating intra-molecular exclusion list with mode= 5
 MAKINB: mode   5 found     10 exclusions and     20 interactions(1-4)
 NBONDS: found     5440 intra-atom interactions
 --------------- cycle=    52 --------------------------------------------------
 | Etotal =-100.137   grad(E)=0.197      E(VDW )=-18.256    E(ELEC)=-81.881    |
 -------------------------------------------------------------------------------
 NBONDS: generating intra-molecular exclusion list with mode= 5
 MAKINB: mode   5 found     10 exclusions and     20 interactions(1-4)
 NBONDS: found     5749 intra-atom interactions
 --------------- cycle=    53 --------------------------------------------------
 | Etotal =-95.804    grad(E)=0.227      E(VDW )=-22.885    E(ELEC)=-72.920    |
 -------------------------------------------------------------------------------
 NBONDS: generating intra-molecular exclusion list with mode= 5
 MAKINB: mode   5 found     10 exclusions and     20 interactions(1-4)
 NBONDS: found     5583 intra-atom interactions
 --------------- cycle=    54 --------------------------------------------------
 | Etotal =-158.633   grad(E)=0.423      E(VDW )=-16.942    E(ELEC)=-141.690   |
 -------------------------------------------------------------------------------
 NBONDS: generating intra-molecular exclusion list with mode= 5
 MAKINB: mode   5 found     10 exclusions and     20 interactions(1-4)
 NBONDS: found     4813 intra-atom interactions
 --------------- cycle=    55 --------------------------------------------------
 | Etotal =-79.007    grad(E)=0.224      E(VDW )=-13.543    E(ELEC)=-65.463    |
 -------------------------------------------------------------------------------
 NBONDS: generating intra-molecular exclusion list with mode= 5
 MAKINB: mode   5 found     10 exclusions and     20 interactions(1-4)
 NBONDS: found     3163 intra-atom interactions
 --------------- cycle=    56 --------------------------------------------------
 | Etotal =-76.755    grad(E)=0.246      E(VDW )=-7.135     E(ELEC)=-69.620    |
 -------------------------------------------------------------------------------
 NBONDS: generating intra-molecular exclusion list with mode= 5
 MAKINB: mode   5 found     10 exclusions and     20 interactions(1-4)
 NBONDS: found     2420 intra-atom interactions
 --------------- cycle=    57 --------------------------------------------------
 | Etotal =-80.327    grad(E)=0.161      E(VDW )=-11.542    E(ELEC)=-68.785    |
 -------------------------------------------------------------------------------
 NBONDS: generating intra-molecular exclusion list with mode= 5
 MAKINB: mode   5 found     10 exclusions and     20 interactions(1-4)
 NBONDS: found     1159 intra-atom interactions
 --------------- cycle=    58 --------------------------------------------------
 | Etotal =-73.145    grad(E)=0.140      E(VDW )=-5.660     E(ELEC)=-67.485    |
 -------------------------------------------------------------------------------
 NBONDS: generating intra-molecular exclusion list with mode= 5
 MAKINB: mode   5 found     10 exclusions and     20 interactions(1-4)
 NBONDS: found      947 intra-atom interactions
 --------------- cycle=    59 --------------------------------------------------
 | Etotal =-64.780    grad(E)=0.109      E(VDW )=-3.668     E(ELEC)=-61.112    |
 -------------------------------------------------------------------------------
 NBONDS: generating intra-molecular exclusion list with mode= 5
 MAKINB: mode   5 found     10 exclusions and     23 interactions(1-4)
 NBONDS: found     1749 intra-atom interactions
 --------------- cycle=    60 --------------------------------------------------
 | Etotal =-65.104    grad(E)=0.221      E(VDW )=-3.223     E(ELEC)=-61.881    |
 -------------------------------------------------------------------------------
 NBONDS: generating intra-molecular exclusion list with mode= 5
 MAKINB: mode   5 found     10 exclusions and     20 interactions(1-4)
 NBONDS: found      894 intra-atom interactions
 --------------- cycle=    61 --------------------------------------------------
 | Etotal =-61.042    grad(E)=0.160      E(VDW )=-4.495     E(ELEC)=-56.547    |
 -------------------------------------------------------------------------------
 NBONDS: generating intra-molecular exclusion list with mode= 5
 MAKINB: mode   5 found     10 exclusions and     20 interactions(1-4)
 NBONDS: found     2598 intra-atom interactions
 --------------- cycle=    62 --------------------------------------------------
 | Etotal =-59.333    grad(E)=0.156      E(VDW )=-5.793     E(ELEC)=-53.540    |
 -------------------------------------------------------------------------------
 NBONDS: generating intra-molecular exclusion list with mode= 5
 MAKINB: mode   5 found     10 exclusions and     20 interactions(1-4)
 NBONDS: found     2919 intra-atom interactions
 --------------- cycle=    63 --------------------------------------------------
 | Etotal =-88.983    grad(E)=0.160      E(VDW )=-12.911    E(ELEC)=-76.072    |
 -------------------------------------------------------------------------------
 NBONDS: generating intra-molecular exclusion list with mode= 5
 MAKINB: mode   5 found     13 exclusions and     27 interactions(1-4)
 NBONDS: found     2334 intra-atom interactions
 --------------- cycle=    64 --------------------------------------------------
 | Etotal =-57.623    grad(E)=0.182      E(VDW )=-10.218    E(ELEC)=-47.406    |
 -------------------------------------------------------------------------------
 NBONDS: generating intra-molecular exclusion list with mode= 5
 MAKINB: mode   5 found     10 exclusions and     20 interactions(1-4)
 NBONDS: found     5579 intra-atom interactions
 --------------- cycle=    65 --------------------------------------------------
 | Etotal =-82.188    grad(E)=0.132      E(VDW )=-23.074    E(ELEC)=-59.114    |
 -------------------------------------------------------------------------------
 NBONDS: generating intra-molecular exclusion list with mode= 5
 MAKINB: mode   5 found     10 exclusions and     23 interactions(1-4)
 NBONDS: found     3721 intra-atom interactions
 --------------- cycle=    66 --------------------------------------------------
 | Etotal =-62.696    grad(E)=0.136      E(VDW )=-12.090    E(ELEC)=-50.606    |
 -------------------------------------------------------------------------------
 NBONDS: generating intra-molecular exclusion list with mode= 5
 MAKINB: mode   5 found     10 exclusions and     23 interactions(1-4)
 NBONDS: found     4011 intra-atom interactions
 --------------- cycle=    67 --------------------------------------------------
 | Etotal =-84.051    grad(E)=0.236      E(VDW )=-13.437    E(ELEC)=-70.614    |
 -------------------------------------------------------------------------------
 NBONDS: generating intra-molecular exclusion list with mode= 5
 MAKINB: mode   5 found     10 exclusions and     20 interactions(1-4)
 NBONDS: found     4928 intra-atom interactions
 --------------- cycle=    68 --------------------------------------------------
 | Etotal =-78.960    grad(E)=0.136      E(VDW )=-18.589    E(ELEC)=-60.371    |
 -------------------------------------------------------------------------------
 NBONDS: generating intra-molecular exclusion list with mode= 5
 MAKINB: mode   5 found     10 exclusions and     20 interactions(1-4)
 NBONDS: found     4304 intra-atom interactions
 --------------- cycle=    69 --------------------------------------------------
 | Etotal =-109.758   grad(E)=0.387      E(VDW )=-13.086    E(ELEC)=-96.672    |
 -------------------------------------------------------------------------------
 NBONDS: generating intra-molecular exclusion list with mode= 5
 MAKINB: mode   5 found     10 exclusions and     20 interactions(1-4)
 NBONDS: found     2792 intra-atom interactions
 --------------- cycle=    70 --------------------------------------------------
 | Etotal =-80.376    grad(E)=0.194      E(VDW )=-11.474    E(ELEC)=-68.902    |
 -------------------------------------------------------------------------------
 NBONDS: generating intra-molecular exclusion list with mode= 5
 MAKINB: mode   5 found     10 exclusions and     20 interactions(1-4)
 NBONDS: found     6378 intra-atom interactions
 --------------- cycle=    71 --------------------------------------------------
 | Etotal =-105.525   grad(E)=0.327      E(VDW )=-22.247    E(ELEC)=-83.278    |
 -------------------------------------------------------------------------------
 NBONDS: generating intra-molecular exclusion list with mode= 5
 MAKINB: mode   5 found     10 exclusions and     20 interactions(1-4)
 NBONDS: found     2081 intra-atom interactions
 --------------- cycle=    72 --------------------------------------------------
 | Etotal =-91.552    grad(E)=0.176      E(VDW )=-9.569     E(ELEC)=-81.984    |
 -------------------------------------------------------------------------------
 NBONDS: generating intra-molecular exclusion list with mode= 5
 MAKINB: mode   5 found     10 exclusions and     20 interactions(1-4)
 NBONDS: found     6347 intra-atom interactions
 --------------- cycle=    73 --------------------------------------------------
 | Etotal =-97.414    grad(E)=0.125      E(VDW )=-28.757    E(ELEC)=-68.657    |
 -------------------------------------------------------------------------------
 NBONDS: generating intra-molecular exclusion list with mode= 5
 MAKINB: mode   5 found     10 exclusions and     23 interactions(1-4)
 NBONDS: found     4620 intra-atom interactions
 --------------- cycle=    74 --------------------------------------------------
 | Etotal =-88.347    grad(E)=0.221      E(VDW )=-13.648    E(ELEC)=-74.699    |
 -------------------------------------------------------------------------------
 NBONDS: generating intra-molecular exclusion list with mode= 5
 MAKINB: mode   5 found     10 exclusions and     23 interactions(1-4)
 NBONDS: found     2797 intra-atom interactions
 --------------- cycle=    75 --------------------------------------------------
 | Etotal =-75.267    grad(E)=0.215      E(VDW )=-6.289     E(ELEC)=-68.978    |
 -------------------------------------------------------------------------------
 NBONDS: generating intra-molecular exclusion list with mode= 5
 MAKINB: mode   5 found     10 exclusions and     20 interactions(1-4)
 NBONDS: found     3423 intra-atom interactions
 --------------- cycle=    76 --------------------------------------------------
 | Etotal =-92.759    grad(E)=0.292      E(VDW )=-6.331     E(ELEC)=-86.427    |
 -------------------------------------------------------------------------------
 NBONDS: generating intra-molecular exclusion list with mode= 5
 MAKINB: mode   5 found     10 exclusions and     20 interactions(1-4)
 NBONDS: found     4096 intra-atom interactions
 --------------- cycle=    77 --------------------------------------------------
 | Etotal =-105.118   grad(E)=0.240      E(VDW )=-15.751    E(ELEC)=-89.367    |
 -------------------------------------------------------------------------------
 NBONDS: generating intra-molecular exclusion list with mode= 5
 MAKINB: mode   5 found     10 exclusions and     20 interactions(1-4)
 NBONDS: found     1797 intra-atom interactions
 --------------- cycle=    78 --------------------------------------------------
 | Etotal =-69.248    grad(E)=0.245      E(VDW )=-0.935     E(ELEC)=-68.312    |
 -------------------------------------------------------------------------------
 NBONDS: generating intra-molecular exclusion list with mode= 5
 MAKINB: mode   5 found     10 exclusions and     20 interactions(1-4)
 NBONDS: found     2760 intra-atom interactions
 --------------- cycle=    79 --------------------------------------------------
 | Etotal =-68.717    grad(E)=0.181      E(VDW )=-6.864     E(ELEC)=-61.853    |
 -------------------------------------------------------------------------------
 NBONDS: generating intra-molecular exclusion list with mode= 5
 MAKINB: mode   5 found     10 exclusions and     20 interactions(1-4)
 NBONDS: found     1521 intra-atom interactions
 --------------- cycle=    80 --------------------------------------------------
 | Etotal =-69.244    grad(E)=0.179      E(VDW )=-5.591     E(ELEC)=-63.652    |
 -------------------------------------------------------------------------------
 NBONDS: generating intra-molecular exclusion list with mode= 5
 MAKINB: mode   5 found     10 exclusions and     20 interactions(1-4)
 NBONDS: found     5370 intra-atom interactions
 --------------- cycle=    81 --------------------------------------------------
 | Etotal =-103.218   grad(E)=0.196      E(VDW )=-22.596    E(ELEC)=-80.622    |
 -------------------------------------------------------------------------------
 NBONDS: generating intra-molecular exclusion list with mode= 5
 MAKINB: mode   5 found     10 exclusions and     23 interactions(1-4)
 NBONDS: found     4375 intra-atom interactions
 --------------- cycle=    82 --------------------------------------------------
 | Etotal =-107.287   grad(E)=0.263      E(VDW )=-19.898    E(ELEC)=-87.389    |
 -------------------------------------------------------------------------------
 HEAP: maximum use      =    21929456 current use      =       96000 bytes
 HEAP: maximum overhead =        2800 current overhead =         752 bytes
          ============================================================
           Maximum dynamic memory allocation:    21929456 bytes
           Maximum dynamic memory overhead:          2800 bytes
           Program started at: 18:37:30 on 10-Jun-2020
           Program stopped at: 18:37:53 on 10-Jun-2020
           CPU time used:      23.8594 seconds
          ============================================================
