          ============================================================
          |                                                          |
          |            Crystallography & NMR System (CNS)            |
          |                         CNSsolve                         |
          |                                                          |
          ============================================================
           Version: 1.3 at patch level U
           Status: Special UU release with Rg and paramagnetic
                   restraints (A. Bonvin, UU 2011)
          ============================================================
           Written by: A.T.Brunger, P.D.Adams, G.M.Clore, W.L.DeLano,
                       P.Gros, R.W.Grosse-Kunstleve,J.-S.Jiang,J.M.Krahn,
                       J.Kuszewski, M.Nilges, N.S.Pannu, R.J.Read,
                       L.M.Rice, G.F.Schroeder, T.Simonson, G.L.Warren.
           Copyright (c) 1997-2010 Yale University
          ============================================================
           Running on machine: hostname unknown (x86_64/Linux,64-bit)
           Program started by: joaor
           Program started at: 18:18:23 on 10-Jun-2020
          ============================================================

 FFT3C: Using FFTPACK4.1

 CNSsolve>! 
 CNSsolve>! Calculates pairwise energies between residues 
 CNSsolve>! Will only rebuild hydrogen atoms 
 CNSsolve>! 
 CNSsolve>! Adapted from HADDOCK protocols here and there. 
 CNSsolve>! JR & AMJJB @ 2020 
 CNSsolve>! 
 CNSsolve>define( 
 DEFINE>    {===>} auto_break=true; 
 DEFINE>    {===>} break_cutoff=2.5; 
 DEFINE>    {===>} dnaauto_break=true; 
 DEFINE>    {===>} dbreak_cutoff=4.5; 
 DEFINE>    {===>} auto_cispro=true; 
 DEFINE>    {===>} auto_disu=true; 
 DEFINE>    {===>} disulphide_dist=3.0; 
 DEFINE>    {===>} glyco_dist=2.75; 
 DEFINE>    {===>} coorin="molecule.pdb"; 
 DEFINE>    {===>} icutoff=5.0; 
 DEFINE>) 
 CNSsolve> 
 CNSsolve>! Mute (most) output 
 CNSsolve>set message=on echo=off end 
 ASSFIL: file merged.param opened.
 MESSage=NORM
 EVALUATE: symbol $OLD_MESSAGE set to "NORM" (string)
 ECHO=FALSe {OFF}
 EVALUATE: symbol $OLD_ECHO set to FALSE (logical)
 %PARRDR-info: duplication of bond HC   NC2 
 %PARRDR-info: duplication of angle CH2E C    NH1 
 %PARRDR-info: duplication of angle CH2P CH2E HA  
 ASSFIL: file merged.top opened.
 MESSage=NORM
 EVALUATE: symbol $OLD_MESSAGE set to "NORM" (string)
 ECHO=FALSe {OFF}
 EVALUATE: symbol $OLD_ECHO set to FALSE (logical)
 %RTFIO-warning: undefined masses in residue CYC 
 %RTFIO error encountered: there are undefined masses.
   (CNS is in mode: SET ABORT=NORMal END)
 MESSage=NORM
 EVALUATE: symbol $OLD_MESSAGE set to "NORM" (string)
 ECHO=FALSe {OFF}
 EVALUATE: symbol $OLD_ECHO set to FALSE (logical)
 ASSFIL: file protein_break.top opened.
 %RTFRDR-ERR: duplicate (P-)RESIdue name DPEP
 %RTFRDR-ERR: duplicate (P-)RESIdue name DPPP
 RTFRDR> 
 RTFRDR>end 
 CNSsolve> 
 CNSsolve>! Reset output muting 
 CNSsolve>set message=off echo=off end 
FOUND 4 NAG:ASN pairs
NAG:ASN bond added from   B    901  to   B    53  
NAG:ASN bond added from   B    907  to   B    322 
NAG:ASN bond added from   B    910  to   B    546 
NAG:ASN bond added from   E    1401 to   E    343 
FOUND 4 NAG:NAG pairs
NAG:NAG B14 bond added from   B    902  to   B    901 
NAG:NAG B14 bond added from   B    911  to   B    910 
NAG:NAG B14 bond added from   E    1402 to   E    1401
NAG:NAG B14 bond added from   E    1403 to   E    1402
 %PARRDR-info: duplication of bond HC   NC2 
 %PARRDR-info: duplication of angle CH2E C    NH1 
 %PARRDR-info: duplication of angle CH2P CH2E HA  
 POWELL: number of degrees of freedom= 13770
 NBONDS: generating intra-molecular exclusion list with mode=-2
 MAKINB: mode  -2 found   4590 exclusions and      0 interactions(1-4)
 %atoms "B   -81  -LYS -HG1 " and "B   -81  -LYS -HG2 " only  0.09 A apart
 %atoms "B   -128 -SER -HA  " and "B   -128 -SER -HB1 " only  0.08 A apart
 %atoms "B   -180 -TYR -HA  " and "B   -180 -TYR -HB2 " only  0.10 A apart
 %atoms "B   -182 -GLU -HB1 " and "B   -182 -GLU -HB2 " only  0.10 A apart
 %atoms "B   -252 -TYR -HE1 " and "B   -252 -TYR -HE2 " only  0.07 A apart
 %atoms "B   -390 -PHE -HA  " and "B   -390 -PHE -HD1 " only  0.05 A apart
 %atoms "B   -407 -ILE -HG21" and "B   -407 -ILE -HG23" only  0.10 A apart
 %atoms "B   -418 -LEU -HD13" and "B   -418 -LEU -HD21" only  0.06 A apart
 %atoms "B   -473 -TRP -HA  " and "B   -473 -TRP -HH2 " only  0.09 A apart
 %atoms "B   -584 -LEU -CA  " and "B   -584 -LEU -HD23" only  0.10 A apart
 %atoms "E   -464 -PHE -HA  " and "E   -464 -PHE -CG  " only  0.10 A apart
 %atoms "E   -470 -THR -HA  " and "E   -470 -THR -HG22" only  0.04 A apart
 NBONDS: found   693697 intra-atom interactions
 NBONDS: found       12 nonbonded violations
 %atoms "B   -525 -PHE -HA  " and "B   -525 -PHE -HB1 " only  0.05 A apart
 NBONDS: found   693517 intra-atom interactions
 NBONDS: found        1 nonbonded violations
 %atoms "B   -162 -LEU -HB2 " and "B   -162 -LEU -HD23" only  0.06 A apart
 NBONDS: found   689529 intra-atom interactions
 NBONDS: found        1 nonbonded violations
 NBONDS: found   685974 intra-atom interactions
 --------------- cycle=    10 ------ stepsize=   -0.0000 -----------------------
 | Etotal =0.34E+07   grad(E)=575.987    E(BOND)=492968.417 E(ANGL)=0.16E+07   |
 | E(VDW )=0.13E+07                                                            |
 -------------------------------------------------------------------------------
 NBONDS: found   684443 intra-atom interactions
 NBONDS: found   685102 intra-atom interactions
 NBONDS: found   686364 intra-atom interactions
 NBONDS: found   686679 intra-atom interactions
 --------------- cycle=    20 ------ stepsize=    0.0000 -----------------------
 | Etotal =0.12E+07   grad(E)=297.792    E(BOND)=230599.961 E(ANGL)=477113.081 |
 | E(VDW )=502420.631                                                          |
 -------------------------------------------------------------------------------
 NBONDS: found   686478 intra-atom interactions
 NBONDS: found   686569 intra-atom interactions
 NBONDS: found   686691 intra-atom interactions
 --------------- cycle=    30 ------ stepsize=    0.0000 -----------------------
 | Etotal =948537.063 grad(E)=240.820    E(BOND)=187369.981 E(ANGL)=340779.171 |
 | E(VDW )=420387.911                                                          |
 -------------------------------------------------------------------------------
 NBONDS: found   686708 intra-atom interactions
 NBONDS: found   686744 intra-atom interactions
 --------------- cycle=    40 ------ stepsize=    0.0000 -----------------------
 | Etotal =896428.982 grad(E)=228.255    E(BOND)=182676.810 E(ANGL)=313016.873 |
 | E(VDW )=400735.299                                                          |
 -------------------------------------------------------------------------------
 NBONDS: found   686913 intra-atom interactions
 NBONDS: found   686965 intra-atom interactions
 NBONDS: found   686983 intra-atom interactions
 --------------- cycle=    50 ------ stepsize=   -0.0001 -----------------------
 | Etotal =881835.064 grad(E)=225.861    E(BOND)=180951.083 E(ANGL)=306212.858 |
 | E(VDW )=394671.123                                                          |
 -------------------------------------------------------------------------------
 POWELL: STEP number limit. Normal termination
 POWELL: Current coordinates set to last minimum
 DCART: temperature coupling (TCOUpling) enabled
 -------------------------- Cartesian dynamics start ---------------------------
 | E(kin)+E(total)=0.34E+07        E(kin)=4152.658      temperature=303.517    |
 | Etotal =0.34E+07   grad(E)=590.415    E(BOND)=180951.083 E(ANGL)=306212.858 |
 | E(IMPR)=0.29E+07                                                            |
 -------------------------------------------------------------------------------
 ----------------- final step=       50 at      0.02500 ps ---------------------
 | E(kin)+E(total)=0.22E+07        E(kin)=430675.791    temperature=31477.984  |
 | Etotal =0.18E+07   grad(E)=320.934    E(BOND)=190289.109 E(ANGL)=816087.238 |
 | E(IMPR)=788689.347                                                          |
 -------------------------------------------------------------------------------
 CENMAS: Information about center of free masses
         position [A]          :     -0.65926     -0.03543     -0.38382
         velocity [A/ps]       :     -0.34484     -0.26669     -0.71269
         ang. mom. [amu A/ps]  :**************************2371472.57445
         kin. ener. [Kcal/mol] :     76.57018
 POWELL: number of degrees of freedom= 13770
 NBONDS: found   684520 intra-atom interactions
 NBONDS: found   683469 intra-atom interactions
 NBONDS: found   683662 intra-atom interactions
 NBONDS: found   684850 intra-atom interactions
 --------------- cycle=    10 ------ stepsize=   -0.0001 -----------------------
 | Etotal =0.19E+07   grad(E)=271.605    E(BOND)=234591.534 E(ANGL)=448501.722 |
 | E(IMPR)=704444.109 E(VDW )=492823.123                                       |
 -------------------------------------------------------------------------------
 NBONDS: found   685496 intra-atom interactions
 NBONDS: found   685699 intra-atom interactions
 NBONDS: found   685627 intra-atom interactions
 NBONDS: found   685779 intra-atom interactions
 --------------- cycle=    20 ------ stepsize=    0.0001 -----------------------
 | Etotal =0.13E+07   grad(E)=140.309    E(BOND)=171165.712 E(ANGL)=166928.733 |
 | E(IMPR)=583135.527 E(VDW )=361251.501                                       |
 -------------------------------------------------------------------------------
 NBONDS: found   685809 intra-atom interactions
 NBONDS: found   685932 intra-atom interactions
 NBONDS: found   686054 intra-atom interactions
 --------------- cycle=    30 ------ stepsize=   -0.0000 -----------------------
 | Etotal =0.12E+07   grad(E)=118.217    E(BOND)=166074.500 E(ANGL)=136303.672 |
 | E(IMPR)=568598.647 E(VDW )=332599.081                                       |
 -------------------------------------------------------------------------------
 NBONDS: found   686106 intra-atom interactions
 NBONDS: found   686131 intra-atom interactions
 NBONDS: found   686126 intra-atom interactions
 --------------- cycle=    40 ------ stepsize=    0.0005 -----------------------
 | Etotal =0.12E+07   grad(E)=112.816    E(BOND)=166279.729 E(ANGL)=126939.858 |
 | E(IMPR)=556910.997 E(VDW )=324318.876                                       |
 -------------------------------------------------------------------------------
 NBONDS: found   686187 intra-atom interactions
 NBONDS: found   686230 intra-atom interactions
 NBONDS: found   686180 intra-atom interactions
 --------------- cycle=    50 ------ stepsize=    0.0005 -----------------------
 | Etotal =0.12E+07   grad(E)=112.174    E(BOND)=165917.477 E(ANGL)=123094.598 |
 | E(IMPR)=548594.689 E(VDW )=322427.093                                       |
 -------------------------------------------------------------------------------
 POWELL: STEP number limit. Normal termination
 POWELL: Current coordinates set to last minimum
 DCART: temperature coupling (TCOUpling) enabled
 -------------------------- Cartesian dynamics start ---------------------------
 | E(kin)+E(total)=0.12E+07        E(kin)=4102.350      temperature=299.840    |
 | Etotal =0.12E+07   grad(E)=112.174    E(BOND)=165917.477 E(ANGL)=123094.598 |
 | E(IMPR)=548594.689 E(VDW )=322427.093                                       |
 -------------------------------------------------------------------------------
 NBONDS: found   686154 intra-atom interactions
 NBONDS: found   686224 intra-atom interactions
 NBONDS: found   686230 intra-atom interactions
 ----------------- final step=       50 at      0.02500 ps ---------------------
 | E(kin)+E(total)=0.12E+07        E(kin)=6189.284      temperature=452.373    |
 | Etotal =0.12E+07   grad(E)=115.523    E(BOND)=167215.736 E(ANGL)=122815.516 |
 | E(IMPR)=540801.743 E(VDW )=323394.766                                       |
 -------------------------------------------------------------------------------
 CENMAS: Information about center of free masses
         position [A]          :     -0.66684     -0.03862     -0.39228
         velocity [A/ps]       :     -0.01745     -0.07780     -0.01083
         ang. mom. [amu A/ps]  :-108047.26341 -54426.12571 201834.97922
         kin. ener. [Kcal/mol] :      0.71031
 %PARRDR-info: duplication of bond HC   NC2 
 %PARRDR-info: duplication of angle CH2E C    NH1 
 %PARRDR-info: duplication of angle CH2P CH2E HA  
 POWELL: number of degrees of freedom= 13770
 NBONDS: generating intra-molecular exclusion list with mode=-3
 MAKINB: mode  -3 found  15676 exclusions and      0 interactions(1-4)
 NBONDS: found   675167 intra-atom interactions
 NBONDS: found   676638 intra-atom interactions
 NBONDS: found   676480 intra-atom interactions
 NBONDS: found   676498 intra-atom interactions
 NBONDS: found   676506 intra-atom interactions
 NBONDS: found   676725 intra-atom interactions
 NBONDS: found   676898 intra-atom interactions
 --------------- cycle=    25 ------ stepsize=    0.0002 -----------------------
 | Etotal =283391.154 grad(E)=110.494    E(BOND)=22352.779  E(ANGL)=128206.754 |
 | E(IMPR)=130645.359 E(VDW )=2186.262                                         |
 -------------------------------------------------------------------------------
 NBONDS: found   677023 intra-atom interactions
 NBONDS: found   676910 intra-atom interactions
 NBONDS: found   677030 intra-atom interactions
 NBONDS: found   677328 intra-atom interactions
 NBONDS: found   677216 intra-atom interactions
 NBONDS: found   677203 intra-atom interactions
 NBONDS: found   677183 intra-atom interactions
 --------------- cycle=    50 ------ stepsize=    0.0000 -----------------------
 | Etotal =67450.838  grad(E)=51.851     E(BOND)=4066.947   E(ANGL)=34544.873  |
 | E(IMPR)=27899.529  E(VDW )=939.489                                          |
 -------------------------------------------------------------------------------
 NBONDS: found   677137 intra-atom interactions
 NBONDS: found   677127 intra-atom interactions
 NBONDS: found   677030 intra-atom interactions
 NBONDS: found   677062 intra-atom interactions
 NBONDS: found   677063 intra-atom interactions
 NBONDS: found   677078 intra-atom interactions
 --------------- cycle=    75 ------ stepsize=    0.0007 -----------------------
 | Etotal =8469.012   grad(E)=20.659     E(BOND)=421.834    E(ANGL)=5318.108   |
 | E(IMPR)=2080.571   E(VDW )=648.499                                          |
 -------------------------------------------------------------------------------
 NBONDS: found   677129 intra-atom interactions
 NBONDS: found   677062 intra-atom interactions
 NBONDS: found   677112 intra-atom interactions
 --------------- cycle=   100 ------ stepsize=    0.0015 -----------------------
 | Etotal =1973.630   grad(E)=11.715     E(BOND)=110.674    E(ANGL)=1206.340   |
 | E(IMPR)=40.594     E(VDW )=616.023                                          |
 -------------------------------------------------------------------------------
 POWELL: STEP number limit. Normal termination
 POWELL: Current coordinates set to last minimum
 DCART: temperature coupling (TCOUpling) enabled
 -------------------------- Cartesian dynamics start ---------------------------
 | E(kin)+E(total)=5903.478        E(kin)=3999.230      temperature=292.303    |
 | Etotal =1904.248   grad(E)=7.880      E(BOND)=37.632     E(ANGL)=1172.685   |
 | E(IMPR)=81.623     E(VDW )=612.308                                          |
 -------------------------------------------------------------------------------
 NBONDS: found   677161 intra-atom interactions
 NBONDS: found   677029 intra-atom interactions
 NBONDS: found   677054 intra-atom interactions
 NBONDS: found   677227 intra-atom interactions
 NBONDS: found   677221 intra-atom interactions
 NBONDS: found   677192 intra-atom interactions
 NBONDS: found   677008 intra-atom interactions
 NBONDS: found   677107 intra-atom interactions
 NBONDS: found   677033 intra-atom interactions
 NBONDS: found   677176 intra-atom interactions
 NBONDS: found   677146 intra-atom interactions
 NBONDS: found   677094 intra-atom interactions
 NBONDS: found   677020 intra-atom interactions
 NBONDS: found   677098 intra-atom interactions
 NBONDS: found   677091 intra-atom interactions
 NBONDS: found   677087 intra-atom interactions
 NBONDS: found   677093 intra-atom interactions
 NBONDS: found   677101 intra-atom interactions
 NBONDS: found   677101 intra-atom interactions
 NBONDS: found   677217 intra-atom interactions
 NBONDS: found   676980 intra-atom interactions
 NBONDS: found   677021 intra-atom interactions
 ----------------- final step=      500 at      0.25000 ps ---------------------
 | E(kin)+E(total)=8832.950        E(kin)=4429.655      temperature=323.762    |
 | Etotal =4403.296   grad(E)=26.433     E(BOND)=833.079    E(ANGL)=2578.487   |
 | E(IMPR)=285.631    E(VDW )=706.099                                          |
 -------------------------------------------------------------------------------
 CENMAS: Information about center of free masses
         position [A]          :     -0.66707     -0.03976     -0.39174
         velocity [A/ps]       :     -0.07152     -0.07260      0.01514
         ang. mom. [amu A/ps]  :  53472.78748-100923.32011  65536.24644
         kin. ener. [Kcal/mol] :      1.16439
 EFLAGS: the following energy flags are set
 EFLAGS: BOND ANGL DIHE IMPR VDW 
 %PARRDR-info: duplication of bond HC   NC2 
 %PARRDR-info: duplication of angle CH2E C    NH1 
 %PARRDR-info: duplication of angle CH2P CH2E HA  
 POWELL: number of degrees of freedom= 13770
 NBONDS: generating intra-molecular exclusion list with mode=-3
 MAKINB: mode  -3 found  15676 exclusions and      0 interactions(1-4)
 NBONDS: found   677131 intra-atom interactions
 NBONDS: found   676925 intra-atom interactions
 NBONDS: found   677081 intra-atom interactions
 --------------- cycle=    50 ------ stepsize=    0.0007 -----------------------
 | Etotal =13634.375  grad(E)=13.533     E(BOND)=235.099    E(ANGL)=1186.768   |
 | E(DIHE)=209.676    E(IMPR)=89.493     E(VDW )=11913.338                     |
 -------------------------------------------------------------------------------
 NBONDS: found   677006 intra-atom interactions
 --------------- cycle=   100 ------ stepsize=    0.0011 -----------------------
 | Etotal =13189.435  grad(E)=13.413     E(BOND)=229.331    E(ANGL)=1169.159   |
 | E(DIHE)=175.060    E(IMPR)=87.531     E(VDW )=11528.354                     |
 -------------------------------------------------------------------------------
 --------------- cycle=   150 ------ stepsize=    0.0010 -----------------------
 | Etotal =13148.061  grad(E)=13.400     E(BOND)=228.652    E(ANGL)=1166.304   |
 | E(DIHE)=170.427    E(IMPR)=86.443     E(VDW )=11496.234                     |
 -------------------------------------------------------------------------------
 --------------- cycle=   200 ------ stepsize=    0.0014 -----------------------
 | Etotal =13137.047  grad(E)=13.413     E(BOND)=228.520    E(ANGL)=1166.990   |
 | E(DIHE)=169.817    E(IMPR)=87.432     E(VDW )=11484.289                     |
 -------------------------------------------------------------------------------
 NBONDS: found   676929 intra-atom interactions
 --------------- cycle=   250 ------ stepsize=    0.0009 -----------------------
 | Etotal =13129.596  grad(E)=13.397     E(BOND)=227.925    E(ANGL)=1165.065   |
 | E(DIHE)=169.588    E(IMPR)=86.650     E(VDW )=11480.369                     |
 -------------------------------------------------------------------------------
 --------------- cycle=   300 ------ stepsize=    0.0010 -----------------------
 | Etotal =13129.099  grad(E)=13.401     E(BOND)=227.918    E(ANGL)=1165.359   |
 | E(DIHE)=170.032    E(IMPR)=86.581     E(VDW )=11479.209                     |
 -------------------------------------------------------------------------------
 --------------- cycle=   350 ------ stepsize=    0.0010 -----------------------
 | Etotal =13129.054  grad(E)=13.401     E(BOND)=227.909    E(ANGL)=1165.437   |
 | E(DIHE)=170.005    E(IMPR)=86.594     E(VDW )=11479.110                     |
 -------------------------------------------------------------------------------
 --------------- cycle=   400 ------ stepsize=    0.0010 -----------------------
 | Etotal =13129.052  grad(E)=13.401     E(BOND)=227.898    E(ANGL)=1165.450   |
 | E(DIHE)=170.075    E(IMPR)=86.593     E(VDW )=11479.036                     |
 -------------------------------------------------------------------------------
 --------------- cycle=   450 ------ stepsize=    0.0001 -----------------------
 | Etotal =13129.046  grad(E)=13.402     E(BOND)=227.892    E(ANGL)=1165.553   |
 | E(DIHE)=170.200    E(IMPR)=86.579     E(VDW )=11478.823                     |
 -------------------------------------------------------------------------------
 --------------- cycle=   500 ------ stepsize=    0.0001 -----------------------
 | Etotal =13129.043  grad(E)=13.402     E(BOND)=227.890    E(ANGL)=1165.556   |
 | E(DIHE)=170.203    E(IMPR)=86.584     E(VDW )=11478.811                     |
 -------------------------------------------------------------------------------
 POWELL: STEP number limit. Normal termination
 POWELL: Current coordinates set to last minimum
 DCART: temperature coupling (TCOUpling) enabled
 -------------------------- Cartesian dynamics start ---------------------------
 | E(kin)+E(total)=17210.125       E(kin)=4081.082      temperature=298.285    |
 | Etotal =13129.043  grad(E)=13.402     E(BOND)=227.890    E(ANGL)=1165.556   |
 | E(DIHE)=170.203    E(IMPR)=86.584     E(VDW )=11478.811                     |
 -------------------------------------------------------------------------------
 NBONDS: found   676892 intra-atom interactions
 NBONDS: found   676961 intra-atom interactions
 NBONDS: found   677062 intra-atom interactions
 NBONDS: found   676990 intra-atom interactions
 NBONDS: found   677070 intra-atom interactions
 ----------------- final step=      500 at      0.25000 ps ---------------------
 | E(kin)+E(total)=21407.458       E(kin)=4163.045      temperature=304.276    |
 | Etotal =17244.413  grad(E)=32.367     E(BOND)=1359.297   E(ANGL)=3492.725   |
 | E(DIHE)=176.421    E(IMPR)=444.450    E(VDW )=11771.520                     |
 -------------------------------------------------------------------------------
 CENMAS: Information about center of free masses
         position [A]          :     -0.66743     -0.03964     -0.39190
         velocity [A/ps]       :     -0.13650     -0.26211     -0.05541
         ang. mom. [amu A/ps]  :  11357.37768  -5098.58517  66060.56819
         kin. ener. [Kcal/mol] :      0.49984
 POWELL: number of degrees of freedom= 13770
 --------------- cycle=    50 ------ stepsize=    0.0010 -----------------------
 | Etotal =13142.285  grad(E)=13.405     E(BOND)=227.242    E(ANGL)=1167.290   |
 | E(DIHE)=170.138    E(IMPR)=86.839     E(VDW )=11490.776                     |
 -------------------------------------------------------------------------------
 --------------- cycle=   100 ------ stepsize=    0.0013 -----------------------
 | Etotal =13132.892  grad(E)=13.402     E(BOND)=227.224    E(ANGL)=1166.380   |
 | E(DIHE)=171.065    E(IMPR)=86.748     E(VDW )=11481.475                     |
 -------------------------------------------------------------------------------
 --------------- cycle=   150 ------ stepsize=    0.0010 -----------------------
 | Etotal =13131.856  grad(E)=13.403     E(BOND)=227.307    E(ANGL)=1166.564   |
 | E(DIHE)=171.432    E(IMPR)=86.611     E(VDW )=11479.943                     |
 -------------------------------------------------------------------------------
 --------------- cycle=   200 ------ stepsize=    0.0013 -----------------------
 | Etotal =13131.595  grad(E)=13.404     E(BOND)=227.314    E(ANGL)=1166.712   |
 | E(DIHE)=171.504    E(IMPR)=86.593     E(VDW )=11479.471                     |
 -------------------------------------------------------------------------------
 --------------- cycle=   250 ------ stepsize=    0.0013 -----------------------
 | Etotal =13131.590  grad(E)=13.405     E(BOND)=227.304    E(ANGL)=1166.767   |
 | E(DIHE)=171.563    E(IMPR)=86.590     E(VDW )=11479.367                     |
 -------------------------------------------------------------------------------
 --------------- cycle=   300 ------ stepsize=    0.0011 -----------------------
 | Etotal =13131.587  grad(E)=13.406     E(BOND)=227.291    E(ANGL)=1166.879   |
 | E(DIHE)=171.679    E(IMPR)=86.582     E(VDW )=11479.155                     |
 -------------------------------------------------------------------------------
 --------------- cycle=   350 ------ stepsize=    0.0011 -----------------------
 | Etotal =13131.581  grad(E)=13.406     E(BOND)=227.286    E(ANGL)=1166.926   |
 | E(DIHE)=171.749    E(IMPR)=86.571     E(VDW )=11479.049                     |
 -------------------------------------------------------------------------------
 --------------- cycle=   400 ------ stepsize=    0.0012 -----------------------
 | Etotal =13131.580  grad(E)=13.406     E(BOND)=227.288    E(ANGL)=1166.892   |
 | E(DIHE)=171.728    E(IMPR)=86.575     E(VDW )=11479.097                     |
 -------------------------------------------------------------------------------
 --------------- cycle=   450 ------ stepsize=    0.0011 -----------------------
 | Etotal =13131.580  grad(E)=13.406     E(BOND)=227.290    E(ANGL)=1166.891   |
 | E(DIHE)=171.721    E(IMPR)=86.575     E(VDW )=11479.103                     |
 -------------------------------------------------------------------------------
 POWELL: Gradient converged. Normal termination
 POWELL: Current coordinates set to last minimum
 POWELL: number of degrees of freedom= 18159
 NBONDS: found   676805 intra-atom interactions
 --------------- cycle=     5 ------ stepsize=    0.0006 -----------------------
 | Etotal =13024.664  grad(E)=13.413     E(BOND)=228.648    E(ANGL)=1166.735   |
 | E(DIHE)=171.725    E(IMPR)=86.407     E(VDW )=11371.149                     |
 -------------------------------------------------------------------------------
 --------------- cycle=    10 ------ stepsize=    0.0011 -----------------------
 | Etotal =13022.546  grad(E)=13.409     E(BOND)=228.276    E(ANGL)=1166.509   |
 | E(DIHE)=171.639    E(IMPR)=86.411     E(VDW )=11369.711                     |
 -------------------------------------------------------------------------------
 --------------- cycle=    15 ------ stepsize=   -0.0001 -----------------------
 | Etotal =13021.459  grad(E)=13.407     E(BOND)=227.720    E(ANGL)=1166.695   |
 | E(DIHE)=171.578    E(IMPR)=86.338     E(VDW )=11369.128                     |
 -------------------------------------------------------------------------------
 --------------- cycle=    20 ------ stepsize=    0.0008 -----------------------
 | Etotal =13021.137  grad(E)=13.402     E(BOND)=227.857    E(ANGL)=1166.334   |
 | E(DIHE)=171.527    E(IMPR)=86.353     E(VDW )=11369.066                     |
 -------------------------------------------------------------------------------
 --------------- cycle=    25 ------ stepsize=    0.0012 -----------------------
 | Etotal =13020.700  grad(E)=13.409     E(BOND)=227.912    E(ANGL)=1166.966   |
 | E(DIHE)=171.360    E(IMPR)=86.376     E(VDW )=11368.086                     |
 -------------------------------------------------------------------------------
 --------------- cycle=    30 ------ stepsize=    0.0007 -----------------------
 | Etotal =13020.349  grad(E)=13.403     E(BOND)=227.817    E(ANGL)=1166.408   |
 | E(DIHE)=171.287    E(IMPR)=86.338     E(VDW )=11368.499                     |
 -------------------------------------------------------------------------------
 --------------- cycle=    35 ------ stepsize=    0.0008 -----------------------
 | Etotal =13020.275  grad(E)=13.403     E(BOND)=227.800    E(ANGL)=1166.489   |
 | E(DIHE)=171.281    E(IMPR)=86.315     E(VDW )=11368.391                     |
 -------------------------------------------------------------------------------
 --------------- cycle=    40 ------ stepsize=    0.0010 -----------------------
 | Etotal =13020.065  grad(E)=13.404     E(BOND)=227.782    E(ANGL)=1166.428   |
 | E(DIHE)=171.292    E(IMPR)=86.346     E(VDW )=11368.218                     |
 -------------------------------------------------------------------------------
 --------------- cycle=    45 ------ stepsize=   -0.0000 -----------------------
 | Etotal =13020.028  grad(E)=13.403     E(BOND)=227.789    E(ANGL)=1166.479   |
 | E(DIHE)=171.293    E(IMPR)=86.325     E(VDW )=11368.142                     |
 -------------------------------------------------------------------------------
 --------------- cycle=    50 ------ stepsize=    0.0011 -----------------------
 | Etotal =13020.006  grad(E)=13.404     E(BOND)=227.787    E(ANGL)=1166.532   |
 | E(DIHE)=171.300    E(IMPR)=86.321     E(VDW )=11368.067                     |
 -------------------------------------------------------------------------------
 POWELL: STEP number limit. Normal termination
 POWELL: Current coordinates set to last minimum
 %PARRDR-info: duplication of bond HC   NC2 
 %PARRDR-info: duplication of angle CH2E C    NH1 
 %PARRDR-info: duplication of angle CH2P CH2E HA  
 POWELL: number of degrees of freedom= 18159
 NBONDS: generating intra-molecular exclusion list with mode= 5
 MAKINB: mode   5 found  17713 exclusions and  17813 interactions(1-4)
 NBONDS: found   895505 intra-atom interactions
 NBONDS: found   895428 intra-atom interactions
 NBONDS: found   895433 intra-atom interactions
 --------------- cycle=    50 ------ stepsize=   -0.0000 -----------------------
 | Etotal =36.676     grad(E)=5.568      E(BOND)=16.967     E(ANGL)=428.670    |
 | E(DIHE)=74.473     E(IMPR)=35.760     E(VDW )=-520.196   E(ELEC)=1.002      |
 -------------------------------------------------------------------------------
 POWELL: STEP number limit. Normal termination
 POWELL: Current coordinates set to last minimum
 --------------- cycle=     1 --------------------------------------------------
 | Etotal =36.676     grad(E)=5.568      E(BOND)=16.967     E(ANGL)=428.670    |
 | E(DIHE)=74.473     E(IMPR)=35.760     E(VDW )=-520.196   E(ELEC)=1.002      |
 -------------------------------------------------------------------------------
 SURFAC: half the sigma value being used for atomic radii.
 SURFAC: ACCEssible surface area
 SURFAC: ACCUracy= 0.07 RH2O=  1.40
         Z-grid=  0.32 number-of-Z-sections=  213
         measures-of-arc= 93034 and150907
 SURFAC: half the sigma value being used for atomic radii.
 SURFAC: ACCEssible surface area
 SURFAC: ACCUracy= 0.07 RH2O=  1.40
         Z-grid=  0.32 number-of-Z-sections=  137
         measures-of-arc= 26311 and 45295
 SURFAC: half the sigma value being used for atomic radii.
 SURFAC: ACCEssible surface area
 SURFAC: ACCUracy= 0.07 RH2O=  1.40
         Z-grid=  0.32 number-of-Z-sections=  213
         measures-of-arc=121313 and196424
 %PARRDR-info: duplication of bond HC   NC2 
 %PARRDR-info: duplication of angle CH2E C    NH1 
 %PARRDR-info: duplication of angle CH2P CH2E HA  
 NBONDS: generating intra-molecular exclusion list with mode= 5
 MAKINB: mode   5 found     10 exclusions and     20 interactions(1-4)
 NBONDS: found     1670 intra-atom interactions
 --------------- cycle=     2 --------------------------------------------------
 | Etotal =-95.225    grad(E)=0.294      E(VDW )=-4.553     E(ELEC)=-90.672    |
 -------------------------------------------------------------------------------
 NBONDS: generating intra-molecular exclusion list with mode= 5
 MAKINB: mode   5 found     10 exclusions and     20 interactions(1-4)
 NBONDS: found     3643 intra-atom interactions
 --------------- cycle=     3 --------------------------------------------------
 | Etotal =-94.729    grad(E)=0.281      E(VDW )=-9.777     E(ELEC)=-84.952    |
 -------------------------------------------------------------------------------
 NBONDS: generating intra-molecular exclusion list with mode= 5
 MAKINB: mode   5 found     10 exclusions and     20 interactions(1-4)
 NBONDS: found     4243 intra-atom interactions
 --------------- cycle=     4 --------------------------------------------------
 | Etotal =-92.662    grad(E)=0.154      E(VDW )=-16.282    E(ELEC)=-76.380    |
 -------------------------------------------------------------------------------
 NBONDS: generating intra-molecular exclusion list with mode= 5
 MAKINB: mode   5 found     10 exclusions and     20 interactions(1-4)
 NBONDS: found     4324 intra-atom interactions
 --------------- cycle=     5 --------------------------------------------------
 | Etotal =-194.162   grad(E)=0.395      E(VDW )=-13.446    E(ELEC)=-180.715   |
 -------------------------------------------------------------------------------
 NBONDS: generating intra-molecular exclusion list with mode= 5
 MAKINB: mode   5 found     10 exclusions and     20 interactions(1-4)
 NBONDS: found     3551 intra-atom interactions
 --------------- cycle=     6 --------------------------------------------------
 | Etotal =-93.537    grad(E)=0.185      E(VDW )=-13.193    E(ELEC)=-80.344    |
 -------------------------------------------------------------------------------
 NBONDS: generating intra-molecular exclusion list with mode= 5
 MAKINB: mode   5 found     10 exclusions and     20 interactions(1-4)
 NBONDS: found     5617 intra-atom interactions
 --------------- cycle=     7 --------------------------------------------------
 | Etotal =-97.289    grad(E)=0.183      E(VDW )=-21.308    E(ELEC)=-75.980    |
 -------------------------------------------------------------------------------
 NBONDS: generating intra-molecular exclusion list with mode= 5
 MAKINB: mode   5 found     10 exclusions and     20 interactions(1-4)
 NBONDS: found     5629 intra-atom interactions
 --------------- cycle=     8 --------------------------------------------------
 | Etotal =-97.354    grad(E)=0.174      E(VDW )=-15.210    E(ELEC)=-82.144    |
 -------------------------------------------------------------------------------
 NBONDS: generating intra-molecular exclusion list with mode= 5
 MAKINB: mode   5 found     10 exclusions and     20 interactions(1-4)
 NBONDS: found     3597 intra-atom interactions
 --------------- cycle=     9 --------------------------------------------------
 | Etotal =-181.241   grad(E)=0.447      E(VDW )=-7.693     E(ELEC)=-173.548   |
 -------------------------------------------------------------------------------
 NBONDS: generating intra-molecular exclusion list with mode= 5
 MAKINB: mode   5 found     10 exclusions and     20 interactions(1-4)
 NBONDS: found     5649 intra-atom interactions
 --------------- cycle=    10 --------------------------------------------------
 | Etotal =-172.537   grad(E)=0.400      E(VDW )=-10.698    E(ELEC)=-161.839   |
 -------------------------------------------------------------------------------
 NBONDS: generating intra-molecular exclusion list with mode= 5
 MAKINB: mode   5 found     10 exclusions and     20 interactions(1-4)
 NBONDS: found     5479 intra-atom interactions
 --------------- cycle=    11 --------------------------------------------------
 | Etotal =-100.793   grad(E)=0.206      E(VDW )=-14.912    E(ELEC)=-85.881    |
 -------------------------------------------------------------------------------
 NBONDS: generating intra-molecular exclusion list with mode= 5
 MAKINB: mode   5 found     10 exclusions and     20 interactions(1-4)
 NBONDS: found     3685 intra-atom interactions
 --------------- cycle=    12 --------------------------------------------------
 | Etotal =-93.662    grad(E)=0.238      E(VDW )=-10.799    E(ELEC)=-82.862    |
 -------------------------------------------------------------------------------
 NBONDS: generating intra-molecular exclusion list with mode= 5
 MAKINB: mode   5 found     10 exclusions and     20 interactions(1-4)
 NBONDS: found     5612 intra-atom interactions
 --------------- cycle=    13 --------------------------------------------------
 | Etotal =-105.973   grad(E)=0.176      E(VDW )=-21.749    E(ELEC)=-84.224    |
 -------------------------------------------------------------------------------
 NBONDS: generating intra-molecular exclusion list with mode= 5
 MAKINB: mode   5 found     10 exclusions and     20 interactions(1-4)
 NBONDS: found     3647 intra-atom interactions
 --------------- cycle=    14 --------------------------------------------------
 | Etotal =-131.932   grad(E)=0.429      E(VDW )=-11.419    E(ELEC)=-120.513   |
 -------------------------------------------------------------------------------
 NBONDS: generating intra-molecular exclusion list with mode= 5
 MAKINB: mode   5 found     10 exclusions and     20 interactions(1-4)
 NBONDS: found     2672 intra-atom interactions
 --------------- cycle=    15 --------------------------------------------------
 | Etotal =-89.687    grad(E)=0.250      E(VDW )=-6.055     E(ELEC)=-83.631    |
 -------------------------------------------------------------------------------
 NBONDS: generating intra-molecular exclusion list with mode= 5
 MAKINB: mode   5 found     10 exclusions and     20 interactions(1-4)
 NBONDS: found     3919 intra-atom interactions
 --------------- cycle=    16 --------------------------------------------------
 | Etotal =-164.353   grad(E)=0.501      E(VDW )=-12.072    E(ELEC)=-152.281   |
 -------------------------------------------------------------------------------
 NBONDS: generating intra-molecular exclusion list with mode= 5
 MAKINB: mode   5 found     10 exclusions and     20 interactions(1-4)
 NBONDS: found     3785 intra-atom interactions
 --------------- cycle=    17 --------------------------------------------------
 | Etotal =-141.602   grad(E)=0.465      E(VDW )=-13.509    E(ELEC)=-128.093   |
 -------------------------------------------------------------------------------
 NBONDS: generating intra-molecular exclusion list with mode= 5
 MAKINB: mode   5 found     10 exclusions and     20 interactions(1-4)
 NBONDS: found     4364 intra-atom interactions
 --------------- cycle=    18 --------------------------------------------------
 | Etotal =-104.477   grad(E)=0.233      E(VDW )=-11.291    E(ELEC)=-93.186    |
 -------------------------------------------------------------------------------
 NBONDS: generating intra-molecular exclusion list with mode= 5
 MAKINB: mode   5 found     10 exclusions and     20 interactions(1-4)
 NBONDS: found     5655 intra-atom interactions
 --------------- cycle=    19 --------------------------------------------------
 | Etotal =-111.756   grad(E)=0.283      E(VDW )=-23.364    E(ELEC)=-88.392    |
 -------------------------------------------------------------------------------
 NBONDS: generating intra-molecular exclusion list with mode= 5
 MAKINB: mode   5 found     10 exclusions and     20 interactions(1-4)
 NBONDS: found     3680 intra-atom interactions
 --------------- cycle=    20 --------------------------------------------------
 | Etotal =-106.678   grad(E)=0.237      E(VDW )=-11.394    E(ELEC)=-95.284    |
 -------------------------------------------------------------------------------
 NBONDS: generating intra-molecular exclusion list with mode= 5
 MAKINB: mode   5 found     10 exclusions and     20 interactions(1-4)
 NBONDS: found     4508 intra-atom interactions
 --------------- cycle=    21 --------------------------------------------------
 | Etotal =-87.511    grad(E)=0.191      E(VDW )=-12.777    E(ELEC)=-74.734    |
 -------------------------------------------------------------------------------
 NBONDS: generating intra-molecular exclusion list with mode= 5
 MAKINB: mode   5 found     10 exclusions and     20 interactions(1-4)
 NBONDS: found     2516 intra-atom interactions
 --------------- cycle=    22 --------------------------------------------------
 | Etotal =-90.461    grad(E)=0.197      E(VDW )=-11.594    E(ELEC)=-78.867    |
 -------------------------------------------------------------------------------
 NBONDS: generating intra-molecular exclusion list with mode= 5
 MAKINB: mode   5 found     10 exclusions and     20 interactions(1-4)
 NBONDS: found     4311 intra-atom interactions
 --------------- cycle=    23 --------------------------------------------------
 | Etotal =-100.925   grad(E)=0.188      E(VDW )=-17.529    E(ELEC)=-83.396    |
 -------------------------------------------------------------------------------
 NBONDS: generating intra-molecular exclusion list with mode= 5
 MAKINB: mode   5 found     10 exclusions and     20 interactions(1-4)
 NBONDS: found     3060 intra-atom interactions
 --------------- cycle=    24 --------------------------------------------------
 | Etotal =-173.230   grad(E)=0.379      E(VDW )=-6.431     E(ELEC)=-166.799   |
 -------------------------------------------------------------------------------
 NBONDS: generating intra-molecular exclusion list with mode= 5
 MAKINB: mode   5 found     10 exclusions and     20 interactions(1-4)
 NBONDS: found     3750 intra-atom interactions
 --------------- cycle=    25 --------------------------------------------------
 | Etotal =-96.637    grad(E)=0.177      E(VDW )=-13.843    E(ELEC)=-82.794    |
 -------------------------------------------------------------------------------
 NBONDS: generating intra-molecular exclusion list with mode= 5
 MAKINB: mode   5 found     10 exclusions and     20 interactions(1-4)
 NBONDS: found     2684 intra-atom interactions
 --------------- cycle=    26 --------------------------------------------------
 | Etotal =-88.739    grad(E)=0.443      E(VDW )=-2.185     E(ELEC)=-86.554    |
 -------------------------------------------------------------------------------
 NBONDS: generating intra-molecular exclusion list with mode= 5
 MAKINB: mode   5 found     10 exclusions and     20 interactions(1-4)
 NBONDS: found     3366 intra-atom interactions
 --------------- cycle=    27 --------------------------------------------------
 | Etotal =-98.495    grad(E)=0.189      E(VDW )=-7.716     E(ELEC)=-90.778    |
 -------------------------------------------------------------------------------
 NBONDS: generating intra-molecular exclusion list with mode= 5
 MAKINB: mode   5 found     10 exclusions and     20 interactions(1-4)
 NBONDS: found     2062 intra-atom interactions
 --------------- cycle=    28 --------------------------------------------------
 | Etotal =-80.286    grad(E)=0.153      E(VDW )=-5.854     E(ELEC)=-74.432    |
 -------------------------------------------------------------------------------
 NBONDS: generating intra-molecular exclusion list with mode= 5
 MAKINB: mode   5 found     10 exclusions and     23 interactions(1-4)
 NBONDS: found     5069 intra-atom interactions
 --------------- cycle=    29 --------------------------------------------------
 | Etotal =-82.739    grad(E)=0.417      E(VDW )=-12.795    E(ELEC)=-69.944    |
 -------------------------------------------------------------------------------
 NBONDS: generating intra-molecular exclusion list with mode= 5
 MAKINB: mode   5 found     10 exclusions and     20 interactions(1-4)
 NBONDS: found     3316 intra-atom interactions
 --------------- cycle=    30 --------------------------------------------------
 | Etotal =-68.054    grad(E)=0.241      E(VDW )=-5.216     E(ELEC)=-62.838    |
 -------------------------------------------------------------------------------
 NBONDS: generating intra-molecular exclusion list with mode= 5
 MAKINB: mode   5 found     10 exclusions and     20 interactions(1-4)
 NBONDS: found     2266 intra-atom interactions
 --------------- cycle=    31 --------------------------------------------------
 | Etotal =-75.945    grad(E)=0.297      E(VDW )=1.187      E(ELEC)=-77.132    |
 -------------------------------------------------------------------------------
 NBONDS: generating intra-molecular exclusion list with mode= 5
 MAKINB: mode   5 found     10 exclusions and     20 interactions(1-4)
 NBONDS: found     3057 intra-atom interactions
 --------------- cycle=    32 --------------------------------------------------
 | Etotal =-89.266    grad(E)=0.316      E(VDW )=-4.067     E(ELEC)=-85.199    |
 -------------------------------------------------------------------------------
 NBONDS: generating intra-molecular exclusion list with mode= 5
 MAKINB: mode   5 found     10 exclusions and     20 interactions(1-4)
 NBONDS: found     2430 intra-atom interactions
 --------------- cycle=    33 --------------------------------------------------
 | Etotal =-84.762    grad(E)=0.178      E(VDW )=-10.513    E(ELEC)=-74.249    |
 -------------------------------------------------------------------------------
 NBONDS: generating intra-molecular exclusion list with mode= 5
 MAKINB: mode   5 found     10 exclusions and     20 interactions(1-4)
 NBONDS: found     5109 intra-atom interactions
 --------------- cycle=    34 --------------------------------------------------
 | Etotal =-93.732    grad(E)=0.383      E(VDW )=-15.354    E(ELEC)=-78.378    |
 -------------------------------------------------------------------------------
 NBONDS: generating intra-molecular exclusion list with mode= 5
 MAKINB: mode   5 found     10 exclusions and     20 interactions(1-4)
 NBONDS: found     1972 intra-atom interactions
 --------------- cycle=    35 --------------------------------------------------
 | Etotal =-67.050    grad(E)=0.215      E(VDW )=-4.913     E(ELEC)=-62.137    |
 -------------------------------------------------------------------------------
 NBONDS: generating intra-molecular exclusion list with mode= 5
 MAKINB: mode   5 found     10 exclusions and     20 interactions(1-4)
 NBONDS: found     6180 intra-atom interactions
 --------------- cycle=    36 --------------------------------------------------
 | Etotal =-146.038   grad(E)=0.369      E(VDW )=-16.878    E(ELEC)=-129.160   |
 -------------------------------------------------------------------------------
 NBONDS: generating intra-molecular exclusion list with mode= 5
 MAKINB: mode   5 found     10 exclusions and     20 interactions(1-4)
 NBONDS: found     1927 intra-atom interactions
 --------------- cycle=    37 --------------------------------------------------
 | Etotal =-74.619    grad(E)=0.142      E(VDW )=-5.292     E(ELEC)=-69.327    |
 -------------------------------------------------------------------------------
 NBONDS: generating intra-molecular exclusion list with mode= 5
 MAKINB: mode   5 found     10 exclusions and     20 interactions(1-4)
 NBONDS: found     3406 intra-atom interactions
 --------------- cycle=    38 --------------------------------------------------
 | Etotal =-175.503   grad(E)=0.730      E(VDW )=-5.569     E(ELEC)=-169.934   |
 -------------------------------------------------------------------------------
 NBONDS: generating intra-molecular exclusion list with mode= 5
 MAKINB: mode   5 found     10 exclusions and     20 interactions(1-4)
 NBONDS: found     5623 intra-atom interactions
 --------------- cycle=    39 --------------------------------------------------
 | Etotal =-87.017    grad(E)=0.132      E(VDW )=-23.953    E(ELEC)=-63.064    |
 -------------------------------------------------------------------------------
 NBONDS: generating intra-molecular exclusion list with mode= 5
 MAKINB: mode   5 found     10 exclusions and     20 interactions(1-4)
 NBONDS: found     6289 intra-atom interactions
 --------------- cycle=    40 --------------------------------------------------
 | Etotal =-172.160   grad(E)=0.587      E(VDW )=-18.446    E(ELEC)=-153.714   |
 -------------------------------------------------------------------------------
 NBONDS: generating intra-molecular exclusion list with mode= 5
 MAKINB: mode   5 found     10 exclusions and     20 interactions(1-4)
 NBONDS: found     2228 intra-atom interactions
 --------------- cycle=    41 --------------------------------------------------
 | Etotal =-82.837    grad(E)=0.171      E(VDW )=-8.016     E(ELEC)=-74.821    |
 -------------------------------------------------------------------------------
 NBONDS: generating intra-molecular exclusion list with mode= 5
 MAKINB: mode   5 found     10 exclusions and     20 interactions(1-4)
 NBONDS: found     1618 intra-atom interactions
 --------------- cycle=    42 --------------------------------------------------
 | Etotal =-77.292    grad(E)=0.148      E(VDW )=-2.893     E(ELEC)=-74.399    |
 -------------------------------------------------------------------------------
 NBONDS: generating intra-molecular exclusion list with mode= 5
 MAKINB: mode   5 found     10 exclusions and     20 interactions(1-4)
 NBONDS: found     5767 intra-atom interactions
 --------------- cycle=    43 --------------------------------------------------
 | Etotal =-184.628   grad(E)=0.458      E(VDW )=-17.822    E(ELEC)=-166.806   |
 -------------------------------------------------------------------------------
 NBONDS: generating intra-molecular exclusion list with mode= 5
 MAKINB: mode   5 found     10 exclusions and     20 interactions(1-4)
 NBONDS: found     6358 intra-atom interactions
 --------------- cycle=    44 --------------------------------------------------
 | Etotal =-181.477   grad(E)=0.490      E(VDW )=-15.217    E(ELEC)=-166.261   |
 -------------------------------------------------------------------------------
 NBONDS: generating intra-molecular exclusion list with mode= 5
 MAKINB: mode   5 found     10 exclusions and     20 interactions(1-4)
 NBONDS: found     4117 intra-atom interactions
 --------------- cycle=    45 --------------------------------------------------
 | Etotal =-153.389   grad(E)=0.458      E(VDW )=-14.021    E(ELEC)=-139.368   |
 -------------------------------------------------------------------------------
 NBONDS: generating intra-molecular exclusion list with mode= 5
 MAKINB: mode   5 found     10 exclusions and     20 interactions(1-4)
 NBONDS: found     1248 intra-atom interactions
 --------------- cycle=    46 --------------------------------------------------
 | Etotal =-54.411    grad(E)=0.140      E(VDW )=-5.565     E(ELEC)=-48.846    |
 -------------------------------------------------------------------------------
 NBONDS: generating intra-molecular exclusion list with mode= 5
 MAKINB: mode   5 found     10 exclusions and     20 interactions(1-4)
 NBONDS: found     4467 intra-atom interactions
 --------------- cycle=    47 --------------------------------------------------
 | Etotal =-189.909   grad(E)=0.467      E(VDW )=-7.119     E(ELEC)=-182.790   |
 -------------------------------------------------------------------------------
 NBONDS: generating intra-molecular exclusion list with mode= 5
 MAKINB: mode   5 found     10 exclusions and     20 interactions(1-4)
 NBONDS: found     5369 intra-atom interactions
 --------------- cycle=    48 --------------------------------------------------
 | Etotal =-89.077    grad(E)=0.238      E(VDW )=-19.320    E(ELEC)=-69.756    |
 -------------------------------------------------------------------------------
 NBONDS: generating intra-molecular exclusion list with mode= 5
 MAKINB: mode   5 found     10 exclusions and     20 interactions(1-4)
 NBONDS: found     3067 intra-atom interactions
 --------------- cycle=    49 --------------------------------------------------
 | Etotal =-95.796    grad(E)=0.239      E(VDW )=-14.376    E(ELEC)=-81.420    |
 -------------------------------------------------------------------------------
 NBONDS: generating intra-molecular exclusion list with mode= 5
 MAKINB: mode   5 found     10 exclusions and     20 interactions(1-4)
 NBONDS: found     1796 intra-atom interactions
 --------------- cycle=    50 --------------------------------------------------
 | Etotal =-66.977    grad(E)=0.127      E(VDW )=-5.410     E(ELEC)=-61.567    |
 -------------------------------------------------------------------------------
 NBONDS: generating intra-molecular exclusion list with mode= 5
 MAKINB: mode   5 found     10 exclusions and     20 interactions(1-4)
 NBONDS: found      965 intra-atom interactions
 --------------- cycle=    51 --------------------------------------------------
 | Etotal =-63.486    grad(E)=0.128      E(VDW )=-2.125     E(ELEC)=-61.361    |
 -------------------------------------------------------------------------------
 NBONDS: generating intra-molecular exclusion list with mode= 5
 MAKINB: mode   5 found     10 exclusions and     20 interactions(1-4)
 NBONDS: found     1450 intra-atom interactions
 --------------- cycle=    52 --------------------------------------------------
 | Etotal =-74.806    grad(E)=0.160      E(VDW )=-7.949     E(ELEC)=-66.857    |
 -------------------------------------------------------------------------------
 NBONDS: generating intra-molecular exclusion list with mode= 5
 MAKINB: mode   5 found     10 exclusions and     20 interactions(1-4)
 NBONDS: found     3353 intra-atom interactions
 --------------- cycle=    53 --------------------------------------------------
 | Etotal =-88.098    grad(E)=0.349      E(VDW )=-15.509    E(ELEC)=-72.589    |
 -------------------------------------------------------------------------------
 NBONDS: generating intra-molecular exclusion list with mode= 5
 MAKINB: mode   5 found     10 exclusions and     20 interactions(1-4)
 NBONDS: found     3725 intra-atom interactions
 --------------- cycle=    54 --------------------------------------------------
 | Etotal =-95.112    grad(E)=0.314      E(VDW )=-13.199    E(ELEC)=-81.913    |
 -------------------------------------------------------------------------------
 NBONDS: generating intra-molecular exclusion list with mode= 5
 MAKINB: mode   5 found     10 exclusions and     20 interactions(1-4)
 NBONDS: found     5762 intra-atom interactions
 --------------- cycle=    55 --------------------------------------------------
 | Etotal =-103.788   grad(E)=0.242      E(VDW )=-22.731    E(ELEC)=-81.056    |
 -------------------------------------------------------------------------------
 NBONDS: generating intra-molecular exclusion list with mode= 5
 MAKINB: mode   5 found     10 exclusions and     20 interactions(1-4)
 NBONDS: found     6379 intra-atom interactions
 --------------- cycle=    56 --------------------------------------------------
 | Etotal =-97.589    grad(E)=0.197      E(VDW )=-26.283    E(ELEC)=-71.307    |
 -------------------------------------------------------------------------------
 NBONDS: generating intra-molecular exclusion list with mode= 5
 MAKINB: mode   5 found     10 exclusions and     20 interactions(1-4)
 NBONDS: found     5517 intra-atom interactions
 --------------- cycle=    57 --------------------------------------------------
 | Etotal =-101.957   grad(E)=0.179      E(VDW )=-20.568    E(ELEC)=-81.389    |
 -------------------------------------------------------------------------------
 NBONDS: generating intra-molecular exclusion list with mode= 5
 MAKINB: mode   5 found     10 exclusions and     20 interactions(1-4)
 NBONDS: found     5815 intra-atom interactions
 --------------- cycle=    58 --------------------------------------------------
 | Etotal =-80.129    grad(E)=0.557      E(VDW )=-16.516    E(ELEC)=-63.613    |
 -------------------------------------------------------------------------------
 NBONDS: generating intra-molecular exclusion list with mode= 5
 MAKINB: mode   5 found     10 exclusions and     20 interactions(1-4)
 NBONDS: found     5360 intra-atom interactions
 --------------- cycle=    59 --------------------------------------------------
 | Etotal =-168.331   grad(E)=0.594      E(VDW )=-4.944     E(ELEC)=-163.387   |
 -------------------------------------------------------------------------------
 NBONDS: generating intra-molecular exclusion list with mode= 5
 MAKINB: mode   5 found     10 exclusions and     20 interactions(1-4)
 NBONDS: found     4679 intra-atom interactions
 --------------- cycle=    60 --------------------------------------------------
 | Etotal =-80.179    grad(E)=0.213      E(VDW )=-12.717    E(ELEC)=-67.461    |
 -------------------------------------------------------------------------------
 NBONDS: generating intra-molecular exclusion list with mode= 5
 MAKINB: mode   5 found     10 exclusions and     20 interactions(1-4)
 NBONDS: found     2906 intra-atom interactions
 --------------- cycle=    61 --------------------------------------------------
 | Etotal =-76.846    grad(E)=0.211      E(VDW )=-6.527     E(ELEC)=-70.319    |
 -------------------------------------------------------------------------------
 NBONDS: generating intra-molecular exclusion list with mode= 5
 MAKINB: mode   5 found     10 exclusions and     20 interactions(1-4)
 NBONDS: found     2058 intra-atom interactions
 --------------- cycle=    62 --------------------------------------------------
 | Etotal =-69.345    grad(E)=0.154      E(VDW )=-7.587     E(ELEC)=-61.758    |
 -------------------------------------------------------------------------------
 NBONDS: generating intra-molecular exclusion list with mode= 5
 MAKINB: mode   5 found     10 exclusions and     20 interactions(1-4)
 NBONDS: found      847 intra-atom interactions
 --------------- cycle=    63 --------------------------------------------------
 | Etotal =-61.508    grad(E)=0.108      E(VDW )=-3.893     E(ELEC)=-57.615    |
 -------------------------------------------------------------------------------
 NBONDS: generating intra-molecular exclusion list with mode= 5
 MAKINB: mode   5 found     10 exclusions and     20 interactions(1-4)
 NBONDS: found      703 intra-atom interactions
 --------------- cycle=    64 --------------------------------------------------
 | Etotal =-65.888    grad(E)=0.106      E(VDW )=-3.250     E(ELEC)=-62.639    |
 -------------------------------------------------------------------------------
 NBONDS: generating intra-molecular exclusion list with mode= 5
 MAKINB: mode   5 found     10 exclusions and     20 interactions(1-4)
 NBONDS: found     1918 intra-atom interactions
 --------------- cycle=    65 --------------------------------------------------
 | Etotal =-78.153    grad(E)=0.252      E(VDW )=-1.809     E(ELEC)=-76.343    |
 -------------------------------------------------------------------------------
 NBONDS: generating intra-molecular exclusion list with mode= 5
 MAKINB: mode   5 found     10 exclusions and     20 interactions(1-4)
 NBONDS: found     1052 intra-atom interactions
 --------------- cycle=    66 --------------------------------------------------
 | Etotal =-66.605    grad(E)=0.142      E(VDW )=-5.483     E(ELEC)=-61.121    |
 -------------------------------------------------------------------------------
 NBONDS: generating intra-molecular exclusion list with mode= 5
 MAKINB: mode   5 found     10 exclusions and     20 interactions(1-4)
 NBONDS: found     3516 intra-atom interactions
 --------------- cycle=    67 --------------------------------------------------
 | Etotal =-65.644    grad(E)=0.216      E(VDW )=-8.424     E(ELEC)=-57.220    |
 -------------------------------------------------------------------------------
 NBONDS: generating intra-molecular exclusion list with mode= 5
 MAKINB: mode   5 found     10 exclusions and     20 interactions(1-4)
 NBONDS: found     3098 intra-atom interactions
 --------------- cycle=    68 --------------------------------------------------
 | Etotal =-94.875    grad(E)=0.218      E(VDW )=-10.921    E(ELEC)=-83.955    |
 -------------------------------------------------------------------------------
 NBONDS: generating intra-molecular exclusion list with mode= 5
 MAKINB: mode   5 found     13 exclusions and     27 interactions(1-4)
 NBONDS: found     2225 intra-atom interactions
 --------------- cycle=    69 --------------------------------------------------
 | Etotal =-71.096    grad(E)=0.224      E(VDW )=-10.831    E(ELEC)=-60.265    |
 -------------------------------------------------------------------------------
 NBONDS: generating intra-molecular exclusion list with mode= 5
 MAKINB: mode   5 found     10 exclusions and     20 interactions(1-4)
 NBONDS: found     5716 intra-atom interactions
 --------------- cycle=    70 --------------------------------------------------
 | Etotal =-85.387    grad(E)=0.143      E(VDW )=-25.159    E(ELEC)=-60.228    |
 -------------------------------------------------------------------------------
 NBONDS: generating intra-molecular exclusion list with mode= 5
 MAKINB: mode   5 found     10 exclusions and     23 interactions(1-4)
 NBONDS: found     3767 intra-atom interactions
 --------------- cycle=    71 --------------------------------------------------
 | Etotal =-79.703    grad(E)=0.181      E(VDW )=-12.571    E(ELEC)=-67.132    |
 -------------------------------------------------------------------------------
 NBONDS: generating intra-molecular exclusion list with mode= 5
 MAKINB: mode   5 found     10 exclusions and     23 interactions(1-4)
 NBONDS: found     3964 intra-atom interactions
 --------------- cycle=    72 --------------------------------------------------
 | Etotal =-79.065    grad(E)=0.564      E(VDW )=-7.828     E(ELEC)=-71.237    |
 -------------------------------------------------------------------------------
 NBONDS: generating intra-molecular exclusion list with mode= 5
 MAKINB: mode   5 found     10 exclusions and     20 interactions(1-4)
 NBONDS: found     4587 intra-atom interactions
 --------------- cycle=    73 --------------------------------------------------
 | Etotal =-84.035    grad(E)=0.129      E(VDW )=-18.143    E(ELEC)=-65.892    |
 -------------------------------------------------------------------------------
 NBONDS: generating intra-molecular exclusion list with mode= 5
 MAKINB: mode   5 found     10 exclusions and     20 interactions(1-4)
 NBONDS: found     4733 intra-atom interactions
 --------------- cycle=    74 --------------------------------------------------
 | Etotal =-140.567   grad(E)=0.398      E(VDW )=-16.528    E(ELEC)=-124.039   |
 -------------------------------------------------------------------------------
 NBONDS: generating intra-molecular exclusion list with mode= 5
 MAKINB: mode   5 found     10 exclusions and     20 interactions(1-4)
 NBONDS: found     2650 intra-atom interactions
 --------------- cycle=    75 --------------------------------------------------
 | Etotal =-71.215    grad(E)=0.155      E(VDW )=-8.284     E(ELEC)=-62.931    |
 -------------------------------------------------------------------------------
 NBONDS: generating intra-molecular exclusion list with mode= 5
 MAKINB: mode   5 found     10 exclusions and     20 interactions(1-4)
 NBONDS: found     6621 intra-atom interactions
 --------------- cycle=    76 --------------------------------------------------
 | Etotal =-112.153   grad(E)=0.297      E(VDW )=-24.516    E(ELEC)=-87.638    |
 -------------------------------------------------------------------------------
 NBONDS: generating intra-molecular exclusion list with mode= 5
 MAKINB: mode   5 found     10 exclusions and     20 interactions(1-4)
 NBONDS: found     2071 intra-atom interactions
 --------------- cycle=    77 --------------------------------------------------
 | Etotal =-92.909    grad(E)=0.187      E(VDW )=-8.748     E(ELEC)=-84.160    |
 -------------------------------------------------------------------------------
 NBONDS: generating intra-molecular exclusion list with mode= 5
 MAKINB: mode   5 found     10 exclusions and     20 interactions(1-4)
 NBONDS: found     6566 intra-atom interactions
 --------------- cycle=    78 --------------------------------------------------
 | Etotal =-102.935   grad(E)=0.319      E(VDW )=-25.774    E(ELEC)=-77.162    |
 -------------------------------------------------------------------------------
 NBONDS: generating intra-molecular exclusion list with mode= 5
 MAKINB: mode   5 found     10 exclusions and     23 interactions(1-4)
 NBONDS: found     4456 intra-atom interactions
 --------------- cycle=    79 --------------------------------------------------
 | Etotal =-80.791    grad(E)=0.172      E(VDW )=-17.300    E(ELEC)=-63.491    |
 -------------------------------------------------------------------------------
 NBONDS: generating intra-molecular exclusion list with mode= 5
 MAKINB: mode   5 found     10 exclusions and     23 interactions(1-4)
 NBONDS: found     2804 intra-atom interactions
 --------------- cycle=    80 --------------------------------------------------
 | Etotal =-76.874    grad(E)=0.142      E(VDW )=-9.979     E(ELEC)=-66.895    |
 -------------------------------------------------------------------------------
 NBONDS: generating intra-molecular exclusion list with mode= 5
 MAKINB: mode   5 found     10 exclusions and     20 interactions(1-4)
 NBONDS: found     3272 intra-atom interactions
 --------------- cycle=    81 --------------------------------------------------
 | Etotal =-93.295    grad(E)=0.229      E(VDW )=-8.787     E(ELEC)=-84.508    |
 -------------------------------------------------------------------------------
 NBONDS: generating intra-molecular exclusion list with mode= 5
 MAKINB: mode   5 found     10 exclusions and     20 interactions(1-4)
 NBONDS: found     4019 intra-atom interactions
 --------------- cycle=    82 --------------------------------------------------
 | Etotal =-94.706    grad(E)=0.256      E(VDW )=-15.040    E(ELEC)=-79.666    |
 -------------------------------------------------------------------------------
 NBONDS: generating intra-molecular exclusion list with mode= 5
 MAKINB: mode   5 found     10 exclusions and     20 interactions(1-4)
 NBONDS: found     1817 intra-atom interactions
 --------------- cycle=    83 --------------------------------------------------
 | Etotal =-71.726    grad(E)=0.246      E(VDW )=-0.052     E(ELEC)=-71.674    |
 -------------------------------------------------------------------------------
 NBONDS: generating intra-molecular exclusion list with mode= 5
 MAKINB: mode   5 found     10 exclusions and     20 interactions(1-4)
 NBONDS: found     2787 intra-atom interactions
 --------------- cycle=    84 --------------------------------------------------
 | Etotal =-69.767    grad(E)=0.189      E(VDW )=-5.376     E(ELEC)=-64.391    |
 -------------------------------------------------------------------------------
 NBONDS: generating intra-molecular exclusion list with mode= 5
 MAKINB: mode   5 found     10 exclusions and     20 interactions(1-4)
 NBONDS: found     1563 intra-atom interactions
 --------------- cycle=    85 --------------------------------------------------
 | Etotal =-78.248    grad(E)=0.209      E(VDW )=-3.563     E(ELEC)=-74.684    |
 -------------------------------------------------------------------------------
 NBONDS: generating intra-molecular exclusion list with mode= 5
 MAKINB: mode   5 found     10 exclusions and     20 interactions(1-4)
 NBONDS: found     5334 intra-atom interactions
 --------------- cycle=    86 --------------------------------------------------
 | Etotal =-102.740   grad(E)=0.225      E(VDW )=-22.745    E(ELEC)=-79.995    |
 -------------------------------------------------------------------------------
 NBONDS: generating intra-molecular exclusion list with mode= 5
 MAKINB: mode   5 found     10 exclusions and     23 interactions(1-4)
 NBONDS: found     4436 intra-atom interactions
 --------------- cycle=    87 --------------------------------------------------
 | Etotal =-119.453   grad(E)=0.274      E(VDW )=-20.686    E(ELEC)=-98.767    |
 -------------------------------------------------------------------------------
 HEAP: maximum use      =    22476432 current use      =       96000 bytes
 HEAP: maximum overhead =        2816 current overhead =         752 bytes
          ============================================================
           Maximum dynamic memory allocation:    22476432 bytes
           Maximum dynamic memory overhead:          2816 bytes
           Program started at: 18:18:23 on 10-Jun-2020
           Program stopped at: 18:18:49 on 10-Jun-2020
           CPU time used:      25.8438 seconds
          ============================================================
