          ============================================================
          |                                                          |
          |            Crystallography & NMR System (CNS)            |
          |                         CNSsolve                         |
          |                                                          |
          ============================================================
           Version: 1.3 at patch level U
           Status: Special UU release with Rg and paramagnetic
                   restraints (A. Bonvin, UU 2011)
          ============================================================
           Written by: A.T.Brunger, P.D.Adams, G.M.Clore, W.L.DeLano,
                       P.Gros, R.W.Grosse-Kunstleve,J.-S.Jiang,J.M.Krahn,
                       J.Kuszewski, M.Nilges, N.S.Pannu, R.J.Read,
                       L.M.Rice, G.F.Schroeder, T.Simonson, G.L.Warren.
           Copyright (c) 1997-2010 Yale University
          ============================================================
           Running on machine: hostname unknown (x86_64/Linux,64-bit)
           Program started by: joaor
           Program started at: 20:05:49 on 10-Jun-2020
          ============================================================

 FFT3C: Using FFTPACK4.1

 CNSsolve>! 
 CNSsolve>! Calculates pairwise energies between residues 
 CNSsolve>! Will only rebuild hydrogen atoms 
 CNSsolve>! 
 CNSsolve>! Adapted from HADDOCK protocols here and there. 
 CNSsolve>! JR & AMJJB @ 2020 
 CNSsolve>! 
 CNSsolve>define( 
 DEFINE>    {===>} auto_break=true; 
 DEFINE>    {===>} break_cutoff=2.5; 
 DEFINE>    {===>} dnaauto_break=true; 
 DEFINE>    {===>} dbreak_cutoff=4.5; 
 DEFINE>    {===>} auto_cispro=true; 
 DEFINE>    {===>} auto_disu=true; 
 DEFINE>    {===>} disulphide_dist=3.0; 
 DEFINE>    {===>} glyco_dist=2.75; 
 DEFINE>    {===>} coorin="molecule.pdb"; 
 DEFINE>    {===>} icutoff=5.0; 
 DEFINE>) 
 CNSsolve> 
 CNSsolve>! Mute (most) output 
 CNSsolve>set message=on echo=off end 
 ASSFIL: file merged.param opened.
 MESSage=NORM
 EVALUATE: symbol $OLD_MESSAGE set to "NORM" (string)
 ECHO=FALSe {OFF}
 EVALUATE: symbol $OLD_ECHO set to FALSE (logical)
 %PARRDR-info: duplication of bond HC   NC2 
 %PARRDR-info: duplication of angle CH2E C    NH1 
 %PARRDR-info: duplication of angle CH2P CH2E HA  
 ASSFIL: file merged.top opened.
 MESSage=NORM
 EVALUATE: symbol $OLD_MESSAGE set to "NORM" (string)
 ECHO=FALSe {OFF}
 EVALUATE: symbol $OLD_ECHO set to FALSE (logical)
 %RTFIO-warning: undefined masses in residue CYC 
 %RTFIO error encountered: there are undefined masses.
   (CNS is in mode: SET ABORT=NORMal END)
 MESSage=NORM
 EVALUATE: symbol $OLD_MESSAGE set to "NORM" (string)
 ECHO=FALSe {OFF}
 EVALUATE: symbol $OLD_ECHO set to FALSE (logical)
 ASSFIL: file protein_break.top opened.
 %RTFRDR-ERR: duplicate (P-)RESIdue name DPEP
 %RTFRDR-ERR: duplicate (P-)RESIdue name DPPP
 RTFRDR> 
 RTFRDR>end 
 CNSsolve> 
 CNSsolve>! Reset output muting 
 CNSsolve>set message=off echo=off end 
FOUND 4 NAG:ASN pairs
NAG:ASN bond added from   B    901  to   B    53  
NAG:ASN bond added from   B    907  to   B    322 
NAG:ASN bond added from   B    910  to   B    546 
NAG:ASN bond added from   E    1401 to   E    343 
FOUND 4 NAG:NAG pairs
NAG:NAG B14 bond added from   B    902  to   B    901 
NAG:NAG B14 bond added from   B    911  to   B    910 
NAG:NAG B14 bond added from   E    1402 to   E    1401
NAG:NAG B14 bond added from   E    1403 to   E    1402
 %PARRDR-info: duplication of bond HC   NC2 
 %PARRDR-info: duplication of angle CH2E C    NH1 
 %PARRDR-info: duplication of angle CH2P CH2E HA  
 POWELL: number of degrees of freedom= 13701
 NBONDS: generating intra-molecular exclusion list with mode=-2
 MAKINB: mode  -2 found   4567 exclusions and      0 interactions(1-4)
 %atoms "B   -35  -ARG -HB2 " and "B   -35  -ARG -HG1 " only  0.04 A apart
 %atoms "B   -179 -LEU -HA  " and "B   -179 -LEU -HD13" only  0.05 A apart
 %atoms "B   -351 -LEU -HD11" and "B   -351 -LEU -HD12" only  0.08 A apart
 %atoms "B   -463 -VAL -HB  " and "B   -463 -VAL -HG13" only  0.08 A apart
 %atoms "B   -488 -VAL -HA  " and "B   -488 -VAL -HG23" only  0.10 A apart
 %atoms "B   -570 -LEU -CB  " and "B   -570 -LEU -HD21" only  0.09 A apart
 %atoms "B   -590 -PRO -HB2 " and "B   -590 -PRO -HD1 " only  0.07 A apart
 NBONDS: found   685207 intra-atom interactions
 NBONDS: found        7 nonbonded violations
 %atoms "B   -35  -ARG -HB2 " and "B   -35  -ARG -HG1 " only  0.06 A apart
 %atoms "B   -321 -PHE -HD2 " and "B   -321 -PHE -HE1 " only  0.10 A apart
 %atoms "B   -463 -VAL -HB  " and "B   -463 -VAL -HG13" only  0.01 A apart
 %atoms "B   -503 -LEU -HB2 " and "B   -503 -LEU -HD23" only  0.10 A apart
 %atoms "E   -384 -PRO -HG1 " and "E   -384 -PRO -HD1 " only  0.10 A apart
 NBONDS: found   685650 intra-atom interactions
 NBONDS: found        5 nonbonded violations
 %atoms "B   -321 -PHE -HD1 " and "B   -321 -PHE -HZ  " only  0.10 A apart
 %atoms "B   -361 -CYS -CA  " and "B   -361 -CYS -HB1 " only  0.09 A apart
 NBONDS: found   684618 intra-atom interactions
 NBONDS: found        2 nonbonded violations
 NBONDS: found   681352 intra-atom interactions
 %atoms "B   -461 -TRP -HZ2 " and "B   -461 -TRP -CH2 " only  0.09 A apart
 NBONDS: found   678899 intra-atom interactions
 NBONDS: found        1 nonbonded violations
 NBONDS: found   677896 intra-atom interactions
 --------------- cycle=    10 ------ stepsize=   -0.0000 -----------------------
 | Etotal =0.33E+07   grad(E)=581.421    E(BOND)=513410.274 E(ANGL)=0.16E+07   |
 | E(VDW )=0.12E+07                                                            |
 -------------------------------------------------------------------------------
 NBONDS: found   678015 intra-atom interactions
 NBONDS: found   678011 intra-atom interactions
 NBONDS: found   678250 intra-atom interactions
 NBONDS: found   678300 intra-atom interactions
 --------------- cycle=    20 ------ stepsize=   -0.0000 -----------------------
 | Etotal =0.13E+07   grad(E)=305.320    E(BOND)=237059.780 E(ANGL)=514263.916 |
 | E(VDW )=510468.534                                                          |
 -------------------------------------------------------------------------------
 NBONDS: found   678719 intra-atom interactions
 NBONDS: found   678768 intra-atom interactions
 NBONDS: found   678973 intra-atom interactions
 --------------- cycle=    30 ------ stepsize=   -0.0000 -----------------------
 | Etotal =0.10E+07   grad(E)=248.425    E(BOND)=189803.253 E(ANGL)=373421.974 |
 | E(VDW )=440984.192                                                          |
 -------------------------------------------------------------------------------
 NBONDS: found   678910 intra-atom interactions
 NBONDS: found   678905 intra-atom interactions
 NBONDS: found   678913 intra-atom interactions
 --------------- cycle=    40 ------ stepsize=   -0.0000 -----------------------
 | Etotal =948584.761 grad(E)=239.291    E(BOND)=185119.393 E(ANGL)=341339.344 |
 | E(VDW )=422126.023                                                          |
 -------------------------------------------------------------------------------
 NBONDS: found   679165 intra-atom interactions
 NBONDS: found   679221 intra-atom interactions
 --------------- cycle=    50 ------ stepsize=    0.0000 -----------------------
 | Etotal =931966.440 grad(E)=237.091    E(BOND)=185036.775 E(ANGL)=332567.912 |
 | E(VDW )=414361.752                                                          |
 -------------------------------------------------------------------------------
 POWELL: STEP number limit. Normal termination
 POWELL: Current coordinates set to last minimum
 DCART: temperature coupling (TCOUpling) enabled
 -------------------------- Cartesian dynamics start ---------------------------
 | E(kin)+E(total)=0.34E+07        E(kin)=4140.763      temperature=304.172    |
 | Etotal =0.34E+07   grad(E)=575.594    E(BOND)=185036.775 E(ANGL)=332567.912 |
 | E(IMPR)=0.29E+07                                                            |
 -------------------------------------------------------------------------------
 ----------------- final step=       50 at      0.02500 ps ---------------------
 | E(kin)+E(total)=0.22E+07        E(kin)=442621.120    temperature=32513.989  |
 | Etotal =0.18E+07   grad(E)=327.860    E(BOND)=199786.441 E(ANGL)=817311.890 |
 | E(IMPR)=746905.024                                                          |
 -------------------------------------------------------------------------------
 CENMAS: Information about center of free masses
         position [A]          :     -0.80965     -0.06575     -0.32354
         velocity [A/ps]       :      0.34394     -0.89540     -1.26211
         ang. mom. [amu A/ps]  :  -2490.29869*************1057686.04766
         kin. ener. [Kcal/mol] :    274.30002
 POWELL: number of degrees of freedom= 13701
 NBONDS: found   677337 intra-atom interactions
 NBONDS: found   676080 intra-atom interactions
 NBONDS: found   676254 intra-atom interactions
 NBONDS: found   677108 intra-atom interactions
 --------------- cycle=    10 ------ stepsize=   -0.0001 -----------------------
 | Etotal =0.18E+07   grad(E)=267.779    E(BOND)=230952.342 E(ANGL)=436069.806 |
 | E(IMPR)=658101.490 E(VDW )=484715.426                                       |
 -------------------------------------------------------------------------------
 NBONDS: found   677720 intra-atom interactions
 NBONDS: found   677973 intra-atom interactions
 NBONDS: found   678174 intra-atom interactions
 NBONDS: found   678111 intra-atom interactions
 --------------- cycle=    20 ------ stepsize=   -0.0001 -----------------------
 | Etotal =0.13E+07   grad(E)=146.878    E(BOND)=182564.677 E(ANGL)=168835.601 |
 | E(IMPR)=551121.041 E(VDW )=351967.670                                       |
 -------------------------------------------------------------------------------
 NBONDS: found   678184 intra-atom interactions
 NBONDS: found   678313 intra-atom interactions
 NBONDS: found   678370 intra-atom interactions
 --------------- cycle=    30 ------ stepsize=    0.0000 -----------------------
 | Etotal =0.12E+07   grad(E)=121.708    E(BOND)=167785.392 E(ANGL)=137293.354 |
 | E(IMPR)=537516.576 E(VDW )=331961.899                                       |
 -------------------------------------------------------------------------------
 NBONDS: found   678371 intra-atom interactions
 NBONDS: found   678466 intra-atom interactions
 NBONDS: found   678334 intra-atom interactions
 --------------- cycle=    40 ------ stepsize=   -0.0001 -----------------------
 | Etotal =0.11E+07   grad(E)=114.113    E(BOND)=166236.654 E(ANGL)=127804.378 |
 | E(IMPR)=529570.417 E(VDW )=323938.126                                       |
 -------------------------------------------------------------------------------
 NBONDS: found   678244 intra-atom interactions
 NBONDS: found   678291 intra-atom interactions
 --------------- cycle=    50 ------ stepsize=   -0.0002 -----------------------
 | Etotal =0.11E+07   grad(E)=113.366    E(BOND)=166584.717 E(ANGL)=125415.754 |
 | E(IMPR)=524560.150 E(VDW )=320316.829                                       |
 -------------------------------------------------------------------------------
 POWELL: STEP number limit. Normal termination
 POWELL: Current coordinates set to last minimum
 DCART: temperature coupling (TCOUpling) enabled
 -------------------------- Cartesian dynamics start ---------------------------
 | E(kin)+E(total)=0.11E+07        E(kin)=4079.370      temperature=299.662    |
 | Etotal =0.11E+07   grad(E)=113.366    E(BOND)=166584.717 E(ANGL)=125415.754 |
 | E(IMPR)=524560.150 E(VDW )=320316.829                                       |
 -------------------------------------------------------------------------------
 NBONDS: found   678349 intra-atom interactions
 NBONDS: found   678384 intra-atom interactions
 NBONDS: found   678351 intra-atom interactions
 ----------------- final step=       50 at      0.02500 ps ---------------------
 | E(kin)+E(total)=0.11E+07        E(kin)=7590.593      temperature=557.589    |
 | Etotal =0.11E+07   grad(E)=115.436    E(BOND)=168122.238 E(ANGL)=122901.095 |
 | E(IMPR)=520372.946 E(VDW )=318809.627                                       |
 -------------------------------------------------------------------------------
 CENMAS: Information about center of free masses
         position [A]          :     -0.80659     -0.07794     -0.31965
         velocity [A/ps]       :      0.17218     -0.07775      0.04621
         ang. mom. [amu A/ps]  :   4526.45993 205794.90958-177240.60571
         kin. ener. [Kcal/mol] :      4.12875
 %PARRDR-info: duplication of bond HC   NC2 
 %PARRDR-info: duplication of angle CH2E C    NH1 
 %PARRDR-info: duplication of angle CH2P CH2E HA  
 POWELL: number of degrees of freedom= 13701
 NBONDS: generating intra-molecular exclusion list with mode=-3
 MAKINB: mode  -3 found  15590 exclusions and      0 interactions(1-4)
 NBONDS: found   667275 intra-atom interactions
 NBONDS: found   668864 intra-atom interactions
 NBONDS: found   668689 intra-atom interactions
 NBONDS: found   668713 intra-atom interactions
 NBONDS: found   669093 intra-atom interactions
 NBONDS: found   669192 intra-atom interactions
 --------------- cycle=    25 ------ stepsize=   -0.0001 -----------------------
 | Etotal =300466.648 grad(E)=138.968    E(BOND)=46028.661  E(ANGL)=145137.400 |
 | E(IMPR)=106783.796 E(VDW )=2516.791                                         |
 -------------------------------------------------------------------------------
 NBONDS: found   669355 intra-atom interactions
 NBONDS: found   669514 intra-atom interactions
 NBONDS: found   669348 intra-atom interactions
 NBONDS: found   669195 intra-atom interactions
 NBONDS: found   669341 intra-atom interactions
 NBONDS: found   669372 intra-atom interactions
 NBONDS: found   669275 intra-atom interactions
 NBONDS: found   669367 intra-atom interactions
 --------------- cycle=    50 ------ stepsize=    0.0005 -----------------------
 | Etotal =34402.628  grad(E)=38.162     E(BOND)=1822.352   E(ANGL)=21172.626  |
 | E(IMPR)=10535.220  E(VDW )=872.429                                          |
 -------------------------------------------------------------------------------
 NBONDS: found   669330 intra-atom interactions
 NBONDS: found   669316 intra-atom interactions
 NBONDS: found   669244 intra-atom interactions
 NBONDS: found   669216 intra-atom interactions
 --------------- cycle=    75 ------ stepsize=   -0.0003 -----------------------
 | Etotal =5656.488   grad(E)=12.160     E(BOND)=229.387    E(ANGL)=2524.437   |
 | E(IMPR)=2279.712   E(VDW )=622.952                                          |
 -------------------------------------------------------------------------------
 NBONDS: found   669203 intra-atom interactions
 NBONDS: found   669250 intra-atom interactions
 --------------- cycle=   100 ------ stepsize=    0.0016 -----------------------
 | Etotal =1071.344   grad(E)=5.694      E(BOND)=17.245     E(ANGL)=436.195    |
 | E(IMPR)=34.859     E(VDW )=583.045                                          |
 -------------------------------------------------------------------------------
 POWELL: STEP number limit. Normal termination
 POWELL: Current coordinates set to last minimum
 DCART: temperature coupling (TCOUpling) enabled
 -------------------------- Cartesian dynamics start ---------------------------
 | E(kin)+E(total)=5108.635        E(kin)=4037.290      temperature=296.571    |
 | Etotal =1071.344   grad(E)=5.694      E(BOND)=17.245     E(ANGL)=436.195    |
 | E(IMPR)=34.859     E(VDW )=583.045                                          |
 -------------------------------------------------------------------------------
 NBONDS: found   669094 intra-atom interactions
 NBONDS: found   669128 intra-atom interactions
 NBONDS: found   669221 intra-atom interactions
 ----------------- final step=      500 at      0.25000 ps ---------------------
 | E(kin)+E(total)=8336.521        E(kin)=4548.855      temperature=334.149    |
 | Etotal =3787.666   grad(E)=24.450     E(BOND)=665.448    E(ANGL)=2120.887   |
 | E(IMPR)=294.072    E(VDW )=707.259                                          |
 -------------------------------------------------------------------------------
 CENMAS: Information about center of free masses
         position [A]          :     -0.80667     -0.08027     -0.32108
         velocity [A/ps]       :     -0.02913      0.04806      0.06947
         ang. mom. [amu A/ps]  :   7890.01133  38462.65584 -31475.46787
         kin. ener. [Kcal/mol] :      0.87147
 EFLAGS: the following energy flags are set
 EFLAGS: BOND ANGL DIHE IMPR VDW 
 %PARRDR-info: duplication of bond HC   NC2 
 %PARRDR-info: duplication of angle CH2E C    NH1 
 %PARRDR-info: duplication of angle CH2P CH2E HA  
 POWELL: number of degrees of freedom= 13701
 NBONDS: generating intra-molecular exclusion list with mode=-3
 MAKINB: mode  -3 found  15590 exclusions and      0 interactions(1-4)
 NBONDS: found   669120 intra-atom interactions
 NBONDS: found   668956 intra-atom interactions
 --------------- cycle=    50 ------ stepsize=    0.0010 -----------------------
 | Etotal =13634.877  grad(E)=13.625     E(BOND)=235.956    E(ANGL)=1176.300   |
 | E(DIHE)=212.235    E(IMPR)=94.073     E(VDW )=11916.314                     |
 -------------------------------------------------------------------------------
 NBONDS: found   668979 intra-atom interactions
 --------------- cycle=   100 ------ stepsize=    0.0012 -----------------------
 | Etotal =13183.952  grad(E)=13.343     E(BOND)=232.365    E(ANGL)=1144.450   |
 | E(DIHE)=180.280    E(IMPR)=91.879     E(VDW )=11534.978                     |
 -------------------------------------------------------------------------------
 NBONDS: found   668995 intra-atom interactions
 --------------- cycle=   150 ------ stepsize=    0.0011 -----------------------
 | Etotal =13095.889  grad(E)=13.318     E(BOND)=231.468    E(ANGL)=1138.745   |
 | E(DIHE)=167.991    E(IMPR)=90.360     E(VDW )=11467.326                     |
 -------------------------------------------------------------------------------
 NBONDS: found   669028 intra-atom interactions
 --------------- cycle=   200 ------ stepsize=    0.0011 -----------------------
 | Etotal =13070.273  grad(E)=13.311     E(BOND)=231.310    E(ANGL)=1138.223   |
 | E(DIHE)=163.502    E(IMPR)=89.931     E(VDW )=11447.306                     |
 -------------------------------------------------------------------------------
 --------------- cycle=   250 ------ stepsize=    0.0012 -----------------------
 | Etotal =13064.405  grad(E)=13.311     E(BOND)=231.083    E(ANGL)=1138.406   |
 | E(DIHE)=162.234    E(IMPR)=89.829     E(VDW )=11442.853                     |
 -------------------------------------------------------------------------------
 NBONDS: found   669053 intra-atom interactions
 --------------- cycle=   300 ------ stepsize=    0.0013 -----------------------
 | Etotal =13063.560  grad(E)=13.307     E(BOND)=231.203    E(ANGL)=1137.680   |
 | E(DIHE)=162.134    E(IMPR)=89.953     E(VDW )=11442.591                     |
 -------------------------------------------------------------------------------
 --------------- cycle=   350 ------ stepsize=    0.0012 -----------------------
 | Etotal =13063.485  grad(E)=13.308     E(BOND)=231.171    E(ANGL)=1137.693   |
 | E(DIHE)=162.299    E(IMPR)=89.995     E(VDW )=11442.326                     |
 -------------------------------------------------------------------------------
 --------------- cycle=   400 ------ stepsize=    0.0012 -----------------------
 | Etotal =13063.480  grad(E)=13.308     E(BOND)=231.156    E(ANGL)=1137.697   |
 | E(DIHE)=162.282    E(IMPR)=90.010     E(VDW )=11442.334                     |
 -------------------------------------------------------------------------------
 POWELL: Gradient converged. Normal termination
 POWELL: Current coordinates set to last minimum
 DCART: temperature coupling (TCOUpling) enabled
 -------------------------- Cartesian dynamics start ---------------------------
 | E(kin)+E(total)=17089.901       E(kin)=4026.422      temperature=295.772    |
 | Etotal =13063.480  grad(E)=13.308     E(BOND)=231.156    E(ANGL)=1137.694   |
 | E(DIHE)=162.282    E(IMPR)=90.012     E(VDW )=11442.334                     |
 -------------------------------------------------------------------------------
 ----------------- final step=      500 at      0.25000 ps ---------------------
 | E(kin)+E(total)=21273.539       E(kin)=4178.172      temperature=306.919    |
 | Etotal =17095.368  grad(E)=31.860     E(BOND)=1321.037   E(ANGL)=3382.708   |
 | E(DIHE)=181.871    E(IMPR)=433.628    E(VDW )=11776.123                     |
 -------------------------------------------------------------------------------
 CENMAS: Information about center of free masses
         position [A]          :     -0.80618     -0.08016     -0.32085
         velocity [A/ps]       :      0.14085      0.15778     -0.08335
         ang. mom. [amu A/ps]  :  29300.08636  13924.92432 -30690.44761
         kin. ener. [Kcal/mol] :      0.28430
 POWELL: number of degrees of freedom= 13701
 --------------- cycle=    50 ------ stepsize=    0.0010 -----------------------
 | Etotal =13075.137  grad(E)=13.323     E(BOND)=231.317    E(ANGL)=1139.661   |
 | E(DIHE)=165.197    E(IMPR)=89.864     E(VDW )=11449.098                     |
 -------------------------------------------------------------------------------
 --------------- cycle=   100 ------ stepsize=    0.0010 -----------------------
 | Etotal =13067.359  grad(E)=13.313     E(BOND)=231.142    E(ANGL)=1138.607   |
 | E(DIHE)=165.040    E(IMPR)=89.742     E(VDW )=11442.828                     |
 -------------------------------------------------------------------------------
 --------------- cycle=   150 ------ stepsize=    0.0012 -----------------------
 | Etotal =13066.615  grad(E)=13.316     E(BOND)=231.154    E(ANGL)=1138.887   |
 | E(DIHE)=164.978    E(IMPR)=89.774     E(VDW )=11441.823                     |
 -------------------------------------------------------------------------------
 --------------- cycle=   200 ------ stepsize=    0.0012 -----------------------
 | Etotal =13066.576  grad(E)=13.315     E(BOND)=231.165    E(ANGL)=1138.840   |
 | E(DIHE)=164.890    E(IMPR)=89.836     E(VDW )=11441.845                     |
 -------------------------------------------------------------------------------
 --------------- cycle=   250 ------ stepsize=    0.0010 -----------------------
 | Etotal =13066.575  grad(E)=13.315     E(BOND)=231.166    E(ANGL)=1138.839   |
 | E(DIHE)=164.894    E(IMPR)=89.850     E(VDW )=11441.826                     |
 -------------------------------------------------------------------------------
 --------------- cycle=   300 ------ stepsize=    0.0012 -----------------------
 | Etotal =13066.575  grad(E)=13.315     E(BOND)=231.167    E(ANGL)=1138.839   |
 | E(DIHE)=164.893    E(IMPR)=89.850     E(VDW )=11441.826                     |
 -------------------------------------------------------------------------------
 POWELL: Gradient converged. Normal termination
 POWELL: Current coordinates set to last minimum
 POWELL: number of degrees of freedom= 18120
 NBONDS: found   669010 intra-atom interactions
 NBONDS: found   668863 intra-atom interactions
 NBONDS: found   669003 intra-atom interactions
 --------------- cycle=     5 ------ stepsize=    0.0006 -----------------------
 | Etotal =12872.602  grad(E)=13.310     E(BOND)=230.127    E(ANGL)=1139.245   |
 | E(DIHE)=164.900    E(IMPR)=89.865     E(VDW )=11248.466                     |
 -------------------------------------------------------------------------------
 --------------- cycle=    10 ------ stepsize=    0.0010 -----------------------
 | Etotal =12868.307  grad(E)=13.309     E(BOND)=229.683    E(ANGL)=1141.213   |
 | E(DIHE)=164.843    E(IMPR)=89.864     E(VDW )=11242.704                     |
 -------------------------------------------------------------------------------
 --------------- cycle=    15 ------ stepsize=   -0.0004 -----------------------
 | Etotal =12865.934  grad(E)=13.298     E(BOND)=229.208    E(ANGL)=1140.009   |
 | E(DIHE)=164.830    E(IMPR)=89.698     E(VDW )=11242.190                     |
 -------------------------------------------------------------------------------
 --------------- cycle=    20 ------ stepsize=    0.0007 -----------------------
 | Etotal =12865.347  grad(E)=13.300     E(BOND)=229.407    E(ANGL)=1139.639   |
 | E(DIHE)=164.794    E(IMPR)=89.735     E(VDW )=11241.773                     |
 -------------------------------------------------------------------------------
 --------------- cycle=    25 ------ stepsize=    0.0005 -----------------------
 | Etotal =12864.902  grad(E)=13.306     E(BOND)=229.407    E(ANGL)=1140.601   |
 | E(DIHE)=164.717    E(IMPR)=89.707     E(VDW )=11240.471                     |
 -------------------------------------------------------------------------------
 --------------- cycle=    30 ------ stepsize=    0.0014 -----------------------
 | Etotal =12864.433  grad(E)=13.299     E(BOND)=229.452    E(ANGL)=1139.640   |
 | E(DIHE)=164.627    E(IMPR)=89.766     E(VDW )=11240.949                     |
 -------------------------------------------------------------------------------
 --------------- cycle=    35 ------ stepsize=    0.0004 -----------------------
 | Etotal =12864.287  grad(E)=13.299     E(BOND)=229.395    E(ANGL)=1139.775   |
 | E(DIHE)=164.626    E(IMPR)=89.681     E(VDW )=11240.810                     |
 -------------------------------------------------------------------------------
 --------------- cycle=    40 ------ stepsize=    0.0010 -----------------------
 | Etotal =12864.168  grad(E)=13.300     E(BOND)=229.420    E(ANGL)=1139.819   |
 | E(DIHE)=164.549    E(IMPR)=89.750     E(VDW )=11240.630                     |
 -------------------------------------------------------------------------------
 --------------- cycle=    45 ------ stepsize=   -0.0003 -----------------------
 | Etotal =12864.085  grad(E)=13.301     E(BOND)=229.416    E(ANGL)=1140.029   |
 | E(DIHE)=164.474    E(IMPR)=89.692     E(VDW )=11240.474                     |
 -------------------------------------------------------------------------------
 --------------- cycle=    50 ------ stepsize=    0.0009 -----------------------
 | Etotal =12864.025  grad(E)=13.299     E(BOND)=229.433    E(ANGL)=1139.744   |
 | E(DIHE)=164.401    E(IMPR)=89.678     E(VDW )=11240.769                     |
 -------------------------------------------------------------------------------
 POWELL: STEP number limit. Normal termination
 POWELL: Current coordinates set to last minimum
 %PARRDR-info: duplication of bond HC   NC2 
 %PARRDR-info: duplication of angle CH2E C    NH1 
 %PARRDR-info: duplication of angle CH2P CH2E HA  
 POWELL: number of degrees of freedom= 18120
 NBONDS: generating intra-molecular exclusion list with mode= 5
 MAKINB: mode   5 found  17615 exclusions and  17679 interactions(1-4)
 NBONDS: found   885640 intra-atom interactions
 NBONDS: found   885678 intra-atom interactions
 NBONDS: found   885720 intra-atom interactions
 --------------- cycle=    50 ------ stepsize=   -0.0002 -----------------------
 | Etotal =78.574     grad(E)=5.662      E(BOND)=26.553     E(ANGL)=423.517    |
 | E(DIHE)=104.641    E(IMPR)=33.983     E(VDW )=-511.434   E(ELEC)=1.314      |
 -------------------------------------------------------------------------------
 POWELL: STEP number limit. Normal termination
 POWELL: Current coordinates set to last minimum
 --------------- cycle=     1 --------------------------------------------------
 | Etotal =78.574     grad(E)=5.662      E(BOND)=26.553     E(ANGL)=423.517    |
 | E(DIHE)=104.641    E(IMPR)=33.983     E(VDW )=-511.434   E(ELEC)=1.314      |
 -------------------------------------------------------------------------------
 SURFAC: half the sigma value being used for atomic radii.
 SURFAC: ACCEssible surface area
 SURFAC: ACCUracy= 0.07 RH2O=  1.40
         Z-grid=  0.32 number-of-Z-sections=  221
         measures-of-arc= 91888 and150889
 SURFAC: half the sigma value being used for atomic radii.
 SURFAC: ACCEssible surface area
 SURFAC: ACCUracy= 0.07 RH2O=  1.40
         Z-grid=  0.32 number-of-Z-sections=  139
         measures-of-arc= 25736 and 45849
 SURFAC: half the sigma value being used for atomic radii.
 SURFAC: ACCEssible surface area
 SURFAC: ACCUracy= 0.07 RH2O=  1.40
         Z-grid=  0.32 number-of-Z-sections=  221
         measures-of-arc=119458 and196721
 %PARRDR-info: duplication of bond HC   NC2 
 %PARRDR-info: duplication of angle CH2E C    NH1 
 %PARRDR-info: duplication of angle CH2P CH2E HA  
 NBONDS: generating intra-molecular exclusion list with mode= 5
 MAKINB: mode   5 found      5 exclusions and     10 interactions(1-4)
 NBONDS: found     2477 intra-atom interactions
 --------------- cycle=     2 --------------------------------------------------
 | Etotal =-44.508    grad(E)=0.137      E(VDW )=-8.717     E(ELEC)=-35.791    |
 -------------------------------------------------------------------------------
 NBONDS: generating intra-molecular exclusion list with mode= 5
 MAKINB: mode   5 found     10 exclusions and     20 interactions(1-4)
 NBONDS: found     2502 intra-atom interactions
 --------------- cycle=     3 --------------------------------------------------
 | Etotal =-99.719    grad(E)=0.224      E(VDW )=-8.953     E(ELEC)=-90.766    |
 -------------------------------------------------------------------------------
 NBONDS: generating intra-molecular exclusion list with mode= 5
 MAKINB: mode   5 found     10 exclusions and     20 interactions(1-4)
 NBONDS: found     3716 intra-atom interactions
 --------------- cycle=     4 --------------------------------------------------
 | Etotal =-97.771    grad(E)=0.218      E(VDW )=-13.583    E(ELEC)=-84.187    |
 -------------------------------------------------------------------------------
 NBONDS: generating intra-molecular exclusion list with mode= 5
 MAKINB: mode   5 found     10 exclusions and     20 interactions(1-4)
 NBONDS: found     2995 intra-atom interactions
 --------------- cycle=     5 --------------------------------------------------
 | Etotal =-93.272    grad(E)=0.174      E(VDW )=-10.337    E(ELEC)=-82.935    |
 -------------------------------------------------------------------------------
 NBONDS: generating intra-molecular exclusion list with mode= 5
 MAKINB: mode   5 found     10 exclusions and     20 interactions(1-4)
 NBONDS: found     3482 intra-atom interactions
 --------------- cycle=     6 --------------------------------------------------
 | Etotal =-92.884    grad(E)=0.203      E(VDW )=-11.016    E(ELEC)=-81.868    |
 -------------------------------------------------------------------------------
 NBONDS: generating intra-molecular exclusion list with mode= 5
 MAKINB: mode   5 found     10 exclusions and     20 interactions(1-4)
 NBONDS: found     4802 intra-atom interactions
 --------------- cycle=     7 --------------------------------------------------
 | Etotal =-121.999   grad(E)=0.285      E(VDW )=-16.233    E(ELEC)=-105.767   |
 -------------------------------------------------------------------------------
 NBONDS: generating intra-molecular exclusion list with mode= 5
 MAKINB: mode   5 found     10 exclusions and     20 interactions(1-4)
 NBONDS: found     5524 intra-atom interactions
 --------------- cycle=     8 --------------------------------------------------
 | Etotal =-97.476    grad(E)=0.166      E(VDW )=-17.919    E(ELEC)=-79.557    |
 -------------------------------------------------------------------------------
 NBONDS: generating intra-molecular exclusion list with mode= 5
 MAKINB: mode   5 found     10 exclusions and     20 interactions(1-4)
 NBONDS: found     5761 intra-atom interactions
 --------------- cycle=     9 --------------------------------------------------
 | Etotal =-106.318   grad(E)=0.230      E(VDW )=-16.282    E(ELEC)=-90.036    |
 -------------------------------------------------------------------------------
 NBONDS: generating intra-molecular exclusion list with mode= 5
 MAKINB: mode   5 found     10 exclusions and     20 interactions(1-4)
 NBONDS: found     2772 intra-atom interactions
 --------------- cycle=    10 --------------------------------------------------
 | Etotal =-111.545   grad(E)=0.235      E(VDW )=-10.803    E(ELEC)=-100.742   |
 -------------------------------------------------------------------------------
 NBONDS: generating intra-molecular exclusion list with mode= 5
 MAKINB: mode   5 found     10 exclusions and     20 interactions(1-4)
 NBONDS: found     3798 intra-atom interactions
 --------------- cycle=    11 --------------------------------------------------
 | Etotal =-106.410   grad(E)=0.267      E(VDW )=-14.163    E(ELEC)=-92.247    |
 -------------------------------------------------------------------------------
 NBONDS: generating intra-molecular exclusion list with mode= 5
 MAKINB: mode   5 found     10 exclusions and     20 interactions(1-4)
 NBONDS: found     5137 intra-atom interactions
 --------------- cycle=    12 --------------------------------------------------
 | Etotal =-98.881    grad(E)=0.232      E(VDW )=-16.132    E(ELEC)=-82.749    |
 -------------------------------------------------------------------------------
 NBONDS: generating intra-molecular exclusion list with mode= 5
 MAKINB: mode   5 found     10 exclusions and     20 interactions(1-4)
 NBONDS: found     3935 intra-atom interactions
 --------------- cycle=    13 --------------------------------------------------
 | Etotal =-123.965   grad(E)=0.299      E(VDW )=-14.791    E(ELEC)=-109.174   |
 -------------------------------------------------------------------------------
 NBONDS: generating intra-molecular exclusion list with mode= 5
 MAKINB: mode   5 found     10 exclusions and     20 interactions(1-4)
 NBONDS: found     6397 intra-atom interactions
 --------------- cycle=    14 --------------------------------------------------
 | Etotal =-134.256   grad(E)=0.307      E(VDW )=-19.583    E(ELEC)=-114.673   |
 -------------------------------------------------------------------------------
 NBONDS: generating intra-molecular exclusion list with mode= 5
 MAKINB: mode   5 found     10 exclusions and     20 interactions(1-4)
 NBONDS: found     4934 intra-atom interactions
 --------------- cycle=    15 --------------------------------------------------
 | Etotal =-135.270   grad(E)=0.422      E(VDW )=-12.037    E(ELEC)=-123.233   |
 -------------------------------------------------------------------------------
 NBONDS: generating intra-molecular exclusion list with mode= 5
 MAKINB: mode   5 found     10 exclusions and     20 interactions(1-4)
 NBONDS: found     4147 intra-atom interactions
 --------------- cycle=    16 --------------------------------------------------
 | Etotal =-208.837   grad(E)=0.627      E(VDW )=-10.418    E(ELEC)=-198.419   |
 -------------------------------------------------------------------------------
 NBONDS: generating intra-molecular exclusion list with mode= 5
 MAKINB: mode   5 found     10 exclusions and     20 interactions(1-4)
 NBONDS: found     3403 intra-atom interactions
 --------------- cycle=    17 --------------------------------------------------
 | Etotal =-206.562   grad(E)=0.519      E(VDW )=-12.372    E(ELEC)=-194.190   |
 -------------------------------------------------------------------------------
 NBONDS: generating intra-molecular exclusion list with mode= 5
 MAKINB: mode   5 found     10 exclusions and     20 interactions(1-4)
 NBONDS: found     4528 intra-atom interactions
 --------------- cycle=    18 --------------------------------------------------
 | Etotal =-98.105    grad(E)=0.150      E(VDW )=-14.974    E(ELEC)=-83.131    |
 -------------------------------------------------------------------------------
 NBONDS: generating intra-molecular exclusion list with mode= 5
 MAKINB: mode   5 found     10 exclusions and     20 interactions(1-4)
 NBONDS: found     5969 intra-atom interactions
 --------------- cycle=    19 --------------------------------------------------
 | Etotal =-121.669   grad(E)=0.393      E(VDW )=-19.243    E(ELEC)=-102.426   |
 -------------------------------------------------------------------------------
 NBONDS: generating intra-molecular exclusion list with mode= 5
 MAKINB: mode   5 found     10 exclusions and     20 interactions(1-4)
 NBONDS: found     3525 intra-atom interactions
 --------------- cycle=    20 --------------------------------------------------
 | Etotal =-106.041   grad(E)=0.342      E(VDW )=-12.403    E(ELEC)=-93.639    |
 -------------------------------------------------------------------------------
 NBONDS: generating intra-molecular exclusion list with mode= 5
 MAKINB: mode   5 found     10 exclusions and     20 interactions(1-4)
 NBONDS: found     4594 intra-atom interactions
 --------------- cycle=    21 --------------------------------------------------
 | Etotal =-91.211    grad(E)=0.213      E(VDW )=-12.404    E(ELEC)=-78.808    |
 -------------------------------------------------------------------------------
 NBONDS: generating intra-molecular exclusion list with mode= 5
 MAKINB: mode   5 found     10 exclusions and     20 interactions(1-4)
 NBONDS: found     2739 intra-atom interactions
 --------------- cycle=    22 --------------------------------------------------
 | Etotal =-89.144    grad(E)=0.261      E(VDW )=-9.026     E(ELEC)=-80.118    |
 -------------------------------------------------------------------------------
 NBONDS: generating intra-molecular exclusion list with mode= 5
 MAKINB: mode   5 found     10 exclusions and     20 interactions(1-4)
 NBONDS: found     2893 intra-atom interactions
 --------------- cycle=    23 --------------------------------------------------
 | Etotal =-97.797    grad(E)=0.203      E(VDW )=-12.075    E(ELEC)=-85.721    |
 -------------------------------------------------------------------------------
 NBONDS: generating intra-molecular exclusion list with mode= 5
 MAKINB: mode   5 found     10 exclusions and     20 interactions(1-4)
 NBONDS: found     2701 intra-atom interactions
 --------------- cycle=    24 --------------------------------------------------
 | Etotal =-98.635    grad(E)=0.249      E(VDW )=-6.316     E(ELEC)=-92.319    |
 -------------------------------------------------------------------------------
 NBONDS: generating intra-molecular exclusion list with mode= 5
 MAKINB: mode   5 found     10 exclusions and     20 interactions(1-4)
 NBONDS: found     2185 intra-atom interactions
 --------------- cycle=    25 --------------------------------------------------
 | Etotal =-78.564    grad(E)=0.149      E(VDW )=-6.942     E(ELEC)=-71.622    |
 -------------------------------------------------------------------------------
 NBONDS: generating intra-molecular exclusion list with mode= 5
 MAKINB: mode   5 found     10 exclusions and     20 interactions(1-4)
 NBONDS: found     2980 intra-atom interactions
 --------------- cycle=    26 --------------------------------------------------
 | Etotal =-81.398    grad(E)=0.204      E(VDW )=-10.868    E(ELEC)=-70.530    |
 -------------------------------------------------------------------------------
 NBONDS: generating intra-molecular exclusion list with mode= 5
 MAKINB: mode   5 found     10 exclusions and     23 interactions(1-4)
 NBONDS: found     4911 intra-atom interactions
 --------------- cycle=    27 --------------------------------------------------
 | Etotal =-85.129    grad(E)=0.192      E(VDW )=-16.987    E(ELEC)=-68.142    |
 -------------------------------------------------------------------------------
 NBONDS: generating intra-molecular exclusion list with mode= 5
 MAKINB: mode   5 found     10 exclusions and     23 interactions(1-4)
 NBONDS: found     2375 intra-atom interactions
 --------------- cycle=    28 --------------------------------------------------
 | Etotal =-60.751    grad(E)=0.139      E(VDW )=-6.644     E(ELEC)=-54.107    |
 -------------------------------------------------------------------------------
 NBONDS: generating intra-molecular exclusion list with mode= 5
 MAKINB: mode   5 found     10 exclusions and     20 interactions(1-4)
 NBONDS: found     4815 intra-atom interactions
 --------------- cycle=    29 --------------------------------------------------
 | Etotal =-76.963    grad(E)=0.184      E(VDW )=-13.448    E(ELEC)=-63.515    |
 -------------------------------------------------------------------------------
 NBONDS: generating intra-molecular exclusion list with mode= 5
 MAKINB: mode   5 found     10 exclusions and     20 interactions(1-4)
 NBONDS: found     3296 intra-atom interactions
 --------------- cycle=    30 --------------------------------------------------
 | Etotal =-77.724    grad(E)=0.264      E(VDW )=-5.545     E(ELEC)=-72.180    |
 -------------------------------------------------------------------------------
 NBONDS: generating intra-molecular exclusion list with mode= 5
 MAKINB: mode   5 found     10 exclusions and     20 interactions(1-4)
 NBONDS: found     2348 intra-atom interactions
 --------------- cycle=    31 --------------------------------------------------
 | Etotal =-67.614    grad(E)=0.261      E(VDW )=0.541      E(ELEC)=-68.155    |
 -------------------------------------------------------------------------------
 NBONDS: generating intra-molecular exclusion list with mode= 5
 MAKINB: mode   5 found     10 exclusions and     20 interactions(1-4)
 NBONDS: found     1598 intra-atom interactions
 --------------- cycle=    32 --------------------------------------------------
 | Etotal =-81.166    grad(E)=0.278      E(VDW )=0.603      E(ELEC)=-81.769    |
 -------------------------------------------------------------------------------
 NBONDS: generating intra-molecular exclusion list with mode= 5
 MAKINB: mode   5 found     10 exclusions and     20 interactions(1-4)
 NBONDS: found     2233 intra-atom interactions
 --------------- cycle=    33 --------------------------------------------------
 | Etotal =-93.657    grad(E)=0.207      E(VDW )=-8.745     E(ELEC)=-84.913    |
 -------------------------------------------------------------------------------
 NBONDS: generating intra-molecular exclusion list with mode= 5
 MAKINB: mode   5 found     10 exclusions and     20 interactions(1-4)
 NBONDS: found     5273 intra-atom interactions
 --------------- cycle=    34 --------------------------------------------------
 | Etotal =-97.104    grad(E)=0.147      E(VDW )=-20.827    E(ELEC)=-76.277    |
 -------------------------------------------------------------------------------
 NBONDS: generating intra-molecular exclusion list with mode= 5
 MAKINB: mode   5 found     10 exclusions and     20 interactions(1-4)
 NBONDS: found     2009 intra-atom interactions
 --------------- cycle=    35 --------------------------------------------------
 | Etotal =-68.496    grad(E)=0.215      E(VDW )=-3.721     E(ELEC)=-64.774    |
 -------------------------------------------------------------------------------
 NBONDS: generating intra-molecular exclusion list with mode= 5
 MAKINB: mode   5 found     10 exclusions and     20 interactions(1-4)
 NBONDS: found     6677 intra-atom interactions
 --------------- cycle=    36 --------------------------------------------------
 | Etotal =-174.973   grad(E)=0.484      E(VDW )=-9.976     E(ELEC)=-164.997   |
 -------------------------------------------------------------------------------
 NBONDS: generating intra-molecular exclusion list with mode= 5
 MAKINB: mode   5 found     10 exclusions and     20 interactions(1-4)
 NBONDS: found     3487 intra-atom interactions
 --------------- cycle=    37 --------------------------------------------------
 | Etotal =-68.405    grad(E)=0.818      E(VDW )=3.376      E(ELEC)=-71.781    |
 -------------------------------------------------------------------------------
 NBONDS: generating intra-molecular exclusion list with mode= 5
 MAKINB: mode   5 found     10 exclusions and     20 interactions(1-4)
 NBONDS: found     3598 intra-atom interactions
 --------------- cycle=    38 --------------------------------------------------
 | Etotal =-169.781   grad(E)=0.661      E(VDW )=-11.487    E(ELEC)=-158.294   |
 -------------------------------------------------------------------------------
 NBONDS: generating intra-molecular exclusion list with mode= 5
 MAKINB: mode   5 found     10 exclusions and     20 interactions(1-4)
 NBONDS: found     5947 intra-atom interactions
 --------------- cycle=    39 --------------------------------------------------
 | Etotal =-96.472    grad(E)=0.239      E(VDW )=-24.618    E(ELEC)=-71.854    |
 -------------------------------------------------------------------------------
 NBONDS: generating intra-molecular exclusion list with mode= 5
 MAKINB: mode   5 found     10 exclusions and     20 interactions(1-4)
 NBONDS: found     6672 intra-atom interactions
 --------------- cycle=    40 --------------------------------------------------
 | Etotal =-192.662   grad(E)=0.564      E(VDW )=-19.771    E(ELEC)=-172.891   |
 -------------------------------------------------------------------------------
 NBONDS: generating intra-molecular exclusion list with mode= 5
 MAKINB: mode   5 found     10 exclusions and     20 interactions(1-4)
 NBONDS: found     4323 intra-atom interactions
 --------------- cycle=    41 --------------------------------------------------
 | Etotal =-109.252   grad(E)=0.196      E(VDW )=-14.099    E(ELEC)=-95.154    |
 -------------------------------------------------------------------------------
 NBONDS: generating intra-molecular exclusion list with mode= 5
 MAKINB: mode   5 found     10 exclusions and     20 interactions(1-4)
 NBONDS: found     2263 intra-atom interactions
 --------------- cycle=    42 --------------------------------------------------
 | Etotal =-81.457    grad(E)=0.172      E(VDW )=-6.323     E(ELEC)=-75.134    |
 -------------------------------------------------------------------------------
 NBONDS: generating intra-molecular exclusion list with mode= 5
 MAKINB: mode   5 found     10 exclusions and     20 interactions(1-4)
 NBONDS: found     5961 intra-atom interactions
 --------------- cycle=    43 --------------------------------------------------
 | Etotal =-215.409   grad(E)=0.524      E(VDW )=-12.362    E(ELEC)=-203.048   |
 -------------------------------------------------------------------------------
 NBONDS: generating intra-molecular exclusion list with mode= 5
 MAKINB: mode   5 found     10 exclusions and     20 interactions(1-4)
 NBONDS: found     6373 intra-atom interactions
 --------------- cycle=    44 --------------------------------------------------
 | Etotal =-190.979   grad(E)=0.606      E(VDW )=-22.852    E(ELEC)=-168.126   |
 -------------------------------------------------------------------------------
 NBONDS: generating intra-molecular exclusion list with mode= 5
 MAKINB: mode   5 found     10 exclusions and     20 interactions(1-4)
 NBONDS: found     2539 intra-atom interactions
 --------------- cycle=    45 --------------------------------------------------
 | Etotal =-146.591   grad(E)=0.537      E(VDW )=-7.214     E(ELEC)=-139.377   |
 -------------------------------------------------------------------------------
 NBONDS: generating intra-molecular exclusion list with mode= 5
 MAKINB: mode   5 found     10 exclusions and     20 interactions(1-4)
 NBONDS: found     4776 intra-atom interactions
 --------------- cycle=    46 --------------------------------------------------
 | Etotal =-143.133   grad(E)=0.298      E(VDW )=-10.723    E(ELEC)=-132.410   |
 -------------------------------------------------------------------------------
 NBONDS: generating intra-molecular exclusion list with mode= 5
 MAKINB: mode   5 found     10 exclusions and     20 interactions(1-4)
 NBONDS: found     5057 intra-atom interactions
 --------------- cycle=    47 --------------------------------------------------
 | Etotal =-90.015    grad(E)=0.195      E(VDW )=-22.234    E(ELEC)=-67.781    |
 -------------------------------------------------------------------------------
 NBONDS: generating intra-molecular exclusion list with mode= 5
 MAKINB: mode   5 found     10 exclusions and     20 interactions(1-4)
 NBONDS: found     1812 intra-atom interactions
 --------------- cycle=    48 --------------------------------------------------
 | Etotal =-58.591    grad(E)=0.142      E(VDW )=-2.229     E(ELEC)=-56.362    |
 -------------------------------------------------------------------------------
 NBONDS: generating intra-molecular exclusion list with mode= 5
 MAKINB: mode   5 found     10 exclusions and     20 interactions(1-4)
 NBONDS: found      842 intra-atom interactions
 --------------- cycle=    49 --------------------------------------------------
 | Etotal =-63.581    grad(E)=0.132      E(VDW )=-0.499     E(ELEC)=-63.082    |
 -------------------------------------------------------------------------------
 NBONDS: generating intra-molecular exclusion list with mode= 5
 MAKINB: mode   5 found     10 exclusions and     20 interactions(1-4)
 NBONDS: found     1302 intra-atom interactions
 --------------- cycle=    50 --------------------------------------------------
 | Etotal =-78.526    grad(E)=0.202      E(VDW )=-6.309     E(ELEC)=-72.218    |
 -------------------------------------------------------------------------------
 NBONDS: generating intra-molecular exclusion list with mode= 5
 MAKINB: mode   5 found     10 exclusions and     20 interactions(1-4)
 NBONDS: found     3095 intra-atom interactions
 --------------- cycle=    51 --------------------------------------------------
 | Etotal =-83.451    grad(E)=0.274      E(VDW )=-13.369    E(ELEC)=-70.082    |
 -------------------------------------------------------------------------------
 NBONDS: generating intra-molecular exclusion list with mode= 5
 MAKINB: mode   5 found     10 exclusions and     20 interactions(1-4)
 NBONDS: found     4118 intra-atom interactions
 --------------- cycle=    52 --------------------------------------------------
 | Etotal =-99.039    grad(E)=0.318      E(VDW )=-16.100    E(ELEC)=-82.940    |
 -------------------------------------------------------------------------------
 NBONDS: generating intra-molecular exclusion list with mode= 5
 MAKINB: mode   5 found     10 exclusions and     20 interactions(1-4)
 NBONDS: found     6085 intra-atom interactions
 --------------- cycle=    53 --------------------------------------------------
 | Etotal =-95.067    grad(E)=0.214      E(VDW )=-24.661    E(ELEC)=-70.406    |
 -------------------------------------------------------------------------------
 NBONDS: generating intra-molecular exclusion list with mode= 5
 MAKINB: mode   5 found     10 exclusions and     20 interactions(1-4)
 NBONDS: found     5193 intra-atom interactions
 --------------- cycle=    54 --------------------------------------------------
 | Etotal =-100.120   grad(E)=0.183      E(VDW )=-18.374    E(ELEC)=-81.745    |
 -------------------------------------------------------------------------------
 NBONDS: generating intra-molecular exclusion list with mode= 5
 MAKINB: mode   5 found     10 exclusions and     20 interactions(1-4)
 NBONDS: found     5452 intra-atom interactions
 --------------- cycle=    55 --------------------------------------------------
 | Etotal =-88.680    grad(E)=0.156      E(VDW )=-21.101    E(ELEC)=-67.579    |
 -------------------------------------------------------------------------------
 NBONDS: generating intra-molecular exclusion list with mode= 5
 MAKINB: mode   5 found     10 exclusions and     20 interactions(1-4)
 NBONDS: found     5414 intra-atom interactions
 --------------- cycle=    56 --------------------------------------------------
 | Etotal =-172.696   grad(E)=0.524      E(VDW )=-12.853    E(ELEC)=-159.843   |
 -------------------------------------------------------------------------------
 NBONDS: generating intra-molecular exclusion list with mode= 5
 MAKINB: mode   5 found     10 exclusions and     20 interactions(1-4)
 NBONDS: found     4965 intra-atom interactions
 --------------- cycle=    57 --------------------------------------------------
 | Etotal =-81.755    grad(E)=0.233      E(VDW )=-15.028    E(ELEC)=-66.728    |
 -------------------------------------------------------------------------------
 NBONDS: generating intra-molecular exclusion list with mode= 5
 MAKINB: mode   5 found     10 exclusions and     20 interactions(1-4)
 NBONDS: found     3409 intra-atom interactions
 --------------- cycle=    58 --------------------------------------------------
 | Etotal =-77.240    grad(E)=0.226      E(VDW )=-11.371    E(ELEC)=-65.869    |
 -------------------------------------------------------------------------------
 NBONDS: generating intra-molecular exclusion list with mode= 5
 MAKINB: mode   5 found     10 exclusions and     20 interactions(1-4)
 NBONDS: found     2442 intra-atom interactions
 --------------- cycle=    59 --------------------------------------------------
 | Etotal =-71.331    grad(E)=0.155      E(VDW )=-11.454    E(ELEC)=-59.877    |
 -------------------------------------------------------------------------------
 NBONDS: generating intra-molecular exclusion list with mode= 5
 MAKINB: mode   5 found     10 exclusions and     20 interactions(1-4)
 NBONDS: found     1116 intra-atom interactions
 --------------- cycle=    60 --------------------------------------------------
 | Etotal =-61.201    grad(E)=0.117      E(VDW )=-4.255     E(ELEC)=-56.945    |
 -------------------------------------------------------------------------------
 NBONDS: generating intra-molecular exclusion list with mode= 5
 MAKINB: mode   5 found     10 exclusions and     20 interactions(1-4)
 NBONDS: found     1015 intra-atom interactions
 --------------- cycle=    61 --------------------------------------------------
 | Etotal =-62.225    grad(E)=0.105      E(VDW )=-4.335     E(ELEC)=-57.891    |
 -------------------------------------------------------------------------------
 NBONDS: generating intra-molecular exclusion list with mode= 5
 MAKINB: mode   5 found     10 exclusions and     23 interactions(1-4)
 NBONDS: found     1769 intra-atom interactions
 --------------- cycle=    62 --------------------------------------------------
 | Etotal =-63.423    grad(E)=0.160      E(VDW )=-5.426     E(ELEC)=-57.997    |
 -------------------------------------------------------------------------------
 NBONDS: generating intra-molecular exclusion list with mode= 5
 MAKINB: mode   5 found     10 exclusions and     20 interactions(1-4)
 NBONDS: found      935 intra-atom interactions
 --------------- cycle=    63 --------------------------------------------------
 | Etotal =-64.757    grad(E)=0.161      E(VDW )=-3.036     E(ELEC)=-61.721    |
 -------------------------------------------------------------------------------
 NBONDS: generating intra-molecular exclusion list with mode= 5
 MAKINB: mode   5 found     10 exclusions and     20 interactions(1-4)
 NBONDS: found     3530 intra-atom interactions
 --------------- cycle=    64 --------------------------------------------------
 | Etotal =-63.569    grad(E)=0.154      E(VDW )=-10.447    E(ELEC)=-53.122    |
 -------------------------------------------------------------------------------
 NBONDS: generating intra-molecular exclusion list with mode= 5
 MAKINB: mode   5 found     10 exclusions and     20 interactions(1-4)
 NBONDS: found     3192 intra-atom interactions
 --------------- cycle=    65 --------------------------------------------------
 | Etotal =-91.958    grad(E)=0.189      E(VDW )=-12.344    E(ELEC)=-79.614    |
 -------------------------------------------------------------------------------
 NBONDS: generating intra-molecular exclusion list with mode= 5
 MAKINB: mode   5 found     13 exclusions and     27 interactions(1-4)
 NBONDS: found     2116 intra-atom interactions
 --------------- cycle=    66 --------------------------------------------------
 | Etotal =-69.551    grad(E)=0.250      E(VDW )=-9.126     E(ELEC)=-60.425    |
 -------------------------------------------------------------------------------
 NBONDS: generating intra-molecular exclusion list with mode= 5
 MAKINB: mode   5 found     10 exclusions and     20 interactions(1-4)
 NBONDS: found     5107 intra-atom interactions
 --------------- cycle=    67 --------------------------------------------------
 | Etotal =-91.101    grad(E)=0.195      E(VDW )=-23.968    E(ELEC)=-67.133    |
 -------------------------------------------------------------------------------
 NBONDS: generating intra-molecular exclusion list with mode= 5
 MAKINB: mode   5 found     10 exclusions and     23 interactions(1-4)
 NBONDS: found     3609 intra-atom interactions
 --------------- cycle=    68 --------------------------------------------------
 | Etotal =-63.424    grad(E)=0.194      E(VDW )=-14.434    E(ELEC)=-48.989    |
 -------------------------------------------------------------------------------
 NBONDS: generating intra-molecular exclusion list with mode= 5
 MAKINB: mode   5 found     10 exclusions and     23 interactions(1-4)
 NBONDS: found     3882 intra-atom interactions
 --------------- cycle=    69 --------------------------------------------------
 | Etotal =-80.787    grad(E)=0.173      E(VDW )=-16.134    E(ELEC)=-64.653    |
 -------------------------------------------------------------------------------
 NBONDS: generating intra-molecular exclusion list with mode= 5
 MAKINB: mode   5 found     10 exclusions and     20 interactions(1-4)
 NBONDS: found     4057 intra-atom interactions
 --------------- cycle=    70 --------------------------------------------------
 | Etotal =-84.309    grad(E)=0.207      E(VDW )=-12.289    E(ELEC)=-72.020    |
 -------------------------------------------------------------------------------
 NBONDS: generating intra-molecular exclusion list with mode= 5
 MAKINB: mode   5 found     10 exclusions and     20 interactions(1-4)
 NBONDS: found     2816 intra-atom interactions
 --------------- cycle=    71 --------------------------------------------------
 | Etotal =-74.017    grad(E)=0.148      E(VDW )=-13.416    E(ELEC)=-60.601    |
 -------------------------------------------------------------------------------
 NBONDS: generating intra-molecular exclusion list with mode= 5
 MAKINB: mode   5 found     10 exclusions and     20 interactions(1-4)
 NBONDS: found     6104 intra-atom interactions
 --------------- cycle=    72 --------------------------------------------------
 | Etotal =-102.697   grad(E)=0.374      E(VDW )=-21.981    E(ELEC)=-80.716    |
 -------------------------------------------------------------------------------
 NBONDS: generating intra-molecular exclusion list with mode= 5
 MAKINB: mode   5 found     10 exclusions and     20 interactions(1-4)
 NBONDS: found     2157 intra-atom interactions
 --------------- cycle=    73 --------------------------------------------------
 | Etotal =-91.925    grad(E)=0.201      E(VDW )=-7.726     E(ELEC)=-84.200    |
 -------------------------------------------------------------------------------
 NBONDS: generating intra-molecular exclusion list with mode= 5
 MAKINB: mode   5 found     10 exclusions and     20 interactions(1-4)
 NBONDS: found     6197 intra-atom interactions
 --------------- cycle=    74 --------------------------------------------------
 | Etotal =-99.701    grad(E)=0.244      E(VDW )=-22.178    E(ELEC)=-77.523    |
 -------------------------------------------------------------------------------
 NBONDS: generating intra-molecular exclusion list with mode= 5
 MAKINB: mode   5 found     10 exclusions and     23 interactions(1-4)
 NBONDS: found     4632 intra-atom interactions
 --------------- cycle=    75 --------------------------------------------------
 | Etotal =-73.908    grad(E)=0.272      E(VDW )=-13.392    E(ELEC)=-60.517    |
 -------------------------------------------------------------------------------
 NBONDS: generating intra-molecular exclusion list with mode= 5
 MAKINB: mode   5 found     10 exclusions and     23 interactions(1-4)
 NBONDS: found     2763 intra-atom interactions
 --------------- cycle=    76 --------------------------------------------------
 | Etotal =-66.987    grad(E)=0.212      E(VDW )=-3.365     E(ELEC)=-63.622    |
 -------------------------------------------------------------------------------
 NBONDS: generating intra-molecular exclusion list with mode= 5
 MAKINB: mode   5 found     10 exclusions and     20 interactions(1-4)
 NBONDS: found     3231 intra-atom interactions
 --------------- cycle=    77 --------------------------------------------------
 | Etotal =-85.610    grad(E)=0.245      E(VDW )=-9.628     E(ELEC)=-75.982    |
 -------------------------------------------------------------------------------
 NBONDS: generating intra-molecular exclusion list with mode= 5
 MAKINB: mode   5 found     10 exclusions and     20 interactions(1-4)
 NBONDS: found     4109 intra-atom interactions
 --------------- cycle=    78 --------------------------------------------------
 | Etotal =-101.792   grad(E)=0.226      E(VDW )=-18.470    E(ELEC)=-83.322    |
 -------------------------------------------------------------------------------
 NBONDS: generating intra-molecular exclusion list with mode= 5
 MAKINB: mode   5 found     10 exclusions and     20 interactions(1-4)
 NBONDS: found     1849 intra-atom interactions
 --------------- cycle=    79 --------------------------------------------------
 | Etotal =-57.148    grad(E)=0.827      E(VDW )=10.849     E(ELEC)=-67.998    |
 -------------------------------------------------------------------------------
 NBONDS: generating intra-molecular exclusion list with mode= 5
 MAKINB: mode   5 found     10 exclusions and     20 interactions(1-4)
 NBONDS: found     2932 intra-atom interactions
 --------------- cycle=    80 --------------------------------------------------
 | Etotal =-70.690    grad(E)=0.193      E(VDW )=-6.090     E(ELEC)=-64.601    |
 -------------------------------------------------------------------------------
 NBONDS: generating intra-molecular exclusion list with mode= 5
 MAKINB: mode   5 found     10 exclusions and     20 interactions(1-4)
 NBONDS: found     1602 intra-atom interactions
 --------------- cycle=    81 --------------------------------------------------
 | Etotal =-77.744    grad(E)=0.171      E(VDW )=-7.492     E(ELEC)=-70.252    |
 -------------------------------------------------------------------------------
 NBONDS: generating intra-molecular exclusion list with mode= 5
 MAKINB: mode   5 found     10 exclusions and     20 interactions(1-4)
 NBONDS: found     5809 intra-atom interactions
 --------------- cycle=    82 --------------------------------------------------
 | Etotal =-121.553   grad(E)=0.247      E(VDW )=-25.457    E(ELEC)=-96.096    |
 -------------------------------------------------------------------------------
 NBONDS: generating intra-molecular exclusion list with mode= 5
 MAKINB: mode   5 found     10 exclusions and     23 interactions(1-4)
 NBONDS: found     4241 intra-atom interactions
 --------------- cycle=    83 --------------------------------------------------
 | Etotal =-101.464   grad(E)=0.238      E(VDW )=-17.342    E(ELEC)=-84.122    |
 -------------------------------------------------------------------------------
 HEAP: maximum use      =    22322960 current use      =       96000 bytes
 HEAP: maximum overhead =        2800 current overhead =         752 bytes
          ============================================================
           Maximum dynamic memory allocation:    22322960 bytes
           Maximum dynamic memory overhead:          2800 bytes
           Program started at: 20:05:49 on 10-Jun-2020
           Program stopped at: 20:06:13 on 10-Jun-2020
           CPU time used:      24.4062 seconds
          ============================================================
