          ============================================================
          |                                                          |
          |            Crystallography & NMR System (CNS)            |
          |                         CNSsolve                         |
          |                                                          |
          ============================================================
           Version: 1.3 at patch level U
           Status: Special UU release with Rg and paramagnetic
                   restraints (A. Bonvin, UU 2011)
          ============================================================
           Written by: A.T.Brunger, P.D.Adams, G.M.Clore, W.L.DeLano,
                       P.Gros, R.W.Grosse-Kunstleve,J.-S.Jiang,J.M.Krahn,
                       J.Kuszewski, M.Nilges, N.S.Pannu, R.J.Read,
                       L.M.Rice, G.F.Schroeder, T.Simonson, G.L.Warren.
           Copyright (c) 1997-2010 Yale University
          ============================================================
           Running on machine: hostname unknown (x86_64/Linux,64-bit)
           Program started by: joaor
           Program started at: 16:52:47 on 08-May-2020
          ============================================================

 FFT3C: Using FFTPACK4.1

 CNSsolve>! 
 CNSsolve>! Calculates pairwise energies between residues 
 CNSsolve>! Will only rebuild hydrogen atoms 
 CNSsolve>! 
 CNSsolve>! Adapted from HADDOCK protocols here and there. 
 CNSsolve>! JR & AMJJB @ 2020 
 CNSsolve>! 
 CNSsolve>define( 
 DEFINE>    {===>} auto_break=true; 
 DEFINE>    {===>} break_cutoff=2.5; 
 DEFINE>    {===>} dnaauto_break=true; 
 DEFINE>    {===>} dbreak_cutoff=4.5; 
 DEFINE>    {===>} auto_cispro=true; 
 DEFINE>    {===>} auto_disu=true; 
 DEFINE>    {===>} disulphide_dist=3.0; 
 DEFINE>    {===>} glyco_dist=2.75; 
 DEFINE>    {===>} coorin="molecule.pdb"; 
 DEFINE>    {===>} icutoff=5.0; 
 DEFINE>) 
 CNSsolve> 
 CNSsolve>! Mute (most) output 
 CNSsolve>set message=on echo=off end 
 ASSFIL: file merged.param opened.
 MESSage=NORM
 EVALUATE: symbol $OLD_MESSAGE set to "NORM" (string)
 ECHO=FALSe {OFF}
 EVALUATE: symbol $OLD_ECHO set to FALSE (logical)
 %PARRDR-info: duplication of bond HC   NC2 
 %PARRDR-info: duplication of angle CH2E C    NH1 
 %PARRDR-info: duplication of angle CH2P CH2E HA  
 ASSFIL: file merged.top opened.
 MESSage=NORM
 EVALUATE: symbol $OLD_MESSAGE set to "NORM" (string)
 ECHO=FALSe {OFF}
 EVALUATE: symbol $OLD_ECHO set to FALSE (logical)
 %RTFIO-warning: undefined masses in residue CYC 
 %RTFIO error encountered: there are undefined masses.
   (CNS is in mode: SET ABORT=NORMal END)
 MESSage=NORM
 EVALUATE: symbol $OLD_MESSAGE set to "NORM" (string)
 ECHO=FALSe {OFF}
 EVALUATE: symbol $OLD_ECHO set to FALSE (logical)
 ASSFIL: file protein_break.top opened.
 %RTFRDR-ERR: duplicate (P-)RESIdue name DPEP
 %RTFRDR-ERR: duplicate (P-)RESIdue name DPPP
 RTFRDR> 
 RTFRDR>end 
 CNSsolve> 
 CNSsolve>! Reset output muting 
 CNSsolve>set message=off echo=off end 
FOUND 7 NAG:ASN pairs
NAG:ASN bond added from   B    901  to   B    53  
NAG:ASN bond added from   B    903  to   B    90  
NAG:ASN bond added from   B    905  to   B    103 
NAG:ASN bond added from   B    907  to   B    322 
NAG:ASN bond added from   B    908  to   B    432 
NAG:ASN bond added from   B    910  to   B    546 
NAG:ASN bond added from   E    1401 to   E    343 
FOUND 7 NAG:NAG pairs
NAG:NAG B14 bond added from   B    902  to   B    901 
NAG:NAG B14 bond added from   B    904  to   B    903 
NAG:NAG B14 bond added from   B    906  to   B    905 
NAG:NAG B14 bond added from   B    909  to   B    908 
NAG:NAG B14 bond added from   B    911  to   B    910 
NAG:NAG B14 bond added from   E    1402 to   E    1401
NAG:NAG B14 bond added from   E    1403 to   E    1402
 %PARRDR-info: duplication of bond HC   NC2 
 %PARRDR-info: duplication of angle CH2E C    NH1 
 %PARRDR-info: duplication of angle CH2P CH2E HA  
 POWELL: number of degrees of freedom= 13770
 NBONDS: generating intra-molecular exclusion list with mode=-2
 MAKINB: mode  -2 found   4590 exclusions and      0 interactions(1-4)
 %atoms "B   -31  -LYS -HD1 " and "B   -31  -LYS -HE1 " only  0.09 A apart
 %atoms "B   -72  -PHE -HB1 " and "B   -72  -PHE -HE2 " only  0.09 A apart
 %atoms "B   -163 -TRP -CG  " and "B   -163 -TRP -HZ3 " only  0.09 A apart
 %atoms "B   -256 -ILE -HA  " and "B   -256 -ILE -HG22" only  0.05 A apart
 %atoms "B   -281 -LEU -HD11" and "B   -281 -LEU -HD13" only  0.07 A apart
 %atoms "B   -282 -THR -HA  " and "B   -282 -THR -HG22" only  0.09 A apart
 %atoms "B   -438 -PHE -CG  " and "B   -438 -PHE -HE2 " only  0.09 A apart
 %atoms "B   -441 -LYS -HD2 " and "B   -441 -LYS -HE1 " only  0.09 A apart
 %atoms "B   -476 -LYS -HA  " and "B   -476 -LYS -HD2 " only  0.05 A apart
 %atoms "E   -465 -GLU -HB1 " and "E   -465 -GLU -HG2 " only  0.09 A apart
 %atoms "E   -511 -VAL -HG12" and "E   -511 -VAL -HG13" only  0.05 A apart
 NBONDS: found   690635 intra-atom interactions
 NBONDS: found       11 nonbonded violations
 %atoms "B   -520 -LEU -CB  " and "B   -520 -LEU -HD12" only  0.08 A apart
 %atoms "E   -429 -PHE -CD1 " and "E   -429 -PHE -HD2 " only  0.07 A apart
 NBONDS: found   689859 intra-atom interactions
 NBONDS: found        2 nonbonded violations
 NBONDS: found   685172 intra-atom interactions
 NBONDS: found   680444 intra-atom interactions
 --------------- cycle=    10 ------ stepsize=   -0.0000 -----------------------
 | Etotal =0.33E+07   grad(E)=567.954    E(BOND)=475801.878 E(ANGL)=0.15E+07   |
 | E(VDW )=0.13E+07                                                            |
 -------------------------------------------------------------------------------
 NBONDS: found   679043 intra-atom interactions
 NBONDS: found   680544 intra-atom interactions
 NBONDS: found   682083 intra-atom interactions
 NBONDS: found   682238 intra-atom interactions
 NBONDS: found   682136 intra-atom interactions
 --------------- cycle=    20 ------ stepsize=   -0.0000 -----------------------
 | Etotal =0.12E+07   grad(E)=298.539    E(BOND)=236591.605 E(ANGL)=493323.572 |
 | E(VDW )=502509.496                                                          |
 -------------------------------------------------------------------------------
 NBONDS: found   682026 intra-atom interactions
 NBONDS: found   682230 intra-atom interactions
 NBONDS: found   682320 intra-atom interactions
 --------------- cycle=    30 ------ stepsize=    0.0000 -----------------------
 | Etotal =971755.092 grad(E)=240.527    E(BOND)=190288.758 E(ANGL)=351807.322 |
 | E(VDW )=429659.013                                                          |
 -------------------------------------------------------------------------------
 NBONDS: found   682233 intra-atom interactions
 NBONDS: found   682182 intra-atom interactions
 --------------- cycle=    40 ------ stepsize=   -0.0001 -----------------------
 | Etotal =927016.806 grad(E)=233.039    E(BOND)=188298.605 E(ANGL)=327940.176 |
 | E(VDW )=410778.025                                                          |
 -------------------------------------------------------------------------------
 NBONDS: found   682096 intra-atom interactions
 NBONDS: found   682173 intra-atom interactions
 --------------- cycle=    50 ------ stepsize=    0.0002 -----------------------
 | Etotal =909903.473 grad(E)=228.828    E(BOND)=184740.487 E(ANGL)=319177.524 |
 | E(VDW )=405985.462                                                          |
 -------------------------------------------------------------------------------
 POWELL: STEP number limit. Normal termination
 POWELL: Current coordinates set to last minimum
 DCART: temperature coupling (TCOUpling) enabled
 -------------------------- Cartesian dynamics start ---------------------------
 | E(kin)+E(total)=0.35E+07        E(kin)=4201.873      temperature=307.114    |
 | Etotal =0.35E+07   grad(E)=587.486    E(BOND)=184740.487 E(ANGL)=319177.524 |
 | E(IMPR)=0.30E+07                                                            |
 -------------------------------------------------------------------------------
 ----------------- final step=       50 at      0.02500 ps ---------------------
 | E(kin)+E(total)=0.22E+07        E(kin)=437295.868    temperature=31961.843  |
 | Etotal =0.18E+07   grad(E)=322.580    E(BOND)=193902.439 E(ANGL)=829649.468 |
 | E(IMPR)=780918.037                                                          |
 -------------------------------------------------------------------------------
 CENMAS: Information about center of free masses
         position [A]          :     -0.54425      0.03921     -0.21083
         velocity [A/ps]       :      0.12250      0.01211     -0.66706
         ang. mom. [amu A/ps]  :-878635.60524-364439.810473219978.96650
         kin. ener. [Kcal/mol] :     50.47690
 POWELL: number of degrees of freedom= 13770
 NBONDS: found   679635 intra-atom interactions
 NBONDS: found   679056 intra-atom interactions
 NBONDS: found   679200 intra-atom interactions
 NBONDS: found   679864 intra-atom interactions
 --------------- cycle=    10 ------ stepsize=   -0.0001 -----------------------
 | Etotal =0.19E+07   grad(E)=271.165    E(BOND)=237785.589 E(ANGL)=454173.471 |
 | E(IMPR)=698232.076 E(VDW )=494209.390                                       |
 -------------------------------------------------------------------------------
 NBONDS: found   680371 intra-atom interactions
 NBONDS: found   681048 intra-atom interactions
 NBONDS: found   681135 intra-atom interactions
 NBONDS: found   681116 intra-atom interactions
 --------------- cycle=    20 ------ stepsize=    0.0000 -----------------------
 | Etotal =0.13E+07   grad(E)=138.263    E(BOND)=175745.346 E(ANGL)=170156.311 |
 | E(IMPR)=587474.976 E(VDW )=360166.476                                       |
 -------------------------------------------------------------------------------
 NBONDS: found   681226 intra-atom interactions
 NBONDS: found   681266 intra-atom interactions
 NBONDS: found   681167 intra-atom interactions
 --------------- cycle=    30 ------ stepsize=   -0.0001 -----------------------
 | Etotal =0.12E+07   grad(E)=119.093    E(BOND)=171291.113 E(ANGL)=143292.290 |
 | E(IMPR)=576309.013 E(VDW )=331533.315                                       |
 -------------------------------------------------------------------------------
 NBONDS: found   681277 intra-atom interactions
 NBONDS: found   681296 intra-atom interactions
 --------------- cycle=    40 ------ stepsize=    0.0001 -----------------------
 | Etotal =0.12E+07   grad(E)=116.844    E(BOND)=170419.578 E(ANGL)=136627.774 |
 | E(IMPR)=564299.036 E(VDW )=325512.902                                       |
 -------------------------------------------------------------------------------
 NBONDS: found   681305 intra-atom interactions
 NBONDS: found   681269 intra-atom interactions
 NBONDS: found   681292 intra-atom interactions
 --------------- cycle=    50 ------ stepsize=    0.0000 -----------------------
 | Etotal =0.12E+07   grad(E)=112.507    E(BOND)=168351.917 E(ANGL)=129250.351 |
 | E(IMPR)=553497.546 E(VDW )=324360.350                                       |
 -------------------------------------------------------------------------------
 POWELL: STEP number limit. Normal termination
 POWELL: Current coordinates set to last minimum
 DCART: temperature coupling (TCOUpling) enabled
 -------------------------- Cartesian dynamics start ---------------------------
 | E(kin)+E(total)=0.12E+07        E(kin)=4148.721      temperature=303.229    |
 | Etotal =0.12E+07   grad(E)=112.507    E(BOND)=168351.917 E(ANGL)=129250.351 |
 | E(IMPR)=553497.546 E(VDW )=324360.350                                       |
 -------------------------------------------------------------------------------
 NBONDS: found   681359 intra-atom interactions
 NBONDS: found   681312 intra-atom interactions
 ----------------- final step=       50 at      0.02500 ps ---------------------
 | E(kin)+E(total)=0.12E+07        E(kin)=7481.512      temperature=546.822    |
 | Etotal =0.12E+07   grad(E)=115.586    E(BOND)=169378.160 E(ANGL)=127456.443 |
 | E(IMPR)=548877.105 E(VDW )=322667.893                                       |
 -------------------------------------------------------------------------------
 CENMAS: Information about center of free masses
         position [A]          :     -0.54309      0.03407     -0.21084
         velocity [A/ps]       :      0.07307     -0.08616      0.02466
         ang. mom. [amu A/ps]  : -71747.83494  75021.29260  51767.31888
         kin. ener. [Kcal/mol] :      1.46693
 %PARRDR-info: duplication of bond HC   NC2 
 %PARRDR-info: duplication of angle CH2E C    NH1 
 %PARRDR-info: duplication of angle CH2P CH2E HA  
 POWELL: number of degrees of freedom= 13770
 NBONDS: generating intra-molecular exclusion list with mode=-3
 MAKINB: mode  -3 found  15671 exclusions and      0 interactions(1-4)
 NBONDS: found   670348 intra-atom interactions
 NBONDS: found   672097 intra-atom interactions
 NBONDS: found   671931 intra-atom interactions
 NBONDS: found   672096 intra-atom interactions
 NBONDS: found   672806 intra-atom interactions
 NBONDS: found   672938 intra-atom interactions
 --------------- cycle=    25 ------ stepsize=   -0.0000 -----------------------
 | Etotal =310626.094 grad(E)=136.313    E(BOND)=46495.654  E(ANGL)=138313.846 |
 | E(IMPR)=123557.263 E(VDW )=2259.330                                         |
 -------------------------------------------------------------------------------
 NBONDS: found   672868 intra-atom interactions
 NBONDS: found   672598 intra-atom interactions
 NBONDS: found   672762 intra-atom interactions
 NBONDS: found   672744 intra-atom interactions
 NBONDS: found   672650 intra-atom interactions
 NBONDS: found   672688 intra-atom interactions
 --------------- cycle=    50 ------ stepsize=    0.0001 -----------------------
 | Etotal =73449.584  grad(E)=48.719     E(BOND)=4326.312   E(ANGL)=32232.929  |
 | E(IMPR)=35997.147  E(VDW )=893.196                                          |
 -------------------------------------------------------------------------------
 NBONDS: found   672756 intra-atom interactions
 NBONDS: found   672667 intra-atom interactions
 NBONDS: found   672677 intra-atom interactions
 NBONDS: found   672724 intra-atom interactions
 NBONDS: found   672611 intra-atom interactions
 --------------- cycle=    75 ------ stepsize=    0.0006 -----------------------
 | Etotal =15322.450  grad(E)=23.682     E(BOND)=619.395    E(ANGL)=8432.942   |
 | E(IMPR)=5590.818   E(VDW )=679.296                                          |
 -------------------------------------------------------------------------------
 NBONDS: found   672641 intra-atom interactions
 NBONDS: found   672696 intra-atom interactions
 NBONDS: found   672712 intra-atom interactions
 --------------- cycle=   100 ------ stepsize=   -0.0001 -----------------------
 | Etotal =3111.432   grad(E)=6.174      E(BOND)=83.852     E(ANGL)=931.503    |
 | E(IMPR)=1480.220   E(VDW )=615.858                                          |
 -------------------------------------------------------------------------------
 POWELL: STEP number limit. Normal termination
 POWELL: Current coordinates set to last minimum
 DCART: temperature coupling (TCOUpling) enabled
 -------------------------- Cartesian dynamics start ---------------------------
 | E(kin)+E(total)=7155.532        E(kin)=4044.100      temperature=295.582    |
 | Etotal =3111.432   grad(E)=6.174      E(BOND)=83.852     E(ANGL)=931.503    |
 | E(IMPR)=1480.220   E(VDW )=615.858                                          |
 -------------------------------------------------------------------------------
 NBONDS: found   672717 intra-atom interactions
 NBONDS: found   672701 intra-atom interactions
 NBONDS: found   672622 intra-atom interactions
 NBONDS: found   672579 intra-atom interactions
 NBONDS: found   672631 intra-atom interactions
 NBONDS: found   672651 intra-atom interactions
 NBONDS: found   672597 intra-atom interactions
 NBONDS: found   672628 intra-atom interactions
 NBONDS: found   672672 intra-atom interactions
 NBONDS: found   672657 intra-atom interactions
 NBONDS: found   672570 intra-atom interactions
 NBONDS: found   672646 intra-atom interactions
 NBONDS: found   672745 intra-atom interactions
 NBONDS: found   672698 intra-atom interactions
 NBONDS: found   672666 intra-atom interactions
 NBONDS: found   672692 intra-atom interactions
 NBONDS: found   672641 intra-atom interactions
 NBONDS: found   672670 intra-atom interactions
 NBONDS: found   672573 intra-atom interactions
 NBONDS: found   672580 intra-atom interactions
 NBONDS: found   672562 intra-atom interactions
 NBONDS: found   672712 intra-atom interactions
 NBONDS: found   672673 intra-atom interactions
 NBONDS: found   672706 intra-atom interactions
 ----------------- final step=      500 at      0.25000 ps ---------------------
 | E(kin)+E(total)=8873.585        E(kin)=4454.350      temperature=325.567    |
 | Etotal =4419.235   grad(E)=26.268     E(BOND)=915.202    E(ANGL)=2435.878   |
 | E(IMPR)=371.847    E(VDW )=696.309                                          |
 -------------------------------------------------------------------------------
 CENMAS: Information about center of free masses
         position [A]          :     -0.54274      0.03305     -0.20774
         velocity [A/ps]       :      0.01484      0.01294     -0.00186
         ang. mom. [amu A/ps]  :  79191.66234 -58689.28598 170246.84116
         kin. ener. [Kcal/mol] :      0.04292
 EFLAGS: the following energy flags are set
 EFLAGS: BOND ANGL DIHE IMPR VDW 
 %PARRDR-info: duplication of bond HC   NC2 
 %PARRDR-info: duplication of angle CH2E C    NH1 
 %PARRDR-info: duplication of angle CH2P CH2E HA  
 POWELL: number of degrees of freedom= 13770
 NBONDS: generating intra-molecular exclusion list with mode=-3
 MAKINB: mode  -3 found  15671 exclusions and      0 interactions(1-4)
 NBONDS: found   672722 intra-atom interactions
 NBONDS: found   672454 intra-atom interactions
 --------------- cycle=    50 ------ stepsize=    0.0011 -----------------------
 | Etotal =13352.214  grad(E)=13.466     E(BOND)=234.462    E(ANGL)=1179.722   |
 | E(DIHE)=189.218    E(IMPR)=96.811     E(VDW )=11652.001                     |
 -------------------------------------------------------------------------------
 NBONDS: found   672558 intra-atom interactions
 --------------- cycle=   100 ------ stepsize=    0.0010 -----------------------
 | Etotal =13016.980  grad(E)=13.298     E(BOND)=228.687    E(ANGL)=1164.197   |
 | E(DIHE)=161.743    E(IMPR)=90.418     E(VDW )=11371.934                     |
 -------------------------------------------------------------------------------
 --------------- cycle=   150 ------ stepsize=    0.0011 -----------------------
 | Etotal =12973.712  grad(E)=13.302     E(BOND)=227.864    E(ANGL)=1164.070   |
 | E(DIHE)=160.264    E(IMPR)=89.459     E(VDW )=11332.056                     |
 -------------------------------------------------------------------------------
 --------------- cycle=   200 ------ stepsize=    0.0010 -----------------------
 | Etotal =12967.114  grad(E)=13.294     E(BOND)=227.705    E(ANGL)=1162.755   |
 | E(DIHE)=161.046    E(IMPR)=89.244     E(VDW )=11326.364                     |
 -------------------------------------------------------------------------------
 --------------- cycle=   250 ------ stepsize=    0.0011 -----------------------
 | Etotal =12966.163  grad(E)=13.294     E(BOND)=227.761    E(ANGL)=1162.949   |
 | E(DIHE)=161.197    E(IMPR)=89.000     E(VDW )=11325.256                     |
 -------------------------------------------------------------------------------
 --------------- cycle=   300 ------ stepsize=    0.0010 -----------------------
 | Etotal =12966.004  grad(E)=13.293     E(BOND)=227.778    E(ANGL)=1162.721   |
 | E(DIHE)=161.299    E(IMPR)=89.038     E(VDW )=11325.168                     |
 -------------------------------------------------------------------------------
 --------------- cycle=   350 ------ stepsize=    0.0009 -----------------------
 | Etotal =12965.996  grad(E)=13.294     E(BOND)=227.780    E(ANGL)=1162.794   |
 | E(DIHE)=161.348    E(IMPR)=89.012     E(VDW )=11325.062                     |
 -------------------------------------------------------------------------------
 --------------- cycle=   400 ------ stepsize=    0.0012 -----------------------
 | Etotal =12965.996  grad(E)=13.294     E(BOND)=227.783    E(ANGL)=1162.781   |
 | E(DIHE)=161.365    E(IMPR)=89.016     E(VDW )=11325.051                     |
 -------------------------------------------------------------------------------
 --------------- cycle=   450 ------ stepsize=    0.0000 -----------------------
 | Etotal =12965.916  grad(E)=13.291     E(BOND)=227.785    E(ANGL)=1162.358   |
 | E(DIHE)=162.140    E(IMPR)=88.975     E(VDW )=11324.658                     |
 -------------------------------------------------------------------------------
 --------------- cycle=   500 ------ stepsize=    0.0005 -----------------------
 | Etotal =12965.880  grad(E)=13.292     E(BOND)=227.813    E(ANGL)=1162.431   |
 | E(DIHE)=162.098    E(IMPR)=89.033     E(VDW )=11324.504                     |
 -------------------------------------------------------------------------------
 POWELL: STEP number limit. Normal termination
 POWELL: Current coordinates set to last minimum
 DCART: temperature coupling (TCOUpling) enabled
 -------------------------- Cartesian dynamics start ---------------------------
 | E(kin)+E(total)=17039.704       E(kin)=4073.825      temperature=297.755    |
 | Etotal =12965.880  grad(E)=13.292     E(BOND)=227.813    E(ANGL)=1162.431   |
 | E(DIHE)=162.098    E(IMPR)=89.033     E(VDW )=11324.504                     |
 -------------------------------------------------------------------------------
 NBONDS: found   672594 intra-atom interactions
 NBONDS: found   672571 intra-atom interactions
 NBONDS: found   672545 intra-atom interactions
 NBONDS: found   672463 intra-atom interactions
 NBONDS: found   672474 intra-atom interactions
 NBONDS: found   672478 intra-atom interactions
 NBONDS: found   672520 intra-atom interactions
 ----------------- final step=      500 at      0.25000 ps ---------------------
 | E(kin)+E(total)=21202.517       E(kin)=4260.476      temperature=311.397    |
 | Etotal =16942.041  grad(E)=31.644     E(BOND)=1321.757   E(ANGL)=3410.146   |
 | E(DIHE)=173.794    E(IMPR)=411.025    E(VDW )=11625.320                     |
 -------------------------------------------------------------------------------
 CENMAS: Information about center of free masses
         position [A]          :     -0.54341      0.03277     -0.20762
         velocity [A/ps]       :      0.26454     -0.46914      0.16956
         ang. mom. [amu A/ps]  :  -8977.83199  28209.37391  37545.65690
         kin. ener. [Kcal/mol] :      1.76278
 POWELL: number of degrees of freedom= 13770
 --------------- cycle=    50 ------ stepsize=    0.0009 -----------------------
 | Etotal =12965.484  grad(E)=13.298     E(BOND)=227.864    E(ANGL)=1163.615   |
 | E(DIHE)=160.266    E(IMPR)=89.354     E(VDW )=11324.385                     |
 -------------------------------------------------------------------------------
 --------------- cycle=   100 ------ stepsize=    0.0010 -----------------------
 | Etotal =12960.151  grad(E)=13.292     E(BOND)=227.983    E(ANGL)=1162.319   |
 | E(DIHE)=158.072    E(IMPR)=89.242     E(VDW )=11322.534                     |
 -------------------------------------------------------------------------------
 --------------- cycle=   150 ------ stepsize=    0.0011 -----------------------
 | Etotal =12958.602  grad(E)=13.290     E(BOND)=227.926    E(ANGL)=1161.912   |
 | E(DIHE)=158.660    E(IMPR)=89.112     E(VDW )=11320.993                     |
 -------------------------------------------------------------------------------
 --------------- cycle=   200 ------ stepsize=    0.0012 -----------------------
 | Etotal =12958.532  grad(E)=13.290     E(BOND)=227.890    E(ANGL)=1161.952   |
 | E(DIHE)=158.704    E(IMPR)=89.075     E(VDW )=11320.912                     |
 -------------------------------------------------------------------------------
 --------------- cycle=   250 ------ stepsize=    0.0009 -----------------------
 | Etotal =12958.529  grad(E)=13.290     E(BOND)=227.887    E(ANGL)=1161.954   |
 | E(DIHE)=158.718    E(IMPR)=89.091     E(VDW )=11320.881                     |
 -------------------------------------------------------------------------------
 --------------- cycle=   300 ------ stepsize=    0.0012 -----------------------
 | Etotal =12958.529  grad(E)=13.290     E(BOND)=227.886    E(ANGL)=1161.950   |
 | E(DIHE)=158.722    E(IMPR)=89.091     E(VDW )=11320.879                     |
 -------------------------------------------------------------------------------
 --------------- cycle=   350 ------ stepsize=    0.0014 -----------------------
 | Etotal =12958.529  grad(E)=13.290     E(BOND)=227.886    E(ANGL)=1161.950   |
 | E(DIHE)=158.726    E(IMPR)=89.091     E(VDW )=11320.876                     |
 -------------------------------------------------------------------------------
 POWELL: Gradient converged. Normal termination
 POWELL: Current coordinates set to last minimum
 POWELL: number of degrees of freedom= 18372
 NBONDS: found   672469 intra-atom interactions
 NBONDS: found   672375 intra-atom interactions
 --------------- cycle=     5 ------ stepsize=    0.0160 -----------------------
 | Etotal =18903.123  grad(E)=37.882     E(BOND)=4320.509   E(ANGL)=2648.228   |
 | E(DIHE)=159.105    E(IMPR)=316.895    E(VDW )=11458.386                     |
 -------------------------------------------------------------------------------
 NBONDS: found   672464 intra-atom interactions
 --------------- cycle=    10 ------ stepsize=   -0.0002 -----------------------
 | Etotal =12646.257  grad(E)=13.233     E(BOND)=222.487    E(ANGL)=1157.832   |
 | E(DIHE)=158.802    E(IMPR)=88.570     E(VDW )=11018.566                     |
 -------------------------------------------------------------------------------
 --------------- cycle=    15 ------ stepsize=    0.0013 -----------------------
 | Etotal =12639.532  grad(E)=13.229     E(BOND)=222.044    E(ANGL)=1157.245   |
 | E(DIHE)=158.741    E(IMPR)=87.900     E(VDW )=11013.603                     |
 -------------------------------------------------------------------------------
 --------------- cycle=    20 ------ stepsize=   -0.0001 -----------------------
 | Etotal =12638.594  grad(E)=13.229     E(BOND)=221.669    E(ANGL)=1156.733   |
 | E(DIHE)=158.764    E(IMPR)=88.138     E(VDW )=11013.290                     |
 -------------------------------------------------------------------------------
 --------------- cycle=    25 ------ stepsize=    0.0012 -----------------------
 | Etotal =12637.716  grad(E)=13.230     E(BOND)=221.657    E(ANGL)=1156.933   |
 | E(DIHE)=158.707    E(IMPR)=87.964     E(VDW )=11012.454                     |
 -------------------------------------------------------------------------------
 --------------- cycle=    30 ------ stepsize=    0.0001 -----------------------
 | Etotal =12637.294  grad(E)=13.225     E(BOND)=221.672    E(ANGL)=1156.374   |
 | E(DIHE)=158.656    E(IMPR)=88.247     E(VDW )=11012.344                     |
 -------------------------------------------------------------------------------
 --------------- cycle=    35 ------ stepsize=    0.0012 -----------------------
 | Etotal =12636.470  grad(E)=13.226     E(BOND)=221.784    E(ANGL)=1156.767   |
 | E(DIHE)=158.509    E(IMPR)=87.869     E(VDW )=11011.540                     |
 -------------------------------------------------------------------------------
 --------------- cycle=    40 ------ stepsize=    0.0003 -----------------------
 | Etotal =12634.311  grad(E)=13.239     E(BOND)=222.236    E(ANGL)=1156.241   |
 | E(DIHE)=157.967    E(IMPR)=88.598     E(VDW )=11009.270                     |
 -------------------------------------------------------------------------------
 --------------- cycle=    45 ------ stepsize=   -0.0005 -----------------------
 | Etotal =12631.891  grad(E)=13.229     E(BOND)=221.948    E(ANGL)=1156.339   |
 | E(DIHE)=157.760    E(IMPR)=88.215     E(VDW )=11007.629                     |
 -------------------------------------------------------------------------------
 --------------- cycle=    50 ------ stepsize=    0.0014 -----------------------
 | Etotal =12630.513  grad(E)=13.230     E(BOND)=221.916    E(ANGL)=1157.040   |
 | E(DIHE)=157.574    E(IMPR)=88.155     E(VDW )=11005.828                     |
 -------------------------------------------------------------------------------
 POWELL: STEP number limit. Normal termination
 POWELL: Current coordinates set to last minimum
 %PARRDR-info: duplication of bond HC   NC2 
 %PARRDR-info: duplication of angle CH2E C    NH1 
 %PARRDR-info: duplication of angle CH2P CH2E HA  
 POWELL: number of degrees of freedom= 18372
 NBONDS: generating intra-molecular exclusion list with mode= 5
 MAKINB: mode   5 found  17774 exclusions and  17776 interactions(1-4)
 NBONDS: found   889513 intra-atom interactions
 NBONDS: found   889750 intra-atom interactions
 --------------- cycle=    50 ------ stepsize=   -0.0004 -----------------------
 | Etotal =12.517     grad(E)=5.481      E(BOND)=15.984     E(ANGL)=426.377    |
 | E(DIHE)=55.467     E(IMPR)=31.858     E(VDW )=-518.095   E(ELEC)=0.927      |
 -------------------------------------------------------------------------------
 POWELL: STEP number limit. Normal termination
 POWELL: Current coordinates set to last minimum
 --------------- cycle=     1 --------------------------------------------------
 | Etotal =12.517     grad(E)=5.481      E(BOND)=15.984     E(ANGL)=426.377    |
 | E(DIHE)=55.467     E(IMPR)=31.858     E(VDW )=-518.095   E(ELEC)=0.927      |
 -------------------------------------------------------------------------------
 SURFAC: half the sigma value being used for atomic radii.
 SURFAC: ACCEssible surface area
 SURFAC: ACCUracy= 0.07 RH2O=  1.40
         Z-grid=  0.32 number-of-Z-sections=  211
         measures-of-arc= 93460 and152463
 SURFAC: half the sigma value being used for atomic radii.
 SURFAC: ACCEssible surface area
 SURFAC: ACCUracy= 0.07 RH2O=  1.40
         Z-grid=  0.32 number-of-Z-sections=  134
         measures-of-arc= 25787 and 46254
 SURFAC: half the sigma value being used for atomic radii.
 SURFAC: ACCEssible surface area
 SURFAC: ACCUracy= 0.07 RH2O=  1.40
         Z-grid=  0.32 number-of-Z-sections=  211
         measures-of-arc=121108 and198999
 %PARRDR-info: duplication of bond HC   NC2 
 %PARRDR-info: duplication of angle CH2E C    NH1 
 %PARRDR-info: duplication of angle CH2P CH2E HA  
 NBONDS: generating intra-molecular exclusion list with mode= 5
 MAKINB: mode   5 found      0 exclusions and      0 interactions(1-4)
 NBONDS: found      440 intra-atom interactions
 --------------- cycle=     2 --------------------------------------------------
 | Etotal =-3.444     grad(E)=0.045      E(VDW )=-0.594     E(ELEC)=-2.850     |
 -------------------------------------------------------------------------------
 NBONDS: generating intra-molecular exclusion list with mode= 5
 MAKINB: mode   5 found      0 exclusions and      0 interactions(1-4)
 NBONDS: found     1368 intra-atom interactions
 --------------- cycle=     3 --------------------------------------------------
 | Etotal =-6.872     grad(E)=0.131      E(VDW )=-3.392     E(ELEC)=-3.480     |
 -------------------------------------------------------------------------------
 NBONDS: generating intra-molecular exclusion list with mode= 5
 MAKINB: mode   5 found      0 exclusions and      0 interactions(1-4)
 NBONDS: found     1757 intra-atom interactions
 --------------- cycle=     4 --------------------------------------------------
 | Etotal =-13.405    grad(E)=0.119      E(VDW )=-3.961     E(ELEC)=-9.444     |
 -------------------------------------------------------------------------------
 NBONDS: generating intra-molecular exclusion list with mode= 5
 MAKINB: mode   5 found      0 exclusions and      0 interactions(1-4)
 NBONDS: found     1620 intra-atom interactions
 --------------- cycle=     5 --------------------------------------------------
 | Etotal =-7.356     grad(E)=0.026      E(VDW )=-6.918     E(ELEC)=-0.438     |
 -------------------------------------------------------------------------------
 NBONDS: generating intra-molecular exclusion list with mode= 5
 MAKINB: mode   5 found      0 exclusions and      0 interactions(1-4)
 NBONDS: found      961 intra-atom interactions
 --------------- cycle=     6 --------------------------------------------------
 | Etotal =-78.745    grad(E)=0.325      E(VDW )=-1.280     E(ELEC)=-77.465    |
 -------------------------------------------------------------------------------
 NBONDS: generating intra-molecular exclusion list with mode= 5
 MAKINB: mode   5 found      0 exclusions and      0 interactions(1-4)
 NBONDS: found     2884 intra-atom interactions
 --------------- cycle=     7 --------------------------------------------------
 | Etotal =-59.946    grad(E)=0.295      E(VDW )=-6.710     E(ELEC)=-53.236    |
 -------------------------------------------------------------------------------
 NBONDS: generating intra-molecular exclusion list with mode= 5
 MAKINB: mode   5 found      0 exclusions and      0 interactions(1-4)
 NBONDS: found     1984 intra-atom interactions
 --------------- cycle=     8 --------------------------------------------------
 | Etotal =8.463      grad(E)=0.184      E(VDW )=-3.916     E(ELEC)=12.378     |
 -------------------------------------------------------------------------------
 NBONDS: generating intra-molecular exclusion list with mode= 5
 MAKINB: mode   5 found      0 exclusions and      0 interactions(1-4)
 NBONDS: found      858 intra-atom interactions
 --------------- cycle=     9 --------------------------------------------------
 | Etotal =-25.515    grad(E)=0.331      E(VDW )=-0.595     E(ELEC)=-24.920    |
 -------------------------------------------------------------------------------
 NBONDS: generating intra-molecular exclusion list with mode= 5
 MAKINB: mode   5 found      0 exclusions and      0 interactions(1-4)
 NBONDS: found      501 intra-atom interactions
 --------------- cycle=    10 --------------------------------------------------
 | Etotal =-16.399    grad(E)=0.167      E(VDW )=-0.991     E(ELEC)=-15.408    |
 -------------------------------------------------------------------------------
 NBONDS: generating intra-molecular exclusion list with mode= 5
 MAKINB: mode   5 found      0 exclusions and      0 interactions(1-4)
 NBONDS: found      859 intra-atom interactions
 --------------- cycle=    11 --------------------------------------------------
 | Etotal =-14.968    grad(E)=0.293      E(VDW )=-1.668     E(ELEC)=-13.299    |
 -------------------------------------------------------------------------------
 NBONDS: generating intra-molecular exclusion list with mode= 5
 MAKINB: mode   5 found      0 exclusions and      0 interactions(1-4)
 NBONDS: found     1267 intra-atom interactions
 --------------- cycle=    12 --------------------------------------------------
 | Etotal =-5.376     grad(E)=0.091      E(VDW )=-4.346     E(ELEC)=-1.030     |
 -------------------------------------------------------------------------------
 NBONDS: generating intra-molecular exclusion list with mode= 5
 MAKINB: mode   5 found      0 exclusions and      0 interactions(1-4)
 NBONDS: found      554 intra-atom interactions
 --------------- cycle=    13 --------------------------------------------------
 | Etotal =1.283      grad(E)=0.065      E(VDW )=-1.031     E(ELEC)=2.314      |
 -------------------------------------------------------------------------------
 NBONDS: generating intra-molecular exclusion list with mode= 5
 MAKINB: mode   5 found      0 exclusions and      0 interactions(1-4)
 NBONDS: found      610 intra-atom interactions
 --------------- cycle=    14 --------------------------------------------------
 | Etotal =-0.254     grad(E)=0.010      E(VDW )=-0.690     E(ELEC)=0.436      |
 -------------------------------------------------------------------------------
 NBONDS: generating intra-molecular exclusion list with mode= 5
 MAKINB: mode   5 found      0 exclusions and      0 interactions(1-4)
 NBONDS: found      705 intra-atom interactions
 --------------- cycle=    15 --------------------------------------------------
 | Etotal =-3.586     grad(E)=0.019      E(VDW )=-3.510     E(ELEC)=-0.076     |
 -------------------------------------------------------------------------------
 NBONDS: generating intra-molecular exclusion list with mode= 5
 MAKINB: mode   5 found      0 exclusions and      0 interactions(1-4)
 NBONDS: found      336 intra-atom interactions
 --------------- cycle=    16 --------------------------------------------------
 | Etotal =-1.651     grad(E)=0.006      E(VDW )=-1.611     E(ELEC)=-0.039     |
 -------------------------------------------------------------------------------
 NBONDS: generating intra-molecular exclusion list with mode= 5
 MAKINB: mode   5 found      0 exclusions and      0 interactions(1-4)
 NBONDS: found      690 intra-atom interactions
 --------------- cycle=    17 --------------------------------------------------
 | Etotal =-6.018     grad(E)=0.042      E(VDW )=-3.010     E(ELEC)=-3.008     |
 -------------------------------------------------------------------------------
 NBONDS: generating intra-molecular exclusion list with mode= 5
 MAKINB: mode   5 found      0 exclusions and      0 interactions(1-4)
 NBONDS: found      541 intra-atom interactions
 --------------- cycle=    18 --------------------------------------------------
 | Etotal =-3.725     grad(E)=0.049      E(VDW )=-0.571     E(ELEC)=-3.155     |
 -------------------------------------------------------------------------------
 NBONDS: generating intra-molecular exclusion list with mode= 5
 MAKINB: mode   5 found      0 exclusions and      0 interactions(1-4)
 NBONDS: found      370 intra-atom interactions
 --------------- cycle=    19 --------------------------------------------------
 | Etotal =-1.071     grad(E)=0.022      E(VDW )=-1.089     E(ELEC)=0.018      |
 -------------------------------------------------------------------------------
 NBONDS: generating intra-molecular exclusion list with mode= 5
 MAKINB: mode   5 found      0 exclusions and      0 interactions(1-4)
 NBONDS: found     3103 intra-atom interactions
 --------------- cycle=    20 --------------------------------------------------
 | Etotal =-36.373    grad(E)=0.284      E(VDW )=-10.589    E(ELEC)=-25.784    |
 -------------------------------------------------------------------------------
 NBONDS: generating intra-molecular exclusion list with mode= 5
 MAKINB: mode   5 found      0 exclusions and      0 interactions(1-4)
 NBONDS: found      657 intra-atom interactions
 --------------- cycle=    21 --------------------------------------------------
 | Etotal =-3.548     grad(E)=0.051      E(VDW )=-3.213     E(ELEC)=-0.335     |
 -------------------------------------------------------------------------------
 NBONDS: generating intra-molecular exclusion list with mode= 5
 MAKINB: mode   5 found      0 exclusions and      0 interactions(1-4)
 NBONDS: found      752 intra-atom interactions
 --------------- cycle=    22 --------------------------------------------------
 | Etotal =-5.394     grad(E)=0.136      E(VDW )=-3.311     E(ELEC)=-2.084     |
 -------------------------------------------------------------------------------
 NBONDS: generating intra-molecular exclusion list with mode= 5
 MAKINB: mode   5 found      0 exclusions and      0 interactions(1-4)
 NBONDS: found      479 intra-atom interactions
 --------------- cycle=    23 --------------------------------------------------
 | Etotal =-2.083     grad(E)=0.079      E(VDW )=-1.185     E(ELEC)=-0.898     |
 -------------------------------------------------------------------------------
 NBONDS: generating intra-molecular exclusion list with mode= 5
 MAKINB: mode   5 found      0 exclusions and      0 interactions(1-4)
 NBONDS: found      825 intra-atom interactions
 --------------- cycle=    24 --------------------------------------------------
 | Etotal =4.380      grad(E)=0.144      E(VDW )=-1.226     E(ELEC)=5.607      |
 -------------------------------------------------------------------------------
 NBONDS: generating intra-molecular exclusion list with mode= 5
 MAKINB: mode   5 found      0 exclusions and      0 interactions(1-4)
 NBONDS: found      945 intra-atom interactions
 --------------- cycle=    25 --------------------------------------------------
 | Etotal =-80.106    grad(E)=0.337      E(VDW )=2.048      E(ELEC)=-82.154    |
 -------------------------------------------------------------------------------
 NBONDS: generating intra-molecular exclusion list with mode= 5
 MAKINB: mode   5 found      0 exclusions and      0 interactions(1-4)
 NBONDS: found      750 intra-atom interactions
 --------------- cycle=    26 --------------------------------------------------
 | Etotal =-15.433    grad(E)=0.234      E(VDW )=-1.728     E(ELEC)=-13.705    |
 -------------------------------------------------------------------------------
 NBONDS: generating intra-molecular exclusion list with mode= 5
 MAKINB: mode   5 found      0 exclusions and      0 interactions(1-4)
 NBONDS: found      351 intra-atom interactions
 --------------- cycle=    27 --------------------------------------------------
 | Etotal =-0.161     grad(E)=0.053      E(VDW )=-0.553     E(ELEC)=0.391      |
 -------------------------------------------------------------------------------
 NBONDS: generating intra-molecular exclusion list with mode= 5
 MAKINB: mode   5 found      0 exclusions and      0 interactions(1-4)
 NBONDS: found     1316 intra-atom interactions
 --------------- cycle=    28 --------------------------------------------------
 | Etotal =1.835      grad(E)=0.050      E(VDW )=-3.695     E(ELEC)=5.530      |
 -------------------------------------------------------------------------------
 NBONDS: generating intra-molecular exclusion list with mode= 5
 MAKINB: mode   5 found      0 exclusions and      0 interactions(1-4)
 NBONDS: found     1389 intra-atom interactions
 --------------- cycle=    29 --------------------------------------------------
 | Etotal =-4.496     grad(E)=0.031      E(VDW )=-6.031     E(ELEC)=1.535      |
 -------------------------------------------------------------------------------
 NBONDS: generating intra-molecular exclusion list with mode= 5
 MAKINB: mode   5 found      0 exclusions and      0 interactions(1-4)
 NBONDS: found      708 intra-atom interactions
 --------------- cycle=    30 --------------------------------------------------
 | Etotal =-3.174     grad(E)=0.035      E(VDW )=-1.453     E(ELEC)=-1.720     |
 -------------------------------------------------------------------------------
 NBONDS: generating intra-molecular exclusion list with mode= 5
 MAKINB: mode   5 found      0 exclusions and      0 interactions(1-4)
 NBONDS: found      933 intra-atom interactions
 --------------- cycle=    31 --------------------------------------------------
 | Etotal =-9.335     grad(E)=0.133      E(VDW )=-1.535     E(ELEC)=-7.799     |
 -------------------------------------------------------------------------------
 NBONDS: generating intra-molecular exclusion list with mode= 5
 MAKINB: mode   5 found      0 exclusions and      0 interactions(1-4)
 NBONDS: found      391 intra-atom interactions
 --------------- cycle=    32 --------------------------------------------------
 | Etotal =-2.191     grad(E)=0.050      E(VDW )=-1.331     E(ELEC)=-0.861     |
 -------------------------------------------------------------------------------
 NBONDS: generating intra-molecular exclusion list with mode= 5
 MAKINB: mode   5 found      0 exclusions and      0 interactions(1-4)
 NBONDS: found      211 intra-atom interactions
 --------------- cycle=    33 --------------------------------------------------
 | Etotal =-0.523     grad(E)=0.020      E(VDW )=-0.174     E(ELEC)=-0.349     |
 -------------------------------------------------------------------------------
 NBONDS: generating intra-molecular exclusion list with mode= 5
 MAKINB: mode   5 found      0 exclusions and      0 interactions(1-4)
 NBONDS: found      413 intra-atom interactions
 --------------- cycle=    34 --------------------------------------------------
 | Etotal =-0.661     grad(E)=0.022      E(VDW )=-1.182     E(ELEC)=0.522      |
 -------------------------------------------------------------------------------
 NBONDS: generating intra-molecular exclusion list with mode= 5
 MAKINB: mode   5 found      0 exclusions and      0 interactions(1-4)
 NBONDS: found     2148 intra-atom interactions
 --------------- cycle=    35 --------------------------------------------------
 | Etotal =-9.640     grad(E)=0.029      E(VDW )=-9.107     E(ELEC)=-0.533     |
 -------------------------------------------------------------------------------
 NBONDS: generating intra-molecular exclusion list with mode= 5
 MAKINB: mode   5 found      0 exclusions and      0 interactions(1-4)
 NBONDS: found     1279 intra-atom interactions
 --------------- cycle=    36 --------------------------------------------------
 | Etotal =-5.501     grad(E)=0.085      E(VDW )=-3.615     E(ELEC)=-1.886     |
 -------------------------------------------------------------------------------
 NBONDS: generating intra-molecular exclusion list with mode= 5
 MAKINB: mode   5 found      0 exclusions and      0 interactions(1-4)
 NBONDS: found     1732 intra-atom interactions
 --------------- cycle=    37 --------------------------------------------------
 | Etotal =-4.894     grad(E)=0.131      E(VDW )=-6.150     E(ELEC)=1.256      |
 -------------------------------------------------------------------------------
 NBONDS: generating intra-molecular exclusion list with mode= 5
 MAKINB: mode   5 found      0 exclusions and      0 interactions(1-4)
 NBONDS: found      346 intra-atom interactions
 --------------- cycle=    38 --------------------------------------------------
 | Etotal =-18.659    grad(E)=0.162      E(VDW )=-1.312     E(ELEC)=-17.348    |
 -------------------------------------------------------------------------------
 NBONDS: generating intra-molecular exclusion list with mode= 5
 MAKINB: mode   5 found      0 exclusions and      0 interactions(1-4)
 NBONDS: found      243 intra-atom interactions
 --------------- cycle=    39 --------------------------------------------------
 | Etotal =-12.485    grad(E)=0.104      E(VDW )=-0.611     E(ELEC)=-11.873    |
 -------------------------------------------------------------------------------
 NBONDS: generating intra-molecular exclusion list with mode= 5
 MAKINB: mode   5 found      0 exclusions and      0 interactions(1-4)
 NBONDS: found     1257 intra-atom interactions
 --------------- cycle=    40 --------------------------------------------------
 | Etotal =-56.036    grad(E)=0.396      E(VDW )=0.232      E(ELEC)=-56.268    |
 -------------------------------------------------------------------------------
 NBONDS: generating intra-molecular exclusion list with mode= 5
 MAKINB: mode   5 found      0 exclusions and      0 interactions(1-4)
 NBONDS: found      535 intra-atom interactions
 --------------- cycle=    41 --------------------------------------------------
 | Etotal =-1.604     grad(E)=0.104      E(VDW )=-0.560     E(ELEC)=-1.044     |
 -------------------------------------------------------------------------------
 NBONDS: generating intra-molecular exclusion list with mode= 5
 MAKINB: mode   5 found      0 exclusions and      0 interactions(1-4)
 NBONDS: found      547 intra-atom interactions
 --------------- cycle=    42 --------------------------------------------------
 | Etotal =-0.966     grad(E)=0.058      E(VDW )=-0.523     E(ELEC)=-0.443     |
 -------------------------------------------------------------------------------
 NBONDS: generating intra-molecular exclusion list with mode= 5
 MAKINB: mode   5 found      0 exclusions and      0 interactions(1-4)
 NBONDS: found      410 intra-atom interactions
 --------------- cycle=    43 --------------------------------------------------
 | Etotal =-17.829    grad(E)=0.126      E(VDW )=-0.861     E(ELEC)=-16.968    |
 -------------------------------------------------------------------------------
 NBONDS: generating intra-molecular exclusion list with mode= 5
 MAKINB: mode   5 found      0 exclusions and      0 interactions(1-4)
 NBONDS: found     1520 intra-atom interactions
 --------------- cycle=    44 --------------------------------------------------
 | Etotal =0.437      grad(E)=0.092      E(VDW )=-4.239     E(ELEC)=4.677      |
 -------------------------------------------------------------------------------
 NBONDS: generating intra-molecular exclusion list with mode= 5
 MAKINB: mode   5 found      0 exclusions and      0 interactions(1-4)
 NBONDS: found     2149 intra-atom interactions
 --------------- cycle=    45 --------------------------------------------------
 | Etotal =-15.509    grad(E)=0.129      E(VDW )=-7.405     E(ELEC)=-8.104     |
 -------------------------------------------------------------------------------
 NBONDS: generating intra-molecular exclusion list with mode= 5
 MAKINB: mode   5 found      0 exclusions and      0 interactions(1-4)
 NBONDS: found     1177 intra-atom interactions
 --------------- cycle=    46 --------------------------------------------------
 | Etotal =-8.662     grad(E)=0.119      E(VDW )=-5.662     E(ELEC)=-2.999     |
 -------------------------------------------------------------------------------
 NBONDS: generating intra-molecular exclusion list with mode= 5
 MAKINB: mode   5 found      0 exclusions and      0 interactions(1-4)
 NBONDS: found      663 intra-atom interactions
 --------------- cycle=    47 --------------------------------------------------
 | Etotal =-8.201     grad(E)=0.093      E(VDW )=-1.729     E(ELEC)=-6.472     |
 -------------------------------------------------------------------------------
 NBONDS: generating intra-molecular exclusion list with mode= 5
 MAKINB: mode   5 found      0 exclusions and      0 interactions(1-4)
 NBONDS: found     1741 intra-atom interactions
 --------------- cycle=    48 --------------------------------------------------
 | Etotal =-4.298     grad(E)=0.065      E(VDW )=-6.486     E(ELEC)=2.188      |
 -------------------------------------------------------------------------------
 HEAP: maximum use      =    22574952 current use      =       96000 bytes
 HEAP: maximum overhead =        2800 current overhead =         752 bytes
          ============================================================
           Maximum dynamic memory allocation:    22574952 bytes
           Maximum dynamic memory overhead:          2800 bytes
           Program started at: 16:52:47 on 08-May-2020
           Program stopped at: 16:53:11 on 08-May-2020
           CPU time used:      24.0000 seconds
          ============================================================
