          ============================================================
          |                                                          |
          |            Crystallography & NMR System (CNS)            |
          |                         CNSsolve                         |
          |                                                          |
          ============================================================
           Version: 1.3 at patch level U
           Status: Special UU release with Rg and paramagnetic
                   restraints (A. Bonvin, UU 2011)
          ============================================================
           Written by: A.T.Brunger, P.D.Adams, G.M.Clore, W.L.DeLano,
                       P.Gros, R.W.Grosse-Kunstleve,J.-S.Jiang,J.M.Krahn,
                       J.Kuszewski, M.Nilges, N.S.Pannu, R.J.Read,
                       L.M.Rice, G.F.Schroeder, T.Simonson, G.L.Warren.
           Copyright (c) 1997-2010 Yale University
          ============================================================
           Running on machine: hostname unknown (x86_64/Linux,64-bit)
           Program started by: joaor
           Program started at: 16:13:53 on 08-May-2020
          ============================================================

 FFT3C: Using FFTPACK4.1

 CNSsolve>! 
 CNSsolve>! Calculates pairwise energies between residues 
 CNSsolve>! Will only rebuild hydrogen atoms 
 CNSsolve>! 
 CNSsolve>! Adapted from HADDOCK protocols here and there. 
 CNSsolve>! JR & AMJJB @ 2020 
 CNSsolve>! 
 CNSsolve>define( 
 DEFINE>    {===>} auto_break=true; 
 DEFINE>    {===>} break_cutoff=2.5; 
 DEFINE>    {===>} dnaauto_break=true; 
 DEFINE>    {===>} dbreak_cutoff=4.5; 
 DEFINE>    {===>} auto_cispro=true; 
 DEFINE>    {===>} auto_disu=true; 
 DEFINE>    {===>} disulphide_dist=3.0; 
 DEFINE>    {===>} glyco_dist=2.75; 
 DEFINE>    {===>} coorin="molecule.pdb"; 
 DEFINE>    {===>} icutoff=5.0; 
 DEFINE>) 
 CNSsolve> 
 CNSsolve>! Mute (most) output 
 CNSsolve>set message=on echo=off end 
 ASSFIL: file merged.param opened.
 MESSage=NORM
 EVALUATE: symbol $OLD_MESSAGE set to "NORM" (string)
 ECHO=FALSe {OFF}
 EVALUATE: symbol $OLD_ECHO set to FALSE (logical)
 %PARRDR-info: duplication of bond HC   NC2 
 %PARRDR-info: duplication of angle CH2E C    NH1 
 %PARRDR-info: duplication of angle CH2P CH2E HA  
 ASSFIL: file merged.top opened.
 MESSage=NORM
 EVALUATE: symbol $OLD_MESSAGE set to "NORM" (string)
 ECHO=FALSe {OFF}
 EVALUATE: symbol $OLD_ECHO set to FALSE (logical)
 %RTFIO-warning: undefined masses in residue CYC 
 %RTFIO error encountered: there are undefined masses.
   (CNS is in mode: SET ABORT=NORMal END)
 MESSage=NORM
 EVALUATE: symbol $OLD_MESSAGE set to "NORM" (string)
 ECHO=FALSe {OFF}
 EVALUATE: symbol $OLD_ECHO set to FALSE (logical)
 ASSFIL: file protein_break.top opened.
 %RTFRDR-ERR: duplicate (P-)RESIdue name DPEP
 %RTFRDR-ERR: duplicate (P-)RESIdue name DPPP
 RTFRDR> 
 RTFRDR>end 
 CNSsolve> 
 CNSsolve>! Reset output muting 
 CNSsolve>set message=off echo=off end 
FOUND 2 NAG:ASN pairs
NAG:ASN bond added from   B    910  to   B    546 
NAG:ASN bond added from   E    1401 to   E    343 
FOUND 3 NAG:NAG pairs
NAG:NAG B14 bond added from   B    911  to   B    910 
NAG:NAG B14 bond added from   E    1402 to   E    1401
NAG:NAG B14 bond added from   E    1403 to   E    1402
 %PARRDR-info: duplication of bond HC   NC2 
 %PARRDR-info: duplication of angle CH2E C    NH1 
 %PARRDR-info: duplication of angle CH2P CH2E HA  
 POWELL: number of degrees of freedom= 13713
 NBONDS: generating intra-molecular exclusion list with mode=-2
 MAKINB: mode  -2 found   4571 exclusions and      0 interactions(1-4)
 %atoms "B   -66  -TYR -HB2 " and "B   -66  -TYR -CG  " only  0.06 A apart
 %atoms "B   -161 -ARG -HA  " and "B   -161 -ARG -HD2 " only  0.08 A apart
 %atoms "B   -163 -HIS -HB2 " and "B   -163 -HIS -HE2 " only  0.08 A apart
 %atoms "B   -257 -THR -HA  " and "B   -257 -THR -HB  " only  0.01 A apart
 %atoms "B   -450 -LEU -HG  " and "B   -450 -LEU -HD12" only  0.09 A apart
 %atoms "B   -524 -GLN -HB1 " and "B   -524 -GLN -HG2 " only  0.10 A apart
 NBONDS: found   685991 intra-atom interactions
 NBONDS: found        6 nonbonded violations
 %atoms "B   -286 -PRO -CA  " and "B   -286 -PRO -HD1 " only  0.09 A apart
 %atoms "B   -383 -MET -CA  " and "B   -383 -MET -HG2 " only  0.06 A apart
 %atoms "E   -449 -TYR -CG  " and "E   -449 -TYR -HE1 " only  0.02 A apart
 NBONDS: found   686213 intra-atom interactions
 NBONDS: found        3 nonbonded violations
 NBONDS: found   682721 intra-atom interactions
 %atoms "B   -289 -PRO -HG1 " and "B   -289 -PRO -HD2 " only  0.07 A apart
 %atoms "B   -516 -PHE -HE2 " and "B   -516 -PHE -HZ  " only  0.09 A apart
 NBONDS: found   680632 intra-atom interactions
 NBONDS: found        2 nonbonded violations
 NBONDS: found   679125 intra-atom interactions
 --------------- cycle=    10 ------ stepsize=   -0.0000 -----------------------
 | Etotal =0.34E+07   grad(E)=596.341    E(BOND)=561150.286 E(ANGL)=0.16E+07   |
 | E(VDW )=0.13E+07                                                            |
 -------------------------------------------------------------------------------
 NBONDS: found   679769 intra-atom interactions
 NBONDS: found   679453 intra-atom interactions
 NBONDS: found   680262 intra-atom interactions
 --------------- cycle=    20 ------ stepsize=    0.0000 -----------------------
 | Etotal =0.12E+07   grad(E)=300.542    E(BOND)=223664.070 E(ANGL)=494513.001 |
 | E(VDW )=503305.827                                                          |
 -------------------------------------------------------------------------------
 NBONDS: found   680061 intra-atom interactions
 NBONDS: found   679903 intra-atom interactions
 NBONDS: found   679720 intra-atom interactions
 --------------- cycle=    30 ------ stepsize=    0.0000 -----------------------
 | Etotal =961983.594 grad(E)=244.771    E(BOND)=185856.168 E(ANGL)=355304.365 |
 | E(VDW )=420823.061                                                          |
 -------------------------------------------------------------------------------
 NBONDS: found   679796 intra-atom interactions
 NBONDS: found   679801 intra-atom interactions
 --------------- cycle=    40 ------ stepsize=   -0.0000 -----------------------
 | Etotal =915609.411 grad(E)=234.034    E(BOND)=180814.836 E(ANGL)=329577.793 |
 | E(VDW )=405216.782                                                          |
 -------------------------------------------------------------------------------
 NBONDS: found   679863 intra-atom interactions
 --------------- cycle=    50 ------ stepsize=    0.0001 -----------------------
 | Etotal =896010.151 grad(E)=230.064    E(BOND)=178975.483 E(ANGL)=319711.462 |
 | E(VDW )=397323.206                                                          |
 -------------------------------------------------------------------------------
 POWELL: STEP number limit. Normal termination
 POWELL: Current coordinates set to last minimum
 DCART: temperature coupling (TCOUpling) enabled
 -------------------------- Cartesian dynamics start ---------------------------
 | E(kin)+E(total)=0.35E+07        E(kin)=4144.883      temperature=304.208    |
 | Etotal =0.34E+07   grad(E)=589.443    E(BOND)=178975.483 E(ANGL)=319711.462 |
 | E(IMPR)=0.29E+07                                                            |
 -------------------------------------------------------------------------------
 ----------------- final step=       50 at      0.02500 ps ---------------------
 | E(kin)+E(total)=0.22E+07        E(kin)=427256.718    temperature=31357.888  |
 | Etotal =0.18E+07   grad(E)=325.050    E(BOND)=195357.287 E(ANGL)=826223.532 |
 | E(IMPR)=784858.957                                                          |
 -------------------------------------------------------------------------------
 CENMAS: Information about center of free masses
         position [A]          :     -0.60774      0.00387     -0.16739
         velocity [A/ps]       :      0.23839     -0.66845     -0.39900
         ang. mom. [amu A/ps]  :-272748.06405-343719.964492707100.00618
         kin. ener. [Kcal/mol] :     72.41648
 POWELL: number of degrees of freedom= 13713
 NBONDS: found   677887 intra-atom interactions
 NBONDS: found   676669 intra-atom interactions
 NBONDS: found   677105 intra-atom interactions
 NBONDS: found   678078 intra-atom interactions
 --------------- cycle=    10 ------ stepsize=   -0.0001 -----------------------
 | Etotal =0.19E+07   grad(E)=270.297    E(BOND)=223939.806 E(ANGL)=459262.087 |
 | E(IMPR)=704610.421 E(VDW )=489022.219                                       |
 -------------------------------------------------------------------------------
 NBONDS: found   678704 intra-atom interactions
 NBONDS: found   678865 intra-atom interactions
 NBONDS: found   678919 intra-atom interactions
 NBONDS: found   679262 intra-atom interactions
 NBONDS: found   679131 intra-atom interactions
 --------------- cycle=    20 ------ stepsize=   -0.0002 -----------------------
 | Etotal =0.13E+07   grad(E)=155.721    E(BOND)=183207.305 E(ANGL)=186521.221 |
 | E(IMPR)=588092.357 E(VDW )=356202.972                                       |
 -------------------------------------------------------------------------------
 NBONDS: found   679266 intra-atom interactions
 NBONDS: found   679215 intra-atom interactions
 NBONDS: found   679131 intra-atom interactions
 NBONDS: found   679154 intra-atom interactions
 --------------- cycle=    30 ------ stepsize=    0.0003 -----------------------
 | Etotal =0.12E+07   grad(E)=119.484    E(BOND)=168303.793 E(ANGL)=144750.009 |
 | E(IMPR)=573157.709 E(VDW )=328062.423                                       |
 -------------------------------------------------------------------------------
 NBONDS: found   679126 intra-atom interactions
 NBONDS: found   679157 intra-atom interactions
 --------------- cycle=    40 ------ stepsize=    0.0000 -----------------------
 | Etotal =0.12E+07   grad(E)=113.706    E(BOND)=165054.671 E(ANGL)=136371.636 |
 | E(IMPR)=563515.879 E(VDW )=324024.706                                       |
 -------------------------------------------------------------------------------
 NBONDS: found   679202 intra-atom interactions
 NBONDS: found   679106 intra-atom interactions
 NBONDS: found   679092 intra-atom interactions
 --------------- cycle=    50 ------ stepsize=   -0.0000 -----------------------
 | Etotal =0.12E+07   grad(E)=115.791    E(BOND)=166903.403 E(ANGL)=133226.305 |
 | E(IMPR)=551088.696 E(VDW )=320569.525                                       |
 -------------------------------------------------------------------------------
 POWELL: STEP number limit. Normal termination
 POWELL: Current coordinates set to last minimum
 DCART: temperature coupling (TCOUpling) enabled
 -------------------------- Cartesian dynamics start ---------------------------
 | E(kin)+E(total)=0.12E+07        E(kin)=4059.429      temperature=297.936    |
 | Etotal =0.12E+07   grad(E)=115.791    E(BOND)=166903.403 E(ANGL)=133226.305 |
 | E(IMPR)=551088.696 E(VDW )=320569.525                                       |
 -------------------------------------------------------------------------------
 NBONDS: found   679015 intra-atom interactions
 NBONDS: found   679014 intra-atom interactions
 ----------------- final step=       50 at      0.02500 ps ---------------------
 | E(kin)+E(total)=0.12E+07        E(kin)=7159.392      temperature=525.453    |
 | Etotal =0.12E+07   grad(E)=115.013    E(BOND)=165782.344 E(ANGL)=130170.873 |
 | E(IMPR)=546115.799 E(VDW )=320703.885                                       |
 -------------------------------------------------------------------------------
 CENMAS: Information about center of free masses
         position [A]          :     -0.61304     -0.00799     -0.16747
         velocity [A/ps]       :      0.00171      0.06146     -0.12682
         ang. mom. [amu A/ps]  :-142081.21959 -19155.73265  67441.20177
         kin. ener. [Kcal/mol] :      2.17011
 %PARRDR-info: duplication of bond HC   NC2 
 %PARRDR-info: duplication of angle CH2E C    NH1 
 %PARRDR-info: duplication of angle CH2P CH2E HA  
 POWELL: number of degrees of freedom= 13713
 NBONDS: generating intra-molecular exclusion list with mode=-3
 MAKINB: mode  -3 found  15620 exclusions and      0 interactions(1-4)
 NBONDS: found   668051 intra-atom interactions
 NBONDS: found   669685 intra-atom interactions
 NBONDS: found   669677 intra-atom interactions
 NBONDS: found   669899 intra-atom interactions
 NBONDS: found   670508 intra-atom interactions
 NBONDS: found   670409 intra-atom interactions
 --------------- cycle=    25 ------ stepsize=    0.0003 -----------------------
 | Etotal =236158.659 grad(E)=95.446     E(BOND)=9934.401   E(ANGL)=118205.693 |
 | E(IMPR)=106268.262 E(VDW )=1750.303                                         |
 -------------------------------------------------------------------------------
 NBONDS: found   670326 intra-atom interactions
 NBONDS: found   670098 intra-atom interactions
 NBONDS: found   670125 intra-atom interactions
 NBONDS: found   670233 intra-atom interactions
 NBONDS: found   669982 intra-atom interactions
 NBONDS: found   670170 intra-atom interactions
 --------------- cycle=    50 ------ stepsize=    0.0007 -----------------------
 | Etotal =42761.285  grad(E)=43.463     E(BOND)=2110.527   E(ANGL)=25134.998  |
 | E(IMPR)=14752.791  E(VDW )=762.969                                          |
 -------------------------------------------------------------------------------
 NBONDS: found   670157 intra-atom interactions
 NBONDS: found   670182 intra-atom interactions
 NBONDS: found   670162 intra-atom interactions
 NBONDS: found   670116 intra-atom interactions
 --------------- cycle=    75 ------ stepsize=   -0.0002 -----------------------
 | Etotal =6742.963   grad(E)=17.446     E(BOND)=241.100    E(ANGL)=3989.276   |
 | E(IMPR)=1995.627   E(VDW )=516.960                                          |
 -------------------------------------------------------------------------------
 NBONDS: found   670084 intra-atom interactions
 NBONDS: found   670155 intra-atom interactions
 --------------- cycle=   100 ------ stepsize=    0.0001 -----------------------
 | Etotal =2945.861   grad(E)=8.022      E(BOND)=132.230    E(ANGL)=924.059    |
 | E(IMPR)=1424.040   E(VDW )=465.533                                          |
 -------------------------------------------------------------------------------
 POWELL: STEP number limit. Normal termination
 POWELL: Current coordinates set to last minimum
 DCART: temperature coupling (TCOUpling) enabled
 -------------------------- Cartesian dynamics start ---------------------------
 | E(kin)+E(total)=6982.378        E(kin)=4046.041      temperature=296.953    |
 | Etotal =2936.337   grad(E)=6.377      E(BOND)=87.897     E(ANGL)=890.092    |
 | E(IMPR)=1487.707   E(VDW )=470.642                                          |
 -------------------------------------------------------------------------------
 NBONDS: found   670154 intra-atom interactions
 NBONDS: found   670177 intra-atom interactions
 NBONDS: found   670154 intra-atom interactions
 NBONDS: found   670177 intra-atom interactions
 NBONDS: found   670103 intra-atom interactions
 NBONDS: found   670077 intra-atom interactions
 NBONDS: found   670169 intra-atom interactions
 NBONDS: found   670095 intra-atom interactions
 NBONDS: found   670220 intra-atom interactions
 NBONDS: found   670244 intra-atom interactions
 NBONDS: found   670153 intra-atom interactions
 NBONDS: found   670135 intra-atom interactions
 NBONDS: found   670117 intra-atom interactions
 NBONDS: found   670207 intra-atom interactions
 NBONDS: found   670168 intra-atom interactions
 NBONDS: found   670151 intra-atom interactions
 NBONDS: found   670099 intra-atom interactions
 NBONDS: found   670059 intra-atom interactions
 NBONDS: found   670107 intra-atom interactions
 NBONDS: found   670144 intra-atom interactions
 NBONDS: found   670145 intra-atom interactions
 NBONDS: found   670159 intra-atom interactions
 NBONDS: found   670124 intra-atom interactions
 NBONDS: found   670078 intra-atom interactions
 NBONDS: found   670053 intra-atom interactions
 ----------------- final step=      500 at      0.25000 ps ---------------------
 | E(kin)+E(total)=8840.399        E(kin)=4247.356      temperature=311.729    |
 | Etotal =4593.043   grad(E)=25.824     E(BOND)=879.725    E(ANGL)=2800.825   |
 | E(IMPR)=312.459    E(VDW )=600.034                                          |
 -------------------------------------------------------------------------------
 CENMAS: Information about center of free masses
         position [A]          :     -0.61427     -0.00696     -0.16404
         velocity [A/ps]       :     -0.09446     -0.01960      0.00050
         ang. mom. [amu A/ps]  :  72616.01278 -88298.63997  53070.30834
         kin. ener. [Kcal/mol] :      1.01670
 EFLAGS: the following energy flags are set
 EFLAGS: BOND ANGL DIHE IMPR VDW 
 %PARRDR-info: duplication of bond HC   NC2 
 %PARRDR-info: duplication of angle CH2E C    NH1 
 %PARRDR-info: duplication of angle CH2P CH2E HA  
 POWELL: number of degrees of freedom= 13713
 NBONDS: generating intra-molecular exclusion list with mode=-3
 MAKINB: mode  -3 found  15620 exclusions and      0 interactions(1-4)
 NBONDS: found   670068 intra-atom interactions
 NBONDS: found   669944 intra-atom interactions
 --------------- cycle=    50 ------ stepsize=    0.0009 -----------------------
 | Etotal =12861.779  grad(E)=13.442     E(BOND)=222.754    E(ANGL)=1155.559   |
 | E(DIHE)=201.448    E(IMPR)=97.755     E(VDW )=11184.262                     |
 -------------------------------------------------------------------------------
 NBONDS: found   670019 intra-atom interactions
 --------------- cycle=   100 ------ stepsize=    0.0010 -----------------------
 | Etotal =12565.471  grad(E)=13.351     E(BOND)=222.388    E(ANGL)=1139.804   |
 | E(DIHE)=172.315    E(IMPR)=97.994     E(VDW )=10932.970                     |
 -------------------------------------------------------------------------------
 NBONDS: found   669944 intra-atom interactions
 --------------- cycle=   150 ------ stepsize=    0.0010 -----------------------
 | Etotal =12519.775  grad(E)=13.364     E(BOND)=220.537    E(ANGL)=1144.190   |
 | E(DIHE)=170.740    E(IMPR)=96.506     E(VDW )=10887.802                     |
 -------------------------------------------------------------------------------
 --------------- cycle=   200 ------ stepsize=    0.0013 -----------------------
 | Etotal =12517.644  grad(E)=13.353     E(BOND)=220.410    E(ANGL)=1143.709   |
 | E(DIHE)=170.692    E(IMPR)=95.793     E(VDW )=10887.042                     |
 -------------------------------------------------------------------------------
 --------------- cycle=   250 ------ stepsize=    0.0010 -----------------------
 | Etotal =12517.270  grad(E)=13.353     E(BOND)=220.500    E(ANGL)=1143.580   |
 | E(DIHE)=170.198    E(IMPR)=95.864     E(VDW )=10887.128                     |
 -------------------------------------------------------------------------------
 --------------- cycle=   300 ------ stepsize=    0.0012 -----------------------
 | Etotal =12517.242  grad(E)=13.353     E(BOND)=220.492    E(ANGL)=1143.561   |
 | E(DIHE)=170.202    E(IMPR)=95.870     E(VDW )=10887.117                     |
 -------------------------------------------------------------------------------
 --------------- cycle=   350 ------ stepsize=    0.0009 -----------------------
 | Etotal =12517.240  grad(E)=13.353     E(BOND)=220.492    E(ANGL)=1143.563   |
 | E(DIHE)=170.196    E(IMPR)=95.868     E(VDW )=10887.120                     |
 -------------------------------------------------------------------------------
 --------------- cycle=   400 ------ stepsize=    0.0011 -----------------------
 | Etotal =12517.239  grad(E)=13.353     E(BOND)=220.492    E(ANGL)=1143.562   |
 | E(DIHE)=170.196    E(IMPR)=95.868     E(VDW )=10887.121                     |
 -------------------------------------------------------------------------------
 --------------- cycle=   450 ------ stepsize=    0.0014 -----------------------
 | Etotal =12517.239  grad(E)=13.353     E(BOND)=220.492    E(ANGL)=1143.561   |
 | E(DIHE)=170.198    E(IMPR)=95.869     E(VDW )=10887.120                     |
 -------------------------------------------------------------------------------
 POWELL: Gradient converged. Normal termination
 POWELL: Current coordinates set to last minimum
 DCART: temperature coupling (TCOUpling) enabled
 -------------------------- Cartesian dynamics start ---------------------------
 | E(kin)+E(total)=16552.511       E(kin)=4035.271      temperature=296.163    |
 | Etotal =12517.239  grad(E)=13.353     E(BOND)=220.492    E(ANGL)=1143.561   |
 | E(DIHE)=170.197    E(IMPR)=95.869     E(VDW )=10887.121                     |
 -------------------------------------------------------------------------------
 NBONDS: found   670013 intra-atom interactions
 NBONDS: found   670015 intra-atom interactions
 NBONDS: found   670024 intra-atom interactions
 NBONDS: found   669958 intra-atom interactions
 NBONDS: found   669923 intra-atom interactions
 NBONDS: found   670039 intra-atom interactions
 NBONDS: found   669978 intra-atom interactions
 NBONDS: found   670125 intra-atom interactions
 NBONDS: found   669987 intra-atom interactions
 NBONDS: found   669826 intra-atom interactions
 NBONDS: found   669922 intra-atom interactions
 NBONDS: found   669985 intra-atom interactions
 NBONDS: found   670166 intra-atom interactions
 ----------------- final step=      500 at      0.25000 ps ---------------------
 | E(kin)+E(total)=20747.349       E(kin)=4173.130      temperature=306.281    |
 | Etotal =16574.219  grad(E)=31.922     E(BOND)=1280.216   E(ANGL)=3411.362   |
 | E(DIHE)=178.480    E(IMPR)=447.708    E(VDW )=11256.454                     |
 -------------------------------------------------------------------------------
 CENMAS: Information about center of free masses
         position [A]          :     -0.61366     -0.00688     -0.16391
         velocity [A/ps]       :      0.33478      0.32287      0.02514
         ang. mom. [amu A/ps]  : -14348.94970  14218.31329 -53204.96664
         kin. ener. [Kcal/mol] :      1.19460
 POWELL: number of degrees of freedom= 13713
 --------------- cycle=    50 ------ stepsize=    0.0010 -----------------------
 | Etotal =12539.624  grad(E)=13.352     E(BOND)=220.572    E(ANGL)=1144.483   |
 | E(DIHE)=174.089    E(IMPR)=95.845     E(VDW )=10904.636                     |
 -------------------------------------------------------------------------------
 --------------- cycle=   100 ------ stepsize=    0.0010 -----------------------
 | Etotal =12523.202  grad(E)=13.342     E(BOND)=220.287    E(ANGL)=1142.425   |
 | E(DIHE)=172.442    E(IMPR)=95.792     E(VDW )=10892.255                     |
 -------------------------------------------------------------------------------
 NBONDS: found   669915 intra-atom interactions
 --------------- cycle=   150 ------ stepsize=    0.0012 -----------------------
 | Etotal =12513.370  grad(E)=13.340     E(BOND)=220.419    E(ANGL)=1142.263   |
 | E(DIHE)=171.412    E(IMPR)=95.730     E(VDW )=10883.547                     |
 -------------------------------------------------------------------------------
 --------------- cycle=   200 ------ stepsize=    0.0013 -----------------------
 | Etotal =12512.589  grad(E)=13.340     E(BOND)=220.567    E(ANGL)=1142.122   |
 | E(DIHE)=170.554    E(IMPR)=95.680     E(VDW )=10883.666                     |
 -------------------------------------------------------------------------------
 --------------- cycle=   250 ------ stepsize=    0.0011 -----------------------
 | Etotal =12512.436  grad(E)=13.340     E(BOND)=220.550    E(ANGL)=1142.180   |
 | E(DIHE)=170.647    E(IMPR)=95.701     E(VDW )=10883.359                     |
 -------------------------------------------------------------------------------
 --------------- cycle=   300 ------ stepsize=    0.0013 -----------------------
 | Etotal =12512.430  grad(E)=13.340     E(BOND)=220.549    E(ANGL)=1142.174   |
 | E(DIHE)=170.624    E(IMPR)=95.704     E(VDW )=10883.380                     |
 -------------------------------------------------------------------------------
 --------------- cycle=   350 ------ stepsize=    0.0011 -----------------------
 | Etotal =12512.429  grad(E)=13.340     E(BOND)=220.545    E(ANGL)=1142.161   |
 | E(DIHE)=170.624    E(IMPR)=95.702     E(VDW )=10883.396                     |
 -------------------------------------------------------------------------------
 --------------- cycle=   400 ------ stepsize=    0.0010 -----------------------
 | Etotal =12512.429  grad(E)=13.340     E(BOND)=220.544    E(ANGL)=1142.162   |
 | E(DIHE)=170.624    E(IMPR)=95.703     E(VDW )=10883.396                     |
 -------------------------------------------------------------------------------
 POWELL: Gradient converged. Normal termination
 POWELL: Current coordinates set to last minimum
 POWELL: number of degrees of freedom= 17979
 NBONDS: found   669819 intra-atom interactions
 --------------- cycle=     5 ------ stepsize=    0.0006 -----------------------
 | Etotal =12396.752  grad(E)=13.355     E(BOND)=221.024    E(ANGL)=1143.712   |
 | E(DIHE)=170.619    E(IMPR)=95.522     E(VDW )=10765.875                     |
 -------------------------------------------------------------------------------
 --------------- cycle=    10 ------ stepsize=    0.0011 -----------------------
 | Etotal =12394.449  grad(E)=13.367     E(BOND)=220.824    E(ANGL)=1145.218   |
 | E(DIHE)=170.642    E(IMPR)=95.492     E(VDW )=10762.273                     |
 -------------------------------------------------------------------------------
 --------------- cycle=    15 ------ stepsize=   -0.0000 -----------------------
 | Etotal =12392.782  grad(E)=13.362     E(BOND)=220.573    E(ANGL)=1145.314   |
 | E(DIHE)=170.658    E(IMPR)=95.497     E(VDW )=10760.739                     |
 -------------------------------------------------------------------------------
 --------------- cycle=    20 ------ stepsize=    0.0008 -----------------------
 | Etotal =12392.179  grad(E)=13.353     E(BOND)=220.654    E(ANGL)=1144.224   |
 | E(DIHE)=170.690    E(IMPR)=95.440     E(VDW )=10761.172                     |
 -------------------------------------------------------------------------------
 --------------- cycle=    25 ------ stepsize=    0.0005 -----------------------
 | Etotal =12391.572  grad(E)=13.358     E(BOND)=220.641    E(ANGL)=1144.815   |
 | E(DIHE)=170.770    E(IMPR)=95.467     E(VDW )=10759.878                     |
 -------------------------------------------------------------------------------
 --------------- cycle=    30 ------ stepsize=    0.0008 -----------------------
 | Etotal =12391.219  grad(E)=13.356     E(BOND)=220.667    E(ANGL)=1144.487   |
 | E(DIHE)=170.827    E(IMPR)=95.438     E(VDW )=10759.799                     |
 -------------------------------------------------------------------------------
 --------------- cycle=    35 ------ stepsize=    0.0006 -----------------------
 | Etotal =12391.144  grad(E)=13.355     E(BOND)=220.675    E(ANGL)=1144.367   |
 | E(DIHE)=170.844    E(IMPR)=95.404     E(VDW )=10759.855                     |
 -------------------------------------------------------------------------------
 --------------- cycle=    40 ------ stepsize=    0.0016 -----------------------
 | Etotal =12390.725  grad(E)=13.357     E(BOND)=220.640    E(ANGL)=1144.531   |
 | E(DIHE)=170.908    E(IMPR)=95.450     E(VDW )=10759.197                     |
 -------------------------------------------------------------------------------
 --------------- cycle=    45 ------ stepsize=    0.0001 -----------------------
 | Etotal =12390.588  grad(E)=13.356     E(BOND)=220.701    E(ANGL)=1144.440   |
 | E(DIHE)=170.923    E(IMPR)=95.385     E(VDW )=10759.138                     |
 -------------------------------------------------------------------------------
 --------------- cycle=    50 ------ stepsize=    0.0010 -----------------------
 | Etotal =12390.425  grad(E)=13.357     E(BOND)=220.694    E(ANGL)=1144.511   |
 | E(DIHE)=170.909    E(IMPR)=95.384     E(VDW )=10758.928                     |
 -------------------------------------------------------------------------------
 POWELL: STEP number limit. Normal termination
 POWELL: Current coordinates set to last minimum
 %PARRDR-info: duplication of bond HC   NC2 
 %PARRDR-info: duplication of angle CH2E C    NH1 
 %PARRDR-info: duplication of angle CH2P CH2E HA  
 POWELL: number of degrees of freedom= 17979
 NBONDS: generating intra-molecular exclusion list with mode= 5
 MAKINB: mode   5 found  17570 exclusions and  17711 interactions(1-4)
 NBONDS: found   887626 intra-atom interactions
 NBONDS: found   887835 intra-atom interactions
 --------------- cycle=    50 ------ stepsize=    0.0002 -----------------------
 | Etotal =-55.633    grad(E)=5.406      E(BOND)=7.465      E(ANGL)=412.087    |
 | E(DIHE)=59.278     E(IMPR)=31.413     E(VDW )=-567.226   E(ELEC)=1.352      |
 -------------------------------------------------------------------------------
 POWELL: STEP number limit. Normal termination
 POWELL: Current coordinates set to last minimum
 --------------- cycle=     1 --------------------------------------------------
 | Etotal =-55.633    grad(E)=5.406      E(BOND)=7.465      E(ANGL)=412.087    |
 | E(DIHE)=59.278     E(IMPR)=31.413     E(VDW )=-567.226   E(ELEC)=1.352      |
 -------------------------------------------------------------------------------
 SURFAC: half the sigma value being used for atomic radii.
 SURFAC: ACCEssible surface area
 SURFAC: ACCUracy= 0.07 RH2O=  1.40
         Z-grid=  0.32 number-of-Z-sections=  215
         measures-of-arc= 91269 and151017
 SURFAC: half the sigma value being used for atomic radii.
 SURFAC: ACCEssible surface area
 SURFAC: ACCUracy= 0.07 RH2O=  1.40
         Z-grid=  0.32 number-of-Z-sections=  138
         measures-of-arc= 26353 and 46534
 SURFAC: half the sigma value being used for atomic radii.
 SURFAC: ACCEssible surface area
 SURFAC: ACCUracy= 0.07 RH2O=  1.40
         Z-grid=  0.32 number-of-Z-sections=  215
         measures-of-arc=119568 and197518
 %PARRDR-info: duplication of bond HC   NC2 
 %PARRDR-info: duplication of angle CH2E C    NH1 
 %PARRDR-info: duplication of angle CH2P CH2E HA  
 NBONDS: generating intra-molecular exclusion list with mode= 5
 MAKINB: mode   5 found      0 exclusions and      0 interactions(1-4)
 NBONDS: found      618 intra-atom interactions
 --------------- cycle=     2 --------------------------------------------------
 | Etotal =-1.078     grad(E)=0.021      E(VDW )=-0.705     E(ELEC)=-0.373     |
 -------------------------------------------------------------------------------
 NBONDS: generating intra-molecular exclusion list with mode= 5
 MAKINB: mode   5 found      0 exclusions and      0 interactions(1-4)
 NBONDS: found     1041 intra-atom interactions
 --------------- cycle=     3 --------------------------------------------------
 | Etotal =-3.745     grad(E)=0.069      E(VDW )=-3.565     E(ELEC)=-0.181     |
 -------------------------------------------------------------------------------
 NBONDS: generating intra-molecular exclusion list with mode= 5
 MAKINB: mode   5 found      0 exclusions and      0 interactions(1-4)
 NBONDS: found     1820 intra-atom interactions
 --------------- cycle=     4 --------------------------------------------------
 | Etotal =-45.422    grad(E)=0.427      E(VDW )=-5.023     E(ELEC)=-40.399    |
 -------------------------------------------------------------------------------
 NBONDS: generating intra-molecular exclusion list with mode= 5
 MAKINB: mode   5 found      0 exclusions and      0 interactions(1-4)
 NBONDS: found     1194 intra-atom interactions
 --------------- cycle=     5 --------------------------------------------------
 | Etotal =-3.236     grad(E)=0.017      E(VDW )=-2.573     E(ELEC)=-0.663     |
 -------------------------------------------------------------------------------
 NBONDS: generating intra-molecular exclusion list with mode= 5
 MAKINB: mode   5 found      0 exclusions and      0 interactions(1-4)
 NBONDS: found     1806 intra-atom interactions
 --------------- cycle=     6 --------------------------------------------------
 | Etotal =9.707      grad(E)=0.107      E(VDW )=-3.644     E(ELEC)=13.351     |
 -------------------------------------------------------------------------------
 NBONDS: generating intra-molecular exclusion list with mode= 5
 MAKINB: mode   5 found      0 exclusions and      0 interactions(1-4)
 NBONDS: found     2716 intra-atom interactions
 --------------- cycle=     7 --------------------------------------------------
 | Etotal =-39.680    grad(E)=0.284      E(VDW )=-6.847     E(ELEC)=-32.833    |
 -------------------------------------------------------------------------------
 NBONDS: generating intra-molecular exclusion list with mode= 5
 MAKINB: mode   5 found      0 exclusions and      0 interactions(1-4)
 NBONDS: found     1849 intra-atom interactions
 --------------- cycle=     8 --------------------------------------------------
 | Etotal =-43.095    grad(E)=0.414      E(VDW )=-4.588     E(ELEC)=-38.507    |
 -------------------------------------------------------------------------------
 NBONDS: generating intra-molecular exclusion list with mode= 5
 MAKINB: mode   5 found      0 exclusions and      0 interactions(1-4)
 NBONDS: found      880 intra-atom interactions
 --------------- cycle=     9 --------------------------------------------------
 | Etotal =-17.793    grad(E)=0.328      E(VDW )=-0.605     E(ELEC)=-17.188    |
 -------------------------------------------------------------------------------
 NBONDS: generating intra-molecular exclusion list with mode= 5
 MAKINB: mode   5 found      0 exclusions and      0 interactions(1-4)
 NBONDS: found     1196 intra-atom interactions
 --------------- cycle=    10 --------------------------------------------------
 | Etotal =-7.539     grad(E)=0.084      E(VDW )=-3.883     E(ELEC)=-3.656     |
 -------------------------------------------------------------------------------
 NBONDS: generating intra-molecular exclusion list with mode= 5
 MAKINB: mode   5 found      0 exclusions and      0 interactions(1-4)
 NBONDS: found     1665 intra-atom interactions
 --------------- cycle=    11 --------------------------------------------------
 | Etotal =-14.589    grad(E)=0.110      E(VDW )=-6.760     E(ELEC)=-7.829     |
 -------------------------------------------------------------------------------
 NBONDS: generating intra-molecular exclusion list with mode= 5
 MAKINB: mode   5 found      0 exclusions and      0 interactions(1-4)
 NBONDS: found      718 intra-atom interactions
 --------------- cycle=    12 --------------------------------------------------
 | Etotal =-7.151     grad(E)=0.107      E(VDW )=-1.712     E(ELEC)=-5.439     |
 -------------------------------------------------------------------------------
 NBONDS: generating intra-molecular exclusion list with mode= 5
 MAKINB: mode   5 found      0 exclusions and      0 interactions(1-4)
 NBONDS: found      681 intra-atom interactions
 --------------- cycle=    13 --------------------------------------------------
 | Etotal =-0.785     grad(E)=0.009      E(VDW )=-1.180     E(ELEC)=0.395      |
 -------------------------------------------------------------------------------
 NBONDS: generating intra-molecular exclusion list with mode= 5
 MAKINB: mode   5 found      0 exclusions and      0 interactions(1-4)
 NBONDS: found      224 intra-atom interactions
 --------------- cycle=    14 --------------------------------------------------
 | Etotal =-0.677     grad(E)=0.007      E(VDW )=-1.272     E(ELEC)=0.595      |
 -------------------------------------------------------------------------------
 NBONDS: generating intra-molecular exclusion list with mode= 5
 MAKINB: mode   5 found      0 exclusions and      0 interactions(1-4)
 NBONDS: found      776 intra-atom interactions
 --------------- cycle=    15 --------------------------------------------------
 | Etotal =-6.273     grad(E)=0.040      E(VDW )=-3.389     E(ELEC)=-2.883     |
 -------------------------------------------------------------------------------
 NBONDS: generating intra-molecular exclusion list with mode= 5
 MAKINB: mode   5 found      0 exclusions and      0 interactions(1-4)
 NBONDS: found      911 intra-atom interactions
 --------------- cycle=    16 --------------------------------------------------
 | Etotal =-5.277     grad(E)=0.048      E(VDW )=-2.241     E(ELEC)=-3.036     |
 -------------------------------------------------------------------------------
 NBONDS: generating intra-molecular exclusion list with mode= 5
 MAKINB: mode   5 found      0 exclusions and      0 interactions(1-4)
 NBONDS: found      638 intra-atom interactions
 --------------- cycle=    17 --------------------------------------------------
 | Etotal =-4.603     grad(E)=0.060      E(VDW )=-1.154     E(ELEC)=-3.449     |
 -------------------------------------------------------------------------------
 NBONDS: generating intra-molecular exclusion list with mode= 5
 MAKINB: mode   5 found      0 exclusions and      0 interactions(1-4)
 NBONDS: found      313 intra-atom interactions
 --------------- cycle=    18 --------------------------------------------------
 | Etotal =0.075      grad(E)=0.024      E(VDW )=-0.701     E(ELEC)=0.776      |
 -------------------------------------------------------------------------------
 NBONDS: generating intra-molecular exclusion list with mode= 5
 MAKINB: mode   5 found      0 exclusions and      0 interactions(1-4)
 NBONDS: found     3529 intra-atom interactions
 --------------- cycle=    19 --------------------------------------------------
 | Etotal =-42.799    grad(E)=0.261      E(VDW )=-10.715    E(ELEC)=-32.084    |
 -------------------------------------------------------------------------------
 NBONDS: generating intra-molecular exclusion list with mode= 5
 MAKINB: mode   5 found      0 exclusions and      0 interactions(1-4)
 NBONDS: found     1484 intra-atom interactions
 --------------- cycle=    20 --------------------------------------------------
 | Etotal =-23.261    grad(E)=0.149      E(VDW )=-8.075     E(ELEC)=-15.186    |
 -------------------------------------------------------------------------------
 NBONDS: generating intra-molecular exclusion list with mode= 5
 MAKINB: mode   5 found      0 exclusions and      0 interactions(1-4)
 NBONDS: found      603 intra-atom interactions
 --------------- cycle=    21 --------------------------------------------------
 | Etotal =1.146      grad(E)=0.108      E(VDW )=-2.072     E(ELEC)=3.218      |
 -------------------------------------------------------------------------------
 NBONDS: generating intra-molecular exclusion list with mode= 5
 MAKINB: mode   5 found      0 exclusions and      0 interactions(1-4)
 NBONDS: found      274 intra-atom interactions
 --------------- cycle=    22 --------------------------------------------------
 | Etotal =-0.232     grad(E)=0.046      E(VDW )=-0.544     E(ELEC)=0.312      |
 -------------------------------------------------------------------------------
 NBONDS: generating intra-molecular exclusion list with mode= 5
 MAKINB: mode   5 found      0 exclusions and      0 interactions(1-4)
 NBONDS: found      948 intra-atom interactions
 --------------- cycle=    23 --------------------------------------------------
 | Etotal =-35.483    grad(E)=0.221      E(VDW )=-1.043     E(ELEC)=-34.441    |
 -------------------------------------------------------------------------------
 NBONDS: generating intra-molecular exclusion list with mode= 5
 MAKINB: mode   5 found      0 exclusions and      0 interactions(1-4)
 NBONDS: found      751 intra-atom interactions
 --------------- cycle=    24 --------------------------------------------------
 | Etotal =15.730     grad(E)=0.078      E(VDW )=-1.278     E(ELEC)=17.008     |
 -------------------------------------------------------------------------------
 NBONDS: generating intra-molecular exclusion list with mode= 5
 MAKINB: mode   5 found      0 exclusions and      0 interactions(1-4)
 NBONDS: found     1212 intra-atom interactions
 --------------- cycle=    25 --------------------------------------------------
 | Etotal =-15.151    grad(E)=0.156      E(VDW )=-4.233     E(ELEC)=-10.918    |
 -------------------------------------------------------------------------------
 NBONDS: generating intra-molecular exclusion list with mode= 5
 MAKINB: mode   5 found      0 exclusions and      0 interactions(1-4)
 NBONDS: found      729 intra-atom interactions
 --------------- cycle=    26 --------------------------------------------------
 | Etotal =-15.983    grad(E)=0.328      E(VDW )=1.110      E(ELEC)=-17.093    |
 -------------------------------------------------------------------------------
 NBONDS: generating intra-molecular exclusion list with mode= 5
 MAKINB: mode   5 found      0 exclusions and      0 interactions(1-4)
 NBONDS: found     1559 intra-atom interactions
 --------------- cycle=    27 --------------------------------------------------
 | Etotal =-4.292     grad(E)=0.015      E(VDW )=-3.694     E(ELEC)=-0.598     |
 -------------------------------------------------------------------------------
 NBONDS: generating intra-molecular exclusion list with mode= 5
 MAKINB: mode   5 found      0 exclusions and      0 interactions(1-4)
 NBONDS: found     1784 intra-atom interactions
 --------------- cycle=    28 --------------------------------------------------
 | Etotal =-7.077     grad(E)=0.091      E(VDW )=-5.567     E(ELEC)=-1.510     |
 -------------------------------------------------------------------------------
 NBONDS: generating intra-molecular exclusion list with mode= 5
 MAKINB: mode   5 found      0 exclusions and      0 interactions(1-4)
 NBONDS: found      656 intra-atom interactions
 --------------- cycle=    29 --------------------------------------------------
 | Etotal =-19.079    grad(E)=0.316      E(VDW )=0.690      E(ELEC)=-19.768    |
 -------------------------------------------------------------------------------
 NBONDS: generating intra-molecular exclusion list with mode= 5
 MAKINB: mode   5 found      0 exclusions and      0 interactions(1-4)
 NBONDS: found      220 intra-atom interactions
 --------------- cycle=    30 --------------------------------------------------
 | Etotal =6.794      grad(E)=0.065      E(VDW )=-0.279     E(ELEC)=7.073      |
 -------------------------------------------------------------------------------
 NBONDS: generating intra-molecular exclusion list with mode= 5
 MAKINB: mode   5 found      0 exclusions and      0 interactions(1-4)
 NBONDS: found      706 intra-atom interactions
 --------------- cycle=    31 --------------------------------------------------
 | Etotal =-6.924     grad(E)=0.070      E(VDW )=-1.702     E(ELEC)=-5.222     |
 -------------------------------------------------------------------------------
 NBONDS: generating intra-molecular exclusion list with mode= 5
 MAKINB: mode   5 found      0 exclusions and      0 interactions(1-4)
 NBONDS: found      370 intra-atom interactions
 --------------- cycle=    32 --------------------------------------------------
 | Etotal =-4.712     grad(E)=0.058      E(VDW )=-1.092     E(ELEC)=-3.619     |
 -------------------------------------------------------------------------------
 NBONDS: generating intra-molecular exclusion list with mode= 5
 MAKINB: mode   5 found      0 exclusions and      0 interactions(1-4)
 NBONDS: found     1437 intra-atom interactions
 --------------- cycle=    33 --------------------------------------------------
 | Etotal =-5.233     grad(E)=0.038      E(VDW )=-4.365     E(ELEC)=-0.868     |
 -------------------------------------------------------------------------------
 NBONDS: generating intra-molecular exclusion list with mode= 5
 MAKINB: mode   5 found      0 exclusions and      0 interactions(1-4)
 NBONDS: found     1021 intra-atom interactions
 --------------- cycle=    34 --------------------------------------------------
 | Etotal =-5.141     grad(E)=0.057      E(VDW )=-1.896     E(ELEC)=-3.244     |
 -------------------------------------------------------------------------------
 NBONDS: generating intra-molecular exclusion list with mode= 5
 MAKINB: mode   5 found      0 exclusions and      0 interactions(1-4)
 NBONDS: found     1972 intra-atom interactions
 --------------- cycle=    35 --------------------------------------------------
 | Etotal =-19.727    grad(E)=0.268      E(VDW )=-7.317     E(ELEC)=-12.409    |
 -------------------------------------------------------------------------------
 NBONDS: generating intra-molecular exclusion list with mode= 5
 MAKINB: mode   5 found      0 exclusions and      0 interactions(1-4)
 NBONDS: found      399 intra-atom interactions
 --------------- cycle=    36 --------------------------------------------------
 | Etotal =-4.382     grad(E)=0.090      E(VDW )=-1.388     E(ELEC)=-2.994     |
 -------------------------------------------------------------------------------
 NBONDS: generating intra-molecular exclusion list with mode= 5
 MAKINB: mode   5 found      0 exclusions and      0 interactions(1-4)
 NBONDS: found     1597 intra-atom interactions
 --------------- cycle=    37 --------------------------------------------------
 | Etotal =-47.099    grad(E)=0.302      E(VDW )=-3.449     E(ELEC)=-43.650    |
 -------------------------------------------------------------------------------
 NBONDS: generating intra-molecular exclusion list with mode= 5
 MAKINB: mode   5 found      0 exclusions and      0 interactions(1-4)
 NBONDS: found      759 intra-atom interactions
 --------------- cycle=    38 --------------------------------------------------
 | Etotal =3.385      grad(E)=0.088      E(VDW )=-2.230     E(ELEC)=5.615      |
 -------------------------------------------------------------------------------
 NBONDS: generating intra-molecular exclusion list with mode= 5
 MAKINB: mode   5 found      0 exclusions and      0 interactions(1-4)
 NBONDS: found      728 intra-atom interactions
 --------------- cycle=    39 --------------------------------------------------
 | Etotal =-5.561     grad(E)=0.097      E(VDW )=-2.143     E(ELEC)=-3.418     |
 -------------------------------------------------------------------------------
 NBONDS: generating intra-molecular exclusion list with mode= 5
 MAKINB: mode   5 found      0 exclusions and      0 interactions(1-4)
 NBONDS: found      511 intra-atom interactions
 --------------- cycle=    40 --------------------------------------------------
 | Etotal =-10.036    grad(E)=0.096      E(VDW )=-1.620     E(ELEC)=-8.416     |
 -------------------------------------------------------------------------------
 NBONDS: generating intra-molecular exclusion list with mode= 5
 MAKINB: mode   5 found      0 exclusions and      0 interactions(1-4)
 NBONDS: found     1433 intra-atom interactions
 --------------- cycle=    41 --------------------------------------------------
 | Etotal =-0.409     grad(E)=0.123      E(VDW )=-3.995     E(ELEC)=3.585      |
 -------------------------------------------------------------------------------
 NBONDS: generating intra-molecular exclusion list with mode= 5
 MAKINB: mode   5 found      0 exclusions and      0 interactions(1-4)
 NBONDS: found     1814 intra-atom interactions
 --------------- cycle=    42 --------------------------------------------------
 | Etotal =-7.570     grad(E)=0.111      E(VDW )=-6.060     E(ELEC)=-1.510     |
 -------------------------------------------------------------------------------
 NBONDS: generating intra-molecular exclusion list with mode= 5
 MAKINB: mode   5 found      0 exclusions and      0 interactions(1-4)
 NBONDS: found     1301 intra-atom interactions
 --------------- cycle=    43 --------------------------------------------------
 | Etotal =-21.582    grad(E)=0.190      E(VDW )=-5.051     E(ELEC)=-16.532    |
 -------------------------------------------------------------------------------
 NBONDS: generating intra-molecular exclusion list with mode= 5
 MAKINB: mode   5 found      0 exclusions and      0 interactions(1-4)
 NBONDS: found      930 intra-atom interactions
 --------------- cycle=    44 --------------------------------------------------
 | Etotal =-12.197    grad(E)=0.095      E(VDW )=-3.509     E(ELEC)=-8.688     |
 -------------------------------------------------------------------------------
 NBONDS: generating intra-molecular exclusion list with mode= 5
 MAKINB: mode   5 found      0 exclusions and      0 interactions(1-4)
 NBONDS: found     1095 intra-atom interactions
 --------------- cycle=    45 --------------------------------------------------
 | Etotal =-6.915     grad(E)=0.070      E(VDW )=-2.127     E(ELEC)=-4.788     |
 -------------------------------------------------------------------------------
 NBONDS: generating intra-molecular exclusion list with mode= 5
 MAKINB: mode   5 found      0 exclusions and      0 interactions(1-4)
 NBONDS: found      604 intra-atom interactions
 --------------- cycle=    46 --------------------------------------------------
 | Etotal =-9.626     grad(E)=0.076      E(VDW )=-2.994     E(ELEC)=-6.632     |
 -------------------------------------------------------------------------------
 NBONDS: generating intra-molecular exclusion list with mode= 5
 MAKINB: mode   5 found      0 exclusions and      0 interactions(1-4)
 NBONDS: found     2364 intra-atom interactions
 --------------- cycle=    47 --------------------------------------------------
 | Etotal =-8.239     grad(E)=0.082      E(VDW )=-7.876     E(ELEC)=-0.363     |
 -------------------------------------------------------------------------------
 HEAP: maximum use      =    22374296 current use      =       96000 bytes
 HEAP: maximum overhead =        2816 current overhead =         752 bytes
          ============================================================
           Maximum dynamic memory allocation:    22374296 bytes
           Maximum dynamic memory overhead:          2816 bytes
           Program started at: 16:13:53 on 08-May-2020
           Program stopped at: 16:14:17 on 08-May-2020
           CPU time used:      23.8750 seconds
          ============================================================
