          ============================================================
          |                                                          |
          |            Crystallography & NMR System (CNS)            |
          |                         CNSsolve                         |
          |                                                          |
          ============================================================
           Version: 1.3 at patch level U
           Status: Special UU release with Rg and paramagnetic
                   restraints (A. Bonvin, UU 2011)
          ============================================================
           Written by: A.T.Brunger, P.D.Adams, G.M.Clore, W.L.DeLano,
                       P.Gros, R.W.Grosse-Kunstleve,J.-S.Jiang,J.M.Krahn,
                       J.Kuszewski, M.Nilges, N.S.Pannu, R.J.Read,
                       L.M.Rice, G.F.Schroeder, T.Simonson, G.L.Warren.
           Copyright (c) 1997-2010 Yale University
          ============================================================
           Running on machine: hostname unknown (x86_64/Linux,64-bit)
           Program started by: joaor
           Program started at: 16:12:15 on 08-May-2020
          ============================================================

 FFT3C: Using FFTPACK4.1

 CNSsolve>! 
 CNSsolve>! Calculates pairwise energies between residues 
 CNSsolve>! Will only rebuild hydrogen atoms 
 CNSsolve>! 
 CNSsolve>! Adapted from HADDOCK protocols here and there. 
 CNSsolve>! JR & AMJJB @ 2020 
 CNSsolve>! 
 CNSsolve>define( 
 DEFINE>    {===>} auto_break=true; 
 DEFINE>    {===>} break_cutoff=2.5; 
 DEFINE>    {===>} dnaauto_break=true; 
 DEFINE>    {===>} dbreak_cutoff=4.5; 
 DEFINE>    {===>} auto_cispro=true; 
 DEFINE>    {===>} auto_disu=true; 
 DEFINE>    {===>} disulphide_dist=3.0; 
 DEFINE>    {===>} glyco_dist=2.75; 
 DEFINE>    {===>} coorin="molecule.pdb"; 
 DEFINE>    {===>} icutoff=5.0; 
 DEFINE>) 
 CNSsolve> 
 CNSsolve>! Mute (most) output 
 CNSsolve>set message=on echo=off end 
 ASSFIL: file merged.param opened.
 MESSage=NORM
 EVALUATE: symbol $OLD_MESSAGE set to "NORM" (string)
 ECHO=FALSe {OFF}
 EVALUATE: symbol $OLD_ECHO set to FALSE (logical)
 %PARRDR-info: duplication of bond HC   NC2 
 %PARRDR-info: duplication of angle CH2E C    NH1 
 %PARRDR-info: duplication of angle CH2P CH2E HA  
 ASSFIL: file merged.top opened.
 MESSage=NORM
 EVALUATE: symbol $OLD_MESSAGE set to "NORM" (string)
 ECHO=FALSe {OFF}
 EVALUATE: symbol $OLD_ECHO set to FALSE (logical)
 %RTFIO-warning: undefined masses in residue CYC 
 %RTFIO error encountered: there are undefined masses.
   (CNS is in mode: SET ABORT=NORMal END)
 MESSage=NORM
 EVALUATE: symbol $OLD_MESSAGE set to "NORM" (string)
 ECHO=FALSe {OFF}
 EVALUATE: symbol $OLD_ECHO set to FALSE (logical)
 ASSFIL: file protein_break.top opened.
 %RTFRDR-ERR: duplicate (P-)RESIdue name DPEP
 %RTFRDR-ERR: duplicate (P-)RESIdue name DPPP
 RTFRDR> 
 RTFRDR>end 
 CNSsolve> 
 CNSsolve>! Reset output muting 
 CNSsolve>set message=off echo=off end 
FOUND 2 NAG:ASN pairs
NAG:ASN bond added from   B    910  to   B    546 
NAG:ASN bond added from   E    1401 to   E    343 
FOUND 3 NAG:NAG pairs
NAG:NAG B14 bond added from   B    911  to   B    910 
NAG:NAG B14 bond added from   E    1402 to   E    1401
NAG:NAG B14 bond added from   E    1403 to   E    1402
 %PARRDR-info: duplication of bond HC   NC2 
 %PARRDR-info: duplication of angle CH2E C    NH1 
 %PARRDR-info: duplication of angle CH2P CH2E HA  
 POWELL: number of degrees of freedom= 13713
 NBONDS: generating intra-molecular exclusion list with mode=-2
 MAKINB: mode  -2 found   4571 exclusions and      0 interactions(1-4)
 %atoms "B   -161 -ARG -HA  " and "B   -161 -ARG -HD2 " only  0.08 A apart
 %atoms "B   -163 -HIS -HB2 " and "B   -163 -HIS -HE2 " only  0.08 A apart
 %atoms "B   -255 -HIS -HB1 " and "B   -255 -HIS -CG  " only  0.03 A apart
 %atoms "B   -257 -THR -HA  " and "B   -257 -THR -HB  " only  0.01 A apart
 %atoms "B   -450 -LEU -HG  " and "B   -450 -LEU -HD12" only  0.09 A apart
 %atoms "B   -524 -GLN -HB1 " and "B   -524 -GLN -HG2 " only  0.10 A apart
 NBONDS: found   685506 intra-atom interactions
 NBONDS: found        6 nonbonded violations
 %atoms "B   -514 -ARG -HD1 " and "B   -514 -ARG -HH11" only  0.07 A apart
 %atoms "E   -384 -PRO -N   " and "E   -384 -PRO -HB2 " only  0.07 A apart
 NBONDS: found   685332 intra-atom interactions
 NBONDS: found        2 nonbonded violations
 NBONDS: found   681270 intra-atom interactions
 NBONDS: found   679168 intra-atom interactions
 NBONDS: found   677724 intra-atom interactions
 --------------- cycle=    10 ------ stepsize=   -0.0000 -----------------------
 | Etotal =0.34E+07   grad(E)=585.675    E(BOND)=512110.191 E(ANGL)=0.16E+07   |
 | E(VDW )=0.13E+07                                                            |
 -------------------------------------------------------------------------------
 NBONDS: found   678163 intra-atom interactions
 NBONDS: found   678040 intra-atom interactions
 NBONDS: found   678505 intra-atom interactions
 NBONDS: found   678783 intra-atom interactions
 --------------- cycle=    20 ------ stepsize=   -0.0000 -----------------------
 | Etotal =0.12E+07   grad(E)=300.681    E(BOND)=230677.765 E(ANGL)=482041.930 |
 | E(VDW )=493678.585                                                          |
 -------------------------------------------------------------------------------
 NBONDS: found   678485 intra-atom interactions
 NBONDS: found   678551 intra-atom interactions
 NBONDS: found   678716 intra-atom interactions
 --------------- cycle=    30 ------ stepsize=   -0.0000 -----------------------
 | Etotal =941505.101 grad(E)=241.124    E(BOND)=185150.397 E(ANGL)=343949.771 |
 | E(VDW )=412404.933                                                          |
 -------------------------------------------------------------------------------
 NBONDS: found   678627 intra-atom interactions
 NBONDS: found   678538 intra-atom interactions
 NBONDS: found   678515 intra-atom interactions
 --------------- cycle=    40 ------ stepsize=   -0.0001 -----------------------
 | Etotal =899744.167 grad(E)=231.412    E(BOND)=181706.674 E(ANGL)=320791.485 |
 | E(VDW )=397246.008                                                          |
 -------------------------------------------------------------------------------
 NBONDS: found   678530 intra-atom interactions
 NBONDS: found   678502 intra-atom interactions
 --------------- cycle=    50 ------ stepsize=   -0.0000 -----------------------
 | Etotal =884840.104 grad(E)=227.820    E(BOND)=180322.014 E(ANGL)=313459.439 |
 | E(VDW )=391058.651                                                          |
 -------------------------------------------------------------------------------
 POWELL: STEP number limit. Normal termination
 POWELL: Current coordinates set to last minimum
 DCART: temperature coupling (TCOUpling) enabled
 -------------------------- Cartesian dynamics start ---------------------------
 | E(kin)+E(total)=0.34E+07        E(kin)=4144.883      temperature=304.208    |
 | Etotal =0.34E+07   grad(E)=573.439    E(BOND)=180322.014 E(ANGL)=313459.439 |
 | E(IMPR)=0.29E+07                                                            |
 -------------------------------------------------------------------------------
 ----------------- final step=       50 at      0.02500 ps ---------------------
 | E(kin)+E(total)=0.22E+07        E(kin)=425199.963    temperature=31206.936  |
 | Etotal =0.18E+07   grad(E)=324.118    E(BOND)=193374.760 E(ANGL)=816541.761 |
 | E(IMPR)=779580.941                                                          |
 -------------------------------------------------------------------------------
 CENMAS: Information about center of free masses
         position [A]          :     -0.58786      0.03128     -0.16923
         velocity [A/ps]       :      0.86420     -0.83344     -0.34490
         ang. mom. [amu A/ps]  :-217797.67039-781482.043762137162.34083
         kin. ener. [Kcal/mol] :    170.47537
 POWELL: number of degrees of freedom= 13713
 NBONDS: found   676991 intra-atom interactions
 NBONDS: found   675789 intra-atom interactions
 NBONDS: found   675561 intra-atom interactions
 NBONDS: found   676454 intra-atom interactions
 --------------- cycle=    10 ------ stepsize=   -0.0001 -----------------------
 | Etotal =0.19E+07   grad(E)=267.211    E(BOND)=228273.256 E(ANGL)=454440.496 |
 | E(IMPR)=724438.188 E(VDW )=478053.422                                       |
 -------------------------------------------------------------------------------
 NBONDS: found   677306 intra-atom interactions
 NBONDS: found   677550 intra-atom interactions
 NBONDS: found   677652 intra-atom interactions
 NBONDS: found   677774 intra-atom interactions
 --------------- cycle=    20 ------ stepsize=   -0.0000 -----------------------
 | Etotal =0.13E+07   grad(E)=141.487    E(BOND)=171490.604 E(ANGL)=176814.654 |
 | E(IMPR)=609197.835 E(VDW )=353721.641                                       |
 -------------------------------------------------------------------------------
 NBONDS: found   677719 intra-atom interactions
 NBONDS: found   677676 intra-atom interactions
 NBONDS: found   677710 intra-atom interactions
 --------------- cycle=    30 ------ stepsize=    0.0000 -----------------------
 | Etotal =0.12E+07   grad(E)=116.743    E(BOND)=165780.173 E(ANGL)=138318.806 |
 | E(IMPR)=591040.514 E(VDW )=326332.421                                       |
 -------------------------------------------------------------------------------
 NBONDS: found   677786 intra-atom interactions
 NBONDS: found   677726 intra-atom interactions
 NBONDS: found   677710 intra-atom interactions
 --------------- cycle=    40 ------ stepsize=    0.0001 -----------------------
 | Etotal =0.12E+07   grad(E)=112.401    E(BOND)=164589.006 E(ANGL)=132570.831 |
 | E(IMPR)=585134.522 E(VDW )=319616.209                                       |
 -------------------------------------------------------------------------------
 NBONDS: found   677730 intra-atom interactions
 NBONDS: found   677809 intra-atom interactions
 NBONDS: found   677809 intra-atom interactions
 --------------- cycle=    50 ------ stepsize=    0.0001 -----------------------
 | Etotal =0.12E+07   grad(E)=111.989    E(BOND)=164330.406 E(ANGL)=129530.940 |
 | E(IMPR)=579722.732 E(VDW )=317295.774                                       |
 -------------------------------------------------------------------------------
 POWELL: STEP number limit. Normal termination
 POWELL: Current coordinates set to last minimum
 DCART: temperature coupling (TCOUpling) enabled
 -------------------------- Cartesian dynamics start ---------------------------
 | E(kin)+E(total)=0.12E+07        E(kin)=4059.429      temperature=297.936    |
 | Etotal =0.12E+07   grad(E)=111.989    E(BOND)=164330.406 E(ANGL)=129530.940 |
 | E(IMPR)=579722.732 E(VDW )=317295.774                                       |
 -------------------------------------------------------------------------------
 NBONDS: found   677768 intra-atom interactions
 NBONDS: found   677755 intra-atom interactions
 ----------------- final step=       50 at      0.02500 ps ---------------------
 | E(kin)+E(total)=0.12E+07        E(kin)=6067.254      temperature=445.297    |
 | Etotal =0.12E+07   grad(E)=117.296    E(BOND)=166583.577 E(ANGL)=130509.149 |
 | E(IMPR)=572961.513 E(VDW )=317705.601                                       |
 -------------------------------------------------------------------------------
 CENMAS: Information about center of free masses
         position [A]          :     -0.58813      0.01750     -0.16379
         velocity [A/ps]       :      0.02958      0.01938     -0.07628
         ang. mom. [amu A/ps]  : -10793.16364  -2214.66061 -98146.60886
         kin. ener. [Kcal/mol] :      0.77232
 %PARRDR-info: duplication of bond HC   NC2 
 %PARRDR-info: duplication of angle CH2E C    NH1 
 %PARRDR-info: duplication of angle CH2P CH2E HA  
 POWELL: number of degrees of freedom= 13713
 NBONDS: generating intra-molecular exclusion list with mode=-3
 MAKINB: mode  -3 found  15620 exclusions and      0 interactions(1-4)
 NBONDS: found   666688 intra-atom interactions
 NBONDS: found   668340 intra-atom interactions
 NBONDS: found   668362 intra-atom interactions
 NBONDS: found   668475 intra-atom interactions
 NBONDS: found   668815 intra-atom interactions
 NBONDS: found   668953 intra-atom interactions
 NBONDS: found   669266 intra-atom interactions
 --------------- cycle=    25 ------ stepsize=    0.0002 -----------------------
 | Etotal =294324.397 grad(E)=124.628    E(BOND)=30545.438  E(ANGL)=139042.087 |
 | E(IMPR)=122750.661 E(VDW )=1986.211                                         |
 -------------------------------------------------------------------------------
 NBONDS: found   669404 intra-atom interactions
 NBONDS: found   669335 intra-atom interactions
 NBONDS: found   669052 intra-atom interactions
 NBONDS: found   668963 intra-atom interactions
 NBONDS: found   668837 intra-atom interactions
 NBONDS: found   668756 intra-atom interactions
 --------------- cycle=    50 ------ stepsize=   -0.0001 -----------------------
 | Etotal =62095.466  grad(E)=47.362     E(BOND)=3031.915   E(ANGL)=33991.778  |
 | E(IMPR)=24189.779  E(VDW )=881.993                                          |
 -------------------------------------------------------------------------------
 NBONDS: found   668786 intra-atom interactions
 NBONDS: found   668855 intra-atom interactions
 NBONDS: found   668862 intra-atom interactions
 NBONDS: found   668842 intra-atom interactions
 --------------- cycle=    75 ------ stepsize=    0.0005 -----------------------
 | Etotal =5522.394   grad(E)=15.731     E(BOND)=191.887    E(ANGL)=3109.391   |
 | E(IMPR)=1694.852   E(VDW )=526.263                                          |
 -------------------------------------------------------------------------------
 NBONDS: found   668848 intra-atom interactions
 --------------- cycle=   100 ------ stepsize=    0.0001 -----------------------
 | Etotal =2972.553   grad(E)=6.705      E(BOND)=98.290     E(ANGL)=896.161    |
 | E(IMPR)=1495.101   E(VDW )=483.000                                          |
 -------------------------------------------------------------------------------
 POWELL: STEP number limit. Normal termination
 POWELL: Current coordinates set to last minimum
 DCART: temperature coupling (TCOUpling) enabled
 -------------------------- Cartesian dynamics start ---------------------------
 | E(kin)+E(total)=7018.594        E(kin)=4046.041      temperature=296.953    |
 | Etotal =2972.553   grad(E)=6.705      E(BOND)=98.290     E(ANGL)=896.161    |
 | E(IMPR)=1495.101   E(VDW )=483.000                                          |
 -------------------------------------------------------------------------------
 NBONDS: found   668814 intra-atom interactions
 NBONDS: found   668897 intra-atom interactions
 NBONDS: found   668752 intra-atom interactions
 NBONDS: found   668708 intra-atom interactions
 NBONDS: found   668752 intra-atom interactions
 NBONDS: found   668776 intra-atom interactions
 NBONDS: found   668699 intra-atom interactions
 NBONDS: found   668670 intra-atom interactions
 NBONDS: found   668694 intra-atom interactions
 NBONDS: found   668703 intra-atom interactions
 NBONDS: found   668681 intra-atom interactions
 NBONDS: found   668704 intra-atom interactions
 NBONDS: found   668713 intra-atom interactions
 NBONDS: found   668726 intra-atom interactions
 NBONDS: found   668632 intra-atom interactions
 NBONDS: found   668681 intra-atom interactions
 NBONDS: found   668742 intra-atom interactions
 NBONDS: found   668750 intra-atom interactions
 NBONDS: found   668699 intra-atom interactions
 NBONDS: found   668766 intra-atom interactions
 NBONDS: found   668733 intra-atom interactions
 NBONDS: found   668796 intra-atom interactions
 NBONDS: found   668767 intra-atom interactions
 NBONDS: found   668790 intra-atom interactions
 NBONDS: found   668764 intra-atom interactions
 NBONDS: found   668668 intra-atom interactions
 NBONDS: found   668696 intra-atom interactions
 ----------------- final step=      500 at      0.25000 ps ---------------------
 | E(kin)+E(total)=9151.992        E(kin)=4253.803      temperature=312.202    |
 | Etotal =4898.189   grad(E)=28.511     E(BOND)=850.445    E(ANGL)=2967.489   |
 | E(IMPR)=511.361    E(VDW )=568.894                                          |
 -------------------------------------------------------------------------------
 CENMAS: Information about center of free masses
         position [A]          :     -0.58776      0.01886     -0.16116
         velocity [A/ps]       :     -0.00825      0.04562      0.00165
         ang. mom. [amu A/ps]  : -14432.17226 -12279.23052 -71425.01804
         kin. ener. [Kcal/mol] :      0.23511
 EFLAGS: the following energy flags are set
 EFLAGS: BOND ANGL DIHE IMPR VDW 
 %PARRDR-info: duplication of bond HC   NC2 
 %PARRDR-info: duplication of angle CH2E C    NH1 
 %PARRDR-info: duplication of angle CH2P CH2E HA  
 POWELL: number of degrees of freedom= 13713
 NBONDS: generating intra-molecular exclusion list with mode=-3
 MAKINB: mode  -3 found  15620 exclusions and      0 interactions(1-4)
 NBONDS: found   668760 intra-atom interactions
 NBONDS: found   668693 intra-atom interactions
 NBONDS: found   668825 intra-atom interactions
 --------------- cycle=    50 ------ stepsize=    0.0010 -----------------------
 | Etotal =12922.534  grad(E)=13.612     E(BOND)=221.535    E(ANGL)=1185.184   |
 | E(DIHE)=197.841    E(IMPR)=96.655     E(VDW )=11221.319                     |
 -------------------------------------------------------------------------------
 NBONDS: found   668870 intra-atom interactions
 --------------- cycle=   100 ------ stepsize=    0.0013 -----------------------
 | Etotal =12571.379  grad(E)=13.566     E(BOND)=216.033    E(ANGL)=1171.758   |
 | E(DIHE)=160.543    E(IMPR)=97.967     E(VDW )=10925.078                     |
 -------------------------------------------------------------------------------
 NBONDS: found   668906 intra-atom interactions
 --------------- cycle=   150 ------ stepsize=    0.0011 -----------------------
 | Etotal =12501.438  grad(E)=13.470     E(BOND)=214.902    E(ANGL)=1161.378   |
 | E(DIHE)=155.942    E(IMPR)=94.594     E(VDW )=10874.622                     |
 -------------------------------------------------------------------------------
 --------------- cycle=   200 ------ stepsize=    0.0009 -----------------------
 | Etotal =12494.143  grad(E)=13.462     E(BOND)=214.765    E(ANGL)=1160.924   |
 | E(DIHE)=156.183    E(IMPR)=93.662     E(VDW )=10868.609                     |
 -------------------------------------------------------------------------------
 --------------- cycle=   250 ------ stepsize=    0.0009 -----------------------
 | Etotal =12492.377  grad(E)=13.457     E(BOND)=214.633    E(ANGL)=1160.373   |
 | E(DIHE)=157.053    E(IMPR)=93.647     E(VDW )=10866.670                     |
 -------------------------------------------------------------------------------
 --------------- cycle=   300 ------ stepsize=    0.0009 -----------------------
 | Etotal =12491.898  grad(E)=13.456     E(BOND)=214.611    E(ANGL)=1160.449   |
 | E(DIHE)=157.504    E(IMPR)=93.417     E(VDW )=10865.917                     |
 -------------------------------------------------------------------------------
 --------------- cycle=   350 ------ stepsize=    0.0009 -----------------------
 | Etotal =12491.766  grad(E)=13.457     E(BOND)=214.612    E(ANGL)=1160.410   |
 | E(DIHE)=157.797    E(IMPR)=93.405     E(VDW )=10865.541                     |
 -------------------------------------------------------------------------------
 --------------- cycle=   400 ------ stepsize=    0.0009 -----------------------
 | Etotal =12491.761  grad(E)=13.457     E(BOND)=214.616    E(ANGL)=1160.415   |
 | E(DIHE)=157.831    E(IMPR)=93.396     E(VDW )=10865.503                     |
 -------------------------------------------------------------------------------
 --------------- cycle=   450 ------ stepsize=    0.0010 -----------------------
 | Etotal =12491.761  grad(E)=13.457     E(BOND)=214.617    E(ANGL)=1160.415   |
 | E(DIHE)=157.838    E(IMPR)=93.394     E(VDW )=10865.497                     |
 -------------------------------------------------------------------------------
 POWELL: Gradient converged. Normal termination
 POWELL: Current coordinates set to last minimum
 DCART: temperature coupling (TCOUpling) enabled
 -------------------------- Cartesian dynamics start ---------------------------
 | E(kin)+E(total)=16527.032       E(kin)=4035.271      temperature=296.163    |
 | Etotal =12491.761  grad(E)=13.457     E(BOND)=214.617    E(ANGL)=1160.414   |
 | E(DIHE)=157.839    E(IMPR)=93.394     E(VDW )=10865.496                     |
 -------------------------------------------------------------------------------
 NBONDS: found   668777 intra-atom interactions
 NBONDS: found   668775 intra-atom interactions
 NBONDS: found   668697 intra-atom interactions
 NBONDS: found   668850 intra-atom interactions
 NBONDS: found   668818 intra-atom interactions
 NBONDS: found   668810 intra-atom interactions
 NBONDS: found   668638 intra-atom interactions
 NBONDS: found   668711 intra-atom interactions
 ----------------- final step=      500 at      0.25000 ps ---------------------
 | E(kin)+E(total)=20698.772       E(kin)=4214.394      temperature=309.309    |
 | Etotal =16484.378  grad(E)=32.120     E(BOND)=1337.620   E(ANGL)=3417.246   |
 | E(DIHE)=172.792    E(IMPR)=433.743    E(VDW )=11122.976                     |
 -------------------------------------------------------------------------------
 CENMAS: Information about center of free masses
         position [A]          :     -0.58715      0.01916     -0.16061
         velocity [A/ps]       :     -0.08242      0.01133      0.26125
         ang. mom. [amu A/ps]  : -17652.79700 -32451.36717 -30941.69304
         kin. ener. [Kcal/mol] :      0.41391
 POWELL: number of degrees of freedom= 13713
 --------------- cycle=    50 ------ stepsize=    0.0010 -----------------------
 | Etotal =12498.889  grad(E)=13.450     E(BOND)=214.539    E(ANGL)=1160.821   |
 | E(DIHE)=154.515    E(IMPR)=93.510     E(VDW )=10875.504                     |
 -------------------------------------------------------------------------------
 --------------- cycle=   100 ------ stepsize=    0.0011 -----------------------
 | Etotal =12490.304  grad(E)=13.442     E(BOND)=214.650    E(ANGL)=1159.581   |
 | E(DIHE)=155.336    E(IMPR)=93.165     E(VDW )=10867.571                     |
 -------------------------------------------------------------------------------
 --------------- cycle=   150 ------ stepsize=    0.0011 -----------------------
 | Etotal =12489.954  grad(E)=13.442     E(BOND)=214.710    E(ANGL)=1159.529   |
 | E(DIHE)=155.364    E(IMPR)=93.104     E(VDW )=10867.247                     |
 -------------------------------------------------------------------------------
 --------------- cycle=   200 ------ stepsize=    0.0011 -----------------------
 | Etotal =12489.915  grad(E)=13.442     E(BOND)=214.664    E(ANGL)=1159.536   |
 | E(DIHE)=155.612    E(IMPR)=93.100     E(VDW )=10867.002                     |
 -------------------------------------------------------------------------------
 --------------- cycle=   250 ------ stepsize=   -0.0001 -----------------------
 | Etotal =12489.755  grad(E)=13.442     E(BOND)=214.674    E(ANGL)=1159.484   |
 | E(DIHE)=156.365    E(IMPR)=93.103     E(VDW )=10866.130                     |
 -------------------------------------------------------------------------------
 --------------- cycle=   300 ------ stepsize=    0.0001 -----------------------
 | Etotal =12489.739  grad(E)=13.442     E(BOND)=214.651    E(ANGL)=1159.510   |
 | E(DIHE)=156.323    E(IMPR)=93.113     E(VDW )=10866.142                     |
 -------------------------------------------------------------------------------
 --------------- cycle=   350 ------ stepsize=    0.0003 -----------------------
 | Etotal =12489.737  grad(E)=13.442     E(BOND)=214.651    E(ANGL)=1159.513   |
 | E(DIHE)=156.292    E(IMPR)=93.115     E(VDW )=10866.168                     |
 -------------------------------------------------------------------------------
 --------------- cycle=   400 ------ stepsize=    0.0004 -----------------------
 | Etotal =12489.737  grad(E)=13.442     E(BOND)=214.650    E(ANGL)=1159.516   |
 | E(DIHE)=156.280    E(IMPR)=93.115     E(VDW )=10866.176                     |
 -------------------------------------------------------------------------------
 POWELL: Gradient converged. Normal termination
 POWELL: Current coordinates set to last minimum
 POWELL: number of degrees of freedom= 17979
 NBONDS: found   668765 intra-atom interactions
 --------------- cycle=     5 ------ stepsize=    0.0006 -----------------------
 | Etotal =12353.354  grad(E)=13.452     E(BOND)=214.440    E(ANGL)=1160.028   |
 | E(DIHE)=156.266    E(IMPR)=93.044     E(VDW )=10729.575                     |
 -------------------------------------------------------------------------------
 --------------- cycle=    10 ------ stepsize=    0.0009 -----------------------
 | Etotal =12351.564  grad(E)=13.453     E(BOND)=214.229    E(ANGL)=1160.703   |
 | E(DIHE)=156.216    E(IMPR)=93.022     E(VDW )=10727.394                     |
 -------------------------------------------------------------------------------
 --------------- cycle=    15 ------ stepsize=    0.0005 -----------------------
 | Etotal =12350.509  grad(E)=13.455     E(BOND)=214.130    E(ANGL)=1160.874   |
 | E(DIHE)=156.134    E(IMPR)=93.147     E(VDW )=10726.224                     |
 -------------------------------------------------------------------------------
 --------------- cycle=    20 ------ stepsize=    0.0008 -----------------------
 | Etotal =12349.920  grad(E)=13.453     E(BOND)=214.189    E(ANGL)=1160.519   |
 | E(DIHE)=156.066    E(IMPR)=93.088     E(VDW )=10726.059                     |
 -------------------------------------------------------------------------------
 --------------- cycle=    25 ------ stepsize=    0.0007 -----------------------
 | Etotal =12349.533  grad(E)=13.452     E(BOND)=214.204    E(ANGL)=1160.906   |
 | E(DIHE)=155.969    E(IMPR)=92.997     E(VDW )=10725.458                     |
 -------------------------------------------------------------------------------
 --------------- cycle=    30 ------ stepsize=    0.0011 -----------------------
 | Etotal =12348.993  grad(E)=13.456     E(BOND)=214.241    E(ANGL)=1160.905   |
 | E(DIHE)=155.846    E(IMPR)=93.044     E(VDW )=10724.956                     |
 -------------------------------------------------------------------------------
 --------------- cycle=    35 ------ stepsize=    0.0007 -----------------------
 | Etotal =12348.869  grad(E)=13.455     E(BOND)=214.149    E(ANGL)=1160.735   |
 | E(DIHE)=155.820    E(IMPR)=93.019     E(VDW )=10725.146                     |
 -------------------------------------------------------------------------------
 --------------- cycle=    40 ------ stepsize=    0.0012 -----------------------
 | Etotal =12348.560  grad(E)=13.453     E(BOND)=214.107    E(ANGL)=1160.759   |
 | E(DIHE)=155.728    E(IMPR)=93.036     E(VDW )=10724.929                     |
 -------------------------------------------------------------------------------
 --------------- cycle=    45 ------ stepsize=   -0.0001 -----------------------
 | Etotal =12348.492  grad(E)=13.454     E(BOND)=214.179    E(ANGL)=1160.857   |
 | E(DIHE)=155.708    E(IMPR)=93.012     E(VDW )=10724.736                     |
 -------------------------------------------------------------------------------
 --------------- cycle=    50 ------ stepsize=    0.0011 -----------------------
 | Etotal =12348.457  grad(E)=13.455     E(BOND)=214.153    E(ANGL)=1160.912   |
 | E(DIHE)=155.691    E(IMPR)=92.991     E(VDW )=10724.711                     |
 -------------------------------------------------------------------------------
 POWELL: STEP number limit. Normal termination
 POWELL: Current coordinates set to last minimum
 %PARRDR-info: duplication of bond HC   NC2 
 %PARRDR-info: duplication of angle CH2E C    NH1 
 %PARRDR-info: duplication of angle CH2P CH2E HA  
 POWELL: number of degrees of freedom= 17979
 NBONDS: generating intra-molecular exclusion list with mode= 5
 MAKINB: mode   5 found  17570 exclusions and  17711 interactions(1-4)
 NBONDS: found   885465 intra-atom interactions
 NBONDS: found   885632 intra-atom interactions
 --------------- cycle=    50 ------ stepsize=   -0.0002 -----------------------
 | Etotal =-42.345    grad(E)=5.568      E(BOND)=11.026     E(ANGL)=425.137    |
 | E(DIHE)=40.531     E(IMPR)=32.040     E(VDW )=-552.784   E(ELEC)=1.704      |
 -------------------------------------------------------------------------------
 POWELL: STEP number limit. Normal termination
 POWELL: Current coordinates set to last minimum
 --------------- cycle=     1 --------------------------------------------------
 | Etotal =-42.345    grad(E)=5.568      E(BOND)=11.026     E(ANGL)=425.137    |
 | E(DIHE)=40.531     E(IMPR)=32.040     E(VDW )=-552.784   E(ELEC)=1.704      |
 -------------------------------------------------------------------------------
 SURFAC: half the sigma value being used for atomic radii.
 SURFAC: ACCEssible surface area
 SURFAC: ACCUracy= 0.07 RH2O=  1.40
         Z-grid=  0.32 number-of-Z-sections=  215
         measures-of-arc= 92228 and149851
 SURFAC: half the sigma value being used for atomic radii.
 SURFAC: ACCEssible surface area
 SURFAC: ACCUracy= 0.07 RH2O=  1.40
         Z-grid=  0.32 number-of-Z-sections=  140
         measures-of-arc= 26015 and 45576
 SURFAC: half the sigma value being used for atomic radii.
 SURFAC: ACCEssible surface area
 SURFAC: ACCUracy= 0.07 RH2O=  1.40
         Z-grid=  0.32 number-of-Z-sections=  215
         measures-of-arc=120276 and195612
 %PARRDR-info: duplication of bond HC   NC2 
 %PARRDR-info: duplication of angle CH2E C    NH1 
 %PARRDR-info: duplication of angle CH2P CH2E HA  
 NBONDS: generating intra-molecular exclusion list with mode= 5
 MAKINB: mode   5 found      0 exclusions and      0 interactions(1-4)
 NBONDS: found      817 intra-atom interactions
 --------------- cycle=     2 --------------------------------------------------
 | Etotal =-6.880     grad(E)=0.061      E(VDW )=-2.262     E(ELEC)=-4.618     |
 -------------------------------------------------------------------------------
 NBONDS: generating intra-molecular exclusion list with mode= 5
 MAKINB: mode   5 found      0 exclusions and      0 interactions(1-4)
 NBONDS: found     1645 intra-atom interactions
 --------------- cycle=     3 --------------------------------------------------
 | Etotal =-44.023    grad(E)=0.455      E(VDW )=-3.472     E(ELEC)=-40.551    |
 -------------------------------------------------------------------------------
 NBONDS: generating intra-molecular exclusion list with mode= 5
 MAKINB: mode   5 found      0 exclusions and      0 interactions(1-4)
 NBONDS: found     1398 intra-atom interactions
 --------------- cycle=     4 --------------------------------------------------
 | Etotal =-4.138     grad(E)=0.014      E(VDW )=-3.717     E(ELEC)=-0.422     |
 -------------------------------------------------------------------------------
 NBONDS: generating intra-molecular exclusion list with mode= 5
 MAKINB: mode   5 found      0 exclusions and      0 interactions(1-4)
 NBONDS: found     1567 intra-atom interactions
 --------------- cycle=     5 --------------------------------------------------
 | Etotal =12.942     grad(E)=0.073      E(VDW )=-4.227     E(ELEC)=17.169     |
 -------------------------------------------------------------------------------
 NBONDS: generating intra-molecular exclusion list with mode= 5
 MAKINB: mode   5 found      0 exclusions and      0 interactions(1-4)
 NBONDS: found     2675 intra-atom interactions
 --------------- cycle=     6 --------------------------------------------------
 | Etotal =-35.951    grad(E)=0.401      E(VDW )=-1.641     E(ELEC)=-34.310    |
 -------------------------------------------------------------------------------
 NBONDS: generating intra-molecular exclusion list with mode= 5
 MAKINB: mode   5 found      0 exclusions and      0 interactions(1-4)
 NBONDS: found     1840 intra-atom interactions
 --------------- cycle=     7 --------------------------------------------------
 | Etotal =-60.110    grad(E)=0.486      E(VDW )=-4.911     E(ELEC)=-55.199    |
 -------------------------------------------------------------------------------
 NBONDS: generating intra-molecular exclusion list with mode= 5
 MAKINB: mode   5 found      0 exclusions and      0 interactions(1-4)
 NBONDS: found      885 intra-atom interactions
 --------------- cycle=     8 --------------------------------------------------
 | Etotal =-9.920     grad(E)=0.305      E(VDW )=-1.206     E(ELEC)=-8.714     |
 -------------------------------------------------------------------------------
 NBONDS: generating intra-molecular exclusion list with mode= 5
 MAKINB: mode   5 found      0 exclusions and      0 interactions(1-4)
 NBONDS: found      992 intra-atom interactions
 --------------- cycle=     9 --------------------------------------------------
 | Etotal =-6.079     grad(E)=0.081      E(VDW )=-3.201     E(ELEC)=-2.878     |
 -------------------------------------------------------------------------------
 NBONDS: generating intra-molecular exclusion list with mode= 5
 MAKINB: mode   5 found      0 exclusions and      0 interactions(1-4)
 NBONDS: found     1475 intra-atom interactions
 --------------- cycle=    10 --------------------------------------------------
 | Etotal =-5.699     grad(E)=0.045      E(VDW )=-3.711     E(ELEC)=-1.989     |
 -------------------------------------------------------------------------------
 NBONDS: generating intra-molecular exclusion list with mode= 5
 MAKINB: mode   5 found      0 exclusions and      0 interactions(1-4)
 NBONDS: found      589 intra-atom interactions
 --------------- cycle=    11 --------------------------------------------------
 | Etotal =-0.479     grad(E)=0.061      E(VDW )=-1.377     E(ELEC)=0.898      |
 -------------------------------------------------------------------------------
 NBONDS: generating intra-molecular exclusion list with mode= 5
 MAKINB: mode   5 found      0 exclusions and      0 interactions(1-4)
 NBONDS: found      739 intra-atom interactions
 --------------- cycle=    12 --------------------------------------------------
 | Etotal =-0.867     grad(E)=0.012      E(VDW )=-1.244     E(ELEC)=0.377      |
 -------------------------------------------------------------------------------
 NBONDS: generating intra-molecular exclusion list with mode= 5
 MAKINB: mode   5 found      0 exclusions and      0 interactions(1-4)
 NBONDS: found      450 intra-atom interactions
 --------------- cycle=    13 --------------------------------------------------
 | Etotal =2.249      grad(E)=0.083      E(VDW )=-0.840     E(ELEC)=3.089      |
 -------------------------------------------------------------------------------
 NBONDS: generating intra-molecular exclusion list with mode= 5
 MAKINB: mode   5 found      0 exclusions and      0 interactions(1-4)
 NBONDS: found      229 intra-atom interactions
 --------------- cycle=    14 --------------------------------------------------
 | Etotal =-0.512     grad(E)=0.024      E(VDW )=-0.684     E(ELEC)=0.172      |
 -------------------------------------------------------------------------------
 NBONDS: generating intra-molecular exclusion list with mode= 5
 MAKINB: mode   5 found      0 exclusions and      0 interactions(1-4)
 NBONDS: found      843 intra-atom interactions
 --------------- cycle=    15 --------------------------------------------------
 | Etotal =-15.193    grad(E)=0.154      E(VDW )=-4.118     E(ELEC)=-11.075    |
 -------------------------------------------------------------------------------
 NBONDS: generating intra-molecular exclusion list with mode= 5
 MAKINB: mode   5 found      0 exclusions and      0 interactions(1-4)
 NBONDS: found      815 intra-atom interactions
 --------------- cycle=    16 --------------------------------------------------
 | Etotal =-5.802     grad(E)=0.036      E(VDW )=-2.624     E(ELEC)=-3.178     |
 -------------------------------------------------------------------------------
 NBONDS: generating intra-molecular exclusion list with mode= 5
 MAKINB: mode   5 found      0 exclusions and      0 interactions(1-4)
 NBONDS: found      773 intra-atom interactions
 --------------- cycle=    17 --------------------------------------------------
 | Etotal =-5.251     grad(E)=0.063      E(VDW )=-1.702     E(ELEC)=-3.549     |
 -------------------------------------------------------------------------------
 NBONDS: generating intra-molecular exclusion list with mode= 5
 MAKINB: mode   5 found      0 exclusions and      0 interactions(1-4)
 NBONDS: found      452 intra-atom interactions
 --------------- cycle=    18 --------------------------------------------------
 | Etotal =-0.975     grad(E)=0.031      E(VDW )=-1.295     E(ELEC)=0.319      |
 -------------------------------------------------------------------------------
 NBONDS: generating intra-molecular exclusion list with mode= 5
 MAKINB: mode   5 found      0 exclusions and      0 interactions(1-4)
 NBONDS: found      318 intra-atom interactions
 --------------- cycle=    19 --------------------------------------------------
 | Etotal =-1.980     grad(E)=0.026      E(VDW )=-0.876     E(ELEC)=-1.104     |
 -------------------------------------------------------------------------------
 NBONDS: generating intra-molecular exclusion list with mode= 5
 MAKINB: mode   5 found      0 exclusions and      0 interactions(1-4)
 NBONDS: found     3473 intra-atom interactions
 --------------- cycle=    20 --------------------------------------------------
 | Etotal =-37.025    grad(E)=0.227      E(VDW )=-10.428    E(ELEC)=-26.597    |
 -------------------------------------------------------------------------------
 NBONDS: generating intra-molecular exclusion list with mode= 5
 MAKINB: mode   5 found      0 exclusions and      0 interactions(1-4)
 NBONDS: found     1502 intra-atom interactions
 --------------- cycle=    21 --------------------------------------------------
 | Etotal =-25.047    grad(E)=0.200      E(VDW )=-7.429     E(ELEC)=-17.618    |
 -------------------------------------------------------------------------------
 NBONDS: generating intra-molecular exclusion list with mode= 5
 MAKINB: mode   5 found      0 exclusions and      0 interactions(1-4)
 NBONDS: found      606 intra-atom interactions
 --------------- cycle=    22 --------------------------------------------------
 | Etotal =-1.883     grad(E)=0.088      E(VDW )=-1.357     E(ELEC)=-0.526     |
 -------------------------------------------------------------------------------
 NBONDS: generating intra-molecular exclusion list with mode= 5
 MAKINB: mode   5 found      0 exclusions and      0 interactions(1-4)
 NBONDS: found      473 intra-atom interactions
 --------------- cycle=    23 --------------------------------------------------
 | Etotal =-1.908     grad(E)=0.071      E(VDW )=-0.733     E(ELEC)=-1.175     |
 -------------------------------------------------------------------------------
 NBONDS: generating intra-molecular exclusion list with mode= 5
 MAKINB: mode   5 found      0 exclusions and      0 interactions(1-4)
 NBONDS: found     1034 intra-atom interactions
 --------------- cycle=    24 --------------------------------------------------
 | Etotal =-59.602    grad(E)=0.400      E(VDW )=-0.818     E(ELEC)=-58.785    |
 -------------------------------------------------------------------------------
 NBONDS: generating intra-molecular exclusion list with mode= 5
 MAKINB: mode   5 found      0 exclusions and      0 interactions(1-4)
 NBONDS: found      649 intra-atom interactions
 --------------- cycle=    25 --------------------------------------------------
 | Etotal =13.964     grad(E)=0.079      E(VDW )=-1.004     E(ELEC)=14.969     |
 -------------------------------------------------------------------------------
 NBONDS: generating intra-molecular exclusion list with mode= 5
 MAKINB: mode   5 found      0 exclusions and      0 interactions(1-4)
 NBONDS: found     1145 intra-atom interactions
 --------------- cycle=    26 --------------------------------------------------
 | Etotal =-14.395    grad(E)=0.120      E(VDW )=-4.588     E(ELEC)=-9.807     |
 -------------------------------------------------------------------------------
 NBONDS: generating intra-molecular exclusion list with mode= 5
 MAKINB: mode   5 found      0 exclusions and      0 interactions(1-4)
 NBONDS: found      539 intra-atom interactions
 --------------- cycle=    27 --------------------------------------------------
 | Etotal =-15.660    grad(E)=0.292      E(VDW )=0.123      E(ELEC)=-15.783    |
 -------------------------------------------------------------------------------
 NBONDS: generating intra-molecular exclusion list with mode= 5
 MAKINB: mode   5 found      0 exclusions and      0 interactions(1-4)
 NBONDS: found     1696 intra-atom interactions
 --------------- cycle=    28 --------------------------------------------------
 | Etotal =-3.146     grad(E)=0.025      E(VDW )=-3.990     E(ELEC)=0.844      |
 -------------------------------------------------------------------------------
 NBONDS: generating intra-molecular exclusion list with mode= 5
 MAKINB: mode   5 found      0 exclusions and      0 interactions(1-4)
 NBONDS: found     1739 intra-atom interactions
 --------------- cycle=    29 --------------------------------------------------
 | Etotal =-6.943     grad(E)=0.303      E(VDW )=-2.196     E(ELEC)=-4.746     |
 -------------------------------------------------------------------------------
 NBONDS: generating intra-molecular exclusion list with mode= 5
 MAKINB: mode   5 found      0 exclusions and      0 interactions(1-4)
 NBONDS: found      566 intra-atom interactions
 --------------- cycle=    30 --------------------------------------------------
 | Etotal =-20.714    grad(E)=0.304      E(VDW )=-0.103     E(ELEC)=-20.611    |
 -------------------------------------------------------------------------------
 NBONDS: generating intra-molecular exclusion list with mode= 5
 MAKINB: mode   5 found      0 exclusions and      0 interactions(1-4)
 NBONDS: found      532 intra-atom interactions
 --------------- cycle=    31 --------------------------------------------------
 | Etotal =-1.708     grad(E)=0.022      E(VDW )=-0.684     E(ELEC)=-1.024     |
 -------------------------------------------------------------------------------
 NBONDS: generating intra-molecular exclusion list with mode= 5
 MAKINB: mode   5 found      0 exclusions and      0 interactions(1-4)
 NBONDS: found     1562 intra-atom interactions
 --------------- cycle=    32 --------------------------------------------------
 | Etotal =-6.288     grad(E)=0.058      E(VDW )=-5.166     E(ELEC)=-1.123     |
 -------------------------------------------------------------------------------
 NBONDS: generating intra-molecular exclusion list with mode= 5
 MAKINB: mode   5 found      0 exclusions and      0 interactions(1-4)
 NBONDS: found     1171 intra-atom interactions
 --------------- cycle=    33 --------------------------------------------------
 | Etotal =-15.272    grad(E)=0.155      E(VDW )=-2.835     E(ELEC)=-12.436    |
 -------------------------------------------------------------------------------
 NBONDS: generating intra-molecular exclusion list with mode= 5
 MAKINB: mode   5 found      0 exclusions and      0 interactions(1-4)
 NBONDS: found     1942 intra-atom interactions
 --------------- cycle=    34 --------------------------------------------------
 | Etotal =-12.763    grad(E)=0.326      E(VDW )=-3.068     E(ELEC)=-9.695     |
 -------------------------------------------------------------------------------
 NBONDS: generating intra-molecular exclusion list with mode= 5
 MAKINB: mode   5 found      0 exclusions and      0 interactions(1-4)
 NBONDS: found      455 intra-atom interactions
 --------------- cycle=    35 --------------------------------------------------
 | Etotal =-6.216     grad(E)=0.111      E(VDW )=-1.970     E(ELEC)=-4.246     |
 -------------------------------------------------------------------------------
 NBONDS: generating intra-molecular exclusion list with mode= 5
 MAKINB: mode   5 found      0 exclusions and      0 interactions(1-4)
 NBONDS: found     1440 intra-atom interactions
 --------------- cycle=    36 --------------------------------------------------
 | Etotal =-45.430    grad(E)=0.272      E(VDW )=-4.007     E(ELEC)=-41.424    |
 -------------------------------------------------------------------------------
 NBONDS: generating intra-molecular exclusion list with mode= 5
 MAKINB: mode   5 found      0 exclusions and      0 interactions(1-4)
 NBONDS: found      583 intra-atom interactions
 --------------- cycle=    37 --------------------------------------------------
 | Etotal =7.015      grad(E)=0.087      E(VDW )=-1.091     E(ELEC)=8.106      |
 -------------------------------------------------------------------------------
 NBONDS: generating intra-molecular exclusion list with mode= 5
 MAKINB: mode   5 found      0 exclusions and      0 interactions(1-4)
 NBONDS: found      658 intra-atom interactions
 --------------- cycle=    38 --------------------------------------------------
 | Etotal =-7.405     grad(E)=0.105      E(VDW )=-1.630     E(ELEC)=-5.775     |
 -------------------------------------------------------------------------------
 NBONDS: generating intra-molecular exclusion list with mode= 5
 MAKINB: mode   5 found      0 exclusions and      0 interactions(1-4)
 NBONDS: found      471 intra-atom interactions
 --------------- cycle=    39 --------------------------------------------------
 | Etotal =-9.546     grad(E)=0.088      E(VDW )=-1.913     E(ELEC)=-7.633     |
 -------------------------------------------------------------------------------
 NBONDS: generating intra-molecular exclusion list with mode= 5
 MAKINB: mode   5 found      0 exclusions and      0 interactions(1-4)
 NBONDS: found     1286 intra-atom interactions
 --------------- cycle=    40 --------------------------------------------------
 | Etotal =-1.177     grad(E)=0.074      E(VDW )=-2.154     E(ELEC)=0.977      |
 -------------------------------------------------------------------------------
 NBONDS: generating intra-molecular exclusion list with mode= 5
 MAKINB: mode   5 found      0 exclusions and      0 interactions(1-4)
 NBONDS: found     1804 intra-atom interactions
 --------------- cycle=    41 --------------------------------------------------
 | Etotal =-2.088     grad(E)=0.061      E(VDW )=-4.445     E(ELEC)=2.357      |
 -------------------------------------------------------------------------------
 NBONDS: generating intra-molecular exclusion list with mode= 5
 MAKINB: mode   5 found      0 exclusions and      0 interactions(1-4)
 NBONDS: found     1371 intra-atom interactions
 --------------- cycle=    42 --------------------------------------------------
 | Etotal =-10.016    grad(E)=0.125      E(VDW )=-5.945     E(ELEC)=-4.071     |
 -------------------------------------------------------------------------------
 NBONDS: generating intra-molecular exclusion list with mode= 5
 MAKINB: mode   5 found      0 exclusions and      0 interactions(1-4)
 NBONDS: found      967 intra-atom interactions
 --------------- cycle=    43 --------------------------------------------------
 | Etotal =-8.255     grad(E)=0.095      E(VDW )=-3.076     E(ELEC)=-5.179     |
 -------------------------------------------------------------------------------
 NBONDS: generating intra-molecular exclusion list with mode= 5
 MAKINB: mode   5 found      0 exclusions and      0 interactions(1-4)
 NBONDS: found     1089 intra-atom interactions
 --------------- cycle=    44 --------------------------------------------------
 | Etotal =-6.753     grad(E)=0.058      E(VDW )=-2.780     E(ELEC)=-3.973     |
 -------------------------------------------------------------------------------
 NBONDS: generating intra-molecular exclusion list with mode= 5
 MAKINB: mode   5 found      0 exclusions and      0 interactions(1-4)
 NBONDS: found      576 intra-atom interactions
 --------------- cycle=    45 --------------------------------------------------
 | Etotal =-12.604    grad(E)=0.101      E(VDW )=-2.543     E(ELEC)=-10.061    |
 -------------------------------------------------------------------------------
 NBONDS: generating intra-molecular exclusion list with mode= 5
 MAKINB: mode   5 found      0 exclusions and      0 interactions(1-4)
 NBONDS: found     2331 intra-atom interactions
 --------------- cycle=    46 --------------------------------------------------
 | Etotal =-8.615     grad(E)=0.123      E(VDW )=-7.126     E(ELEC)=-1.489     |
 -------------------------------------------------------------------------------
 HEAP: maximum use      =    22275856 current use      =       96000 bytes
 HEAP: maximum overhead =        2800 current overhead =         752 bytes
          ============================================================
           Maximum dynamic memory allocation:    22275856 bytes
           Maximum dynamic memory overhead:          2800 bytes
           Program started at: 16:12:15 on 08-May-2020
           Program stopped at: 16:12:39 on 08-May-2020
           CPU time used:      24.0312 seconds
          ============================================================
