          ============================================================
          |                                                          |
          |            Crystallography & NMR System (CNS)            |
          |                         CNSsolve                         |
          |                                                          |
          ============================================================
           Version: 1.3 at patch level U
           Status: Special UU release with Rg and paramagnetic
                   restraints (A. Bonvin, UU 2011)
          ============================================================
           Written by: A.T.Brunger, P.D.Adams, G.M.Clore, W.L.DeLano,
                       P.Gros, R.W.Grosse-Kunstleve,J.-S.Jiang,J.M.Krahn,
                       J.Kuszewski, M.Nilges, N.S.Pannu, R.J.Read,
                       L.M.Rice, G.F.Schroeder, T.Simonson, G.L.Warren.
           Copyright (c) 1997-2010 Yale University
          ============================================================
           Running on machine: hostname unknown (x86_64/Linux,64-bit)
           Program started by: joaor
           Program started at: 17:27:52 on 08-May-2020
          ============================================================

 FFT3C: Using FFTPACK4.1

 CNSsolve>! 
 CNSsolve>! Calculates pairwise energies between residues 
 CNSsolve>! Will only rebuild hydrogen atoms 
 CNSsolve>! 
 CNSsolve>! Adapted from HADDOCK protocols here and there. 
 CNSsolve>! JR & AMJJB @ 2020 
 CNSsolve>! 
 CNSsolve>define( 
 DEFINE>    {===>} auto_break=true; 
 DEFINE>    {===>} break_cutoff=2.5; 
 DEFINE>    {===>} dnaauto_break=true; 
 DEFINE>    {===>} dbreak_cutoff=4.5; 
 DEFINE>    {===>} auto_cispro=true; 
 DEFINE>    {===>} auto_disu=true; 
 DEFINE>    {===>} disulphide_dist=3.0; 
 DEFINE>    {===>} glyco_dist=2.75; 
 DEFINE>    {===>} coorin="molecule.pdb"; 
 DEFINE>    {===>} icutoff=5.0; 
 DEFINE>) 
 CNSsolve> 
 CNSsolve>! Mute (most) output 
 CNSsolve>set message=on echo=off end 
 ASSFIL: file merged.param opened.
 MESSage=NORM
 EVALUATE: symbol $OLD_MESSAGE set to "NORM" (string)
 ECHO=FALSe {OFF}
 EVALUATE: symbol $OLD_ECHO set to FALSE (logical)
 %PARRDR-info: duplication of bond HC   NC2 
 %PARRDR-info: duplication of angle CH2E C    NH1 
 %PARRDR-info: duplication of angle CH2P CH2E HA  
 ASSFIL: file merged.top opened.
 MESSage=NORM
 EVALUATE: symbol $OLD_MESSAGE set to "NORM" (string)
 ECHO=FALSe {OFF}
 EVALUATE: symbol $OLD_ECHO set to FALSE (logical)
 %RTFIO-warning: undefined masses in residue CYC 
 %RTFIO error encountered: there are undefined masses.
   (CNS is in mode: SET ABORT=NORMal END)
 MESSage=NORM
 EVALUATE: symbol $OLD_MESSAGE set to "NORM" (string)
 ECHO=FALSe {OFF}
 EVALUATE: symbol $OLD_ECHO set to FALSE (logical)
 ASSFIL: file protein_break.top opened.
 %RTFRDR-ERR: duplicate (P-)RESIdue name DPEP
 %RTFRDR-ERR: duplicate (P-)RESIdue name DPPP
 RTFRDR> 
 RTFRDR>end 
 CNSsolve> 
 CNSsolve>! Reset output muting 
 CNSsolve>set message=off echo=off end 
FOUND 7 NAG:ASN pairs
NAG:ASN bond added from   B    901  to   B    53  
NAG:ASN bond added from   B    903  to   B    90  
NAG:ASN bond added from   B    905  to   B    103 
NAG:ASN bond added from   B    907  to   B    322 
NAG:ASN bond added from   B    908  to   B    432 
NAG:ASN bond added from   B    910  to   B    546 
NAG:ASN bond added from   E    1401 to   E    343 
FOUND 7 NAG:NAG pairs
NAG:NAG B14 bond added from   B    902  to   B    901 
NAG:NAG B14 bond added from   B    904  to   B    903 
NAG:NAG B14 bond added from   B    906  to   B    905 
NAG:NAG B14 bond added from   B    909  to   B    908 
NAG:NAG B14 bond added from   B    911  to   B    910 
NAG:NAG B14 bond added from   E    1402 to   E    1401
NAG:NAG B14 bond added from   E    1403 to   E    1402
 %PARRDR-info: duplication of bond HC   NC2 
 %PARRDR-info: duplication of angle CH2E C    NH1 
 %PARRDR-info: duplication of angle CH2P CH2E HA  
 POWELL: number of degrees of freedom= 13746
 NBONDS: generating intra-molecular exclusion list with mode=-2
 MAKINB: mode  -2 found   4582 exclusions and      0 interactions(1-4)
 %atoms "B   -267 -LEU -CA  " and "B   -267 -LEU -HD12" only  0.08 A apart
 %atoms "B   -343 -VAL -HG13" and "B   -343 -VAL -HG22" only  0.07 A apart
 %atoms "B   -435 -GLU -HB1 " and "B   -435 -GLU -HB2 " only  0.08 A apart
 %atoms "B   -446 -ILE -HB  " and "B   -446 -ILE -HG22" only  0.06 A apart
 %atoms "B   -452 -PHE -CG  " and "B   -452 -PHE -HZ  " only  0.07 A apart
 %atoms "B   -473 -TRP -CD2 " and "B   -473 -TRP -HE3 " only  0.09 A apart
 %atoms "B   -522 -GLN -HB1 " and "B   -522 -GLN -HG1 " only  0.03 A apart
 %atoms "E   -441 -LEU -CA  " and "E   -441 -LEU -HG  " only  0.05 A apart
 %atoms "E   -461 -LEU -CB  " and "E   -461 -LEU -HD12" only  0.07 A apart
 NBONDS: found   695017 intra-atom interactions
 NBONDS: found        9 nonbonded violations
 NBONDS: found   695027 intra-atom interactions
 NBONDS: found   690992 intra-atom interactions
 NBONDS: found   688519 intra-atom interactions
 NBONDS: found   686804 intra-atom interactions
 --------------- cycle=    10 ------ stepsize=   -0.0000 -----------------------
 | Etotal =0.34E+07   grad(E)=585.495    E(BOND)=534866.813 E(ANGL)=0.16E+07   |
 | E(VDW )=0.13E+07                                                            |
 -------------------------------------------------------------------------------
 NBONDS: found   687054 intra-atom interactions
 NBONDS: found   687083 intra-atom interactions
 NBONDS: found   687617 intra-atom interactions
 --------------- cycle=    20 ------ stepsize=   -0.0000 -----------------------
 | Etotal =0.13E+07   grad(E)=318.217    E(BOND)=243297.899 E(ANGL)=530174.840 |
 | E(VDW )=523000.115                                                          |
 -------------------------------------------------------------------------------
 NBONDS: found   687687 intra-atom interactions
 NBONDS: found   687380 intra-atom interactions
 NBONDS: found   687653 intra-atom interactions
 --------------- cycle=    30 ------ stepsize=    0.0000 -----------------------
 | Etotal =0.10E+07   grad(E)=251.773    E(BOND)=192068.450 E(ANGL)=369192.811 |
 | E(VDW )=440792.342                                                          |
 -------------------------------------------------------------------------------
 NBONDS: found   687496 intra-atom interactions
 NBONDS: found   687445 intra-atom interactions
 --------------- cycle=    40 ------ stepsize=    0.0001 -----------------------
 | Etotal =955425.501 grad(E)=241.629    E(BOND)=187293.712 E(ANGL)=345849.251 |
 | E(VDW )=422282.538                                                          |
 -------------------------------------------------------------------------------
 NBONDS: found   687414 intra-atom interactions
 NBONDS: found   687368 intra-atom interactions
 --------------- cycle=    50 ------ stepsize=   -0.0001 -----------------------
 | Etotal =939736.143 grad(E)=238.926    E(BOND)=186973.710 E(ANGL)=338264.204 |
 | E(VDW )=414498.229                                                          |
 -------------------------------------------------------------------------------
 POWELL: STEP number limit. Normal termination
 POWELL: Current coordinates set to last minimum
 DCART: temperature coupling (TCOUpling) enabled
 -------------------------- Cartesian dynamics start ---------------------------
 | E(kin)+E(total)=0.36E+07        E(kin)=4186.949      temperature=306.557    |
 | Etotal =0.36E+07   grad(E)=607.065    E(BOND)=186973.710 E(ANGL)=338264.204 |
 | E(IMPR)=0.31E+07                                                            |
 -------------------------------------------------------------------------------
 ----------------- final step=       50 at      0.02500 ps ---------------------
 | E(kin)+E(total)=0.23E+07        E(kin)=456956.272    temperature=33457.130  |
 | Etotal =0.18E+07   grad(E)=330.655    E(BOND)=205099.563 E(ANGL)=858167.114 |
 | E(IMPR)=777472.626                                                          |
 -------------------------------------------------------------------------------
 CENMAS: Information about center of free masses
         position [A]          :     -0.72288      0.05473     -0.26068
         velocity [A/ps]       :      0.57276     -0.25623     -0.27350
         ang. mom. [amu A/ps]  : 282582.787801559766.026511037460.60829
         kin. ener. [Kcal/mol] :     51.30771
 POWELL: number of degrees of freedom= 13746
 NBONDS: found   685547 intra-atom interactions
 NBONDS: found   684752 intra-atom interactions
 NBONDS: found   684714 intra-atom interactions
 NBONDS: found   685920 intra-atom interactions
 --------------- cycle=    10 ------ stepsize=   -0.0001 -----------------------
 | Etotal =0.19E+07   grad(E)=268.858    E(BOND)=235200.431 E(ANGL)=466387.432 |
 | E(IMPR)=697919.006 E(VDW )=503469.177                                       |
 -------------------------------------------------------------------------------
 NBONDS: found   686351 intra-atom interactions
 NBONDS: found   686672 intra-atom interactions
 NBONDS: found   686428 intra-atom interactions
 NBONDS: found   686603 intra-atom interactions
 --------------- cycle=    20 ------ stepsize=    0.0000 -----------------------
 | Etotal =0.13E+07   grad(E)=145.409    E(BOND)=179728.429 E(ANGL)=181465.087 |
 | E(IMPR)=584559.644 E(VDW )=362187.246                                       |
 -------------------------------------------------------------------------------
 NBONDS: found   686667 intra-atom interactions
 NBONDS: found   686680 intra-atom interactions
 NBONDS: found   686704 intra-atom interactions
 --------------- cycle=    30 ------ stepsize=   -0.0001 -----------------------
 | Etotal =0.12E+07   grad(E)=119.614    E(BOND)=171055.673 E(ANGL)=146981.843 |
 | E(IMPR)=575857.065 E(VDW )=333737.133                                       |
 -------------------------------------------------------------------------------
 NBONDS: found   686696 intra-atom interactions
 NBONDS: found   686701 intra-atom interactions
 NBONDS: found   686690 intra-atom interactions
 --------------- cycle=    40 ------ stepsize=    0.0002 -----------------------
 | Etotal =0.12E+07   grad(E)=114.722    E(BOND)=168778.369 E(ANGL)=139293.258 |
 | E(IMPR)=568994.263 E(VDW )=328825.707                                       |
 -------------------------------------------------------------------------------
 NBONDS: found   686723 intra-atom interactions
 NBONDS: found   686656 intra-atom interactions
 --------------- cycle=    50 ------ stepsize=   -0.0000 -----------------------
 | Etotal =0.12E+07   grad(E)=116.587    E(BOND)=169468.910 E(ANGL)=134950.566 |
 | E(IMPR)=555485.317 E(VDW )=324737.557                                       |
 -------------------------------------------------------------------------------
 POWELL: STEP number limit. Normal termination
 POWELL: Current coordinates set to last minimum
 DCART: temperature coupling (TCOUpling) enabled
 -------------------------- Cartesian dynamics start ---------------------------
 | E(kin)+E(total)=0.12E+07        E(kin)=4185.096      temperature=306.422    |
 | Etotal =0.12E+07   grad(E)=116.587    E(BOND)=169468.910 E(ANGL)=134950.566 |
 | E(IMPR)=555485.317 E(VDW )=324737.557                                       |
 -------------------------------------------------------------------------------
 NBONDS: found   686663 intra-atom interactions
 NBONDS: found   686635 intra-atom interactions
 NBONDS: found   686646 intra-atom interactions
 ----------------- final step=       50 at      0.02500 ps ---------------------
 | E(kin)+E(total)=0.12E+07        E(kin)=9732.178      temperature=712.564    |
 | Etotal =0.12E+07   grad(E)=116.888    E(BOND)=170050.112 E(ANGL)=131075.351 |
 | E(IMPR)=545957.886 E(VDW )=322274.464                                       |
 -------------------------------------------------------------------------------
 CENMAS: Information about center of free masses
         position [A]          :     -0.71958      0.04842     -0.25791
         velocity [A/ps]       :      0.01848     -0.05002     -0.11058
         ang. mom. [amu A/ps]  : -20525.80855 -60976.59589-104714.44192
         kin. ener. [Kcal/mol] :      1.65053
 %PARRDR-info: duplication of bond HC   NC2 
 %PARRDR-info: duplication of angle CH2E C    NH1 
 %PARRDR-info: duplication of angle CH2P CH2E HA  
 POWELL: number of degrees of freedom= 13746
 NBONDS: generating intra-molecular exclusion list with mode=-3
 MAKINB: mode  -3 found  15638 exclusions and      0 interactions(1-4)
 NBONDS: found   675537 intra-atom interactions
 NBONDS: found   677373 intra-atom interactions
 NBONDS: found   677548 intra-atom interactions
 NBONDS: found   677635 intra-atom interactions
 NBONDS: found   678033 intra-atom interactions
 NBONDS: found   678283 intra-atom interactions
 --------------- cycle=    25 ------ stepsize=   -0.0001 -----------------------
 | Etotal =306721.472 grad(E)=139.066    E(BOND)=47146.831  E(ANGL)=142881.527 |
 | E(IMPR)=114197.309 E(VDW )=2495.804                                         |
 -------------------------------------------------------------------------------
 NBONDS: found   678320 intra-atom interactions
 NBONDS: found   678136 intra-atom interactions
 NBONDS: found   678039 intra-atom interactions
 NBONDS: found   677988 intra-atom interactions
 NBONDS: found   677958 intra-atom interactions
 NBONDS: found   677940 intra-atom interactions
 NBONDS: found   677877 intra-atom interactions
 --------------- cycle=    50 ------ stepsize=    0.0006 -----------------------
 | Etotal =55064.224  grad(E)=41.828     E(BOND)=2799.377   E(ANGL)=27837.613  |
 | E(IMPR)=23562.089  E(VDW )=865.145                                          |
 -------------------------------------------------------------------------------
 NBONDS: found   677910 intra-atom interactions
 NBONDS: found   677926 intra-atom interactions
 NBONDS: found   677962 intra-atom interactions
 NBONDS: found   678013 intra-atom interactions
 --------------- cycle=    75 ------ stepsize=    0.0002 -----------------------
 | Etotal =11625.293  grad(E)=18.038     E(BOND)=611.351    E(ANGL)=5944.293   |
 | E(IMPR)=4434.419   E(VDW )=635.229                                          |
 -------------------------------------------------------------------------------
 NBONDS: found   677977 intra-atom interactions
 NBONDS: found   677953 intra-atom interactions
 NBONDS: found   677947 intra-atom interactions
 --------------- cycle=   100 ------ stepsize=    0.0001 -----------------------
 | Etotal =1819.586   grad(E)=8.519      E(BOND)=40.706     E(ANGL)=1115.388   |
 | E(IMPR)=75.935     E(VDW )=587.558                                          |
 -------------------------------------------------------------------------------
 POWELL: STEP number limit. Normal termination
 POWELL: Current coordinates set to last minimum
 DCART: temperature coupling (TCOUpling) enabled
 -------------------------- Cartesian dynamics start ---------------------------
 | E(kin)+E(total)=5842.395        E(kin)=4022.809      temperature=294.539    |
 | Etotal =1819.586   grad(E)=8.519      E(BOND)=40.706     E(ANGL)=1115.388   |
 | E(IMPR)=75.935     E(VDW )=587.558                                          |
 -------------------------------------------------------------------------------
 NBONDS: found   677861 intra-atom interactions
 NBONDS: found   677830 intra-atom interactions
 NBONDS: found   677833 intra-atom interactions
 NBONDS: found   677808 intra-atom interactions
 NBONDS: found   677808 intra-atom interactions
 NBONDS: found   677872 intra-atom interactions
 NBONDS: found   677703 intra-atom interactions
 NBONDS: found   677702 intra-atom interactions
 NBONDS: found   677727 intra-atom interactions
 NBONDS: found   677758 intra-atom interactions
 NBONDS: found   677841 intra-atom interactions
 NBONDS: found   677779 intra-atom interactions
 NBONDS: found   677796 intra-atom interactions
 NBONDS: found   677747 intra-atom interactions
 NBONDS: found   677848 intra-atom interactions
 NBONDS: found   677801 intra-atom interactions
 ----------------- final step=      500 at      0.25000 ps ---------------------
 | E(kin)+E(total)=8615.172        E(kin)=4459.674      temperature=326.526    |
 | Etotal =4155.498   grad(E)=25.318     E(BOND)=916.078    E(ANGL)=2275.090   |
 | E(IMPR)=281.775    E(VDW )=682.555                                          |
 -------------------------------------------------------------------------------
 CENMAS: Information about center of free masses
         position [A]          :     -0.71827      0.04723     -0.25666
         velocity [A/ps]       :     -0.06811     -0.02316      0.01139
         ang. mom. [amu A/ps]  :  86863.22468  73564.99645 -81803.19137
         kin. ener. [Kcal/mol] :      0.58087
 EFLAGS: the following energy flags are set
 EFLAGS: BOND ANGL DIHE IMPR VDW 
 %PARRDR-info: duplication of bond HC   NC2 
 %PARRDR-info: duplication of angle CH2E C    NH1 
 %PARRDR-info: duplication of angle CH2P CH2E HA  
 POWELL: number of degrees of freedom= 13746
 NBONDS: generating intra-molecular exclusion list with mode=-3
 MAKINB: mode  -3 found  15638 exclusions and      0 interactions(1-4)
 NBONDS: found   677755 intra-atom interactions
 NBONDS: found   677570 intra-atom interactions
 --------------- cycle=    50 ------ stepsize=    0.0011 -----------------------
 | Etotal =13451.984  grad(E)=13.340     E(BOND)=235.909    E(ANGL)=1165.646   |
 | E(DIHE)=196.243    E(IMPR)=95.116     E(VDW )=11759.070                     |
 -------------------------------------------------------------------------------
 NBONDS: found   677619 intra-atom interactions
 --------------- cycle=   100 ------ stepsize=    0.0010 -----------------------
 | Etotal =13093.412  grad(E)=13.144     E(BOND)=224.875    E(ANGL)=1132.588   |
 | E(DIHE)=175.973    E(IMPR)=90.203     E(VDW )=11469.772                     |
 -------------------------------------------------------------------------------
 --------------- cycle=   150 ------ stepsize=    0.0011 -----------------------
 | Etotal =13028.576  grad(E)=13.117     E(BOND)=224.507    E(ANGL)=1130.707   |
 | E(DIHE)=171.544    E(IMPR)=87.983     E(VDW )=11413.836                     |
 -------------------------------------------------------------------------------
 NBONDS: found   677682 intra-atom interactions
 --------------- cycle=   200 ------ stepsize=    0.0011 -----------------------
 | Etotal =13004.931  grad(E)=13.128     E(BOND)=224.066    E(ANGL)=1131.526   |
 | E(DIHE)=169.430    E(IMPR)=87.669     E(VDW )=11392.240                     |
 -------------------------------------------------------------------------------
 --------------- cycle=   250 ------ stepsize=    0.0012 -----------------------
 | Etotal =13002.672  grad(E)=13.121     E(BOND)=224.074    E(ANGL)=1130.791   |
 | E(DIHE)=169.085    E(IMPR)=87.568     E(VDW )=11391.155                     |
 -------------------------------------------------------------------------------
 --------------- cycle=   300 ------ stepsize=   -0.0007 -----------------------
 | Etotal =13000.545  grad(E)=13.118     E(BOND)=223.904    E(ANGL)=1130.472   |
 | E(DIHE)=170.674    E(IMPR)=87.511     E(VDW )=11387.984                     |
 -------------------------------------------------------------------------------
 NBONDS: found   677692 intra-atom interactions
 --------------- cycle=   350 ------ stepsize=    0.0011 -----------------------
 | Etotal =12995.354  grad(E)=13.118     E(BOND)=223.959    E(ANGL)=1129.944   |
 | E(DIHE)=168.106    E(IMPR)=87.704     E(VDW )=11385.640                     |
 -------------------------------------------------------------------------------
 --------------- cycle=   400 ------ stepsize=    0.0010 -----------------------
 | Etotal =12994.174  grad(E)=13.117     E(BOND)=223.894    E(ANGL)=1130.223   |
 | E(DIHE)=167.235    E(IMPR)=87.534     E(VDW )=11385.289                     |
 -------------------------------------------------------------------------------
 --------------- cycle=   450 ------ stepsize=    0.0011 -----------------------
 | Etotal =12994.140  grad(E)=13.117     E(BOND)=223.901    E(ANGL)=1130.216   |
 | E(DIHE)=167.309    E(IMPR)=87.513     E(VDW )=11385.201                     |
 -------------------------------------------------------------------------------
 --------------- cycle=   500 ------ stepsize=    0.0009 -----------------------
 | Etotal =12994.140  grad(E)=13.117     E(BOND)=223.900    E(ANGL)=1130.213   |
 | E(DIHE)=167.322    E(IMPR)=87.515     E(VDW )=11385.190                     |
 -------------------------------------------------------------------------------
 POWELL: STEP number limit. Normal termination
 POWELL: Current coordinates set to last minimum
 DCART: temperature coupling (TCOUpling) enabled
 -------------------------- Cartesian dynamics start ---------------------------
 | E(kin)+E(total)=17022.773       E(kin)=4028.633      temperature=294.966    |
 | Etotal =12994.140  grad(E)=13.117     E(BOND)=223.900    E(ANGL)=1130.213   |
 | E(DIHE)=167.322    E(IMPR)=87.515     E(VDW )=11385.190                     |
 -------------------------------------------------------------------------------
 NBONDS: found   677601 intra-atom interactions
 NBONDS: found   677720 intra-atom interactions
 NBONDS: found   677618 intra-atom interactions
 NBONDS: found   677627 intra-atom interactions
 NBONDS: found   677542 intra-atom interactions
 NBONDS: found   677711 intra-atom interactions
 NBONDS: found   677735 intra-atom interactions
 ----------------- final step=      500 at      0.25000 ps ---------------------
 | E(kin)+E(total)=21223.912       E(kin)=4216.699      temperature=308.736    |
 | Etotal =17007.214  grad(E)=31.754     E(BOND)=1333.782   E(ANGL)=3340.163   |
 | E(DIHE)=175.575    E(IMPR)=419.829    E(VDW )=11737.865                     |
 -------------------------------------------------------------------------------
 CENMAS: Information about center of free masses
         position [A]          :     -0.71791      0.04711     -0.25707
         velocity [A/ps]       :     -0.20992      0.05851     -0.21722
         ang. mom. [amu A/ps]  : -20918.43279  19515.10751 -56419.70497
         kin. ener. [Kcal/mol] :      0.52255
 POWELL: number of degrees of freedom= 13746
 --------------- cycle=    50 ------ stepsize=    0.0010 -----------------------
 | Etotal =12991.186  grad(E)=13.125     E(BOND)=225.459    E(ANGL)=1130.814   |
 | E(DIHE)=161.340    E(IMPR)=88.308     E(VDW )=11385.265                     |
 -------------------------------------------------------------------------------
 --------------- cycle=   100 ------ stepsize=    0.0009 -----------------------
 | Etotal =12981.114  grad(E)=13.114     E(BOND)=225.028    E(ANGL)=1129.024   |
 | E(DIHE)=162.328    E(IMPR)=87.976     E(VDW )=11376.757                     |
 -------------------------------------------------------------------------------
 --------------- cycle=   150 ------ stepsize=    0.0013 -----------------------
 | Etotal =12980.680  grad(E)=13.115     E(BOND)=225.161    E(ANGL)=1128.900   |
 | E(DIHE)=161.995    E(IMPR)=87.927     E(VDW )=11376.697                     |
 -------------------------------------------------------------------------------
 --------------- cycle=   200 ------ stepsize=    0.0010 -----------------------
 | Etotal =12980.586  grad(E)=13.116     E(BOND)=225.205    E(ANGL)=1128.756   |
 | E(DIHE)=161.592    E(IMPR)=87.918     E(VDW )=11377.115                     |
 -------------------------------------------------------------------------------
 --------------- cycle=   250 ------ stepsize=    0.0012 -----------------------
 | Etotal =12980.578  grad(E)=13.116     E(BOND)=225.208    E(ANGL)=1128.749   |
 | E(DIHE)=161.616    E(IMPR)=87.913     E(VDW )=11377.092                     |
 -------------------------------------------------------------------------------
 --------------- cycle=   300 ------ stepsize=    0.0010 -----------------------
 | Etotal =12980.577  grad(E)=13.116     E(BOND)=225.210    E(ANGL)=1128.738   |
 | E(DIHE)=161.614    E(IMPR)=87.913     E(VDW )=11377.103                     |
 -------------------------------------------------------------------------------
 --------------- cycle=   350 ------ stepsize=    0.0013 -----------------------
 | Etotal =12980.577  grad(E)=13.116     E(BOND)=225.208    E(ANGL)=1128.738   |
 | E(DIHE)=161.613    E(IMPR)=87.913     E(VDW )=11377.105                     |
 -------------------------------------------------------------------------------
 POWELL: Gradient converged. Normal termination
 POWELL: Current coordinates set to last minimum
 POWELL: number of degrees of freedom= 18327
 NBONDS: found   677622 intra-atom interactions
 --------------- cycle=     5 ------ stepsize=    0.0006 -----------------------
 | Etotal =12746.783  grad(E)=13.106     E(BOND)=224.279    E(ANGL)=1128.463   |
 | E(DIHE)=161.628    E(IMPR)=87.146     E(VDW )=11145.269                     |
 -------------------------------------------------------------------------------
 --------------- cycle=    10 ------ stepsize=    0.0011 -----------------------
 | Etotal =12738.608  grad(E)=13.115     E(BOND)=223.729    E(ANGL)=1130.547   |
 | E(DIHE)=161.573    E(IMPR)=86.485     E(VDW )=11136.272                     |
 -------------------------------------------------------------------------------
 --------------- cycle=    15 ------ stepsize=   -0.0002 -----------------------
 | Etotal =12735.272  grad(E)=13.093     E(BOND)=223.762    E(ANGL)=1128.863   |
 | E(DIHE)=161.560    E(IMPR)=86.210     E(VDW )=11134.877                     |
 -------------------------------------------------------------------------------
 --------------- cycle=    20 ------ stepsize=    0.0010 -----------------------
 | Etotal =12734.462  grad(E)=13.093     E(BOND)=223.993    E(ANGL)=1128.545   |
 | E(DIHE)=161.564    E(IMPR)=86.237     E(VDW )=11134.124                     |
 -------------------------------------------------------------------------------
 --------------- cycle=    25 ------ stepsize=    0.0007 -----------------------
 | Etotal =12733.074  grad(E)=13.101     E(BOND)=224.103    E(ANGL)=1129.469   |
 | E(DIHE)=161.612    E(IMPR)=86.212     E(VDW )=11131.677                     |
 -------------------------------------------------------------------------------
 --------------- cycle=    30 ------ stepsize=    0.0008 -----------------------
 | Etotal =12732.339  grad(E)=13.089     E(BOND)=223.736    E(ANGL)=1128.354   |
 | E(DIHE)=161.697    E(IMPR)=86.186     E(VDW )=11132.366                     |
 -------------------------------------------------------------------------------
 --------------- cycle=    35 ------ stepsize=    0.0009 -----------------------
 | Etotal =12731.972  grad(E)=13.091     E(BOND)=223.819    E(ANGL)=1128.289   |
 | E(DIHE)=161.747    E(IMPR)=86.084     E(VDW )=11132.032                     |
 -------------------------------------------------------------------------------
 --------------- cycle=    40 ------ stepsize=    0.0008 -----------------------
 | Etotal =12731.163  grad(E)=13.088     E(BOND)=223.771    E(ANGL)=1128.064   |
 | E(DIHE)=161.906    E(IMPR)=86.172     E(VDW )=11131.250                     |
 -------------------------------------------------------------------------------
 --------------- cycle=    45 ------ stepsize=   -0.0001 -----------------------
 | Etotal =12730.952  grad(E)=13.090     E(BOND)=223.667    E(ANGL)=1128.412   |
 | E(DIHE)=161.885    E(IMPR)=86.149     E(VDW )=11130.838                     |
 -------------------------------------------------------------------------------
 --------------- cycle=    50 ------ stepsize=    0.0008 -----------------------
 | Etotal =12730.756  grad(E)=13.089     E(BOND)=223.707    E(ANGL)=1128.188   |
 | E(DIHE)=161.847    E(IMPR)=86.130     E(VDW )=11130.883                     |
 -------------------------------------------------------------------------------
 POWELL: STEP number limit. Normal termination
 POWELL: Current coordinates set to last minimum
 %PARRDR-info: duplication of bond HC   NC2 
 %PARRDR-info: duplication of angle CH2E C    NH1 
 %PARRDR-info: duplication of angle CH2P CH2E HA  
 POWELL: number of degrees of freedom= 18327
 NBONDS: generating intra-molecular exclusion list with mode= 5
 MAKINB: mode   5 found  17732 exclusions and  17729 interactions(1-4)
 NBONDS: found   896929 intra-atom interactions
 NBONDS: found   897078 intra-atom interactions
 NBONDS: found   897135 intra-atom interactions
 --------------- cycle=    50 ------ stepsize=    0.0002 -----------------------
 | Etotal =2.053      grad(E)=5.478      E(BOND)=16.874     E(ANGL)=414.663    |
 | E(DIHE)=68.619     E(IMPR)=35.269     E(VDW )=-534.263   E(ELEC)=0.892      |
 -------------------------------------------------------------------------------
 POWELL: STEP number limit. Normal termination
 POWELL: Current coordinates set to last minimum
 --------------- cycle=     1 --------------------------------------------------
 | Etotal =2.053      grad(E)=5.478      E(BOND)=16.874     E(ANGL)=414.663    |
 | E(DIHE)=68.619     E(IMPR)=35.269     E(VDW )=-534.263   E(ELEC)=0.892      |
 -------------------------------------------------------------------------------
 SURFAC: half the sigma value being used for atomic radii.
 SURFAC: ACCEssible surface area
 SURFAC: ACCUracy= 0.07 RH2O=  1.40
         Z-grid=  0.32 number-of-Z-sections=  215
         measures-of-arc= 94369 and152311
 SURFAC: half the sigma value being used for atomic radii.
 SURFAC: ACCEssible surface area
 SURFAC: ACCUracy= 0.07 RH2O=  1.40
         Z-grid=  0.32 number-of-Z-sections=  140
         measures-of-arc= 26021 and 46552
 SURFAC: half the sigma value being used for atomic radii.
 SURFAC: ACCEssible surface area
 SURFAC: ACCUracy= 0.07 RH2O=  1.40
         Z-grid=  0.32 number-of-Z-sections=  215
         measures-of-arc=122042 and199118
 %PARRDR-info: duplication of bond HC   NC2 
 %PARRDR-info: duplication of angle CH2E C    NH1 
 %PARRDR-info: duplication of angle CH2P CH2E HA  
 NBONDS: generating intra-molecular exclusion list with mode= 5
 MAKINB: mode   5 found      0 exclusions and      0 interactions(1-4)
 NBONDS: found     1439 intra-atom interactions
 --------------- cycle=     2 --------------------------------------------------
 | Etotal =-12.665    grad(E)=0.173      E(VDW )=-4.954     E(ELEC)=-7.711     |
 -------------------------------------------------------------------------------
 NBONDS: generating intra-molecular exclusion list with mode= 5
 MAKINB: mode   5 found      0 exclusions and      0 interactions(1-4)
 NBONDS: found      348 intra-atom interactions
 --------------- cycle=     3 --------------------------------------------------
 | Etotal =-3.367     grad(E)=0.026      E(VDW )=-0.370     E(ELEC)=-2.996     |
 -------------------------------------------------------------------------------
 NBONDS: generating intra-molecular exclusion list with mode= 5
 MAKINB: mode   5 found      0 exclusions and      0 interactions(1-4)
 NBONDS: found     1627 intra-atom interactions
 --------------- cycle=     4 --------------------------------------------------
 | Etotal =-7.452     grad(E)=0.041      E(VDW )=-5.924     E(ELEC)=-1.528     |
 -------------------------------------------------------------------------------
 NBONDS: generating intra-molecular exclusion list with mode= 5
 MAKINB: mode   5 found      0 exclusions and      0 interactions(1-4)
 NBONDS: found     1146 intra-atom interactions
 --------------- cycle=     5 --------------------------------------------------
 | Etotal =-2.809     grad(E)=0.021      E(VDW )=-2.112     E(ELEC)=-0.698     |
 -------------------------------------------------------------------------------
 NBONDS: generating intra-molecular exclusion list with mode= 5
 MAKINB: mode   5 found      0 exclusions and      0 interactions(1-4)
 NBONDS: found      858 intra-atom interactions
 --------------- cycle=     6 --------------------------------------------------
 | Etotal =-84.967    grad(E)=0.584      E(VDW )=7.530      E(ELEC)=-92.497    |
 -------------------------------------------------------------------------------
 NBONDS: generating intra-molecular exclusion list with mode= 5
 MAKINB: mode   5 found      0 exclusions and      0 interactions(1-4)
 NBONDS: found     2574 intra-atom interactions
 --------------- cycle=     7 --------------------------------------------------
 | Etotal =-28.640    grad(E)=0.276      E(VDW )=-5.596     E(ELEC)=-23.044    |
 -------------------------------------------------------------------------------
 NBONDS: generating intra-molecular exclusion list with mode= 5
 MAKINB: mode   5 found      0 exclusions and      0 interactions(1-4)
 NBONDS: found     2072 intra-atom interactions
 --------------- cycle=     8 --------------------------------------------------
 | Etotal =5.745      grad(E)=0.204      E(VDW )=-5.081     E(ELEC)=10.826     |
 -------------------------------------------------------------------------------
 NBONDS: generating intra-molecular exclusion list with mode= 5
 MAKINB: mode   5 found      0 exclusions and      0 interactions(1-4)
 NBONDS: found      934 intra-atom interactions
 --------------- cycle=     9 --------------------------------------------------
 | Etotal =-25.777    grad(E)=0.344      E(VDW )=0.484      E(ELEC)=-26.260    |
 -------------------------------------------------------------------------------
 NBONDS: generating intra-molecular exclusion list with mode= 5
 MAKINB: mode   5 found      0 exclusions and      0 interactions(1-4)
 NBONDS: found      588 intra-atom interactions
 --------------- cycle=    10 --------------------------------------------------
 | Etotal =-36.631    grad(E)=0.335      E(VDW )=-0.229     E(ELEC)=-36.402    |
 -------------------------------------------------------------------------------
 NBONDS: generating intra-molecular exclusion list with mode= 5
 MAKINB: mode   5 found      0 exclusions and      0 interactions(1-4)
 NBONDS: found     1032 intra-atom interactions
 --------------- cycle=    11 --------------------------------------------------
 | Etotal =-18.183    grad(E)=0.340      E(VDW )=-1.981     E(ELEC)=-16.202    |
 -------------------------------------------------------------------------------
 NBONDS: generating intra-molecular exclusion list with mode= 5
 MAKINB: mode   5 found      0 exclusions and      0 interactions(1-4)
 NBONDS: found     1312 intra-atom interactions
 --------------- cycle=    12 --------------------------------------------------
 | Etotal =-8.857     grad(E)=0.106      E(VDW )=-4.126     E(ELEC)=-4.731     |
 -------------------------------------------------------------------------------
 NBONDS: generating intra-molecular exclusion list with mode= 5
 MAKINB: mode   5 found      0 exclusions and      0 interactions(1-4)
 NBONDS: found      626 intra-atom interactions
 --------------- cycle=    13 --------------------------------------------------
 | Etotal =2.887      grad(E)=0.080      E(VDW )=-0.936     E(ELEC)=3.824      |
 -------------------------------------------------------------------------------
 NBONDS: generating intra-molecular exclusion list with mode= 5
 MAKINB: mode   5 found      0 exclusions and      0 interactions(1-4)
 NBONDS: found      588 intra-atom interactions
 --------------- cycle=    14 --------------------------------------------------
 | Etotal =-0.295     grad(E)=0.011      E(VDW )=-0.637     E(ELEC)=0.342      |
 -------------------------------------------------------------------------------
 NBONDS: generating intra-molecular exclusion list with mode= 5
 MAKINB: mode   5 found      0 exclusions and      0 interactions(1-4)
 NBONDS: found      618 intra-atom interactions
 --------------- cycle=    15 --------------------------------------------------
 | Etotal =-1.646     grad(E)=0.004      E(VDW )=-1.677     E(ELEC)=0.031      |
 -------------------------------------------------------------------------------
 NBONDS: generating intra-molecular exclusion list with mode= 5
 MAKINB: mode   5 found      0 exclusions and      0 interactions(1-4)
 NBONDS: found      411 intra-atom interactions
 --------------- cycle=    16 --------------------------------------------------
 | Etotal =-1.528     grad(E)=0.028      E(VDW )=-1.490     E(ELEC)=-0.038     |
 -------------------------------------------------------------------------------
 NBONDS: generating intra-molecular exclusion list with mode= 5
 MAKINB: mode   5 found      0 exclusions and      0 interactions(1-4)
 NBONDS: found      844 intra-atom interactions
 --------------- cycle=    17 --------------------------------------------------
 | Etotal =-9.220     grad(E)=0.109      E(VDW )=-3.754     E(ELEC)=-5.466     |
 -------------------------------------------------------------------------------
 NBONDS: generating intra-molecular exclusion list with mode= 5
 MAKINB: mode   5 found      0 exclusions and      0 interactions(1-4)
 NBONDS: found      561 intra-atom interactions
 --------------- cycle=    18 --------------------------------------------------
 | Etotal =-5.301     grad(E)=0.062      E(VDW )=-0.830     E(ELEC)=-4.472     |
 -------------------------------------------------------------------------------
 NBONDS: generating intra-molecular exclusion list with mode= 5
 MAKINB: mode   5 found      0 exclusions and      0 interactions(1-4)
 NBONDS: found     3156 intra-atom interactions
 --------------- cycle=    19 --------------------------------------------------
 | Etotal =-32.170    grad(E)=0.299      E(VDW )=-9.145     E(ELEC)=-23.025    |
 -------------------------------------------------------------------------------
 NBONDS: generating intra-molecular exclusion list with mode= 5
 MAKINB: mode   5 found      0 exclusions and      0 interactions(1-4)
 NBONDS: found      658 intra-atom interactions
 --------------- cycle=    20 --------------------------------------------------
 | Etotal =-4.291     grad(E)=0.055      E(VDW )=-3.371     E(ELEC)=-0.920     |
 -------------------------------------------------------------------------------
 NBONDS: generating intra-molecular exclusion list with mode= 5
 MAKINB: mode   5 found      0 exclusions and      0 interactions(1-4)
 NBONDS: found      741 intra-atom interactions
 --------------- cycle=    21 --------------------------------------------------
 | Etotal =-2.539     grad(E)=0.111      E(VDW )=-2.658     E(ELEC)=0.119      |
 -------------------------------------------------------------------------------
 NBONDS: generating intra-molecular exclusion list with mode= 5
 MAKINB: mode   5 found      0 exclusions and      0 interactions(1-4)
 NBONDS: found      358 intra-atom interactions
 --------------- cycle=    22 --------------------------------------------------
 | Etotal =-0.421     grad(E)=0.051      E(VDW )=-0.763     E(ELEC)=0.342      |
 -------------------------------------------------------------------------------
 NBONDS: generating intra-molecular exclusion list with mode= 5
 MAKINB: mode   5 found      0 exclusions and      0 interactions(1-4)
 NBONDS: found      160 intra-atom interactions
 --------------- cycle=    23 --------------------------------------------------
 | Etotal =-0.052     grad(E)=0.022      E(VDW )=-0.318     E(ELEC)=0.266      |
 -------------------------------------------------------------------------------
 NBONDS: generating intra-molecular exclusion list with mode= 5
 MAKINB: mode   5 found      0 exclusions and      0 interactions(1-4)
 NBONDS: found      189 intra-atom interactions
 --------------- cycle=    24 --------------------------------------------------
 | Etotal =4.277      grad(E)=0.097      E(VDW )=-0.440     E(ELEC)=4.717      |
 -------------------------------------------------------------------------------
 NBONDS: generating intra-molecular exclusion list with mode= 5
 MAKINB: mode   5 found      0 exclusions and      0 interactions(1-4)
 NBONDS: found      924 intra-atom interactions
 --------------- cycle=    25 --------------------------------------------------
 | Etotal =-0.303     grad(E)=0.148      E(VDW )=-1.410     E(ELEC)=1.107      |
 -------------------------------------------------------------------------------
 NBONDS: generating intra-molecular exclusion list with mode= 5
 MAKINB: mode   5 found      0 exclusions and      0 interactions(1-4)
 NBONDS: found      112 intra-atom interactions
 --------------- cycle=    26 --------------------------------------------------
 | Etotal =-16.971    grad(E)=0.109      E(VDW )=-0.304     E(ELEC)=-16.668    |
 -------------------------------------------------------------------------------
 NBONDS: generating intra-molecular exclusion list with mode= 5
 MAKINB: mode   5 found      0 exclusions and      0 interactions(1-4)
 NBONDS: found      957 intra-atom interactions
 --------------- cycle=    27 --------------------------------------------------
 | Etotal =-90.297    grad(E)=0.399      E(VDW )=2.196      E(ELEC)=-92.494    |
 -------------------------------------------------------------------------------
 NBONDS: generating intra-molecular exclusion list with mode= 5
 MAKINB: mode   5 found      0 exclusions and      0 interactions(1-4)
 NBONDS: found      861 intra-atom interactions
 --------------- cycle=    28 --------------------------------------------------
 | Etotal =-12.828    grad(E)=0.233      E(VDW )=-1.084     E(ELEC)=-11.744    |
 -------------------------------------------------------------------------------
 NBONDS: generating intra-molecular exclusion list with mode= 5
 MAKINB: mode   5 found      0 exclusions and      0 interactions(1-4)
 NBONDS: found      558 intra-atom interactions
 --------------- cycle=    29 --------------------------------------------------
 | Etotal =1.516      grad(E)=0.074      E(VDW )=-1.461     E(ELEC)=2.977      |
 -------------------------------------------------------------------------------
 NBONDS: generating intra-molecular exclusion list with mode= 5
 MAKINB: mode   5 found      0 exclusions and      0 interactions(1-4)
 NBONDS: found     1465 intra-atom interactions
 --------------- cycle=    30 --------------------------------------------------
 | Etotal =-1.386     grad(E)=0.030      E(VDW )=-3.997     E(ELEC)=2.612      |
 -------------------------------------------------------------------------------
 NBONDS: generating intra-molecular exclusion list with mode= 5
 MAKINB: mode   5 found      0 exclusions and      0 interactions(1-4)
 NBONDS: found     1483 intra-atom interactions
 --------------- cycle=    31 --------------------------------------------------
 | Etotal =2.331      grad(E)=0.440      E(VDW )=1.534      E(ELEC)=0.797      |
 -------------------------------------------------------------------------------
 NBONDS: generating intra-molecular exclusion list with mode= 5
 MAKINB: mode   5 found      0 exclusions and      0 interactions(1-4)
 NBONDS: found      662 intra-atom interactions
 --------------- cycle=    32 --------------------------------------------------
 | Etotal =-1.628     grad(E)=0.023      E(VDW )=-1.323     E(ELEC)=-0.305     |
 -------------------------------------------------------------------------------
 NBONDS: generating intra-molecular exclusion list with mode= 5
 MAKINB: mode   5 found      0 exclusions and      0 interactions(1-4)
 NBONDS: found      858 intra-atom interactions
 --------------- cycle=    33 --------------------------------------------------
 | Etotal =-8.556     grad(E)=0.109      E(VDW )=-2.076     E(ELEC)=-6.479     |
 -------------------------------------------------------------------------------
 NBONDS: generating intra-molecular exclusion list with mode= 5
 MAKINB: mode   5 found      0 exclusions and      0 interactions(1-4)
 NBONDS: found      438 intra-atom interactions
 --------------- cycle=    34 --------------------------------------------------
 | Etotal =-3.168     grad(E)=0.047      E(VDW )=-1.533     E(ELEC)=-1.635     |
 -------------------------------------------------------------------------------
 NBONDS: generating intra-molecular exclusion list with mode= 5
 MAKINB: mode   5 found      0 exclusions and      0 interactions(1-4)
 NBONDS: found      245 intra-atom interactions
 --------------- cycle=    35 --------------------------------------------------
 | Etotal =-0.698     grad(E)=0.017      E(VDW )=-0.231     E(ELEC)=-0.467     |
 -------------------------------------------------------------------------------
 NBONDS: generating intra-molecular exclusion list with mode= 5
 MAKINB: mode   5 found      0 exclusions and      0 interactions(1-4)
 NBONDS: found     1873 intra-atom interactions
 --------------- cycle=    36 --------------------------------------------------
 | Etotal =-6.025     grad(E)=0.038      E(VDW )=-6.006     E(ELEC)=-0.019     |
 -------------------------------------------------------------------------------
 NBONDS: generating intra-molecular exclusion list with mode= 5
 MAKINB: mode   5 found      0 exclusions and      0 interactions(1-4)
 NBONDS: found     1092 intra-atom interactions
 --------------- cycle=    37 --------------------------------------------------
 | Etotal =-8.739     grad(E)=0.124      E(VDW )=-2.958     E(ELEC)=-5.782     |
 -------------------------------------------------------------------------------
 NBONDS: generating intra-molecular exclusion list with mode= 5
 MAKINB: mode   5 found      0 exclusions and      0 interactions(1-4)
 NBONDS: found     1382 intra-atom interactions
 --------------- cycle=    38 --------------------------------------------------
 | Etotal =1.130      grad(E)=0.060      E(VDW )=-4.945     E(ELEC)=6.075      |
 -------------------------------------------------------------------------------
 NBONDS: generating intra-molecular exclusion list with mode= 5
 MAKINB: mode   5 found      0 exclusions and      0 interactions(1-4)
 NBONDS: found      180 intra-atom interactions
 --------------- cycle=    39 --------------------------------------------------
 | Etotal =-7.172     grad(E)=0.055      E(VDW )=-0.238     E(ELEC)=-6.934     |
 -------------------------------------------------------------------------------
 NBONDS: generating intra-molecular exclusion list with mode= 5
 MAKINB: mode   5 found      0 exclusions and      0 interactions(1-4)
 NBONDS: found     1207 intra-atom interactions
 --------------- cycle=    40 --------------------------------------------------
 | Etotal =-39.850    grad(E)=0.326      E(VDW )=-0.463     E(ELEC)=-39.386    |
 -------------------------------------------------------------------------------
 NBONDS: generating intra-molecular exclusion list with mode= 5
 MAKINB: mode   5 found      0 exclusions and      0 interactions(1-4)
 NBONDS: found      417 intra-atom interactions
 --------------- cycle=    41 --------------------------------------------------
 | Etotal =-2.175     grad(E)=0.044      E(VDW )=-0.610     E(ELEC)=-1.565     |
 -------------------------------------------------------------------------------
 NBONDS: generating intra-molecular exclusion list with mode= 5
 MAKINB: mode   5 found      0 exclusions and      0 interactions(1-4)
 NBONDS: found      410 intra-atom interactions
 --------------- cycle=    42 --------------------------------------------------
 | Etotal =-17.887    grad(E)=0.131      E(VDW )=-0.404     E(ELEC)=-17.483    |
 -------------------------------------------------------------------------------
 NBONDS: generating intra-molecular exclusion list with mode= 5
 MAKINB: mode   5 found      0 exclusions and      0 interactions(1-4)
 NBONDS: found      464 intra-atom interactions
 --------------- cycle=    43 --------------------------------------------------
 | Etotal =0.296      grad(E)=0.048      E(VDW )=-0.621     E(ELEC)=0.917      |
 -------------------------------------------------------------------------------
 NBONDS: generating intra-molecular exclusion list with mode= 5
 MAKINB: mode   5 found      0 exclusions and      0 interactions(1-4)
 NBONDS: found     1456 intra-atom interactions
 --------------- cycle=    44 --------------------------------------------------
 | Etotal =-1.625     grad(E)=0.077      E(VDW )=-3.871     E(ELEC)=2.246      |
 -------------------------------------------------------------------------------
 NBONDS: generating intra-molecular exclusion list with mode= 5
 MAKINB: mode   5 found      0 exclusions and      0 interactions(1-4)
 NBONDS: found     1743 intra-atom interactions
 --------------- cycle=    45 --------------------------------------------------
 | Etotal =-11.558    grad(E)=0.148      E(VDW )=-4.718     E(ELEC)=-6.840     |
 -------------------------------------------------------------------------------
 NBONDS: generating intra-molecular exclusion list with mode= 5
 MAKINB: mode   5 found      0 exclusions and      0 interactions(1-4)
 NBONDS: found     1194 intra-atom interactions
 --------------- cycle=    46 --------------------------------------------------
 | Etotal =-7.164     grad(E)=0.136      E(VDW )=-5.705     E(ELEC)=-1.458     |
 -------------------------------------------------------------------------------
 NBONDS: generating intra-molecular exclusion list with mode= 5
 MAKINB: mode   5 found      0 exclusions and      0 interactions(1-4)
 NBONDS: found      709 intra-atom interactions
 --------------- cycle=    47 --------------------------------------------------
 | Etotal =-8.410     grad(E)=0.100      E(VDW )=-1.693     E(ELEC)=-6.717     |
 -------------------------------------------------------------------------------
 NBONDS: generating intra-molecular exclusion list with mode= 5
 MAKINB: mode   5 found      0 exclusions and      0 interactions(1-4)
 NBONDS: found     2059 intra-atom interactions
 --------------- cycle=    48 --------------------------------------------------
 | Etotal =-20.871    grad(E)=0.233      E(VDW )=-6.277     E(ELEC)=-14.594    |
 -------------------------------------------------------------------------------
 HEAP: maximum use      =    22556680 current use      =       96000 bytes
 HEAP: maximum overhead =        2800 current overhead =         752 bytes
          ============================================================
           Maximum dynamic memory allocation:    22556680 bytes
           Maximum dynamic memory overhead:          2800 bytes
           Program started at: 17:27:52 on 08-May-2020
           Program stopped at: 17:28:16 on 08-May-2020
           CPU time used:      23.6250 seconds
          ============================================================
