          ============================================================
          |                                                          |
          |            Crystallography & NMR System (CNS)            |
          |                         CNSsolve                         |
          |                                                          |
          ============================================================
           Version: 1.3 at patch level U
           Status: Special UU release with Rg and paramagnetic
                   restraints (A. Bonvin, UU 2011)
          ============================================================
           Written by: A.T.Brunger, P.D.Adams, G.M.Clore, W.L.DeLano,
                       P.Gros, R.W.Grosse-Kunstleve,J.-S.Jiang,J.M.Krahn,
                       J.Kuszewski, M.Nilges, N.S.Pannu, R.J.Read,
                       L.M.Rice, G.F.Schroeder, T.Simonson, G.L.Warren.
           Copyright (c) 1997-2010 Yale University
          ============================================================
           Running on machine: hostname unknown (x86_64/Linux,64-bit)
           Program started by: joaor
           Program started at: 17:38:49 on 08-May-2020
          ============================================================

 FFT3C: Using FFTPACK4.1

 CNSsolve>! 
 CNSsolve>! Calculates pairwise energies between residues 
 CNSsolve>! Will only rebuild hydrogen atoms 
 CNSsolve>! 
 CNSsolve>! Adapted from HADDOCK protocols here and there. 
 CNSsolve>! JR & AMJJB @ 2020 
 CNSsolve>! 
 CNSsolve>define( 
 DEFINE>    {===>} auto_break=true; 
 DEFINE>    {===>} break_cutoff=2.5; 
 DEFINE>    {===>} dnaauto_break=true; 
 DEFINE>    {===>} dbreak_cutoff=4.5; 
 DEFINE>    {===>} auto_cispro=true; 
 DEFINE>    {===>} auto_disu=true; 
 DEFINE>    {===>} disulphide_dist=3.0; 
 DEFINE>    {===>} glyco_dist=2.75; 
 DEFINE>    {===>} coorin="molecule.pdb"; 
 DEFINE>    {===>} icutoff=5.0; 
 DEFINE>) 
 CNSsolve> 
 CNSsolve>! Mute (most) output 
 CNSsolve>set message=on echo=off end 
 ASSFIL: file merged.param opened.
 MESSage=NORM
 EVALUATE: symbol $OLD_MESSAGE set to "NORM" (string)
 ECHO=FALSe {OFF}
 EVALUATE: symbol $OLD_ECHO set to FALSE (logical)
 %PARRDR-info: duplication of bond HC   NC2 
 %PARRDR-info: duplication of angle CH2E C    NH1 
 %PARRDR-info: duplication of angle CH2P CH2E HA  
 ASSFIL: file merged.top opened.
 MESSage=NORM
 EVALUATE: symbol $OLD_MESSAGE set to "NORM" (string)
 ECHO=FALSe {OFF}
 EVALUATE: symbol $OLD_ECHO set to FALSE (logical)
 %RTFIO-warning: undefined masses in residue CYC 
 %RTFIO error encountered: there are undefined masses.
   (CNS is in mode: SET ABORT=NORMal END)
 MESSage=NORM
 EVALUATE: symbol $OLD_MESSAGE set to "NORM" (string)
 ECHO=FALSe {OFF}
 EVALUATE: symbol $OLD_ECHO set to FALSE (logical)
 ASSFIL: file protein_break.top opened.
 %RTFRDR-ERR: duplicate (P-)RESIdue name DPEP
 %RTFRDR-ERR: duplicate (P-)RESIdue name DPPP
 RTFRDR> 
 RTFRDR>end 
 CNSsolve> 
 CNSsolve>! Reset output muting 
 CNSsolve>set message=off echo=off end 
FOUND 5 NAG:ASN pairs
NAG:ASN bond added from   B    901  to   B    53  
NAG:ASN bond added from   B    903  to   B    90  
NAG:ASN bond added from   B    908  to   B    432 
NAG:ASN bond added from   B    910  to   B    546 
NAG:ASN bond added from   E    1401 to   E    343 
FOUND 6 NAG:NAG pairs
NAG:NAG B14 bond added from   B    902  to   B    901 
NAG:NAG B14 bond added from   B    904  to   B    903 
NAG:NAG B14 bond added from   B    909  to   B    908 
NAG:NAG B14 bond added from   B    911  to   B    910 
NAG:NAG B14 bond added from   E    1402 to   E    1401
NAG:NAG B14 bond added from   E    1403 to   E    1402
 %PARRDR-info: duplication of bond HC   NC2 
 %PARRDR-info: duplication of angle CH2E C    NH1 
 %PARRDR-info: duplication of angle CH2P CH2E HA  
 POWELL: number of degrees of freedom= 13728
 NBONDS: generating intra-molecular exclusion list with mode=-2
 MAKINB: mode  -2 found   4576 exclusions and      0 interactions(1-4)
 %atoms "B   -41  -TYR -HB1 " and "B   -41  -TYR -HD2 " only  0.09 A apart
 %atoms "B   -62  -MET -HG2 " and "B   -62  -MET -HE1 " only  0.03 A apart
 %atoms "B   -163 -TRP -HA  " and "B   -163 -TRP -CD2 " only  0.08 A apart
 %atoms "B   -231 -LYS -HG1 " and "B   -231 -LYS -HG2 " only  0.06 A apart
 %atoms "B   -473 -TRP -HE3 " and "B   -473 -TRP -HH2 " only  0.10 A apart
 %atoms "B   -481 -LYS -HB1 " and "B   -481 -LYS -HE1 " only  0.01 A apart
 %atoms "B   -504 -PHE -HD1 " and "B   -504 -PHE -HD2 " only  0.06 A apart
 %atoms "B   -577 -ARG -HA  " and "B   -577 -ARG -HG2 " only  0.09 A apart
 %atoms "E   -402 -ILE -HB  " and "E   -402 -ILE -HG12" only  0.05 A apart
 %atoms "E   -492 -LEU -CB  " and "E   -492 -LEU -HD13" only  0.08 A apart
 NBONDS: found   687776 intra-atom interactions
 NBONDS: found       10 nonbonded violations
 %atoms "B   -265 -HIS -CG  " and "B   -265 -HIS -HE1 " only  0.10 A apart
 NBONDS: found   687705 intra-atom interactions
 NBONDS: found        1 nonbonded violations
 %atoms "B   -413 -ALA -HA  " and "B   -413 -ALA -HB3 " only  0.06 A apart
 NBONDS: found   684808 intra-atom interactions
 NBONDS: found        1 nonbonded violations
 %atoms "E   -452 -LEU -CG  " and "E   -452 -LEU -HD11" only  0.08 A apart
 NBONDS: found   682437 intra-atom interactions
 NBONDS: found        1 nonbonded violations
 NBONDS: found   680902 intra-atom interactions
 --------------- cycle=    10 ------ stepsize=   -0.0000 -----------------------
 | Etotal =0.33E+07   grad(E)=571.215    E(BOND)=503256.800 E(ANGL)=0.16E+07   |
 | E(VDW )=0.13E+07                                                            |
 -------------------------------------------------------------------------------
 NBONDS: found   680887 intra-atom interactions
 NBONDS: found   681279 intra-atom interactions
 NBONDS: found   681604 intra-atom interactions
 --------------- cycle=    20 ------ stepsize=   -0.0000 -----------------------
 | Etotal =0.13E+07   grad(E)=303.507    E(BOND)=231708.689 E(ANGL)=511490.364 |
 | E(VDW )=521169.277                                                          |
 -------------------------------------------------------------------------------
 NBONDS: found   681369 intra-atom interactions
 NBONDS: found   681202 intra-atom interactions
 NBONDS: found   681229 intra-atom interactions
 --------------- cycle=    30 ------ stepsize=    0.0000 -----------------------
 | Etotal =997375.680 grad(E)=248.690    E(BOND)=189062.748 E(ANGL)=368635.597 |
 | E(VDW )=439677.335                                                          |
 -------------------------------------------------------------------------------
 NBONDS: found   681247 intra-atom interactions
 NBONDS: found   681299 intra-atom interactions
 --------------- cycle=    40 ------ stepsize=   -0.0000 -----------------------
 | Etotal =949816.021 grad(E)=239.515    E(BOND)=183487.637 E(ANGL)=345269.380 |
 | E(VDW )=421059.003                                                          |
 -------------------------------------------------------------------------------
 NBONDS: found   681209 intra-atom interactions
 NBONDS: found   681165 intra-atom interactions
 NBONDS: found   681258 intra-atom interactions
 --------------- cycle=    50 ------ stepsize=   -0.0000 -----------------------
 | Etotal =933293.220 grad(E)=236.892    E(BOND)=182357.013 E(ANGL)=337183.076 |
 | E(VDW )=413753.132                                                          |
 -------------------------------------------------------------------------------
 POWELL: STEP number limit. Normal termination
 POWELL: Current coordinates set to last minimum
 DCART: temperature coupling (TCOUpling) enabled
 -------------------------- Cartesian dynamics start ---------------------------
 | E(kin)+E(total)=0.35E+07        E(kin)=4176.326      temperature=306.181    |
 | Etotal =0.35E+07   grad(E)=590.593    E(BOND)=182357.013 E(ANGL)=337183.076 |
 | E(IMPR)=0.30E+07                                                            |
 -------------------------------------------------------------------------------
 ----------------- final step=       50 at      0.02500 ps ---------------------
 | E(kin)+E(total)=0.22E+07        E(kin)=457785.523    temperature=33561.794  |
 | Etotal =0.18E+07   grad(E)=326.409    E(BOND)=206316.854 E(ANGL)=812781.799 |
 | E(IMPR)=772134.648                                                          |
 -------------------------------------------------------------------------------
 CENMAS: Information about center of free masses
         position [A]          :     -0.54951      0.06563     -0.24557
         velocity [A/ps]       :      0.23080     -0.97807     -0.84278
         ang. mom. [amu A/ps]  : -73286.35938-947229.958662355619.76804
         kin. ener. [Kcal/mol] :    188.13335
 POWELL: number of degrees of freedom= 13728
 NBONDS: found   679220 intra-atom interactions
 NBONDS: found   678389 intra-atom interactions
 NBONDS: found   678367 intra-atom interactions
 NBONDS: found   679493 intra-atom interactions
 --------------- cycle=    10 ------ stepsize=   -0.0000 -----------------------
 | Etotal =0.19E+07   grad(E)=262.141    E(BOND)=218472.689 E(ANGL)=439096.919 |
 | E(IMPR)=712735.796 E(VDW )=489775.732                                       |
 -------------------------------------------------------------------------------
 NBONDS: found   680168 intra-atom interactions
 NBONDS: found   680060 intra-atom interactions
 NBONDS: found   680169 intra-atom interactions
 NBONDS: found   680297 intra-atom interactions
 NBONDS: found   680433 intra-atom interactions
 --------------- cycle=    20 ------ stepsize=    0.0001 -----------------------
 | Etotal =0.13E+07   grad(E)=150.389    E(BOND)=179633.992 E(ANGL)=180738.651 |
 | E(IMPR)=607053.345 E(VDW )=361876.078                                       |
 -------------------------------------------------------------------------------
 NBONDS: found   680686 intra-atom interactions
 NBONDS: found   680723 intra-atom interactions
 NBONDS: found   680760 intra-atom interactions
 NBONDS: found   680742 intra-atom interactions
 --------------- cycle=    30 ------ stepsize=    0.0003 -----------------------
 | Etotal =0.12E+07   grad(E)=118.783    E(BOND)=161865.485 E(ANGL)=145319.296 |
 | E(IMPR)=599335.547 E(VDW )=342659.733                                       |
 -------------------------------------------------------------------------------
 NBONDS: found   680685 intra-atom interactions
 NBONDS: found   680790 intra-atom interactions
 --------------- cycle=    40 ------ stepsize=   -0.0000 -----------------------
 | Etotal =0.12E+07   grad(E)=111.220    E(BOND)=165227.354 E(ANGL)=133916.916 |
 | E(IMPR)=592117.498 E(VDW )=329089.067                                       |
 -------------------------------------------------------------------------------
 NBONDS: found   680796 intra-atom interactions
 NBONDS: found   680732 intra-atom interactions
 NBONDS: found   680772 intra-atom interactions
 NBONDS: found   680775 intra-atom interactions
 --------------- cycle=    50 ------ stepsize=    0.0003 -----------------------
 | Etotal =0.12E+07   grad(E)=109.678    E(BOND)=165911.477 E(ANGL)=129848.716 |
 | E(IMPR)=587695.562 E(VDW )=324494.250                                       |
 -------------------------------------------------------------------------------
 POWELL: STEP number limit. Normal termination
 POWELL: Current coordinates set to last minimum
 DCART: temperature coupling (TCOUpling) enabled
 -------------------------- Cartesian dynamics start ---------------------------
 | E(kin)+E(total)=0.12E+07        E(kin)=4111.797      temperature=301.450    |
 | Etotal =0.12E+07   grad(E)=109.678    E(BOND)=165911.477 E(ANGL)=129848.716 |
 | E(IMPR)=587695.562 E(VDW )=324494.250                                       |
 -------------------------------------------------------------------------------
 NBONDS: found   680841 intra-atom interactions
 NBONDS: found   680800 intra-atom interactions
 ----------------- final step=       50 at      0.02500 ps ---------------------
 | E(kin)+E(total)=0.12E+07        E(kin)=6600.346      temperature=483.894    |
 | Etotal =0.12E+07   grad(E)=113.676    E(BOND)=167726.438 E(ANGL)=131682.633 |
 | E(IMPR)=579817.658 E(VDW )=323081.220                                       |
 -------------------------------------------------------------------------------
 CENMAS: Information about center of free masses
         position [A]          :     -0.55058      0.05517     -0.24096
         velocity [A/ps]       :      0.01042      0.02300      0.11275
         ang. mom. [amu A/ps]  :   6578.32301 -97576.46244 -77958.69576
         kin. ener. [Kcal/mol] :      1.46012
 %PARRDR-info: duplication of bond HC   NC2 
 %PARRDR-info: duplication of angle CH2E C    NH1 
 %PARRDR-info: duplication of angle CH2P CH2E HA  
 POWELL: number of degrees of freedom= 13728
 NBONDS: generating intra-molecular exclusion list with mode=-3
 MAKINB: mode  -3 found  15634 exclusions and      0 interactions(1-4)
 NBONDS: found   669611 intra-atom interactions
 NBONDS: found   671462 intra-atom interactions
 NBONDS: found   671443 intra-atom interactions
 NBONDS: found   671486 intra-atom interactions
 NBONDS: found   671764 intra-atom interactions
 NBONDS: found   672099 intra-atom interactions
 NBONDS: found   672259 intra-atom interactions
 --------------- cycle=    25 ------ stepsize=    0.0002 -----------------------
 | Etotal =263815.654 grad(E)=97.715     E(BOND)=12510.618  E(ANGL)=126825.206 |
 | E(IMPR)=122480.095 E(VDW )=1999.735                                         |
 -------------------------------------------------------------------------------
 NBONDS: found   672257 intra-atom interactions
 NBONDS: found   671953 intra-atom interactions
 NBONDS: found   672068 intra-atom interactions
 NBONDS: found   671944 intra-atom interactions
 NBONDS: found   671864 intra-atom interactions
 --------------- cycle=    50 ------ stepsize=    0.0006 -----------------------
 | Etotal =45417.795  grad(E)=40.851     E(BOND)=2172.515   E(ANGL)=24720.466  |
 | E(IMPR)=17661.290  E(VDW )=863.525                                          |
 -------------------------------------------------------------------------------
 NBONDS: found   671924 intra-atom interactions
 NBONDS: found   671881 intra-atom interactions
 NBONDS: found   671906 intra-atom interactions
 NBONDS: found   671920 intra-atom interactions
 --------------- cycle=    75 ------ stepsize=    0.0002 -----------------------
 | Etotal =11175.240  grad(E)=24.242     E(BOND)=754.812    E(ANGL)=6045.266   |
 | E(IMPR)=3720.239   E(VDW )=654.923                                          |
 -------------------------------------------------------------------------------
 NBONDS: found   671859 intra-atom interactions
 NBONDS: found   671864 intra-atom interactions
 NBONDS: found   671851 intra-atom interactions
 --------------- cycle=   100 ------ stepsize=   -0.0001 -----------------------
 | Etotal =3582.006   grad(E)=13.850     E(BOND)=157.800    E(ANGL)=1938.092   |
 | E(IMPR)=879.278    E(VDW )=606.836                                          |
 -------------------------------------------------------------------------------
 POWELL: STEP number limit. Normal termination
 POWELL: Current coordinates set to last minimum
 DCART: temperature coupling (TCOUpling) enabled
 -------------------------- Cartesian dynamics start ---------------------------
 | E(kin)+E(total)=7617.729        E(kin)=4035.723      temperature=295.872    |
 | Etotal =3582.006   grad(E)=13.850     E(BOND)=157.800    E(ANGL)=1938.092   |
 | E(IMPR)=879.278    E(VDW )=606.836                                          |
 -------------------------------------------------------------------------------
 NBONDS: found   671753 intra-atom interactions
 NBONDS: found   671808 intra-atom interactions
 NBONDS: found   671779 intra-atom interactions
 NBONDS: found   671789 intra-atom interactions
 NBONDS: found   671755 intra-atom interactions
 NBONDS: found   671711 intra-atom interactions
 NBONDS: found   671699 intra-atom interactions
 NBONDS: found   671839 intra-atom interactions
 NBONDS: found   671843 intra-atom interactions
 NBONDS: found   671797 intra-atom interactions
 NBONDS: found   671719 intra-atom interactions
 NBONDS: found   671776 intra-atom interactions
 NBONDS: found   671757 intra-atom interactions
 NBONDS: found   671751 intra-atom interactions
 NBONDS: found   671697 intra-atom interactions
 NBONDS: found   671755 intra-atom interactions
 NBONDS: found   671771 intra-atom interactions
 NBONDS: found   671717 intra-atom interactions
 NBONDS: found   671784 intra-atom interactions
 NBONDS: found   671889 intra-atom interactions
 NBONDS: found   671871 intra-atom interactions
 NBONDS: found   671867 intra-atom interactions
 NBONDS: found   671955 intra-atom interactions
 NBONDS: found   671884 intra-atom interactions
 NBONDS: found   671881 intra-atom interactions
 NBONDS: found   671825 intra-atom interactions
 NBONDS: found   671953 intra-atom interactions
 NBONDS: found   671886 intra-atom interactions
 NBONDS: found   671924 intra-atom interactions
 NBONDS: found   671900 intra-atom interactions
 NBONDS: found   671944 intra-atom interactions
 NBONDS: found   671953 intra-atom interactions
 ----------------- final step=      500 at      0.25000 ps ---------------------
 | E(kin)+E(total)=9520.554        E(kin)=4344.918      temperature=318.541    |
 | Etotal =5175.635   grad(E)=26.766     E(BOND)=788.585    E(ANGL)=3299.552   |
 | E(IMPR)=407.682    E(VDW )=679.816                                          |
 -------------------------------------------------------------------------------
 CENMAS: Information about center of free masses
         position [A]          :     -0.55058      0.05123     -0.24007
         velocity [A/ps]       :      0.07370     -0.07367      0.06736
         ang. mom. [amu A/ps]  :  65551.20725-143041.20773 133222.87243
         kin. ener. [Kcal/mol] :      1.68392
 EFLAGS: the following energy flags are set
 EFLAGS: BOND ANGL DIHE IMPR VDW 
 %PARRDR-info: duplication of bond HC   NC2 
 %PARRDR-info: duplication of angle CH2E C    NH1 
 %PARRDR-info: duplication of angle CH2P CH2E HA  
 POWELL: number of degrees of freedom= 13728
 NBONDS: generating intra-molecular exclusion list with mode=-3
 MAKINB: mode  -3 found  15634 exclusions and      0 interactions(1-4)
 NBONDS: found   671852 intra-atom interactions
 NBONDS: found   671785 intra-atom interactions
 NBONDS: found   671730 intra-atom interactions
 --------------- cycle=    50 ------ stepsize=    0.0011 -----------------------
 | Etotal =13616.680  grad(E)=15.587     E(BOND)=227.335    E(ANGL)=1839.886   |
 | E(DIHE)=189.596    E(IMPR)=90.173     E(VDW )=11269.690                     |
 -------------------------------------------------------------------------------
 NBONDS: found   671690 intra-atom interactions
 --------------- cycle=   100 ------ stepsize=    0.0007 -----------------------
 | Etotal =13314.768  grad(E)=15.500     E(BOND)=225.741    E(ANGL)=1824.298   |
 | E(DIHE)=157.954    E(IMPR)=88.356     E(VDW )=11018.419                     |
 -------------------------------------------------------------------------------
 --------------- cycle=   150 ------ stepsize=    0.0010 -----------------------
 | Etotal =13258.673  grad(E)=15.496     E(BOND)=226.196    E(ANGL)=1823.606   |
 | E(DIHE)=151.373    E(IMPR)=88.471     E(VDW )=10969.027                     |
 -------------------------------------------------------------------------------
 NBONDS: found   671661 intra-atom interactions
 --------------- cycle=   200 ------ stepsize=    0.0011 -----------------------
 | Etotal =13247.316  grad(E)=15.487     E(BOND)=225.639    E(ANGL)=1823.034   |
 | E(DIHE)=151.477    E(IMPR)=88.938     E(VDW )=10958.227                     |
 -------------------------------------------------------------------------------
 --------------- cycle=   250 ------ stepsize=    0.0008 -----------------------
 | Etotal =13245.295  grad(E)=15.480     E(BOND)=225.399    E(ANGL)=1822.717   |
 | E(DIHE)=151.137    E(IMPR)=89.031     E(VDW )=10957.011                     |
 -------------------------------------------------------------------------------
 --------------- cycle=   300 ------ stepsize=    0.0010 -----------------------
 | Etotal =13244.811  grad(E)=15.480     E(BOND)=225.378    E(ANGL)=1822.683   |
 | E(DIHE)=151.697    E(IMPR)=89.027     E(VDW )=10956.025                     |
 -------------------------------------------------------------------------------
 --------------- cycle=   350 ------ stepsize=    0.0011 -----------------------
 | Etotal =13244.775  grad(E)=15.480     E(BOND)=225.348    E(ANGL)=1822.776   |
 | E(DIHE)=151.806    E(IMPR)=89.045     E(VDW )=10955.800                     |
 -------------------------------------------------------------------------------
 --------------- cycle=   400 ------ stepsize=    0.0013 -----------------------
 | Etotal =13244.774  grad(E)=15.480     E(BOND)=225.348    E(ANGL)=1822.787   |
 | E(DIHE)=151.799    E(IMPR)=89.040     E(VDW )=10955.800                     |
 -------------------------------------------------------------------------------
 --------------- cycle=   450 ------ stepsize=    0.0011 -----------------------
 | Etotal =13244.774  grad(E)=15.480     E(BOND)=225.348    E(ANGL)=1822.790   |
 | E(DIHE)=151.799    E(IMPR)=89.041     E(VDW )=10955.796                     |
 -------------------------------------------------------------------------------
 POWELL: Gradient converged. Normal termination
 POWELL: Current coordinates set to last minimum
 DCART: temperature coupling (TCOUpling) enabled
 -------------------------- Cartesian dynamics start ---------------------------
 | E(kin)+E(total)=17284.606       E(kin)=4039.832      temperature=296.174    |
 | Etotal =13244.774  grad(E)=15.480     E(BOND)=225.348    E(ANGL)=1822.791   |
 | E(DIHE)=151.799    E(IMPR)=89.041     E(VDW )=10955.795                     |
 -------------------------------------------------------------------------------
 NBONDS: found   671642 intra-atom interactions
 NBONDS: found   671781 intra-atom interactions
 NBONDS: found   671782 intra-atom interactions
 NBONDS: found   671697 intra-atom interactions
 NBONDS: found   671643 intra-atom interactions
 NBONDS: found   671682 intra-atom interactions
 NBONDS: found   671599 intra-atom interactions
 NBONDS: found   671663 intra-atom interactions
 NBONDS: found   671618 intra-atom interactions
 NBONDS: found   671714 intra-atom interactions
 NBONDS: found   671555 intra-atom interactions
 ----------------- final step=      500 at      0.25000 ps ---------------------
 | E(kin)+E(total)=21479.056       E(kin)=4165.459      temperature=305.384    |
 | Etotal =17313.597  grad(E)=32.600     E(BOND)=1348.967   E(ANGL)=4024.893   |
 | E(DIHE)=163.284    E(IMPR)=428.601    E(VDW )=11347.852                     |
 -------------------------------------------------------------------------------
 CENMAS: Information about center of free masses
         position [A]          :     -0.55065      0.05095     -0.23984
         velocity [A/ps]       :      0.08658      0.01789      0.04616
         ang. mom. [amu A/ps]  :  35771.34559 -46943.18712  25686.26931
         kin. ener. [Kcal/mol] :      0.05483
 POWELL: number of degrees of freedom= 13728
 --------------- cycle=    50 ------ stepsize=    0.0010 -----------------------
 | Etotal =13252.919  grad(E)=15.493     E(BOND)=225.845    E(ANGL)=1822.049   |
 | E(DIHE)=149.697    E(IMPR)=88.656     E(VDW )=10966.674                     |
 -------------------------------------------------------------------------------
 --------------- cycle=   100 ------ stepsize=    0.0014 -----------------------
 | Etotal =13245.514  grad(E)=15.477     E(BOND)=225.602    E(ANGL)=1821.604   |
 | E(DIHE)=149.626    E(IMPR)=88.957     E(VDW )=10959.726                     |
 -------------------------------------------------------------------------------
 --------------- cycle=   150 ------ stepsize=    0.0010 -----------------------
 | Etotal =13245.155  grad(E)=15.475     E(BOND)=225.498    E(ANGL)=1821.428   |
 | E(DIHE)=150.280    E(IMPR)=88.897     E(VDW )=10959.052                     |
 -------------------------------------------------------------------------------
 --------------- cycle=   200 ------ stepsize=    0.0011 -----------------------
 | Etotal =13245.079  grad(E)=15.475     E(BOND)=225.506    E(ANGL)=1821.498   |
 | E(DIHE)=150.235    E(IMPR)=89.087     E(VDW )=10958.752                     |
 -------------------------------------------------------------------------------
 --------------- cycle=   250 ------ stepsize=   -0.0003 -----------------------
 | Etotal =13244.962  grad(E)=15.475     E(BOND)=225.439    E(ANGL)=1821.423   |
 | E(DIHE)=150.262    E(IMPR)=89.206     E(VDW )=10958.633                     |
 -------------------------------------------------------------------------------
 --------------- cycle=   300 ------ stepsize=   -0.0005 -----------------------
 | Etotal =13244.950  grad(E)=15.475     E(BOND)=225.430    E(ANGL)=1821.411   |
 | E(DIHE)=150.372    E(IMPR)=89.178     E(VDW )=10958.560                     |
 -------------------------------------------------------------------------------
 --------------- cycle=   350 ------ stepsize=   -0.0002 -----------------------
 | Etotal =13244.950  grad(E)=15.475     E(BOND)=225.427    E(ANGL)=1821.420   |
 | E(DIHE)=150.382    E(IMPR)=89.177     E(VDW )=10958.545                     |
 -------------------------------------------------------------------------------
 --------------- cycle=   400 ------ stepsize=    0.0001 -----------------------
 | Etotal =13244.950  grad(E)=15.475     E(BOND)=225.427    E(ANGL)=1821.420   |
 | E(DIHE)=150.386    E(IMPR)=89.178     E(VDW )=10958.539                     |
 -------------------------------------------------------------------------------
 POWELL: Gradient converged. Normal termination
 POWELL: Current coordinates set to last minimum
 POWELL: number of degrees of freedom= 18264
 NBONDS: found   671446 intra-atom interactions
 --------------- cycle=     5 ------ stepsize=    0.0006 -----------------------
 | Etotal =13053.028  grad(E)=15.465     E(BOND)=225.062    E(ANGL)=1819.990   |
 | E(DIHE)=150.358    E(IMPR)=88.115     E(VDW )=10769.502                     |
 -------------------------------------------------------------------------------
 --------------- cycle=    10 ------ stepsize=    0.0009 -----------------------
 | Etotal =13051.109  grad(E)=15.453     E(BOND)=224.772    E(ANGL)=1819.252   |
 | E(DIHE)=150.288    E(IMPR)=87.797     E(VDW )=10769.001                     |
 -------------------------------------------------------------------------------
 --------------- cycle=    15 ------ stepsize=    0.0011 -----------------------
 | Etotal =13050.403  grad(E)=15.458     E(BOND)=224.704    E(ANGL)=1819.513   |
 | E(DIHE)=150.152    E(IMPR)=87.798     E(VDW )=10768.235                     |
 -------------------------------------------------------------------------------
 --------------- cycle=    20 ------ stepsize=    0.0007 -----------------------
 | Etotal =13049.424  grad(E)=15.448     E(BOND)=224.662    E(ANGL)=1818.809   |
 | E(DIHE)=149.877    E(IMPR)=87.843     E(VDW )=10768.233                     |
 -------------------------------------------------------------------------------
 --------------- cycle=    25 ------ stepsize=    0.0004 -----------------------
 | Etotal =13049.332  grad(E)=15.448     E(BOND)=224.671    E(ANGL)=1818.796   |
 | E(DIHE)=149.836    E(IMPR)=87.881     E(VDW )=10768.147                     |
 -------------------------------------------------------------------------------
 --------------- cycle=    30 ------ stepsize=    0.0013 -----------------------
 | Etotal =13049.169  grad(E)=15.448     E(BOND)=224.662    E(ANGL)=1818.791   |
 | E(DIHE)=149.719    E(IMPR)=87.831     E(VDW )=10768.166                     |
 -------------------------------------------------------------------------------
 --------------- cycle=    35 ------ stepsize=   -0.0004 -----------------------
 | Etotal =13049.101  grad(E)=15.448     E(BOND)=224.708    E(ANGL)=1818.703   |
 | E(DIHE)=149.676    E(IMPR)=87.832     E(VDW )=10768.181                     |
 -------------------------------------------------------------------------------
 --------------- cycle=    40 ------ stepsize=    0.0016 -----------------------
 | Etotal =13049.062  grad(E)=15.448     E(BOND)=224.689    E(ANGL)=1818.753   |
 | E(DIHE)=149.673    E(IMPR)=87.826     E(VDW )=10768.122                     |
 -------------------------------------------------------------------------------
 --------------- cycle=    45 ------ stepsize=    0.0004 -----------------------
 | Etotal =13049.039  grad(E)=15.448     E(BOND)=224.670    E(ANGL)=1818.814   |
 | E(DIHE)=149.676    E(IMPR)=87.855     E(VDW )=10768.025                     |
 -------------------------------------------------------------------------------
 --------------- cycle=    50 ------ stepsize=    0.0011 -----------------------
 | Etotal =13048.996  grad(E)=15.448     E(BOND)=224.681    E(ANGL)=1818.814   |
 | E(DIHE)=149.644    E(IMPR)=87.806     E(VDW )=10768.050                     |
 -------------------------------------------------------------------------------
 POWELL: STEP number limit. Normal termination
 POWELL: Current coordinates set to last minimum
 %PARRDR-info: duplication of bond HC   NC2 
 %PARRDR-info: duplication of angle CH2E C    NH1 
 %PARRDR-info: duplication of angle CH2P CH2E HA  
 POWELL: number of degrees of freedom= 18264
 NBONDS: generating intra-molecular exclusion list with mode= 5
 MAKINB: mode   5 found  17659 exclusions and  17765 interactions(1-4)
 NBONDS: found   889639 intra-atom interactions
 NBONDS: found   889687 intra-atom interactions
 --------------- cycle=    50 ------ stepsize=    0.0010 -----------------------
 | Etotal =688.778    grad(E)=9.776      E(BOND)=18.083     E(ANGL)=1102.008   |
 | E(DIHE)=47.224     E(IMPR)=40.389     E(VDW )=-520.100   E(ELEC)=1.174      |
 -------------------------------------------------------------------------------
 POWELL: STEP number limit. Normal termination
 POWELL: Current coordinates set to last minimum
 --------------- cycle=     1 --------------------------------------------------
 | Etotal =688.778    grad(E)=9.776      E(BOND)=18.083     E(ANGL)=1102.008   |
 | E(DIHE)=47.224     E(IMPR)=40.389     E(VDW )=-520.100   E(ELEC)=1.174      |
 -------------------------------------------------------------------------------
 SURFAC: half the sigma value being used for atomic radii.
 SURFAC: ACCEssible surface area
 SURFAC: ACCUracy= 0.07 RH2O=  1.40
         Z-grid=  0.32 number-of-Z-sections=  214
         measures-of-arc= 92983 and151983
 SURFAC: half the sigma value being used for atomic radii.
 SURFAC: ACCEssible surface area
 SURFAC: ACCUracy= 0.07 RH2O=  1.40
         Z-grid=  0.32 number-of-Z-sections=  136
         measures-of-arc= 25591 and 46336
 SURFAC: half the sigma value being used for atomic radii.
 SURFAC: ACCEssible surface area
 SURFAC: ACCUracy= 0.07 RH2O=  1.40
         Z-grid=  0.32 number-of-Z-sections=  214
         measures-of-arc=120391 and198733
 %PARRDR-info: duplication of bond HC   NC2 
 %PARRDR-info: duplication of angle CH2E C    NH1 
 %PARRDR-info: duplication of angle CH2P CH2E HA  
 NBONDS: generating intra-molecular exclusion list with mode= 5
 MAKINB: mode   5 found      0 exclusions and      0 interactions(1-4)
 NBONDS: found     1670 intra-atom interactions
 --------------- cycle=     2 --------------------------------------------------
 | Etotal =0.822      grad(E)=0.226      E(VDW )=-5.435     E(ELEC)=6.257      |
 -------------------------------------------------------------------------------
 NBONDS: generating intra-molecular exclusion list with mode= 5
 MAKINB: mode   5 found      0 exclusions and      0 interactions(1-4)
 NBONDS: found      448 intra-atom interactions
 --------------- cycle=     3 --------------------------------------------------
 | Etotal =-3.996     grad(E)=0.037      E(VDW )=-0.484     E(ELEC)=-3.513     |
 -------------------------------------------------------------------------------
 NBONDS: generating intra-molecular exclusion list with mode= 5
 MAKINB: mode   5 found      0 exclusions and      0 interactions(1-4)
 NBONDS: found     1232 intra-atom interactions
 --------------- cycle=     4 --------------------------------------------------
 | Etotal =-6.484     grad(E)=0.058      E(VDW )=-4.336     E(ELEC)=-2.148     |
 -------------------------------------------------------------------------------
 NBONDS: generating intra-molecular exclusion list with mode= 5
 MAKINB: mode   5 found      0 exclusions and      0 interactions(1-4)
 NBONDS: found     1289 intra-atom interactions
 --------------- cycle=     5 --------------------------------------------------
 | Etotal =-1.496     grad(E)=0.026      E(VDW )=-3.084     E(ELEC)=1.588      |
 -------------------------------------------------------------------------------
 NBONDS: generating intra-molecular exclusion list with mode= 5
 MAKINB: mode   5 found      0 exclusions and      0 interactions(1-4)
 NBONDS: found     1055 intra-atom interactions
 --------------- cycle=     6 --------------------------------------------------
 | Etotal =-5.675     grad(E)=0.131      E(VDW )=-1.250     E(ELEC)=-4.425     |
 -------------------------------------------------------------------------------
 NBONDS: generating intra-molecular exclusion list with mode= 5
 MAKINB: mode   5 found      0 exclusions and      0 interactions(1-4)
 NBONDS: found     2933 intra-atom interactions
 --------------- cycle=     7 --------------------------------------------------
 | Etotal =-66.079    grad(E)=0.305      E(VDW )=-7.294     E(ELEC)=-58.785    |
 -------------------------------------------------------------------------------
 NBONDS: generating intra-molecular exclusion list with mode= 5
 MAKINB: mode   5 found      0 exclusions and      0 interactions(1-4)
 NBONDS: found     1789 intra-atom interactions
 --------------- cycle=     8 --------------------------------------------------
 | Etotal =-2.170     grad(E)=0.075      E(VDW )=-3.304     E(ELEC)=1.134      |
 -------------------------------------------------------------------------------
 NBONDS: generating intra-molecular exclusion list with mode= 5
 MAKINB: mode   5 found      0 exclusions and      0 interactions(1-4)
 NBONDS: found      840 intra-atom interactions
 --------------- cycle=     9 --------------------------------------------------
 | Etotal =-12.329    grad(E)=0.223      E(VDW )=-2.401     E(ELEC)=-9.928     |
 -------------------------------------------------------------------------------
 NBONDS: generating intra-molecular exclusion list with mode= 5
 MAKINB: mode   5 found      0 exclusions and      0 interactions(1-4)
 NBONDS: found      452 intra-atom interactions
 --------------- cycle=    10 --------------------------------------------------
 | Etotal =-23.182    grad(E)=0.332      E(VDW )=0.862      E(ELEC)=-24.044    |
 -------------------------------------------------------------------------------
 NBONDS: generating intra-molecular exclusion list with mode= 5
 MAKINB: mode   5 found      0 exclusions and      0 interactions(1-4)
 NBONDS: found     1046 intra-atom interactions
 --------------- cycle=    11 --------------------------------------------------
 | Etotal =-20.290    grad(E)=0.365      E(VDW )=0.313      E(ELEC)=-20.602    |
 -------------------------------------------------------------------------------
 NBONDS: generating intra-molecular exclusion list with mode= 5
 MAKINB: mode   5 found      0 exclusions and      0 interactions(1-4)
 NBONDS: found      419 intra-atom interactions
 --------------- cycle=    12 --------------------------------------------------
 | Etotal =-1.350     grad(E)=0.015      E(VDW )=-0.591     E(ELEC)=-0.759     |
 -------------------------------------------------------------------------------
 NBONDS: generating intra-molecular exclusion list with mode= 5
 MAKINB: mode   5 found      0 exclusions and      0 interactions(1-4)
 NBONDS: found     1464 intra-atom interactions
 --------------- cycle=    13 --------------------------------------------------
 | Etotal =-12.347    grad(E)=0.154      E(VDW )=-4.125     E(ELEC)=-8.222     |
 -------------------------------------------------------------------------------
 NBONDS: generating intra-molecular exclusion list with mode= 5
 MAKINB: mode   5 found      0 exclusions and      0 interactions(1-4)
 NBONDS: found      942 intra-atom interactions
 --------------- cycle=    14 --------------------------------------------------
 | Etotal =-2.653     grad(E)=0.170      E(VDW )=-0.898     E(ELEC)=-1.756     |
 -------------------------------------------------------------------------------
 NBONDS: generating intra-molecular exclusion list with mode= 5
 MAKINB: mode   5 found      0 exclusions and      0 interactions(1-4)
 NBONDS: found      768 intra-atom interactions
 --------------- cycle=    15 --------------------------------------------------
 | Etotal =-0.176     grad(E)=0.013      E(VDW )=-0.893     E(ELEC)=0.718      |
 -------------------------------------------------------------------------------
 NBONDS: generating intra-molecular exclusion list with mode= 5
 MAKINB: mode   5 found      0 exclusions and      0 interactions(1-4)
 NBONDS: found      739 intra-atom interactions
 --------------- cycle=    16 --------------------------------------------------
 | Etotal =-3.177     grad(E)=0.009      E(VDW )=-2.820     E(ELEC)=-0.357     |
 -------------------------------------------------------------------------------
 NBONDS: generating intra-molecular exclusion list with mode= 5
 MAKINB: mode   5 found      0 exclusions and      0 interactions(1-4)
 NBONDS: found      323 intra-atom interactions
 --------------- cycle=    17 --------------------------------------------------
 | Etotal =-3.532     grad(E)=0.018      E(VDW )=-2.309     E(ELEC)=-1.223     |
 -------------------------------------------------------------------------------
 NBONDS: generating intra-molecular exclusion list with mode= 5
 MAKINB: mode   5 found      0 exclusions and      0 interactions(1-4)
 NBONDS: found      580 intra-atom interactions
 --------------- cycle=    18 --------------------------------------------------
 | Etotal =-2.196     grad(E)=0.008      E(VDW )=-2.193     E(ELEC)=-0.002     |
 -------------------------------------------------------------------------------
 NBONDS: generating intra-molecular exclusion list with mode= 5
 MAKINB: mode   5 found      0 exclusions and      0 interactions(1-4)
 NBONDS: found      520 intra-atom interactions
 --------------- cycle=    19 --------------------------------------------------
 | Etotal =-1.597     grad(E)=0.050      E(VDW )=-0.861     E(ELEC)=-0.736     |
 -------------------------------------------------------------------------------
 NBONDS: generating intra-molecular exclusion list with mode= 5
 MAKINB: mode   5 found      0 exclusions and      0 interactions(1-4)
 NBONDS: found      332 intra-atom interactions
 --------------- cycle=    20 --------------------------------------------------
 | Etotal =-0.254     grad(E)=0.018      E(VDW )=-1.021     E(ELEC)=0.768      |
 -------------------------------------------------------------------------------
 NBONDS: generating intra-molecular exclusion list with mode= 5
 MAKINB: mode   5 found      0 exclusions and      0 interactions(1-4)
 NBONDS: found     2175 intra-atom interactions
 --------------- cycle=    21 --------------------------------------------------
 | Etotal =-19.921    grad(E)=0.220      E(VDW )=-11.044    E(ELEC)=-8.877     |
 -------------------------------------------------------------------------------
 NBONDS: generating intra-molecular exclusion list with mode= 5
 MAKINB: mode   5 found      0 exclusions and      0 interactions(1-4)
 NBONDS: found      616 intra-atom interactions
 --------------- cycle=    22 --------------------------------------------------
 | Etotal =-3.854     grad(E)=0.051      E(VDW )=-2.676     E(ELEC)=-1.178     |
 -------------------------------------------------------------------------------
 NBONDS: generating intra-molecular exclusion list with mode= 5
 MAKINB: mode   5 found      0 exclusions and      0 interactions(1-4)
 NBONDS: found      693 intra-atom interactions
 --------------- cycle=    23 --------------------------------------------------
 | Etotal =-2.072     grad(E)=0.127      E(VDW )=-2.511     E(ELEC)=0.440      |
 -------------------------------------------------------------------------------
 NBONDS: generating intra-molecular exclusion list with mode= 5
 MAKINB: mode   5 found      0 exclusions and      0 interactions(1-4)
 NBONDS: found      429 intra-atom interactions
 --------------- cycle=    24 --------------------------------------------------
 | Etotal =-1.921     grad(E)=0.076      E(VDW )=-1.189     E(ELEC)=-0.732     |
 -------------------------------------------------------------------------------
 NBONDS: generating intra-molecular exclusion list with mode= 5
 MAKINB: mode   5 found      0 exclusions and      0 interactions(1-4)
 NBONDS: found      674 intra-atom interactions
 --------------- cycle=    25 --------------------------------------------------
 | Etotal =-15.874    grad(E)=0.118      E(VDW )=-0.347     E(ELEC)=-15.527    |
 -------------------------------------------------------------------------------
 NBONDS: generating intra-molecular exclusion list with mode= 5
 MAKINB: mode   5 found      0 exclusions and      0 interactions(1-4)
 NBONDS: found      209 intra-atom interactions
 --------------- cycle=    26 --------------------------------------------------
 | Etotal =5.017      grad(E)=0.098      E(VDW )=-0.437     E(ELEC)=5.454      |
 -------------------------------------------------------------------------------
 NBONDS: generating intra-molecular exclusion list with mode= 5
 MAKINB: mode   5 found      0 exclusions and      0 interactions(1-4)
 NBONDS: found      239 intra-atom interactions
 --------------- cycle=    27 --------------------------------------------------
 | Etotal =-20.812    grad(E)=0.115      E(VDW )=-0.309     E(ELEC)=-20.503    |
 -------------------------------------------------------------------------------
 NBONDS: generating intra-molecular exclusion list with mode= 5
 MAKINB: mode   5 found      0 exclusions and      0 interactions(1-4)
 NBONDS: found      718 intra-atom interactions
 --------------- cycle=    28 --------------------------------------------------
 | Etotal =-8.737     grad(E)=0.106      E(VDW )=-0.728     E(ELEC)=-8.009     |
 -------------------------------------------------------------------------------
 NBONDS: generating intra-molecular exclusion list with mode= 5
 MAKINB: mode   5 found      0 exclusions and      0 interactions(1-4)
 NBONDS: found      876 intra-atom interactions
 --------------- cycle=    29 --------------------------------------------------
 | Etotal =-22.776    grad(E)=0.353      E(VDW )=1.943      E(ELEC)=-24.719    |
 -------------------------------------------------------------------------------
 NBONDS: generating intra-molecular exclusion list with mode= 5
 MAKINB: mode   5 found      0 exclusions and      0 interactions(1-4)
 NBONDS: found      379 intra-atom interactions
 --------------- cycle=    30 --------------------------------------------------
 | Etotal =0.018      grad(E)=0.049      E(VDW )=-0.869     E(ELEC)=0.888      |
 -------------------------------------------------------------------------------
 NBONDS: generating intra-molecular exclusion list with mode= 5
 MAKINB: mode   5 found      0 exclusions and      0 interactions(1-4)
 NBONDS: found     1325 intra-atom interactions
 --------------- cycle=    31 --------------------------------------------------
 | Etotal =-0.727     grad(E)=0.045      E(VDW )=-1.954     E(ELEC)=1.226      |
 -------------------------------------------------------------------------------
 NBONDS: generating intra-molecular exclusion list with mode= 5
 MAKINB: mode   5 found      0 exclusions and      0 interactions(1-4)
 NBONDS: found     1523 intra-atom interactions
 --------------- cycle=    32 --------------------------------------------------
 | Etotal =-3.354     grad(E)=0.104      E(VDW )=-3.691     E(ELEC)=0.337      |
 -------------------------------------------------------------------------------
 NBONDS: generating intra-molecular exclusion list with mode= 5
 MAKINB: mode   5 found      0 exclusions and      0 interactions(1-4)
 NBONDS: found      725 intra-atom interactions
 --------------- cycle=    33 --------------------------------------------------
 | Etotal =-2.191     grad(E)=0.032      E(VDW )=-0.895     E(ELEC)=-1.296     |
 -------------------------------------------------------------------------------
 NBONDS: generating intra-molecular exclusion list with mode= 5
 MAKINB: mode   5 found      0 exclusions and      0 interactions(1-4)
 NBONDS: found      786 intra-atom interactions
 --------------- cycle=    34 --------------------------------------------------
 | Etotal =-10.184    grad(E)=0.087      E(VDW )=-2.533     E(ELEC)=-7.651     |
 -------------------------------------------------------------------------------
 NBONDS: generating intra-molecular exclusion list with mode= 5
 MAKINB: mode   5 found      0 exclusions and      0 interactions(1-4)
 NBONDS: found      365 intra-atom interactions
 --------------- cycle=    35 --------------------------------------------------
 | Etotal =4.703      grad(E)=0.099      E(VDW )=-1.226     E(ELEC)=5.929      |
 -------------------------------------------------------------------------------
 NBONDS: generating intra-molecular exclusion list with mode= 5
 MAKINB: mode   5 found      0 exclusions and      0 interactions(1-4)
 NBONDS: found      224 intra-atom interactions
 --------------- cycle=    36 --------------------------------------------------
 | Etotal =0.276      grad(E)=0.105      E(VDW )=-0.468     E(ELEC)=0.744      |
 -------------------------------------------------------------------------------
 NBONDS: generating intra-molecular exclusion list with mode= 5
 MAKINB: mode   5 found      0 exclusions and      0 interactions(1-4)
 NBONDS: found     1952 intra-atom interactions
 --------------- cycle=    37 --------------------------------------------------
 | Etotal =-8.887     grad(E)=0.021      E(VDW )=-7.549     E(ELEC)=-1.338     |
 -------------------------------------------------------------------------------
 NBONDS: generating intra-molecular exclusion list with mode= 5
 MAKINB: mode   5 found      0 exclusions and      0 interactions(1-4)
 NBONDS: found     1219 intra-atom interactions
 --------------- cycle=    38 --------------------------------------------------
 | Etotal =2.277      grad(E)=0.150      E(VDW )=-2.000     E(ELEC)=4.277      |
 -------------------------------------------------------------------------------
 NBONDS: generating intra-molecular exclusion list with mode= 5
 MAKINB: mode   5 found      0 exclusions and      0 interactions(1-4)
 NBONDS: found     1518 intra-atom interactions
 --------------- cycle=    39 --------------------------------------------------
 | Etotal =-1.430     grad(E)=0.082      E(VDW )=-6.474     E(ELEC)=5.045      |
 -------------------------------------------------------------------------------
 NBONDS: generating intra-molecular exclusion list with mode= 5
 MAKINB: mode   5 found      0 exclusions and      0 interactions(1-4)
 NBONDS: found      284 intra-atom interactions
 --------------- cycle=    40 --------------------------------------------------
 | Etotal =-21.526    grad(E)=0.162      E(VDW )=0.155      E(ELEC)=-21.681    |
 -------------------------------------------------------------------------------
 NBONDS: generating intra-molecular exclusion list with mode= 5
 MAKINB: mode   5 found      0 exclusions and      0 interactions(1-4)
 NBONDS: found      316 intra-atom interactions
 --------------- cycle=    41 --------------------------------------------------
 | Etotal =-1.420     grad(E)=0.077      E(VDW )=-0.449     E(ELEC)=-0.971     |
 -------------------------------------------------------------------------------
 NBONDS: generating intra-molecular exclusion list with mode= 5
 MAKINB: mode   5 found      0 exclusions and      0 interactions(1-4)
 NBONDS: found      269 intra-atom interactions
 --------------- cycle=    42 --------------------------------------------------
 | Etotal =-7.056     grad(E)=0.096      E(VDW )=-0.525     E(ELEC)=-6.531     |
 -------------------------------------------------------------------------------
 NBONDS: generating intra-molecular exclusion list with mode= 5
 MAKINB: mode   5 found      0 exclusions and      0 interactions(1-4)
 NBONDS: found     1349 intra-atom interactions
 --------------- cycle=    43 --------------------------------------------------
 | Etotal =-48.626    grad(E)=0.283      E(VDW )=-4.702     E(ELEC)=-43.924    |
 -------------------------------------------------------------------------------
 NBONDS: generating intra-molecular exclusion list with mode= 5
 MAKINB: mode   5 found      0 exclusions and      0 interactions(1-4)
 NBONDS: found      708 intra-atom interactions
 --------------- cycle=    44 --------------------------------------------------
 | Etotal =-0.904     grad(E)=0.140      E(VDW )=-1.236     E(ELEC)=0.332      |
 -------------------------------------------------------------------------------
 NBONDS: generating intra-molecular exclusion list with mode= 5
 MAKINB: mode   5 found      0 exclusions and      0 interactions(1-4)
 NBONDS: found      454 intra-atom interactions
 --------------- cycle=    45 --------------------------------------------------
 | Etotal =1.590      grad(E)=0.067      E(VDW )=-0.630     E(ELEC)=2.220      |
 -------------------------------------------------------------------------------
 NBONDS: generating intra-molecular exclusion list with mode= 5
 MAKINB: mode   5 found      0 exclusions and      0 interactions(1-4)
 NBONDS: found      340 intra-atom interactions
 --------------- cycle=    46 --------------------------------------------------
 | Etotal =-4.395     grad(E)=0.062      E(VDW )=-0.954     E(ELEC)=-3.442     |
 -------------------------------------------------------------------------------
 NBONDS: generating intra-molecular exclusion list with mode= 5
 MAKINB: mode   5 found      0 exclusions and      0 interactions(1-4)
 NBONDS: found     1582 intra-atom interactions
 --------------- cycle=    47 --------------------------------------------------
 | Etotal =-5.668     grad(E)=0.064      E(VDW )=-4.891     E(ELEC)=-0.777     |
 -------------------------------------------------------------------------------
 NBONDS: generating intra-molecular exclusion list with mode= 5
 MAKINB: mode   5 found      0 exclusions and      0 interactions(1-4)
 NBONDS: found     1796 intra-atom interactions
 --------------- cycle=    48 --------------------------------------------------
 | Etotal =-15.610    grad(E)=0.206      E(VDW )=-4.228     E(ELEC)=-11.381    |
 -------------------------------------------------------------------------------
 NBONDS: generating intra-molecular exclusion list with mode= 5
 MAKINB: mode   5 found      0 exclusions and      0 interactions(1-4)
 NBONDS: found     1268 intra-atom interactions
 --------------- cycle=    49 --------------------------------------------------
 | Etotal =-8.884     grad(E)=0.143      E(VDW )=-6.460     E(ELEC)=-2.423     |
 -------------------------------------------------------------------------------
 NBONDS: generating intra-molecular exclusion list with mode= 5
 MAKINB: mode   5 found      0 exclusions and      0 interactions(1-4)
 NBONDS: found      706 intra-atom interactions
 --------------- cycle=    50 --------------------------------------------------
 | Etotal =-6.357     grad(E)=0.093      E(VDW )=-1.440     E(ELEC)=-4.917     |
 -------------------------------------------------------------------------------
 NBONDS: generating intra-molecular exclusion list with mode= 5
 MAKINB: mode   5 found      0 exclusions and      0 interactions(1-4)
 NBONDS: found      699 intra-atom interactions
 --------------- cycle=    51 --------------------------------------------------
 | Etotal =-1.461     grad(E)=0.029      E(VDW )=-0.812     E(ELEC)=-0.649     |
 -------------------------------------------------------------------------------
 NBONDS: generating intra-molecular exclusion list with mode= 5
 MAKINB: mode   5 found      0 exclusions and      0 interactions(1-4)
 NBONDS: found     1954 intra-atom interactions
 --------------- cycle=    52 --------------------------------------------------
 | Etotal =-15.810    grad(E)=0.247      E(VDW )=-6.828     E(ELEC)=-8.982     |
 -------------------------------------------------------------------------------
 HEAP: maximum use      =    22476480 current use      =       96000 bytes
 HEAP: maximum overhead =        2800 current overhead =         752 bytes
          ============================================================
           Maximum dynamic memory allocation:    22476480 bytes
           Maximum dynamic memory overhead:          2800 bytes
           Program started at: 17:38:49 on 08-May-2020
           Program stopped at: 17:39:13 on 08-May-2020
           CPU time used:      24.1406 seconds
          ============================================================
