          ============================================================
          |                                                          |
          |            Crystallography & NMR System (CNS)            |
          |                         CNSsolve                         |
          |                                                          |
          ============================================================
           Version: 1.3 at patch level U
           Status: Special UU release with Rg and paramagnetic
                   restraints (A. Bonvin, UU 2011)
          ============================================================
           Written by: A.T.Brunger, P.D.Adams, G.M.Clore, W.L.DeLano,
                       P.Gros, R.W.Grosse-Kunstleve,J.-S.Jiang,J.M.Krahn,
                       J.Kuszewski, M.Nilges, N.S.Pannu, R.J.Read,
                       L.M.Rice, G.F.Schroeder, T.Simonson, G.L.Warren.
           Copyright (c) 1997-2010 Yale University
          ============================================================
           Running on machine: hostname unknown (x86_64/Linux,64-bit)
           Program started by: joaor
           Program started at: 19:01:46 on 10-Jun-2020
          ============================================================

 FFT3C: Using FFTPACK4.1

 CNSsolve>! 
 CNSsolve>! Calculates pairwise energies between residues 
 CNSsolve>! Will only rebuild hydrogen atoms 
 CNSsolve>! 
 CNSsolve>! Adapted from HADDOCK protocols here and there. 
 CNSsolve>! JR & AMJJB @ 2020 
 CNSsolve>! 
 CNSsolve>define( 
 DEFINE>    {===>} auto_break=true; 
 DEFINE>    {===>} break_cutoff=2.5; 
 DEFINE>    {===>} dnaauto_break=true; 
 DEFINE>    {===>} dbreak_cutoff=4.5; 
 DEFINE>    {===>} auto_cispro=true; 
 DEFINE>    {===>} auto_disu=true; 
 DEFINE>    {===>} disulphide_dist=3.0; 
 DEFINE>    {===>} glyco_dist=2.75; 
 DEFINE>    {===>} coorin="molecule.pdb"; 
 DEFINE>    {===>} icutoff=5.0; 
 DEFINE>) 
 CNSsolve> 
 CNSsolve>! Mute (most) output 
 CNSsolve>set message=on echo=off end 
 ASSFIL: file merged.param opened.
 MESSage=NORM
 EVALUATE: symbol $OLD_MESSAGE set to "NORM" (string)
 ECHO=FALSe {OFF}
 EVALUATE: symbol $OLD_ECHO set to FALSE (logical)
 %PARRDR-info: duplication of bond HC   NC2 
 %PARRDR-info: duplication of angle CH2E C    NH1 
 %PARRDR-info: duplication of angle CH2P CH2E HA  
 ASSFIL: file merged.top opened.
 MESSage=NORM
 EVALUATE: symbol $OLD_MESSAGE set to "NORM" (string)
 ECHO=FALSe {OFF}
 EVALUATE: symbol $OLD_ECHO set to FALSE (logical)
 %RTFIO-warning: undefined masses in residue CYC 
 %RTFIO error encountered: there are undefined masses.
   (CNS is in mode: SET ABORT=NORMal END)
 MESSage=NORM
 EVALUATE: symbol $OLD_MESSAGE set to "NORM" (string)
 ECHO=FALSe {OFF}
 EVALUATE: symbol $OLD_ECHO set to FALSE (logical)
 ASSFIL: file protein_break.top opened.
 %RTFRDR-ERR: duplicate (P-)RESIdue name DPEP
 %RTFRDR-ERR: duplicate (P-)RESIdue name DPPP
 RTFRDR> 
 RTFRDR>end 
 CNSsolve> 
 CNSsolve>! Reset output muting 
 CNSsolve>set message=off echo=off end 
FOUND 4 NAG:ASN pairs
NAG:ASN bond added from   B    901  to   B    53  
NAG:ASN bond added from   B    907  to   B    322 
NAG:ASN bond added from   B    910  to   B    546 
NAG:ASN bond added from   E    1401 to   E    343 
FOUND 4 NAG:NAG pairs
NAG:NAG B14 bond added from   B    902  to   B    901 
NAG:NAG B14 bond added from   B    911  to   B    910 
NAG:NAG B14 bond added from   E    1402 to   E    1401
NAG:NAG B14 bond added from   E    1403 to   E    1402
 %PARRDR-info: duplication of bond HC   NC2 
 %PARRDR-info: duplication of angle CH2E C    NH1 
 %PARRDR-info: duplication of angle CH2P CH2E HA  
 POWELL: number of degrees of freedom= 13644
 NBONDS: generating intra-molecular exclusion list with mode=-2
 MAKINB: mode  -2 found   4548 exclusions and      0 interactions(1-4)
 %atoms "B   -34  -VAL -HA  " and "B   -34  -VAL -HG23" only  0.08 A apart
 %atoms "B   -64  -GLU -HA  " and "B   -64  -GLU -CB  " only  0.07 A apart
 %atoms "B   -129 -THR -HA  " and "B   -129 -THR -HG23" only  0.10 A apart
 %atoms "B   -281 -LEU -CA  " and "B   -281 -LEU -HD21" only  0.06 A apart
 %atoms "B   -328 -TRP -CD2 " and "B   -328 -TRP -HE3 " only  0.04 A apart
 %atoms "B   -477 -TRP -HB1 " and "B   -477 -TRP -HH2 " only  0.08 A apart
 %atoms "B   -479 -LYS -HD1 " and "B   -479 -LYS -HD2 " only  0.09 A apart
 %atoms "B   -494 -ASP -HB1 " and "B   -494 -ASP -HB2 " only  0.08 A apart
 %atoms "E   -517 -LEU -HA  " and "E   -517 -LEU -HD22" only  0.08 A apart
 NBONDS: found   679175 intra-atom interactions
 NBONDS: found        9 nonbonded violations
 %atoms "B   -21  -VAL -HA  " and "B   -21  -VAL -HG22" only  0.09 A apart
 %atoms "B   -64  -GLU -HA  " and "B   -64  -GLU -CB  " only  0.06 A apart
 %atoms "B   -446 -ILE -HA  " and "B   -446 -ILE -HB  " only  0.03 A apart
 %atoms "B   -451 -PRO -N   " and "B   -451 -PRO -HG2 " only  0.09 A apart
 NBONDS: found   679738 intra-atom interactions
 NBONDS: found        4 nonbonded violations
 %atoms "B   -380 -GLU -HA  " and "B   -380 -GLU -HB1 " only  0.10 A apart
 %atoms "B   -500 -PRO -CG  " and "B   -500 -PRO -HD2 " only  0.04 A apart
 NBONDS: found   679408 intra-atom interactions
 NBONDS: found        2 nonbonded violations
 NBONDS: found   675679 intra-atom interactions
 NBONDS: found   673270 intra-atom interactions
 NBONDS: found   671858 intra-atom interactions
 --------------- cycle=    10 ------ stepsize=   -0.0000 -----------------------
 | Etotal =0.33E+07   grad(E)=574.659    E(BOND)=486691.788 E(ANGL)=0.16E+07   |
 | E(VDW )=0.13E+07                                                            |
 -------------------------------------------------------------------------------
 NBONDS: found   670107 intra-atom interactions
 NBONDS: found   671485 intra-atom interactions
 NBONDS: found   672329 intra-atom interactions
 NBONDS: found   672522 intra-atom interactions
 NBONDS: found   672583 intra-atom interactions
 --------------- cycle=    20 ------ stepsize=    0.0000 -----------------------
 | Etotal =0.13E+07   grad(E)=305.624    E(BOND)=233653.364 E(ANGL)=515274.180 |
 | E(VDW )=513274.975                                                          |
 -------------------------------------------------------------------------------
 NBONDS: found   672790 intra-atom interactions
 NBONDS: found   673022 intra-atom interactions
 --------------- cycle=    30 ------ stepsize=   -0.0000 -----------------------
 | Etotal =995058.431 grad(E)=252.101    E(BOND)=190576.908 E(ANGL)=370358.675 |
 | E(VDW )=434122.849                                                          |
 -------------------------------------------------------------------------------
 NBONDS: found   672991 intra-atom interactions
 NBONDS: found   672947 intra-atom interactions
 --------------- cycle=    40 ------ stepsize=   -0.0000 -----------------------
 | Etotal =942377.174 grad(E)=241.142    E(BOND)=184829.697 E(ANGL)=340882.908 |
 | E(VDW )=416664.569                                                          |
 -------------------------------------------------------------------------------
 NBONDS: found   673181 intra-atom interactions
 NBONDS: found   673129 intra-atom interactions
 NBONDS: found   673011 intra-atom interactions
 --------------- cycle=    50 ------ stepsize=    0.0000 -----------------------
 | Etotal =924753.393 grad(E)=237.999    E(BOND)=184410.575 E(ANGL)=332301.742 |
 | E(VDW )=408041.076                                                          |
 -------------------------------------------------------------------------------
 POWELL: STEP number limit. Normal termination
 POWELL: Current coordinates set to last minimum
 DCART: temperature coupling (TCOUpling) enabled
 -------------------------- Cartesian dynamics start ---------------------------
 | E(kin)+E(total)=0.35E+07        E(kin)=4187.876      temperature=308.917    |
 | Etotal =0.34E+07   grad(E)=590.260    E(BOND)=184410.575 E(ANGL)=332301.742 |
 | E(IMPR)=0.29E+07                                                            |
 -------------------------------------------------------------------------------
 ----------------- final step=       50 at      0.02500 ps ---------------------
 | E(kin)+E(total)=0.22E+07        E(kin)=441570.961    temperature=32572.356  |
 | Etotal =0.18E+07   grad(E)=327.629    E(BOND)=205748.589 E(ANGL)=817119.021 |
 | E(IMPR)=748405.838                                                          |
 -------------------------------------------------------------------------------
 CENMAS: Information about center of free masses
         position [A]          :     -0.69136     -0.01003     -0.20504
         velocity [A/ps]       :      0.27024     -0.07452     -0.74547
         ang. mom. [amu A/ps]  :-789469.68102 -97547.948082407252.78272
         kin. ener. [Kcal/mol] :     68.94955
 POWELL: number of degrees of freedom= 13644
 NBONDS: found   670268 intra-atom interactions
 NBONDS: found   669649 intra-atom interactions
 NBONDS: found   669636 intra-atom interactions
 NBONDS: found   670726 intra-atom interactions
 --------------- cycle=    10 ------ stepsize=   -0.0001 -----------------------
 | Etotal =0.18E+07   grad(E)=273.092    E(BOND)=236965.784 E(ANGL)=452801.137 |
 | E(IMPR)=645559.501 E(VDW )=478714.274                                       |
 -------------------------------------------------------------------------------
 NBONDS: found   671261 intra-atom interactions
 NBONDS: found   671698 intra-atom interactions
 NBONDS: found   671922 intra-atom interactions
 NBONDS: found   671950 intra-atom interactions
 --------------- cycle=    20 ------ stepsize=    0.0000 -----------------------
 | Etotal =0.12E+07   grad(E)=136.094    E(BOND)=171737.721 E(ANGL)=158086.887 |
 | E(IMPR)=536755.914 E(VDW )=342657.628                                       |
 -------------------------------------------------------------------------------
 NBONDS: found   671929 intra-atom interactions
 NBONDS: found   672037 intra-atom interactions
 NBONDS: found   672110 intra-atom interactions
 --------------- cycle=    30 ------ stepsize=    0.0000 -----------------------
 | Etotal =0.11E+07   grad(E)=115.401    E(BOND)=166058.456 E(ANGL)=132153.693 |
 | E(IMPR)=524902.882 E(VDW )=321172.679                                       |
 -------------------------------------------------------------------------------
 NBONDS: found   672194 intra-atom interactions
 NBONDS: found   672242 intra-atom interactions
 NBONDS: found   672150 intra-atom interactions
 NBONDS: found   672274 intra-atom interactions
 --------------- cycle=    40 ------ stepsize=   -0.0000 -----------------------
 | Etotal =0.11E+07   grad(E)=110.886    E(BOND)=164667.960 E(ANGL)=124474.299 |
 | E(IMPR)=517212.536 E(VDW )=314979.783                                       |
 -------------------------------------------------------------------------------
 NBONDS: found   672308 intra-atom interactions
 NBONDS: found   672206 intra-atom interactions
 --------------- cycle=    50 ------ stepsize=   -0.0000 -----------------------
 | Etotal =0.11E+07   grad(E)=107.415    E(BOND)=163887.945 E(ANGL)=122095.930 |
 | E(IMPR)=514075.985 E(VDW )=312914.776                                       |
 -------------------------------------------------------------------------------
 POWELL: STEP number limit. Normal termination
 POWELL: Current coordinates set to last minimum
 DCART: temperature coupling (TCOUpling) enabled
 -------------------------- Cartesian dynamics start ---------------------------
 | E(kin)+E(total)=0.11E+07        E(kin)=4080.158      temperature=300.972    |
 | Etotal =0.11E+07   grad(E)=107.415    E(BOND)=163887.945 E(ANGL)=122095.930 |
 | E(IMPR)=514075.985 E(VDW )=312914.776                                       |
 -------------------------------------------------------------------------------
 NBONDS: found   672158 intra-atom interactions
 NBONDS: found   672253 intra-atom interactions
 ----------------- final step=       50 at      0.02500 ps ---------------------
 | E(kin)+E(total)=0.11E+07        E(kin)=5300.527      temperature=390.992    |
 | Etotal =0.11E+07   grad(E)=113.192    E(BOND)=166841.378 E(ANGL)=124890.632 |
 | E(IMPR)=507835.405 E(VDW )=312341.019                                       |
 -------------------------------------------------------------------------------
 CENMAS: Information about center of free masses
         position [A]          :     -0.70149     -0.01725     -0.19993
         velocity [A/ps]       :      0.02158     -0.01586      0.03324
         ang. mom. [amu A/ps]  : -28248.71505 160601.88368  82721.86948
         kin. ener. [Kcal/mol] :      0.19810
 %PARRDR-info: duplication of bond HC   NC2 
 %PARRDR-info: duplication of angle CH2E C    NH1 
 %PARRDR-info: duplication of angle CH2P CH2E HA  
 POWELL: number of degrees of freedom= 13644
 NBONDS: generating intra-molecular exclusion list with mode=-3
 MAKINB: mode  -3 found  15520 exclusions and      0 interactions(1-4)
 NBONDS: found   661329 intra-atom interactions
 NBONDS: found   663069 intra-atom interactions
 NBONDS: found   663032 intra-atom interactions
 NBONDS: found   663073 intra-atom interactions
 NBONDS: found   663368 intra-atom interactions
 NBONDS: found   663579 intra-atom interactions
 NBONDS: found   663768 intra-atom interactions
 --------------- cycle=    25 ------ stepsize=    0.0002 -----------------------
 | Etotal =216489.555 grad(E)=93.322     E(BOND)=9184.404   E(ANGL)=107830.790 |
 | E(IMPR)=97969.647  E(VDW )=1504.714                                         |
 -------------------------------------------------------------------------------
 NBONDS: found   663736 intra-atom interactions
 NBONDS: found   663594 intra-atom interactions
 NBONDS: found   663502 intra-atom interactions
 NBONDS: found   663583 intra-atom interactions
 NBONDS: found   663695 intra-atom interactions
 NBONDS: found   663724 intra-atom interactions
 --------------- cycle=    50 ------ stepsize=    0.0006 -----------------------
 | Etotal =44944.956  grad(E)=38.732     E(BOND)=2357.224   E(ANGL)=23835.578  |
 | E(IMPR)=17979.862  E(VDW )=772.291                                          |
 -------------------------------------------------------------------------------
 NBONDS: found   663679 intra-atom interactions
 NBONDS: found   663782 intra-atom interactions
 NBONDS: found   663694 intra-atom interactions
 NBONDS: found   663609 intra-atom interactions
 --------------- cycle=    75 ------ stepsize=    0.0000 -----------------------
 | Etotal =3193.022   grad(E)=10.282     E(BOND)=180.290    E(ANGL)=1149.036   |
 | E(IMPR)=1309.534   E(VDW )=554.163                                          |
 -------------------------------------------------------------------------------
 NBONDS: found   663575 intra-atom interactions
 NBONDS: found   663580 intra-atom interactions
 NBONDS: found   663578 intra-atom interactions
 --------------- cycle=   100 ------ stepsize=    0.0002 -----------------------
 | Etotal =1022.622   grad(E)=5.614      E(BOND)=17.060     E(ANGL)=425.450    |
 | E(IMPR)=33.222     E(VDW )=546.890                                          |
 -------------------------------------------------------------------------------
 POWELL: STEP number limit. Normal termination
 POWELL: Current coordinates set to last minimum
 DCART: temperature coupling (TCOUpling) enabled
 -------------------------- Cartesian dynamics start ---------------------------
 | E(kin)+E(total)=5023.478        E(kin)=4000.855      temperature=295.122    |
 | Etotal =1022.622   grad(E)=5.614      E(BOND)=17.060     E(ANGL)=425.450    |
 | E(IMPR)=33.222     E(VDW )=546.890                                          |
 -------------------------------------------------------------------------------
 NBONDS: found   663615 intra-atom interactions
 NBONDS: found   663498 intra-atom interactions
 NBONDS: found   663407 intra-atom interactions
 ----------------- final step=      500 at      0.25000 ps ---------------------
 | E(kin)+E(total)=8313.647        E(kin)=4577.498      temperature=337.658    |
 | Etotal =3736.149   grad(E)=24.443     E(BOND)=688.759    E(ANGL)=2073.905   |
 | E(IMPR)=291.835    E(VDW )=681.649                                          |
 -------------------------------------------------------------------------------
 CENMAS: Information about center of free masses
         position [A]          :     -0.69902     -0.01815     -0.19769
         velocity [A/ps]       :      0.03945     -0.02874     -0.06835
         ang. mom. [amu A/ps]  :  22708.28314  39686.13689 -79737.86689
         kin. ener. [Kcal/mol] :      0.76684
 EFLAGS: the following energy flags are set
 EFLAGS: BOND ANGL DIHE IMPR VDW 
 %PARRDR-info: duplication of bond HC   NC2 
 %PARRDR-info: duplication of angle CH2E C    NH1 
 %PARRDR-info: duplication of angle CH2P CH2E HA  
 POWELL: number of degrees of freedom= 13644
 NBONDS: generating intra-molecular exclusion list with mode=-3
 MAKINB: mode  -3 found  15520 exclusions and      0 interactions(1-4)
 NBONDS: found   663370 intra-atom interactions
 NBONDS: found   663523 intra-atom interactions
 --------------- cycle=    50 ------ stepsize=    0.0009 -----------------------
 | Etotal =13110.812  grad(E)=13.098     E(BOND)=233.164    E(ANGL)=1122.209   |
 | E(DIHE)=211.681    E(IMPR)=83.544     E(VDW )=11460.213                     |
 -------------------------------------------------------------------------------
 NBONDS: found   663596 intra-atom interactions
 --------------- cycle=   100 ------ stepsize=    0.0010 -----------------------
 | Etotal =12651.674  grad(E)=13.062     E(BOND)=222.497    E(ANGL)=1112.409   |
 | E(DIHE)=174.116    E(IMPR)=84.153     E(VDW )=11058.499                     |
 -------------------------------------------------------------------------------
 --------------- cycle=   150 ------ stepsize=    0.0010 -----------------------
 | Etotal =12617.435  grad(E)=13.054     E(BOND)=221.697    E(ANGL)=1113.286   |
 | E(DIHE)=173.336    E(IMPR)=82.441     E(VDW )=11026.675                     |
 -------------------------------------------------------------------------------
 NBONDS: found   663603 intra-atom interactions
 --------------- cycle=   200 ------ stepsize=    0.0010 -----------------------
 | Etotal =12605.415  grad(E)=13.060     E(BOND)=221.267    E(ANGL)=1113.526   |
 | E(DIHE)=171.880    E(IMPR)=82.251     E(VDW )=11016.491                     |
 -------------------------------------------------------------------------------
 --------------- cycle=   250 ------ stepsize=    0.0010 -----------------------
 | Etotal =12601.138  grad(E)=13.062     E(BOND)=221.345    E(ANGL)=1113.805   |
 | E(DIHE)=169.611    E(IMPR)=82.582     E(VDW )=11013.795                     |
 -------------------------------------------------------------------------------
 --------------- cycle=   300 ------ stepsize=    0.0010 -----------------------
 | Etotal =12597.959  grad(E)=13.059     E(BOND)=221.301    E(ANGL)=1113.370   |
 | E(DIHE)=168.669    E(IMPR)=82.382     E(VDW )=11012.237                     |
 -------------------------------------------------------------------------------
 --------------- cycle=   350 ------ stepsize=    0.0001 -----------------------
 | Etotal =12595.667  grad(E)=13.052     E(BOND)=221.067    E(ANGL)=1112.682   |
 | E(DIHE)=170.051    E(IMPR)=82.306     E(VDW )=11009.561                     |
 -------------------------------------------------------------------------------
 --------------- cycle=   400 ------ stepsize=    0.0003 -----------------------
 | Etotal =12594.710  grad(E)=13.054     E(BOND)=221.109    E(ANGL)=1113.171   |
 | E(DIHE)=170.149    E(IMPR)=82.237     E(VDW )=11008.043                     |
 -------------------------------------------------------------------------------
 --------------- cycle=   450 ------ stepsize=    0.0004 -----------------------
 | Etotal =12594.703  grad(E)=13.053     E(BOND)=221.108    E(ANGL)=1113.102   |
 | E(DIHE)=170.111    E(IMPR)=82.196     E(VDW )=11008.185                     |
 -------------------------------------------------------------------------------
 --------------- cycle=   500 ------ stepsize=    0.0000 -----------------------
 | Etotal =12594.703  grad(E)=13.054     E(BOND)=221.109    E(ANGL)=1113.101   |
 | E(DIHE)=170.106    E(IMPR)=82.195     E(VDW )=11008.192                     |
 -------------------------------------------------------------------------------
 POWELL: STEP number limit. Normal termination
 POWELL: Current coordinates set to last minimum
 DCART: temperature coupling (TCOUpling) enabled
 -------------------------- Cartesian dynamics start ---------------------------
 | E(kin)+E(total)=16647.685       E(kin)=4052.982      temperature=298.967    |
 | Etotal =12594.703  grad(E)=13.054     E(BOND)=221.109    E(ANGL)=1113.101   |
 | E(DIHE)=170.106    E(IMPR)=82.195     E(VDW )=11008.192                     |
 -------------------------------------------------------------------------------
 NBONDS: found   663572 intra-atom interactions
 NBONDS: found   663505 intra-atom interactions
 NBONDS: found   663656 intra-atom interactions
 NBONDS: found   663519 intra-atom interactions
 NBONDS: found   663525 intra-atom interactions
 NBONDS: found   663518 intra-atom interactions
 NBONDS: found   663685 intra-atom interactions
 ----------------- final step=      500 at      0.25000 ps ---------------------
 | E(kin)+E(total)=20785.699       E(kin)=4143.344      temperature=305.633    |
 | Etotal =16642.356  grad(E)=32.053     E(BOND)=1361.533   E(ANGL)=3319.388   |
 | E(DIHE)=188.305    E(IMPR)=411.414    E(VDW )=11361.716                     |
 -------------------------------------------------------------------------------
 CENMAS: Information about center of free masses
         position [A]          :     -0.69867     -0.01824     -0.19848
         velocity [A/ps]       :      0.11437      0.02039      0.13294
         ang. mom. [amu A/ps]  :  15916.37808  -1566.52429  49108.36790
         kin. ener. [Kcal/mol] :      0.17076
 POWELL: number of degrees of freedom= 13644
 --------------- cycle=    50 ------ stepsize=    0.0008 -----------------------
 | Etotal =12609.570  grad(E)=13.059     E(BOND)=220.417    E(ANGL)=1114.826   |
 | E(DIHE)=170.971    E(IMPR)=82.678     E(VDW )=11020.677                     |
 -------------------------------------------------------------------------------
 --------------- cycle=   100 ------ stepsize=    0.0012 -----------------------
 | Etotal =12591.084  grad(E)=13.057     E(BOND)=220.522    E(ANGL)=1113.833   |
 | E(DIHE)=169.095    E(IMPR)=82.530     E(VDW )=11005.104                     |
 -------------------------------------------------------------------------------
 --------------- cycle=   150 ------ stepsize=    0.0010 -----------------------
 | Etotal =12589.811  grad(E)=13.057     E(BOND)=220.442    E(ANGL)=1113.798   |
 | E(DIHE)=168.989    E(IMPR)=82.084     E(VDW )=11004.498                     |
 -------------------------------------------------------------------------------
 --------------- cycle=   200 ------ stepsize=    0.0012 -----------------------
 | Etotal =12589.766  grad(E)=13.056     E(BOND)=220.460    E(ANGL)=1113.742   |
 | E(DIHE)=168.885    E(IMPR)=82.089     E(VDW )=11004.590                     |
 -------------------------------------------------------------------------------
 --------------- cycle=   250 ------ stepsize=    0.0010 -----------------------
 | Etotal =12589.765  grad(E)=13.056     E(BOND)=220.459    E(ANGL)=1113.744   |
 | E(DIHE)=168.882    E(IMPR)=82.078     E(VDW )=11004.602                     |
 -------------------------------------------------------------------------------
 POWELL: Gradient converged. Normal termination
 POWELL: Current coordinates set to last minimum
 POWELL: number of degrees of freedom= 18075
 NBONDS: found   663559 intra-atom interactions
 NBONDS: found   663431 intra-atom interactions
 NBONDS: found   663552 intra-atom interactions
 --------------- cycle=     5 ------ stepsize=    0.0005 -----------------------
 | Etotal =12413.862  grad(E)=13.056     E(BOND)=215.988    E(ANGL)=1114.947   |
 | E(DIHE)=168.877    E(IMPR)=81.985     E(VDW )=10832.064                     |
 -------------------------------------------------------------------------------
 --------------- cycle=    10 ------ stepsize=    0.0010 -----------------------
 | Etotal =12412.695  grad(E)=13.059     E(BOND)=216.088    E(ANGL)=1115.827   |
 | E(DIHE)=168.864    E(IMPR)=82.021     E(VDW )=10829.894                     |
 -------------------------------------------------------------------------------
 --------------- cycle=    15 ------ stepsize=    0.0011 -----------------------
 | Etotal =12412.034  grad(E)=13.061     E(BOND)=216.158    E(ANGL)=1115.765   |
 | E(DIHE)=168.850    E(IMPR)=81.991     E(VDW )=10829.271                     |
 -------------------------------------------------------------------------------
 --------------- cycle=    20 ------ stepsize=    0.0007 -----------------------
 | Etotal =12411.498  grad(E)=13.057     E(BOND)=216.173    E(ANGL)=1115.394   |
 | E(DIHE)=168.851    E(IMPR)=82.004     E(VDW )=10829.076                     |
 -------------------------------------------------------------------------------
 --------------- cycle=    25 ------ stepsize=    0.0010 -----------------------
 | Etotal =12411.429  grad(E)=13.056     E(BOND)=216.173    E(ANGL)=1115.347   |
 | E(DIHE)=168.857    E(IMPR)=81.948     E(VDW )=10829.104                     |
 -------------------------------------------------------------------------------
 --------------- cycle=    30 ------ stepsize=    0.0011 -----------------------
 | Etotal =12411.254  grad(E)=13.056     E(BOND)=216.160    E(ANGL)=1115.335   |
 | E(DIHE)=168.909    E(IMPR)=82.018     E(VDW )=10828.831                     |
 -------------------------------------------------------------------------------
 --------------- cycle=    35 ------ stepsize=   -0.0001 -----------------------
 | Etotal =12411.192  grad(E)=13.056     E(BOND)=216.161    E(ANGL)=1115.282   |
 | E(DIHE)=168.932    E(IMPR)=81.954     E(VDW )=10828.863                     |
 -------------------------------------------------------------------------------
 --------------- cycle=    40 ------ stepsize=    0.0009 -----------------------
 | Etotal =12411.131  grad(E)=13.055     E(BOND)=216.152    E(ANGL)=1114.999   |
 | E(DIHE)=168.934    E(IMPR)=81.956     E(VDW )=10829.089                     |
 -------------------------------------------------------------------------------
 --------------- cycle=    45 ------ stepsize=   -0.0005 -----------------------
 | Etotal =12411.096  grad(E)=13.055     E(BOND)=216.132    E(ANGL)=1115.267   |
 | E(DIHE)=168.928    E(IMPR)=81.951     E(VDW )=10828.818                     |
 -------------------------------------------------------------------------------
 --------------- cycle=    50 ------ stepsize=    0.0011 -----------------------
 | Etotal =12411.084  grad(E)=13.055     E(BOND)=216.133    E(ANGL)=1115.199   |
 | E(DIHE)=168.930    E(IMPR)=81.957     E(VDW )=10828.864                     |
 -------------------------------------------------------------------------------
 POWELL: STEP number limit. Normal termination
 POWELL: Current coordinates set to last minimum
 %PARRDR-info: duplication of bond HC   NC2 
 %PARRDR-info: duplication of angle CH2E C    NH1 
 %PARRDR-info: duplication of angle CH2P CH2E HA  
 POWELL: number of degrees of freedom= 18075
 NBONDS: generating intra-molecular exclusion list with mode= 5
 MAKINB: mode   5 found  17446 exclusions and  17627 interactions(1-4)
 NBONDS: found   876328 intra-atom interactions
 NBONDS: found   876590 intra-atom interactions
 --------------- cycle=    50 ------ stepsize=    0.0009 -----------------------
 | Etotal =20.799     grad(E)=5.537      E(BOND)=17.582     E(ANGL)=413.243    |
 | E(DIHE)=78.895     E(IMPR)=31.441     E(VDW )=-521.442   E(ELEC)=1.081      |
 -------------------------------------------------------------------------------
 POWELL: STEP number limit. Normal termination
 POWELL: Current coordinates set to last minimum
 --------------- cycle=     1 --------------------------------------------------
 | Etotal =20.799     grad(E)=5.537      E(BOND)=17.582     E(ANGL)=413.243    |
 | E(DIHE)=78.895     E(IMPR)=31.441     E(VDW )=-521.442   E(ELEC)=1.081      |
 -------------------------------------------------------------------------------
 SURFAC: half the sigma value being used for atomic radii.
 SURFAC: ACCEssible surface area
 SURFAC: ACCUracy= 0.07 RH2O=  1.40
         Z-grid=  0.32 number-of-Z-sections=  221
         measures-of-arc= 90992 and150351
 SURFAC: half the sigma value being used for atomic radii.
 SURFAC: ACCEssible surface area
 SURFAC: ACCUracy= 0.07 RH2O=  1.40
         Z-grid=  0.32 number-of-Z-sections=  135
         measures-of-arc= 25602 and 45199
 SURFAC: half the sigma value being used for atomic radii.
 SURFAC: ACCEssible surface area
 SURFAC: ACCUracy= 0.07 RH2O=  1.40
         Z-grid=  0.32 number-of-Z-sections=  221
         measures-of-arc=118288 and196152
 %PARRDR-info: duplication of bond HC   NC2 
 %PARRDR-info: duplication of angle CH2E C    NH1 
 %PARRDR-info: duplication of angle CH2P CH2E HA  
 NBONDS: generating intra-molecular exclusion list with mode= 5
 MAKINB: mode   5 found      5 exclusions and     10 interactions(1-4)
 NBONDS: found     1982 intra-atom interactions
 --------------- cycle=     2 --------------------------------------------------
 | Etotal =-35.337    grad(E)=0.146      E(VDW )=-7.907     E(ELEC)=-27.430    |
 -------------------------------------------------------------------------------
 NBONDS: generating intra-molecular exclusion list with mode= 5
 MAKINB: mode   5 found     10 exclusions and     20 interactions(1-4)
 NBONDS: found     2358 intra-atom interactions
 --------------- cycle=     3 --------------------------------------------------
 | Etotal =-73.098    grad(E)=0.179      E(VDW )=-6.382     E(ELEC)=-66.715    |
 -------------------------------------------------------------------------------
 NBONDS: generating intra-molecular exclusion list with mode= 5
 MAKINB: mode   5 found     10 exclusions and     20 interactions(1-4)
 NBONDS: found     3111 intra-atom interactions
 --------------- cycle=     4 --------------------------------------------------
 | Etotal =-106.527   grad(E)=0.358      E(VDW )=-14.483    E(ELEC)=-92.044    |
 -------------------------------------------------------------------------------
 NBONDS: generating intra-molecular exclusion list with mode= 5
 MAKINB: mode   5 found     10 exclusions and     20 interactions(1-4)
 NBONDS: found     2460 intra-atom interactions
 --------------- cycle=     5 --------------------------------------------------
 | Etotal =-86.437    grad(E)=0.167      E(VDW )=-8.963     E(ELEC)=-77.474    |
 -------------------------------------------------------------------------------
 NBONDS: generating intra-molecular exclusion list with mode= 5
 MAKINB: mode   5 found     10 exclusions and     20 interactions(1-4)
 NBONDS: found     3064 intra-atom interactions
 --------------- cycle=     6 --------------------------------------------------
 | Etotal =-103.039   grad(E)=0.197      E(VDW )=-11.693    E(ELEC)=-91.346    |
 -------------------------------------------------------------------------------
 NBONDS: generating intra-molecular exclusion list with mode= 5
 MAKINB: mode   5 found     10 exclusions and     20 interactions(1-4)
 NBONDS: found     3762 intra-atom interactions
 --------------- cycle=     7 --------------------------------------------------
 | Etotal =-100.008   grad(E)=0.168      E(VDW )=-15.071    E(ELEC)=-84.938    |
 -------------------------------------------------------------------------------
 NBONDS: generating intra-molecular exclusion list with mode= 5
 MAKINB: mode   5 found     10 exclusions and     20 interactions(1-4)
 NBONDS: found     5215 intra-atom interactions
 --------------- cycle=     8 --------------------------------------------------
 | Etotal =-92.704    grad(E)=0.192      E(VDW )=-15.885    E(ELEC)=-76.819    |
 -------------------------------------------------------------------------------
 NBONDS: generating intra-molecular exclusion list with mode= 5
 MAKINB: mode   5 found     10 exclusions and     20 interactions(1-4)
 NBONDS: found     4740 intra-atom interactions
 --------------- cycle=     9 --------------------------------------------------
 | Etotal =-100.609   grad(E)=0.204      E(VDW )=-11.130    E(ELEC)=-89.479    |
 -------------------------------------------------------------------------------
 NBONDS: generating intra-molecular exclusion list with mode= 5
 MAKINB: mode   5 found     10 exclusions and     20 interactions(1-4)
 NBONDS: found     2530 intra-atom interactions
 --------------- cycle=    10 --------------------------------------------------
 | Etotal =-90.382    grad(E)=0.168      E(VDW )=-10.110    E(ELEC)=-80.272    |
 -------------------------------------------------------------------------------
 NBONDS: generating intra-molecular exclusion list with mode= 5
 MAKINB: mode   5 found     10 exclusions and     20 interactions(1-4)
 NBONDS: found     3720 intra-atom interactions
 --------------- cycle=    11 --------------------------------------------------
 | Etotal =-179.969   grad(E)=0.580      E(VDW )=-12.943    E(ELEC)=-167.026   |
 -------------------------------------------------------------------------------
 NBONDS: generating intra-molecular exclusion list with mode= 5
 MAKINB: mode   5 found     10 exclusions and     20 interactions(1-4)
 NBONDS: found     5386 intra-atom interactions
 --------------- cycle=    12 --------------------------------------------------
 | Etotal =-100.642   grad(E)=0.230      E(VDW )=-16.366    E(ELEC)=-84.276    |
 -------------------------------------------------------------------------------
 NBONDS: generating intra-molecular exclusion list with mode= 5
 MAKINB: mode   5 found     10 exclusions and     20 interactions(1-4)
 NBONDS: found     3684 intra-atom interactions
 --------------- cycle=    13 --------------------------------------------------
 | Etotal =-113.667   grad(E)=0.282      E(VDW )=-12.354    E(ELEC)=-101.312   |
 -------------------------------------------------------------------------------
 NBONDS: generating intra-molecular exclusion list with mode= 5
 MAKINB: mode   5 found     10 exclusions and     20 interactions(1-4)
 NBONDS: found     4390 intra-atom interactions
 --------------- cycle=    14 --------------------------------------------------
 | Etotal =-85.086    grad(E)=0.174      E(VDW )=-11.663    E(ELEC)=-73.423    |
 -------------------------------------------------------------------------------
 NBONDS: generating intra-molecular exclusion list with mode= 5
 MAKINB: mode   5 found     10 exclusions and     20 interactions(1-4)
 NBONDS: found     4752 intra-atom interactions
 --------------- cycle=    15 --------------------------------------------------
 | Etotal =-180.710   grad(E)=0.587      E(VDW )=-8.037     E(ELEC)=-172.674   |
 -------------------------------------------------------------------------------
 NBONDS: generating intra-molecular exclusion list with mode= 5
 MAKINB: mode   5 found     10 exclusions and     20 interactions(1-4)
 NBONDS: found     4029 intra-atom interactions
 --------------- cycle=    16 --------------------------------------------------
 | Etotal =-211.123   grad(E)=0.660      E(VDW )=-10.377    E(ELEC)=-200.745   |
 -------------------------------------------------------------------------------
 NBONDS: generating intra-molecular exclusion list with mode= 5
 MAKINB: mode   5 found     10 exclusions and     20 interactions(1-4)
 NBONDS: found     3107 intra-atom interactions
 --------------- cycle=    17 --------------------------------------------------
 | Etotal =-143.392   grad(E)=0.509      E(VDW )=-7.603     E(ELEC)=-135.789   |
 -------------------------------------------------------------------------------
 NBONDS: generating intra-molecular exclusion list with mode= 5
 MAKINB: mode   5 found     10 exclusions and     20 interactions(1-4)
 NBONDS: found     4593 intra-atom interactions
 --------------- cycle=    18 --------------------------------------------------
 | Etotal =-98.091    grad(E)=0.206      E(VDW )=-11.679    E(ELEC)=-86.412    |
 -------------------------------------------------------------------------------
 NBONDS: generating intra-molecular exclusion list with mode= 5
 MAKINB: mode   5 found     10 exclusions and     20 interactions(1-4)
 NBONDS: found     5770 intra-atom interactions
 --------------- cycle=    19 --------------------------------------------------
 | Etotal =-115.897   grad(E)=0.287      E(VDW )=-22.077    E(ELEC)=-93.820    |
 -------------------------------------------------------------------------------
 NBONDS: generating intra-molecular exclusion list with mode= 5
 MAKINB: mode   5 found     10 exclusions and     20 interactions(1-4)
 NBONDS: found     3200 intra-atom interactions
 --------------- cycle=    20 --------------------------------------------------
 | Etotal =-62.044    grad(E)=0.234      E(VDW )=-11.139    E(ELEC)=-50.905    |
 -------------------------------------------------------------------------------
 NBONDS: generating intra-molecular exclusion list with mode= 5
 MAKINB: mode   5 found     10 exclusions and     20 interactions(1-4)
 NBONDS: found     4244 intra-atom interactions
 --------------- cycle=    21 --------------------------------------------------
 | Etotal =-90.405    grad(E)=0.197      E(VDW )=-10.689    E(ELEC)=-79.716    |
 -------------------------------------------------------------------------------
 NBONDS: generating intra-molecular exclusion list with mode= 5
 MAKINB: mode   5 found     10 exclusions and     20 interactions(1-4)
 NBONDS: found     2397 intra-atom interactions
 --------------- cycle=    22 --------------------------------------------------
 | Etotal =-84.407    grad(E)=0.264      E(VDW )=-10.166    E(ELEC)=-74.240    |
 -------------------------------------------------------------------------------
 NBONDS: generating intra-molecular exclusion list with mode= 5
 MAKINB: mode   5 found     10 exclusions and     20 interactions(1-4)
 NBONDS: found     2463 intra-atom interactions
 --------------- cycle=    23 --------------------------------------------------
 | Etotal =-96.342    grad(E)=0.198      E(VDW )=-9.180     E(ELEC)=-87.162    |
 -------------------------------------------------------------------------------
 NBONDS: generating intra-molecular exclusion list with mode= 5
 MAKINB: mode   5 found     10 exclusions and     20 interactions(1-4)
 NBONDS: found     3113 intra-atom interactions
 --------------- cycle=    24 --------------------------------------------------
 | Etotal =-93.800    grad(E)=0.232      E(VDW )=-8.112     E(ELEC)=-85.688    |
 -------------------------------------------------------------------------------
 NBONDS: generating intra-molecular exclusion list with mode= 5
 MAKINB: mode   5 found     10 exclusions and     20 interactions(1-4)
 NBONDS: found     2911 intra-atom interactions
 --------------- cycle=    25 --------------------------------------------------
 | Etotal =-93.753    grad(E)=0.234      E(VDW )=-13.220    E(ELEC)=-80.533    |
 -------------------------------------------------------------------------------
 NBONDS: generating intra-molecular exclusion list with mode= 5
 MAKINB: mode   5 found     10 exclusions and     20 interactions(1-4)
 NBONDS: found     2528 intra-atom interactions
 --------------- cycle=    26 --------------------------------------------------
 | Etotal =-89.440    grad(E)=0.363      E(VDW )=-4.328     E(ELEC)=-85.112    |
 -------------------------------------------------------------------------------
 NBONDS: generating intra-molecular exclusion list with mode= 5
 MAKINB: mode   5 found     10 exclusions and     20 interactions(1-4)
 NBONDS: found     2128 intra-atom interactions
 --------------- cycle=    27 --------------------------------------------------
 | Etotal =-92.460    grad(E)=0.247      E(VDW )=-6.170     E(ELEC)=-86.291    |
 -------------------------------------------------------------------------------
 NBONDS: generating intra-molecular exclusion list with mode= 5
 MAKINB: mode   5 found     10 exclusions and     20 interactions(1-4)
 NBONDS: found     2869 intra-atom interactions
 --------------- cycle=    28 --------------------------------------------------
 | Etotal =-84.084    grad(E)=0.174      E(VDW )=-8.623     E(ELEC)=-75.460    |
 -------------------------------------------------------------------------------
 NBONDS: generating intra-molecular exclusion list with mode= 5
 MAKINB: mode   5 found     10 exclusions and     20 interactions(1-4)
 NBONDS: found     4628 intra-atom interactions
 --------------- cycle=    29 --------------------------------------------------
 | Etotal =-85.196    grad(E)=0.326      E(VDW )=-12.655    E(ELEC)=-72.541    |
 -------------------------------------------------------------------------------
 NBONDS: generating intra-molecular exclusion list with mode= 5
 MAKINB: mode   5 found     10 exclusions and     20 interactions(1-4)
 NBONDS: found     3368 intra-atom interactions
 --------------- cycle=    30 --------------------------------------------------
 | Etotal =-74.792    grad(E)=0.286      E(VDW )=-2.215     E(ELEC)=-72.577    |
 -------------------------------------------------------------------------------
 NBONDS: generating intra-molecular exclusion list with mode= 5
 MAKINB: mode   5 found     10 exclusions and     20 interactions(1-4)
 NBONDS: found     2147 intra-atom interactions
 --------------- cycle=    31 --------------------------------------------------
 | Etotal =-64.789    grad(E)=0.303      E(VDW )=2.629      E(ELEC)=-67.418    |
 -------------------------------------------------------------------------------
 NBONDS: generating intra-molecular exclusion list with mode= 5
 MAKINB: mode   5 found     10 exclusions and     20 interactions(1-4)
 NBONDS: found     1361 intra-atom interactions
 --------------- cycle=    32 --------------------------------------------------
 | Etotal =-85.157    grad(E)=0.328      E(VDW )=3.932      E(ELEC)=-89.089    |
 -------------------------------------------------------------------------------
 NBONDS: generating intra-molecular exclusion list with mode= 5
 MAKINB: mode   5 found     10 exclusions and     20 interactions(1-4)
 NBONDS: found     2562 intra-atom interactions
 --------------- cycle=    33 --------------------------------------------------
 | Etotal =-97.404    grad(E)=0.254      E(VDW )=-8.029     E(ELEC)=-89.376    |
 -------------------------------------------------------------------------------
 NBONDS: generating intra-molecular exclusion list with mode= 5
 MAKINB: mode   5 found     10 exclusions and     20 interactions(1-4)
 NBONDS: found     4800 intra-atom interactions
 --------------- cycle=    34 --------------------------------------------------
 | Etotal =-97.503    grad(E)=0.171      E(VDW )=-20.151    E(ELEC)=-77.352    |
 -------------------------------------------------------------------------------
 NBONDS: generating intra-molecular exclusion list with mode= 5
 MAKINB: mode   5 found     10 exclusions and     20 interactions(1-4)
 NBONDS: found     1997 intra-atom interactions
 --------------- cycle=    35 --------------------------------------------------
 | Etotal =-80.736    grad(E)=0.294      E(VDW )=0.268      E(ELEC)=-81.004    |
 -------------------------------------------------------------------------------
 NBONDS: generating intra-molecular exclusion list with mode= 5
 MAKINB: mode   5 found     10 exclusions and     20 interactions(1-4)
 NBONDS: found     6438 intra-atom interactions
 --------------- cycle=    36 --------------------------------------------------
 | Etotal =-212.705   grad(E)=0.474      E(VDW )=-10.816    E(ELEC)=-201.889   |
 -------------------------------------------------------------------------------
 NBONDS: generating intra-molecular exclusion list with mode= 5
 MAKINB: mode   5 found     10 exclusions and     20 interactions(1-4)
 NBONDS: found     3509 intra-atom interactions
 --------------- cycle=    37 --------------------------------------------------
 | Etotal =-71.521    grad(E)=0.320      E(VDW )=-4.139     E(ELEC)=-67.382    |
 -------------------------------------------------------------------------------
 NBONDS: generating intra-molecular exclusion list with mode= 5
 MAKINB: mode   5 found     10 exclusions and     20 interactions(1-4)
 NBONDS: found     3545 intra-atom interactions
 --------------- cycle=    38 --------------------------------------------------
 | Etotal =-150.238   grad(E)=0.578      E(VDW )=-16.420    E(ELEC)=-133.818   |
 -------------------------------------------------------------------------------
 NBONDS: generating intra-molecular exclusion list with mode= 5
 MAKINB: mode   5 found     10 exclusions and     20 interactions(1-4)
 NBONDS: found     5783 intra-atom interactions
 --------------- cycle=    39 --------------------------------------------------
 | Etotal =-90.706    grad(E)=0.206      E(VDW )=-22.147    E(ELEC)=-68.559    |
 -------------------------------------------------------------------------------
 NBONDS: generating intra-molecular exclusion list with mode= 5
 MAKINB: mode   5 found     10 exclusions and     20 interactions(1-4)
 NBONDS: found     6470 intra-atom interactions
 --------------- cycle=    40 --------------------------------------------------
 | Etotal =-190.556   grad(E)=0.567      E(VDW )=-17.605    E(ELEC)=-172.951   |
 -------------------------------------------------------------------------------
 NBONDS: generating intra-molecular exclusion list with mode= 5
 MAKINB: mode   5 found     10 exclusions and     20 interactions(1-4)
 NBONDS: found     2612 intra-atom interactions
 --------------- cycle=    41 --------------------------------------------------
 | Etotal =-91.713    grad(E)=0.269      E(VDW )=-5.483     E(ELEC)=-86.231    |
 -------------------------------------------------------------------------------
 NBONDS: generating intra-molecular exclusion list with mode= 5
 MAKINB: mode   5 found     10 exclusions and     20 interactions(1-4)
 NBONDS: found     2523 intra-atom interactions
 --------------- cycle=    42 --------------------------------------------------
 | Etotal =-73.321    grad(E)=0.155      E(VDW )=-5.135     E(ELEC)=-68.186    |
 -------------------------------------------------------------------------------
 NBONDS: generating intra-molecular exclusion list with mode= 5
 MAKINB: mode   5 found     10 exclusions and     23 interactions(1-4)
 NBONDS: found     3721 intra-atom interactions
 --------------- cycle=    43 --------------------------------------------------
 | Etotal =-91.231    grad(E)=0.216      E(VDW )=-11.117    E(ELEC)=-80.113    |
 -------------------------------------------------------------------------------
 NBONDS: generating intra-molecular exclusion list with mode= 5
 MAKINB: mode   5 found     10 exclusions and     20 interactions(1-4)
 NBONDS: found     6063 intra-atom interactions
 --------------- cycle=    44 --------------------------------------------------
 | Etotal =-204.716   grad(E)=0.492      E(VDW )=-18.298    E(ELEC)=-186.418   |
 -------------------------------------------------------------------------------
 NBONDS: generating intra-molecular exclusion list with mode= 5
 MAKINB: mode   5 found     10 exclusions and     20 interactions(1-4)
 NBONDS: found     6741 intra-atom interactions
 --------------- cycle=    45 --------------------------------------------------
 | Etotal =-198.347   grad(E)=0.581      E(VDW )=-21.818    E(ELEC)=-176.530   |
 -------------------------------------------------------------------------------
 NBONDS: generating intra-molecular exclusion list with mode= 5
 MAKINB: mode   5 found     10 exclusions and     20 interactions(1-4)
 NBONDS: found     2765 intra-atom interactions
 --------------- cycle=    46 --------------------------------------------------
 | Etotal =-159.299   grad(E)=0.545      E(VDW )=-6.695     E(ELEC)=-152.605   |
 -------------------------------------------------------------------------------
 NBONDS: generating intra-molecular exclusion list with mode= 5
 MAKINB: mode   5 found     10 exclusions and     20 interactions(1-4)
 NBONDS: found     5054 intra-atom interactions
 --------------- cycle=    47 --------------------------------------------------
 | Etotal =-107.869   grad(E)=0.254      E(VDW )=-13.521    E(ELEC)=-94.348    |
 -------------------------------------------------------------------------------
 NBONDS: generating intra-molecular exclusion list with mode= 5
 MAKINB: mode   5 found     10 exclusions and     20 interactions(1-4)
 NBONDS: found     5091 intra-atom interactions
 --------------- cycle=    48 --------------------------------------------------
 | Etotal =-93.155    grad(E)=0.192      E(VDW )=-22.263    E(ELEC)=-70.891    |
 -------------------------------------------------------------------------------
 NBONDS: generating intra-molecular exclusion list with mode= 5
 MAKINB: mode   5 found     10 exclusions and     20 interactions(1-4)
 NBONDS: found     3373 intra-atom interactions
 --------------- cycle=    49 --------------------------------------------------
 | Etotal =-81.663    grad(E)=0.275      E(VDW )=-13.984    E(ELEC)=-67.680    |
 -------------------------------------------------------------------------------
 NBONDS: generating intra-molecular exclusion list with mode= 5
 MAKINB: mode   5 found     10 exclusions and     20 interactions(1-4)
 NBONDS: found     1797 intra-atom interactions
 --------------- cycle=    50 --------------------------------------------------
 | Etotal =-65.144    grad(E)=0.147      E(VDW )=-4.330     E(ELEC)=-60.814    |
 -------------------------------------------------------------------------------
 NBONDS: generating intra-molecular exclusion list with mode= 5
 MAKINB: mode   5 found     10 exclusions and     20 interactions(1-4)
 NBONDS: found      984 intra-atom interactions
 --------------- cycle=    51 --------------------------------------------------
 | Etotal =-60.090    grad(E)=0.129      E(VDW )=-2.962     E(ELEC)=-57.128    |
 -------------------------------------------------------------------------------
 NBONDS: generating intra-molecular exclusion list with mode= 5
 MAKINB: mode   5 found     10 exclusions and     20 interactions(1-4)
 NBONDS: found     1451 intra-atom interactions
 --------------- cycle=    52 --------------------------------------------------
 | Etotal =-73.328    grad(E)=0.167      E(VDW )=-7.680     E(ELEC)=-65.647    |
 -------------------------------------------------------------------------------
 NBONDS: generating intra-molecular exclusion list with mode= 5
 MAKINB: mode   5 found     10 exclusions and     20 interactions(1-4)
 NBONDS: found     3200 intra-atom interactions
 --------------- cycle=    53 --------------------------------------------------
 | Etotal =-94.245    grad(E)=0.272      E(VDW )=-19.042    E(ELEC)=-75.203    |
 -------------------------------------------------------------------------------
 NBONDS: generating intra-molecular exclusion list with mode= 5
 MAKINB: mode   5 found     10 exclusions and     20 interactions(1-4)
 NBONDS: found     3566 intra-atom interactions
 --------------- cycle=    54 --------------------------------------------------
 | Etotal =-86.773    grad(E)=0.313      E(VDW )=-12.638    E(ELEC)=-74.135    |
 -------------------------------------------------------------------------------
 NBONDS: generating intra-molecular exclusion list with mode= 5
 MAKINB: mode   5 found     10 exclusions and     20 interactions(1-4)
 NBONDS: found     6323 intra-atom interactions
 --------------- cycle=    55 --------------------------------------------------
 | Etotal =-99.280    grad(E)=0.187      E(VDW )=-28.698    E(ELEC)=-70.582    |
 -------------------------------------------------------------------------------
 NBONDS: generating intra-molecular exclusion list with mode= 5
 MAKINB: mode   5 found     10 exclusions and     20 interactions(1-4)
 NBONDS: found     5631 intra-atom interactions
 --------------- cycle=    56 --------------------------------------------------
 | Etotal =-100.801   grad(E)=0.187      E(VDW )=-19.180    E(ELEC)=-81.620    |
 -------------------------------------------------------------------------------
 NBONDS: generating intra-molecular exclusion list with mode= 5
 MAKINB: mode   5 found     10 exclusions and     20 interactions(1-4)
 NBONDS: found     5150 intra-atom interactions
 --------------- cycle=    57 --------------------------------------------------
 | Etotal =-88.745    grad(E)=0.121      E(VDW )=-22.478    E(ELEC)=-66.267    |
 -------------------------------------------------------------------------------
 NBONDS: generating intra-molecular exclusion list with mode= 5
 MAKINB: mode   5 found     10 exclusions and     20 interactions(1-4)
 NBONDS: found     5331 intra-atom interactions
 --------------- cycle=    58 --------------------------------------------------
 | Etotal =-165.358   grad(E)=0.551      E(VDW )=-12.816    E(ELEC)=-152.542   |
 -------------------------------------------------------------------------------
 NBONDS: generating intra-molecular exclusion list with mode= 5
 MAKINB: mode   5 found     10 exclusions and     20 interactions(1-4)
 NBONDS: found     3225 intra-atom interactions
 --------------- cycle=    59 --------------------------------------------------
 | Etotal =-109.308   grad(E)=0.285      E(VDW )=-3.604     E(ELEC)=-105.704   |
 -------------------------------------------------------------------------------
 NBONDS: generating intra-molecular exclusion list with mode= 5
 MAKINB: mode   5 found     10 exclusions and     20 interactions(1-4)
 NBONDS: found     5051 intra-atom interactions
 --------------- cycle=    60 --------------------------------------------------
 | Etotal =-96.185    grad(E)=0.246      E(VDW )=-12.871    E(ELEC)=-83.313    |
 -------------------------------------------------------------------------------
 NBONDS: generating intra-molecular exclusion list with mode= 5
 MAKINB: mode   5 found     10 exclusions and     20 interactions(1-4)
 NBONDS: found     2958 intra-atom interactions
 --------------- cycle=    61 --------------------------------------------------
 | Etotal =-85.451    grad(E)=0.207      E(VDW )=-12.147    E(ELEC)=-73.304    |
 -------------------------------------------------------------------------------
 NBONDS: generating intra-molecular exclusion list with mode= 5
 MAKINB: mode   5 found     10 exclusions and     20 interactions(1-4)
 NBONDS: found     2305 intra-atom interactions
 --------------- cycle=    62 --------------------------------------------------
 | Etotal =-79.223    grad(E)=0.138      E(VDW )=-10.734    E(ELEC)=-68.489    |
 -------------------------------------------------------------------------------
 NBONDS: generating intra-molecular exclusion list with mode= 5
 MAKINB: mode   5 found     10 exclusions and     20 interactions(1-4)
 NBONDS: found     1008 intra-atom interactions
 --------------- cycle=    63 --------------------------------------------------
 | Etotal =-70.000    grad(E)=0.144      E(VDW )=-4.739     E(ELEC)=-65.261    |
 -------------------------------------------------------------------------------
 NBONDS: generating intra-molecular exclusion list with mode= 5
 MAKINB: mode   5 found     10 exclusions and     20 interactions(1-4)
 NBONDS: found     1003 intra-atom interactions
 --------------- cycle=    64 --------------------------------------------------
 | Etotal =-72.625    grad(E)=0.130      E(VDW )=-5.077     E(ELEC)=-67.548    |
 -------------------------------------------------------------------------------
 NBONDS: generating intra-molecular exclusion list with mode= 5
 MAKINB: mode   5 found     10 exclusions and     23 interactions(1-4)
 NBONDS: found     2281 intra-atom interactions
 --------------- cycle=    65 --------------------------------------------------
 | Etotal =-74.095    grad(E)=0.183      E(VDW )=-10.056    E(ELEC)=-64.039    |
 -------------------------------------------------------------------------------
 NBONDS: generating intra-molecular exclusion list with mode= 5
 MAKINB: mode   5 found     10 exclusions and     20 interactions(1-4)
 NBONDS: found      919 intra-atom interactions
 --------------- cycle=    66 --------------------------------------------------
 | Etotal =-60.083    grad(E)=0.113      E(VDW )=-3.530     E(ELEC)=-56.553    |
 -------------------------------------------------------------------------------
 NBONDS: generating intra-molecular exclusion list with mode= 5
 MAKINB: mode   5 found     10 exclusions and     20 interactions(1-4)
 NBONDS: found     3483 intra-atom interactions
 --------------- cycle=    67 --------------------------------------------------
 | Etotal =-65.282    grad(E)=0.144      E(VDW )=-11.925    E(ELEC)=-53.357    |
 -------------------------------------------------------------------------------
 NBONDS: generating intra-molecular exclusion list with mode= 5
 MAKINB: mode   5 found     10 exclusions and     20 interactions(1-4)
 NBONDS: found     3217 intra-atom interactions
 --------------- cycle=    68 --------------------------------------------------
 | Etotal =-101.546   grad(E)=0.327      E(VDW )=-8.707     E(ELEC)=-92.839    |
 -------------------------------------------------------------------------------
 NBONDS: generating intra-molecular exclusion list with mode= 5
 MAKINB: mode   5 found     13 exclusions and     27 interactions(1-4)
 NBONDS: found     2295 intra-atom interactions
 --------------- cycle=    69 --------------------------------------------------
 | Etotal =-70.397    grad(E)=0.185      E(VDW )=-7.748     E(ELEC)=-62.649    |
 -------------------------------------------------------------------------------
 NBONDS: generating intra-molecular exclusion list with mode= 5
 MAKINB: mode   5 found     10 exclusions and     20 interactions(1-4)
 NBONDS: found     5287 intra-atom interactions
 --------------- cycle=    70 --------------------------------------------------
 | Etotal =-76.443    grad(E)=0.148      E(VDW )=-18.596    E(ELEC)=-57.847    |
 -------------------------------------------------------------------------------
 NBONDS: generating intra-molecular exclusion list with mode= 5
 MAKINB: mode   5 found     10 exclusions and     23 interactions(1-4)
 NBONDS: found     3404 intra-atom interactions
 --------------- cycle=    71 --------------------------------------------------
 | Etotal =-59.360    grad(E)=0.116      E(VDW )=-8.963     E(ELEC)=-50.397    |
 -------------------------------------------------------------------------------
 NBONDS: generating intra-molecular exclusion list with mode= 5
 MAKINB: mode   5 found     10 exclusions and     23 interactions(1-4)
 NBONDS: found     3889 intra-atom interactions
 --------------- cycle=    72 --------------------------------------------------
 | Etotal =-83.498    grad(E)=0.170      E(VDW )=-14.198    E(ELEC)=-69.300    |
 -------------------------------------------------------------------------------
 NBONDS: generating intra-molecular exclusion list with mode= 5
 MAKINB: mode   5 found     10 exclusions and     20 interactions(1-4)
 NBONDS: found     4717 intra-atom interactions
 --------------- cycle=    73 --------------------------------------------------
 | Etotal =-78.955    grad(E)=0.137      E(VDW )=-18.220    E(ELEC)=-60.735    |
 -------------------------------------------------------------------------------
 NBONDS: generating intra-molecular exclusion list with mode= 5
 MAKINB: mode   5 found     10 exclusions and     20 interactions(1-4)
 NBONDS: found     4232 intra-atom interactions
 --------------- cycle=    74 --------------------------------------------------
 | Etotal =-93.716    grad(E)=0.187      E(VDW )=-17.076    E(ELEC)=-76.640    |
 -------------------------------------------------------------------------------
 NBONDS: generating intra-molecular exclusion list with mode= 5
 MAKINB: mode   5 found     10 exclusions and     20 interactions(1-4)
 NBONDS: found     2709 intra-atom interactions
 --------------- cycle=    75 --------------------------------------------------
 | Etotal =-64.866    grad(E)=0.119      E(VDW )=-12.227    E(ELEC)=-52.640    |
 -------------------------------------------------------------------------------
 NBONDS: generating intra-molecular exclusion list with mode= 5
 MAKINB: mode   5 found     10 exclusions and     20 interactions(1-4)
 NBONDS: found     6486 intra-atom interactions
 --------------- cycle=    76 --------------------------------------------------
 | Etotal =-100.489   grad(E)=0.364      E(VDW )=-17.480    E(ELEC)=-83.009    |
 -------------------------------------------------------------------------------
 NBONDS: generating intra-molecular exclusion list with mode= 5
 MAKINB: mode   5 found     10 exclusions and     20 interactions(1-4)
 NBONDS: found     2061 intra-atom interactions
 --------------- cycle=    77 --------------------------------------------------
 | Etotal =-86.078    grad(E)=0.159      E(VDW )=-8.541     E(ELEC)=-77.537    |
 -------------------------------------------------------------------------------
 NBONDS: generating intra-molecular exclusion list with mode= 5
 MAKINB: mode   5 found     10 exclusions and     20 interactions(1-4)
 NBONDS: found     6506 intra-atom interactions
 --------------- cycle=    78 --------------------------------------------------
 | Etotal =-102.859   grad(E)=0.150      E(VDW )=-29.656    E(ELEC)=-73.203    |
 -------------------------------------------------------------------------------
 NBONDS: generating intra-molecular exclusion list with mode= 5
 MAKINB: mode   5 found     10 exclusions and     23 interactions(1-4)
 NBONDS: found     4482 intra-atom interactions
 --------------- cycle=    79 --------------------------------------------------
 | Etotal =-84.449    grad(E)=0.197      E(VDW )=-17.060    E(ELEC)=-67.389    |
 -------------------------------------------------------------------------------
 NBONDS: generating intra-molecular exclusion list with mode= 5
 MAKINB: mode   5 found     10 exclusions and     23 interactions(1-4)
 NBONDS: found     2915 intra-atom interactions
 --------------- cycle=    80 --------------------------------------------------
 | Etotal =-83.455    grad(E)=0.155      E(VDW )=-10.315    E(ELEC)=-73.140    |
 -------------------------------------------------------------------------------
 NBONDS: generating intra-molecular exclusion list with mode= 5
 MAKINB: mode   5 found     10 exclusions and     20 interactions(1-4)
 NBONDS: found     3163 intra-atom interactions
 --------------- cycle=    81 --------------------------------------------------
 | Etotal =-86.553    grad(E)=0.254      E(VDW )=-7.578     E(ELEC)=-78.975    |
 -------------------------------------------------------------------------------
 NBONDS: generating intra-molecular exclusion list with mode= 5
 MAKINB: mode   5 found     10 exclusions and     20 interactions(1-4)
 NBONDS: found     4185 intra-atom interactions
 --------------- cycle=    82 --------------------------------------------------
 | Etotal =-102.971   grad(E)=0.244      E(VDW )=-17.340    E(ELEC)=-85.631    |
 -------------------------------------------------------------------------------
 NBONDS: generating intra-molecular exclusion list with mode= 5
 MAKINB: mode   5 found     10 exclusions and     20 interactions(1-4)
 NBONDS: found     1890 intra-atom interactions
 --------------- cycle=    83 --------------------------------------------------
 | Etotal =-69.574    grad(E)=0.289      E(VDW )=-0.755     E(ELEC)=-68.819    |
 -------------------------------------------------------------------------------
 NBONDS: generating intra-molecular exclusion list with mode= 5
 MAKINB: mode   5 found     10 exclusions and     20 interactions(1-4)
 NBONDS: found     2886 intra-atom interactions
 --------------- cycle=    84 --------------------------------------------------
 | Etotal =-70.934    grad(E)=0.178      E(VDW )=-6.611     E(ELEC)=-64.323    |
 -------------------------------------------------------------------------------
 NBONDS: generating intra-molecular exclusion list with mode= 5
 MAKINB: mode   5 found     10 exclusions and     20 interactions(1-4)
 NBONDS: found     1587 intra-atom interactions
 --------------- cycle=    85 --------------------------------------------------
 | Etotal =-69.274    grad(E)=0.199      E(VDW )=-5.987     E(ELEC)=-63.287    |
 -------------------------------------------------------------------------------
 NBONDS: generating intra-molecular exclusion list with mode= 5
 MAKINB: mode   5 found     10 exclusions and     20 interactions(1-4)
 NBONDS: found     5579 intra-atom interactions
 --------------- cycle=    86 --------------------------------------------------
 | Etotal =-115.359   grad(E)=0.308      E(VDW )=-21.342    E(ELEC)=-94.017    |
 -------------------------------------------------------------------------------
 NBONDS: generating intra-molecular exclusion list with mode= 5
 MAKINB: mode   5 found     10 exclusions and     23 interactions(1-4)
 NBONDS: found     4728 intra-atom interactions
 --------------- cycle=    87 --------------------------------------------------
 | Etotal =-112.542   grad(E)=0.274      E(VDW )=-19.913    E(ELEC)=-92.629    |
 -------------------------------------------------------------------------------
 HEAP: maximum use      =    22239160 current use      =       96000 bytes
 HEAP: maximum overhead =        2784 current overhead =         752 bytes
          ============================================================
           Maximum dynamic memory allocation:    22239160 bytes
           Maximum dynamic memory overhead:          2784 bytes
           Program started at: 19:01:46 on 10-Jun-2020
           Program stopped at: 19:02:10 on 10-Jun-2020
           CPU time used:      24.3438 seconds
          ============================================================
