          ============================================================
          |                                                          |
          |            Crystallography & NMR System (CNS)            |
          |                         CNSsolve                         |
          |                                                          |
          ============================================================
           Version: 1.3 at patch level U
           Status: Special UU release with Rg and paramagnetic
                   restraints (A. Bonvin, UU 2011)
          ============================================================
           Written by: A.T.Brunger, P.D.Adams, G.M.Clore, W.L.DeLano,
                       P.Gros, R.W.Grosse-Kunstleve,J.-S.Jiang,J.M.Krahn,
                       J.Kuszewski, M.Nilges, N.S.Pannu, R.J.Read,
                       L.M.Rice, G.F.Schroeder, T.Simonson, G.L.Warren.
           Copyright (c) 1997-2010 Yale University
          ============================================================
           Running on machine: hostname unknown (x86_64/Linux,64-bit)
           Program started by: joaor
           Program started at: 19:00:04 on 10-Jun-2020
          ============================================================

 FFT3C: Using FFTPACK4.1

 CNSsolve>! 
 CNSsolve>! Calculates pairwise energies between residues 
 CNSsolve>! Will only rebuild hydrogen atoms 
 CNSsolve>! 
 CNSsolve>! Adapted from HADDOCK protocols here and there. 
 CNSsolve>! JR & AMJJB @ 2020 
 CNSsolve>! 
 CNSsolve>define( 
 DEFINE>    {===>} auto_break=true; 
 DEFINE>    {===>} break_cutoff=2.5; 
 DEFINE>    {===>} dnaauto_break=true; 
 DEFINE>    {===>} dbreak_cutoff=4.5; 
 DEFINE>    {===>} auto_cispro=true; 
 DEFINE>    {===>} auto_disu=true; 
 DEFINE>    {===>} disulphide_dist=3.0; 
 DEFINE>    {===>} glyco_dist=2.75; 
 DEFINE>    {===>} coorin="molecule.pdb"; 
 DEFINE>    {===>} icutoff=5.0; 
 DEFINE>) 
 CNSsolve> 
 CNSsolve>! Mute (most) output 
 CNSsolve>set message=on echo=off end 
 ASSFIL: file merged.param opened.
 MESSage=NORM
 EVALUATE: symbol $OLD_MESSAGE set to "NORM" (string)
 ECHO=FALSe {OFF}
 EVALUATE: symbol $OLD_ECHO set to FALSE (logical)
 %PARRDR-info: duplication of bond HC   NC2 
 %PARRDR-info: duplication of angle CH2E C    NH1 
 %PARRDR-info: duplication of angle CH2P CH2E HA  
 ASSFIL: file merged.top opened.
 MESSage=NORM
 EVALUATE: symbol $OLD_MESSAGE set to "NORM" (string)
 ECHO=FALSe {OFF}
 EVALUATE: symbol $OLD_ECHO set to FALSE (logical)
 %RTFIO-warning: undefined masses in residue CYC 
 %RTFIO error encountered: there are undefined masses.
   (CNS is in mode: SET ABORT=NORMal END)
 MESSage=NORM
 EVALUATE: symbol $OLD_MESSAGE set to "NORM" (string)
 ECHO=FALSe {OFF}
 EVALUATE: symbol $OLD_ECHO set to FALSE (logical)
 ASSFIL: file protein_break.top opened.
 %RTFRDR-ERR: duplicate (P-)RESIdue name DPEP
 %RTFRDR-ERR: duplicate (P-)RESIdue name DPPP
 RTFRDR> 
 RTFRDR>end 
 CNSsolve> 
 CNSsolve>! Reset output muting 
 CNSsolve>set message=off echo=off end 
FOUND 4 NAG:ASN pairs
NAG:ASN bond added from   B    901  to   B    53  
NAG:ASN bond added from   B    907  to   B    322 
NAG:ASN bond added from   B    910  to   B    546 
NAG:ASN bond added from   E    1401 to   E    343 
FOUND 4 NAG:NAG pairs
NAG:NAG B14 bond added from   B    902  to   B    901 
NAG:NAG B14 bond added from   B    911  to   B    910 
NAG:NAG B14 bond added from   E    1402 to   E    1401
NAG:NAG B14 bond added from   E    1403 to   E    1402
 %PARRDR-info: duplication of bond HC   NC2 
 %PARRDR-info: duplication of angle CH2E C    NH1 
 %PARRDR-info: duplication of angle CH2P CH2E HA  
 POWELL: number of degrees of freedom= 13644
 NBONDS: generating intra-molecular exclusion list with mode=-2
 MAKINB: mode  -2 found   4548 exclusions and      0 interactions(1-4)
 %atoms "B   -34  -VAL -HA  " and "B   -34  -VAL -HG23" only  0.08 A apart
 %atoms "B   -83  -PHE -CG  " and "B   -83  -PHE -HD2 " only  0.09 A apart
 %atoms "B   -129 -THR -HA  " and "B   -129 -THR -HG23" only  0.10 A apart
 %atoms "B   -477 -TRP -HB1 " and "B   -477 -TRP -HH2 " only  0.08 A apart
 %atoms "B   -479 -LYS -HD1 " and "B   -479 -LYS -HD2 " only  0.09 A apart
 %atoms "B   -494 -ASP -HB1 " and "B   -494 -ASP -HB2 " only  0.08 A apart
 %atoms "E   -517 -LEU -HA  " and "E   -517 -LEU -HD22" only  0.08 A apart
 NBONDS: found   675906 intra-atom interactions
 NBONDS: found        7 nonbonded violations
 %atoms "B   -263 -PRO -N   " and "B   -263 -PRO -HG2 " only  0.09 A apart
 %atoms "B   -380 -GLU -HA  " and "B   -380 -GLU -HB1 " only  0.07 A apart
 %atoms "B   -447 -VAL -CA  " and "B   -447 -VAL -HG23" only  0.08 A apart
 %atoms "E   -355 -ARG -HB2 " and "E   -355 -ARG -CD  " only  0.10 A apart
 %atoms "E   -425 -LEU -HD13" and "E   -425 -LEU -HD23" only  0.08 A apart
 NBONDS: found   676068 intra-atom interactions
 NBONDS: found        5 nonbonded violations
 NBONDS: found   672702 intra-atom interactions
 %atoms "B   -504 -PHE -HB1 " and "B   -504 -PHE -HD1 " only  0.09 A apart
 %atoms "E   -473 -TYR -HD1 " and "E   -473 -TYR -HE1 " only  0.06 A apart
 NBONDS: found   670527 intra-atom interactions
 NBONDS: found        2 nonbonded violations
 NBONDS: found   669559 intra-atom interactions
 --------------- cycle=    10 ------ stepsize=   -0.0000 -----------------------
 | Etotal =0.33E+07   grad(E)=570.989    E(BOND)=482557.212 E(ANGL)=0.16E+07   |
 | E(VDW )=0.13E+07                                                            |
 -------------------------------------------------------------------------------
 NBONDS: found   669419 intra-atom interactions
 NBONDS: found   669394 intra-atom interactions
 NBONDS: found   669664 intra-atom interactions
 NBONDS: found   669829 intra-atom interactions
 --------------- cycle=    20 ------ stepsize=   -0.0000 -----------------------
 | Etotal =0.13E+07   grad(E)=302.187    E(BOND)=229867.923 E(ANGL)=513849.033 |
 | E(VDW )=509851.194                                                          |
 -------------------------------------------------------------------------------
 NBONDS: found   670489 intra-atom interactions
 NBONDS: found   670486 intra-atom interactions
 NBONDS: found   670586 intra-atom interactions
 --------------- cycle=    30 ------ stepsize=   -0.0000 -----------------------
 | Etotal =989676.473 grad(E)=246.496    E(BOND)=186905.172 E(ANGL)=369529.422 |
 | E(VDW )=433241.879                                                          |
 -------------------------------------------------------------------------------
 NBONDS: found   670514 intra-atom interactions
 NBONDS: found   670546 intra-atom interactions
 --------------- cycle=    40 ------ stepsize=    0.0000 -----------------------
 | Etotal =943970.701 grad(E)=238.157    E(BOND)=183753.077 E(ANGL)=345467.801 |
 | E(VDW )=414749.823                                                          |
 -------------------------------------------------------------------------------
 NBONDS: found   670592 intra-atom interactions
 NBONDS: found   670661 intra-atom interactions
 --------------- cycle=    50 ------ stepsize=   -0.0000 -----------------------
 | Etotal =923936.656 grad(E)=234.761    E(BOND)=181882.948 E(ANGL)=334145.228 |
 | E(VDW )=407908.481                                                          |
 -------------------------------------------------------------------------------
 POWELL: STEP number limit. Normal termination
 POWELL: Current coordinates set to last minimum
 DCART: temperature coupling (TCOUpling) enabled
 -------------------------- Cartesian dynamics start ---------------------------
 | E(kin)+E(total)=0.35E+07        E(kin)=4187.876      temperature=308.917    |
 | Etotal =0.35E+07   grad(E)=591.290    E(BOND)=181882.948 E(ANGL)=334145.228 |
 | E(IMPR)=0.30E+07                                                            |
 -------------------------------------------------------------------------------
 ----------------- final step=       50 at      0.02500 ps ---------------------
 | E(kin)+E(total)=0.23E+07        E(kin)=442780.505    temperature=32661.578  |
 | Etotal =0.18E+07   grad(E)=332.013    E(BOND)=205176.414 E(ANGL)=853171.340 |
 | E(IMPR)=785598.262                                                          |
 -------------------------------------------------------------------------------
 CENMAS: Information about center of free masses
         position [A]          :     -0.74595      0.08077     -0.28275
         velocity [A/ps]       :     -0.14749      0.05765     -0.28029
         ang. mom. [amu A/ps]  :-361359.11972-340590.26042-181598.44716
         kin. ener. [Kcal/mol] :     11.26575
 POWELL: number of degrees of freedom= 13644
 NBONDS: found   667586 intra-atom interactions
 NBONDS: found   666925 intra-atom interactions
 NBONDS: found   667088 intra-atom interactions
 NBONDS: found   668150 intra-atom interactions
 --------------- cycle=    10 ------ stepsize=   -0.0001 -----------------------
 | Etotal =0.19E+07   grad(E)=273.015    E(BOND)=237131.089 E(ANGL)=467378.884 |
 | E(IMPR)=690740.614 E(VDW )=482410.259                                       |
 -------------------------------------------------------------------------------
 NBONDS: found   669020 intra-atom interactions
 NBONDS: found   669460 intra-atom interactions
 NBONDS: found   669576 intra-atom interactions
 --------------- cycle=    20 ------ stepsize=    0.0000 -----------------------
 | Etotal =0.13E+07   grad(E)=138.832    E(BOND)=173465.140 E(ANGL)=173054.968 |
 | E(IMPR)=575461.750 E(VDW )=347873.838                                       |
 -------------------------------------------------------------------------------
 NBONDS: found   669554 intra-atom interactions
 NBONDS: found   669576 intra-atom interactions
 NBONDS: found   669717 intra-atom interactions
 --------------- cycle=    30 ------ stepsize=   -0.0000 -----------------------
 | Etotal =0.12E+07   grad(E)=118.291    E(BOND)=169307.654 E(ANGL)=137104.582 |
 | E(IMPR)=560695.934 E(VDW )=323522.456                                       |
 -------------------------------------------------------------------------------
 NBONDS: found   669842 intra-atom interactions
 NBONDS: found   669782 intra-atom interactions
 NBONDS: found   669822 intra-atom interactions
 --------------- cycle=    40 ------ stepsize=    0.0001 -----------------------
 | Etotal =0.12E+07   grad(E)=109.712    E(BOND)=165081.926 E(ANGL)=127369.903 |
 | E(IMPR)=552704.459 E(VDW )=317137.437                                       |
 -------------------------------------------------------------------------------
 NBONDS: found   669842 intra-atom interactions
 NBONDS: found   669817 intra-atom interactions
 --------------- cycle=    50 ------ stepsize=   -0.0000 -----------------------
 | Etotal =0.12E+07   grad(E)=109.502    E(BOND)=165698.423 E(ANGL)=123921.711 |
 | E(IMPR)=547791.262 E(VDW )=313288.129                                       |
 -------------------------------------------------------------------------------
 POWELL: STEP number limit. Normal termination
 POWELL: Current coordinates set to last minimum
 DCART: temperature coupling (TCOUpling) enabled
 -------------------------- Cartesian dynamics start ---------------------------
 | E(kin)+E(total)=0.12E+07        E(kin)=4080.158      temperature=300.972    |
 | Etotal =0.12E+07   grad(E)=109.502    E(BOND)=165698.423 E(ANGL)=123921.711 |
 | E(IMPR)=547791.262 E(VDW )=313288.129                                       |
 -------------------------------------------------------------------------------
 NBONDS: found   669741 intra-atom interactions
 NBONDS: found   669763 intra-atom interactions
 ----------------- final step=       50 at      0.02500 ps ---------------------
 | E(kin)+E(total)=0.12E+07        E(kin)=5747.054      temperature=423.930    |
 | Etotal =0.11E+07   grad(E)=111.774    E(BOND)=166944.218 E(ANGL)=123991.904 |
 | E(IMPR)=543840.073 E(VDW )=312648.194                                       |
 -------------------------------------------------------------------------------
 CENMAS: Information about center of free masses
         position [A]          :     -0.75155      0.07129     -0.27791
         velocity [A/ps]       :     -0.03658     -0.01126     -0.07382
         ang. mom. [amu A/ps]  : -42120.97434 -41513.75156  65074.36374
         kin. ener. [Kcal/mol] :      0.75152
 %PARRDR-info: duplication of bond HC   NC2 
 %PARRDR-info: duplication of angle CH2E C    NH1 
 %PARRDR-info: duplication of angle CH2P CH2E HA  
 POWELL: number of degrees of freedom= 13644
 NBONDS: generating intra-molecular exclusion list with mode=-3
 MAKINB: mode  -3 found  15520 exclusions and      0 interactions(1-4)
 NBONDS: found   658881 intra-atom interactions
 NBONDS: found   660604 intra-atom interactions
 NBONDS: found   660583 intra-atom interactions
 NBONDS: found   660475 intra-atom interactions
 NBONDS: found   660798 intra-atom interactions
 NBONDS: found   661231 intra-atom interactions
 --------------- cycle=    25 ------ stepsize=    0.0003 -----------------------
 | Etotal =245968.798 grad(E)=109.044    E(BOND)=18579.964  E(ANGL)=130279.663 |
 | E(IMPR)=94795.999  E(VDW )=2313.173                                         |
 -------------------------------------------------------------------------------
 NBONDS: found   661165 intra-atom interactions
 NBONDS: found   660975 intra-atom interactions
 NBONDS: found   660941 intra-atom interactions
 NBONDS: found   661003 intra-atom interactions
 NBONDS: found   661074 intra-atom interactions
 NBONDS: found   660871 intra-atom interactions
 --------------- cycle=    50 ------ stepsize=    0.0000 -----------------------
 | Etotal =52187.688  grad(E)=32.895     E(BOND)=2242.810   E(ANGL)=19557.241  |
 | E(IMPR)=29673.620  E(VDW )=714.017                                          |
 -------------------------------------------------------------------------------
 NBONDS: found   660869 intra-atom interactions
 NBONDS: found   660772 intra-atom interactions
 NBONDS: found   660796 intra-atom interactions
 NBONDS: found   660879 intra-atom interactions
 NBONDS: found   660891 intra-atom interactions
 --------------- cycle=    75 ------ stepsize=    0.0005 -----------------------
 | Etotal =15875.502  grad(E)=20.829     E(BOND)=892.584    E(ANGL)=7103.909   |
 | E(IMPR)=7251.903   E(VDW )=627.106                                          |
 -------------------------------------------------------------------------------
 NBONDS: found   660874 intra-atom interactions
 NBONDS: found   660881 intra-atom interactions
 NBONDS: found   660874 intra-atom interactions
 NBONDS: found   660837 intra-atom interactions
 NBONDS: found   660868 intra-atom interactions
 --------------- cycle=   100 ------ stepsize=    0.0004 -----------------------
 | Etotal =3623.038   grad(E)=9.909      E(BOND)=116.795    E(ANGL)=1994.755   |
 | E(IMPR)=930.367    E(VDW )=581.122                                          |
 -------------------------------------------------------------------------------
 POWELL: STEP number limit. Normal termination
 POWELL: Current coordinates set to last minimum
 DCART: temperature coupling (TCOUpling) enabled
 -------------------------- Cartesian dynamics start ---------------------------
 | E(kin)+E(total)=7623.893        E(kin)=4000.855      temperature=295.122    |
 | Etotal =3623.038   grad(E)=9.909      E(BOND)=116.795    E(ANGL)=1994.755   |
 | E(IMPR)=930.367    E(VDW )=581.122                                          |
 -------------------------------------------------------------------------------
 NBONDS: found   660825 intra-atom interactions
 NBONDS: found   660865 intra-atom interactions
 NBONDS: found   660874 intra-atom interactions
 NBONDS: found   660869 intra-atom interactions
 NBONDS: found   660866 intra-atom interactions
 NBONDS: found   660890 intra-atom interactions
 NBONDS: found   660928 intra-atom interactions
 NBONDS: found   660959 intra-atom interactions
 NBONDS: found   660919 intra-atom interactions
 NBONDS: found   661052 intra-atom interactions
 NBONDS: found   661014 intra-atom interactions
 NBONDS: found   661019 intra-atom interactions
 NBONDS: found   661075 intra-atom interactions
 NBONDS: found   661062 intra-atom interactions
 NBONDS: found   661078 intra-atom interactions
 NBONDS: found   661064 intra-atom interactions
 NBONDS: found   661055 intra-atom interactions
 NBONDS: found   661122 intra-atom interactions
 NBONDS: found   661097 intra-atom interactions
 NBONDS: found   660968 intra-atom interactions
 NBONDS: found   661056 intra-atom interactions
 NBONDS: found   661049 intra-atom interactions
 NBONDS: found   660984 intra-atom interactions
 NBONDS: found   661010 intra-atom interactions
 NBONDS: found   661075 intra-atom interactions
 NBONDS: found   661018 intra-atom interactions
 NBONDS: found   660991 intra-atom interactions
 NBONDS: found   661012 intra-atom interactions
 NBONDS: found   660988 intra-atom interactions
 ----------------- final step=      500 at      0.25000 ps ---------------------
 | E(kin)+E(total)=9141.875        E(kin)=4444.111      temperature=327.819    |
 | Etotal =4697.764   grad(E)=26.919     E(BOND)=874.039    E(ANGL)=2902.621   |
 | E(IMPR)=285.639    E(VDW )=635.464                                          |
 -------------------------------------------------------------------------------
 CENMAS: Information about center of free masses
         position [A]          :     -0.75226      0.07049     -0.27740
         velocity [A/ps]       :      0.02992     -0.04016     -0.04006
         ang. mom. [amu A/ps]  : 148780.88616 -74134.29221-141314.28143
         kin. ener. [Kcal/mol] :      0.44703
 EFLAGS: the following energy flags are set
 EFLAGS: BOND ANGL DIHE IMPR VDW 
 %PARRDR-info: duplication of bond HC   NC2 
 %PARRDR-info: duplication of angle CH2E C    NH1 
 %PARRDR-info: duplication of angle CH2P CH2E HA  
 POWELL: number of degrees of freedom= 13644
 NBONDS: generating intra-molecular exclusion list with mode=-3
 MAKINB: mode  -3 found  15520 exclusions and      0 interactions(1-4)
 NBONDS: found   660996 intra-atom interactions
 NBONDS: found   661011 intra-atom interactions
 NBONDS: found   660919 intra-atom interactions
 --------------- cycle=    50 ------ stepsize=   -0.0003 -----------------------
 | Etotal =12933.629  grad(E)=13.296     E(BOND)=219.370    E(ANGL)=1147.031   |
 | E(DIHE)=200.359    E(IMPR)=82.770     E(VDW )=11284.099                     |
 -------------------------------------------------------------------------------
 NBONDS: found   660768 intra-atom interactions
 --------------- cycle=   100 ------ stepsize=    0.0005 -----------------------
 | Etotal =12653.989  grad(E)=13.126     E(BOND)=219.054    E(ANGL)=1119.975   |
 | E(DIHE)=184.814    E(IMPR)=85.293     E(VDW )=11044.852                     |
 -------------------------------------------------------------------------------
 --------------- cycle=   150 ------ stepsize=   -0.0001 -----------------------
 | Etotal =12615.978  grad(E)=13.086     E(BOND)=218.777    E(ANGL)=1113.589   |
 | E(DIHE)=177.260    E(IMPR)=82.213     E(VDW )=11024.139                     |
 -------------------------------------------------------------------------------
 NBONDS: found   660838 intra-atom interactions
 --------------- cycle=   200 ------ stepsize=   -0.0001 -----------------------
 | Etotal =12602.828  grad(E)=13.080     E(BOND)=218.497    E(ANGL)=1112.578   |
 | E(DIHE)=174.064    E(IMPR)=81.875     E(VDW )=11015.813                     |
 -------------------------------------------------------------------------------
 --------------- cycle=   250 ------ stepsize=    0.0001 -----------------------
 | Etotal =12601.861  grad(E)=13.073     E(BOND)=218.416    E(ANGL)=1112.116   |
 | E(DIHE)=174.081    E(IMPR)=81.681     E(VDW )=11015.566                     |
 -------------------------------------------------------------------------------
 --------------- cycle=   300 ------ stepsize=    0.0007 -----------------------
 | Etotal =12601.763  grad(E)=13.075     E(BOND)=218.713    E(ANGL)=1112.003   |
 | E(DIHE)=173.291    E(IMPR)=81.778     E(VDW )=11015.979                     |
 -------------------------------------------------------------------------------
 --------------- cycle=   350 ------ stepsize=    0.0011 -----------------------
 | Etotal =12600.300  grad(E)=13.076     E(BOND)=219.219    E(ANGL)=1111.946   |
 | E(DIHE)=172.301    E(IMPR)=81.629     E(VDW )=11015.204                     |
 -------------------------------------------------------------------------------
 --------------- cycle=   400 ------ stepsize=    0.0011 -----------------------
 | Etotal =12600.226  grad(E)=13.075     E(BOND)=219.189    E(ANGL)=1111.827   |
 | E(DIHE)=172.298    E(IMPR)=81.641     E(VDW )=11015.271                     |
 -------------------------------------------------------------------------------
 --------------- cycle=   450 ------ stepsize=    0.0011 -----------------------
 | Etotal =12600.219  grad(E)=13.076     E(BOND)=219.201    E(ANGL)=1111.848   |
 | E(DIHE)=172.249    E(IMPR)=81.632     E(VDW )=11015.289                     |
 -------------------------------------------------------------------------------
 --------------- cycle=   500 ------ stepsize=    0.0010 -----------------------
 | Etotal =12600.218  grad(E)=13.076     E(BOND)=219.200    E(ANGL)=1111.845   |
 | E(DIHE)=172.227    E(IMPR)=81.634     E(VDW )=11015.313                     |
 -------------------------------------------------------------------------------
 POWELL: STEP number limit. Normal termination
 POWELL: Current coordinates set to last minimum
 DCART: temperature coupling (TCOUpling) enabled
 -------------------------- Cartesian dynamics start ---------------------------
 | E(kin)+E(total)=16653.201       E(kin)=4052.982      temperature=298.967    |
 | Etotal =12600.218  grad(E)=13.076     E(BOND)=219.200    E(ANGL)=1111.845   |
 | E(DIHE)=172.227    E(IMPR)=81.634     E(VDW )=11015.313                     |
 -------------------------------------------------------------------------------
 NBONDS: found   660673 intra-atom interactions
 NBONDS: found   660900 intra-atom interactions
 NBONDS: found   660814 intra-atom interactions
 NBONDS: found   660754 intra-atom interactions
 NBONDS: found   660768 intra-atom interactions
 NBONDS: found   660804 intra-atom interactions
 NBONDS: found   660768 intra-atom interactions
 NBONDS: found   660858 intra-atom interactions
 NBONDS: found   660689 intra-atom interactions
 NBONDS: found   660727 intra-atom interactions
 ----------------- final step=      500 at      0.25000 ps ---------------------
 | E(kin)+E(total)=20749.900       E(kin)=4174.517      temperature=307.932    |
 | Etotal =16575.383  grad(E)=31.558     E(BOND)=1277.379   E(ANGL)=3304.038   |
 | E(DIHE)=191.513    E(IMPR)=409.393    E(VDW )=11393.060                     |
 -------------------------------------------------------------------------------
 CENMAS: Information about center of free masses
         position [A]          :     -0.75231      0.07032     -0.27767
         velocity [A/ps]       :     -0.05881     -0.10365      0.49075
         ang. mom. [amu A/ps]  : -26225.95151 -27939.30257  21432.42785
         kin. ener. [Kcal/mol] :      1.39721
 POWELL: number of degrees of freedom= 13644
 --------------- cycle=    50 ------ stepsize=    0.0009 -----------------------
 | Etotal =12597.044  grad(E)=13.074     E(BOND)=218.470    E(ANGL)=1113.138   |
 | E(DIHE)=169.432    E(IMPR)=83.103     E(VDW )=11012.902                     |
 -------------------------------------------------------------------------------
 --------------- cycle=   100 ------ stepsize=    0.0012 -----------------------
 | Etotal =12582.526  grad(E)=13.053     E(BOND)=218.657    E(ANGL)=1111.050   |
 | E(DIHE)=168.123    E(IMPR)=81.906     E(VDW )=11002.790                     |
 -------------------------------------------------------------------------------
 --------------- cycle=   150 ------ stepsize=    0.0011 -----------------------
 | Etotal =12579.611  grad(E)=13.060     E(BOND)=219.634    E(ANGL)=1111.206   |
 | E(DIHE)=165.432    E(IMPR)=81.829     E(VDW )=11001.510                     |
 -------------------------------------------------------------------------------
 --------------- cycle=   200 ------ stepsize=    0.0010 -----------------------
 | Etotal =12576.991  grad(E)=13.056     E(BOND)=219.819    E(ANGL)=1110.762   |
 | E(DIHE)=164.693    E(IMPR)=81.762     E(VDW )=10999.955                     |
 -------------------------------------------------------------------------------
 --------------- cycle=   250 ------ stepsize=    0.0010 -----------------------
 | Etotal =12576.904  grad(E)=13.055     E(BOND)=219.764    E(ANGL)=1110.705   |
 | E(DIHE)=164.716    E(IMPR)=81.821     E(VDW )=10999.898                     |
 -------------------------------------------------------------------------------
 --------------- cycle=   300 ------ stepsize=    0.0013 -----------------------
 | Etotal =12576.813  grad(E)=13.056     E(BOND)=219.956    E(ANGL)=1110.638   |
 | E(DIHE)=164.498    E(IMPR)=81.810     E(VDW )=10999.911                     |
 -------------------------------------------------------------------------------
 --------------- cycle=   350 ------ stepsize=    0.0009 -----------------------
 | Etotal =12576.789  grad(E)=13.056     E(BOND)=219.973    E(ANGL)=1110.611   |
 | E(DIHE)=164.482    E(IMPR)=81.810     E(VDW )=10999.913                     |
 -------------------------------------------------------------------------------
 --------------- cycle=   400 ------ stepsize=    0.0010 -----------------------
 | Etotal =12576.786  grad(E)=13.056     E(BOND)=219.966    E(ANGL)=1110.621   |
 | E(DIHE)=164.435    E(IMPR)=81.812     E(VDW )=10999.952                     |
 -------------------------------------------------------------------------------
 --------------- cycle=   450 ------ stepsize=    0.0010 -----------------------
 | Etotal =12576.785  grad(E)=13.056     E(BOND)=219.956    E(ANGL)=1110.632   |
 | E(DIHE)=164.437    E(IMPR)=81.812     E(VDW )=10999.948                     |
 -------------------------------------------------------------------------------
 --------------- cycle=   500 ------ stepsize=    0.0012 -----------------------
 | Etotal =12576.785  grad(E)=13.056     E(BOND)=219.957    E(ANGL)=1110.634   |
 | E(DIHE)=164.438    E(IMPR)=81.812     E(VDW )=10999.944                     |
 -------------------------------------------------------------------------------
 POWELL: STEP number limit. Normal termination
 POWELL: Current coordinates set to last minimum
 POWELL: number of degrees of freedom= 18075
 NBONDS: found   660804 intra-atom interactions
 --------------- cycle=     5 ------ stepsize=    0.0007 -----------------------
 | Etotal =12422.319  grad(E)=13.041     E(BOND)=219.441    E(ANGL)=1110.212   |
 | E(DIHE)=164.507    E(IMPR)=81.765     E(VDW )=10846.395                     |
 -------------------------------------------------------------------------------
 --------------- cycle=    10 ------ stepsize=    0.0013 -----------------------
 | Etotal =12415.458  grad(E)=13.032     E(BOND)=219.623    E(ANGL)=1109.103   |
 | E(DIHE)=164.481    E(IMPR)=81.600     E(VDW )=10840.651                     |
 -------------------------------------------------------------------------------
 --------------- cycle=    15 ------ stepsize=   -0.0006 -----------------------
 | Etotal =12412.718  grad(E)=13.035     E(BOND)=219.401    E(ANGL)=1109.909   |
 | E(DIHE)=164.416    E(IMPR)=81.685     E(VDW )=10837.307                     |
 -------------------------------------------------------------------------------
 --------------- cycle=    20 ------ stepsize=    0.0008 -----------------------
 | Etotal =12411.950  grad(E)=13.029     E(BOND)=219.518    E(ANGL)=1109.215   |
 | E(DIHE)=164.401    E(IMPR)=81.597     E(VDW )=10837.219                     |
 -------------------------------------------------------------------------------
 --------------- cycle=    25 ------ stepsize=    0.0005 -----------------------
 | Etotal =12411.524  grad(E)=13.036     E(BOND)=219.496    E(ANGL)=1109.703   |
 | E(DIHE)=164.305    E(IMPR)=81.623     E(VDW )=10836.397                     |
 -------------------------------------------------------------------------------
 --------------- cycle=    30 ------ stepsize=    0.0012 -----------------------
 | Etotal =12410.832  grad(E)=13.033     E(BOND)=219.513    E(ANGL)=1109.326   |
 | E(DIHE)=164.135    E(IMPR)=81.634     E(VDW )=10836.224                     |
 -------------------------------------------------------------------------------
 --------------- cycle=    35 ------ stepsize=   -0.0003 -----------------------
 | Etotal =12410.640  grad(E)=13.029     E(BOND)=219.482    E(ANGL)=1109.165   |
 | E(DIHE)=164.083    E(IMPR)=81.587     E(VDW )=10836.323                     |
 -------------------------------------------------------------------------------
 --------------- cycle=    40 ------ stepsize=    0.0011 -----------------------
 | Etotal =12410.437  grad(E)=13.031     E(BOND)=219.469    E(ANGL)=1109.235   |
 | E(DIHE)=163.879    E(IMPR)=81.594     E(VDW )=10836.260                     |
 -------------------------------------------------------------------------------
 --------------- cycle=    45 ------ stepsize=   -0.0002 -----------------------
 | Etotal =12410.180  grad(E)=13.029     E(BOND)=219.503    E(ANGL)=1108.998   |
 | E(DIHE)=163.514    E(IMPR)=81.615     E(VDW )=10836.549                     |
 -------------------------------------------------------------------------------
 --------------- cycle=    50 ------ stepsize=    0.0009 -----------------------
 | Etotal =12409.957  grad(E)=13.031     E(BOND)=219.488    E(ANGL)=1109.171   |
 | E(DIHE)=163.265    E(IMPR)=81.596     E(VDW )=10836.437                     |
 -------------------------------------------------------------------------------
 POWELL: STEP number limit. Normal termination
 POWELL: Current coordinates set to last minimum
 %PARRDR-info: duplication of bond HC   NC2 
 %PARRDR-info: duplication of angle CH2E C    NH1 
 %PARRDR-info: duplication of angle CH2P CH2E HA  
 POWELL: number of degrees of freedom= 18075
 NBONDS: generating intra-molecular exclusion list with mode= 5
 MAKINB: mode   5 found  17446 exclusions and  17627 interactions(1-4)
 NBONDS: found   873693 intra-atom interactions
 POWELL: Line search terminated
 POWELL: Current coordinates set to last minimum
 --------------- cycle=     1 --------------------------------------------------
 | Etotal =164.192    grad(E)=5.759      E(BOND)=36.114     E(ANGL)=422.569    |
 | E(DIHE)=160.922    E(IMPR)=33.208     E(VDW )=-489.582   E(ELEC)=0.961      |
 -------------------------------------------------------------------------------
 SURFAC: half the sigma value being used for atomic radii.
 SURFAC: ACCEssible surface area
 SURFAC: ACCUracy= 0.07 RH2O=  1.40
         Z-grid=  0.32 number-of-Z-sections=  224
         measures-of-arc= 91283 and150133
 SURFAC: half the sigma value being used for atomic radii.
 SURFAC: ACCEssible surface area
 SURFAC: ACCUracy= 0.07 RH2O=  1.40
         Z-grid=  0.32 number-of-Z-sections=  144
         measures-of-arc= 25636 and 45195
 SURFAC: half the sigma value being used for atomic radii.
 SURFAC: ACCEssible surface area
 SURFAC: ACCUracy= 0.07 RH2O=  1.40
         Z-grid=  0.32 number-of-Z-sections=  224
         measures-of-arc=118841 and195622
 %PARRDR-info: duplication of bond HC   NC2 
 %PARRDR-info: duplication of angle CH2E C    NH1 
 %PARRDR-info: duplication of angle CH2P CH2E HA  
 NBONDS: generating intra-molecular exclusion list with mode= 5
 MAKINB: mode   5 found      5 exclusions and     10 interactions(1-4)
 NBONDS: found     2034 intra-atom interactions
 --------------- cycle=     2 --------------------------------------------------
 | Etotal =-49.737    grad(E)=0.247      E(VDW )=-4.662     E(ELEC)=-45.074    |
 -------------------------------------------------------------------------------
 NBONDS: generating intra-molecular exclusion list with mode= 5
 MAKINB: mode   5 found     10 exclusions and     20 interactions(1-4)
 NBONDS: found     2426 intra-atom interactions
 --------------- cycle=     3 --------------------------------------------------
 | Etotal =-77.186    grad(E)=0.242      E(VDW )=-5.265     E(ELEC)=-71.922    |
 -------------------------------------------------------------------------------
 NBONDS: generating intra-molecular exclusion list with mode= 5
 MAKINB: mode   5 found     10 exclusions and     20 interactions(1-4)
 NBONDS: found     3323 intra-atom interactions
 --------------- cycle=     4 --------------------------------------------------
 | Etotal =-118.299   grad(E)=0.344      E(VDW )=-12.754    E(ELEC)=-105.545   |
 -------------------------------------------------------------------------------
 NBONDS: generating intra-molecular exclusion list with mode= 5
 MAKINB: mode   5 found     10 exclusions and     20 interactions(1-4)
 NBONDS: found     2771 intra-atom interactions
 --------------- cycle=     5 --------------------------------------------------
 | Etotal =-87.115    grad(E)=0.167      E(VDW )=-9.529     E(ELEC)=-77.586    |
 -------------------------------------------------------------------------------
 NBONDS: generating intra-molecular exclusion list with mode= 5
 MAKINB: mode   5 found     10 exclusions and     20 interactions(1-4)
 NBONDS: found     3264 intra-atom interactions
 --------------- cycle=     6 --------------------------------------------------
 | Etotal =-92.035    grad(E)=0.187      E(VDW )=-11.665    E(ELEC)=-80.370    |
 -------------------------------------------------------------------------------
 NBONDS: generating intra-molecular exclusion list with mode= 5
 MAKINB: mode   5 found     10 exclusions and     20 interactions(1-4)
 NBONDS: found     3563 intra-atom interactions
 --------------- cycle=     7 --------------------------------------------------
 | Etotal =-91.005    grad(E)=0.190      E(VDW )=-12.349    E(ELEC)=-78.656    |
 -------------------------------------------------------------------------------
 NBONDS: generating intra-molecular exclusion list with mode= 5
 MAKINB: mode   5 found     10 exclusions and     20 interactions(1-4)
 NBONDS: found     5338 intra-atom interactions
 --------------- cycle=     8 --------------------------------------------------
 | Etotal =-94.920    grad(E)=0.206      E(VDW )=-18.189    E(ELEC)=-76.731    |
 -------------------------------------------------------------------------------
 NBONDS: generating intra-molecular exclusion list with mode= 5
 MAKINB: mode   5 found     10 exclusions and     20 interactions(1-4)
 NBONDS: found     5220 intra-atom interactions
 --------------- cycle=     9 --------------------------------------------------
 | Etotal =-103.025   grad(E)=0.195      E(VDW )=-14.710    E(ELEC)=-88.315    |
 -------------------------------------------------------------------------------
 NBONDS: generating intra-molecular exclusion list with mode= 5
 MAKINB: mode   5 found     10 exclusions and     20 interactions(1-4)
 NBONDS: found     2391 intra-atom interactions
 --------------- cycle=    10 --------------------------------------------------
 | Etotal =-88.985    grad(E)=0.158      E(VDW )=-9.712     E(ELEC)=-79.272    |
 -------------------------------------------------------------------------------
 NBONDS: generating intra-molecular exclusion list with mode= 5
 MAKINB: mode   5 found     10 exclusions and     20 interactions(1-4)
 NBONDS: found     3941 intra-atom interactions
 --------------- cycle=    11 --------------------------------------------------
 | Etotal =-169.188   grad(E)=0.538      E(VDW )=-14.584    E(ELEC)=-154.604   |
 -------------------------------------------------------------------------------
 NBONDS: generating intra-molecular exclusion list with mode= 5
 MAKINB: mode   5 found     10 exclusions and     20 interactions(1-4)
 NBONDS: found     5410 intra-atom interactions
 --------------- cycle=    12 --------------------------------------------------
 | Etotal =-102.790   grad(E)=0.263      E(VDW )=-15.052    E(ELEC)=-87.738    |
 -------------------------------------------------------------------------------
 NBONDS: generating intra-molecular exclusion list with mode= 5
 MAKINB: mode   5 found     10 exclusions and     20 interactions(1-4)
 NBONDS: found     3699 intra-atom interactions
 --------------- cycle=    13 --------------------------------------------------
 | Etotal =-111.882   grad(E)=0.283      E(VDW )=-12.757    E(ELEC)=-99.126    |
 -------------------------------------------------------------------------------
 NBONDS: generating intra-molecular exclusion list with mode= 5
 MAKINB: mode   5 found     10 exclusions and     20 interactions(1-4)
 NBONDS: found     4309 intra-atom interactions
 --------------- cycle=    14 --------------------------------------------------
 | Etotal =-84.691    grad(E)=0.147      E(VDW )=-13.129    E(ELEC)=-71.561    |
 -------------------------------------------------------------------------------
 NBONDS: generating intra-molecular exclusion list with mode= 5
 MAKINB: mode   5 found     10 exclusions and     20 interactions(1-4)
 NBONDS: found     5221 intra-atom interactions
 --------------- cycle=    15 --------------------------------------------------
 | Etotal =-181.487   grad(E)=0.544      E(VDW )=-10.430    E(ELEC)=-171.057   |
 -------------------------------------------------------------------------------
 NBONDS: generating intra-molecular exclusion list with mode= 5
 MAKINB: mode   5 found     10 exclusions and     20 interactions(1-4)
 NBONDS: found     2722 intra-atom interactions
 --------------- cycle=    16 --------------------------------------------------
 | Etotal =-97.105    grad(E)=0.279      E(VDW )=-3.374     E(ELEC)=-93.731    |
 -------------------------------------------------------------------------------
 NBONDS: generating intra-molecular exclusion list with mode= 5
 MAKINB: mode   5 found     10 exclusions and     20 interactions(1-4)
 NBONDS: found     4139 intra-atom interactions
 --------------- cycle=    17 --------------------------------------------------
 | Etotal =-214.677   grad(E)=0.682      E(VDW )=-12.063    E(ELEC)=-202.614   |
 -------------------------------------------------------------------------------
 NBONDS: generating intra-molecular exclusion list with mode= 5
 MAKINB: mode   5 found     10 exclusions and     20 interactions(1-4)
 NBONDS: found     3226 intra-atom interactions
 --------------- cycle=    18 --------------------------------------------------
 | Etotal =-133.595   grad(E)=0.423      E(VDW )=-9.902     E(ELEC)=-123.693   |
 -------------------------------------------------------------------------------
 NBONDS: generating intra-molecular exclusion list with mode= 5
 MAKINB: mode   5 found     10 exclusions and     20 interactions(1-4)
 NBONDS: found     4456 intra-atom interactions
 --------------- cycle=    19 --------------------------------------------------
 | Etotal =-94.428    grad(E)=0.183      E(VDW )=-12.096    E(ELEC)=-82.332    |
 -------------------------------------------------------------------------------
 NBONDS: generating intra-molecular exclusion list with mode= 5
 MAKINB: mode   5 found     10 exclusions and     20 interactions(1-4)
 NBONDS: found     5904 intra-atom interactions
 --------------- cycle=    20 --------------------------------------------------
 | Etotal =-117.306   grad(E)=0.310      E(VDW )=-22.023    E(ELEC)=-95.283    |
 -------------------------------------------------------------------------------
 NBONDS: generating intra-molecular exclusion list with mode= 5
 MAKINB: mode   5 found     10 exclusions and     20 interactions(1-4)
 NBONDS: found     3305 intra-atom interactions
 --------------- cycle=    21 --------------------------------------------------
 | Etotal =-89.127    grad(E)=0.353      E(VDW )=-10.403    E(ELEC)=-78.723    |
 -------------------------------------------------------------------------------
 NBONDS: generating intra-molecular exclusion list with mode= 5
 MAKINB: mode   5 found     10 exclusions and     20 interactions(1-4)
 NBONDS: found     4520 intra-atom interactions
 --------------- cycle=    22 --------------------------------------------------
 | Etotal =-91.473    grad(E)=0.193      E(VDW )=-12.075    E(ELEC)=-79.398    |
 -------------------------------------------------------------------------------
 NBONDS: generating intra-molecular exclusion list with mode= 5
 MAKINB: mode   5 found     10 exclusions and     20 interactions(1-4)
 NBONDS: found     2994 intra-atom interactions
 --------------- cycle=    23 --------------------------------------------------
 | Etotal =-96.813    grad(E)=0.218      E(VDW )=-7.737     E(ELEC)=-89.076    |
 -------------------------------------------------------------------------------
 NBONDS: generating intra-molecular exclusion list with mode= 5
 MAKINB: mode   5 found     10 exclusions and     20 interactions(1-4)
 NBONDS: found     3103 intra-atom interactions
 --------------- cycle=    24 --------------------------------------------------
 | Etotal =-89.455    grad(E)=0.178      E(VDW )=-12.366    E(ELEC)=-77.089    |
 -------------------------------------------------------------------------------
 NBONDS: generating intra-molecular exclusion list with mode= 5
 MAKINB: mode   5 found     10 exclusions and     20 interactions(1-4)
 NBONDS: found     2618 intra-atom interactions
 --------------- cycle=    25 --------------------------------------------------
 | Etotal =-96.012    grad(E)=0.186      E(VDW )=-10.998    E(ELEC)=-85.013    |
 -------------------------------------------------------------------------------
 NBONDS: generating intra-molecular exclusion list with mode= 5
 MAKINB: mode   5 found     10 exclusions and     20 interactions(1-4)
 NBONDS: found     2051 intra-atom interactions
 --------------- cycle=    26 --------------------------------------------------
 | Etotal =-94.305    grad(E)=0.248      E(VDW )=-7.602     E(ELEC)=-86.704    |
 -------------------------------------------------------------------------------
 NBONDS: generating intra-molecular exclusion list with mode= 5
 MAKINB: mode   5 found     10 exclusions and     20 interactions(1-4)
 NBONDS: found     2995 intra-atom interactions
 --------------- cycle=    27 --------------------------------------------------
 | Etotal =-82.663    grad(E)=0.167      E(VDW )=-11.706    E(ELEC)=-70.957    |
 -------------------------------------------------------------------------------
 NBONDS: generating intra-molecular exclusion list with mode= 5
 MAKINB: mode   5 found     10 exclusions and     20 interactions(1-4)
 NBONDS: found     4911 intra-atom interactions
 --------------- cycle=    28 --------------------------------------------------
 | Etotal =-85.016    grad(E)=0.137      E(VDW )=-18.682    E(ELEC)=-66.334    |
 -------------------------------------------------------------------------------
 NBONDS: generating intra-molecular exclusion list with mode= 5
 MAKINB: mode   5 found     10 exclusions and     20 interactions(1-4)
 NBONDS: found     4234 intra-atom interactions
 --------------- cycle=    29 --------------------------------------------------
 | Etotal =-73.962    grad(E)=0.222      E(VDW )=-9.068     E(ELEC)=-64.895    |
 -------------------------------------------------------------------------------
 NBONDS: generating intra-molecular exclusion list with mode= 5
 MAKINB: mode   5 found     10 exclusions and     20 interactions(1-4)
 NBONDS: found     3024 intra-atom interactions
 --------------- cycle=    30 --------------------------------------------------
 | Etotal =-78.345    grad(E)=0.273      E(VDW )=-3.375     E(ELEC)=-74.970    |
 -------------------------------------------------------------------------------
 NBONDS: generating intra-molecular exclusion list with mode= 5
 MAKINB: mode   5 found     10 exclusions and     20 interactions(1-4)
 NBONDS: found     2061 intra-atom interactions
 --------------- cycle=    31 --------------------------------------------------
 | Etotal =-71.847    grad(E)=0.312      E(VDW )=3.071      E(ELEC)=-74.918    |
 -------------------------------------------------------------------------------
 NBONDS: generating intra-molecular exclusion list with mode= 5
 MAKINB: mode   5 found     10 exclusions and     20 interactions(1-4)
 NBONDS: found     1482 intra-atom interactions
 --------------- cycle=    32 --------------------------------------------------
 | Etotal =-81.957    grad(E)=0.300      E(VDW )=3.057      E(ELEC)=-85.014    |
 -------------------------------------------------------------------------------
 NBONDS: generating intra-molecular exclusion list with mode= 5
 MAKINB: mode   5 found     10 exclusions and     20 interactions(1-4)
 NBONDS: found     5594 intra-atom interactions
 --------------- cycle=    33 --------------------------------------------------
 | Etotal =-88.281    grad(E)=0.199      E(VDW )=-17.538    E(ELEC)=-70.743    |
 -------------------------------------------------------------------------------
 NBONDS: generating intra-molecular exclusion list with mode= 5
 MAKINB: mode   5 found     10 exclusions and     20 interactions(1-4)
 NBONDS: found     1790 intra-atom interactions
 --------------- cycle=    34 --------------------------------------------------
 | Etotal =-74.383    grad(E)=0.150      E(VDW )=-7.380     E(ELEC)=-67.003    |
 -------------------------------------------------------------------------------
 NBONDS: generating intra-molecular exclusion list with mode= 5
 MAKINB: mode   5 found     10 exclusions and     20 interactions(1-4)
 NBONDS: found     2694 intra-atom interactions
 --------------- cycle=    35 --------------------------------------------------
 | Etotal =-79.467    grad(E)=0.208      E(VDW )=-12.537    E(ELEC)=-66.930    |
 -------------------------------------------------------------------------------
 NBONDS: generating intra-molecular exclusion list with mode= 5
 MAKINB: mode   5 found     10 exclusions and     20 interactions(1-4)
 NBONDS: found     4920 intra-atom interactions
 --------------- cycle=    36 --------------------------------------------------
 | Etotal =-107.800   grad(E)=0.199      E(VDW )=-21.983    E(ELEC)=-85.817    |
 -------------------------------------------------------------------------------
 NBONDS: generating intra-molecular exclusion list with mode= 5
 MAKINB: mode   5 found     10 exclusions and     20 interactions(1-4)
 NBONDS: found     2126 intra-atom interactions
 --------------- cycle=    37 --------------------------------------------------
 | Etotal =-80.077    grad(E)=0.238      E(VDW )=-4.503     E(ELEC)=-75.574    |
 -------------------------------------------------------------------------------
 NBONDS: generating intra-molecular exclusion list with mode= 5
 MAKINB: mode   5 found     10 exclusions and     20 interactions(1-4)
 NBONDS: found     6453 intra-atom interactions
 --------------- cycle=    38 --------------------------------------------------
 | Etotal =-206.813   grad(E)=0.502      E(VDW )=-11.729    E(ELEC)=-195.084   |
 -------------------------------------------------------------------------------
 NBONDS: generating intra-molecular exclusion list with mode= 5
 MAKINB: mode   5 found     10 exclusions and     20 interactions(1-4)
 NBONDS: found     3603 intra-atom interactions
 --------------- cycle=    39 --------------------------------------------------
 | Etotal =-79.639    grad(E)=0.204      E(VDW )=-9.687     E(ELEC)=-69.952    |
 -------------------------------------------------------------------------------
 NBONDS: generating intra-molecular exclusion list with mode= 5
 MAKINB: mode   5 found     10 exclusions and     20 interactions(1-4)
 NBONDS: found     3728 intra-atom interactions
 --------------- cycle=    40 --------------------------------------------------
 | Etotal =-134.587   grad(E)=0.500      E(VDW )=-17.989    E(ELEC)=-116.598   |
 -------------------------------------------------------------------------------
 NBONDS: generating intra-molecular exclusion list with mode= 5
 MAKINB: mode   5 found     10 exclusions and     20 interactions(1-4)
 NBONDS: found     6035 intra-atom interactions
 --------------- cycle=    41 --------------------------------------------------
 | Etotal =-80.243    grad(E)=0.283      E(VDW )=-20.635    E(ELEC)=-59.608    |
 -------------------------------------------------------------------------------
 NBONDS: generating intra-molecular exclusion list with mode= 5
 MAKINB: mode   5 found     10 exclusions and     20 interactions(1-4)
 NBONDS: found     6647 intra-atom interactions
 --------------- cycle=    42 --------------------------------------------------
 | Etotal =-169.322   grad(E)=0.533      E(VDW )=-24.719    E(ELEC)=-144.602   |
 -------------------------------------------------------------------------------
 NBONDS: generating intra-molecular exclusion list with mode= 5
 MAKINB: mode   5 found     10 exclusions and     20 interactions(1-4)
 NBONDS: found     2654 intra-atom interactions
 --------------- cycle=    43 --------------------------------------------------
 | Etotal =-94.015    grad(E)=0.274      E(VDW )=-6.490     E(ELEC)=-87.525    |
 -------------------------------------------------------------------------------
 NBONDS: generating intra-molecular exclusion list with mode= 5
 MAKINB: mode   5 found     10 exclusions and     20 interactions(1-4)
 NBONDS: found     2587 intra-atom interactions
 --------------- cycle=    44 --------------------------------------------------
 | Etotal =-73.554    grad(E)=0.134      E(VDW )=-5.777     E(ELEC)=-67.777    |
 -------------------------------------------------------------------------------
 NBONDS: generating intra-molecular exclusion list with mode= 5
 MAKINB: mode   5 found     10 exclusions and     20 interactions(1-4)
 NBONDS: found     6128 intra-atom interactions
 --------------- cycle=    45 --------------------------------------------------
 | Etotal =-200.939   grad(E)=0.483      E(VDW )=-15.968    E(ELEC)=-184.971   |
 -------------------------------------------------------------------------------
 NBONDS: generating intra-molecular exclusion list with mode= 5
 MAKINB: mode   5 found     10 exclusions and     20 interactions(1-4)
 NBONDS: found     6372 intra-atom interactions
 --------------- cycle=    46 --------------------------------------------------
 | Etotal =-197.751   grad(E)=0.561      E(VDW )=-19.746    E(ELEC)=-178.005   |
 -------------------------------------------------------------------------------
 NBONDS: generating intra-molecular exclusion list with mode= 5
 MAKINB: mode   5 found     10 exclusions and     20 interactions(1-4)
 NBONDS: found     2559 intra-atom interactions
 --------------- cycle=    47 --------------------------------------------------
 | Etotal =-163.290   grad(E)=0.550      E(VDW )=-6.081     E(ELEC)=-157.209   |
 -------------------------------------------------------------------------------
 NBONDS: generating intra-molecular exclusion list with mode= 5
 MAKINB: mode   5 found     10 exclusions and     20 interactions(1-4)
 NBONDS: found     4861 intra-atom interactions
 --------------- cycle=    48 --------------------------------------------------
 | Etotal =-111.182   grad(E)=0.293      E(VDW )=-10.008    E(ELEC)=-101.175   |
 -------------------------------------------------------------------------------
 NBONDS: generating intra-molecular exclusion list with mode= 5
 MAKINB: mode   5 found     10 exclusions and     20 interactions(1-4)
 NBONDS: found     4959 intra-atom interactions
 --------------- cycle=    49 --------------------------------------------------
 | Etotal =-94.696    grad(E)=0.222      E(VDW )=-22.277    E(ELEC)=-72.419    |
 -------------------------------------------------------------------------------
 NBONDS: generating intra-molecular exclusion list with mode= 5
 MAKINB: mode   5 found     10 exclusions and     20 interactions(1-4)
 NBONDS: found     1548 intra-atom interactions
 --------------- cycle=    50 --------------------------------------------------
 | Etotal =-56.782    grad(E)=0.136      E(VDW )=-2.925     E(ELEC)=-53.857    |
 -------------------------------------------------------------------------------
 NBONDS: generating intra-molecular exclusion list with mode= 5
 MAKINB: mode   5 found     10 exclusions and     20 interactions(1-4)
 NBONDS: found     1017 intra-atom interactions
 --------------- cycle=    51 --------------------------------------------------
 | Etotal =-61.162    grad(E)=0.140      E(VDW )=-3.252     E(ELEC)=-57.910    |
 -------------------------------------------------------------------------------
 NBONDS: generating intra-molecular exclusion list with mode= 5
 MAKINB: mode   5 found     10 exclusions and     20 interactions(1-4)
 NBONDS: found     1474 intra-atom interactions
 --------------- cycle=    52 --------------------------------------------------
 | Etotal =-79.485    grad(E)=0.208      E(VDW )=-8.564     E(ELEC)=-70.921    |
 -------------------------------------------------------------------------------
 NBONDS: generating intra-molecular exclusion list with mode= 5
 MAKINB: mode   5 found     10 exclusions and     20 interactions(1-4)
 NBONDS: found     3146 intra-atom interactions
 --------------- cycle=    53 --------------------------------------------------
 | Etotal =-98.446    grad(E)=0.283      E(VDW )=-18.537    E(ELEC)=-79.910    |
 -------------------------------------------------------------------------------
 NBONDS: generating intra-molecular exclusion list with mode= 5
 MAKINB: mode   5 found     10 exclusions and     20 interactions(1-4)
 NBONDS: found     3834 intra-atom interactions
 --------------- cycle=    54 --------------------------------------------------
 | Etotal =-98.833    grad(E)=0.339      E(VDW )=-15.898    E(ELEC)=-82.935    |
 -------------------------------------------------------------------------------
 NBONDS: generating intra-molecular exclusion list with mode= 5
 MAKINB: mode   5 found     10 exclusions and     20 interactions(1-4)
 NBONDS: found     6293 intra-atom interactions
 --------------- cycle=    55 --------------------------------------------------
 | Etotal =-101.942   grad(E)=0.170      E(VDW )=-28.244    E(ELEC)=-73.699    |
 -------------------------------------------------------------------------------
 NBONDS: generating intra-molecular exclusion list with mode= 5
 MAKINB: mode   5 found     10 exclusions and     20 interactions(1-4)
 NBONDS: found     5499 intra-atom interactions
 --------------- cycle=    56 --------------------------------------------------
 | Etotal =-103.305   grad(E)=0.212      E(VDW )=-18.687    E(ELEC)=-84.618    |
 -------------------------------------------------------------------------------
 NBONDS: generating intra-molecular exclusion list with mode= 5
 MAKINB: mode   5 found     10 exclusions and     20 interactions(1-4)
 NBONDS: found     5500 intra-atom interactions
 --------------- cycle=    57 --------------------------------------------------
 | Etotal =-94.803    grad(E)=0.120      E(VDW )=-24.638    E(ELEC)=-70.165    |
 -------------------------------------------------------------------------------
 NBONDS: generating intra-molecular exclusion list with mode= 5
 MAKINB: mode   5 found     10 exclusions and     20 interactions(1-4)
 NBONDS: found     5336 intra-atom interactions
 --------------- cycle=    58 --------------------------------------------------
 | Etotal =-94.675    grad(E)=0.273      E(VDW )=-11.905    E(ELEC)=-82.770    |
 -------------------------------------------------------------------------------
 NBONDS: generating intra-molecular exclusion list with mode= 5
 MAKINB: mode   5 found     10 exclusions and     20 interactions(1-4)
 NBONDS: found     3390 intra-atom interactions
 --------------- cycle=    59 --------------------------------------------------
 | Etotal =-76.506    grad(E)=0.213      E(VDW )=-12.177    E(ELEC)=-64.330    |
 -------------------------------------------------------------------------------
 NBONDS: generating intra-molecular exclusion list with mode= 5
 MAKINB: mode   5 found     10 exclusions and     20 interactions(1-4)
 NBONDS: found     2317 intra-atom interactions
 --------------- cycle=    60 --------------------------------------------------
 | Etotal =-79.298    grad(E)=0.152      E(VDW )=-9.943     E(ELEC)=-69.355    |
 -------------------------------------------------------------------------------
 NBONDS: generating intra-molecular exclusion list with mode= 5
 MAKINB: mode   5 found     10 exclusions and     20 interactions(1-4)
 NBONDS: found     1078 intra-atom interactions
 --------------- cycle=    61 --------------------------------------------------
 | Etotal =-70.636    grad(E)=0.147      E(VDW )=-4.485     E(ELEC)=-66.151    |
 -------------------------------------------------------------------------------
 NBONDS: generating intra-molecular exclusion list with mode= 5
 MAKINB: mode   5 found     10 exclusions and     20 interactions(1-4)
 NBONDS: found      947 intra-atom interactions
 --------------- cycle=    62 --------------------------------------------------
 | Etotal =-72.395    grad(E)=0.116      E(VDW )=-4.454     E(ELEC)=-67.941    |
 -------------------------------------------------------------------------------
 NBONDS: generating intra-molecular exclusion list with mode= 5
 MAKINB: mode   5 found     10 exclusions and     23 interactions(1-4)
 NBONDS: found     1988 intra-atom interactions
 --------------- cycle=    63 --------------------------------------------------
 | Etotal =-68.921    grad(E)=0.201      E(VDW )=-7.260     E(ELEC)=-61.660    |
 -------------------------------------------------------------------------------
 NBONDS: generating intra-molecular exclusion list with mode= 5
 MAKINB: mode   5 found     10 exclusions and     20 interactions(1-4)
 NBONDS: found     1142 intra-atom interactions
 --------------- cycle=    64 --------------------------------------------------
 | Etotal =-64.319    grad(E)=0.137      E(VDW )=-6.152     E(ELEC)=-58.167    |
 -------------------------------------------------------------------------------
 NBONDS: generating intra-molecular exclusion list with mode= 5
 MAKINB: mode   5 found     10 exclusions and     20 interactions(1-4)
 NBONDS: found     3634 intra-atom interactions
 --------------- cycle=    65 --------------------------------------------------
 | Etotal =-73.999    grad(E)=0.213      E(VDW )=-10.253    E(ELEC)=-63.746    |
 -------------------------------------------------------------------------------
 NBONDS: generating intra-molecular exclusion list with mode= 5
 MAKINB: mode   5 found     10 exclusions and     20 interactions(1-4)
 NBONDS: found     3342 intra-atom interactions
 --------------- cycle=    66 --------------------------------------------------
 | Etotal =-101.369   grad(E)=0.230      E(VDW )=-14.048    E(ELEC)=-87.320    |
 -------------------------------------------------------------------------------
 NBONDS: generating intra-molecular exclusion list with mode= 5
 MAKINB: mode   5 found     10 exclusions and     20 interactions(1-4)
 NBONDS: found     5513 intra-atom interactions
 --------------- cycle=    67 --------------------------------------------------
 | Etotal =-105.801   grad(E)=0.172      E(VDW )=-26.931    E(ELEC)=-78.870    |
 -------------------------------------------------------------------------------
 NBONDS: generating intra-molecular exclusion list with mode= 5
 MAKINB: mode   5 found     10 exclusions and     23 interactions(1-4)
 NBONDS: found     3758 intra-atom interactions
 --------------- cycle=    68 --------------------------------------------------
 | Etotal =-65.179    grad(E)=0.139      E(VDW )=-13.922    E(ELEC)=-51.257    |
 -------------------------------------------------------------------------------
 NBONDS: generating intra-molecular exclusion list with mode= 5
 MAKINB: mode   5 found     10 exclusions and     23 interactions(1-4)
 NBONDS: found     3977 intra-atom interactions
 --------------- cycle=    69 --------------------------------------------------
 | Etotal =-87.033    grad(E)=0.168      E(VDW )=-16.310    E(ELEC)=-70.723    |
 -------------------------------------------------------------------------------
 NBONDS: generating intra-molecular exclusion list with mode= 5
 MAKINB: mode   5 found     10 exclusions and     20 interactions(1-4)
 NBONDS: found     4771 intra-atom interactions
 --------------- cycle=    70 --------------------------------------------------
 | Etotal =-76.345    grad(E)=0.128      E(VDW )=-17.066    E(ELEC)=-59.279    |
 -------------------------------------------------------------------------------
 NBONDS: generating intra-molecular exclusion list with mode= 5
 MAKINB: mode   5 found     10 exclusions and     20 interactions(1-4)
 NBONDS: found     4431 intra-atom interactions
 --------------- cycle=    71 --------------------------------------------------
 | Etotal =-97.186    grad(E)=0.173      E(VDW )=-19.173    E(ELEC)=-78.014    |
 -------------------------------------------------------------------------------
 NBONDS: generating intra-molecular exclusion list with mode= 5
 MAKINB: mode   5 found     10 exclusions and     20 interactions(1-4)
 NBONDS: found     2607 intra-atom interactions
 --------------- cycle=    72 --------------------------------------------------
 | Etotal =-68.956    grad(E)=0.120      E(VDW )=-12.214    E(ELEC)=-56.742    |
 -------------------------------------------------------------------------------
 NBONDS: generating intra-molecular exclusion list with mode= 5
 MAKINB: mode   5 found     10 exclusions and     20 interactions(1-4)
 NBONDS: found     6374 intra-atom interactions
 --------------- cycle=    73 --------------------------------------------------
 | Etotal =-101.241   grad(E)=0.321      E(VDW )=-20.121    E(ELEC)=-81.121    |
 -------------------------------------------------------------------------------
 NBONDS: generating intra-molecular exclusion list with mode= 5
 MAKINB: mode   5 found     10 exclusions and     20 interactions(1-4)
 NBONDS: found     2072 intra-atom interactions
 --------------- cycle=    74 --------------------------------------------------
 | Etotal =-86.772    grad(E)=0.169      E(VDW )=-6.591     E(ELEC)=-80.181    |
 -------------------------------------------------------------------------------
 NBONDS: generating intra-molecular exclusion list with mode= 5
 MAKINB: mode   5 found     10 exclusions and     20 interactions(1-4)
 NBONDS: found     6382 intra-atom interactions
 --------------- cycle=    75 --------------------------------------------------
 | Etotal =-102.203   grad(E)=0.163      E(VDW )=-27.708    E(ELEC)=-74.495    |
 -------------------------------------------------------------------------------
 NBONDS: generating intra-molecular exclusion list with mode= 5
 MAKINB: mode   5 found     10 exclusions and     23 interactions(1-4)
 NBONDS: found     4744 intra-atom interactions
 --------------- cycle=    76 --------------------------------------------------
 | Etotal =-85.293    grad(E)=0.195      E(VDW )=-19.645    E(ELEC)=-65.648    |
 -------------------------------------------------------------------------------
 NBONDS: generating intra-molecular exclusion list with mode= 5
 MAKINB: mode   5 found     10 exclusions and     23 interactions(1-4)
 NBONDS: found     3023 intra-atom interactions
 --------------- cycle=    77 --------------------------------------------------
 | Etotal =-85.050    grad(E)=0.169      E(VDW )=-9.447     E(ELEC)=-75.603    |
 -------------------------------------------------------------------------------
 NBONDS: generating intra-molecular exclusion list with mode= 5
 MAKINB: mode   5 found     10 exclusions and     20 interactions(1-4)
 NBONDS: found     3139 intra-atom interactions
 --------------- cycle=    78 --------------------------------------------------
 | Etotal =-82.535    grad(E)=0.232      E(VDW )=-9.718     E(ELEC)=-72.817    |
 -------------------------------------------------------------------------------
 NBONDS: generating intra-molecular exclusion list with mode= 5
 MAKINB: mode   5 found     10 exclusions and     20 interactions(1-4)
 NBONDS: found     4135 intra-atom interactions
 --------------- cycle=    79 --------------------------------------------------
 | Etotal =-85.379    grad(E)=0.207      E(VDW )=-16.860    E(ELEC)=-68.518    |
 -------------------------------------------------------------------------------
 NBONDS: generating intra-molecular exclusion list with mode= 5
 MAKINB: mode   5 found     10 exclusions and     20 interactions(1-4)
 NBONDS: found     1888 intra-atom interactions
 --------------- cycle=    80 --------------------------------------------------
 | Etotal =-72.445    grad(E)=0.216      E(VDW )=-2.566     E(ELEC)=-69.879    |
 -------------------------------------------------------------------------------
 NBONDS: generating intra-molecular exclusion list with mode= 5
 MAKINB: mode   5 found     10 exclusions and     20 interactions(1-4)
 NBONDS: found     2934 intra-atom interactions
 --------------- cycle=    81 --------------------------------------------------
 | Etotal =-75.522    grad(E)=0.185      E(VDW )=-8.519     E(ELEC)=-67.003    |
 -------------------------------------------------------------------------------
 NBONDS: generating intra-molecular exclusion list with mode= 5
 MAKINB: mode   5 found     10 exclusions and     20 interactions(1-4)
 NBONDS: found     1593 intra-atom interactions
 --------------- cycle=    82 --------------------------------------------------
 | Etotal =-73.849    grad(E)=0.198      E(VDW )=-5.007     E(ELEC)=-68.842    |
 -------------------------------------------------------------------------------
 NBONDS: generating intra-molecular exclusion list with mode= 5
 MAKINB: mode   5 found     10 exclusions and     20 interactions(1-4)
 NBONDS: found     5675 intra-atom interactions
 --------------- cycle=    83 --------------------------------------------------
 | Etotal =-110.752   grad(E)=0.264      E(VDW )=-21.102    E(ELEC)=-89.649    |
 -------------------------------------------------------------------------------
 NBONDS: generating intra-molecular exclusion list with mode= 5
 MAKINB: mode   5 found     10 exclusions and     23 interactions(1-4)
 NBONDS: found     4511 intra-atom interactions
 --------------- cycle=    84 --------------------------------------------------
 | Etotal =-108.777   grad(E)=0.222      E(VDW )=-19.347    E(ELEC)=-89.429    |
 -------------------------------------------------------------------------------
 HEAP: maximum use      =    22239160 current use      =       96000 bytes
 HEAP: maximum overhead =        2784 current overhead =         752 bytes
          ============================================================
           Maximum dynamic memory allocation:    22239160 bytes
           Maximum dynamic memory overhead:          2784 bytes
           Program started at: 19:00:04 on 10-Jun-2020
           Program stopped at: 19:00:30 on 10-Jun-2020
           CPU time used:      25.9375 seconds
          ============================================================
