          ============================================================
          |                                                          |
          |            Crystallography & NMR System (CNS)            |
          |                         CNSsolve                         |
          |                                                          |
          ============================================================
           Version: 1.3 at patch level U
           Status: Special UU release with Rg and paramagnetic
                   restraints (A. Bonvin, UU 2011)
          ============================================================
           Written by: A.T.Brunger, P.D.Adams, G.M.Clore, W.L.DeLano,
                       P.Gros, R.W.Grosse-Kunstleve,J.-S.Jiang,J.M.Krahn,
                       J.Kuszewski, M.Nilges, N.S.Pannu, R.J.Read,
                       L.M.Rice, G.F.Schroeder, T.Simonson, G.L.Warren.
           Copyright (c) 1997-2010 Yale University
          ============================================================
           Running on machine: hostname unknown (x86_64/Linux,64-bit)
           Program started by: joaor
           Program started at: 19:07:48 on 10-Jun-2020
          ============================================================

 FFT3C: Using FFTPACK4.1

 CNSsolve>! 
 CNSsolve>! Calculates pairwise energies between residues 
 CNSsolve>! Will only rebuild hydrogen atoms 
 CNSsolve>! 
 CNSsolve>! Adapted from HADDOCK protocols here and there. 
 CNSsolve>! JR & AMJJB @ 2020 
 CNSsolve>! 
 CNSsolve>define( 
 DEFINE>    {===>} auto_break=true; 
 DEFINE>    {===>} break_cutoff=2.5; 
 DEFINE>    {===>} dnaauto_break=true; 
 DEFINE>    {===>} dbreak_cutoff=4.5; 
 DEFINE>    {===>} auto_cispro=true; 
 DEFINE>    {===>} auto_disu=true; 
 DEFINE>    {===>} disulphide_dist=3.0; 
 DEFINE>    {===>} glyco_dist=2.75; 
 DEFINE>    {===>} coorin="molecule.pdb"; 
 DEFINE>    {===>} icutoff=5.0; 
 DEFINE>) 
 CNSsolve> 
 CNSsolve>! Mute (most) output 
 CNSsolve>set message=on echo=off end 
 ASSFIL: file merged.param opened.
 MESSage=NORM
 EVALUATE: symbol $OLD_MESSAGE set to "NORM" (string)
 ECHO=FALSe {OFF}
 EVALUATE: symbol $OLD_ECHO set to FALSE (logical)
 %PARRDR-info: duplication of bond HC   NC2 
 %PARRDR-info: duplication of angle CH2E C    NH1 
 %PARRDR-info: duplication of angle CH2P CH2E HA  
 ASSFIL: file merged.top opened.
 MESSage=NORM
 EVALUATE: symbol $OLD_MESSAGE set to "NORM" (string)
 ECHO=FALSe {OFF}
 EVALUATE: symbol $OLD_ECHO set to FALSE (logical)
 %RTFIO-warning: undefined masses in residue CYC 
 %RTFIO error encountered: there are undefined masses.
   (CNS is in mode: SET ABORT=NORMal END)
 MESSage=NORM
 EVALUATE: symbol $OLD_MESSAGE set to "NORM" (string)
 ECHO=FALSe {OFF}
 EVALUATE: symbol $OLD_ECHO set to FALSE (logical)
 ASSFIL: file protein_break.top opened.
 %RTFRDR-ERR: duplicate (P-)RESIdue name DPEP
 %RTFRDR-ERR: duplicate (P-)RESIdue name DPPP
 RTFRDR> 
 RTFRDR>end 
 CNSsolve> 
 CNSsolve>! Reset output muting 
 CNSsolve>set message=off echo=off end 
FOUND 7 NAG:ASN pairs
NAG:ASN bond added from   B    901  to   B    53  
NAG:ASN bond added from   B    903  to   B    90  
NAG:ASN bond added from   B    905  to   B    103 
NAG:ASN bond added from   B    907  to   B    322 
NAG:ASN bond added from   B    908  to   B    432 
NAG:ASN bond added from   B    910  to   B    546 
NAG:ASN bond added from   E    1401 to   E    343 
FOUND 7 NAG:NAG pairs
NAG:NAG B14 bond added from   B    902  to   B    901 
NAG:NAG B14 bond added from   B    904  to   B    903 
NAG:NAG B14 bond added from   B    906  to   B    905 
NAG:NAG B14 bond added from   B    909  to   B    908 
NAG:NAG B14 bond added from   B    911  to   B    910 
NAG:NAG B14 bond added from   E    1402 to   E    1401
NAG:NAG B14 bond added from   E    1403 to   E    1402
 %PARRDR-info: duplication of bond HC   NC2 
 %PARRDR-info: duplication of angle CH2E C    NH1 
 %PARRDR-info: duplication of angle CH2P CH2E HA  
 POWELL: number of degrees of freedom= 13770
 NBONDS: generating intra-molecular exclusion list with mode=-2
 MAKINB: mode  -2 found   4590 exclusions and      0 interactions(1-4)
 %atoms "B   -31  -LYS -HD1 " and "B   -31  -LYS -HE1 " only  0.09 A apart
 %atoms "B   -72  -PHE -HB1 " and "B   -72  -PHE -HE2 " only  0.09 A apart
 %atoms "B   -163 -TRP -CG  " and "B   -163 -TRP -HZ3 " only  0.08 A apart
 %atoms "B   -239 -HIS -HA  " and "B   -239 -HIS -CB  " only  0.07 A apart
 %atoms "B   -256 -ILE -HA  " and "B   -256 -ILE -HG22" only  0.05 A apart
 %atoms "B   -281 -LEU -HD11" and "B   -281 -LEU -HD13" only  0.07 A apart
 %atoms "B   -282 -THR -HA  " and "B   -282 -THR -HG22" only  0.09 A apart
 %atoms "B   -441 -LYS -HD2 " and "B   -441 -LYS -HE1 " only  0.09 A apart
 %atoms "B   -476 -LYS -HA  " and "B   -476 -LYS -HD2 " only  0.05 A apart
 %atoms "E   -465 -GLU -HB1 " and "E   -465 -GLU -HG2 " only  0.09 A apart
 %atoms "E   -511 -VAL -HG12" and "E   -511 -VAL -HG13" only  0.05 A apart
 NBONDS: found   695005 intra-atom interactions
 NBONDS: found       11 nonbonded violations
 %atoms "B   -31  -LYS -HD1 " and "B   -31  -LYS -HE1 " only  0.05 A apart
 %atoms "B   -73  -LEU -HA  " and "B   -73  -LEU -HD12" only  0.07 A apart
 %atoms "B   -143 -LEU -HB2 " and "B   -143 -LEU -HG  " only  0.08 A apart
 %atoms "B   -239 -HIS -HA  " and "B   -239 -HIS -CB  " only  0.05 A apart
 %atoms "B   -256 -ILE -HA  " and "B   -256 -ILE -HG22" only  0.08 A apart
 %atoms "B   -392 -LEU -HB1 " and "B   -392 -LEU -HD21" only  0.06 A apart
 %atoms "E   -342 -PHE -HD1 " and "E   -342 -PHE -HE2 " only  0.03 A apart
 %atoms "E   -465 -GLU -HB1 " and "E   -465 -GLU -HG2 " only  0.09 A apart
 NBONDS: found   695727 intra-atom interactions
 NBONDS: found        8 nonbonded violations
 %atoms "B   -166 -GLU -CB  " and "B   -166 -GLU -HG2 " only  0.10 A apart
 %atoms "B   -207 -TYR -HA  " and "B   -207 -TYR -HE2 " only  0.07 A apart
 %atoms "B   -541 -LYS -HD1 " and "B   -541 -LYS -HE2 " only  0.08 A apart
 %atoms "E   -355 -ARG -HG2 " and "E   -355 -ARG -HD1 " only  0.08 A apart
 NBONDS: found   694722 intra-atom interactions
 NBONDS: found        4 nonbonded violations
 %atoms "B   -407 -ILE -HG11" and "B   -407 -ILE -HD12" only  0.07 A apart
 NBONDS: found   689813 intra-atom interactions
 NBONDS: found        1 nonbonded violations
 %atoms "B   -263 -PRO -N   " and "B   -263 -PRO -HD1 " only  0.03 A apart
 NBONDS: found   687526 intra-atom interactions
 NBONDS: found        1 nonbonded violations
 NBONDS: found   685490 intra-atom interactions
 --------------- cycle=    10 ------ stepsize=   -0.0000 -----------------------
 | Etotal =0.33E+07   grad(E)=564.637    E(BOND)=481264.345 E(ANGL)=0.16E+07   |
 | E(VDW )=0.13E+07                                                            |
 -------------------------------------------------------------------------------
 NBONDS: found   683901 intra-atom interactions
 NBONDS: found   685240 intra-atom interactions
 NBONDS: found   686691 intra-atom interactions
 NBONDS: found   686853 intra-atom interactions
 --------------- cycle=    20 ------ stepsize=    0.0000 -----------------------
 | Etotal =0.13E+07   grad(E)=304.967    E(BOND)=235576.271 E(ANGL)=512634.092 |
 | E(VDW )=513726.067                                                          |
 -------------------------------------------------------------------------------
 NBONDS: found   686545 intra-atom interactions
 NBONDS: found   686676 intra-atom interactions
 NBONDS: found   686572 intra-atom interactions
 --------------- cycle=    30 ------ stepsize=   -0.0001 -----------------------
 | Etotal =0.10E+07   grad(E)=251.467    E(BOND)=198378.371 E(ANGL)=378811.067 |
 | E(VDW )=433353.050                                                          |
 -------------------------------------------------------------------------------
 NBONDS: found   686600 intra-atom interactions
 NBONDS: found   686428 intra-atom interactions
 --------------- cycle=    40 ------ stepsize=    0.0000 -----------------------
 | Etotal =953832.399 grad(E)=240.126    E(BOND)=187651.949 E(ANGL)=347606.240 |
 | E(VDW )=418574.211                                                          |
 -------------------------------------------------------------------------------
 NBONDS: found   686378 intra-atom interactions
 NBONDS: found   686390 intra-atom interactions
 --------------- cycle=    50 ------ stepsize=    0.0000 -----------------------
 | Etotal =935466.707 grad(E)=235.937    E(BOND)=186163.029 E(ANGL)=337747.839 |
 | E(VDW )=411555.839                                                          |
 -------------------------------------------------------------------------------
 POWELL: STEP number limit. Normal termination
 POWELL: Current coordinates set to last minimum
 DCART: temperature coupling (TCOUpling) enabled
 -------------------------- Cartesian dynamics start ---------------------------
 | E(kin)+E(total)=0.35E+07        E(kin)=4201.873      temperature=307.114    |
 | Etotal =0.35E+07   grad(E)=582.083    E(BOND)=186163.029 E(ANGL)=337747.839 |
 | E(IMPR)=0.30E+07                                                            |
 -------------------------------------------------------------------------------
 ----------------- final step=       50 at      0.02500 ps ---------------------
 | E(kin)+E(total)=0.23E+07        E(kin)=456812.921    temperature=33388.340  |
 | Etotal =0.18E+07   grad(E)=328.125    E(BOND)=208090.208 E(ANGL)=819173.304 |
 | E(IMPR)=778263.646                                                          |
 -------------------------------------------------------------------------------
 CENMAS: Information about center of free masses
         position [A]          :     -0.53806      0.08640     -0.21704
         velocity [A/ps]       :     -0.06606     -0.27465     -0.53321
         ang. mom. [amu A/ps]  :-422023.42890 239353.215021943920.17819
         kin. ener. [Kcal/mol] :     39.94406
 POWELL: number of degrees of freedom= 13770
 NBONDS: found   684718 intra-atom interactions
 NBONDS: found   683533 intra-atom interactions
 NBONDS: found   683836 intra-atom interactions
 NBONDS: found   684727 intra-atom interactions
 --------------- cycle=    10 ------ stepsize=   -0.0000 -----------------------
 | Etotal =0.19E+07   grad(E)=259.695    E(BOND)=214743.793 E(ANGL)=434677.334 |
 | E(IMPR)=729233.746 E(VDW )=496264.885                                       |
 -------------------------------------------------------------------------------
 NBONDS: found   685498 intra-atom interactions
 NBONDS: found   685928 intra-atom interactions
 NBONDS: found   685993 intra-atom interactions
 NBONDS: found   685921 intra-atom interactions
 NBONDS: found   685771 intra-atom interactions
 --------------- cycle=    20 ------ stepsize=   -0.0000 -----------------------
 | Etotal =0.13E+07   grad(E)=141.402    E(BOND)=179710.951 E(ANGL)=177695.076 |
 | E(IMPR)=632531.610 E(VDW )=354433.746                                       |
 -------------------------------------------------------------------------------
 NBONDS: found   685736 intra-atom interactions
 NBONDS: found   685738 intra-atom interactions
 --------------- cycle=    30 ------ stepsize=   -0.0001 -----------------------
 | Etotal =0.13E+07   grad(E)=116.799    E(BOND)=169686.059 E(ANGL)=145592.635 |
 | E(IMPR)=619089.198 E(VDW )=332433.269                                       |
 -------------------------------------------------------------------------------
 NBONDS: found   685709 intra-atom interactions
 NBONDS: found   685851 intra-atom interactions
 NBONDS: found   685811 intra-atom interactions
 --------------- cycle=    40 ------ stepsize=    0.0000 -----------------------
 | Etotal =0.12E+07   grad(E)=116.356    E(BOND)=169596.537 E(ANGL)=139700.374 |
 | E(IMPR)=602328.688 E(VDW )=326199.934                                       |
 -------------------------------------------------------------------------------
 NBONDS: found   685769 intra-atom interactions
 NBONDS: found   685684 intra-atom interactions
 NBONDS: found   685777 intra-atom interactions
 --------------- cycle=    50 ------ stepsize=    0.0001 -----------------------
 | Etotal =0.12E+07   grad(E)=113.704    E(BOND)=168636.371 E(ANGL)=135221.404 |
 | E(IMPR)=597518.839 E(VDW )=324349.069                                       |
 -------------------------------------------------------------------------------
 POWELL: STEP number limit. Normal termination
 POWELL: Current coordinates set to last minimum
 DCART: temperature coupling (TCOUpling) enabled
 -------------------------- Cartesian dynamics start ---------------------------
 | E(kin)+E(total)=0.12E+07        E(kin)=4148.721      temperature=303.229    |
 | Etotal =0.12E+07   grad(E)=113.704    E(BOND)=168636.371 E(ANGL)=135221.404 |
 | E(IMPR)=597518.839 E(VDW )=324349.069                                       |
 -------------------------------------------------------------------------------
 NBONDS: found   685796 intra-atom interactions
 NBONDS: found   685841 intra-atom interactions
 NBONDS: found   685863 intra-atom interactions
 ----------------- final step=       50 at      0.02500 ps ---------------------
 | E(kin)+E(total)=0.12E+07        E(kin)=5963.975      temperature=435.905    |
 | Etotal =0.12E+07   grad(E)=115.395    E(BOND)=169370.531 E(ANGL)=133220.748 |
 | E(IMPR)=595355.582 E(VDW )=321941.382                                       |
 -------------------------------------------------------------------------------
 CENMAS: Information about center of free masses
         position [A]          :     -0.53683      0.08566     -0.21246
         velocity [A/ps]       :      0.02210     -0.03522     -0.09045
         ang. mom. [amu A/ps]  : 163487.59997 -40863.82148  75498.20273
         kin. ener. [Kcal/mol] :      1.08723
 %PARRDR-info: duplication of bond HC   NC2 
 %PARRDR-info: duplication of angle CH2E C    NH1 
 %PARRDR-info: duplication of angle CH2P CH2E HA  
 POWELL: number of degrees of freedom= 13770
 NBONDS: generating intra-molecular exclusion list with mode=-3
 MAKINB: mode  -3 found  15671 exclusions and      0 interactions(1-4)
 NBONDS: found   674754 intra-atom interactions
 NBONDS: found   676373 intra-atom interactions
 NBONDS: found   676464 intra-atom interactions
 NBONDS: found   676503 intra-atom interactions
 NBONDS: found   676812 intra-atom interactions
 NBONDS: found   676956 intra-atom interactions
 NBONDS: found   677314 intra-atom interactions
 --------------- cycle=    25 ------ stepsize=    0.0003 -----------------------
 | Etotal =258727.172 grad(E)=97.727     E(BOND)=9960.155   E(ANGL)=128133.333 |
 | E(IMPR)=118879.324 E(VDW )=1754.360                                         |
 -------------------------------------------------------------------------------
 NBONDS: found   676922 intra-atom interactions
 NBONDS: found   676727 intra-atom interactions
 NBONDS: found   676800 intra-atom interactions
 NBONDS: found   676773 intra-atom interactions
 NBONDS: found   676738 intra-atom interactions
 NBONDS: found   676697 intra-atom interactions
 --------------- cycle=    50 ------ stepsize=    0.0005 -----------------------
 | Etotal =44421.039  grad(E)=38.408     E(BOND)=2304.956   E(ANGL)=24103.226  |
 | E(IMPR)=17164.587  E(VDW )=848.270                                          |
 -------------------------------------------------------------------------------
 NBONDS: found   676704 intra-atom interactions
 NBONDS: found   676744 intra-atom interactions
 NBONDS: found   676725 intra-atom interactions
 NBONDS: found   676732 intra-atom interactions
 NBONDS: found   676740 intra-atom interactions
 --------------- cycle=    75 ------ stepsize=   -0.0002 -----------------------
 | Etotal =8286.962   grad(E)=15.088     E(BOND)=252.623    E(ANGL)=2783.585   |
 | E(IMPR)=4643.291   E(VDW )=607.464                                          |
 -------------------------------------------------------------------------------
 NBONDS: found   676721 intra-atom interactions
 NBONDS: found   676761 intra-atom interactions
 --------------- cycle=   100 ------ stepsize=    0.0006 -----------------------
 | Etotal =4345.133   grad(E)=12.758     E(BOND)=248.071    E(ANGL)=2715.102   |
 | E(IMPR)=755.425    E(VDW )=626.535                                          |
 -------------------------------------------------------------------------------
 POWELL: STEP number limit. Normal termination
 POWELL: Current coordinates set to last minimum
 DCART: temperature coupling (TCOUpling) enabled
 -------------------------- Cartesian dynamics start ---------------------------
 | E(kin)+E(total)=8389.232        E(kin)=4044.100      temperature=295.582    |
 | Etotal =4345.133   grad(E)=12.758     E(BOND)=248.071    E(ANGL)=2715.102   |
 | E(IMPR)=755.425    E(VDW )=626.535                                          |
 -------------------------------------------------------------------------------
 NBONDS: found   676713 intra-atom interactions
 NBONDS: found   676727 intra-atom interactions
 NBONDS: found   676769 intra-atom interactions
 NBONDS: found   676804 intra-atom interactions
 NBONDS: found   676832 intra-atom interactions
 NBONDS: found   676809 intra-atom interactions
 NBONDS: found   676813 intra-atom interactions
 NBONDS: found   676797 intra-atom interactions
 NBONDS: found   676756 intra-atom interactions
 NBONDS: found   676803 intra-atom interactions
 NBONDS: found   676793 intra-atom interactions
 NBONDS: found   676786 intra-atom interactions
 NBONDS: found   676846 intra-atom interactions
 NBONDS: found   676915 intra-atom interactions
 NBONDS: found   676805 intra-atom interactions
 NBONDS: found   676752 intra-atom interactions
 NBONDS: found   676816 intra-atom interactions
 NBONDS: found   676777 intra-atom interactions
 NBONDS: found   676731 intra-atom interactions
 NBONDS: found   676889 intra-atom interactions
 NBONDS: found   676814 intra-atom interactions
 NBONDS: found   676903 intra-atom interactions
 NBONDS: found   676943 intra-atom interactions
 NBONDS: found   676947 intra-atom interactions
 NBONDS: found   676733 intra-atom interactions
 NBONDS: found   676684 intra-atom interactions
 NBONDS: found   676813 intra-atom interactions
 NBONDS: found   676912 intra-atom interactions
 NBONDS: found   676851 intra-atom interactions
 NBONDS: found   676794 intra-atom interactions
 ----------------- final step=      500 at      0.25000 ps ---------------------
 | E(kin)+E(total)=9065.995        E(kin)=3793.842      temperature=277.291    |
 | Etotal =5272.153   grad(E)=28.020     E(BOND)=1263.545   E(ANGL)=2977.934   |
 | E(IMPR)=409.081    E(VDW )=621.593                                          |
 -------------------------------------------------------------------------------
 CENMAS: Information about center of free masses
         position [A]          :     -0.53481      0.08417     -0.20835
         velocity [A/ps]       :      0.05575     -0.05989      0.01237
         ang. mom. [amu A/ps]  :  42102.81101  83663.45087  16749.34827
         kin. ener. [Kcal/mol] :      0.75123
 EFLAGS: the following energy flags are set
 EFLAGS: BOND ANGL DIHE IMPR VDW 
 %PARRDR-info: duplication of bond HC   NC2 
 %PARRDR-info: duplication of angle CH2E C    NH1 
 %PARRDR-info: duplication of angle CH2P CH2E HA  
 POWELL: number of degrees of freedom= 13770
 NBONDS: generating intra-molecular exclusion list with mode=-3
 MAKINB: mode  -3 found  15671 exclusions and      0 interactions(1-4)
 NBONDS: found   676788 intra-atom interactions
 NBONDS: found   676579 intra-atom interactions
 --------------- cycle=    50 ------ stepsize=    0.0012 -----------------------
 | Etotal =13012.655  grad(E)=13.302     E(BOND)=226.115    E(ANGL)=1150.020   |
 | E(DIHE)=187.306    E(IMPR)=94.845     E(VDW )=11354.369                     |
 -------------------------------------------------------------------------------
 NBONDS: found   676699 intra-atom interactions
 --------------- cycle=   100 ------ stepsize=    0.0010 -----------------------
 | Etotal =12777.230  grad(E)=13.250     E(BOND)=222.496    E(ANGL)=1139.292   |
 | E(DIHE)=163.132    E(IMPR)=93.622     E(VDW )=11158.689                     |
 -------------------------------------------------------------------------------
 --------------- cycle=   150 ------ stepsize=    0.0010 -----------------------
 | Etotal =12743.819  grad(E)=13.224     E(BOND)=220.927    E(ANGL)=1136.310   |
 | E(DIHE)=161.546    E(IMPR)=93.024     E(VDW )=11132.013                     |
 -------------------------------------------------------------------------------
 NBONDS: found   676703 intra-atom interactions
 --------------- cycle=   200 ------ stepsize=    0.0011 -----------------------
 | Etotal =12739.627  grad(E)=13.222     E(BOND)=221.243    E(ANGL)=1136.064   |
 | E(DIHE)=160.109    E(IMPR)=93.365     E(VDW )=11128.846                     |
 -------------------------------------------------------------------------------
 --------------- cycle=   250 ------ stepsize=    0.0005 -----------------------
 | Etotal =12738.697  grad(E)=13.216     E(BOND)=220.859    E(ANGL)=1135.405   |
 | E(DIHE)=160.567    E(IMPR)=93.362     E(VDW )=11128.503                     |
 -------------------------------------------------------------------------------
 --------------- cycle=   300 ------ stepsize=    0.0015 -----------------------
 | Etotal =12733.907  grad(E)=13.217     E(BOND)=221.156    E(ANGL)=1135.413   |
 | E(DIHE)=159.648    E(IMPR)=93.473     E(VDW )=11124.218                     |
 -------------------------------------------------------------------------------
 --------------- cycle=   350 ------ stepsize=    0.0012 -----------------------
 | Etotal =12733.710  grad(E)=13.216     E(BOND)=221.157    E(ANGL)=1135.325   |
 | E(DIHE)=159.816    E(IMPR)=93.442     E(VDW )=11123.970                     |
 -------------------------------------------------------------------------------
 --------------- cycle=   400 ------ stepsize=    0.0013 -----------------------
 | Etotal =12733.708  grad(E)=13.216     E(BOND)=221.145    E(ANGL)=1135.354   |
 | E(DIHE)=159.827    E(IMPR)=93.445     E(VDW )=11123.937                     |
 -------------------------------------------------------------------------------
 --------------- cycle=   450 ------ stepsize=    0.0009 -----------------------
 | Etotal =12733.707  grad(E)=13.216     E(BOND)=221.145    E(ANGL)=1135.357   |
 | E(DIHE)=159.822    E(IMPR)=93.444     E(VDW )=11123.939                     |
 -------------------------------------------------------------------------------
 POWELL: Gradient converged. Normal termination
 POWELL: Current coordinates set to last minimum
 DCART: temperature coupling (TCOUpling) enabled
 -------------------------- Cartesian dynamics start ---------------------------
 | E(kin)+E(total)=16807.532       E(kin)=4073.825      temperature=297.755    |
 | Etotal =12733.707  grad(E)=13.216     E(BOND)=221.145    E(ANGL)=1135.358   |
 | E(DIHE)=159.821    E(IMPR)=93.444     E(VDW )=11123.939                     |
 -------------------------------------------------------------------------------
 NBONDS: found   676581 intra-atom interactions
 NBONDS: found   676687 intra-atom interactions
 NBONDS: found   676739 intra-atom interactions
 NBONDS: found   676698 intra-atom interactions
 NBONDS: found   676668 intra-atom interactions
 ----------------- final step=      500 at      0.25000 ps ---------------------
 | E(kin)+E(total)=21000.085       E(kin)=4237.194      temperature=309.695    |
 | Etotal =16762.890  grad(E)=31.790     E(BOND)=1359.582   E(ANGL)=3357.004   |
 | E(DIHE)=166.158    E(IMPR)=447.300    E(VDW )=11432.848                     |
 -------------------------------------------------------------------------------
 CENMAS: Information about center of free masses
         position [A]          :     -0.53492      0.08390     -0.20796
         velocity [A/ps]       :      0.39733     -0.23815      0.23949
         ang. mom. [amu A/ps]  :  -4009.91138  30143.97557  62832.69737
         kin. ener. [Kcal/mol] :      1.50359
 POWELL: number of degrees of freedom= 13770
 --------------- cycle=    50 ------ stepsize=    0.0010 -----------------------
 | Etotal =12743.978  grad(E)=13.217     E(BOND)=221.641    E(ANGL)=1134.826   |
 | E(DIHE)=158.401    E(IMPR)=93.581     E(VDW )=11135.529                     |
 -------------------------------------------------------------------------------
 --------------- cycle=   100 ------ stepsize=    0.0009 -----------------------
 | Etotal =12736.021  grad(E)=13.216     E(BOND)=220.895    E(ANGL)=1134.909   |
 | E(DIHE)=161.084    E(IMPR)=93.376     E(VDW )=11125.757                     |
 -------------------------------------------------------------------------------
 --------------- cycle=   150 ------ stepsize=    0.0013 -----------------------
 | Etotal =12733.427  grad(E)=13.218     E(BOND)=220.962    E(ANGL)=1135.329   |
 | E(DIHE)=160.835    E(IMPR)=93.387     E(VDW )=11122.913                     |
 -------------------------------------------------------------------------------
 --------------- cycle=   200 ------ stepsize=    0.0012 -----------------------
 | Etotal =12733.317  grad(E)=13.218     E(BOND)=220.985    E(ANGL)=1135.313   |
 | E(DIHE)=160.769    E(IMPR)=93.408     E(VDW )=11122.842                     |
 -------------------------------------------------------------------------------
 --------------- cycle=   250 ------ stepsize=    0.0009 -----------------------
 | Etotal =12733.314  grad(E)=13.218     E(BOND)=220.981    E(ANGL)=1135.299   |
 | E(DIHE)=160.784    E(IMPR)=93.413     E(VDW )=11122.837                     |
 -------------------------------------------------------------------------------
 --------------- cycle=   300 ------ stepsize=    0.0012 -----------------------
 | Etotal =12733.314  grad(E)=13.218     E(BOND)=220.981    E(ANGL)=1135.301   |
 | E(DIHE)=160.781    E(IMPR)=93.412     E(VDW )=11122.838                     |
 -------------------------------------------------------------------------------
 POWELL: Gradient converged. Normal termination
 POWELL: Current coordinates set to last minimum
 POWELL: number of degrees of freedom= 18372
 NBONDS: found   676548 intra-atom interactions
 NBONDS: found   676660 intra-atom interactions
 --------------- cycle=     5 ------ stepsize=    0.0007 -----------------------
 | Etotal =12522.221  grad(E)=13.169     E(BOND)=218.908    E(ANGL)=1134.545   |
 | E(DIHE)=160.777    E(IMPR)=88.155     E(VDW )=10919.836                     |
 -------------------------------------------------------------------------------
 --------------- cycle=    10 ------ stepsize=    0.0008 -----------------------
 | Etotal =12515.447  grad(E)=13.167     E(BOND)=218.830    E(ANGL)=1135.192   |
 | E(DIHE)=160.645    E(IMPR)=86.924     E(VDW )=10913.857                     |
 -------------------------------------------------------------------------------
 --------------- cycle=    15 ------ stepsize=    0.0003 -----------------------
 | Etotal =12510.776  grad(E)=13.167     E(BOND)=218.830    E(ANGL)=1135.183   |
 | E(DIHE)=160.318    E(IMPR)=87.675     E(VDW )=10908.769                     |
 -------------------------------------------------------------------------------
 --------------- cycle=    20 ------ stepsize=    0.0010 -----------------------
 | Etotal =12505.982  grad(E)=13.159     E(BOND)=218.904    E(ANGL)=1133.510   |
 | E(DIHE)=159.885    E(IMPR)=87.388     E(VDW )=10906.294                     |
 -------------------------------------------------------------------------------
 --------------- cycle=    25 ------ stepsize=    0.0001 -----------------------
 | Etotal =12504.740  grad(E)=13.158     E(BOND)=218.678    E(ANGL)=1133.964   |
 | E(DIHE)=159.796    E(IMPR)=87.689     E(VDW )=10904.613                     |
 -------------------------------------------------------------------------------
 --------------- cycle=    30 ------ stepsize=    0.0009 -----------------------
 | Etotal =12504.493  grad(E)=13.155     E(BOND)=218.731    E(ANGL)=1133.544   |
 | E(DIHE)=159.750    E(IMPR)=87.379     E(VDW )=10905.088                     |
 -------------------------------------------------------------------------------
 --------------- cycle=    35 ------ stepsize=    0.0000 -----------------------
 | Etotal =12504.306  grad(E)=13.155     E(BOND)=218.718    E(ANGL)=1133.630   |
 | E(DIHE)=159.713    E(IMPR)=87.437     E(VDW )=10904.807                     |
 -------------------------------------------------------------------------------
 --------------- cycle=    40 ------ stepsize=    0.0011 -----------------------
 | Etotal =12504.025  grad(E)=13.155     E(BOND)=218.753    E(ANGL)=1133.778   |
 | E(DIHE)=159.705    E(IMPR)=87.428     E(VDW )=10904.362                     |
 -------------------------------------------------------------------------------
 --------------- cycle=    45 ------ stepsize=    0.0006 -----------------------
 | Etotal =12503.982  grad(E)=13.155     E(BOND)=218.750    E(ANGL)=1133.634   |
 | E(DIHE)=159.705    E(IMPR)=87.465     E(VDW )=10904.428                     |
 -------------------------------------------------------------------------------
 --------------- cycle=    50 ------ stepsize=    0.0012 -----------------------
 | Etotal =12503.900  grad(E)=13.154     E(BOND)=218.717    E(ANGL)=1133.677   |
 | E(DIHE)=159.723    E(IMPR)=87.370     E(VDW )=10904.414                     |
 -------------------------------------------------------------------------------
 POWELL: STEP number limit. Normal termination
 POWELL: Current coordinates set to last minimum
 %PARRDR-info: duplication of bond HC   NC2 
 %PARRDR-info: duplication of angle CH2E C    NH1 
 %PARRDR-info: duplication of angle CH2P CH2E HA  
 POWELL: number of degrees of freedom= 18372
 NBONDS: generating intra-molecular exclusion list with mode= 5
 MAKINB: mode   5 found  17774 exclusions and  17776 interactions(1-4)
 NBONDS: found   895437 intra-atom interactions
 NBONDS: found   895621 intra-atom interactions
 --------------- cycle=    50 ------ stepsize=    0.0009 -----------------------
 | Etotal =-19.914    grad(E)=5.447      E(BOND)=10.987     E(ANGL)=422.378    |
 | E(DIHE)=51.524     E(IMPR)=32.955     E(VDW )=-538.630   E(ELEC)=0.871      |
 -------------------------------------------------------------------------------
 POWELL: STEP number limit. Normal termination
 POWELL: Current coordinates set to last minimum
 --------------- cycle=     1 --------------------------------------------------
 | Etotal =-19.914    grad(E)=5.447      E(BOND)=10.987     E(ANGL)=422.378    |
 | E(DIHE)=51.524     E(IMPR)=32.955     E(VDW )=-538.630   E(ELEC)=0.871      |
 -------------------------------------------------------------------------------
 SURFAC: half the sigma value being used for atomic radii.
 SURFAC: ACCEssible surface area
 SURFAC: ACCUracy= 0.07 RH2O=  1.40
         Z-grid=  0.32 number-of-Z-sections=  209
         measures-of-arc= 94273 and152383
 SURFAC: half the sigma value being used for atomic radii.
 SURFAC: ACCEssible surface area
 SURFAC: ACCUracy= 0.07 RH2O=  1.40
         Z-grid=  0.32 number-of-Z-sections=  137
         measures-of-arc= 25310 and 46018
 SURFAC: half the sigma value being used for atomic radii.
 SURFAC: ACCEssible surface area
 SURFAC: ACCUracy= 0.07 RH2O=  1.40
         Z-grid=  0.32 number-of-Z-sections=  209
         measures-of-arc=121423 and198586
 %PARRDR-info: duplication of bond HC   NC2 
 %PARRDR-info: duplication of angle CH2E C    NH1 
 %PARRDR-info: duplication of angle CH2P CH2E HA  
 NBONDS: generating intra-molecular exclusion list with mode= 5
 MAKINB: mode   5 found      5 exclusions and     10 interactions(1-4)
 NBONDS: found     3466 intra-atom interactions
 --------------- cycle=     2 --------------------------------------------------
 | Etotal =-47.559    grad(E)=0.194      E(VDW )=-7.900     E(ELEC)=-39.659    |
 -------------------------------------------------------------------------------
 NBONDS: generating intra-molecular exclusion list with mode= 5
 MAKINB: mode   5 found     10 exclusions and     20 interactions(1-4)
 NBONDS: found     3031 intra-atom interactions
 --------------- cycle=     3 --------------------------------------------------
 | Etotal =-171.935   grad(E)=0.436      E(VDW )=-1.514     E(ELEC)=-170.421   |
 -------------------------------------------------------------------------------
 NBONDS: generating intra-molecular exclusion list with mode= 5
 MAKINB: mode   5 found     10 exclusions and     20 interactions(1-4)
 NBONDS: found     2703 intra-atom interactions
 --------------- cycle=     4 --------------------------------------------------
 | Etotal =-108.760   grad(E)=0.231      E(VDW )=-11.321    E(ELEC)=-97.439    |
 -------------------------------------------------------------------------------
 NBONDS: generating intra-molecular exclusion list with mode= 5
 MAKINB: mode   5 found     10 exclusions and     20 interactions(1-4)
 NBONDS: found     3942 intra-atom interactions
 --------------- cycle=     5 --------------------------------------------------
 | Etotal =-100.508   grad(E)=0.208      E(VDW )=-18.376    E(ELEC)=-82.133    |
 -------------------------------------------------------------------------------
 NBONDS: generating intra-molecular exclusion list with mode= 5
 MAKINB: mode   5 found     10 exclusions and     20 interactions(1-4)
 NBONDS: found     2988 intra-atom interactions
 --------------- cycle=     6 --------------------------------------------------
 | Etotal =-96.600    grad(E)=0.182      E(VDW )=-11.325    E(ELEC)=-85.275    |
 -------------------------------------------------------------------------------
 NBONDS: generating intra-molecular exclusion list with mode= 5
 MAKINB: mode   5 found     10 exclusions and     20 interactions(1-4)
 NBONDS: found     4693 intra-atom interactions
 --------------- cycle=     7 --------------------------------------------------
 | Etotal =-169.357   grad(E)=0.413      E(VDW )=-7.464     E(ELEC)=-161.893   |
 -------------------------------------------------------------------------------
 NBONDS: generating intra-molecular exclusion list with mode= 5
 MAKINB: mode   5 found     10 exclusions and     20 interactions(1-4)
 NBONDS: found     3936 intra-atom interactions
 --------------- cycle=     8 --------------------------------------------------
 | Etotal =-96.767    grad(E)=0.175      E(VDW )=-12.948    E(ELEC)=-83.819    |
 -------------------------------------------------------------------------------
 NBONDS: generating intra-molecular exclusion list with mode= 5
 MAKINB: mode   5 found     10 exclusions and     20 interactions(1-4)
 NBONDS: found     5566 intra-atom interactions
 --------------- cycle=     9 --------------------------------------------------
 | Etotal =-96.021    grad(E)=0.181      E(VDW )=-18.671    E(ELEC)=-77.350    |
 -------------------------------------------------------------------------------
 NBONDS: generating intra-molecular exclusion list with mode= 5
 MAKINB: mode   5 found     10 exclusions and     20 interactions(1-4)
 NBONDS: found     5662 intra-atom interactions
 --------------- cycle=    10 --------------------------------------------------
 | Etotal =-102.748   grad(E)=0.192      E(VDW )=-15.709    E(ELEC)=-87.039    |
 -------------------------------------------------------------------------------
 NBONDS: generating intra-molecular exclusion list with mode= 5
 MAKINB: mode   5 found     10 exclusions and     20 interactions(1-4)
 NBONDS: found     3009 intra-atom interactions
 --------------- cycle=    11 --------------------------------------------------
 | Etotal =-187.482   grad(E)=0.402      E(VDW )=-8.276     E(ELEC)=-179.207   |
 -------------------------------------------------------------------------------
 NBONDS: generating intra-molecular exclusion list with mode= 5
 MAKINB: mode   5 found     10 exclusions and     20 interactions(1-4)
 NBONDS: found     5354 intra-atom interactions
 --------------- cycle=    12 --------------------------------------------------
 | Etotal =-162.388   grad(E)=0.355      E(VDW )=-16.279    E(ELEC)=-146.109   |
 -------------------------------------------------------------------------------
 NBONDS: generating intra-molecular exclusion list with mode= 5
 MAKINB: mode   5 found     10 exclusions and     20 interactions(1-4)
 NBONDS: found     5642 intra-atom interactions
 --------------- cycle=    13 --------------------------------------------------
 | Etotal =-99.768    grad(E)=0.218      E(VDW )=-13.164    E(ELEC)=-86.604    |
 -------------------------------------------------------------------------------
 NBONDS: generating intra-molecular exclusion list with mode= 5
 MAKINB: mode   5 found     10 exclusions and     20 interactions(1-4)
 NBONDS: found     3696 intra-atom interactions
 --------------- cycle=    14 --------------------------------------------------
 | Etotal =-104.938   grad(E)=0.260      E(VDW )=-12.520    E(ELEC)=-92.418    |
 -------------------------------------------------------------------------------
 NBONDS: generating intra-molecular exclusion list with mode= 5
 MAKINB: mode   5 found     10 exclusions and     20 interactions(1-4)
 NBONDS: found     4667 intra-atom interactions
 --------------- cycle=    15 --------------------------------------------------
 | Etotal =-108.491   grad(E)=0.321      E(VDW )=-15.507    E(ELEC)=-92.985    |
 -------------------------------------------------------------------------------
 NBONDS: generating intra-molecular exclusion list with mode= 5
 MAKINB: mode   5 found     10 exclusions and     20 interactions(1-4)
 NBONDS: found     3669 intra-atom interactions
 --------------- cycle=    16 --------------------------------------------------
 | Etotal =-148.587   grad(E)=0.382      E(VDW )=-12.132    E(ELEC)=-136.455   |
 -------------------------------------------------------------------------------
 NBONDS: generating intra-molecular exclusion list with mode= 5
 MAKINB: mode   5 found     10 exclusions and     20 interactions(1-4)
 NBONDS: found     4110 intra-atom interactions
 --------------- cycle=    17 --------------------------------------------------
 | Etotal =-198.051   grad(E)=0.605      E(VDW )=-8.671     E(ELEC)=-189.379   |
 -------------------------------------------------------------------------------
 NBONDS: generating intra-molecular exclusion list with mode= 5
 MAKINB: mode   5 found     10 exclusions and     20 interactions(1-4)
 NBONDS: found     3142 intra-atom interactions
 --------------- cycle=    18 --------------------------------------------------
 | Etotal =-181.911   grad(E)=0.509      E(VDW )=-9.813     E(ELEC)=-172.098   |
 -------------------------------------------------------------------------------
 NBONDS: generating intra-molecular exclusion list with mode= 5
 MAKINB: mode   5 found     10 exclusions and     20 interactions(1-4)
 NBONDS: found     4349 intra-atom interactions
 --------------- cycle=    19 --------------------------------------------------
 | Etotal =-93.582    grad(E)=0.158      E(VDW )=-15.223    E(ELEC)=-78.359    |
 -------------------------------------------------------------------------------
 NBONDS: generating intra-molecular exclusion list with mode= 5
 MAKINB: mode   5 found     10 exclusions and     20 interactions(1-4)
 NBONDS: found     5937 intra-atom interactions
 --------------- cycle=    20 --------------------------------------------------
 | Etotal =-129.059   grad(E)=0.344      E(VDW )=-19.389    E(ELEC)=-109.671   |
 -------------------------------------------------------------------------------
 NBONDS: generating intra-molecular exclusion list with mode= 5
 MAKINB: mode   5 found     10 exclusions and     20 interactions(1-4)
 NBONDS: found     3791 intra-atom interactions
 --------------- cycle=    21 --------------------------------------------------
 | Etotal =-110.396   grad(E)=0.211      E(VDW )=-13.156    E(ELEC)=-97.239    |
 -------------------------------------------------------------------------------
 NBONDS: generating intra-molecular exclusion list with mode= 5
 MAKINB: mode   5 found     10 exclusions and     20 interactions(1-4)
 NBONDS: found     4677 intra-atom interactions
 --------------- cycle=    22 --------------------------------------------------
 | Etotal =-94.130    grad(E)=0.219      E(VDW )=-13.256    E(ELEC)=-80.874    |
 -------------------------------------------------------------------------------
 NBONDS: generating intra-molecular exclusion list with mode= 5
 MAKINB: mode   5 found     10 exclusions and     20 interactions(1-4)
 NBONDS: found     2865 intra-atom interactions
 --------------- cycle=    23 --------------------------------------------------
 | Etotal =-84.267    grad(E)=0.193      E(VDW )=-9.622     E(ELEC)=-74.644    |
 -------------------------------------------------------------------------------
 NBONDS: generating intra-molecular exclusion list with mode= 5
 MAKINB: mode   5 found     10 exclusions and     20 interactions(1-4)
 NBONDS: found     3733 intra-atom interactions
 --------------- cycle=    24 --------------------------------------------------
 | Etotal =-85.068    grad(E)=0.202      E(VDW )=-11.101    E(ELEC)=-73.968    |
 -------------------------------------------------------------------------------
 NBONDS: generating intra-molecular exclusion list with mode= 5
 MAKINB: mode   5 found     10 exclusions and     20 interactions(1-4)
 NBONDS: found     2870 intra-atom interactions
 --------------- cycle=    25 --------------------------------------------------
 | Etotal =-88.083    grad(E)=0.208      E(VDW )=-8.175     E(ELEC)=-79.907    |
 -------------------------------------------------------------------------------
 NBONDS: generating intra-molecular exclusion list with mode= 5
 MAKINB: mode   5 found     10 exclusions and     20 interactions(1-4)
 NBONDS: found     2883 intra-atom interactions
 --------------- cycle=    26 --------------------------------------------------
 | Etotal =-90.878    grad(E)=0.182      E(VDW )=-6.817     E(ELEC)=-84.062    |
 -------------------------------------------------------------------------------
 NBONDS: generating intra-molecular exclusion list with mode= 5
 MAKINB: mode   5 found     10 exclusions and     23 interactions(1-4)
 NBONDS: found     5568 intra-atom interactions
 --------------- cycle=    27 --------------------------------------------------
 | Etotal =-97.622    grad(E)=0.190      E(VDW )=-19.841    E(ELEC)=-77.780    |
 -------------------------------------------------------------------------------
 NBONDS: generating intra-molecular exclusion list with mode= 5
 MAKINB: mode   5 found     10 exclusions and     20 interactions(1-4)
 NBONDS: found     3702 intra-atom interactions
 --------------- cycle=    28 --------------------------------------------------
 | Etotal =-76.417    grad(E)=0.273      E(VDW )=-4.033     E(ELEC)=-72.384    |
 -------------------------------------------------------------------------------
 NBONDS: generating intra-molecular exclusion list with mode= 5
 MAKINB: mode   5 found     10 exclusions and     20 interactions(1-4)
 NBONDS: found     2791 intra-atom interactions
 --------------- cycle=    29 --------------------------------------------------
 | Etotal =-73.315    grad(E)=0.383      E(VDW )=0.028      E(ELEC)=-73.343    |
 -------------------------------------------------------------------------------
 NBONDS: generating intra-molecular exclusion list with mode= 5
 MAKINB: mode   5 found     10 exclusions and     20 interactions(1-4)
 NBONDS: found     1618 intra-atom interactions
 --------------- cycle=    30 --------------------------------------------------
 | Etotal =-79.844    grad(E)=0.261      E(VDW )=0.813      E(ELEC)=-80.657    |
 -------------------------------------------------------------------------------
 NBONDS: generating intra-molecular exclusion list with mode= 5
 MAKINB: mode   5 found     10 exclusions and     20 interactions(1-4)
 NBONDS: found     1864 intra-atom interactions
 --------------- cycle=    31 --------------------------------------------------
 | Etotal =-88.917    grad(E)=0.326      E(VDW )=-9.041     E(ELEC)=-79.876    |
 -------------------------------------------------------------------------------
 NBONDS: generating intra-molecular exclusion list with mode= 5
 MAKINB: mode   5 found     10 exclusions and     20 interactions(1-4)
 NBONDS: found     2704 intra-atom interactions
 --------------- cycle=    32 --------------------------------------------------
 | Etotal =-83.169    grad(E)=0.216      E(VDW )=-11.348    E(ELEC)=-71.820    |
 -------------------------------------------------------------------------------
 NBONDS: generating intra-molecular exclusion list with mode= 5
 MAKINB: mode   5 found     10 exclusions and     20 interactions(1-4)
 NBONDS: found     5478 intra-atom interactions
 --------------- cycle=    33 --------------------------------------------------
 | Etotal =-99.417    grad(E)=0.203      E(VDW )=-21.171    E(ELEC)=-78.246    |
 -------------------------------------------------------------------------------
 NBONDS: generating intra-molecular exclusion list with mode= 5
 MAKINB: mode   5 found     10 exclusions and     20 interactions(1-4)
 NBONDS: found     2090 intra-atom interactions
 --------------- cycle=    34 --------------------------------------------------
 | Etotal =-77.131    grad(E)=0.227      E(VDW )=-4.134     E(ELEC)=-72.997    |
 -------------------------------------------------------------------------------
 NBONDS: generating intra-molecular exclusion list with mode= 5
 MAKINB: mode   5 found     10 exclusions and     20 interactions(1-4)
 NBONDS: found     6344 intra-atom interactions
 --------------- cycle=    35 --------------------------------------------------
 | Etotal =-205.953   grad(E)=0.513      E(VDW )=-10.867    E(ELEC)=-195.086   |
 -------------------------------------------------------------------------------
 NBONDS: generating intra-molecular exclusion list with mode= 5
 MAKINB: mode   5 found     10 exclusions and     20 interactions(1-4)
 NBONDS: found     1969 intra-atom interactions
 --------------- cycle=    36 --------------------------------------------------
 | Etotal =-80.974    grad(E)=0.179      E(VDW )=-5.968     E(ELEC)=-75.005    |
 -------------------------------------------------------------------------------
 NBONDS: generating intra-molecular exclusion list with mode= 5
 MAKINB: mode   5 found     10 exclusions and     20 interactions(1-4)
 NBONDS: found     3672 intra-atom interactions
 --------------- cycle=    37 --------------------------------------------------
 | Etotal =-184.465   grad(E)=0.669      E(VDW )=-12.541    E(ELEC)=-171.924   |
 -------------------------------------------------------------------------------
 NBONDS: generating intra-molecular exclusion list with mode= 5
 MAKINB: mode   5 found     10 exclusions and     20 interactions(1-4)
 NBONDS: found     5757 intra-atom interactions
 --------------- cycle=    38 --------------------------------------------------
 | Etotal =-91.066    grad(E)=0.144      E(VDW )=-24.704    E(ELEC)=-66.362    |
 -------------------------------------------------------------------------------
 NBONDS: generating intra-molecular exclusion list with mode= 5
 MAKINB: mode   5 found     10 exclusions and     20 interactions(1-4)
 NBONDS: found     6905 intra-atom interactions
 --------------- cycle=    39 --------------------------------------------------
 | Etotal =-182.157   grad(E)=0.598      E(VDW )=-19.038    E(ELEC)=-163.119   |
 -------------------------------------------------------------------------------
 NBONDS: generating intra-molecular exclusion list with mode= 5
 MAKINB: mode   5 found     10 exclusions and     20 interactions(1-4)
 NBONDS: found     2294 intra-atom interactions
 --------------- cycle=    40 --------------------------------------------------
 | Etotal =-80.667    grad(E)=0.165      E(VDW )=-8.175     E(ELEC)=-72.492    |
 -------------------------------------------------------------------------------
 NBONDS: generating intra-molecular exclusion list with mode= 5
 MAKINB: mode   5 found     10 exclusions and     20 interactions(1-4)
 NBONDS: found     1608 intra-atom interactions
 --------------- cycle=    41 --------------------------------------------------
 | Etotal =-76.629    grad(E)=0.131      E(VDW )=-3.416     E(ELEC)=-73.214    |
 -------------------------------------------------------------------------------
 NBONDS: generating intra-molecular exclusion list with mode= 5
 MAKINB: mode   5 found     10 exclusions and     23 interactions(1-4)
 NBONDS: found     3623 intra-atom interactions
 --------------- cycle=    42 --------------------------------------------------
 | Etotal =-88.520    grad(E)=0.228      E(VDW )=-8.379     E(ELEC)=-80.141    |
 -------------------------------------------------------------------------------
 NBONDS: generating intra-molecular exclusion list with mode= 5
 MAKINB: mode   5 found     10 exclusions and     20 interactions(1-4)
 NBONDS: found     5918 intra-atom interactions
 --------------- cycle=    43 --------------------------------------------------
 | Etotal =-198.960   grad(E)=0.506      E(VDW )=-17.014    E(ELEC)=-181.946   |
 -------------------------------------------------------------------------------
 NBONDS: generating intra-molecular exclusion list with mode= 5
 MAKINB: mode   5 found      5 exclusions and     10 interactions(1-4)
 NBONDS: found     1538 intra-atom interactions
 --------------- cycle=    44 --------------------------------------------------
 | Etotal =-15.100    grad(E)=0.193      E(VDW )=1.283      E(ELEC)=-16.383    |
 -------------------------------------------------------------------------------
 NBONDS: generating intra-molecular exclusion list with mode= 5
 MAKINB: mode   5 found     10 exclusions and     20 interactions(1-4)
 NBONDS: found     6355 intra-atom interactions
 --------------- cycle=    45 --------------------------------------------------
 | Etotal =-155.132   grad(E)=0.554      E(VDW )=-19.522    E(ELEC)=-135.610   |
 -------------------------------------------------------------------------------
 NBONDS: generating intra-molecular exclusion list with mode= 5
 MAKINB: mode   5 found     10 exclusions and     20 interactions(1-4)
 NBONDS: found     2470 intra-atom interactions
 --------------- cycle=    46 --------------------------------------------------
 | Etotal =-172.037   grad(E)=0.519      E(VDW )=-4.070     E(ELEC)=-167.967   |
 -------------------------------------------------------------------------------
 NBONDS: generating intra-molecular exclusion list with mode= 5
 MAKINB: mode   5 found     10 exclusions and     20 interactions(1-4)
 NBONDS: found     4030 intra-atom interactions
 --------------- cycle=    47 --------------------------------------------------
 | Etotal =-161.825   grad(E)=0.429      E(VDW )=-17.248    E(ELEC)=-144.577   |
 -------------------------------------------------------------------------------
 NBONDS: generating intra-molecular exclusion list with mode= 5
 MAKINB: mode   5 found     10 exclusions and     20 interactions(1-4)
 NBONDS: found     3321 intra-atom interactions
 --------------- cycle=    48 --------------------------------------------------
 | Etotal =-104.092   grad(E)=0.268      E(VDW )=-6.166     E(ELEC)=-97.926    |
 -------------------------------------------------------------------------------
 NBONDS: generating intra-molecular exclusion list with mode= 5
 MAKINB: mode   5 found     10 exclusions and     20 interactions(1-4)
 NBONDS: found     4896 intra-atom interactions
 --------------- cycle=    49 --------------------------------------------------
 | Etotal =-177.657   grad(E)=0.386      E(VDW )=-7.341     E(ELEC)=-170.316   |
 -------------------------------------------------------------------------------
 NBONDS: generating intra-molecular exclusion list with mode= 5
 MAKINB: mode   5 found     10 exclusions and     20 interactions(1-4)
 NBONDS: found     5161 intra-atom interactions
 --------------- cycle=    50 --------------------------------------------------
 | Etotal =-101.774   grad(E)=0.203      E(VDW )=-21.242    E(ELEC)=-80.531    |
 -------------------------------------------------------------------------------
 NBONDS: generating intra-molecular exclusion list with mode= 5
 MAKINB: mode   5 found     10 exclusions and     20 interactions(1-4)
 NBONDS: found     1716 intra-atom interactions
 --------------- cycle=    51 --------------------------------------------------
 | Etotal =-61.339    grad(E)=0.132      E(VDW )=-3.873     E(ELEC)=-57.466    |
 -------------------------------------------------------------------------------
 NBONDS: generating intra-molecular exclusion list with mode= 5
 MAKINB: mode   5 found     10 exclusions and     20 interactions(1-4)
 NBONDS: found     1034 intra-atom interactions
 --------------- cycle=    52 --------------------------------------------------
 | Etotal =-65.785    grad(E)=0.114      E(VDW )=-3.038     E(ELEC)=-62.747    |
 -------------------------------------------------------------------------------
 NBONDS: generating intra-molecular exclusion list with mode= 5
 MAKINB: mode   5 found     10 exclusions and     20 interactions(1-4)
 NBONDS: found     1539 intra-atom interactions
 --------------- cycle=    53 --------------------------------------------------
 | Etotal =-74.853    grad(E)=0.170      E(VDW )=-7.980     E(ELEC)=-66.873    |
 -------------------------------------------------------------------------------
 NBONDS: generating intra-molecular exclusion list with mode= 5
 MAKINB: mode   5 found     10 exclusions and     20 interactions(1-4)
 NBONDS: found     3432 intra-atom interactions
 --------------- cycle=    54 --------------------------------------------------
 | Etotal =-89.043    grad(E)=0.239      E(VDW )=-19.777    E(ELEC)=-69.267    |
 -------------------------------------------------------------------------------
 NBONDS: generating intra-molecular exclusion list with mode= 5
 MAKINB: mode   5 found     10 exclusions and     20 interactions(1-4)
 NBONDS: found     3752 intra-atom interactions
 --------------- cycle=    55 --------------------------------------------------
 | Etotal =-96.244    grad(E)=0.273      E(VDW )=-14.221    E(ELEC)=-82.022    |
 -------------------------------------------------------------------------------
 NBONDS: generating intra-molecular exclusion list with mode= 5
 MAKINB: mode   5 found     10 exclusions and     20 interactions(1-4)
 NBONDS: found     6223 intra-atom interactions
 --------------- cycle=    56 --------------------------------------------------
 | Etotal =-98.624    grad(E)=0.233      E(VDW )=-25.708    E(ELEC)=-72.916    |
 -------------------------------------------------------------------------------
 NBONDS: generating intra-molecular exclusion list with mode= 5
 MAKINB: mode   5 found     10 exclusions and     20 interactions(1-4)
 NBONDS: found     5530 intra-atom interactions
 --------------- cycle=    57 --------------------------------------------------
 | Etotal =-99.670    grad(E)=0.176      E(VDW )=-19.535    E(ELEC)=-80.135    |
 -------------------------------------------------------------------------------
 NBONDS: generating intra-molecular exclusion list with mode= 5
 MAKINB: mode   5 found     10 exclusions and     20 interactions(1-4)
 NBONDS: found     5740 intra-atom interactions
 --------------- cycle=    58 --------------------------------------------------
 | Etotal =-98.037    grad(E)=0.156      E(VDW )=-25.770    E(ELEC)=-72.267    |
 -------------------------------------------------------------------------------
 NBONDS: generating intra-molecular exclusion list with mode= 5
 MAKINB: mode   5 found     10 exclusions and     20 interactions(1-4)
 NBONDS: found     4915 intra-atom interactions
 --------------- cycle=    59 --------------------------------------------------
 | Etotal =-93.911    grad(E)=0.228      E(VDW )=-12.251    E(ELEC)=-81.660    |
 -------------------------------------------------------------------------------
 NBONDS: generating intra-molecular exclusion list with mode= 5
 MAKINB: mode   5 found     10 exclusions and     20 interactions(1-4)
 NBONDS: found     3174 intra-atom interactions
 --------------- cycle=    60 --------------------------------------------------
 | Etotal =-75.606    grad(E)=0.242      E(VDW )=-8.615     E(ELEC)=-66.992    |
 -------------------------------------------------------------------------------
 NBONDS: generating intra-molecular exclusion list with mode= 5
 MAKINB: mode   5 found     10 exclusions and     20 interactions(1-4)
 NBONDS: found     2332 intra-atom interactions
 --------------- cycle=    61 --------------------------------------------------
 | Etotal =-75.464    grad(E)=0.137      E(VDW )=-10.785    E(ELEC)=-64.678    |
 -------------------------------------------------------------------------------
 NBONDS: generating intra-molecular exclusion list with mode= 5
 MAKINB: mode   5 found     10 exclusions and     20 interactions(1-4)
 NBONDS: found     1063 intra-atom interactions
 --------------- cycle=    62 --------------------------------------------------
 | Etotal =-74.852    grad(E)=0.163      E(VDW )=-4.744     E(ELEC)=-70.108    |
 -------------------------------------------------------------------------------
 NBONDS: generating intra-molecular exclusion list with mode= 5
 MAKINB: mode   5 found     10 exclusions and     20 interactions(1-4)
 NBONDS: found     1022 intra-atom interactions
 --------------- cycle=    63 --------------------------------------------------
 | Etotal =-67.114    grad(E)=0.096      E(VDW )=-3.165     E(ELEC)=-63.949    |
 -------------------------------------------------------------------------------
 NBONDS: generating intra-molecular exclusion list with mode= 5
 MAKINB: mode   5 found     10 exclusions and     23 interactions(1-4)
 NBONDS: found     1956 intra-atom interactions
 --------------- cycle=    64 --------------------------------------------------
 | Etotal =-58.770    grad(E)=0.149      E(VDW )=-6.944     E(ELEC)=-51.826    |
 -------------------------------------------------------------------------------
 NBONDS: generating intra-molecular exclusion list with mode= 5
 MAKINB: mode   5 found     10 exclusions and     20 interactions(1-4)
 NBONDS: found     1121 intra-atom interactions
 --------------- cycle=    65 --------------------------------------------------
 | Etotal =-65.759    grad(E)=0.138      E(VDW )=-5.553     E(ELEC)=-60.206    |
 -------------------------------------------------------------------------------
 NBONDS: generating intra-molecular exclusion list with mode= 5
 MAKINB: mode   5 found     10 exclusions and     20 interactions(1-4)
 NBONDS: found     3390 intra-atom interactions
 --------------- cycle=    66 --------------------------------------------------
 | Etotal =-73.717    grad(E)=0.221      E(VDW )=-6.142     E(ELEC)=-67.575    |
 -------------------------------------------------------------------------------
 NBONDS: generating intra-molecular exclusion list with mode= 5
 MAKINB: mode   5 found     10 exclusions and     20 interactions(1-4)
 NBONDS: found     3286 intra-atom interactions
 --------------- cycle=    67 --------------------------------------------------
 | Etotal =-89.305    grad(E)=0.159      E(VDW )=-14.798    E(ELEC)=-74.507    |
 -------------------------------------------------------------------------------
 NBONDS: generating intra-molecular exclusion list with mode= 5
 MAKINB: mode   5 found     13 exclusions and     27 interactions(1-4)
 NBONDS: found     2293 intra-atom interactions
 --------------- cycle=    68 --------------------------------------------------
 | Etotal =-72.438    grad(E)=0.233      E(VDW )=-8.219     E(ELEC)=-64.220    |
 -------------------------------------------------------------------------------
 NBONDS: generating intra-molecular exclusion list with mode= 5
 MAKINB: mode   5 found     10 exclusions and     20 interactions(1-4)
 NBONDS: found     5114 intra-atom interactions
 --------------- cycle=    69 --------------------------------------------------
 | Etotal =-71.105    grad(E)=0.123      E(VDW )=-20.528    E(ELEC)=-50.577    |
 -------------------------------------------------------------------------------
 NBONDS: generating intra-molecular exclusion list with mode= 5
 MAKINB: mode   5 found     10 exclusions and     23 interactions(1-4)
 NBONDS: found     3486 intra-atom interactions
 --------------- cycle=    70 --------------------------------------------------
 | Etotal =-64.190    grad(E)=0.168      E(VDW )=-7.565     E(ELEC)=-56.626    |
 -------------------------------------------------------------------------------
 NBONDS: generating intra-molecular exclusion list with mode= 5
 MAKINB: mode   5 found     10 exclusions and     23 interactions(1-4)
 NBONDS: found     3828 intra-atom interactions
 --------------- cycle=    71 --------------------------------------------------
 | Etotal =-84.884    grad(E)=0.201      E(VDW )=-13.977    E(ELEC)=-70.907    |
 -------------------------------------------------------------------------------
 NBONDS: generating intra-molecular exclusion list with mode= 5
 MAKINB: mode   5 found     10 exclusions and     20 interactions(1-4)
 NBONDS: found     4797 intra-atom interactions
 --------------- cycle=    72 --------------------------------------------------
 | Etotal =-82.135    grad(E)=0.130      E(VDW )=-19.102    E(ELEC)=-63.033    |
 -------------------------------------------------------------------------------
 NBONDS: generating intra-molecular exclusion list with mode= 5
 MAKINB: mode   5 found     10 exclusions and     20 interactions(1-4)
 NBONDS: found     4480 intra-atom interactions
 --------------- cycle=    73 --------------------------------------------------
 | Etotal =-134.895   grad(E)=0.362      E(VDW )=-14.463    E(ELEC)=-120.432   |
 -------------------------------------------------------------------------------
 NBONDS: generating intra-molecular exclusion list with mode= 5
 MAKINB: mode   5 found     10 exclusions and     20 interactions(1-4)
 NBONDS: found     2647 intra-atom interactions
 --------------- cycle=    74 --------------------------------------------------
 | Etotal =-70.166    grad(E)=0.126      E(VDW )=-10.461    E(ELEC)=-59.704    |
 -------------------------------------------------------------------------------
 NBONDS: generating intra-molecular exclusion list with mode= 5
 MAKINB: mode   5 found     10 exclusions and     20 interactions(1-4)
 NBONDS: found     6389 intra-atom interactions
 --------------- cycle=    75 --------------------------------------------------
 | Etotal =-100.013   grad(E)=0.290      E(VDW )=-23.544    E(ELEC)=-76.469    |
 -------------------------------------------------------------------------------
 NBONDS: generating intra-molecular exclusion list with mode= 5
 MAKINB: mode   5 found     10 exclusions and     20 interactions(1-4)
 NBONDS: found     2069 intra-atom interactions
 --------------- cycle=    76 --------------------------------------------------
 | Etotal =-88.334    grad(E)=0.175      E(VDW )=-8.617     E(ELEC)=-79.718    |
 -------------------------------------------------------------------------------
 NBONDS: generating intra-molecular exclusion list with mode= 5
 MAKINB: mode   5 found     10 exclusions and     20 interactions(1-4)
 NBONDS: found     6461 intra-atom interactions
 --------------- cycle=    77 --------------------------------------------------
 | Etotal =-100.372   grad(E)=0.185      E(VDW )=-29.646    E(ELEC)=-70.726    |
 -------------------------------------------------------------------------------
 NBONDS: generating intra-molecular exclusion list with mode= 5
 MAKINB: mode   5 found     10 exclusions and     23 interactions(1-4)
 NBONDS: found     4645 intra-atom interactions
 --------------- cycle=    78 --------------------------------------------------
 | Etotal =-79.016    grad(E)=0.173      E(VDW )=-17.248    E(ELEC)=-61.768    |
 -------------------------------------------------------------------------------
 NBONDS: generating intra-molecular exclusion list with mode= 5
 MAKINB: mode   5 found     10 exclusions and     23 interactions(1-4)
 NBONDS: found     2986 intra-atom interactions
 --------------- cycle=    79 --------------------------------------------------
 | Etotal =-82.187    grad(E)=0.154      E(VDW )=-9.505     E(ELEC)=-72.683    |
 -------------------------------------------------------------------------------
 NBONDS: generating intra-molecular exclusion list with mode= 5
 MAKINB: mode   5 found     10 exclusions and     20 interactions(1-4)
 NBONDS: found     3537 intra-atom interactions
 --------------- cycle=    80 --------------------------------------------------
 | Etotal =-90.710    grad(E)=0.242      E(VDW )=-7.804     E(ELEC)=-82.906    |
 -------------------------------------------------------------------------------
 NBONDS: generating intra-molecular exclusion list with mode= 5
 MAKINB: mode   5 found     10 exclusions and     20 interactions(1-4)
 NBONDS: found     4161 intra-atom interactions
 --------------- cycle=    81 --------------------------------------------------
 | Etotal =-104.101   grad(E)=0.275      E(VDW )=-15.718    E(ELEC)=-88.383    |
 -------------------------------------------------------------------------------
 NBONDS: generating intra-molecular exclusion list with mode= 5
 MAKINB: mode   5 found     10 exclusions and     20 interactions(1-4)
 NBONDS: found     1838 intra-atom interactions
 --------------- cycle=    82 --------------------------------------------------
 | Etotal =-72.025    grad(E)=0.244      E(VDW )=-2.256     E(ELEC)=-69.769    |
 -------------------------------------------------------------------------------
 NBONDS: generating intra-molecular exclusion list with mode= 5
 MAKINB: mode   5 found     10 exclusions and     20 interactions(1-4)
 NBONDS: found     2664 intra-atom interactions
 --------------- cycle=    83 --------------------------------------------------
 | Etotal =-71.210    grad(E)=0.153      E(VDW )=-6.180     E(ELEC)=-65.030    |
 -------------------------------------------------------------------------------
 NBONDS: generating intra-molecular exclusion list with mode= 5
 MAKINB: mode   5 found     10 exclusions and     20 interactions(1-4)
 NBONDS: found     1529 intra-atom interactions
 --------------- cycle=    84 --------------------------------------------------
 | Etotal =-78.436    grad(E)=0.181      E(VDW )=-5.481     E(ELEC)=-72.956    |
 -------------------------------------------------------------------------------
 NBONDS: generating intra-molecular exclusion list with mode= 5
 MAKINB: mode   5 found     10 exclusions and     20 interactions(1-4)
 NBONDS: found     5299 intra-atom interactions
 --------------- cycle=    85 --------------------------------------------------
 | Etotal =-103.309   grad(E)=0.200      E(VDW )=-22.057    E(ELEC)=-81.252    |
 -------------------------------------------------------------------------------
 NBONDS: generating intra-molecular exclusion list with mode= 5
 MAKINB: mode   5 found     10 exclusions and     23 interactions(1-4)
 NBONDS: found     4520 intra-atom interactions
 --------------- cycle=    86 --------------------------------------------------
 | Etotal =-112.941   grad(E)=0.298      E(VDW )=-17.697    E(ELEC)=-95.244    |
 -------------------------------------------------------------------------------
 HEAP: maximum use      =    22574952 current use      =       96000 bytes
 HEAP: maximum overhead =        2800 current overhead =         752 bytes
          ============================================================
           Maximum dynamic memory allocation:    22574952 bytes
           Maximum dynamic memory overhead:          2800 bytes
           Program started at: 19:07:48 on 10-Jun-2020
           Program stopped at: 19:08:13 on 10-Jun-2020
           CPU time used:      25.4844 seconds
          ============================================================
