          ============================================================
          |                                                          |
          |            Crystallography & NMR System (CNS)            |
          |                         CNSsolve                         |
          |                                                          |
          ============================================================
           Version: 1.3 at patch level U
           Status: Special UU release with Rg and paramagnetic
                   restraints (A. Bonvin, UU 2011)
          ============================================================
           Written by: A.T.Brunger, P.D.Adams, G.M.Clore, W.L.DeLano,
                       P.Gros, R.W.Grosse-Kunstleve,J.-S.Jiang,J.M.Krahn,
                       J.Kuszewski, M.Nilges, N.S.Pannu, R.J.Read,
                       L.M.Rice, G.F.Schroeder, T.Simonson, G.L.Warren.
           Copyright (c) 1997-2010 Yale University
          ============================================================
           Running on machine: hostname unknown (x86_64/Linux,64-bit)
           Program started by: joaor
           Program started at: 17:04:36 on 08-May-2020
          ============================================================

 FFT3C: Using FFTPACK4.1

 CNSsolve>! 
 CNSsolve>! Calculates pairwise energies between residues 
 CNSsolve>! Will only rebuild hydrogen atoms 
 CNSsolve>! 
 CNSsolve>! Adapted from HADDOCK protocols here and there. 
 CNSsolve>! JR & AMJJB @ 2020 
 CNSsolve>! 
 CNSsolve>define( 
 DEFINE>    {===>} auto_break=true; 
 DEFINE>    {===>} break_cutoff=2.5; 
 DEFINE>    {===>} dnaauto_break=true; 
 DEFINE>    {===>} dbreak_cutoff=4.5; 
 DEFINE>    {===>} auto_cispro=true; 
 DEFINE>    {===>} auto_disu=true; 
 DEFINE>    {===>} disulphide_dist=3.0; 
 DEFINE>    {===>} glyco_dist=2.75; 
 DEFINE>    {===>} coorin="molecule.pdb"; 
 DEFINE>    {===>} icutoff=5.0; 
 DEFINE>) 
 CNSsolve> 
 CNSsolve>! Mute (most) output 
 CNSsolve>set message=on echo=off end 
 ASSFIL: file merged.param opened.
 MESSage=NORM
 EVALUATE: symbol $OLD_MESSAGE set to "NORM" (string)
 ECHO=FALSe {OFF}
 EVALUATE: symbol $OLD_ECHO set to FALSE (logical)
 %PARRDR-info: duplication of bond HC   NC2 
 %PARRDR-info: duplication of angle CH2E C    NH1 
 %PARRDR-info: duplication of angle CH2P CH2E HA  
 ASSFIL: file merged.top opened.
 MESSage=NORM
 EVALUATE: symbol $OLD_MESSAGE set to "NORM" (string)
 ECHO=FALSe {OFF}
 EVALUATE: symbol $OLD_ECHO set to FALSE (logical)
 %RTFIO-warning: undefined masses in residue CYC 
 %RTFIO error encountered: there are undefined masses.
   (CNS is in mode: SET ABORT=NORMal END)
 MESSage=NORM
 EVALUATE: symbol $OLD_MESSAGE set to "NORM" (string)
 ECHO=FALSe {OFF}
 EVALUATE: symbol $OLD_ECHO set to FALSE (logical)
 ASSFIL: file protein_break.top opened.
 %RTFRDR-ERR: duplicate (P-)RESIdue name DPEP
 %RTFRDR-ERR: duplicate (P-)RESIdue name DPPP
 RTFRDR> 
 RTFRDR>end 
 CNSsolve> 
 CNSsolve>! Reset output muting 
 CNSsolve>set message=off echo=off end 
FOUND 3 NAG:ASN pairs
NAG:ASN bond added from   B    901  to   B    53  
NAG:ASN bond added from   B    910  to   B    546 
NAG:ASN bond added from   E    1401 to   E    343 
FOUND 4 NAG:NAG pairs
NAG:NAG B14 bond added from   B    902  to   B    901 
NAG:NAG B14 bond added from   B    911  to   B    910 
NAG:NAG B14 bond added from   E    1402 to   E    1401
NAG:NAG B14 bond added from   E    1403 to   E    1402
 %PARRDR-info: duplication of bond HC   NC2 
 %PARRDR-info: duplication of angle CH2E C    NH1 
 %PARRDR-info: duplication of angle CH2P CH2E HA  
 POWELL: number of degrees of freedom= 13632
 NBONDS: generating intra-molecular exclusion list with mode=-2
 MAKINB: mode  -2 found   4544 exclusions and      0 interactions(1-4)
 %atoms "B   -55  -THR -CA  " and "B   -55  -THR -HG23" only  0.06 A apart
 %atoms "B   -79  -THR -HG22" and "B   -79  -THR -HG23" only  0.08 A apart
 %atoms "B   -190 -MET -HA  " and "B   -190 -MET -HE2 " only  0.09 A apart
 %atoms "B   -266 -LEU -HD13" and "B   -266 -LEU -HD22" only  0.10 A apart
 %atoms "B   -423 -LEU -HA  " and "B   -423 -LEU -HD23" only  0.09 A apart
 %atoms "E   -347 -PHE -HA  " and "E   -347 -PHE -HD1 " only  0.08 A apart
 %atoms "E   -402 -ILE -HA  " and "E   -402 -ILE -HG12" only  0.08 A apart
 NBONDS: found   689317 intra-atom interactions
 NBONDS: found        7 nonbonded violations
 %atoms "B   -324 -THR -CB  " and "B   -324 -THR -HG22" only  0.09 A apart
 %atoms "B   -514 -ARG -HG2 " and "B   -514 -ARG -NE  " only  0.07 A apart
 %atoms "E   -509 -ARG -HB2 " and "E   -509 -ARG -CD  " only  0.06 A apart
 NBONDS: found   689111 intra-atom interactions
 NBONDS: found        3 nonbonded violations
 NBONDS: found   685115 intra-atom interactions
 %atoms "B   -451 -PRO -HB1 " and "B   -451 -PRO -CG  " only  0.08 A apart
 NBONDS: found   681791 intra-atom interactions
 NBONDS: found        1 nonbonded violations
 --------------- cycle=    10 ------ stepsize=   -0.0000 -----------------------
 | Etotal =0.33E+07   grad(E)=568.464    E(BOND)=459169.712 E(ANGL)=0.15E+07   |
 | E(VDW )=0.13E+07                                                            |
 -------------------------------------------------------------------------------
 NBONDS: found   680473 intra-atom interactions
 NBONDS: found   680848 intra-atom interactions
 NBONDS: found   681332 intra-atom interactions
 NBONDS: found   681374 intra-atom interactions
 --------------- cycle=    20 ------ stepsize=    0.0000 -----------------------
 | Etotal =0.12E+07   grad(E)=308.798    E(BOND)=232648.544 E(ANGL)=499968.793 |
 | E(VDW )=503916.251                                                          |
 -------------------------------------------------------------------------------
 NBONDS: found   681175 intra-atom interactions
 NBONDS: found   681149 intra-atom interactions
 NBONDS: found   681230 intra-atom interactions
 --------------- cycle=    30 ------ stepsize=   -0.0000 -----------------------
 | Etotal =977016.820 grad(E)=247.670    E(BOND)=185189.856 E(ANGL)=361442.465 |
 | E(VDW )=430384.498                                                          |
 -------------------------------------------------------------------------------
 NBONDS: found   681290 intra-atom interactions
 NBONDS: found   681503 intra-atom interactions
 --------------- cycle=    40 ------ stepsize=   -0.0001 -----------------------
 | Etotal =939183.418 grad(E)=237.314    E(BOND)=181864.117 E(ANGL)=343015.742 |
 | E(VDW )=414303.559                                                          |
 -------------------------------------------------------------------------------
 NBONDS: found   681690 intra-atom interactions
 NBONDS: found   681592 intra-atom interactions
 --------------- cycle=    50 ------ stepsize=   -0.0000 -----------------------
 | Etotal =925823.146 grad(E)=235.722    E(BOND)=180334.876 E(ANGL)=336941.271 |
 | E(VDW )=408546.999                                                          |
 -------------------------------------------------------------------------------
 POWELL: STEP number limit. Normal termination
 POWELL: Current coordinates set to last minimum
 DCART: temperature coupling (TCOUpling) enabled
 -------------------------- Cartesian dynamics start ---------------------------
 | E(kin)+E(total)=0.35E+07        E(kin)=4148.980      temperature=306.318    |
 | Etotal =0.35E+07   grad(E)=601.977    E(BOND)=180334.876 E(ANGL)=336941.271 |
 | E(IMPR)=0.30E+07                                                            |
 -------------------------------------------------------------------------------
 ----------------- final step=       50 at      0.02500 ps ---------------------
 | E(kin)+E(total)=0.22E+07        E(kin)=453577.344    temperature=33487.456  |
 | Etotal =0.18E+07   grad(E)=329.138    E(BOND)=208943.438 E(ANGL)=804458.078 |
 | E(IMPR)=765943.069                                                          |
 -------------------------------------------------------------------------------
 CENMAS: Information about center of free masses
         position [A]          :     -0.71772     -0.03719     -0.28849
         velocity [A/ps]       :      0.17289     -0.56285     -0.12122
         ang. mom. [amu A/ps]  :-660654.89003 435048.87028 410628.76964
         kin. ener. [Kcal/mol] :     39.24762
 POWELL: number of degrees of freedom= 13632
 NBONDS: found   679790 intra-atom interactions
 NBONDS: found   678537 intra-atom interactions
 NBONDS: found   679072 intra-atom interactions
 NBONDS: found   680146 intra-atom interactions
 --------------- cycle=    10 ------ stepsize=   -0.0000 -----------------------
 | Etotal =0.18E+07   grad(E)=264.229    E(BOND)=215753.086 E(ANGL)=453534.507 |
 | E(IMPR)=688651.919 E(VDW )=489104.269                                       |
 -------------------------------------------------------------------------------
 NBONDS: found   681220 intra-atom interactions
 NBONDS: found   681213 intra-atom interactions
 NBONDS: found   681232 intra-atom interactions
 NBONDS: found   681264 intra-atom interactions
 --------------- cycle=    20 ------ stepsize=    0.0000 -----------------------
 | Etotal =0.13E+07   grad(E)=142.089    E(BOND)=170567.786 E(ANGL)=170472.691 |
 | E(IMPR)=575085.808 E(VDW )=350507.006                                       |
 -------------------------------------------------------------------------------
 NBONDS: found   681136 intra-atom interactions
 NBONDS: found   681145 intra-atom interactions
 --------------- cycle=    30 ------ stepsize=    0.0000 -----------------------
 | Etotal =0.12E+07   grad(E)=114.858    E(BOND)=163731.644 E(ANGL)=134761.579 |
 | E(IMPR)=559790.768 E(VDW )=325313.964                                       |
 -------------------------------------------------------------------------------
 NBONDS: found   681243 intra-atom interactions
 NBONDS: found   681298 intra-atom interactions
 --------------- cycle=    40 ------ stepsize=    0.0001 -----------------------
 | Etotal =0.12E+07   grad(E)=111.674    E(BOND)=161367.095 E(ANGL)=129038.309 |
 | E(IMPR)=550538.391 E(VDW )=320328.458                                       |
 -------------------------------------------------------------------------------
 NBONDS: found   681332 intra-atom interactions
 NBONDS: found   681303 intra-atom interactions
 --------------- cycle=    50 ------ stepsize=    0.0000 -----------------------
 | Etotal =0.12E+07   grad(E)=110.233    E(BOND)=162240.439 E(ANGL)=127102.218 |
 | E(IMPR)=542895.715 E(VDW )=318191.286                                       |
 -------------------------------------------------------------------------------
 POWELL: STEP number limit. Normal termination
 POWELL: Current coordinates set to last minimum
 DCART: temperature coupling (TCOUpling) enabled
 -------------------------- Cartesian dynamics start ---------------------------
 | E(kin)+E(total)=0.12E+07        E(kin)=4069.880      temperature=300.478    |
 | Etotal =0.12E+07   grad(E)=110.233    E(BOND)=162240.439 E(ANGL)=127102.218 |
 | E(IMPR)=542895.715 E(VDW )=318191.286                                       |
 -------------------------------------------------------------------------------
 NBONDS: found   681294 intra-atom interactions
 NBONDS: found   681318 intra-atom interactions
 NBONDS: found   681331 intra-atom interactions
 ----------------- final step=       50 at      0.02500 ps ---------------------
 | E(kin)+E(total)=0.12E+07        E(kin)=6349.082      temperature=468.751    |
 | Etotal =0.11E+07   grad(E)=112.898    E(BOND)=164081.025 E(ANGL)=125574.981 |
 | E(IMPR)=539018.042 E(VDW )=316559.774                                       |
 -------------------------------------------------------------------------------
 CENMAS: Information about center of free masses
         position [A]          :     -0.71980     -0.03995     -0.28230
         velocity [A/ps]       :     -0.01931     -0.06890     -0.00153
         ang. mom. [amu A/ps]  : 105083.34513 135968.36080 -10766.24211
         kin. ener. [Kcal/mol] :      0.55636
 %PARRDR-info: duplication of bond HC   NC2 
 %PARRDR-info: duplication of angle CH2E C    NH1 
 %PARRDR-info: duplication of angle CH2P CH2E HA  
 POWELL: number of degrees of freedom= 13632
 NBONDS: generating intra-molecular exclusion list with mode=-3
 MAKINB: mode  -3 found  15524 exclusions and      0 interactions(1-4)
 NBONDS: found   670351 intra-atom interactions
 NBONDS: found   672136 intra-atom interactions
 NBONDS: found   672058 intra-atom interactions
 NBONDS: found   672253 intra-atom interactions
 NBONDS: found   672505 intra-atom interactions
 NBONDS: found   672830 intra-atom interactions
 NBONDS: found   673016 intra-atom interactions
 --------------- cycle=    25 ------ stepsize=   -0.0000 -----------------------
 | Etotal =321711.510 grad(E)=145.284    E(BOND)=54529.654  E(ANGL)=145952.812 |
 | E(IMPR)=118727.590 E(VDW )=2501.453                                         |
 -------------------------------------------------------------------------------
 NBONDS: found   673054 intra-atom interactions
 NBONDS: found   673080 intra-atom interactions
 NBONDS: found   672948 intra-atom interactions
 NBONDS: found   672859 intra-atom interactions
 NBONDS: found   672821 intra-atom interactions
 NBONDS: found   672746 intra-atom interactions
 --------------- cycle=    50 ------ stepsize=    0.0007 -----------------------
 | Etotal =54131.077  grad(E)=47.156     E(BOND)=3318.304   E(ANGL)=27304.856  |
 | E(IMPR)=22769.293  E(VDW )=738.624                                          |
 -------------------------------------------------------------------------------
 NBONDS: found   672775 intra-atom interactions
 NBONDS: found   672721 intra-atom interactions
 NBONDS: found   672577 intra-atom interactions
 NBONDS: found   672641 intra-atom interactions
 NBONDS: found   672681 intra-atom interactions
 --------------- cycle=    75 ------ stepsize=    0.0001 -----------------------
 | Etotal =5946.689   grad(E)=17.258     E(BOND)=234.457    E(ANGL)=3668.209   |
 | E(IMPR)=1542.368   E(VDW )=501.655                                          |
 -------------------------------------------------------------------------------
 NBONDS: found   672616 intra-atom interactions
 NBONDS: found   672674 intra-atom interactions
 --------------- cycle=   100 ------ stepsize=    0.0003 -----------------------
 | Etotal =1296.276   grad(E)=11.316     E(BOND)=121.170    E(ANGL)=670.489    |
 | E(IMPR)=37.790     E(VDW )=466.827                                          |
 -------------------------------------------------------------------------------
 POWELL: STEP number limit. Normal termination
 POWELL: Current coordinates set to last minimum
 DCART: temperature coupling (TCOUpling) enabled
 -------------------------- Cartesian dynamics start ---------------------------
 | E(kin)+E(total)=5298.004        E(kin)=4001.728      temperature=295.446    |
 | Etotal =1296.276   grad(E)=11.316     E(BOND)=121.170    E(ANGL)=670.489    |
 | E(IMPR)=37.790     E(VDW )=466.827                                          |
 -------------------------------------------------------------------------------
 NBONDS: found   672670 intra-atom interactions
 NBONDS: found   672693 intra-atom interactions
 NBONDS: found   672764 intra-atom interactions
 NBONDS: found   672635 intra-atom interactions
 NBONDS: found   672624 intra-atom interactions
 NBONDS: found   672657 intra-atom interactions
 NBONDS: found   672807 intra-atom interactions
 NBONDS: found   672751 intra-atom interactions
 NBONDS: found   672746 intra-atom interactions
 NBONDS: found   672692 intra-atom interactions
 NBONDS: found   672700 intra-atom interactions
 NBONDS: found   672766 intra-atom interactions
 NBONDS: found   672649 intra-atom interactions
 NBONDS: found   672674 intra-atom interactions
 NBONDS: found   672678 intra-atom interactions
 NBONDS: found   672666 intra-atom interactions
 NBONDS: found   672729 intra-atom interactions
 NBONDS: found   672694 intra-atom interactions
 ----------------- final step=      500 at      0.25000 ps ---------------------
 | E(kin)+E(total)=8479.228        E(kin)=4424.077      temperature=326.628    |
 | Etotal =4055.151   grad(E)=26.402     E(BOND)=744.808    E(ANGL)=2424.223   |
 | E(IMPR)=320.107    E(VDW )=566.014                                          |
 -------------------------------------------------------------------------------
 CENMAS: Information about center of free masses
         position [A]          :     -0.72056     -0.03999     -0.28335
         velocity [A/ps]       :      0.00261     -0.01641     -0.03336
         ang. mom. [amu A/ps]  :  23139.16469  43816.72014  31976.19784
         kin. ener. [Kcal/mol] :      0.15081
 EFLAGS: the following energy flags are set
 EFLAGS: BOND ANGL DIHE IMPR VDW 
 %PARRDR-info: duplication of bond HC   NC2 
 %PARRDR-info: duplication of angle CH2E C    NH1 
 %PARRDR-info: duplication of angle CH2P CH2E HA  
 POWELL: number of degrees of freedom= 13632
 NBONDS: generating intra-molecular exclusion list with mode=-3
 MAKINB: mode  -3 found  15524 exclusions and      0 interactions(1-4)
 NBONDS: found   672671 intra-atom interactions
 NBONDS: found   672511 intra-atom interactions
 --------------- cycle=    50 ------ stepsize=    0.0013 -----------------------
 | Etotal =12971.225  grad(E)=13.474     E(BOND)=228.693    E(ANGL)=1146.594   |
 | E(DIHE)=200.089    E(IMPR)=104.201    E(VDW )=11291.648                     |
 -------------------------------------------------------------------------------
 NBONDS: found   672666 intra-atom interactions
 --------------- cycle=   100 ------ stepsize=    0.0011 -----------------------
 | Etotal =12591.266  grad(E)=13.288     E(BOND)=221.078    E(ANGL)=1133.638   |
 | E(DIHE)=168.334    E(IMPR)=95.150     E(VDW )=10973.067                     |
 -------------------------------------------------------------------------------
 NBONDS: found   672617 intra-atom interactions
 --------------- cycle=   150 ------ stepsize=    0.0011 -----------------------
 | Etotal =12544.409  grad(E)=13.271     E(BOND)=221.290    E(ANGL)=1133.312   |
 | E(DIHE)=162.699    E(IMPR)=91.272     E(VDW )=10935.835                     |
 -------------------------------------------------------------------------------
 --------------- cycle=   200 ------ stepsize=    0.0012 -----------------------
 | Etotal =12535.008  grad(E)=13.264     E(BOND)=221.382    E(ANGL)=1131.234   |
 | E(DIHE)=158.948    E(IMPR)=91.731     E(VDW )=10931.714                     |
 -------------------------------------------------------------------------------
 --------------- cycle=   250 ------ stepsize=    0.0014 -----------------------
 | Etotal =12532.722  grad(E)=13.262     E(BOND)=221.317    E(ANGL)=1130.918   |
 | E(DIHE)=159.406    E(IMPR)=91.775     E(VDW )=10929.306                     |
 -------------------------------------------------------------------------------
 --------------- cycle=   300 ------ stepsize=    0.0009 -----------------------
 | Etotal =12532.637  grad(E)=13.263     E(BOND)=221.301    E(ANGL)=1131.018   |
 | E(DIHE)=159.552    E(IMPR)=91.961     E(VDW )=10928.806                     |
 -------------------------------------------------------------------------------
 --------------- cycle=   350 ------ stepsize=    0.0013 -----------------------
 | Etotal =12532.628  grad(E)=13.263     E(BOND)=221.298    E(ANGL)=1131.031   |
 | E(DIHE)=159.483    E(IMPR)=91.956     E(VDW )=10928.859                     |
 -------------------------------------------------------------------------------
 --------------- cycle=   400 ------ stepsize=    0.0012 -----------------------
 | Etotal =12532.627  grad(E)=13.263     E(BOND)=221.296    E(ANGL)=1131.043   |
 | E(DIHE)=159.475    E(IMPR)=91.960     E(VDW )=10928.853                     |
 -------------------------------------------------------------------------------
 --------------- cycle=   450 ------ stepsize=    0.0010 -----------------------
 | Etotal =12532.627  grad(E)=13.263     E(BOND)=221.298    E(ANGL)=1131.041   |
 | E(DIHE)=159.464    E(IMPR)=91.960     E(VDW )=10928.864                     |
 -------------------------------------------------------------------------------
 --------------- cycle=   500 ------ stepsize=    0.0010 -----------------------
 | Etotal =12532.627  grad(E)=13.263     E(BOND)=221.297    E(ANGL)=1131.040   |
 | E(DIHE)=159.464    E(IMPR)=91.960     E(VDW )=10928.866                     |
 -------------------------------------------------------------------------------
 POWELL: STEP number limit. Normal termination
 POWELL: Current coordinates set to last minimum
 DCART: temperature coupling (TCOUpling) enabled
 -------------------------- Cartesian dynamics start ---------------------------
 | E(kin)+E(total)=16624.761       E(kin)=4092.134      temperature=302.121    |
 | Etotal =12532.627  grad(E)=13.263     E(BOND)=221.297    E(ANGL)=1131.040   |
 | E(DIHE)=159.464    E(IMPR)=91.960     E(VDW )=10928.866                     |
 -------------------------------------------------------------------------------
 NBONDS: found   672680 intra-atom interactions
 NBONDS: found   672602 intra-atom interactions
 NBONDS: found   672637 intra-atom interactions
 NBONDS: found   672555 intra-atom interactions
 NBONDS: found   672547 intra-atom interactions
 NBONDS: found   672592 intra-atom interactions
 NBONDS: found   672571 intra-atom interactions
 NBONDS: found   672575 intra-atom interactions
 NBONDS: found   672499 intra-atom interactions
 NBONDS: found   672625 intra-atom interactions
 NBONDS: found   672613 intra-atom interactions
 NBONDS: found   672611 intra-atom interactions
 NBONDS: found   672531 intra-atom interactions
 ----------------- final step=      500 at      0.25000 ps ---------------------
 | E(kin)+E(total)=20700.696       E(kin)=4199.291      temperature=310.032    |
 | Etotal =16501.405  grad(E)=31.578     E(BOND)=1273.748   E(ANGL)=3373.926   |
 | E(DIHE)=165.897    E(IMPR)=410.721    E(VDW )=11277.113                     |
 -------------------------------------------------------------------------------
 CENMAS: Information about center of free masses
         position [A]          :     -0.72090     -0.04110     -0.28297
         velocity [A/ps]       :      0.17206      0.30195      0.23219
         ang. mom. [amu A/ps]  :  20560.82089 -42274.95744   3253.84385
         kin. ener. [Kcal/mol] :      0.95620
 POWELL: number of degrees of freedom= 13632
 --------------- cycle=    50 ------ stepsize=    0.0010 -----------------------
 | Etotal =12534.437  grad(E)=13.265     E(BOND)=220.617    E(ANGL)=1131.202   |
 | E(DIHE)=157.255    E(IMPR)=92.230     E(VDW )=10933.132                     |
 -------------------------------------------------------------------------------
 --------------- cycle=   100 ------ stepsize=    0.0011 -----------------------
 | Etotal =12525.019  grad(E)=13.261     E(BOND)=220.749    E(ANGL)=1130.842   |
 | E(DIHE)=155.022    E(IMPR)=92.103     E(VDW )=10926.303                     |
 -------------------------------------------------------------------------------
 --------------- cycle=   150 ------ stepsize=    0.0010 -----------------------
 | Etotal =12524.210  grad(E)=13.258     E(BOND)=220.703    E(ANGL)=1130.482   |
 | E(DIHE)=155.740    E(IMPR)=92.040     E(VDW )=10925.244                     |
 -------------------------------------------------------------------------------
 --------------- cycle=   200 ------ stepsize=    0.0010 -----------------------
 | Etotal =12524.183  grad(E)=13.258     E(BOND)=220.705    E(ANGL)=1130.432   |
 | E(DIHE)=155.761    E(IMPR)=92.055     E(VDW )=10925.230                     |
 -------------------------------------------------------------------------------
 --------------- cycle=   250 ------ stepsize=    0.0009 -----------------------
 | Etotal =12524.178  grad(E)=13.257     E(BOND)=220.716    E(ANGL)=1130.397   |
 | E(DIHE)=155.783    E(IMPR)=92.050     E(VDW )=10925.232                     |
 -------------------------------------------------------------------------------
 --------------- cycle=   300 ------ stepsize=    0.0010 -----------------------
 | Etotal =12524.177  grad(E)=13.258     E(BOND)=220.723    E(ANGL)=1130.398   |
 | E(DIHE)=155.691    E(IMPR)=92.049     E(VDW )=10925.314                     |
 -------------------------------------------------------------------------------
 --------------- cycle=   350 ------ stepsize=    0.0013 -----------------------
 | Etotal =12524.175  grad(E)=13.257     E(BOND)=220.731    E(ANGL)=1130.375   |
 | E(DIHE)=155.647    E(IMPR)=92.047     E(VDW )=10925.376                     |
 -------------------------------------------------------------------------------
 --------------- cycle=   400 ------ stepsize=    0.0011 -----------------------
 | Etotal =12524.175  grad(E)=13.257     E(BOND)=220.731    E(ANGL)=1130.367   |
 | E(DIHE)=155.658    E(IMPR)=92.044     E(VDW )=10925.375                     |
 -------------------------------------------------------------------------------
 POWELL: Gradient converged. Normal termination
 POWELL: Current coordinates set to last minimum
 POWELL: number of degrees of freedom= 18027
 NBONDS: found   672563 intra-atom interactions
 --------------- cycle=     5 ------ stepsize=    0.0006 -----------------------
 | Etotal =12407.015  grad(E)=13.262     E(BOND)=220.396    E(ANGL)=1131.213   |
 | E(DIHE)=155.654    E(IMPR)=92.032     E(VDW )=10807.719                     |
 -------------------------------------------------------------------------------
 --------------- cycle=    10 ------ stepsize=    0.0008 -----------------------
 | Etotal =12405.564  grad(E)=13.260     E(BOND)=220.114    E(ANGL)=1131.715   |
 | E(DIHE)=155.632    E(IMPR)=92.064     E(VDW )=10806.040                     |
 -------------------------------------------------------------------------------
 --------------- cycle=    15 ------ stepsize=    0.0008 -----------------------
 | Etotal =12404.894  grad(E)=13.258     E(BOND)=220.095    E(ANGL)=1131.977   |
 | E(DIHE)=155.545    E(IMPR)=92.114     E(VDW )=10805.163                     |
 -------------------------------------------------------------------------------
 --------------- cycle=    20 ------ stepsize=    0.0007 -----------------------
 | Etotal =12404.540  grad(E)=13.258     E(BOND)=220.198    E(ANGL)=1131.548   |
 | E(DIHE)=155.491    E(IMPR)=92.059     E(VDW )=10805.244                     |
 -------------------------------------------------------------------------------
 --------------- cycle=    25 ------ stepsize=    0.0008 -----------------------
 | Etotal =12404.236  grad(E)=13.264     E(BOND)=220.222    E(ANGL)=1132.117   |
 | E(DIHE)=155.373    E(IMPR)=92.122     E(VDW )=10804.403                     |
 -------------------------------------------------------------------------------
 --------------- cycle=    30 ------ stepsize=    0.0010 -----------------------
 | Etotal =12403.949  grad(E)=13.258     E(BOND)=220.252    E(ANGL)=1131.643   |
 | E(DIHE)=155.253    E(IMPR)=92.082     E(VDW )=10804.719                     |
 -------------------------------------------------------------------------------
 --------------- cycle=    35 ------ stepsize=    0.0008 -----------------------
 | Etotal =12403.910  grad(E)=13.259     E(BOND)=220.240    E(ANGL)=1131.629   |
 | E(DIHE)=155.234    E(IMPR)=92.080     E(VDW )=10804.727                     |
 -------------------------------------------------------------------------------
 --------------- cycle=    40 ------ stepsize=    0.0013 -----------------------
 | Etotal =12403.821  grad(E)=13.259     E(BOND)=220.256    E(ANGL)=1131.680   |
 | E(DIHE)=155.135    E(IMPR)=92.075     E(VDW )=10804.674                     |
 -------------------------------------------------------------------------------
 --------------- cycle=    45 ------ stepsize=   -0.0005 -----------------------
 | Etotal =12403.766  grad(E)=13.258     E(BOND)=220.268    E(ANGL)=1131.530   |
 | E(DIHE)=155.071    E(IMPR)=92.055     E(VDW )=10804.843                     |
 -------------------------------------------------------------------------------
 --------------- cycle=    50 ------ stepsize=    0.0012 -----------------------
 | Etotal =12403.688  grad(E)=13.258     E(BOND)=220.291    E(ANGL)=1131.548   |
 | E(DIHE)=154.980    E(IMPR)=92.060     E(VDW )=10804.808                     |
 -------------------------------------------------------------------------------
 POWELL: STEP number limit. Normal termination
 POWELL: Current coordinates set to last minimum
 %PARRDR-info: duplication of bond HC   NC2 
 %PARRDR-info: duplication of angle CH2E C    NH1 
 %PARRDR-info: duplication of angle CH2P CH2E HA  
 POWELL: number of degrees of freedom= 18027
 NBONDS: generating intra-molecular exclusion list with mode= 5
 MAKINB: mode   5 found  17486 exclusions and  17638 interactions(1-4)
 NBONDS: found   889494 intra-atom interactions
 NBONDS: found   889658 intra-atom interactions
 NBONDS: found   889613 intra-atom interactions
 --------------- cycle=    50 ------ stepsize=    0.0008 -----------------------
 | Etotal =-68.132    grad(E)=5.358      E(BOND)=6.027      E(ANGL)=406.905    |
 | E(DIHE)=51.834     E(IMPR)=32.425     E(VDW )=-566.401   E(ELEC)=1.078      |
 -------------------------------------------------------------------------------
 POWELL: STEP number limit. Normal termination
 POWELL: Current coordinates set to last minimum
 --------------- cycle=     1 --------------------------------------------------
 | Etotal =-68.132    grad(E)=5.358      E(BOND)=6.027      E(ANGL)=406.905    |
 | E(DIHE)=51.834     E(IMPR)=32.425     E(VDW )=-566.401   E(ELEC)=1.078      |
 -------------------------------------------------------------------------------
 SURFAC: half the sigma value being used for atomic radii.
 SURFAC: ACCEssible surface area
 SURFAC: ACCUracy= 0.07 RH2O=  1.40
         Z-grid=  0.32 number-of-Z-sections=  213
         measures-of-arc= 92910 and148312
 SURFAC: half the sigma value being used for atomic radii.
 SURFAC: ACCEssible surface area
 SURFAC: ACCUracy= 0.07 RH2O=  1.40
         Z-grid=  0.32 number-of-Z-sections=  133
         measures-of-arc= 26234 and 45912
 SURFAC: half the sigma value being used for atomic radii.
 SURFAC: ACCEssible surface area
 SURFAC: ACCUracy= 0.07 RH2O=  1.40
         Z-grid=  0.32 number-of-Z-sections=  213
         measures-of-arc=120612 and194466
 %PARRDR-info: duplication of bond HC   NC2 
 %PARRDR-info: duplication of angle CH2E C    NH1 
 %PARRDR-info: duplication of angle CH2P CH2E HA  
 NBONDS: generating intra-molecular exclusion list with mode= 5
 MAKINB: mode   5 found      0 exclusions and      0 interactions(1-4)
 NBONDS: found      342 intra-atom interactions
 --------------- cycle=     2 --------------------------------------------------
 | Etotal =-0.926     grad(E)=0.026      E(VDW )=-0.367     E(ELEC)=-0.559     |
 -------------------------------------------------------------------------------
 NBONDS: generating intra-molecular exclusion list with mode= 5
 MAKINB: mode   5 found      0 exclusions and      0 interactions(1-4)
 NBONDS: found      602 intra-atom interactions
 --------------- cycle=     3 --------------------------------------------------
 | Etotal =0.417      grad(E)=0.027      E(VDW )=-0.909     E(ELEC)=1.326      |
 -------------------------------------------------------------------------------
 NBONDS: generating intra-molecular exclusion list with mode= 5
 MAKINB: mode   5 found      0 exclusions and      0 interactions(1-4)
 NBONDS: found     1117 intra-atom interactions
 --------------- cycle=     4 --------------------------------------------------
 | Etotal =-3.726     grad(E)=0.084      E(VDW )=-4.161     E(ELEC)=0.435      |
 -------------------------------------------------------------------------------
 NBONDS: generating intra-molecular exclusion list with mode= 5
 MAKINB: mode   5 found      0 exclusions and      0 interactions(1-4)
 NBONDS: found      597 intra-atom interactions
 --------------- cycle=     5 --------------------------------------------------
 | Etotal =-2.322     grad(E)=0.021      E(VDW )=-1.016     E(ELEC)=-1.306     |
 -------------------------------------------------------------------------------
 NBONDS: generating intra-molecular exclusion list with mode= 5
 MAKINB: mode   5 found      0 exclusions and      0 interactions(1-4)
 NBONDS: found     2012 intra-atom interactions
 --------------- cycle=     6 --------------------------------------------------
 | Etotal =-14.206    grad(E)=0.102      E(VDW )=-6.263     E(ELEC)=-7.943     |
 -------------------------------------------------------------------------------
 NBONDS: generating intra-molecular exclusion list with mode= 5
 MAKINB: mode   5 found      0 exclusions and      0 interactions(1-4)
 NBONDS: found     1141 intra-atom interactions
 --------------- cycle=     7 --------------------------------------------------
 | Etotal =-3.503     grad(E)=0.034      E(VDW )=-4.139     E(ELEC)=0.635      |
 -------------------------------------------------------------------------------
 NBONDS: generating intra-molecular exclusion list with mode= 5
 MAKINB: mode   5 found      0 exclusions and      0 interactions(1-4)
 NBONDS: found     1068 intra-atom interactions
 --------------- cycle=     8 --------------------------------------------------
 | Etotal =3.722      grad(E)=0.148      E(VDW )=-1.717     E(ELEC)=5.440      |
 -------------------------------------------------------------------------------
 NBONDS: generating intra-molecular exclusion list with mode= 5
 MAKINB: mode   5 found      0 exclusions and      0 interactions(1-4)
 NBONDS: found     1450 intra-atom interactions
 --------------- cycle=     9 --------------------------------------------------
 | Etotal =-17.651    grad(E)=0.143      E(VDW )=-5.398     E(ELEC)=-12.253    |
 -------------------------------------------------------------------------------
 NBONDS: generating intra-molecular exclusion list with mode= 5
 MAKINB: mode   5 found      0 exclusions and      0 interactions(1-4)
 NBONDS: found     1648 intra-atom interactions
 --------------- cycle=    10 --------------------------------------------------
 | Etotal =-4.658     grad(E)=0.085      E(VDW )=-3.894     E(ELEC)=-0.764     |
 -------------------------------------------------------------------------------
 NBONDS: generating intra-molecular exclusion list with mode= 5
 MAKINB: mode   5 found      0 exclusions and      0 interactions(1-4)
 NBONDS: found      735 intra-atom interactions
 --------------- cycle=    11 --------------------------------------------------
 | Etotal =-26.994    grad(E)=0.308      E(VDW )=-0.112     E(ELEC)=-26.883    |
 -------------------------------------------------------------------------------
 NBONDS: generating intra-molecular exclusion list with mode= 5
 MAKINB: mode   5 found      0 exclusions and      0 interactions(1-4)
 NBONDS: found      472 intra-atom interactions
 --------------- cycle=    12 --------------------------------------------------
 | Etotal =-3.300     grad(E)=0.086      E(VDW )=-0.377     E(ELEC)=-2.923     |
 -------------------------------------------------------------------------------
 NBONDS: generating intra-molecular exclusion list with mode= 5
 MAKINB: mode   5 found      0 exclusions and      0 interactions(1-4)
 NBONDS: found      734 intra-atom interactions
 --------------- cycle=    13 --------------------------------------------------
 | Etotal =-27.139    grad(E)=0.314      E(VDW )=-0.916     E(ELEC)=-26.223    |
 -------------------------------------------------------------------------------
 NBONDS: generating intra-molecular exclusion list with mode= 5
 MAKINB: mode   5 found      0 exclusions and      0 interactions(1-4)
 NBONDS: found     1238 intra-atom interactions
 --------------- cycle=    14 --------------------------------------------------
 | Etotal =-13.574    grad(E)=0.159      E(VDW )=-2.949     E(ELEC)=-10.625    |
 -------------------------------------------------------------------------------
 NBONDS: generating intra-molecular exclusion list with mode= 5
 MAKINB: mode   5 found      0 exclusions and      0 interactions(1-4)
 NBONDS: found      504 intra-atom interactions
 --------------- cycle=    15 --------------------------------------------------
 | Etotal =0.887      grad(E)=0.051      E(VDW )=-0.831     E(ELEC)=1.717      |
 -------------------------------------------------------------------------------
 NBONDS: generating intra-molecular exclusion list with mode= 5
 MAKINB: mode   5 found      0 exclusions and      0 interactions(1-4)
 NBONDS: found      736 intra-atom interactions
 --------------- cycle=    16 --------------------------------------------------
 | Etotal =-0.530     grad(E)=0.007      E(VDW )=-0.788     E(ELEC)=0.258      |
 -------------------------------------------------------------------------------
 NBONDS: generating intra-molecular exclusion list with mode= 5
 MAKINB: mode   5 found      0 exclusions and      0 interactions(1-4)
 NBONDS: found      269 intra-atom interactions
 --------------- cycle=    17 --------------------------------------------------
 | Etotal =-0.389     grad(E)=0.008      E(VDW )=-0.872     E(ELEC)=0.483      |
 -------------------------------------------------------------------------------
 NBONDS: generating intra-molecular exclusion list with mode= 5
 MAKINB: mode   5 found      0 exclusions and      0 interactions(1-4)
 NBONDS: found      348 intra-atom interactions
 --------------- cycle=    18 --------------------------------------------------
 | Etotal =-0.733     grad(E)=0.030      E(VDW )=-0.733     E(ELEC)=0.000      |
 -------------------------------------------------------------------------------
 NBONDS: generating intra-molecular exclusion list with mode= 5
 MAKINB: mode   5 found      0 exclusions and      0 interactions(1-4)
 NBONDS: found      510 intra-atom interactions
 --------------- cycle=    19 --------------------------------------------------
 | Etotal =-6.592     grad(E)=0.064      E(VDW )=-0.687     E(ELEC)=-5.905     |
 -------------------------------------------------------------------------------
 NBONDS: generating intra-molecular exclusion list with mode= 5
 MAKINB: mode   5 found      0 exclusions and      0 interactions(1-4)
 NBONDS: found      327 intra-atom interactions
 --------------- cycle=    20 --------------------------------------------------
 | Etotal =-0.023     grad(E)=0.021      E(VDW )=-0.775     E(ELEC)=0.752      |
 -------------------------------------------------------------------------------
 NBONDS: generating intra-molecular exclusion list with mode= 5
 MAKINB: mode   5 found      0 exclusions and      0 interactions(1-4)
 NBONDS: found     2010 intra-atom interactions
 --------------- cycle=    21 --------------------------------------------------
 | Etotal =-19.408    grad(E)=0.161      E(VDW )=-9.723     E(ELEC)=-9.685     |
 -------------------------------------------------------------------------------
 NBONDS: generating intra-molecular exclusion list with mode= 5
 MAKINB: mode   5 found      0 exclusions and      0 interactions(1-4)
 NBONDS: found      515 intra-atom interactions
 --------------- cycle=    22 --------------------------------------------------
 | Etotal =-3.169     grad(E)=0.039      E(VDW )=-1.668     E(ELEC)=-1.501     |
 -------------------------------------------------------------------------------
 NBONDS: generating intra-molecular exclusion list with mode= 5
 MAKINB: mode   5 found      0 exclusions and      0 interactions(1-4)
 NBONDS: found      627 intra-atom interactions
 --------------- cycle=    23 --------------------------------------------------
 | Etotal =1.817      grad(E)=0.104      E(VDW )=-1.978     E(ELEC)=3.795      |
 -------------------------------------------------------------------------------
 NBONDS: generating intra-molecular exclusion list with mode= 5
 MAKINB: mode   5 found      0 exclusions and      0 interactions(1-4)
 NBONDS: found      318 intra-atom interactions
 --------------- cycle=    24 --------------------------------------------------
 | Etotal =-0.657     grad(E)=0.054      E(VDW )=-0.725     E(ELEC)=0.068      |
 -------------------------------------------------------------------------------
 NBONDS: generating intra-molecular exclusion list with mode= 5
 MAKINB: mode   5 found      0 exclusions and      0 interactions(1-4)
 NBONDS: found      165 intra-atom interactions
 --------------- cycle=    25 --------------------------------------------------
 | Etotal =0.852      grad(E)=0.052      E(VDW )=-0.201     E(ELEC)=1.053      |
 -------------------------------------------------------------------------------
 NBONDS: generating intra-molecular exclusion list with mode= 5
 MAKINB: mode   5 found      0 exclusions and      0 interactions(1-4)
 NBONDS: found      455 intra-atom interactions
 --------------- cycle=    26 --------------------------------------------------
 | Etotal =6.508      grad(E)=0.112      E(VDW )=-0.270     E(ELEC)=6.778      |
 -------------------------------------------------------------------------------
 NBONDS: generating intra-molecular exclusion list with mode= 5
 MAKINB: mode   5 found      0 exclusions and      0 interactions(1-4)
 NBONDS: found      705 intra-atom interactions
 --------------- cycle=    27 --------------------------------------------------
 | Etotal =-15.363    grad(E)=0.259      E(VDW )=-0.892     E(ELEC)=-14.472    |
 -------------------------------------------------------------------------------
 NBONDS: generating intra-molecular exclusion list with mode= 5
 MAKINB: mode   5 found      0 exclusions and      0 interactions(1-4)
 NBONDS: found      461 intra-atom interactions
 --------------- cycle=    28 --------------------------------------------------
 | Etotal =-3.226     grad(E)=0.045      E(VDW )=-1.267     E(ELEC)=-1.960     |
 -------------------------------------------------------------------------------
 NBONDS: generating intra-molecular exclusion list with mode= 5
 MAKINB: mode   5 found      0 exclusions and      0 interactions(1-4)
 NBONDS: found     1354 intra-atom interactions
 --------------- cycle=    29 --------------------------------------------------
 | Etotal =-3.875     grad(E)=0.018      E(VDW )=-3.132     E(ELEC)=-0.743     |
 -------------------------------------------------------------------------------
 NBONDS: generating intra-molecular exclusion list with mode= 5
 MAKINB: mode   5 found      0 exclusions and      0 interactions(1-4)
 NBONDS: found     1462 intra-atom interactions
 --------------- cycle=    30 --------------------------------------------------
 | Etotal =-4.327     grad(E)=0.113      E(VDW )=-4.207     E(ELEC)=-0.121     |
 -------------------------------------------------------------------------------
 NBONDS: generating intra-molecular exclusion list with mode= 5
 MAKINB: mode   5 found      0 exclusions and      0 interactions(1-4)
 NBONDS: found      670 intra-atom interactions
 --------------- cycle=    31 --------------------------------------------------
 | Etotal =-1.914     grad(E)=0.021      E(VDW )=-1.133     E(ELEC)=-0.781     |
 -------------------------------------------------------------------------------
 NBONDS: generating intra-molecular exclusion list with mode= 5
 MAKINB: mode   5 found      0 exclusions and      0 interactions(1-4)
 NBONDS: found      701 intra-atom interactions
 --------------- cycle=    32 --------------------------------------------------
 | Etotal =-6.016     grad(E)=0.075      E(VDW )=-2.438     E(ELEC)=-3.578     |
 -------------------------------------------------------------------------------
 NBONDS: generating intra-molecular exclusion list with mode= 5
 MAKINB: mode   5 found      0 exclusions and      0 interactions(1-4)
 NBONDS: found      304 intra-atom interactions
 --------------- cycle=    33 --------------------------------------------------
 | Etotal =-3.076     grad(E)=0.038      E(VDW )=-1.176     E(ELEC)=-1.900     |
 -------------------------------------------------------------------------------
 NBONDS: generating intra-molecular exclusion list with mode= 5
 MAKINB: mode   5 found      0 exclusions and      0 interactions(1-4)
 NBONDS: found     1925 intra-atom interactions
 --------------- cycle=    34 --------------------------------------------------
 | Etotal =-4.422     grad(E)=0.031      E(VDW )=-4.328     E(ELEC)=-0.095     |
 -------------------------------------------------------------------------------
 NBONDS: generating intra-molecular exclusion list with mode= 5
 MAKINB: mode   5 found      0 exclusions and      0 interactions(1-4)
 NBONDS: found     1045 intra-atom interactions
 --------------- cycle=    35 --------------------------------------------------
 | Etotal =-2.799     grad(E)=0.074      E(VDW )=-3.155     E(ELEC)=0.356      |
 -------------------------------------------------------------------------------
 NBONDS: generating intra-molecular exclusion list with mode= 5
 MAKINB: mode   5 found      0 exclusions and      0 interactions(1-4)
 NBONDS: found     1314 intra-atom interactions
 --------------- cycle=    36 --------------------------------------------------
 | Etotal =-6.921     grad(E)=0.070      E(VDW )=-4.704     E(ELEC)=-2.216     |
 -------------------------------------------------------------------------------
 NBONDS: generating intra-molecular exclusion list with mode= 5
 MAKINB: mode   5 found      0 exclusions and      0 interactions(1-4)
 NBONDS: found     1238 intra-atom interactions
 --------------- cycle=    37 --------------------------------------------------
 | Etotal =-35.638    grad(E)=0.336      E(VDW )=-3.229     E(ELEC)=-32.409    |
 -------------------------------------------------------------------------------
 NBONDS: generating intra-molecular exclusion list with mode= 5
 MAKINB: mode   5 found      0 exclusions and      0 interactions(1-4)
 NBONDS: found      363 intra-atom interactions
 --------------- cycle=    38 --------------------------------------------------
 | Etotal =-6.993     grad(E)=0.054      E(VDW )=-0.581     E(ELEC)=-6.412     |
 -------------------------------------------------------------------------------
 NBONDS: generating intra-molecular exclusion list with mode= 5
 MAKINB: mode   5 found      0 exclusions and      0 interactions(1-4)
 NBONDS: found     1274 intra-atom interactions
 --------------- cycle=    39 --------------------------------------------------
 | Etotal =-7.642     grad(E)=0.071      E(VDW )=-3.097     E(ELEC)=-4.545     |
 -------------------------------------------------------------------------------
 NBONDS: generating intra-molecular exclusion list with mode= 5
 MAKINB: mode   5 found      0 exclusions and      0 interactions(1-4)
 NBONDS: found     1628 intra-atom interactions
 --------------- cycle=    40 --------------------------------------------------
 | Etotal =-10.660    grad(E)=0.176      E(VDW )=-3.398     E(ELEC)=-7.262     |
 -------------------------------------------------------------------------------
 NBONDS: generating intra-molecular exclusion list with mode= 5
 MAKINB: mode   5 found      0 exclusions and      0 interactions(1-4)
 NBONDS: found     1143 intra-atom interactions
 --------------- cycle=    41 --------------------------------------------------
 | Etotal =-8.870     grad(E)=0.125      E(VDW )=-4.657     E(ELEC)=-4.212     |
 -------------------------------------------------------------------------------
 NBONDS: generating intra-molecular exclusion list with mode= 5
 MAKINB: mode   5 found      0 exclusions and      0 interactions(1-4)
 NBONDS: found      701 intra-atom interactions
 --------------- cycle=    42 --------------------------------------------------
 | Etotal =-6.704     grad(E)=0.057      E(VDW )=-2.293     E(ELEC)=-4.411     |
 -------------------------------------------------------------------------------
 NBONDS: generating intra-molecular exclusion list with mode= 5
 MAKINB: mode   5 found      0 exclusions and      0 interactions(1-4)
 NBONDS: found     1561 intra-atom interactions
 --------------- cycle=    43 --------------------------------------------------
 | Etotal =-4.297     grad(E)=0.055      E(VDW )=-6.251     E(ELEC)=1.955      |
 -------------------------------------------------------------------------------
 HEAP: maximum use      =    22356616 current use      =       96000 bytes
 HEAP: maximum overhead =        2816 current overhead =         752 bytes
          ============================================================
           Maximum dynamic memory allocation:    22356616 bytes
           Maximum dynamic memory overhead:          2816 bytes
           Program started at: 17:04:36 on 08-May-2020
           Program stopped at: 17:05:00 on 08-May-2020
           CPU time used:      24.0312 seconds
          ============================================================
