          ============================================================
          |                                                          |
          |            Crystallography & NMR System (CNS)            |
          |                         CNSsolve                         |
          |                                                          |
          ============================================================
           Version: 1.3 at patch level U
           Status: Special UU release with Rg and paramagnetic
                   restraints (A. Bonvin, UU 2011)
          ============================================================
           Written by: A.T.Brunger, P.D.Adams, G.M.Clore, W.L.DeLano,
                       P.Gros, R.W.Grosse-Kunstleve,J.-S.Jiang,J.M.Krahn,
                       J.Kuszewski, M.Nilges, N.S.Pannu, R.J.Read,
                       L.M.Rice, G.F.Schroeder, T.Simonson, G.L.Warren.
           Copyright (c) 1997-2010 Yale University
          ============================================================
           Running on machine: hostname unknown (x86_64/Linux,64-bit)
           Program started by: joaor
           Program started at: 17:05:00 on 08-May-2020
          ============================================================

 FFT3C: Using FFTPACK4.1

 CNSsolve>! 
 CNSsolve>! Calculates pairwise energies between residues 
 CNSsolve>! Will only rebuild hydrogen atoms 
 CNSsolve>! 
 CNSsolve>! Adapted from HADDOCK protocols here and there. 
 CNSsolve>! JR & AMJJB @ 2020 
 CNSsolve>! 
 CNSsolve>define( 
 DEFINE>    {===>} auto_break=true; 
 DEFINE>    {===>} break_cutoff=2.5; 
 DEFINE>    {===>} dnaauto_break=true; 
 DEFINE>    {===>} dbreak_cutoff=4.5; 
 DEFINE>    {===>} auto_cispro=true; 
 DEFINE>    {===>} auto_disu=true; 
 DEFINE>    {===>} disulphide_dist=3.0; 
 DEFINE>    {===>} glyco_dist=2.75; 
 DEFINE>    {===>} coorin="molecule.pdb"; 
 DEFINE>    {===>} icutoff=5.0; 
 DEFINE>) 
 CNSsolve> 
 CNSsolve>! Mute (most) output 
 CNSsolve>set message=on echo=off end 
 ASSFIL: file merged.param opened.
 MESSage=NORM
 EVALUATE: symbol $OLD_MESSAGE set to "NORM" (string)
 ECHO=FALSe {OFF}
 EVALUATE: symbol $OLD_ECHO set to FALSE (logical)
 %PARRDR-info: duplication of bond HC   NC2 
 %PARRDR-info: duplication of angle CH2E C    NH1 
 %PARRDR-info: duplication of angle CH2P CH2E HA  
 ASSFIL: file merged.top opened.
 MESSage=NORM
 EVALUATE: symbol $OLD_MESSAGE set to "NORM" (string)
 ECHO=FALSe {OFF}
 EVALUATE: symbol $OLD_ECHO set to FALSE (logical)
 %RTFIO-warning: undefined masses in residue CYC 
 %RTFIO error encountered: there are undefined masses.
   (CNS is in mode: SET ABORT=NORMal END)
 MESSage=NORM
 EVALUATE: symbol $OLD_MESSAGE set to "NORM" (string)
 ECHO=FALSe {OFF}
 EVALUATE: symbol $OLD_ECHO set to FALSE (logical)
 ASSFIL: file protein_break.top opened.
 %RTFRDR-ERR: duplicate (P-)RESIdue name DPEP
 %RTFRDR-ERR: duplicate (P-)RESIdue name DPPP
 RTFRDR> 
 RTFRDR>end 
 CNSsolve> 
 CNSsolve>! Reset output muting 
 CNSsolve>set message=off echo=off end 
FOUND 3 NAG:ASN pairs
NAG:ASN bond added from   B    901  to   B    53  
NAG:ASN bond added from   B    910  to   B    546 
NAG:ASN bond added from   E    1401 to   E    343 
FOUND 4 NAG:NAG pairs
NAG:NAG B14 bond added from   B    902  to   B    901 
NAG:NAG B14 bond added from   B    911  to   B    910 
NAG:NAG B14 bond added from   E    1402 to   E    1401
NAG:NAG B14 bond added from   E    1403 to   E    1402
 %PARRDR-info: duplication of bond HC   NC2 
 %PARRDR-info: duplication of angle CH2E C    NH1 
 %PARRDR-info: duplication of angle CH2P CH2E HA  
 POWELL: number of degrees of freedom= 13632
 NBONDS: generating intra-molecular exclusion list with mode=-2
 MAKINB: mode  -2 found   4544 exclusions and      0 interactions(1-4)
 %atoms "B   -79  -THR -HG22" and "B   -79  -THR -HG23" only  0.08 A apart
 %atoms "B   -190 -MET -HA  " and "B   -190 -MET -HE2 " only  0.09 A apart
 %atoms "B   -266 -LEU -HD13" and "B   -266 -LEU -HD22" only  0.10 A apart
 %atoms "B   -423 -LEU -HA  " and "B   -423 -LEU -HD23" only  0.09 A apart
 %atoms "E   -347 -PHE -HA  " and "E   -347 -PHE -HD1 " only  0.08 A apart
 %atoms "E   -352 -ALA -CA  " and "E   -352 -ALA -HB1 " only  0.06 A apart
 %atoms "E   -402 -ILE -HA  " and "E   -402 -ILE -HG12" only  0.08 A apart
 NBONDS: found   687946 intra-atom interactions
 NBONDS: found        7 nonbonded violations
 %atoms "B   -75  -GLU -HA  " and "B   -75  -GLU -HG1 " only  0.08 A apart
 %atoms "E   -386 -LYS -CB  " and "E   -386 -LYS -HD1 " only  0.06 A apart
 %atoms "E   -402 -ILE -HA  " and "E   -402 -ILE -HB  " only  0.07 A apart
 %atoms "E   -479 -PRO -HG1 " and "E   -479 -PRO -HD2 " only  0.08 A apart
 NBONDS: found   688053 intra-atom interactions
 NBONDS: found        4 nonbonded violations
 NBONDS: found   684678 intra-atom interactions
 NBONDS: found   680833 intra-atom interactions
 --------------- cycle=    10 ------ stepsize=   -0.0000 -----------------------
 | Etotal =0.33E+07   grad(E)=576.674    E(BOND)=476066.504 E(ANGL)=0.15E+07   |
 | E(VDW )=0.13E+07                                                            |
 -------------------------------------------------------------------------------
 NBONDS: found   679371 intra-atom interactions
 NBONDS: found   680485 intra-atom interactions
 NBONDS: found   680892 intra-atom interactions
 NBONDS: found   680617 intra-atom interactions
 --------------- cycle=    20 ------ stepsize=    0.0000 -----------------------
 | Etotal =0.12E+07   grad(E)=302.378    E(BOND)=234085.239 E(ANGL)=482465.447 |
 | E(VDW )=488906.898                                                          |
 -------------------------------------------------------------------------------
 NBONDS: found   680603 intra-atom interactions
 NBONDS: found   680772 intra-atom interactions
 --------------- cycle=    30 ------ stepsize=    0.0000 -----------------------
 | Etotal =958985.283 grad(E)=243.366    E(BOND)=184769.541 E(ANGL)=350022.100 |
 | E(VDW )=424193.643                                                          |
 -------------------------------------------------------------------------------
 NBONDS: found   680889 intra-atom interactions
 NBONDS: found   681120 intra-atom interactions
 --------------- cycle=    40 ------ stepsize=    0.0000 -----------------------
 | Etotal =912145.954 grad(E)=234.011    E(BOND)=179917.228 E(ANGL)=325203.544 |
 | E(VDW )=407025.182                                                          |
 -------------------------------------------------------------------------------
 NBONDS: found   681187 intra-atom interactions
 NBONDS: found   681183 intra-atom interactions
 --------------- cycle=    50 ------ stepsize=   -0.0000 -----------------------
 | Etotal =899609.929 grad(E)=231.662    E(BOND)=179741.354 E(ANGL)=318740.705 |
 | E(VDW )=401127.870                                                          |
 -------------------------------------------------------------------------------
 POWELL: STEP number limit. Normal termination
 POWELL: Current coordinates set to last minimum
 DCART: temperature coupling (TCOUpling) enabled
 -------------------------- Cartesian dynamics start ---------------------------
 | E(kin)+E(total)=0.35E+07        E(kin)=4148.980      temperature=306.318    |
 | Etotal =0.35E+07   grad(E)=580.967    E(BOND)=179741.354 E(ANGL)=318740.705 |
 | E(IMPR)=0.30E+07                                                            |
 -------------------------------------------------------------------------------
 ----------------- final step=       50 at      0.02500 ps ---------------------
 | E(kin)+E(total)=0.22E+07        E(kin)=448072.924    temperature=33081.067  |
 | Etotal =0.18E+07   grad(E)=326.918    E(BOND)=206599.159 E(ANGL)=817189.398 |
 | E(IMPR)=759878.004                                                          |
 -------------------------------------------------------------------------------
 CENMAS: Information about center of free masses
         position [A]          :     -0.81023     -0.04543     -0.24263
         velocity [A/ps]       :      0.19586     -0.79704     -0.43969
         ang. mom. [amu A/ps]  : -71207.40286-336598.78105 266237.91565
         kin. ener. [Kcal/mol] :     94.15607
 POWELL: number of degrees of freedom= 13632
 NBONDS: found   679313 intra-atom interactions
 NBONDS: found   678228 intra-atom interactions
 NBONDS: found   678978 intra-atom interactions
 NBONDS: found   680369 intra-atom interactions
 --------------- cycle=    10 ------ stepsize=   -0.0001 -----------------------
 | Etotal =0.19E+07   grad(E)=275.057    E(BOND)=230575.869 E(ANGL)=454607.293 |
 | E(IMPR)=691883.345 E(VDW )=484062.902                                       |
 -------------------------------------------------------------------------------
 NBONDS: found   680890 intra-atom interactions
 NBONDS: found   681017 intra-atom interactions
 NBONDS: found   680985 intra-atom interactions
 NBONDS: found   681081 intra-atom interactions
 --------------- cycle=    20 ------ stepsize=    0.0000 -----------------------
 | Etotal =0.13E+07   grad(E)=142.985    E(BOND)=173758.172 E(ANGL)=169408.394 |
 | E(IMPR)=570298.310 E(VDW )=349996.871                                       |
 -------------------------------------------------------------------------------
 NBONDS: found   680909 intra-atom interactions
 NBONDS: found   680996 intra-atom interactions
 --------------- cycle=    30 ------ stepsize=   -0.0000 -----------------------
 | Etotal =0.12E+07   grad(E)=118.692    E(BOND)=166238.384 E(ANGL)=136226.744 |
 | E(IMPR)=552763.453 E(VDW )=323968.051                                       |
 -------------------------------------------------------------------------------
 NBONDS: found   680956 intra-atom interactions
 NBONDS: found   680969 intra-atom interactions
 --------------- cycle=    40 ------ stepsize=    0.0000 -----------------------
 | Etotal =0.12E+07   grad(E)=114.518    E(BOND)=165400.080 E(ANGL)=128984.866 |
 | E(IMPR)=541795.073 E(VDW )=319222.582                                       |
 -------------------------------------------------------------------------------
 NBONDS: found   680951 intra-atom interactions
 NBONDS: found   680937 intra-atom interactions
 NBONDS: found   680905 intra-atom interactions
 --------------- cycle=    50 ------ stepsize=    0.0002 -----------------------
 | Etotal =0.11E+07   grad(E)=116.644    E(BOND)=167187.778 E(ANGL)=126904.157 |
 | E(IMPR)=534804.761 E(VDW )=315662.035                                       |
 -------------------------------------------------------------------------------
 POWELL: STEP number limit. Normal termination
 POWELL: Current coordinates set to last minimum
 DCART: temperature coupling (TCOUpling) enabled
 -------------------------- Cartesian dynamics start ---------------------------
 | E(kin)+E(total)=0.11E+07        E(kin)=4069.880      temperature=300.478    |
 | Etotal =0.11E+07   grad(E)=116.644    E(BOND)=167187.778 E(ANGL)=126904.157 |
 | E(IMPR)=534804.761 E(VDW )=315662.035                                       |
 -------------------------------------------------------------------------------
 NBONDS: found   680890 intra-atom interactions
 NBONDS: found   680884 intra-atom interactions
 ----------------- final step=       50 at      0.02500 ps ---------------------
 | E(kin)+E(total)=0.11E+07        E(kin)=6474.051      temperature=477.977    |
 | Etotal =0.11E+07   grad(E)=116.104    E(BOND)=167167.626 E(ANGL)=123802.874 |
 | E(IMPR)=531342.519 E(VDW )=314058.604                                       |
 -------------------------------------------------------------------------------
 CENMAS: Information about center of free masses
         position [A]          :     -0.81193     -0.05139     -0.24176
         velocity [A/ps]       :      0.06040      0.05552     -0.03095
         ang. mom. [amu A/ps]  :   7590.20548-183239.48254 269570.18242
         kin. ener. [Kcal/mol] :      0.83495
 %PARRDR-info: duplication of bond HC   NC2 
 %PARRDR-info: duplication of angle CH2E C    NH1 
 %PARRDR-info: duplication of angle CH2P CH2E HA  
 POWELL: number of degrees of freedom= 13632
 NBONDS: generating intra-molecular exclusion list with mode=-3
 MAKINB: mode  -3 found  15524 exclusions and      0 interactions(1-4)
 NBONDS: found   669992 intra-atom interactions
 NBONDS: found   671749 intra-atom interactions
 NBONDS: found   671742 intra-atom interactions
 NBONDS: found   671876 intra-atom interactions
 NBONDS: found   672392 intra-atom interactions
 NBONDS: found   672448 intra-atom interactions
 --------------- cycle=    25 ------ stepsize=    0.0002 -----------------------
 | Etotal =247375.273 grad(E)=110.890    E(BOND)=20383.695  E(ANGL)=126908.820 |
 | E(IMPR)=97928.220  E(VDW )=2154.538                                         |
 -------------------------------------------------------------------------------
 NBONDS: found   672739 intra-atom interactions
 NBONDS: found   672377 intra-atom interactions
 NBONDS: found   672263 intra-atom interactions
 NBONDS: found   672425 intra-atom interactions
 NBONDS: found   672294 intra-atom interactions
 NBONDS: found   672426 intra-atom interactions
 --------------- cycle=    50 ------ stepsize=    0.0000 -----------------------
 | Etotal =46528.857  grad(E)=37.530     E(BOND)=2570.139   E(ANGL)=21186.991  |
 | E(IMPR)=22029.236  E(VDW )=742.491                                          |
 -------------------------------------------------------------------------------
 NBONDS: found   672398 intra-atom interactions
 NBONDS: found   672464 intra-atom interactions
 NBONDS: found   672471 intra-atom interactions
 NBONDS: found   672395 intra-atom interactions
 --------------- cycle=    75 ------ stepsize=    0.0006 -----------------------
 | Etotal =8566.745   grad(E)=10.430     E(BOND)=312.349    E(ANGL)=3844.055   |
 | E(IMPR)=3825.497   E(VDW )=584.843                                          |
 -------------------------------------------------------------------------------
 NBONDS: found   672462 intra-atom interactions
 NBONDS: found   672434 intra-atom interactions
 NBONDS: found   672419 intra-atom interactions
 --------------- cycle=   100 ------ stepsize=    0.0003 -----------------------
 | Etotal =1442.626   grad(E)=9.219      E(BOND)=31.218     E(ANGL)=805.452    |
 | E(IMPR)=33.998     E(VDW )=571.959                                          |
 -------------------------------------------------------------------------------
 POWELL: STEP number limit. Normal termination
 POWELL: Current coordinates set to last minimum
 DCART: temperature coupling (TCOUpling) enabled
 -------------------------- Cartesian dynamics start ---------------------------
 | E(kin)+E(total)=5444.354        E(kin)=4001.728      temperature=295.446    |
 | Etotal =1442.626   grad(E)=9.219      E(BOND)=31.218     E(ANGL)=805.452    |
 | E(IMPR)=33.998     E(VDW )=571.959                                          |
 -------------------------------------------------------------------------------
 NBONDS: found   672429 intra-atom interactions
 NBONDS: found   672157 intra-atom interactions
 NBONDS: found   672297 intra-atom interactions
 NBONDS: found   672234 intra-atom interactions
 NBONDS: found   672282 intra-atom interactions
 NBONDS: found   672156 intra-atom interactions
 NBONDS: found   672310 intra-atom interactions
 NBONDS: found   672316 intra-atom interactions
 NBONDS: found   672344 intra-atom interactions
 ----------------- final step=      500 at      0.25000 ps ---------------------
 | E(kin)+E(total)=8597.728        E(kin)=4643.364      temperature=342.818    |
 | Etotal =3954.364   grad(E)=25.594     E(BOND)=692.937    E(ANGL)=2238.376   |
 | E(IMPR)=338.492    E(VDW )=684.558                                          |
 -------------------------------------------------------------------------------
 CENMAS: Information about center of free masses
         position [A]          :     -0.81182     -0.05187     -0.24161
         velocity [A/ps]       :     -0.01428      0.01399      0.01090
         ang. mom. [amu A/ps]  : -31440.51099-121215.68354 140048.89420
         kin. ener. [Kcal/mol] :      0.05631
 EFLAGS: the following energy flags are set
 EFLAGS: BOND ANGL DIHE IMPR VDW 
 %PARRDR-info: duplication of bond HC   NC2 
 %PARRDR-info: duplication of angle CH2E C    NH1 
 %PARRDR-info: duplication of angle CH2P CH2E HA  
 POWELL: number of degrees of freedom= 13632
 NBONDS: generating intra-molecular exclusion list with mode=-3
 MAKINB: mode  -3 found  15524 exclusions and      0 interactions(1-4)
 NBONDS: found   672276 intra-atom interactions
 NBONDS: found   672228 intra-atom interactions
 --------------- cycle=    50 ------ stepsize=    0.0007 -----------------------
 | Etotal =13273.806  grad(E)=13.374     E(BOND)=236.515    E(ANGL)=1144.072   |
 | E(DIHE)=200.311    E(IMPR)=86.086     E(VDW )=11606.823                     |
 -------------------------------------------------------------------------------
 NBONDS: found   672328 intra-atom interactions
 --------------- cycle=   100 ------ stepsize=    0.0008 -----------------------
 | Etotal =12913.981  grad(E)=13.284     E(BOND)=235.217    E(ANGL)=1127.972   |
 | E(DIHE)=168.624    E(IMPR)=86.437     E(VDW )=11295.730                     |
 -------------------------------------------------------------------------------
 NBONDS: found   672347 intra-atom interactions
 --------------- cycle=   150 ------ stepsize=    0.0010 -----------------------
 | Etotal =12858.321  grad(E)=13.258     E(BOND)=234.434    E(ANGL)=1122.340   |
 | E(DIHE)=158.823    E(IMPR)=85.601     E(VDW )=11257.124                     |
 -------------------------------------------------------------------------------
 --------------- cycle=   200 ------ stepsize=    0.0008 -----------------------
 | Etotal =12836.437  grad(E)=13.258     E(BOND)=233.683    E(ANGL)=1122.431   |
 | E(DIHE)=158.040    E(IMPR)=85.568     E(VDW )=11236.715                     |
 -------------------------------------------------------------------------------
 --------------- cycle=   250 ------ stepsize=    0.0011 -----------------------
 | Etotal =12834.265  grad(E)=13.255     E(BOND)=233.341    E(ANGL)=1122.306   |
 | E(DIHE)=158.668    E(IMPR)=85.748     E(VDW )=11234.203                     |
 -------------------------------------------------------------------------------
 --------------- cycle=   300 ------ stepsize=    0.0013 -----------------------
 | Etotal =12833.981  grad(E)=13.254     E(BOND)=233.093    E(ANGL)=1122.285   |
 | E(DIHE)=158.926    E(IMPR)=85.695     E(VDW )=11233.982                     |
 -------------------------------------------------------------------------------
 --------------- cycle=   350 ------ stepsize=    0.0012 -----------------------
 | Etotal =12833.914  grad(E)=13.255     E(BOND)=233.146    E(ANGL)=1122.369   |
 | E(DIHE)=158.837    E(IMPR)=85.734     E(VDW )=11233.828                     |
 -------------------------------------------------------------------------------
 --------------- cycle=   400 ------ stepsize=    0.0006 -----------------------
 | Etotal =12833.717  grad(E)=13.257     E(BOND)=233.139    E(ANGL)=1122.471   |
 | E(DIHE)=158.412    E(IMPR)=85.695     E(VDW )=11234.000                     |
 -------------------------------------------------------------------------------
 --------------- cycle=   450 ------ stepsize=    0.0010 -----------------------
 | Etotal =12833.589  grad(E)=13.256     E(BOND)=233.170    E(ANGL)=1122.331   |
 | E(DIHE)=158.116    E(IMPR)=85.815     E(VDW )=11234.157                     |
 -------------------------------------------------------------------------------
 --------------- cycle=   500 ------ stepsize=    0.0009 -----------------------
 | Etotal =12833.579  grad(E)=13.256     E(BOND)=233.204    E(ANGL)=1122.272   |
 | E(DIHE)=158.059    E(IMPR)=85.808     E(VDW )=11234.235                     |
 -------------------------------------------------------------------------------
 POWELL: STEP number limit. Normal termination
 POWELL: Current coordinates set to last minimum
 DCART: temperature coupling (TCOUpling) enabled
 -------------------------- Cartesian dynamics start ---------------------------
 | E(kin)+E(total)=16925.712       E(kin)=4092.134      temperature=302.121    |
 | Etotal =12833.579  grad(E)=13.256     E(BOND)=233.204    E(ANGL)=1122.272   |
 | E(DIHE)=158.059    E(IMPR)=85.808     E(VDW )=11234.235                     |
 -------------------------------------------------------------------------------
 NBONDS: found   672266 intra-atom interactions
 NBONDS: found   672266 intra-atom interactions
 NBONDS: found   672332 intra-atom interactions
 NBONDS: found   672304 intra-atom interactions
 NBONDS: found   672342 intra-atom interactions
 NBONDS: found   672177 intra-atom interactions
 NBONDS: found   672392 intra-atom interactions
 NBONDS: found   672278 intra-atom interactions
 NBONDS: found   672384 intra-atom interactions
 ----------------- final step=      500 at      0.25000 ps ---------------------
 | E(kin)+E(total)=20995.739       E(kin)=4129.171      temperature=304.855    |
 | Etotal =16866.569  grad(E)=32.003     E(BOND)=1353.431   E(ANGL)=3372.857   |
 | E(DIHE)=177.241    E(IMPR)=427.671    E(VDW )=11535.368                     |
 -------------------------------------------------------------------------------
 CENMAS: Information about center of free masses
         position [A]          :     -0.81171     -0.05271     -0.24186
         velocity [A/ps]       :      0.08414     -0.35553      0.37179
         ang. mom. [amu A/ps]  :  -5672.19617   5177.65051  65481.74401
         kin. ener. [Kcal/mol] :      1.48727
 POWELL: number of degrees of freedom= 13632
 --------------- cycle=    50 ------ stepsize=    0.0010 -----------------------
 | Etotal =12851.418  grad(E)=13.275     E(BOND)=234.206    E(ANGL)=1124.112   |
 | E(DIHE)=162.235    E(IMPR)=85.230     E(VDW )=11245.634                     |
 -------------------------------------------------------------------------------
 --------------- cycle=   100 ------ stepsize=    0.0010 -----------------------
 | Etotal =12833.556  grad(E)=13.263     E(BOND)=234.154    E(ANGL)=1123.505   |
 | E(DIHE)=159.669    E(IMPR)=85.800     E(VDW )=11230.429                     |
 -------------------------------------------------------------------------------
 --------------- cycle=   150 ------ stepsize=    0.0011 -----------------------
 | Etotal =12830.080  grad(E)=13.259     E(BOND)=234.336    E(ANGL)=1121.863   |
 | E(DIHE)=157.871    E(IMPR)=85.803     E(VDW )=11230.207                     |
 -------------------------------------------------------------------------------
 --------------- cycle=   200 ------ stepsize=    0.0010 -----------------------
 | Etotal =12829.282  grad(E)=13.257     E(BOND)=234.309    E(ANGL)=1121.736   |
 | E(DIHE)=157.752    E(IMPR)=85.820     E(VDW )=11229.664                     |
 -------------------------------------------------------------------------------
 NBONDS: found   672350 intra-atom interactions
 --------------- cycle=   250 ------ stepsize=    0.0012 -----------------------
 | Etotal =12828.591  grad(E)=13.258     E(BOND)=233.999    E(ANGL)=1121.732   |
 | E(DIHE)=158.251    E(IMPR)=85.886     E(VDW )=11228.723                     |
 -------------------------------------------------------------------------------
 --------------- cycle=   300 ------ stepsize=    0.0009 -----------------------
 | Etotal =12828.546  grad(E)=13.258     E(BOND)=233.992    E(ANGL)=1121.750   |
 | E(DIHE)=158.346    E(IMPR)=85.835     E(VDW )=11228.623                     |
 -------------------------------------------------------------------------------
 --------------- cycle=   350 ------ stepsize=    0.0010 -----------------------
 | Etotal =12828.545  grad(E)=13.258     E(BOND)=233.998    E(ANGL)=1121.740   |
 | E(DIHE)=158.342    E(IMPR)=85.836     E(VDW )=11228.629                     |
 -------------------------------------------------------------------------------
 --------------- cycle=   400 ------ stepsize=    0.0010 -----------------------
 | Etotal =12828.545  grad(E)=13.258     E(BOND)=234.000    E(ANGL)=1121.736   |
 | E(DIHE)=158.343    E(IMPR)=85.836     E(VDW )=11228.631                     |
 -------------------------------------------------------------------------------
 POWELL: Gradient converged. Normal termination
 POWELL: Current coordinates set to last minimum
 POWELL: number of degrees of freedom= 18027
 NBONDS: found   672220 intra-atom interactions
 --------------- cycle=     5 ------ stepsize=    0.0006 -----------------------
 | Etotal =12694.723  grad(E)=13.266     E(BOND)=233.925    E(ANGL)=1123.356   |
 | E(DIHE)=158.329    E(IMPR)=85.886     E(VDW )=11093.226                     |
 -------------------------------------------------------------------------------
 --------------- cycle=    10 ------ stepsize=    0.0010 -----------------------
 | Etotal =12693.182  grad(E)=13.266     E(BOND)=233.703    E(ANGL)=1124.350   |
 | E(DIHE)=158.286    E(IMPR)=85.847     E(VDW )=11090.995                     |
 -------------------------------------------------------------------------------
 --------------- cycle=    15 ------ stepsize=    0.0006 -----------------------
 | Etotal =12692.167  grad(E)=13.266     E(BOND)=233.614    E(ANGL)=1124.718   |
 | E(DIHE)=158.223    E(IMPR)=85.926     E(VDW )=11089.686                     |
 -------------------------------------------------------------------------------
 --------------- cycle=    20 ------ stepsize=    0.0007 -----------------------
 | Etotal =12691.690  grad(E)=13.264     E(BOND)=233.703    E(ANGL)=1124.267   |
 | E(DIHE)=158.175    E(IMPR)=85.833     E(VDW )=11089.713                     |
 -------------------------------------------------------------------------------
 --------------- cycle=    25 ------ stepsize=    0.0002 -----------------------
 | Etotal =12691.592  grad(E)=13.265     E(BOND)=233.661    E(ANGL)=1124.486   |
 | E(DIHE)=158.160    E(IMPR)=85.851     E(VDW )=11089.433                     |
 -------------------------------------------------------------------------------
 --------------- cycle=    30 ------ stepsize=    0.0011 -----------------------
 | Etotal =12691.391  grad(E)=13.265     E(BOND)=233.678    E(ANGL)=1124.484   |
 | E(DIHE)=158.133    E(IMPR)=85.870     E(VDW )=11089.226                     |
 -------------------------------------------------------------------------------
 --------------- cycle=    35 ------ stepsize=    0.0000 -----------------------
 | Etotal =12691.306  grad(E)=13.265     E(BOND)=233.728    E(ANGL)=1124.445   |
 | E(DIHE)=158.133    E(IMPR)=85.841     E(VDW )=11089.158                     |
 -------------------------------------------------------------------------------
 --------------- cycle=    40 ------ stepsize=    0.0009 -----------------------
 | Etotal =12691.237  grad(E)=13.265     E(BOND)=233.745    E(ANGL)=1124.355   |
 | E(DIHE)=158.149    E(IMPR)=85.857     E(VDW )=11089.131                     |
 -------------------------------------------------------------------------------
 --------------- cycle=    45 ------ stepsize=    0.0002 -----------------------
 | Etotal =12691.161  grad(E)=13.265     E(BOND)=233.753    E(ANGL)=1124.594   |
 | E(DIHE)=158.189    E(IMPR)=85.876     E(VDW )=11088.749                     |
 -------------------------------------------------------------------------------
 --------------- cycle=    50 ------ stepsize=    0.0010 -----------------------
 | Etotal =12691.061  grad(E)=13.265     E(BOND)=233.783    E(ANGL)=1124.359   |
 | E(DIHE)=158.279    E(IMPR)=85.836     E(VDW )=11088.803                     |
 -------------------------------------------------------------------------------
 POWELL: STEP number limit. Normal termination
 POWELL: Current coordinates set to last minimum
 %PARRDR-info: duplication of bond HC   NC2 
 %PARRDR-info: duplication of angle CH2E C    NH1 
 %PARRDR-info: duplication of angle CH2P CH2E HA  
 POWELL: number of degrees of freedom= 18027
 NBONDS: generating intra-molecular exclusion list with mode= 5
 MAKINB: mode   5 found  17486 exclusions and  17638 interactions(1-4)
 NBONDS: found   888881 intra-atom interactions
 NBONDS: found   888917 intra-atom interactions
 NBONDS: found   888972 intra-atom interactions
 --------------- cycle=    50 ------ stepsize=    0.0008 -----------------------
 | Etotal =21.176     grad(E)=5.484      E(BOND)=19.906     E(ANGL)=400.384    |
 | E(DIHE)=66.580     E(IMPR)=34.517     E(VDW )=-501.368   E(ELEC)=1.156      |
 -------------------------------------------------------------------------------
 POWELL: STEP number limit. Normal termination
 POWELL: Current coordinates set to last minimum
 --------------- cycle=     1 --------------------------------------------------
 | Etotal =21.176     grad(E)=5.484      E(BOND)=19.906     E(ANGL)=400.384    |
 | E(DIHE)=66.580     E(IMPR)=34.517     E(VDW )=-501.368   E(ELEC)=1.156      |
 -------------------------------------------------------------------------------
 SURFAC: half the sigma value being used for atomic radii.
 SURFAC: ACCEssible surface area
 SURFAC: ACCUracy= 0.07 RH2O=  1.40
         Z-grid=  0.32 number-of-Z-sections=  213
         measures-of-arc= 92795 and149095
 SURFAC: half the sigma value being used for atomic radii.
 SURFAC: ACCEssible surface area
 SURFAC: ACCUracy= 0.07 RH2O=  1.40
         Z-grid=  0.32 number-of-Z-sections=  133
         measures-of-arc= 26061 and 46337
 SURFAC: half the sigma value being used for atomic radii.
 SURFAC: ACCEssible surface area
 SURFAC: ACCUracy= 0.07 RH2O=  1.40
         Z-grid=  0.32 number-of-Z-sections=  213
         measures-of-arc=120316 and195671
 %PARRDR-info: duplication of bond HC   NC2 
 %PARRDR-info: duplication of angle CH2E C    NH1 
 %PARRDR-info: duplication of angle CH2P CH2E HA  
 NBONDS: generating intra-molecular exclusion list with mode= 5
 MAKINB: mode   5 found      0 exclusions and      0 interactions(1-4)
 NBONDS: found     1186 intra-atom interactions
 --------------- cycle=     2 --------------------------------------------------
 | Etotal =-11.982    grad(E)=0.126      E(VDW )=-4.268     E(ELEC)=-7.714     |
 -------------------------------------------------------------------------------
 NBONDS: generating intra-molecular exclusion list with mode= 5
 MAKINB: mode   5 found      0 exclusions and      0 interactions(1-4)
 NBONDS: found      320 intra-atom interactions
 --------------- cycle=     3 --------------------------------------------------
 | Etotal =-0.875     grad(E)=0.012      E(VDW )=-0.312     E(ELEC)=-0.563     |
 -------------------------------------------------------------------------------
 NBONDS: generating intra-molecular exclusion list with mode= 5
 MAKINB: mode   5 found      0 exclusions and      0 interactions(1-4)
 NBONDS: found     1562 intra-atom interactions
 --------------- cycle=     4 --------------------------------------------------
 | Etotal =-8.465     grad(E)=0.049      E(VDW )=-5.396     E(ELEC)=-3.068     |
 -------------------------------------------------------------------------------
 NBONDS: generating intra-molecular exclusion list with mode= 5
 MAKINB: mode   5 found      0 exclusions and      0 interactions(1-4)
 NBONDS: found     1130 intra-atom interactions
 --------------- cycle=     5 --------------------------------------------------
 | Etotal =-3.438     grad(E)=0.017      E(VDW )=-3.071     E(ELEC)=-0.368     |
 -------------------------------------------------------------------------------
 NBONDS: generating intra-molecular exclusion list with mode= 5
 MAKINB: mode   5 found      0 exclusions and      0 interactions(1-4)
 NBONDS: found      927 intra-atom interactions
 --------------- cycle=     6 --------------------------------------------------
 | Etotal =-10.702    grad(E)=0.088      E(VDW )=-2.550     E(ELEC)=-8.152     |
 -------------------------------------------------------------------------------
 NBONDS: generating intra-molecular exclusion list with mode= 5
 MAKINB: mode   5 found      0 exclusions and      0 interactions(1-4)
 NBONDS: found     1473 intra-atom interactions
 --------------- cycle=     7 --------------------------------------------------
 | Etotal =-13.156    grad(E)=0.130      E(VDW )=-4.955     E(ELEC)=-8.201     |
 -------------------------------------------------------------------------------
 NBONDS: generating intra-molecular exclusion list with mode= 5
 MAKINB: mode   5 found      0 exclusions and      0 interactions(1-4)
 NBONDS: found     1762 intra-atom interactions
 --------------- cycle=     8 --------------------------------------------------
 | Etotal =-9.840     grad(E)=0.096      E(VDW )=-5.200     E(ELEC)=-4.639     |
 -------------------------------------------------------------------------------
 NBONDS: generating intra-molecular exclusion list with mode= 5
 MAKINB: mode   5 found      0 exclusions and      0 interactions(1-4)
 NBONDS: found      750 intra-atom interactions
 --------------- cycle=     9 --------------------------------------------------
 | Etotal =-24.134    grad(E)=0.328      E(VDW )=-0.713     E(ELEC)=-23.421    |
 -------------------------------------------------------------------------------
 NBONDS: generating intra-molecular exclusion list with mode= 5
 MAKINB: mode   5 found      0 exclusions and      0 interactions(1-4)
 NBONDS: found      403 intra-atom interactions
 --------------- cycle=    10 --------------------------------------------------
 | Etotal =-7.807     grad(E)=0.113      E(VDW )=-0.760     E(ELEC)=-7.046     |
 -------------------------------------------------------------------------------
 NBONDS: generating intra-molecular exclusion list with mode= 5
 MAKINB: mode   5 found      0 exclusions and      0 interactions(1-4)
 NBONDS: found      894 intra-atom interactions
 --------------- cycle=    11 --------------------------------------------------
 | Etotal =-31.770    grad(E)=0.334      E(VDW )=-1.272     E(ELEC)=-30.498    |
 -------------------------------------------------------------------------------
 NBONDS: generating intra-molecular exclusion list with mode= 5
 MAKINB: mode   5 found      0 exclusions and      0 interactions(1-4)
 NBONDS: found     1285 intra-atom interactions
 --------------- cycle=    12 --------------------------------------------------
 | Etotal =-11.839    grad(E)=0.136      E(VDW )=-3.647     E(ELEC)=-8.192     |
 -------------------------------------------------------------------------------
 NBONDS: generating intra-molecular exclusion list with mode= 5
 MAKINB: mode   5 found      0 exclusions and      0 interactions(1-4)
 NBONDS: found      558 intra-atom interactions
 --------------- cycle=    13 --------------------------------------------------
 | Etotal =1.064      grad(E)=0.060      E(VDW )=-1.102     E(ELEC)=2.167      |
 -------------------------------------------------------------------------------
 NBONDS: generating intra-molecular exclusion list with mode= 5
 MAKINB: mode   5 found      0 exclusions and      0 interactions(1-4)
 NBONDS: found      423 intra-atom interactions
 --------------- cycle=    14 --------------------------------------------------
 | Etotal =-1.151     grad(E)=0.017      E(VDW )=-1.638     E(ELEC)=0.487      |
 -------------------------------------------------------------------------------
 NBONDS: generating intra-molecular exclusion list with mode= 5
 MAKINB: mode   5 found      0 exclusions and      0 interactions(1-4)
 NBONDS: found      275 intra-atom interactions
 --------------- cycle=    15 --------------------------------------------------
 | Etotal =-1.675     grad(E)=0.017      E(VDW )=-1.274     E(ELEC)=-0.401     |
 -------------------------------------------------------------------------------
 NBONDS: generating intra-molecular exclusion list with mode= 5
 MAKINB: mode   5 found      0 exclusions and      0 interactions(1-4)
 NBONDS: found      482 intra-atom interactions
 --------------- cycle=    16 --------------------------------------------------
 | Etotal =-1.628     grad(E)=0.004      E(VDW )=-1.628     E(ELEC)=0.000      |
 -------------------------------------------------------------------------------
 NBONDS: generating intra-molecular exclusion list with mode= 5
 MAKINB: mode   5 found      0 exclusions and      0 interactions(1-4)
 NBONDS: found      544 intra-atom interactions
 --------------- cycle=    17 --------------------------------------------------
 | Etotal =-5.636     grad(E)=0.063      E(VDW )=-0.671     E(ELEC)=-4.964     |
 -------------------------------------------------------------------------------
 NBONDS: generating intra-molecular exclusion list with mode= 5
 MAKINB: mode   5 found      0 exclusions and      0 interactions(1-4)
 NBONDS: found      305 intra-atom interactions
 --------------- cycle=    18 --------------------------------------------------
 | Etotal =-0.504     grad(E)=0.023      E(VDW )=-1.085     E(ELEC)=0.581      |
 -------------------------------------------------------------------------------
 NBONDS: generating intra-molecular exclusion list with mode= 5
 MAKINB: mode   5 found      0 exclusions and      0 interactions(1-4)
 NBONDS: found     2363 intra-atom interactions
 --------------- cycle=    19 --------------------------------------------------
 | Etotal =-20.980    grad(E)=0.191      E(VDW )=-11.062    E(ELEC)=-9.919     |
 -------------------------------------------------------------------------------
 NBONDS: generating intra-molecular exclusion list with mode= 5
 MAKINB: mode   5 found      0 exclusions and      0 interactions(1-4)
 NBONDS: found      649 intra-atom interactions
 --------------- cycle=    20 --------------------------------------------------
 | Etotal =-3.906     grad(E)=0.049      E(VDW )=-3.017     E(ELEC)=-0.890     |
 -------------------------------------------------------------------------------
 NBONDS: generating intra-molecular exclusion list with mode= 5
 MAKINB: mode   5 found      0 exclusions and      0 interactions(1-4)
 NBONDS: found      769 intra-atom interactions
 --------------- cycle=    21 --------------------------------------------------
 | Etotal =-3.768     grad(E)=0.130      E(VDW )=-2.888     E(ELEC)=-0.880     |
 -------------------------------------------------------------------------------
 NBONDS: generating intra-molecular exclusion list with mode= 5
 MAKINB: mode   5 found      0 exclusions and      0 interactions(1-4)
 NBONDS: found      422 intra-atom interactions
 --------------- cycle=    22 --------------------------------------------------
 | Etotal =-0.836     grad(E)=0.079      E(VDW )=-0.940     E(ELEC)=0.104      |
 -------------------------------------------------------------------------------
 NBONDS: generating intra-molecular exclusion list with mode= 5
 MAKINB: mode   5 found      0 exclusions and      0 interactions(1-4)
 NBONDS: found      133 intra-atom interactions
 --------------- cycle=    23 --------------------------------------------------
 | Etotal =0.340      grad(E)=0.021      E(VDW )=-0.213     E(ELEC)=0.553      |
 -------------------------------------------------------------------------------
 NBONDS: generating intra-molecular exclusion list with mode= 5
 MAKINB: mode   5 found      0 exclusions and      0 interactions(1-4)
 NBONDS: found      456 intra-atom interactions
 --------------- cycle=    24 --------------------------------------------------
 | Etotal =11.636     grad(E)=0.119      E(VDW )=-0.347     E(ELEC)=11.983     |
 -------------------------------------------------------------------------------
 NBONDS: generating intra-molecular exclusion list with mode= 5
 MAKINB: mode   5 found      0 exclusions and      0 interactions(1-4)
 NBONDS: found      183 intra-atom interactions
 --------------- cycle=    25 --------------------------------------------------
 | Etotal =2.027      grad(E)=0.055      E(VDW )=-0.259     E(ELEC)=2.285      |
 -------------------------------------------------------------------------------
 NBONDS: generating intra-molecular exclusion list with mode= 5
 MAKINB: mode   5 found      0 exclusions and      0 interactions(1-4)
 NBONDS: found      232 intra-atom interactions
 --------------- cycle=    26 --------------------------------------------------
 | Etotal =11.971     grad(E)=0.120      E(VDW )=-0.312     E(ELEC)=12.283     |
 -------------------------------------------------------------------------------
 NBONDS: generating intra-molecular exclusion list with mode= 5
 MAKINB: mode   5 found      0 exclusions and      0 interactions(1-4)
 NBONDS: found      555 intra-atom interactions
 --------------- cycle=    27 --------------------------------------------------
 | Etotal =-15.191    grad(E)=0.109      E(VDW )=-0.539     E(ELEC)=-14.651    |
 -------------------------------------------------------------------------------
 NBONDS: generating intra-molecular exclusion list with mode= 5
 MAKINB: mode   5 found      0 exclusions and      0 interactions(1-4)
 NBONDS: found      709 intra-atom interactions
 --------------- cycle=    28 --------------------------------------------------
 | Etotal =-19.130    grad(E)=0.267      E(VDW )=-0.812     E(ELEC)=-18.319    |
 -------------------------------------------------------------------------------
 NBONDS: generating intra-molecular exclusion list with mode= 5
 MAKINB: mode   5 found      0 exclusions and      0 interactions(1-4)
 NBONDS: found      459 intra-atom interactions
 --------------- cycle=    29 --------------------------------------------------
 | Etotal =-2.822     grad(E)=0.055      E(VDW )=-1.291     E(ELEC)=-1.531     |
 -------------------------------------------------------------------------------
 NBONDS: generating intra-molecular exclusion list with mode= 5
 MAKINB: mode   5 found      0 exclusions and      0 interactions(1-4)
 NBONDS: found     1397 intra-atom interactions
 --------------- cycle=    30 --------------------------------------------------
 | Etotal =-2.945     grad(E)=0.016      E(VDW )=-3.996     E(ELEC)=1.051      |
 -------------------------------------------------------------------------------
 NBONDS: generating intra-molecular exclusion list with mode= 5
 MAKINB: mode   5 found      0 exclusions and      0 interactions(1-4)
 NBONDS: found     1408 intra-atom interactions
 --------------- cycle=    31 --------------------------------------------------
 | Etotal =-4.980     grad(E)=0.033      E(VDW )=-5.134     E(ELEC)=0.155      |
 -------------------------------------------------------------------------------
 NBONDS: generating intra-molecular exclusion list with mode= 5
 MAKINB: mode   5 found      0 exclusions and      0 interactions(1-4)
 NBONDS: found      795 intra-atom interactions
 --------------- cycle=    32 --------------------------------------------------
 | Etotal =-3.574     grad(E)=0.038      E(VDW )=-1.852     E(ELEC)=-1.722     |
 -------------------------------------------------------------------------------
 NBONDS: generating intra-molecular exclusion list with mode= 5
 MAKINB: mode   5 found      0 exclusions and      0 interactions(1-4)
 NBONDS: found      776 intra-atom interactions
 --------------- cycle=    33 --------------------------------------------------
 | Etotal =-9.249     grad(E)=0.101      E(VDW )=-1.771     E(ELEC)=-7.477     |
 -------------------------------------------------------------------------------
 NBONDS: generating intra-molecular exclusion list with mode= 5
 MAKINB: mode   5 found      0 exclusions and      0 interactions(1-4)
 NBONDS: found      356 intra-atom interactions
 --------------- cycle=    34 --------------------------------------------------
 | Etotal =-3.640     grad(E)=0.048      E(VDW )=-1.516     E(ELEC)=-2.124     |
 -------------------------------------------------------------------------------
 NBONDS: generating intra-molecular exclusion list with mode= 5
 MAKINB: mode   5 found      0 exclusions and      0 interactions(1-4)
 NBONDS: found     1887 intra-atom interactions
 --------------- cycle=    35 --------------------------------------------------
 | Etotal =-6.059     grad(E)=0.028      E(VDW )=-6.445     E(ELEC)=0.386      |
 -------------------------------------------------------------------------------
 NBONDS: generating intra-molecular exclusion list with mode= 5
 MAKINB: mode   5 found      0 exclusions and      0 interactions(1-4)
 NBONDS: found      918 intra-atom interactions
 --------------- cycle=    36 --------------------------------------------------
 | Etotal =-1.563     grad(E)=0.058      E(VDW )=-1.716     E(ELEC)=0.154      |
 -------------------------------------------------------------------------------
 NBONDS: generating intra-molecular exclusion list with mode= 5
 MAKINB: mode   5 found      0 exclusions and      0 interactions(1-4)
 NBONDS: found     1157 intra-atom interactions
 --------------- cycle=    37 --------------------------------------------------
 | Etotal =-5.884     grad(E)=0.044      E(VDW )=-3.661     E(ELEC)=-2.223     |
 -------------------------------------------------------------------------------
 NBONDS: generating intra-molecular exclusion list with mode= 5
 MAKINB: mode   5 found      0 exclusions and      0 interactions(1-4)
 NBONDS: found     1179 intra-atom interactions
 --------------- cycle=    38 --------------------------------------------------
 | Etotal =-28.873    grad(E)=0.351      E(VDW )=-3.533     E(ELEC)=-25.339    |
 -------------------------------------------------------------------------------
 NBONDS: generating intra-molecular exclusion list with mode= 5
 MAKINB: mode   5 found      0 exclusions and      0 interactions(1-4)
 NBONDS: found      440 intra-atom interactions
 --------------- cycle=    39 --------------------------------------------------
 | Etotal =-9.258     grad(E)=0.059      E(VDW )=-1.943     E(ELEC)=-7.314     |
 -------------------------------------------------------------------------------
 NBONDS: generating intra-molecular exclusion list with mode= 5
 MAKINB: mode   5 found      0 exclusions and      0 interactions(1-4)
 NBONDS: found     1589 intra-atom interactions
 --------------- cycle=    40 --------------------------------------------------
 | Etotal =-5.603     grad(E)=0.066      E(VDW )=-4.869     E(ELEC)=-0.734     |
 -------------------------------------------------------------------------------
 NBONDS: generating intra-molecular exclusion list with mode= 5
 MAKINB: mode   5 found      0 exclusions and      0 interactions(1-4)
 NBONDS: found     1832 intra-atom interactions
 --------------- cycle=    41 --------------------------------------------------
 | Etotal =-15.154    grad(E)=0.179      E(VDW )=-5.119     E(ELEC)=-10.035    |
 -------------------------------------------------------------------------------
 NBONDS: generating intra-molecular exclusion list with mode= 5
 MAKINB: mode   5 found      0 exclusions and      0 interactions(1-4)
 NBONDS: found     1119 intra-atom interactions
 --------------- cycle=    42 --------------------------------------------------
 | Etotal =-7.000     grad(E)=0.087      E(VDW )=-4.756     E(ELEC)=-2.244     |
 -------------------------------------------------------------------------------
 NBONDS: generating intra-molecular exclusion list with mode= 5
 MAKINB: mode   5 found      0 exclusions and      0 interactions(1-4)
 NBONDS: found      697 intra-atom interactions
 --------------- cycle=    43 --------------------------------------------------
 | Etotal =-8.272     grad(E)=0.073      E(VDW )=-2.268     E(ELEC)=-6.005     |
 -------------------------------------------------------------------------------
 NBONDS: generating intra-molecular exclusion list with mode= 5
 MAKINB: mode   5 found      0 exclusions and      0 interactions(1-4)
 NBONDS: found      699 intra-atom interactions
 --------------- cycle=    44 --------------------------------------------------
 | Etotal =-2.591     grad(E)=0.032      E(VDW )=-0.496     E(ELEC)=-2.095     |
 -------------------------------------------------------------------------------
 NBONDS: generating intra-molecular exclusion list with mode= 5
 MAKINB: mode   5 found      0 exclusions and      0 interactions(1-4)
 NBONDS: found     1691 intra-atom interactions
 --------------- cycle=    45 --------------------------------------------------
 | Etotal =-7.189     grad(E)=0.045      E(VDW )=-6.625     E(ELEC)=-0.564     |
 -------------------------------------------------------------------------------
 HEAP: maximum use      =    22356616 current use      =       96000 bytes
 HEAP: maximum overhead =        2816 current overhead =         752 bytes
          ============================================================
           Maximum dynamic memory allocation:    22356616 bytes
           Maximum dynamic memory overhead:          2816 bytes
           Program started at: 17:05:00 on 08-May-2020
           Program stopped at: 17:05:23 on 08-May-2020
           CPU time used:      23.3906 seconds
          ============================================================
