          ============================================================
          |                                                          |
          |            Crystallography & NMR System (CNS)            |
          |                         CNSsolve                         |
          |                                                          |
          ============================================================
           Version: 1.3 at patch level U
           Status: Special UU release with Rg and paramagnetic
                   restraints (A. Bonvin, UU 2011)
          ============================================================
           Written by: A.T.Brunger, P.D.Adams, G.M.Clore, W.L.DeLano,
                       P.Gros, R.W.Grosse-Kunstleve,J.-S.Jiang,J.M.Krahn,
                       J.Kuszewski, M.Nilges, N.S.Pannu, R.J.Read,
                       L.M.Rice, G.F.Schroeder, T.Simonson, G.L.Warren.
           Copyright (c) 1997-2010 Yale University
          ============================================================
           Running on machine: hostname unknown (x86_64/Linux,64-bit)
           Program started by: joaor
           Program started at: 16:04:52 on 08-May-2020
          ============================================================

 FFT3C: Using FFTPACK4.1

 CNSsolve>! 
 CNSsolve>! Calculates pairwise energies between residues 
 CNSsolve>! Will only rebuild hydrogen atoms 
 CNSsolve>! 
 CNSsolve>! Adapted from HADDOCK protocols here and there. 
 CNSsolve>! JR & AMJJB @ 2020 
 CNSsolve>! 
 CNSsolve>define( 
 DEFINE>    {===>} auto_break=true; 
 DEFINE>    {===>} break_cutoff=2.5; 
 DEFINE>    {===>} dnaauto_break=true; 
 DEFINE>    {===>} dbreak_cutoff=4.5; 
 DEFINE>    {===>} auto_cispro=true; 
 DEFINE>    {===>} auto_disu=true; 
 DEFINE>    {===>} disulphide_dist=3.0; 
 DEFINE>    {===>} glyco_dist=2.75; 
 DEFINE>    {===>} coorin="molecule.pdb"; 
 DEFINE>    {===>} icutoff=5.0; 
 DEFINE>) 
 CNSsolve> 
 CNSsolve>! Mute (most) output 
 CNSsolve>set message=on echo=off end 
 ASSFIL: file merged.param opened.
 MESSage=NORM
 EVALUATE: symbol $OLD_MESSAGE set to "NORM" (string)
 ECHO=FALSe {OFF}
 EVALUATE: symbol $OLD_ECHO set to FALSE (logical)
 %PARRDR-info: duplication of bond HC   NC2 
 %PARRDR-info: duplication of angle CH2E C    NH1 
 %PARRDR-info: duplication of angle CH2P CH2E HA  
 ASSFIL: file merged.top opened.
 MESSage=NORM
 EVALUATE: symbol $OLD_MESSAGE set to "NORM" (string)
 ECHO=FALSe {OFF}
 EVALUATE: symbol $OLD_ECHO set to FALSE (logical)
 %RTFIO-warning: undefined masses in residue CYC 
 %RTFIO error encountered: there are undefined masses.
   (CNS is in mode: SET ABORT=NORMal END)
 MESSage=NORM
 EVALUATE: symbol $OLD_MESSAGE set to "NORM" (string)
 ECHO=FALSe {OFF}
 EVALUATE: symbol $OLD_ECHO set to FALSE (logical)
 ASSFIL: file protein_break.top opened.
 %RTFRDR-ERR: duplicate (P-)RESIdue name DPEP
 %RTFRDR-ERR: duplicate (P-)RESIdue name DPPP
 RTFRDR> 
 RTFRDR>end 
 CNSsolve> 
 CNSsolve>! Reset output muting 
 CNSsolve>set message=off echo=off end 
FOUND 4 NAG:ASN pairs
NAG:ASN bond added from   B    901  to   B    53  
NAG:ASN bond added from   B    907  to   B    322 
NAG:ASN bond added from   B    910  to   B    546 
NAG:ASN bond added from   E    1401 to   E    343 
FOUND 4 NAG:NAG pairs
NAG:NAG B14 bond added from   B    902  to   B    901 
NAG:NAG B14 bond added from   B    911  to   B    910 
NAG:NAG B14 bond added from   E    1402 to   E    1401
NAG:NAG B14 bond added from   E    1403 to   E    1402
 %PARRDR-info: duplication of bond HC   NC2 
 %PARRDR-info: duplication of angle CH2E C    NH1 
 %PARRDR-info: duplication of angle CH2P CH2E HA  
 POWELL: number of degrees of freedom= 13770
 NBONDS: generating intra-molecular exclusion list with mode=-2
 MAKINB: mode  -2 found   4590 exclusions and      0 interactions(1-4)
 %atoms "B   -81  -LYS -HG1 " and "B   -81  -LYS -HG2 " only  0.09 A apart
 %atoms "B   -128 -SER -HA  " and "B   -128 -SER -HB1 " only  0.08 A apart
 %atoms "B   -180 -TYR -HA  " and "B   -180 -TYR -HB2 " only  0.10 A apart
 %atoms "B   -182 -GLU -HB1 " and "B   -182 -GLU -HB2 " only  0.10 A apart
 %atoms "B   -252 -TYR -HE1 " and "B   -252 -TYR -HE2 " only  0.07 A apart
 %atoms "B   -384 -ALA -HB3 " and "B   -384 -ALA -C   " only  0.06 A apart
 %atoms "B   -390 -PHE -HA  " and "B   -390 -PHE -HD1 " only  0.05 A apart
 %atoms "B   -407 -ILE -HG21" and "B   -407 -ILE -HG23" only  0.10 A apart
 %atoms "B   -418 -LEU -HD13" and "B   -418 -LEU -HD21" only  0.06 A apart
 %atoms "B   -473 -TRP -HA  " and "B   -473 -TRP -HH2 " only  0.09 A apart
 %atoms "B   -492 -PRO -CA  " and "B   -492 -PRO -HG2 " only  0.09 A apart
 %atoms "B   -561 -GLY -N   " and "B   -561 -GLY -HA2 " only  0.06 A apart
 %atoms "E   -470 -THR -HA  " and "E   -470 -THR -HG22" only  0.04 A apart
 NBONDS: found   692195 intra-atom interactions
 NBONDS: found       13 nonbonded violations
 NBONDS: found   692359 intra-atom interactions
 %atoms "E   -342 -PHE -HD1 " and "E   -342 -PHE -HE1 " only  0.06 A apart
 NBONDS: found   688610 intra-atom interactions
 NBONDS: found        1 nonbonded violations
 NBONDS: found   684413 intra-atom interactions
 --------------- cycle=    10 ------ stepsize=   -0.0000 -----------------------
 | Etotal =0.33E+07   grad(E)=577.717    E(BOND)=504651.121 E(ANGL)=0.16E+07   |
 | E(VDW )=0.13E+07                                                            |
 -------------------------------------------------------------------------------
 NBONDS: found   682714 intra-atom interactions
 NBONDS: found   683573 intra-atom interactions
 NBONDS: found   685034 intra-atom interactions
 NBONDS: found   685548 intra-atom interactions
 --------------- cycle=    20 ------ stepsize=   -0.0000 -----------------------
 | Etotal =0.12E+07   grad(E)=296.467    E(BOND)=230299.001 E(ANGL)=475912.946 |
 | E(VDW )=493555.712                                                          |
 -------------------------------------------------------------------------------
 NBONDS: found   685435 intra-atom interactions
 NBONDS: found   685527 intra-atom interactions
 --------------- cycle=    30 ------ stepsize=   -0.0001 -----------------------
 | Etotal =951442.714 grad(E)=241.600    E(BOND)=191256.049 E(ANGL)=342908.035 |
 | E(VDW )=417278.631                                                          |
 -------------------------------------------------------------------------------
 NBONDS: found   685530 intra-atom interactions
 NBONDS: found   685437 intra-atom interactions
 NBONDS: found   685565 intra-atom interactions
 --------------- cycle=    40 ------ stepsize=   -0.0000 -----------------------
 | Etotal =895886.354 grad(E)=227.455    E(BOND)=180258.775 E(ANGL)=313412.333 |
 | E(VDW )=402215.245                                                          |
 -------------------------------------------------------------------------------
 NBONDS: found   685627 intra-atom interactions
 NBONDS: found   685596 intra-atom interactions
 --------------- cycle=    50 ------ stepsize=    0.0002 -----------------------
 | Etotal =882177.266 grad(E)=225.402    E(BOND)=180126.338 E(ANGL)=307290.122 |
 | E(VDW )=394760.805                                                          |
 -------------------------------------------------------------------------------
 POWELL: STEP number limit. Normal termination
 POWELL: Current coordinates set to last minimum
 DCART: temperature coupling (TCOUpling) enabled
 -------------------------- Cartesian dynamics start ---------------------------
 | E(kin)+E(total)=0.34E+07        E(kin)=4152.658      temperature=303.517    |
 | Etotal =0.34E+07   grad(E)=574.023    E(BOND)=180126.338 E(ANGL)=307290.122 |
 | E(IMPR)=0.29E+07                                                            |
 -------------------------------------------------------------------------------
 ----------------- final step=       50 at      0.02500 ps ---------------------
 | E(kin)+E(total)=0.22E+07        E(kin)=428763.850    temperature=31338.240  |
 | Etotal =0.18E+07   grad(E)=320.084    E(BOND)=187781.578 E(ANGL)=809751.059 |
 | E(IMPR)=758130.376                                                          |
 -------------------------------------------------------------------------------
 CENMAS: Information about center of free masses
         position [A]          :     -0.52185     -0.06777     -0.36270
         velocity [A/ps]       :     -0.12132     -0.47181     -0.67874
         ang. mom. [amu A/ps]  :************* -46955.610121632671.63618
         kin. ener. [Kcal/mol] :     76.57411
 POWELL: number of degrees of freedom= 13770
 NBONDS: found   683510 intra-atom interactions
 NBONDS: found   682192 intra-atom interactions
 NBONDS: found   682492 intra-atom interactions
 NBONDS: found   683298 intra-atom interactions
 --------------- cycle=    10 ------ stepsize=   -0.0001 -----------------------
 | Etotal =0.18E+07   grad(E)=274.556    E(BOND)=249427.813 E(ANGL)=444674.629 |
 | E(IMPR)=660117.166 E(VDW )=473125.970                                       |
 -------------------------------------------------------------------------------
 NBONDS: found   683951 intra-atom interactions
 NBONDS: found   684390 intra-atom interactions
 NBONDS: found   684240 intra-atom interactions
 --------------- cycle=    20 ------ stepsize=    0.0000 -----------------------
 | Etotal =0.12E+07   grad(E)=135.664    E(BOND)=170464.084 E(ANGL)=157915.141 |
 | E(IMPR)=550639.841 E(VDW )=348620.940                                       |
 -------------------------------------------------------------------------------
 NBONDS: found   684451 intra-atom interactions
 NBONDS: found   684509 intra-atom interactions
 NBONDS: found   684513 intra-atom interactions
 NBONDS: found   684436 intra-atom interactions
 --------------- cycle=    30 ------ stepsize=   -0.0002 -----------------------
 | Etotal =0.12E+07   grad(E)=118.786    E(BOND)=167341.118 E(ANGL)=134677.590 |
 | E(IMPR)=531414.861 E(VDW )=326195.939                                       |
 -------------------------------------------------------------------------------
 NBONDS: found   684441 intra-atom interactions
 NBONDS: found   684427 intra-atom interactions
 NBONDS: found   684432 intra-atom interactions
 --------------- cycle=    40 ------ stepsize=   -0.0001 -----------------------
 | Etotal =0.11E+07   grad(E)=113.217    E(BOND)=165686.836 E(ANGL)=125031.874 |
 | E(IMPR)=520351.854 E(VDW )=318021.226                                       |
 -------------------------------------------------------------------------------
 NBONDS: found   684515 intra-atom interactions
 NBONDS: found   684471 intra-atom interactions
 --------------- cycle=    50 ------ stepsize=    0.0000 -----------------------
 | Etotal =0.11E+07   grad(E)=111.219    E(BOND)=165775.328 E(ANGL)=121428.836 |
 | E(IMPR)=512716.327 E(VDW )=316391.975                                       |
 -------------------------------------------------------------------------------
 POWELL: STEP number limit. Normal termination
 POWELL: Current coordinates set to last minimum
 DCART: temperature coupling (TCOUpling) enabled
 -------------------------- Cartesian dynamics start ---------------------------
 | E(kin)+E(total)=0.11E+07        E(kin)=4102.350      temperature=299.840    |
 | Etotal =0.11E+07   grad(E)=111.219    E(BOND)=165775.328 E(ANGL)=121428.836 |
 | E(IMPR)=512716.327 E(VDW )=316391.975                                       |
 -------------------------------------------------------------------------------
 NBONDS: found   684530 intra-atom interactions
 NBONDS: found   684457 intra-atom interactions
 ----------------- final step=       50 at      0.02500 ps ---------------------
 | E(kin)+E(total)=0.11E+07        E(kin)=6615.416      temperature=483.519    |
 | Etotal =0.11E+07   grad(E)=114.026    E(BOND)=166931.681 E(ANGL)=120472.600 |
 | E(IMPR)=507160.823 E(VDW )=316517.350                                       |
 -------------------------------------------------------------------------------
 CENMAS: Information about center of free masses
         position [A]          :     -0.52578     -0.07621     -0.37078
         velocity [A/ps]       :      0.05393      0.08838     -0.03350
         ang. mom. [amu A/ps]  :-160382.32539 186392.35825  -5913.32852
         kin. ener. [Kcal/mol] :      1.29905
 %PARRDR-info: duplication of bond HC   NC2 
 %PARRDR-info: duplication of angle CH2E C    NH1 
 %PARRDR-info: duplication of angle CH2P CH2E HA  
 POWELL: number of degrees of freedom= 13770
 NBONDS: generating intra-molecular exclusion list with mode=-3
 MAKINB: mode  -3 found  15676 exclusions and      0 interactions(1-4)
 NBONDS: found   673445 intra-atom interactions
 NBONDS: found   675229 intra-atom interactions
 NBONDS: found   675168 intra-atom interactions
 NBONDS: found   675103 intra-atom interactions
 NBONDS: found   675226 intra-atom interactions
 NBONDS: found   675866 intra-atom interactions
 NBONDS: found   676277 intra-atom interactions
 --------------- cycle=    25 ------ stepsize=    0.0002 -----------------------
 | Etotal =255060.846 grad(E)=113.420    E(BOND)=23156.142  E(ANGL)=123380.047 |
 | E(IMPR)=106251.745 E(VDW )=2272.913                                         |
 -------------------------------------------------------------------------------
 NBONDS: found   676146 intra-atom interactions
 NBONDS: found   675935 intra-atom interactions
 NBONDS: found   675810 intra-atom interactions
 NBONDS: found   675683 intra-atom interactions
 NBONDS: found   675774 intra-atom interactions
 NBONDS: found   675789 intra-atom interactions
 NBONDS: found   675796 intra-atom interactions
 NBONDS: found   675851 intra-atom interactions
 --------------- cycle=    50 ------ stepsize=    0.0001 -----------------------
 | Etotal =46846.572  grad(E)=37.349     E(BOND)=1780.637   E(ANGL)=27727.419  |
 | E(IMPR)=16454.171  E(VDW )=884.345                                          |
 -------------------------------------------------------------------------------
 NBONDS: found   675882 intra-atom interactions
 NBONDS: found   675777 intra-atom interactions
 NBONDS: found   675752 intra-atom interactions
 NBONDS: found   675726 intra-atom interactions
 --------------- cycle=    75 ------ stepsize=    0.0007 -----------------------
 | Etotal =9220.837   grad(E)=15.481     E(BOND)=370.280    E(ANGL)=3246.411   |
 | E(IMPR)=5030.852   E(VDW )=573.294                                          |
 -------------------------------------------------------------------------------
 NBONDS: found   675707 intra-atom interactions
 NBONDS: found   675701 intra-atom interactions
 NBONDS: found   675718 intra-atom interactions
 NBONDS: found   675679 intra-atom interactions
 --------------- cycle=   100 ------ stepsize=    0.0006 -----------------------
 | Etotal =3022.962   grad(E)=5.625      E(BOND)=70.060     E(ANGL)=874.499    |
 | E(IMPR)=1527.925   E(VDW )=550.479                                          |
 -------------------------------------------------------------------------------
 POWELL: STEP number limit. Normal termination
 POWELL: Current coordinates set to last minimum
 DCART: temperature coupling (TCOUpling) enabled
 -------------------------- Cartesian dynamics start ---------------------------
 | E(kin)+E(total)=7022.192        E(kin)=3999.230      temperature=292.303    |
 | Etotal =3022.962   grad(E)=5.625      E(BOND)=70.060     E(ANGL)=874.499    |
 | E(IMPR)=1527.925   E(VDW )=550.479                                          |
 -------------------------------------------------------------------------------
 NBONDS: found   675833 intra-atom interactions
 NBONDS: found   675865 intra-atom interactions
 NBONDS: found   675797 intra-atom interactions
 NBONDS: found   675745 intra-atom interactions
 NBONDS: found   675759 intra-atom interactions
 NBONDS: found   675773 intra-atom interactions
 NBONDS: found   675821 intra-atom interactions
 NBONDS: found   675765 intra-atom interactions
 NBONDS: found   675782 intra-atom interactions
 NBONDS: found   675745 intra-atom interactions
 NBONDS: found   675831 intra-atom interactions
 NBONDS: found   675820 intra-atom interactions
 NBONDS: found   675685 intra-atom interactions
 NBONDS: found   675755 intra-atom interactions
 NBONDS: found   675785 intra-atom interactions
 NBONDS: found   675770 intra-atom interactions
 NBONDS: found   675761 intra-atom interactions
 NBONDS: found   675816 intra-atom interactions
 NBONDS: found   675759 intra-atom interactions
 NBONDS: found   675677 intra-atom interactions
 NBONDS: found   675726 intra-atom interactions
 NBONDS: found   675710 intra-atom interactions
 NBONDS: found   675761 intra-atom interactions
 NBONDS: found   675645 intra-atom interactions
 NBONDS: found   675622 intra-atom interactions
 ----------------- final step=      500 at      0.25000 ps ---------------------
 | E(kin)+E(total)=8649.105        E(kin)=4804.943      temperature=351.192    |
 | Etotal =3844.162   grad(E)=24.562     E(BOND)=940.606    E(ANGL)=2015.513   |
 | E(IMPR)=252.673    E(VDW )=635.369                                          |
 -------------------------------------------------------------------------------
 CENMAS: Information about center of free masses
         position [A]          :     -0.52500     -0.07709     -0.37100
         velocity [A/ps]       :     -0.02668     -0.11101      0.03244
         ang. mom. [amu A/ps]  :  24949.13530-135993.10614-193241.83795
         kin. ener. [Kcal/mol] :      1.54532
 EFLAGS: the following energy flags are set
 EFLAGS: BOND ANGL DIHE IMPR VDW 
 %PARRDR-info: duplication of bond HC   NC2 
 %PARRDR-info: duplication of angle CH2E C    NH1 
 %PARRDR-info: duplication of angle CH2P CH2E HA  
 POWELL: number of degrees of freedom= 13770
 NBONDS: generating intra-molecular exclusion list with mode=-3
 MAKINB: mode  -3 found  15676 exclusions and      0 interactions(1-4)
 NBONDS: found   675586 intra-atom interactions
 NBONDS: found   675680 intra-atom interactions
 --------------- cycle=    50 ------ stepsize=    0.0010 -----------------------
 | Etotal =13193.323  grad(E)=13.207     E(BOND)=230.005    E(ANGL)=1132.624   |
 | E(DIHE)=215.037    E(IMPR)=97.979     E(VDW )=11517.679                     |
 -------------------------------------------------------------------------------
 NBONDS: found   675684 intra-atom interactions
 --------------- cycle=   100 ------ stepsize=    0.0012 -----------------------
 | Etotal =12827.865  grad(E)=13.161     E(BOND)=222.743    E(ANGL)=1130.975   |
 | E(DIHE)=176.478    E(IMPR)=93.888     E(VDW )=11203.781                     |
 -------------------------------------------------------------------------------
 --------------- cycle=   150 ------ stepsize=    0.0010 -----------------------
 | Etotal =12793.578  grad(E)=13.127     E(BOND)=222.482    E(ANGL)=1130.146   |
 | E(DIHE)=172.102    E(IMPR)=90.412     E(VDW )=11178.436                     |
 -------------------------------------------------------------------------------
 NBONDS: found   675635 intra-atom interactions
 --------------- cycle=   200 ------ stepsize=    0.0012 -----------------------
 | Etotal =12777.311  grad(E)=13.124     E(BOND)=221.631    E(ANGL)=1128.021   |
 | E(DIHE)=171.113    E(IMPR)=90.527     E(VDW )=11166.020                     |
 -------------------------------------------------------------------------------
 --------------- cycle=   250 ------ stepsize=    0.0013 -----------------------
 | Etotal =12773.967  grad(E)=13.126     E(BOND)=222.046    E(ANGL)=1128.084   |
 | E(DIHE)=169.012    E(IMPR)=90.862     E(VDW )=11163.964                     |
 -------------------------------------------------------------------------------
 --------------- cycle=   300 ------ stepsize=    0.0011 -----------------------
 | Etotal =12770.097  grad(E)=13.125     E(BOND)=222.072    E(ANGL)=1128.080   |
 | E(DIHE)=168.920    E(IMPR)=90.503     E(VDW )=11160.523                     |
 -------------------------------------------------------------------------------
 --------------- cycle=   350 ------ stepsize=    0.0012 -----------------------
 | Etotal =12769.872  grad(E)=13.122     E(BOND)=222.110    E(ANGL)=1127.642   |
 | E(DIHE)=168.974    E(IMPR)=90.431     E(VDW )=11160.715                     |
 -------------------------------------------------------------------------------
 --------------- cycle=   400 ------ stepsize=    0.0009 -----------------------
 | Etotal =12769.846  grad(E)=13.123     E(BOND)=222.137    E(ANGL)=1127.705   |
 | E(DIHE)=168.950    E(IMPR)=90.432     E(VDW )=11160.623                     |
 -------------------------------------------------------------------------------
 --------------- cycle=   450 ------ stepsize=    0.0010 -----------------------
 | Etotal =12769.840  grad(E)=13.123     E(BOND)=222.138    E(ANGL)=1127.713   |
 | E(DIHE)=168.926    E(IMPR)=90.434     E(VDW )=11160.629                     |
 -------------------------------------------------------------------------------
 --------------- cycle=   500 ------ stepsize=    0.0010 -----------------------
 | Etotal =12769.840  grad(E)=13.123     E(BOND)=222.138    E(ANGL)=1127.711   |
 | E(DIHE)=168.929    E(IMPR)=90.434     E(VDW )=11160.628                     |
 -------------------------------------------------------------------------------
 POWELL: STEP number limit. Normal termination
 POWELL: Current coordinates set to last minimum
 DCART: temperature coupling (TCOUpling) enabled
 -------------------------- Cartesian dynamics start ---------------------------
 | E(kin)+E(total)=16850.922       E(kin)=4081.082      temperature=298.285    |
 | Etotal =12769.840  grad(E)=13.123     E(BOND)=222.138    E(ANGL)=1127.711   |
 | E(DIHE)=168.929    E(IMPR)=90.434     E(VDW )=11160.628                     |
 -------------------------------------------------------------------------------
 NBONDS: found   675693 intra-atom interactions
 NBONDS: found   675724 intra-atom interactions
 NBONDS: found   675707 intra-atom interactions
 NBONDS: found   675744 intra-atom interactions
 NBONDS: found   675583 intra-atom interactions
 NBONDS: found   675733 intra-atom interactions
 NBONDS: found   675638 intra-atom interactions
 NBONDS: found   675629 intra-atom interactions
 NBONDS: found   675635 intra-atom interactions
 NBONDS: found   675685 intra-atom interactions
 ----------------- final step=      500 at      0.25000 ps ---------------------
 | E(kin)+E(total)=21027.144       E(kin)=4174.140      temperature=305.087    |
 | Etotal =16853.004  grad(E)=32.095     E(BOND)=1320.289   E(ANGL)=3424.191   |
 | E(DIHE)=181.299    E(IMPR)=438.488    E(VDW )=11488.736                     |
 -------------------------------------------------------------------------------
 CENMAS: Information about center of free masses
         position [A]          :     -0.52462     -0.07630     -0.37110
         velocity [A/ps]       :      0.09042     -0.00783      0.09001
         ang. mom. [amu A/ps]  :  11033.71811 -33914.06550  -1316.81196
         kin. ener. [Kcal/mol] :      0.09034
 POWELL: number of degrees of freedom= 13770
 --------------- cycle=    50 ------ stepsize=    0.0009 -----------------------
 | Etotal =12766.986  grad(E)=13.116     E(BOND)=221.310    E(ANGL)=1127.138   |
 | E(DIHE)=171.766    E(IMPR)=90.823     E(VDW )=11155.950                     |
 -------------------------------------------------------------------------------
 --------------- cycle=   100 ------ stepsize=    0.0010 -----------------------
 | Etotal =12762.091  grad(E)=13.111     E(BOND)=221.456    E(ANGL)=1127.004   |
 | E(DIHE)=170.215    E(IMPR)=90.523     E(VDW )=11152.893                     |
 -------------------------------------------------------------------------------
 --------------- cycle=   150 ------ stepsize=    0.0009 -----------------------
 | Etotal =12761.285  grad(E)=13.119     E(BOND)=221.656    E(ANGL)=1127.625   |
 | E(DIHE)=170.434    E(IMPR)=90.514     E(VDW )=11151.055                     |
 -------------------------------------------------------------------------------
 --------------- cycle=   200 ------ stepsize=    0.0011 -----------------------
 | Etotal =12761.069  grad(E)=13.119     E(BOND)=221.723    E(ANGL)=1127.483   |
 | E(DIHE)=170.670    E(IMPR)=90.500     E(VDW )=11150.693                     |
 -------------------------------------------------------------------------------
 --------------- cycle=   250 ------ stepsize=    0.0011 -----------------------
 | Etotal =12761.005  grad(E)=13.119     E(BOND)=221.765    E(ANGL)=1127.440   |
 | E(DIHE)=170.654    E(IMPR)=90.503     E(VDW )=11150.643                     |
 -------------------------------------------------------------------------------
 --------------- cycle=   300 ------ stepsize=    0.0009 -----------------------
 | Etotal =12761.002  grad(E)=13.119     E(BOND)=221.769    E(ANGL)=1127.433   |
 | E(DIHE)=170.592    E(IMPR)=90.505     E(VDW )=11150.704                     |
 -------------------------------------------------------------------------------
 --------------- cycle=   350 ------ stepsize=    0.0010 -----------------------
 | Etotal =12761.002  grad(E)=13.119     E(BOND)=221.771    E(ANGL)=1127.432   |
 | E(DIHE)=170.570    E(IMPR)=90.506     E(VDW )=11150.723                     |
 -------------------------------------------------------------------------------
 --------------- cycle=   400 ------ stepsize=    0.0012 -----------------------
 | Etotal =12761.002  grad(E)=13.119     E(BOND)=221.771    E(ANGL)=1127.433   |
 | E(DIHE)=170.566    E(IMPR)=90.506     E(VDW )=11150.726                     |
 -------------------------------------------------------------------------------
 POWELL: Gradient converged. Normal termination
 POWELL: Current coordinates set to last minimum
 POWELL: number of degrees of freedom= 18159
 NBONDS: found   675536 intra-atom interactions
 NBONDS: found   675603 intra-atom interactions
 --------------- cycle=     5 ------ stepsize=    0.0006 -----------------------
 | Etotal =12611.911  grad(E)=13.104     E(BOND)=221.864    E(ANGL)=1126.869   |
 | E(DIHE)=170.550    E(IMPR)=89.853     E(VDW )=11002.777                     |
 -------------------------------------------------------------------------------
 --------------- cycle=    10 ------ stepsize=    0.0009 -----------------------
 | Etotal =12609.005  grad(E)=13.105     E(BOND)=221.500    E(ANGL)=1128.425   |
 | E(DIHE)=170.458    E(IMPR)=89.675     E(VDW )=10998.947                     |
 -------------------------------------------------------------------------------
 --------------- cycle=    15 ------ stepsize=   -0.0003 -----------------------
 | Etotal =12606.781  grad(E)=13.109     E(BOND)=221.513    E(ANGL)=1128.981   |
 | E(DIHE)=170.294    E(IMPR)=89.803     E(VDW )=10996.190                     |
 -------------------------------------------------------------------------------
 --------------- cycle=    20 ------ stepsize=    0.0007 -----------------------
 | Etotal =12605.741  grad(E)=13.097     E(BOND)=221.570    E(ANGL)=1127.341   |
 | E(DIHE)=170.238    E(IMPR)=89.626     E(VDW )=10996.966                     |
 -------------------------------------------------------------------------------
 --------------- cycle=    25 ------ stepsize=    0.0009 -----------------------
 | Etotal =12605.505  grad(E)=13.104     E(BOND)=221.671    E(ANGL)=1127.908   |
 | E(DIHE)=170.196    E(IMPR)=89.741     E(VDW )=10995.989                     |
 -------------------------------------------------------------------------------
 --------------- cycle=    30 ------ stepsize=    0.0009 -----------------------
 | Etotal =12605.286  grad(E)=13.099     E(BOND)=221.595    E(ANGL)=1127.734   |
 | E(DIHE)=170.142    E(IMPR)=89.667     E(VDW )=10996.147                     |
 -------------------------------------------------------------------------------
 --------------- cycle=    35 ------ stepsize=    0.0003 -----------------------
 | Etotal =12605.121  grad(E)=13.099     E(BOND)=221.645    E(ANGL)=1127.505   |
 | E(DIHE)=170.030    E(IMPR)=89.682     E(VDW )=10996.259                     |
 -------------------------------------------------------------------------------
 --------------- cycle=    40 ------ stepsize=    0.0011 -----------------------
 | Etotal =12604.763  grad(E)=13.100     E(BOND)=221.663    E(ANGL)=1127.962   |
 | E(DIHE)=169.710    E(IMPR)=89.682     E(VDW )=10995.746                     |
 -------------------------------------------------------------------------------
 --------------- cycle=    45 ------ stepsize=    0.0004 -----------------------
 | Etotal =12604.712  grad(E)=13.099     E(BOND)=221.687    E(ANGL)=1127.780   |
 | E(DIHE)=169.633    E(IMPR)=89.697     E(VDW )=10995.914                     |
 -------------------------------------------------------------------------------
 --------------- cycle=    50 ------ stepsize=    0.0013 -----------------------
 | Etotal =12604.503  grad(E)=13.099     E(BOND)=221.765    E(ANGL)=1127.615   |
 | E(DIHE)=169.093    E(IMPR)=89.688     E(VDW )=10996.343                     |
 -------------------------------------------------------------------------------
 POWELL: STEP number limit. Normal termination
 POWELL: Current coordinates set to last minimum
 %PARRDR-info: duplication of bond HC   NC2 
 %PARRDR-info: duplication of angle CH2E C    NH1 
 %PARRDR-info: duplication of angle CH2P CH2E HA  
 POWELL: number of degrees of freedom= 18159
 NBONDS: generating intra-molecular exclusion list with mode= 5
 MAKINB: mode   5 found  17713 exclusions and  17813 interactions(1-4)
 NBONDS: found   893744 intra-atom interactions
 NBONDS: found   893854 intra-atom interactions
 --------------- cycle=    50 ------ stepsize=    0.0011 -----------------------
 | Etotal =-15.972    grad(E)=5.432      E(BOND)=16.312     E(ANGL)=409.499    |
 | E(DIHE)=54.824     E(IMPR)=34.629     E(VDW )=-531.968   E(ELEC)=0.732      |
 -------------------------------------------------------------------------------
 POWELL: STEP number limit. Normal termination
 POWELL: Current coordinates set to last minimum
 --------------- cycle=     1 --------------------------------------------------
 | Etotal =-15.972    grad(E)=5.432      E(BOND)=16.312     E(ANGL)=409.499    |
 | E(DIHE)=54.824     E(IMPR)=34.629     E(VDW )=-531.968   E(ELEC)=0.732      |
 -------------------------------------------------------------------------------
 SURFAC: half the sigma value being used for atomic radii.
 SURFAC: ACCEssible surface area
 SURFAC: ACCUracy= 0.07 RH2O=  1.40
         Z-grid=  0.32 number-of-Z-sections=  217
         measures-of-arc= 93582 and149831
 SURFAC: half the sigma value being used for atomic radii.
 SURFAC: ACCEssible surface area
 SURFAC: ACCUracy= 0.07 RH2O=  1.40
         Z-grid=  0.32 number-of-Z-sections=  138
         measures-of-arc= 25899 and 46004
 SURFAC: half the sigma value being used for atomic radii.
 SURFAC: ACCEssible surface area
 SURFAC: ACCUracy= 0.07 RH2O=  1.40
         Z-grid=  0.32 number-of-Z-sections=  217
         measures-of-arc=121535 and195748
 %PARRDR-info: duplication of bond HC   NC2 
 %PARRDR-info: duplication of angle CH2E C    NH1 
 %PARRDR-info: duplication of angle CH2P CH2E HA  
 NBONDS: generating intra-molecular exclusion list with mode= 5
 MAKINB: mode   5 found      0 exclusions and      0 interactions(1-4)
 NBONDS: found      285 intra-atom interactions
 --------------- cycle=     2 --------------------------------------------------
 | Etotal =-3.455     grad(E)=0.068      E(VDW )=-0.260     E(ELEC)=-3.195     |
 -------------------------------------------------------------------------------
 NBONDS: generating intra-molecular exclusion list with mode= 5
 MAKINB: mode   5 found      0 exclusions and      0 interactions(1-4)
 NBONDS: found     1271 intra-atom interactions
 --------------- cycle=     3 --------------------------------------------------
 | Etotal =-2.287     grad(E)=0.031      E(VDW )=-3.939     E(ELEC)=1.651      |
 -------------------------------------------------------------------------------
 NBONDS: generating intra-molecular exclusion list with mode= 5
 MAKINB: mode   5 found      0 exclusions and      0 interactions(1-4)
 NBONDS: found     1591 intra-atom interactions
 --------------- cycle=     4 --------------------------------------------------
 | Etotal =-8.495     grad(E)=0.067      E(VDW )=-5.489     E(ELEC)=-3.007     |
 -------------------------------------------------------------------------------
 NBONDS: generating intra-molecular exclusion list with mode= 5
 MAKINB: mode   5 found      0 exclusions and      0 interactions(1-4)
 NBONDS: found     1831 intra-atom interactions
 --------------- cycle=     5 --------------------------------------------------
 | Etotal =-8.493     grad(E)=0.030      E(VDW )=-7.633     E(ELEC)=-0.860     |
 -------------------------------------------------------------------------------
 NBONDS: generating intra-molecular exclusion list with mode= 5
 MAKINB: mode   5 found      0 exclusions and      0 interactions(1-4)
 NBONDS: found     1267 intra-atom interactions
 --------------- cycle=     6 --------------------------------------------------
 | Etotal =-87.567    grad(E)=0.345      E(VDW )=-0.253     E(ELEC)=-87.313    |
 -------------------------------------------------------------------------------
 NBONDS: generating intra-molecular exclusion list with mode= 5
 MAKINB: mode   5 found      0 exclusions and      0 interactions(1-4)
 NBONDS: found     2878 intra-atom interactions
 --------------- cycle=     7 --------------------------------------------------
 | Etotal =-33.533    grad(E)=0.355      E(VDW )=-1.527     E(ELEC)=-32.006    |
 -------------------------------------------------------------------------------
 NBONDS: generating intra-molecular exclusion list with mode= 5
 MAKINB: mode   5 found      0 exclusions and      0 interactions(1-4)
 NBONDS: found     2803 intra-atom interactions
 --------------- cycle=     8 --------------------------------------------------
 | Etotal =-16.647    grad(E)=0.141      E(VDW )=-10.162    E(ELEC)=-6.485     |
 -------------------------------------------------------------------------------
 NBONDS: generating intra-molecular exclusion list with mode= 5
 MAKINB: mode   5 found      0 exclusions and      0 interactions(1-4)
 NBONDS: found      840 intra-atom interactions
 --------------- cycle=     9 --------------------------------------------------
 | Etotal =-18.025    grad(E)=0.343      E(VDW )=0.343      E(ELEC)=-18.368    |
 -------------------------------------------------------------------------------
 NBONDS: generating intra-molecular exclusion list with mode= 5
 MAKINB: mode   5 found      0 exclusions and      0 interactions(1-4)
 NBONDS: found      553 intra-atom interactions
 --------------- cycle=    10 --------------------------------------------------
 | Etotal =-21.555    grad(E)=0.237      E(VDW )=-1.728     E(ELEC)=-19.827    |
 -------------------------------------------------------------------------------
 NBONDS: generating intra-molecular exclusion list with mode= 5
 MAKINB: mode   5 found      0 exclusions and      0 interactions(1-4)
 NBONDS: found     1161 intra-atom interactions
 --------------- cycle=    11 --------------------------------------------------
 | Etotal =-19.862    grad(E)=0.212      E(VDW )=-4.662     E(ELEC)=-15.200    |
 -------------------------------------------------------------------------------
 NBONDS: generating intra-molecular exclusion list with mode= 5
 MAKINB: mode   5 found      0 exclusions and      0 interactions(1-4)
 NBONDS: found     1532 intra-atom interactions
 --------------- cycle=    12 --------------------------------------------------
 | Etotal =-11.599    grad(E)=0.164      E(VDW )=-2.590     E(ELEC)=-9.009     |
 -------------------------------------------------------------------------------
 NBONDS: generating intra-molecular exclusion list with mode= 5
 MAKINB: mode   5 found      0 exclusions and      0 interactions(1-4)
 NBONDS: found      497 intra-atom interactions
 --------------- cycle=    13 --------------------------------------------------
 | Etotal =-0.494     grad(E)=0.028      E(VDW )=-0.647     E(ELEC)=0.153      |
 -------------------------------------------------------------------------------
 NBONDS: generating intra-molecular exclusion list with mode= 5
 MAKINB: mode   5 found      0 exclusions and      0 interactions(1-4)
 NBONDS: found      711 intra-atom interactions
 --------------- cycle=    14 --------------------------------------------------
 | Etotal =-2.842     grad(E)=0.011      E(VDW )=-3.396     E(ELEC)=0.554      |
 -------------------------------------------------------------------------------
 NBONDS: generating intra-molecular exclusion list with mode= 5
 MAKINB: mode   5 found      0 exclusions and      0 interactions(1-4)
 NBONDS: found      308 intra-atom interactions
 --------------- cycle=    15 --------------------------------------------------
 | Etotal =-0.194     grad(E)=0.048      E(VDW )=0.012      E(ELEC)=-0.207     |
 -------------------------------------------------------------------------------
 NBONDS: generating intra-molecular exclusion list with mode= 5
 MAKINB: mode   5 found      0 exclusions and      0 interactions(1-4)
 NBONDS: found      568 intra-atom interactions
 --------------- cycle=    16 --------------------------------------------------
 | Etotal =-4.066     grad(E)=0.046      E(VDW )=-2.713     E(ELEC)=-1.353     |
 -------------------------------------------------------------------------------
 NBONDS: generating intra-molecular exclusion list with mode= 5
 MAKINB: mode   5 found      0 exclusions and      0 interactions(1-4)
 NBONDS: found      591 intra-atom interactions
 --------------- cycle=    17 --------------------------------------------------
 | Etotal =-5.945     grad(E)=0.062      E(VDW )=-0.863     E(ELEC)=-5.082     |
 -------------------------------------------------------------------------------
 NBONDS: generating intra-molecular exclusion list with mode= 5
 MAKINB: mode   5 found      0 exclusions and      0 interactions(1-4)
 NBONDS: found      843 intra-atom interactions
 --------------- cycle=    18 --------------------------------------------------
 | Etotal =-7.558     grad(E)=0.165      E(VDW )=-2.068     E(ELEC)=-5.490     |
 -------------------------------------------------------------------------------
 NBONDS: generating intra-molecular exclusion list with mode= 5
 MAKINB: mode   5 found      0 exclusions and      0 interactions(1-4)
 NBONDS: found      310 intra-atom interactions
 --------------- cycle=    19 --------------------------------------------------
 | Etotal =-0.540     grad(E)=0.025      E(VDW )=-0.583     E(ELEC)=0.043      |
 -------------------------------------------------------------------------------
 NBONDS: generating intra-molecular exclusion list with mode= 5
 MAKINB: mode   5 found      0 exclusions and      0 interactions(1-4)
 NBONDS: found     3116 intra-atom interactions
 --------------- cycle=    20 --------------------------------------------------
 | Etotal =-53.147    grad(E)=0.301      E(VDW )=-10.135    E(ELEC)=-43.011    |
 -------------------------------------------------------------------------------
 NBONDS: generating intra-molecular exclusion list with mode= 5
 MAKINB: mode   5 found      0 exclusions and      0 interactions(1-4)
 NBONDS: found      594 intra-atom interactions
 --------------- cycle=    21 --------------------------------------------------
 | Etotal =-3.741     grad(E)=0.047      E(VDW )=-2.680     E(ELEC)=-1.061     |
 -------------------------------------------------------------------------------
 NBONDS: generating intra-molecular exclusion list with mode= 5
 MAKINB: mode   5 found      0 exclusions and      0 interactions(1-4)
 NBONDS: found      732 intra-atom interactions
 --------------- cycle=    22 --------------------------------------------------
 | Etotal =-3.104     grad(E)=0.148      E(VDW )=-3.394     E(ELEC)=0.290      |
 -------------------------------------------------------------------------------
 NBONDS: generating intra-molecular exclusion list with mode= 5
 MAKINB: mode   5 found      0 exclusions and      0 interactions(1-4)
 NBONDS: found      435 intra-atom interactions
 --------------- cycle=    23 --------------------------------------------------
 | Etotal =-2.353     grad(E)=0.074      E(VDW )=-0.945     E(ELEC)=-1.408     |
 -------------------------------------------------------------------------------
 NBONDS: generating intra-molecular exclusion list with mode= 5
 MAKINB: mode   5 found      0 exclusions and      0 interactions(1-4)
 NBONDS: found      182 intra-atom interactions
 --------------- cycle=    24 --------------------------------------------------
 | Etotal =4.129      grad(E)=0.076      E(VDW )=-0.323     E(ELEC)=4.453      |
 -------------------------------------------------------------------------------
 NBONDS: generating intra-molecular exclusion list with mode= 5
 MAKINB: mode   5 found      0 exclusions and      0 interactions(1-4)
 NBONDS: found      788 intra-atom interactions
 --------------- cycle=    25 --------------------------------------------------
 | Etotal =-15.029    grad(E)=0.109      E(VDW )=-1.276     E(ELEC)=-13.753    |
 -------------------------------------------------------------------------------
 NBONDS: generating intra-molecular exclusion list with mode= 5
 MAKINB: mode   5 found      0 exclusions and      0 interactions(1-4)
 NBONDS: found      636 intra-atom interactions
 --------------- cycle=    26 --------------------------------------------------
 | Etotal =-87.398    grad(E)=0.342      E(VDW )=2.397      E(ELEC)=-89.796    |
 -------------------------------------------------------------------------------
 NBONDS: generating intra-molecular exclusion list with mode= 5
 MAKINB: mode   5 found      0 exclusions and      0 interactions(1-4)
 NBONDS: found      826 intra-atom interactions
 --------------- cycle=    27 --------------------------------------------------
 | Etotal =-7.841     grad(E)=0.076      E(VDW )=-3.124     E(ELEC)=-4.716     |
 -------------------------------------------------------------------------------
 NBONDS: generating intra-molecular exclusion list with mode= 5
 MAKINB: mode   5 found      0 exclusions and      0 interactions(1-4)
 NBONDS: found      447 intra-atom interactions
 --------------- cycle=    28 --------------------------------------------------
 | Etotal =-2.854     grad(E)=0.035      E(VDW )=-2.411     E(ELEC)=-0.443     |
 -------------------------------------------------------------------------------
 NBONDS: generating intra-molecular exclusion list with mode= 5
 MAKINB: mode   5 found      0 exclusions and      0 interactions(1-4)
 NBONDS: found     1209 intra-atom interactions
 --------------- cycle=    29 --------------------------------------------------
 | Etotal =3.194      grad(E)=0.050      E(VDW )=-1.998     E(ELEC)=5.192      |
 -------------------------------------------------------------------------------
 NBONDS: generating intra-molecular exclusion list with mode= 5
 MAKINB: mode   5 found      0 exclusions and      0 interactions(1-4)
 NBONDS: found     1615 intra-atom interactions
 --------------- cycle=    30 --------------------------------------------------
 | Etotal =-3.834     grad(E)=0.080      E(VDW )=-3.792     E(ELEC)=-0.042     |
 -------------------------------------------------------------------------------
 NBONDS: generating intra-molecular exclusion list with mode= 5
 MAKINB: mode   5 found      0 exclusions and      0 interactions(1-4)
 NBONDS: found     1068 intra-atom interactions
 --------------- cycle=    31 --------------------------------------------------
 | Etotal =-3.422     grad(E)=0.077      E(VDW )=-2.457     E(ELEC)=-0.965     |
 -------------------------------------------------------------------------------
 NBONDS: generating intra-molecular exclusion list with mode= 5
 MAKINB: mode   5 found      0 exclusions and      0 interactions(1-4)
 NBONDS: found      845 intra-atom interactions
 --------------- cycle=    32 --------------------------------------------------
 | Etotal =-3.482     grad(E)=0.024      E(VDW )=-2.592     E(ELEC)=-0.890     |
 -------------------------------------------------------------------------------
 NBONDS: generating intra-molecular exclusion list with mode= 5
 MAKINB: mode   5 found      0 exclusions and      0 interactions(1-4)
 NBONDS: found      335 intra-atom interactions
 --------------- cycle=    33 --------------------------------------------------
 | Etotal =-2.109     grad(E)=0.020      E(VDW )=-1.046     E(ELEC)=-1.063     |
 -------------------------------------------------------------------------------
 NBONDS: generating intra-molecular exclusion list with mode= 5
 MAKINB: mode   5 found      0 exclusions and      0 interactions(1-4)
 NBONDS: found      210 intra-atom interactions
 --------------- cycle=    34 --------------------------------------------------
 | Etotal =-0.627     grad(E)=0.015      E(VDW )=-0.409     E(ELEC)=-0.218     |
 -------------------------------------------------------------------------------
 NBONDS: generating intra-molecular exclusion list with mode= 5
 MAKINB: mode   5 found      0 exclusions and      0 interactions(1-4)
 NBONDS: found     1900 intra-atom interactions
 --------------- cycle=    35 --------------------------------------------------
 | Etotal =-6.816     grad(E)=0.050      E(VDW )=-6.768     E(ELEC)=-0.048     |
 -------------------------------------------------------------------------------
 NBONDS: generating intra-molecular exclusion list with mode= 5
 MAKINB: mode   5 found      0 exclusions and      0 interactions(1-4)
 NBONDS: found     1289 intra-atom interactions
 --------------- cycle=    36 --------------------------------------------------
 | Etotal =-4.650     grad(E)=0.051      E(VDW )=-3.927     E(ELEC)=-0.723     |
 -------------------------------------------------------------------------------
 NBONDS: generating intra-molecular exclusion list with mode= 5
 MAKINB: mode   5 found      0 exclusions and      0 interactions(1-4)
 NBONDS: found     1887 intra-atom interactions
 --------------- cycle=    37 --------------------------------------------------
 | Etotal =1.317      grad(E)=0.179      E(VDW )=-4.350     E(ELEC)=5.667      |
 -------------------------------------------------------------------------------
 NBONDS: generating intra-molecular exclusion list with mode= 5
 MAKINB: mode   5 found      0 exclusions and      0 interactions(1-4)
 NBONDS: found      380 intra-atom interactions
 --------------- cycle=    38 --------------------------------------------------
 | Etotal =-11.742    grad(E)=0.106      E(VDW )=-1.703     E(ELEC)=-10.040    |
 -------------------------------------------------------------------------------
 NBONDS: generating intra-molecular exclusion list with mode= 5
 MAKINB: mode   5 found      0 exclusions and      0 interactions(1-4)
 NBONDS: found      297 intra-atom interactions
 --------------- cycle=    39 --------------------------------------------------
 | Etotal =-4.343     grad(E)=0.061      E(VDW )=-0.464     E(ELEC)=-3.879     |
 -------------------------------------------------------------------------------
 NBONDS: generating intra-molecular exclusion list with mode= 5
 MAKINB: mode   5 found      0 exclusions and      0 interactions(1-4)
 NBONDS: found     1396 intra-atom interactions
 --------------- cycle=    40 --------------------------------------------------
 | Etotal =-49.053    grad(E)=0.344      E(VDW )=-0.910     E(ELEC)=-48.142    |
 -------------------------------------------------------------------------------
 NBONDS: generating intra-molecular exclusion list with mode= 5
 MAKINB: mode   5 found      0 exclusions and      0 interactions(1-4)
 NBONDS: found      690 intra-atom interactions
 --------------- cycle=    41 --------------------------------------------------
 | Etotal =-20.483    grad(E)=0.201      E(VDW )=-2.365     E(ELEC)=-18.117    |
 -------------------------------------------------------------------------------
 NBONDS: generating intra-molecular exclusion list with mode= 5
 MAKINB: mode   5 found      0 exclusions and      0 interactions(1-4)
 NBONDS: found      603 intra-atom interactions
 --------------- cycle=    42 --------------------------------------------------
 | Etotal =-12.919    grad(E)=0.108      E(VDW )=-2.870     E(ELEC)=-10.050    |
 -------------------------------------------------------------------------------
 NBONDS: generating intra-molecular exclusion list with mode= 5
 MAKINB: mode   5 found      0 exclusions and      0 interactions(1-4)
 NBONDS: found      474 intra-atom interactions
 --------------- cycle=    43 --------------------------------------------------
 | Etotal =-18.285    grad(E)=0.164      E(VDW )=-0.171     E(ELEC)=-18.114    |
 -------------------------------------------------------------------------------
 NBONDS: generating intra-molecular exclusion list with mode= 5
 MAKINB: mode   5 found      0 exclusions and      0 interactions(1-4)
 NBONDS: found      469 intra-atom interactions
 --------------- cycle=    44 --------------------------------------------------
 | Etotal =-3.942     grad(E)=0.068      E(VDW )=-0.405     E(ELEC)=-3.537     |
 -------------------------------------------------------------------------------
 NBONDS: generating intra-molecular exclusion list with mode= 5
 MAKINB: mode   5 found      0 exclusions and      0 interactions(1-4)
 NBONDS: found     1364 intra-atom interactions
 --------------- cycle=    45 --------------------------------------------------
 | Etotal =-1.008     grad(E)=0.063      E(VDW )=-2.322     E(ELEC)=1.314      |
 -------------------------------------------------------------------------------
 NBONDS: generating intra-molecular exclusion list with mode= 5
 MAKINB: mode   5 found      0 exclusions and      0 interactions(1-4)
 NBONDS: found      530 intra-atom interactions
 --------------- cycle=    46 --------------------------------------------------
 | Etotal =4.539      grad(E)=0.042      E(VDW )=-0.479     E(ELEC)=5.018      |
 -------------------------------------------------------------------------------
 NBONDS: generating intra-molecular exclusion list with mode= 5
 MAKINB: mode   5 found      0 exclusions and      0 interactions(1-4)
 NBONDS: found     1989 intra-atom interactions
 --------------- cycle=    47 --------------------------------------------------
 | Etotal =-18.400    grad(E)=0.223      E(VDW )=-4.669     E(ELEC)=-13.731    |
 -------------------------------------------------------------------------------
 NBONDS: generating intra-molecular exclusion list with mode= 5
 MAKINB: mode   5 found      0 exclusions and      0 interactions(1-4)
 NBONDS: found     1304 intra-atom interactions
 --------------- cycle=    48 --------------------------------------------------
 | Etotal =4.538      grad(E)=0.160      E(VDW )=-7.006     E(ELEC)=11.543     |
 -------------------------------------------------------------------------------
 NBONDS: generating intra-molecular exclusion list with mode= 5
 MAKINB: mode   5 found      0 exclusions and      0 interactions(1-4)
 NBONDS: found      755 intra-atom interactions
 --------------- cycle=    49 --------------------------------------------------
 | Etotal =-10.020    grad(E)=0.096      E(VDW )=-1.583     E(ELEC)=-8.437     |
 -------------------------------------------------------------------------------
 NBONDS: generating intra-molecular exclusion list with mode= 5
 MAKINB: mode   5 found      0 exclusions and      0 interactions(1-4)
 NBONDS: found      603 intra-atom interactions
 --------------- cycle=    50 --------------------------------------------------
 | Etotal =-2.582     grad(E)=0.050      E(VDW )=-0.457     E(ELEC)=-2.125     |
 -------------------------------------------------------------------------------
 NBONDS: generating intra-molecular exclusion list with mode= 5
 MAKINB: mode   5 found      0 exclusions and      0 interactions(1-4)
 NBONDS: found     1967 intra-atom interactions
 --------------- cycle=    51 --------------------------------------------------
 | Etotal =-13.734    grad(E)=0.175      E(VDW )=-8.580     E(ELEC)=-5.154     |
 -------------------------------------------------------------------------------
 NBONDS: generating intra-molecular exclusion list with mode= 5
 MAKINB: mode   5 found      0 exclusions and      0 interactions(1-4)
 NBONDS: found      512 intra-atom interactions
 --------------- cycle=    52 --------------------------------------------------
 | Etotal =-11.123    grad(E)=0.136      E(VDW )=-0.481     E(ELEC)=-10.641    |
 -------------------------------------------------------------------------------
 HEAP: maximum use      =    22476432 current use      =       96000 bytes
 HEAP: maximum overhead =        2816 current overhead =         752 bytes
          ============================================================
           Maximum dynamic memory allocation:    22476432 bytes
           Maximum dynamic memory overhead:          2816 bytes
           Program started at: 16:04:52 on 08-May-2020
           Program stopped at: 16:05:17 on 08-May-2020
           CPU time used:      24.7031 seconds
          ============================================================
