          ============================================================
          |                                                          |
          |            Crystallography & NMR System (CNS)            |
          |                         CNSsolve                         |
          |                                                          |
          ============================================================
           Version: 1.3 at patch level U
           Status: Special UU release with Rg and paramagnetic
                   restraints (A. Bonvin, UU 2011)
          ============================================================
           Written by: A.T.Brunger, P.D.Adams, G.M.Clore, W.L.DeLano,
                       P.Gros, R.W.Grosse-Kunstleve,J.-S.Jiang,J.M.Krahn,
                       J.Kuszewski, M.Nilges, N.S.Pannu, R.J.Read,
                       L.M.Rice, G.F.Schroeder, T.Simonson, G.L.Warren.
           Copyright (c) 1997-2010 Yale University
          ============================================================
           Running on machine: hostname unknown (x86_64/Linux,64-bit)
           Program started by: joaor
           Program started at: 18:26:07 on 10-Jun-2020
          ============================================================

 FFT3C: Using FFTPACK4.1

 CNSsolve>! 
 CNSsolve>! Calculates pairwise energies between residues 
 CNSsolve>! Will only rebuild hydrogen atoms 
 CNSsolve>! 
 CNSsolve>! Adapted from HADDOCK protocols here and there. 
 CNSsolve>! JR & AMJJB @ 2020 
 CNSsolve>! 
 CNSsolve>define( 
 DEFINE>    {===>} auto_break=true; 
 DEFINE>    {===>} break_cutoff=2.5; 
 DEFINE>    {===>} dnaauto_break=true; 
 DEFINE>    {===>} dbreak_cutoff=4.5; 
 DEFINE>    {===>} auto_cispro=true; 
 DEFINE>    {===>} auto_disu=true; 
 DEFINE>    {===>} disulphide_dist=3.0; 
 DEFINE>    {===>} glyco_dist=2.75; 
 DEFINE>    {===>} coorin="molecule.pdb"; 
 DEFINE>    {===>} icutoff=5.0; 
 DEFINE>) 
 CNSsolve> 
 CNSsolve>! Mute (most) output 
 CNSsolve>set message=on echo=off end 
 ASSFIL: file merged.param opened.
 MESSage=NORM
 EVALUATE: symbol $OLD_MESSAGE set to "NORM" (string)
 ECHO=FALSe {OFF}
 EVALUATE: symbol $OLD_ECHO set to FALSE (logical)
 %PARRDR-info: duplication of bond HC   NC2 
 %PARRDR-info: duplication of angle CH2E C    NH1 
 %PARRDR-info: duplication of angle CH2P CH2E HA  
 ASSFIL: file merged.top opened.
 MESSage=NORM
 EVALUATE: symbol $OLD_MESSAGE set to "NORM" (string)
 ECHO=FALSe {OFF}
 EVALUATE: symbol $OLD_ECHO set to FALSE (logical)
 %RTFIO-warning: undefined masses in residue CYC 
 %RTFIO error encountered: there are undefined masses.
   (CNS is in mode: SET ABORT=NORMal END)
 MESSage=NORM
 EVALUATE: symbol $OLD_MESSAGE set to "NORM" (string)
 ECHO=FALSe {OFF}
 EVALUATE: symbol $OLD_ECHO set to FALSE (logical)
 ASSFIL: file protein_break.top opened.
 %RTFRDR-ERR: duplicate (P-)RESIdue name DPEP
 %RTFRDR-ERR: duplicate (P-)RESIdue name DPPP
 RTFRDR> 
 RTFRDR>end 
 CNSsolve> 
 CNSsolve>! Reset output muting 
 CNSsolve>set message=off echo=off end 
FOUND 2 NAG:ASN pairs
NAG:ASN bond added from   B    910  to   B    546 
NAG:ASN bond added from   E    1401 to   E    343 
FOUND 3 NAG:NAG pairs
NAG:NAG B14 bond added from   B    911  to   B    910 
NAG:NAG B14 bond added from   E    1402 to   E    1401
NAG:NAG B14 bond added from   E    1403 to   E    1402
 %PARRDR-info: duplication of bond HC   NC2 
 %PARRDR-info: duplication of angle CH2E C    NH1 
 %PARRDR-info: duplication of angle CH2P CH2E HA  
 POWELL: number of degrees of freedom= 13713
 NBONDS: generating intra-molecular exclusion list with mode=-2
 MAKINB: mode  -2 found   4571 exclusions and      0 interactions(1-4)
 %atoms "B   -161 -ARG -HA  " and "B   -161 -ARG -HD2 " only  0.08 A apart
 %atoms "B   -163 -HIS -HB2 " and "B   -163 -HIS -HE2 " only  0.08 A apart
 %atoms "B   -169 -ARG -HG2 " and "B   -169 -ARG -CD  " only  0.05 A apart
 %atoms "B   -257 -THR -HA  " and "B   -257 -THR -HB  " only  0.01 A apart
 %atoms "B   -265 -HIS -HB1 " and "B   -265 -HIS -CG  " only  0.08 A apart
 %atoms "B   -450 -LEU -HG  " and "B   -450 -LEU -HD12" only  0.09 A apart
 %atoms "B   -524 -GLN -HB1 " and "B   -524 -GLN -HG2 " only  0.10 A apart
 %atoms "E   -407 -VAL -CB  " and "E   -407 -VAL -HG12" only  0.08 A apart
 NBONDS: found   685293 intra-atom interactions
 NBONDS: found        8 nonbonded violations
 %atoms "E   -354 -ASN -HA  " and "E   -354 -ASN -HB2 " only  0.09 A apart
 NBONDS: found   685600 intra-atom interactions
 NBONDS: found        1 nonbonded violations
 NBONDS: found   682755 intra-atom interactions
 NBONDS: found   679083 intra-atom interactions
 --------------- cycle=    10 ------ stepsize=   -0.0000 -----------------------
 | Etotal =0.34E+07   grad(E)=585.760    E(BOND)=512410.837 E(ANGL)=0.16E+07   |
 | E(VDW )=0.13E+07                                                            |
 -------------------------------------------------------------------------------
 NBONDS: found   677296 intra-atom interactions
 NBONDS: found   678162 intra-atom interactions
 NBONDS: found   679158 intra-atom interactions
 --------------- cycle=    20 ------ stepsize=    0.0000 -----------------------
 | Etotal =0.12E+07   grad(E)=300.918    E(BOND)=230345.630 E(ANGL)=486252.687 |
 | E(VDW )=495913.825                                                          |
 -------------------------------------------------------------------------------
 NBONDS: found   678912 intra-atom interactions
 NBONDS: found   679055 intra-atom interactions
 NBONDS: found   679389 intra-atom interactions
 --------------- cycle=    30 ------ stepsize=   -0.0000 -----------------------
 | Etotal =962559.022 grad(E)=243.394    E(BOND)=184692.320 E(ANGL)=352609.044 |
 | E(VDW )=425257.657                                                          |
 -------------------------------------------------------------------------------
 NBONDS: found   679385 intra-atom interactions
 NBONDS: found   679322 intra-atom interactions
 --------------- cycle=    40 ------ stepsize=   -0.0001 -----------------------
 | Etotal =918486.724 grad(E)=233.466    E(BOND)=182425.551 E(ANGL)=330278.545 |
 | E(VDW )=405782.627                                                          |
 -------------------------------------------------------------------------------
 NBONDS: found   679329 intra-atom interactions
 NBONDS: found   679344 intra-atom interactions
 --------------- cycle=    50 ------ stepsize=   -0.0000 -----------------------
 | Etotal =899319.044 grad(E)=229.922    E(BOND)=179758.629 E(ANGL)=318099.082 |
 | E(VDW )=401461.333                                                          |
 -------------------------------------------------------------------------------
 POWELL: STEP number limit. Normal termination
 POWELL: Current coordinates set to last minimum
 DCART: temperature coupling (TCOUpling) enabled
 -------------------------- Cartesian dynamics start ---------------------------
 | E(kin)+E(total)=0.34E+07        E(kin)=4144.883      temperature=304.208    |
 | Etotal =0.34E+07   grad(E)=569.210    E(BOND)=179758.629 E(ANGL)=318099.082 |
 | E(IMPR)=0.29E+07                                                            |
 -------------------------------------------------------------------------------
 ----------------- final step=       50 at      0.02500 ps ---------------------
 | E(kin)+E(total)=0.22E+07        E(kin)=421384.422    temperature=30926.900  |
 | Etotal =0.18E+07   grad(E)=323.475    E(BOND)=194371.987 E(ANGL)=819698.340 |
 | E(IMPR)=788546.885                                                          |
 -------------------------------------------------------------------------------
 CENMAS: Information about center of free masses
         position [A]          :     -0.69215      0.02358     -0.08808
         velocity [A/ps]       :      1.01073     -0.63209     -0.64997
         ang. mom. [amu A/ps]  : 115004.37193-801816.082101604628.98997
         kin. ener. [Kcal/mol] :    201.41056
 POWELL: number of degrees of freedom= 13713
 NBONDS: found   678038 intra-atom interactions
 NBONDS: found   676679 intra-atom interactions
 NBONDS: found   676561 intra-atom interactions
 NBONDS: found   677509 intra-atom interactions
 --------------- cycle=    10 ------ stepsize=   -0.0000 -----------------------
 | Etotal =0.19E+07   grad(E)=268.035    E(BOND)=226511.266 E(ANGL)=464614.274 |
 | E(IMPR)=710351.949 E(VDW )=493269.386                                       |
 -------------------------------------------------------------------------------
 NBONDS: found   678192 intra-atom interactions
 NBONDS: found   678281 intra-atom interactions
 NBONDS: found   678371 intra-atom interactions
 NBONDS: found   678411 intra-atom interactions
 NBONDS: found   678511 intra-atom interactions
 --------------- cycle=    20 ------ stepsize=   -0.0000 -----------------------
 | Etotal =0.13E+07   grad(E)=149.842    E(BOND)=177465.724 E(ANGL)=179068.969 |
 | E(IMPR)=588995.428 E(VDW )=358808.185                                       |
 -------------------------------------------------------------------------------
 NBONDS: found   678749 intra-atom interactions
 NBONDS: found   678711 intra-atom interactions
 NBONDS: found   678684 intra-atom interactions
 --------------- cycle=    30 ------ stepsize=   -0.0000 -----------------------
 | Etotal =0.12E+07   grad(E)=120.792    E(BOND)=167054.824 E(ANGL)=144905.719 |
 | E(IMPR)=578265.510 E(VDW )=333582.929                                       |
 -------------------------------------------------------------------------------
 NBONDS: found   678654 intra-atom interactions
 NBONDS: found   678670 intra-atom interactions
 --------------- cycle=    40 ------ stepsize=    0.0002 -----------------------
 | Etotal =0.12E+07   grad(E)=115.062    E(BOND)=165379.135 E(ANGL)=134434.898 |
 | E(IMPR)=570376.911 E(VDW )=325631.067                                       |
 -------------------------------------------------------------------------------
 NBONDS: found   678712 intra-atom interactions
 NBONDS: found   678688 intra-atom interactions
 NBONDS: found   678710 intra-atom interactions
 --------------- cycle=    50 ------ stepsize=   -0.0001 -----------------------
 | Etotal =0.12E+07   grad(E)=113.030    E(BOND)=164427.485 E(ANGL)=131539.659 |
 | E(IMPR)=563577.250 E(VDW )=322801.462                                       |
 -------------------------------------------------------------------------------
 POWELL: STEP number limit. Normal termination
 POWELL: Current coordinates set to last minimum
 DCART: temperature coupling (TCOUpling) enabled
 -------------------------- Cartesian dynamics start ---------------------------
 | E(kin)+E(total)=0.12E+07        E(kin)=4059.429      temperature=297.936    |
 | Etotal =0.12E+07   grad(E)=113.030    E(BOND)=164427.485 E(ANGL)=131539.659 |
 | E(IMPR)=563577.250 E(VDW )=322801.462                                       |
 -------------------------------------------------------------------------------
 NBONDS: found   678805 intra-atom interactions
 NBONDS: found   678684 intra-atom interactions
 ----------------- final step=       50 at      0.02500 ps ---------------------
 | E(kin)+E(total)=0.12E+07        E(kin)=7171.510      temperature=526.343    |
 | Etotal =0.12E+07   grad(E)=116.585    E(BOND)=166610.910 E(ANGL)=131486.849 |
 | E(IMPR)=557409.652 E(VDW )=321753.673                                       |
 -------------------------------------------------------------------------------
 CENMAS: Information about center of free masses
         position [A]          :     -0.68882      0.01260     -0.08552
         velocity [A/ps]       :      0.09923     -0.00266     -0.03433
         ang. mom. [amu A/ps]  : -56776.59185 190200.17829 -61971.36460
         kin. ener. [Kcal/mol] :      1.20537
 %PARRDR-info: duplication of bond HC   NC2 
 %PARRDR-info: duplication of angle CH2E C    NH1 
 %PARRDR-info: duplication of angle CH2P CH2E HA  
 POWELL: number of degrees of freedom= 13713
 NBONDS: generating intra-molecular exclusion list with mode=-3
 MAKINB: mode  -3 found  15620 exclusions and      0 interactions(1-4)
 NBONDS: found   667653 intra-atom interactions
 NBONDS: found   669469 intra-atom interactions
 NBONDS: found   669400 intra-atom interactions
 NBONDS: found   669288 intra-atom interactions
 NBONDS: found   669612 intra-atom interactions
 NBONDS: found   670154 intra-atom interactions
 NBONDS: found   670146 intra-atom interactions
 --------------- cycle=    25 ------ stepsize=    0.0003 -----------------------
 | Etotal =245263.418 grad(E)=100.721    E(BOND)=13603.280  E(ANGL)=125531.944 |
 | E(IMPR)=104138.613 E(VDW )=1989.580                                         |
 -------------------------------------------------------------------------------
 NBONDS: found   670132 intra-atom interactions
 NBONDS: found   670144 intra-atom interactions
 NBONDS: found   670129 intra-atom interactions
 NBONDS: found   670093 intra-atom interactions
 NBONDS: found   669960 intra-atom interactions
 NBONDS: found   669802 intra-atom interactions
 --------------- cycle=    50 ------ stepsize=    0.0000 -----------------------
 | Etotal =50446.306  grad(E)=33.684     E(BOND)=1973.321   E(ANGL)=22314.234  |
 | E(IMPR)=25466.114  E(VDW )=692.637                                          |
 -------------------------------------------------------------------------------
 NBONDS: found   669789 intra-atom interactions
 NBONDS: found   669920 intra-atom interactions
 NBONDS: found   669841 intra-atom interactions
 NBONDS: found   669890 intra-atom interactions
 NBONDS: found   669928 intra-atom interactions
 --------------- cycle=    75 ------ stepsize=    0.0005 -----------------------
 | Etotal =10723.602  grad(E)=18.326     E(BOND)=606.898    E(ANGL)=5383.994   |
 | E(IMPR)=4142.224   E(VDW )=590.487                                          |
 -------------------------------------------------------------------------------
 NBONDS: found   669930 intra-atom interactions
 NBONDS: found   669885 intra-atom interactions
 --------------- cycle=   100 ------ stepsize=    0.0001 -----------------------
 | Etotal =2968.160   grad(E)=7.214      E(BOND)=113.033    E(ANGL)=1090.173   |
 | E(IMPR)=1220.648   E(VDW )=544.306                                          |
 -------------------------------------------------------------------------------
 POWELL: STEP number limit. Normal termination
 POWELL: Current coordinates set to last minimum
 DCART: temperature coupling (TCOUpling) enabled
 -------------------------- Cartesian dynamics start ---------------------------
 | E(kin)+E(total)=7014.201        E(kin)=4046.041      temperature=296.953    |
 | Etotal =2968.160   grad(E)=7.214      E(BOND)=113.033    E(ANGL)=1090.173   |
 | E(IMPR)=1220.648   E(VDW )=544.306                                          |
 -------------------------------------------------------------------------------
 NBONDS: found   670030 intra-atom interactions
 NBONDS: found   669986 intra-atom interactions
 NBONDS: found   669968 intra-atom interactions
 NBONDS: found   669974 intra-atom interactions
 NBONDS: found   670026 intra-atom interactions
 NBONDS: found   670004 intra-atom interactions
 NBONDS: found   670127 intra-atom interactions
 NBONDS: found   670207 intra-atom interactions
 NBONDS: found   670106 intra-atom interactions
 NBONDS: found   670091 intra-atom interactions
 NBONDS: found   670062 intra-atom interactions
 NBONDS: found   670047 intra-atom interactions
 NBONDS: found   670106 intra-atom interactions
 NBONDS: found   670149 intra-atom interactions
 NBONDS: found   670176 intra-atom interactions
 NBONDS: found   670183 intra-atom interactions
 NBONDS: found   670139 intra-atom interactions
 NBONDS: found   670040 intra-atom interactions
 NBONDS: found   670095 intra-atom interactions
 NBONDS: found   670147 intra-atom interactions
 NBONDS: found   670114 intra-atom interactions
 NBONDS: found   670076 intra-atom interactions
 NBONDS: found   670013 intra-atom interactions
 NBONDS: found   670129 intra-atom interactions
 NBONDS: found   670196 intra-atom interactions
 NBONDS: found   670135 intra-atom interactions
 NBONDS: found   670129 intra-atom interactions
 NBONDS: found   670031 intra-atom interactions
 NBONDS: found   670121 intra-atom interactions
 NBONDS: found   670036 intra-atom interactions
 NBONDS: found   670007 intra-atom interactions
 NBONDS: found   669955 intra-atom interactions
 ----------------- final step=      500 at      0.25000 ps ---------------------
 | E(kin)+E(total)=8729.872        E(kin)=4669.692      temperature=342.725    |
 | Etotal =4060.180   grad(E)=25.149     E(BOND)=1070.757   E(ANGL)=2065.665   |
 | E(IMPR)=289.589    E(VDW )=634.170                                          |
 -------------------------------------------------------------------------------
 CENMAS: Information about center of free masses
         position [A]          :     -0.69271      0.01133     -0.08438
         velocity [A/ps]       :     -0.05003      0.00296     -0.02435
         ang. mom. [amu A/ps]  : -14703.30501  51773.71176 227377.66219
         kin. ener. [Kcal/mol] :      0.33919
 EFLAGS: the following energy flags are set
 EFLAGS: BOND ANGL DIHE IMPR VDW 
 %PARRDR-info: duplication of bond HC   NC2 
 %PARRDR-info: duplication of angle CH2E C    NH1 
 %PARRDR-info: duplication of angle CH2P CH2E HA  
 POWELL: number of degrees of freedom= 13713
 NBONDS: generating intra-molecular exclusion list with mode=-3
 MAKINB: mode  -3 found  15620 exclusions and      0 interactions(1-4)
 NBONDS: found   669907 intra-atom interactions
 NBONDS: found   670004 intra-atom interactions
 --------------- cycle=    50 ------ stepsize=    0.0014 -----------------------
 | Etotal =13324.824  grad(E)=13.709     E(BOND)=234.671    E(ANGL)=1179.098   |
 | E(DIHE)=209.845    E(IMPR)=117.814    E(VDW )=11583.396                     |
 -------------------------------------------------------------------------------
 NBONDS: found   669951 intra-atom interactions
 --------------- cycle=   100 ------ stepsize=    0.0011 -----------------------
 | Etotal =12959.024  grad(E)=13.295     E(BOND)=218.786    E(ANGL)=1158.617   |
 | E(DIHE)=179.078    E(IMPR)=92.343     E(VDW )=11310.201                     |
 -------------------------------------------------------------------------------
 NBONDS: found   669956 intra-atom interactions
 --------------- cycle=   150 ------ stepsize=    0.0012 -----------------------
 | Etotal =12900.124  grad(E)=13.308     E(BOND)=218.330    E(ANGL)=1160.016   |
 | E(DIHE)=173.592    E(IMPR)=91.768     E(VDW )=11256.417                     |
 -------------------------------------------------------------------------------
 --------------- cycle=   200 ------ stepsize=    0.0010 -----------------------
 | Etotal =12891.403  grad(E)=13.307     E(BOND)=218.649    E(ANGL)=1158.617   |
 | E(DIHE)=174.138    E(IMPR)=91.945     E(VDW )=11248.055                     |
 -------------------------------------------------------------------------------
 --------------- cycle=   250 ------ stepsize=    0.0011 -----------------------
 | Etotal =12890.407  grad(E)=13.310     E(BOND)=218.870    E(ANGL)=1158.875   |
 | E(DIHE)=173.664    E(IMPR)=91.950     E(VDW )=11247.047                     |
 -------------------------------------------------------------------------------
 --------------- cycle=   300 ------ stepsize=    0.0011 -----------------------
 | Etotal =12890.177  grad(E)=13.312     E(BOND)=218.733    E(ANGL)=1159.006   |
 | E(DIHE)=173.889    E(IMPR)=91.938     E(VDW )=11246.611                     |
 -------------------------------------------------------------------------------
 --------------- cycle=   350 ------ stepsize=    0.0004 -----------------------
 | Etotal =12889.258  grad(E)=13.310     E(BOND)=218.673    E(ANGL)=1159.024   |
 | E(DIHE)=172.122    E(IMPR)=91.929     E(VDW )=11247.511                     |
 -------------------------------------------------------------------------------
 NBONDS: found   669918 intra-atom interactions
 --------------- cycle=   400 ------ stepsize=   -0.0001 -----------------------
 | Etotal =12888.250  grad(E)=13.311     E(BOND)=218.732    E(ANGL)=1159.204   |
 | E(DIHE)=172.413    E(IMPR)=91.903     E(VDW )=11245.998                     |
 -------------------------------------------------------------------------------
 --------------- cycle=   450 ------ stepsize=   -0.0002 -----------------------
 | Etotal =12888.184  grad(E)=13.311     E(BOND)=218.778    E(ANGL)=1159.076   |
 | E(DIHE)=172.363    E(IMPR)=91.919     E(VDW )=11246.047                     |
 -------------------------------------------------------------------------------
 --------------- cycle=   500 ------ stepsize=    0.0009 -----------------------
 | Etotal =12888.142  grad(E)=13.312     E(BOND)=218.790    E(ANGL)=1159.069   |
 | E(DIHE)=172.265    E(IMPR)=91.925     E(VDW )=11246.094                     |
 -------------------------------------------------------------------------------
 POWELL: STEP number limit. Normal termination
 POWELL: Current coordinates set to last minimum
 DCART: temperature coupling (TCOUpling) enabled
 -------------------------- Cartesian dynamics start ---------------------------
 | E(kin)+E(total)=16923.413       E(kin)=4035.271      temperature=296.163    |
 | Etotal =12888.142  grad(E)=13.312     E(BOND)=218.790    E(ANGL)=1159.069   |
 | E(DIHE)=172.265    E(IMPR)=91.925     E(VDW )=11246.094                     |
 -------------------------------------------------------------------------------
 NBONDS: found   669856 intra-atom interactions
 NBONDS: found   669915 intra-atom interactions
 NBONDS: found   669806 intra-atom interactions
 NBONDS: found   669904 intra-atom interactions
 NBONDS: found   669930 intra-atom interactions
 NBONDS: found   669925 intra-atom interactions
 NBONDS: found   669897 intra-atom interactions
 NBONDS: found   669823 intra-atom interactions
 NBONDS: found   669806 intra-atom interactions
 NBONDS: found   669857 intra-atom interactions
 NBONDS: found   669873 intra-atom interactions
 NBONDS: found   669999 intra-atom interactions
 NBONDS: found   669790 intra-atom interactions
 ----------------- final step=      500 at      0.25000 ps ---------------------
 | E(kin)+E(total)=21104.081       E(kin)=4154.843      temperature=304.939    |
 | Etotal =16949.238  grad(E)=32.313     E(BOND)=1317.888   E(ANGL)=3488.952   |
 | E(DIHE)=181.264    E(IMPR)=435.479    E(VDW )=11525.655                     |
 -------------------------------------------------------------------------------
 CENMAS: Information about center of free masses
         position [A]          :     -0.69257      0.01181     -0.08431
         velocity [A/ps]       :     -0.25298     -0.08329     -0.01491
         ang. mom. [amu A/ps]  : -22798.85233   7315.60004 -93803.76761
         kin. ener. [Kcal/mol] :      0.39182
 POWELL: number of degrees of freedom= 13713
 NBONDS: found   669952 intra-atom interactions
 --------------- cycle=    50 ------ stepsize=    0.0010 -----------------------
 | Etotal =12900.770  grad(E)=13.306     E(BOND)=218.900    E(ANGL)=1157.884   |
 | E(DIHE)=170.565    E(IMPR)=92.636     E(VDW )=11260.784                     |
 -------------------------------------------------------------------------------
 --------------- cycle=   100 ------ stepsize=    0.0009 -----------------------
 | Etotal =12887.482  grad(E)=13.311     E(BOND)=218.719    E(ANGL)=1158.591   |
 | E(DIHE)=169.401    E(IMPR)=92.004     E(VDW )=11248.766                     |
 -------------------------------------------------------------------------------
 --------------- cycle=   150 ------ stepsize=    0.0013 -----------------------
 | Etotal =12883.940  grad(E)=13.308     E(BOND)=218.823    E(ANGL)=1158.953   |
 | E(DIHE)=168.669    E(IMPR)=91.895     E(VDW )=11245.599                     |
 -------------------------------------------------------------------------------
 --------------- cycle=   200 ------ stepsize=    0.0011 -----------------------
 | Etotal =12883.031  grad(E)=13.309     E(BOND)=218.834    E(ANGL)=1158.878   |
 | E(DIHE)=169.204    E(IMPR)=91.910     E(VDW )=11244.206                     |
 -------------------------------------------------------------------------------
 --------------- cycle=   250 ------ stepsize=    0.0012 -----------------------
 | Etotal =12882.982  grad(E)=13.310     E(BOND)=218.824    E(ANGL)=1158.826   |
 | E(DIHE)=169.208    E(IMPR)=91.892     E(VDW )=11244.232                     |
 -------------------------------------------------------------------------------
 --------------- cycle=   300 ------ stepsize=   -0.0001 -----------------------
 | Etotal =12882.804  grad(E)=13.311     E(BOND)=218.645    E(ANGL)=1159.018   |
 | E(DIHE)=169.802    E(IMPR)=91.934     E(VDW )=11243.405                     |
 -------------------------------------------------------------------------------
 --------------- cycle=   350 ------ stepsize=    0.0001 -----------------------
 | Etotal =12882.785  grad(E)=13.310     E(BOND)=218.654    E(ANGL)=1158.981   |
 | E(DIHE)=169.756    E(IMPR)=91.894     E(VDW )=11243.500                     |
 -------------------------------------------------------------------------------
 --------------- cycle=   400 ------ stepsize=    0.0001 -----------------------
 | Etotal =12882.784  grad(E)=13.310     E(BOND)=218.654    E(ANGL)=1158.974   |
 | E(DIHE)=169.721    E(IMPR)=91.892     E(VDW )=11243.542                     |
 -------------------------------------------------------------------------------
 --------------- cycle=   450 ------ stepsize=    0.0002 -----------------------
 | Etotal =12882.783  grad(E)=13.310     E(BOND)=218.655    E(ANGL)=1158.969   |
 | E(DIHE)=169.712    E(IMPR)=91.894     E(VDW )=11243.554                     |
 -------------------------------------------------------------------------------
 POWELL: Gradient converged. Normal termination
 POWELL: Current coordinates set to last minimum
 POWELL: number of degrees of freedom= 17979
 NBONDS: found   669889 intra-atom interactions
 NBONDS: found   669779 intra-atom interactions
 --------------- cycle=     5 ------ stepsize=    0.0006 -----------------------
 | Etotal =12711.504  grad(E)=13.308     E(BOND)=217.547    E(ANGL)=1158.967   |
 | E(DIHE)=169.705    E(IMPR)=91.380     E(VDW )=11073.905                     |
 -------------------------------------------------------------------------------
 --------------- cycle=    10 ------ stepsize=    0.0010 -----------------------
 | Etotal =12709.034  grad(E)=13.320     E(BOND)=217.266    E(ANGL)=1161.013   |
 | E(DIHE)=169.678    E(IMPR)=91.602     E(VDW )=11069.475                     |
 -------------------------------------------------------------------------------
 --------------- cycle=    15 ------ stepsize=    0.0002 -----------------------
 | Etotal =12707.628  grad(E)=13.321     E(BOND)=217.243    E(ANGL)=1161.361   |
 | E(DIHE)=169.683    E(IMPR)=91.478     E(VDW )=11067.863                     |
 -------------------------------------------------------------------------------
 --------------- cycle=    20 ------ stepsize=    0.0007 -----------------------
 | Etotal =12707.015  grad(E)=13.314     E(BOND)=217.335    E(ANGL)=1160.310   |
 | E(DIHE)=169.682    E(IMPR)=91.577     E(VDW )=11068.111                     |
 -------------------------------------------------------------------------------
 --------------- cycle=    25 ------ stepsize=    0.0001 -----------------------
 | Etotal =12706.775  grad(E)=13.318     E(BOND)=217.315    E(ANGL)=1160.830   |
 | E(DIHE)=169.687    E(IMPR)=91.508     E(VDW )=11067.435                     |
 -------------------------------------------------------------------------------
 --------------- cycle=    30 ------ stepsize=    0.0012 -----------------------
 | Etotal =12706.362  grad(E)=13.319     E(BOND)=217.271    E(ANGL)=1160.656   |
 | E(DIHE)=169.735    E(IMPR)=91.628     E(VDW )=11067.073                     |
 -------------------------------------------------------------------------------
 --------------- cycle=    35 ------ stepsize=   -0.0000 -----------------------
 | Etotal =12706.203  grad(E)=13.320     E(BOND)=217.251    E(ANGL)=1160.944   |
 | E(DIHE)=169.760    E(IMPR)=91.518     E(VDW )=11066.730                     |
 -------------------------------------------------------------------------------
 --------------- cycle=    40 ------ stepsize=    0.0010 -----------------------
 | Etotal =12706.053  grad(E)=13.314     E(BOND)=217.307    E(ANGL)=1160.070   |
 | E(DIHE)=169.808    E(IMPR)=91.505     E(VDW )=11067.364                     |
 -------------------------------------------------------------------------------
 --------------- cycle=    45 ------ stepsize=   -0.0005 -----------------------
 | Etotal =12705.965  grad(E)=13.317     E(BOND)=217.234    E(ANGL)=1160.591   |
 | E(DIHE)=169.849    E(IMPR)=91.519     E(VDW )=11066.771                     |
 -------------------------------------------------------------------------------
 --------------- cycle=    50 ------ stepsize=    0.0010 -----------------------
 | Etotal =12705.925  grad(E)=13.318     E(BOND)=217.243    E(ANGL)=1160.704   |
 | E(DIHE)=169.867    E(IMPR)=91.521     E(VDW )=11066.589                     |
 -------------------------------------------------------------------------------
 POWELL: STEP number limit. Normal termination
 POWELL: Current coordinates set to last minimum
 %PARRDR-info: duplication of bond HC   NC2 
 %PARRDR-info: duplication of angle CH2E C    NH1 
 %PARRDR-info: duplication of angle CH2P CH2E HA  
 POWELL: number of degrees of freedom= 17979
 NBONDS: generating intra-molecular exclusion list with mode= 5
 MAKINB: mode   5 found  17570 exclusions and  17711 interactions(1-4)
 NBONDS: found   886423 intra-atom interactions
 NBONDS: found   886628 intra-atom interactions
 --------------- cycle=    50 ------ stepsize=    0.0010 -----------------------
 | Etotal =54.360     grad(E)=5.860      E(BOND)=18.030     E(ANGL)=448.527    |
 | E(DIHE)=73.216     E(IMPR)=37.966     E(VDW )=-525.030   E(ELEC)=1.652      |
 -------------------------------------------------------------------------------
 POWELL: STEP number limit. Normal termination
 POWELL: Current coordinates set to last minimum
 --------------- cycle=     1 --------------------------------------------------
 | Etotal =54.360     grad(E)=5.860      E(BOND)=18.030     E(ANGL)=448.527    |
 | E(DIHE)=73.216     E(IMPR)=37.966     E(VDW )=-525.030   E(ELEC)=1.652      |
 -------------------------------------------------------------------------------
 SURFAC: half the sigma value being used for atomic radii.
 SURFAC: ACCEssible surface area
 SURFAC: ACCUracy= 0.07 RH2O=  1.40
         Z-grid=  0.32 number-of-Z-sections=  219
         measures-of-arc= 91515 and150710
 SURFAC: half the sigma value being used for atomic radii.
 SURFAC: ACCEssible surface area
 SURFAC: ACCUracy= 0.07 RH2O=  1.40
         Z-grid=  0.32 number-of-Z-sections=  143
         measures-of-arc= 26065 and 45684
 SURFAC: half the sigma value being used for atomic radii.
 SURFAC: ACCEssible surface area
 SURFAC: ACCUracy= 0.07 RH2O=  1.40
         Z-grid=  0.32 number-of-Z-sections=  219
         measures-of-arc=119579 and196433
 %PARRDR-info: duplication of bond HC   NC2 
 %PARRDR-info: duplication of angle CH2E C    NH1 
 %PARRDR-info: duplication of angle CH2P CH2E HA  
 NBONDS: generating intra-molecular exclusion list with mode= 5
 MAKINB: mode   5 found      5 exclusions and     10 interactions(1-4)
 NBONDS: found     2552 intra-atom interactions
 --------------- cycle=     2 --------------------------------------------------
 | Etotal =-42.316    grad(E)=0.140      E(VDW )=-5.906     E(ELEC)=-36.410    |
 -------------------------------------------------------------------------------
 NBONDS: generating intra-molecular exclusion list with mode= 5
 MAKINB: mode   5 found     10 exclusions and     20 interactions(1-4)
 NBONDS: found     2217 intra-atom interactions
 --------------- cycle=     3 --------------------------------------------------
 | Etotal =-76.142    grad(E)=0.274      E(VDW )=-5.698     E(ELEC)=-70.444    |
 -------------------------------------------------------------------------------
 NBONDS: generating intra-molecular exclusion list with mode= 5
 MAKINB: mode   5 found     10 exclusions and     20 interactions(1-4)
 NBONDS: found     2588 intra-atom interactions
 --------------- cycle=     4 --------------------------------------------------
 | Etotal =-86.786    grad(E)=0.188      E(VDW )=-12.185    E(ELEC)=-74.602    |
 -------------------------------------------------------------------------------
 NBONDS: generating intra-molecular exclusion list with mode= 5
 MAKINB: mode   5 found     10 exclusions and     20 interactions(1-4)
 NBONDS: found     2913 intra-atom interactions
 --------------- cycle=     5 --------------------------------------------------
 | Etotal =-81.503    grad(E)=0.152      E(VDW )=-10.985    E(ELEC)=-70.517    |
 -------------------------------------------------------------------------------
 NBONDS: generating intra-molecular exclusion list with mode= 5
 MAKINB: mode   5 found     10 exclusions and     20 interactions(1-4)
 NBONDS: found     4486 intra-atom interactions
 --------------- cycle=     6 --------------------------------------------------
 | Etotal =-166.865   grad(E)=0.477      E(VDW )=-8.865     E(ELEC)=-157.999   |
 -------------------------------------------------------------------------------
 NBONDS: generating intra-molecular exclusion list with mode= 5
 MAKINB: mode   5 found     10 exclusions and     20 interactions(1-4)
 NBONDS: found     4006 intra-atom interactions
 --------------- cycle=     7 --------------------------------------------------
 | Etotal =-122.280   grad(E)=0.366      E(VDW )=-17.761    E(ELEC)=-104.518   |
 -------------------------------------------------------------------------------
 NBONDS: generating intra-molecular exclusion list with mode= 5
 MAKINB: mode   5 found     10 exclusions and     20 interactions(1-4)
 NBONDS: found     5941 intra-atom interactions
 --------------- cycle=     8 --------------------------------------------------
 | Etotal =-105.595   grad(E)=0.186      E(VDW )=-20.624    E(ELEC)=-84.971    |
 -------------------------------------------------------------------------------
 NBONDS: generating intra-molecular exclusion list with mode= 5
 MAKINB: mode   5 found     10 exclusions and     20 interactions(1-4)
 NBONDS: found     6088 intra-atom interactions
 --------------- cycle=     9 --------------------------------------------------
 | Etotal =-97.329    grad(E)=0.175      E(VDW )=-16.972    E(ELEC)=-80.357    |
 -------------------------------------------------------------------------------
 NBONDS: generating intra-molecular exclusion list with mode= 5
 MAKINB: mode   5 found     10 exclusions and     20 interactions(1-4)
 NBONDS: found     5174 intra-atom interactions
 --------------- cycle=    10 --------------------------------------------------
 | Etotal =-126.806   grad(E)=0.315      E(VDW )=-13.623    E(ELEC)=-113.183   |
 -------------------------------------------------------------------------------
 NBONDS: generating intra-molecular exclusion list with mode= 5
 MAKINB: mode   5 found     10 exclusions and     20 interactions(1-4)
 NBONDS: found     5822 intra-atom interactions
 --------------- cycle=    11 --------------------------------------------------
 | Etotal =-202.257   grad(E)=0.439      E(VDW )=-11.044    E(ELEC)=-191.213   |
 -------------------------------------------------------------------------------
 NBONDS: generating intra-molecular exclusion list with mode= 5
 MAKINB: mode   5 found     10 exclusions and     20 interactions(1-4)
 NBONDS: found     5951 intra-atom interactions
 --------------- cycle=    12 --------------------------------------------------
 | Etotal =-102.532   grad(E)=0.187      E(VDW )=-19.361    E(ELEC)=-83.172    |
 -------------------------------------------------------------------------------
 NBONDS: generating intra-molecular exclusion list with mode= 5
 MAKINB: mode   5 found     10 exclusions and     20 interactions(1-4)
 NBONDS: found     3423 intra-atom interactions
 --------------- cycle=    13 --------------------------------------------------
 | Etotal =-184.188   grad(E)=0.470      E(VDW )=-10.548    E(ELEC)=-173.640   |
 -------------------------------------------------------------------------------
 NBONDS: generating intra-molecular exclusion list with mode= 5
 MAKINB: mode   5 found     10 exclusions and     20 interactions(1-4)
 NBONDS: found     4342 intra-atom interactions
 --------------- cycle=    14 --------------------------------------------------
 | Etotal =-148.629   grad(E)=0.446      E(VDW )=-11.945    E(ELEC)=-136.684   |
 -------------------------------------------------------------------------------
 NBONDS: generating intra-molecular exclusion list with mode= 5
 MAKINB: mode   5 found     10 exclusions and     20 interactions(1-4)
 NBONDS: found     3840 intra-atom interactions
 --------------- cycle=    15 --------------------------------------------------
 | Etotal =-189.587   grad(E)=0.541      E(VDW )=-9.208     E(ELEC)=-180.379   |
 -------------------------------------------------------------------------------
 NBONDS: generating intra-molecular exclusion list with mode= 5
 MAKINB: mode   5 found     10 exclusions and     20 interactions(1-4)
 NBONDS: found     2897 intra-atom interactions
 --------------- cycle=    16 --------------------------------------------------
 | Etotal =-101.170   grad(E)=0.222      E(VDW )=-8.181     E(ELEC)=-92.990    |
 -------------------------------------------------------------------------------
 NBONDS: generating intra-molecular exclusion list with mode= 5
 MAKINB: mode   5 found     10 exclusions and     20 interactions(1-4)
 NBONDS: found     4073 intra-atom interactions
 --------------- cycle=    17 --------------------------------------------------
 | Etotal =-83.257    grad(E)=0.210      E(VDW )=-14.228    E(ELEC)=-69.029    |
 -------------------------------------------------------------------------------
 NBONDS: generating intra-molecular exclusion list with mode= 5
 MAKINB: mode   5 found     10 exclusions and     20 interactions(1-4)
 NBONDS: found     3560 intra-atom interactions
 --------------- cycle=    18 --------------------------------------------------
 | Etotal =-106.855   grad(E)=0.325      E(VDW )=-16.253    E(ELEC)=-90.603    |
 -------------------------------------------------------------------------------
 NBONDS: generating intra-molecular exclusion list with mode= 5
 MAKINB: mode   5 found     10 exclusions and     20 interactions(1-4)
 NBONDS: found     4589 intra-atom interactions
 --------------- cycle=    19 --------------------------------------------------
 | Etotal =-98.093    grad(E)=0.219      E(VDW )=-16.862    E(ELEC)=-81.231    |
 -------------------------------------------------------------------------------
 NBONDS: generating intra-molecular exclusion list with mode= 5
 MAKINB: mode   5 found     10 exclusions and     20 interactions(1-4)
 NBONDS: found     6150 intra-atom interactions
 --------------- cycle=    20 --------------------------------------------------
 | Etotal =-111.296   grad(E)=0.255      E(VDW )=-23.285    E(ELEC)=-88.011    |
 -------------------------------------------------------------------------------
 NBONDS: generating intra-molecular exclusion list with mode= 5
 MAKINB: mode   5 found     10 exclusions and     20 interactions(1-4)
 NBONDS: found     3825 intra-atom interactions
 --------------- cycle=    21 --------------------------------------------------
 | Etotal =-98.341    grad(E)=0.184      E(VDW )=-12.148    E(ELEC)=-86.193    |
 -------------------------------------------------------------------------------
 NBONDS: generating intra-molecular exclusion list with mode= 5
 MAKINB: mode   5 found     10 exclusions and     20 interactions(1-4)
 NBONDS: found     4430 intra-atom interactions
 --------------- cycle=    22 --------------------------------------------------
 | Etotal =-88.112    grad(E)=0.185      E(VDW )=-11.302    E(ELEC)=-76.809    |
 -------------------------------------------------------------------------------
 NBONDS: generating intra-molecular exclusion list with mode= 5
 MAKINB: mode   5 found     10 exclusions and     20 interactions(1-4)
 NBONDS: found     6190 intra-atom interactions
 --------------- cycle=    23 --------------------------------------------------
 | Etotal =-101.797   grad(E)=0.226      E(VDW )=-23.505    E(ELEC)=-78.291    |
 -------------------------------------------------------------------------------
 NBONDS: generating intra-molecular exclusion list with mode= 5
 MAKINB: mode   5 found     10 exclusions and     20 interactions(1-4)
 NBONDS: found     3680 intra-atom interactions
 --------------- cycle=    24 --------------------------------------------------
 | Etotal =-182.707   grad(E)=0.380      E(VDW )=-9.640     E(ELEC)=-173.067   |
 -------------------------------------------------------------------------------
 NBONDS: generating intra-molecular exclusion list with mode= 5
 MAKINB: mode   5 found     10 exclusions and     20 interactions(1-4)
 NBONDS: found     4540 intra-atom interactions
 --------------- cycle=    25 --------------------------------------------------
 | Etotal =-112.438   grad(E)=0.251      E(VDW )=-12.958    E(ELEC)=-99.480    |
 -------------------------------------------------------------------------------
 NBONDS: generating intra-molecular exclusion list with mode= 5
 MAKINB: mode   5 found     10 exclusions and     20 interactions(1-4)
 NBONDS: found     2441 intra-atom interactions
 --------------- cycle=    26 --------------------------------------------------
 | Etotal =-79.394    grad(E)=0.214      E(VDW )=-8.026     E(ELEC)=-71.368    |
 -------------------------------------------------------------------------------
 NBONDS: generating intra-molecular exclusion list with mode= 5
 MAKINB: mode   5 found     10 exclusions and     20 interactions(1-4)
 NBONDS: found     3012 intra-atom interactions
 --------------- cycle=    27 --------------------------------------------------
 | Etotal =-157.840   grad(E)=0.389      E(VDW )=-11.585    E(ELEC)=-146.255   |
 -------------------------------------------------------------------------------
 NBONDS: generating intra-molecular exclusion list with mode= 5
 MAKINB: mode   5 found     10 exclusions and     20 interactions(1-4)
 NBONDS: found     3007 intra-atom interactions
 --------------- cycle=    28 --------------------------------------------------
 | Etotal =-93.551    grad(E)=0.663      E(VDW )=0.507      E(ELEC)=-94.058    |
 -------------------------------------------------------------------------------
 NBONDS: generating intra-molecular exclusion list with mode= 5
 MAKINB: mode   5 found     10 exclusions and     20 interactions(1-4)
 NBONDS: found     2016 intra-atom interactions
 --------------- cycle=    29 --------------------------------------------------
 | Etotal =-83.794    grad(E)=0.245      E(VDW )=-4.512     E(ELEC)=-79.282    |
 -------------------------------------------------------------------------------
 NBONDS: generating intra-molecular exclusion list with mode= 5
 MAKINB: mode   5 found     10 exclusions and     20 interactions(1-4)
 NBONDS: found     1431 intra-atom interactions
 --------------- cycle=    30 --------------------------------------------------
 | Etotal =-76.350    grad(E)=0.148      E(VDW )=-5.053     E(ELEC)=-71.297    |
 -------------------------------------------------------------------------------
 NBONDS: generating intra-molecular exclusion list with mode= 5
 MAKINB: mode   5 found     10 exclusions and     23 interactions(1-4)
 NBONDS: found     5147 intra-atom interactions
 --------------- cycle=    31 --------------------------------------------------
 | Etotal =-79.261    grad(E)=0.619      E(VDW )=-11.314    E(ELEC)=-67.947    |
 -------------------------------------------------------------------------------
 NBONDS: generating intra-molecular exclusion list with mode= 5
 MAKINB: mode   5 found     10 exclusions and     23 interactions(1-4)
 NBONDS: found     2486 intra-atom interactions
 --------------- cycle=    32 --------------------------------------------------
 | Etotal =-74.833    grad(E)=0.126      E(VDW )=-10.308    E(ELEC)=-64.525    |
 -------------------------------------------------------------------------------
 NBONDS: generating intra-molecular exclusion list with mode= 5
 MAKINB: mode   5 found     10 exclusions and     20 interactions(1-4)
 NBONDS: found     3968 intra-atom interactions
 --------------- cycle=    33 --------------------------------------------------
 | Etotal =-71.122    grad(E)=0.292      E(VDW )=-5.292     E(ELEC)=-65.830    |
 -------------------------------------------------------------------------------
 NBONDS: generating intra-molecular exclusion list with mode= 5
 MAKINB: mode   5 found     10 exclusions and     20 interactions(1-4)
 NBONDS: found     2883 intra-atom interactions
 --------------- cycle=    34 --------------------------------------------------
 | Etotal =-95.386    grad(E)=0.366      E(VDW )=0.423      E(ELEC)=-95.809    |
 -------------------------------------------------------------------------------
 NBONDS: generating intra-molecular exclusion list with mode= 5
 MAKINB: mode   5 found     10 exclusions and     20 interactions(1-4)
 NBONDS: found     2842 intra-atom interactions
 --------------- cycle=    35 --------------------------------------------------
 | Etotal =-105.507   grad(E)=0.261      E(VDW )=-13.910    E(ELEC)=-91.597    |
 -------------------------------------------------------------------------------
 NBONDS: generating intra-molecular exclusion list with mode= 5
 MAKINB: mode   5 found      5 exclusions and     10 interactions(1-4)
 NBONDS: found     4144 intra-atom interactions
 --------------- cycle=    36 --------------------------------------------------
 | Etotal =56725.710  grad(E)=3760.043   E(VDW )=56793.663  E(ELEC)=-67.953    |
 -------------------------------------------------------------------------------
 NBONDS: generating intra-molecular exclusion list with mode= 5
 MAKINB: mode   5 found     10 exclusions and     20 interactions(1-4)
 NBONDS: found     6933 intra-atom interactions
 --------------- cycle=    37 --------------------------------------------------
 | Etotal =-115.942   grad(E)=0.377      E(VDW )=-17.834    E(ELEC)=-98.109    |
 -------------------------------------------------------------------------------
 NBONDS: generating intra-molecular exclusion list with mode= 5
 MAKINB: mode   5 found     10 exclusions and     20 interactions(1-4)
 NBONDS: found     4098 intra-atom interactions
 --------------- cycle=    38 --------------------------------------------------
 | Etotal =-183.358   grad(E)=0.546      E(VDW )=-13.347    E(ELEC)=-170.011   |
 -------------------------------------------------------------------------------
 NBONDS: generating intra-molecular exclusion list with mode= 5
 MAKINB: mode   5 found     10 exclusions and     20 interactions(1-4)
 NBONDS: found     3583 intra-atom interactions
 --------------- cycle=    39 --------------------------------------------------
 | Etotal =-150.445   grad(E)=0.603      E(VDW )=-9.205     E(ELEC)=-141.240   |
 -------------------------------------------------------------------------------
 NBONDS: generating intra-molecular exclusion list with mode= 5
 MAKINB: mode   5 found     10 exclusions and     20 interactions(1-4)
 NBONDS: found     5943 intra-atom interactions
 --------------- cycle=    40 --------------------------------------------------
 | Etotal =-79.906    grad(E)=0.140      E(VDW )=-20.066    E(ELEC)=-59.840    |
 -------------------------------------------------------------------------------
 NBONDS: generating intra-molecular exclusion list with mode= 5
 MAKINB: mode   5 found     10 exclusions and     20 interactions(1-4)
 NBONDS: found     6205 intra-atom interactions
 --------------- cycle=    41 --------------------------------------------------
 | Etotal =-185.554   grad(E)=0.586      E(VDW )=-19.568    E(ELEC)=-165.986   |
 -------------------------------------------------------------------------------
 NBONDS: generating intra-molecular exclusion list with mode= 5
 MAKINB: mode   5 found     10 exclusions and     20 interactions(1-4)
 NBONDS: found     4867 intra-atom interactions
 --------------- cycle=    42 --------------------------------------------------
 | Etotal =-158.793   grad(E)=0.449      E(VDW )=-7.905     E(ELEC)=-150.888   |
 -------------------------------------------------------------------------------
 NBONDS: generating intra-molecular exclusion list with mode= 5
 MAKINB: mode   5 found     10 exclusions and     20 interactions(1-4)
 NBONDS: found     2079 intra-atom interactions
 --------------- cycle=    43 --------------------------------------------------
 | Etotal =-73.001    grad(E)=0.130      E(VDW )=-5.074     E(ELEC)=-67.927    |
 -------------------------------------------------------------------------------
 NBONDS: generating intra-molecular exclusion list with mode= 5
 MAKINB: mode   5 found     10 exclusions and     20 interactions(1-4)
 NBONDS: found     3939 intra-atom interactions
 --------------- cycle=    44 --------------------------------------------------
 | Etotal =-100.205   grad(E)=0.316      E(VDW )=-18.071    E(ELEC)=-82.133    |
 -------------------------------------------------------------------------------
 NBONDS: generating intra-molecular exclusion list with mode= 5
 MAKINB: mode   5 found     10 exclusions and     20 interactions(1-4)
 NBONDS: found     6445 intra-atom interactions
 --------------- cycle=    45 --------------------------------------------------
 | Etotal =-146.256   grad(E)=0.351      E(VDW )=-26.253    E(ELEC)=-120.003   |
 -------------------------------------------------------------------------------
 NBONDS: generating intra-molecular exclusion list with mode= 5
 MAKINB: mode   5 found     10 exclusions and     20 interactions(1-4)
 NBONDS: found     6712 intra-atom interactions
 --------------- cycle=    46 --------------------------------------------------
 | Etotal =-237.470   grad(E)=0.588      E(VDW )=-21.035    E(ELEC)=-216.435   |
 -------------------------------------------------------------------------------
 NBONDS: generating intra-molecular exclusion list with mode= 5
 MAKINB: mode   5 found     10 exclusions and     20 interactions(1-4)
 NBONDS: found     1963 intra-atom interactions
 --------------- cycle=    47 --------------------------------------------------
 | Etotal =-77.416    grad(E)=0.157      E(VDW )=-7.666     E(ELEC)=-69.750    |
 -------------------------------------------------------------------------------
 NBONDS: generating intra-molecular exclusion list with mode= 5
 MAKINB: mode   5 found     10 exclusions and     20 interactions(1-4)
 NBONDS: found     2786 intra-atom interactions
 --------------- cycle=    48 --------------------------------------------------
 | Etotal =-162.331   grad(E)=0.561      E(VDW )=-7.217     E(ELEC)=-155.114   |
 -------------------------------------------------------------------------------
 NBONDS: generating intra-molecular exclusion list with mode= 5
 MAKINB: mode   5 found     10 exclusions and     20 interactions(1-4)
 NBONDS: found     4172 intra-atom interactions
 --------------- cycle=    49 --------------------------------------------------
 | Etotal =-161.073   grad(E)=0.506      E(VDW )=-16.319    E(ELEC)=-144.755   |
 -------------------------------------------------------------------------------
 NBONDS: generating intra-molecular exclusion list with mode= 5
 MAKINB: mode   5 found     10 exclusions and     20 interactions(1-4)
 NBONDS: found     3448 intra-atom interactions
 --------------- cycle=    50 --------------------------------------------------
 | Etotal =-108.477   grad(E)=0.301      E(VDW )=-6.988     E(ELEC)=-101.489   |
 -------------------------------------------------------------------------------
 NBONDS: generating intra-molecular exclusion list with mode= 5
 MAKINB: mode   5 found     10 exclusions and     20 interactions(1-4)
 NBONDS: found     5243 intra-atom interactions
 --------------- cycle=    51 --------------------------------------------------
 | Etotal =-131.220   grad(E)=0.311      E(VDW )=-13.633    E(ELEC)=-117.586   |
 -------------------------------------------------------------------------------
 NBONDS: generating intra-molecular exclusion list with mode= 5
 MAKINB: mode   5 found     10 exclusions and     20 interactions(1-4)
 NBONDS: found     5463 intra-atom interactions
 --------------- cycle=    52 --------------------------------------------------
 | Etotal =-109.506   grad(E)=0.224      E(VDW )=-25.057    E(ELEC)=-84.449    |
 -------------------------------------------------------------------------------
 NBONDS: generating intra-molecular exclusion list with mode= 5
 MAKINB: mode   5 found     10 exclusions and     20 interactions(1-4)
 NBONDS: found     2847 intra-atom interactions
 --------------- cycle=    53 --------------------------------------------------
 | Etotal =-79.764    grad(E)=0.206      E(VDW )=-14.309    E(ELEC)=-65.455    |
 -------------------------------------------------------------------------------
 NBONDS: generating intra-molecular exclusion list with mode= 5
 MAKINB: mode   5 found     10 exclusions and     20 interactions(1-4)
 NBONDS: found     1622 intra-atom interactions
 --------------- cycle=    54 --------------------------------------------------
 | Etotal =-58.945    grad(E)=0.153      E(VDW )=-2.760     E(ELEC)=-56.185    |
 -------------------------------------------------------------------------------
 NBONDS: generating intra-molecular exclusion list with mode= 5
 MAKINB: mode   5 found     10 exclusions and     20 interactions(1-4)
 NBONDS: found      994 intra-atom interactions
 --------------- cycle=    55 --------------------------------------------------
 | Etotal =-70.363    grad(E)=0.117      E(VDW )=-3.806     E(ELEC)=-66.557    |
 -------------------------------------------------------------------------------
 NBONDS: generating intra-molecular exclusion list with mode= 5
 MAKINB: mode   5 found     10 exclusions and     20 interactions(1-4)
 NBONDS: found     1432 intra-atom interactions
 --------------- cycle=    56 --------------------------------------------------
 | Etotal =-72.011    grad(E)=0.194      E(VDW )=-5.687     E(ELEC)=-66.324    |
 -------------------------------------------------------------------------------
 NBONDS: generating intra-molecular exclusion list with mode= 5
 MAKINB: mode   5 found     10 exclusions and     20 interactions(1-4)
 NBONDS: found     3193 intra-atom interactions
 --------------- cycle=    57 --------------------------------------------------
 | Etotal =-91.570    grad(E)=0.257      E(VDW )=-17.065    E(ELEC)=-74.505    |
 -------------------------------------------------------------------------------
 NBONDS: generating intra-molecular exclusion list with mode= 5
 MAKINB: mode   5 found     10 exclusions and     20 interactions(1-4)
 NBONDS: found     3731 intra-atom interactions
 --------------- cycle=    58 --------------------------------------------------
 | Etotal =-88.441    grad(E)=0.177      E(VDW )=-15.493    E(ELEC)=-72.948    |
 -------------------------------------------------------------------------------
 NBONDS: generating intra-molecular exclusion list with mode= 5
 MAKINB: mode   5 found     10 exclusions and     20 interactions(1-4)
 NBONDS: found     6383 intra-atom interactions
 --------------- cycle=    59 --------------------------------------------------
 | Etotal =-121.584   grad(E)=0.400      E(VDW )=-18.904    E(ELEC)=-102.680   |
 -------------------------------------------------------------------------------
 NBONDS: generating intra-molecular exclusion list with mode= 5
 MAKINB: mode   5 found     10 exclusions and     20 interactions(1-4)
 NBONDS: found     7214 intra-atom interactions
 --------------- cycle=    60 --------------------------------------------------
 | Etotal =-147.059   grad(E)=0.429      E(VDW )=-14.224    E(ELEC)=-132.835   |
 -------------------------------------------------------------------------------
 NBONDS: generating intra-molecular exclusion list with mode= 5
 MAKINB: mode   5 found     10 exclusions and     20 interactions(1-4)
 NBONDS: found     5762 intra-atom interactions
 --------------- cycle=    61 --------------------------------------------------
 | Etotal =-98.312    grad(E)=0.220      E(VDW )=-19.814    E(ELEC)=-78.499    |
 -------------------------------------------------------------------------------
 NBONDS: generating intra-molecular exclusion list with mode= 5
 MAKINB: mode   5 found     10 exclusions and     20 interactions(1-4)
 NBONDS: found     5395 intra-atom interactions
 --------------- cycle=    62 --------------------------------------------------
 | Etotal =-90.877    grad(E)=0.125      E(VDW )=-22.625    E(ELEC)=-68.252    |
 -------------------------------------------------------------------------------
 NBONDS: generating intra-molecular exclusion list with mode= 5
 MAKINB: mode   5 found     10 exclusions and     20 interactions(1-4)
 NBONDS: found     4685 intra-atom interactions
 --------------- cycle=    63 --------------------------------------------------
 | Etotal =-79.548    grad(E)=0.237      E(VDW )=-11.680    E(ELEC)=-67.868    |
 -------------------------------------------------------------------------------
 NBONDS: generating intra-molecular exclusion list with mode= 5
 MAKINB: mode   5 found     10 exclusions and     20 interactions(1-4)
 NBONDS: found     2934 intra-atom interactions
 --------------- cycle=    64 --------------------------------------------------
 | Etotal =-73.763    grad(E)=0.216      E(VDW )=-10.562    E(ELEC)=-63.201    |
 -------------------------------------------------------------------------------
 NBONDS: generating intra-molecular exclusion list with mode= 5
 MAKINB: mode   5 found     10 exclusions and     20 interactions(1-4)
 NBONDS: found     2186 intra-atom interactions
 --------------- cycle=    65 --------------------------------------------------
 | Etotal =-76.217    grad(E)=0.159      E(VDW )=-8.293     E(ELEC)=-67.925    |
 -------------------------------------------------------------------------------
 NBONDS: generating intra-molecular exclusion list with mode= 5
 MAKINB: mode   5 found     10 exclusions and     20 interactions(1-4)
 NBONDS: found     1001 intra-atom interactions
 --------------- cycle=    66 --------------------------------------------------
 | Etotal =-69.808    grad(E)=0.161      E(VDW )=-1.089     E(ELEC)=-68.719    |
 -------------------------------------------------------------------------------
 NBONDS: generating intra-molecular exclusion list with mode= 5
 MAKINB: mode   5 found     10 exclusions and     20 interactions(1-4)
 NBONDS: found      915 intra-atom interactions
 --------------- cycle=    67 --------------------------------------------------
 | Etotal =-70.233    grad(E)=0.158      E(VDW )=-2.013     E(ELEC)=-68.221    |
 -------------------------------------------------------------------------------
 NBONDS: generating intra-molecular exclusion list with mode= 5
 MAKINB: mode   5 found     10 exclusions and     20 interactions(1-4)
 NBONDS: found     1318 intra-atom interactions
 --------------- cycle=    68 --------------------------------------------------
 | Etotal =-60.497    grad(E)=0.179      E(VDW )=2.666      E(ELEC)=-63.163    |
 -------------------------------------------------------------------------------
 NBONDS: generating intra-molecular exclusion list with mode= 5
 MAKINB: mode   5 found     10 exclusions and     20 interactions(1-4)
 NBONDS: found     1985 intra-atom interactions
 --------------- cycle=    69 --------------------------------------------------
 | Etotal =-90.290    grad(E)=0.252      E(VDW )=0.012      E(ELEC)=-90.302    |
 -------------------------------------------------------------------------------
 NBONDS: generating intra-molecular exclusion list with mode= 5
 MAKINB: mode   5 found     10 exclusions and     20 interactions(1-4)
 NBONDS: found     1069 intra-atom interactions
 --------------- cycle=    70 --------------------------------------------------
 | Etotal =-69.292    grad(E)=0.136      E(VDW )=-3.930     E(ELEC)=-65.362    |
 -------------------------------------------------------------------------------
 NBONDS: generating intra-molecular exclusion list with mode= 5
 MAKINB: mode   5 found     10 exclusions and     20 interactions(1-4)
 NBONDS: found     3203 intra-atom interactions
 --------------- cycle=    71 --------------------------------------------------
 | Etotal =-66.253    grad(E)=0.181      E(VDW )=-7.425     E(ELEC)=-58.828    |
 -------------------------------------------------------------------------------
 NBONDS: generating intra-molecular exclusion list with mode= 5
 MAKINB: mode   5 found     10 exclusions and     20 interactions(1-4)
 NBONDS: found     2977 intra-atom interactions
 --------------- cycle=    72 --------------------------------------------------
 | Etotal =-94.252    grad(E)=0.204      E(VDW )=-10.120    E(ELEC)=-84.132    |
 -------------------------------------------------------------------------------
 NBONDS: generating intra-molecular exclusion list with mode= 5
 MAKINB: mode   5 found     13 exclusions and     27 interactions(1-4)
 NBONDS: found     2299 intra-atom interactions
 --------------- cycle=    73 --------------------------------------------------
 | Etotal =-69.233    grad(E)=0.177      E(VDW )=-12.585    E(ELEC)=-56.648    |
 -------------------------------------------------------------------------------
 NBONDS: generating intra-molecular exclusion list with mode= 5
 MAKINB: mode   5 found     10 exclusions and     20 interactions(1-4)
 NBONDS: found     5702 intra-atom interactions
 --------------- cycle=    74 --------------------------------------------------
 | Etotal =-92.658    grad(E)=0.281      E(VDW )=-20.211    E(ELEC)=-72.447    |
 -------------------------------------------------------------------------------
 NBONDS: generating intra-molecular exclusion list with mode= 5
 MAKINB: mode   5 found     10 exclusions and     23 interactions(1-4)
 NBONDS: found     3947 intra-atom interactions
 --------------- cycle=    75 --------------------------------------------------
 | Etotal =-74.839    grad(E)=0.207      E(VDW )=-9.996     E(ELEC)=-64.843    |
 -------------------------------------------------------------------------------
 NBONDS: generating intra-molecular exclusion list with mode= 5
 MAKINB: mode   5 found     10 exclusions and     23 interactions(1-4)
 NBONDS: found     3903 intra-atom interactions
 --------------- cycle=    76 --------------------------------------------------
 | Etotal =-79.130    grad(E)=0.167      E(VDW )=-15.257    E(ELEC)=-63.873    |
 -------------------------------------------------------------------------------
 NBONDS: generating intra-molecular exclusion list with mode= 5
 MAKINB: mode   5 found     10 exclusions and     20 interactions(1-4)
 NBONDS: found     4560 intra-atom interactions
 --------------- cycle=    77 --------------------------------------------------
 | Etotal =-78.586    grad(E)=0.191      E(VDW )=-14.752    E(ELEC)=-63.834    |
 -------------------------------------------------------------------------------
 NBONDS: generating intra-molecular exclusion list with mode= 5
 MAKINB: mode   5 found     10 exclusions and     20 interactions(1-4)
 NBONDS: found     4736 intra-atom interactions
 --------------- cycle=    78 --------------------------------------------------
 | Etotal =-133.433   grad(E)=0.354      E(VDW )=-16.078    E(ELEC)=-117.355   |
 -------------------------------------------------------------------------------
 NBONDS: generating intra-molecular exclusion list with mode= 5
 MAKINB: mode   5 found     10 exclusions and     20 interactions(1-4)
 NBONDS: found     2655 intra-atom interactions
 --------------- cycle=    79 --------------------------------------------------
 | Etotal =-69.726    grad(E)=0.118      E(VDW )=-9.490     E(ELEC)=-60.236    |
 -------------------------------------------------------------------------------
 NBONDS: generating intra-molecular exclusion list with mode= 5
 MAKINB: mode   5 found     10 exclusions and     20 interactions(1-4)
 NBONDS: found     6500 intra-atom interactions
 --------------- cycle=    80 --------------------------------------------------
 | Etotal =-113.016   grad(E)=0.344      E(VDW )=-21.259    E(ELEC)=-91.757    |
 -------------------------------------------------------------------------------
 NBONDS: generating intra-molecular exclusion list with mode= 5
 MAKINB: mode   5 found     10 exclusions and     20 interactions(1-4)
 NBONDS: found     2082 intra-atom interactions
 --------------- cycle=    81 --------------------------------------------------
 | Etotal =-79.800    grad(E)=0.143      E(VDW )=-9.924     E(ELEC)=-69.876    |
 -------------------------------------------------------------------------------
 NBONDS: generating intra-molecular exclusion list with mode= 5
 MAKINB: mode   5 found     10 exclusions and     20 interactions(1-4)
 NBONDS: found     6382 intra-atom interactions
 --------------- cycle=    82 --------------------------------------------------
 | Etotal =-106.746   grad(E)=0.179      E(VDW )=-29.899    E(ELEC)=-76.847    |
 -------------------------------------------------------------------------------
 NBONDS: generating intra-molecular exclusion list with mode= 5
 MAKINB: mode   5 found     10 exclusions and     23 interactions(1-4)
 NBONDS: found     4373 intra-atom interactions
 --------------- cycle=    83 --------------------------------------------------
 | Etotal =-77.377    grad(E)=0.212      E(VDW )=-14.493    E(ELEC)=-62.884    |
 -------------------------------------------------------------------------------
 NBONDS: generating intra-molecular exclusion list with mode= 5
 MAKINB: mode   5 found     10 exclusions and     23 interactions(1-4)
 NBONDS: found     2757 intra-atom interactions
 --------------- cycle=    84 --------------------------------------------------
 | Etotal =-78.141    grad(E)=0.155      E(VDW )=-8.506     E(ELEC)=-69.635    |
 -------------------------------------------------------------------------------
 NBONDS: generating intra-molecular exclusion list with mode= 5
 MAKINB: mode   5 found     10 exclusions and     20 interactions(1-4)
 NBONDS: found     3209 intra-atom interactions
 --------------- cycle=    85 --------------------------------------------------
 | Etotal =-85.332    grad(E)=0.169      E(VDW )=-9.490     E(ELEC)=-75.842    |
 -------------------------------------------------------------------------------
 NBONDS: generating intra-molecular exclusion list with mode= 5
 MAKINB: mode   5 found     10 exclusions and     20 interactions(1-4)
 NBONDS: found     4145 intra-atom interactions
 --------------- cycle=    86 --------------------------------------------------
 | Etotal =-110.739   grad(E)=0.252      E(VDW )=-17.120    E(ELEC)=-93.619    |
 -------------------------------------------------------------------------------
 NBONDS: generating intra-molecular exclusion list with mode= 5
 MAKINB: mode   5 found     10 exclusions and     20 interactions(1-4)
 NBONDS: found     1934 intra-atom interactions
 --------------- cycle=    87 --------------------------------------------------
 | Etotal =-71.341    grad(E)=0.183      E(VDW )=-3.366     E(ELEC)=-67.975    |
 -------------------------------------------------------------------------------
 NBONDS: generating intra-molecular exclusion list with mode= 5
 MAKINB: mode   5 found     10 exclusions and     20 interactions(1-4)
 NBONDS: found     3070 intra-atom interactions
 --------------- cycle=    88 --------------------------------------------------
 | Etotal =-73.562    grad(E)=0.120      E(VDW )=-10.104    E(ELEC)=-63.458    |
 -------------------------------------------------------------------------------
 NBONDS: generating intra-molecular exclusion list with mode= 5
 MAKINB: mode   5 found     10 exclusions and     20 interactions(1-4)
 NBONDS: found     1692 intra-atom interactions
 --------------- cycle=    89 --------------------------------------------------
 | Etotal =-91.873    grad(E)=0.249      E(VDW )=-4.694     E(ELEC)=-87.179    |
 -------------------------------------------------------------------------------
 NBONDS: generating intra-molecular exclusion list with mode= 5
 MAKINB: mode   5 found     10 exclusions and     20 interactions(1-4)
 NBONDS: found     5748 intra-atom interactions
 --------------- cycle=    90 --------------------------------------------------
 | Etotal =-114.730   grad(E)=0.237      E(VDW )=-27.072    E(ELEC)=-87.658    |
 -------------------------------------------------------------------------------
 NBONDS: generating intra-molecular exclusion list with mode= 5
 MAKINB: mode   5 found     10 exclusions and     23 interactions(1-4)
 NBONDS: found     4686 intra-atom interactions
 --------------- cycle=    91 --------------------------------------------------
 | Etotal =-103.258   grad(E)=0.290      E(VDW )=-17.470    E(ELEC)=-85.789    |
 -------------------------------------------------------------------------------
 HEAP: maximum use      =    22374296 current use      =       96000 bytes
 HEAP: maximum overhead =        2816 current overhead =         752 bytes
          ============================================================
           Maximum dynamic memory allocation:    22374296 bytes
           Maximum dynamic memory overhead:          2816 bytes
           Program started at: 18:26:07 on 10-Jun-2020
           Program stopped at: 18:26:34 on 10-Jun-2020
           CPU time used:      26.3750 seconds
          ============================================================
