          ============================================================
          |                                                          |
          |            Crystallography & NMR System (CNS)            |
          |                         CNSsolve                         |
          |                                                          |
          ============================================================
           Version: 1.3 at patch level U
           Status: Special UU release with Rg and paramagnetic
                   restraints (A. Bonvin, UU 2011)
          ============================================================
           Written by: A.T.Brunger, P.D.Adams, G.M.Clore, W.L.DeLano,
                       P.Gros, R.W.Grosse-Kunstleve,J.-S.Jiang,J.M.Krahn,
                       J.Kuszewski, M.Nilges, N.S.Pannu, R.J.Read,
                       L.M.Rice, G.F.Schroeder, T.Simonson, G.L.Warren.
           Copyright (c) 1997-2010 Yale University
          ============================================================
           Running on machine: hostname unknown (x86_64/Linux,64-bit)
           Program started by: joaor
           Program started at: 18:55:18 on 10-Jun-2020
          ============================================================

 FFT3C: Using FFTPACK4.1

 CNSsolve>! 
 CNSsolve>! Calculates pairwise energies between residues 
 CNSsolve>! Will only rebuild hydrogen atoms 
 CNSsolve>! 
 CNSsolve>! Adapted from HADDOCK protocols here and there. 
 CNSsolve>! JR & AMJJB @ 2020 
 CNSsolve>! 
 CNSsolve>define( 
 DEFINE>    {===>} auto_break=true; 
 DEFINE>    {===>} break_cutoff=2.5; 
 DEFINE>    {===>} dnaauto_break=true; 
 DEFINE>    {===>} dbreak_cutoff=4.5; 
 DEFINE>    {===>} auto_cispro=true; 
 DEFINE>    {===>} auto_disu=true; 
 DEFINE>    {===>} disulphide_dist=3.0; 
 DEFINE>    {===>} glyco_dist=2.75; 
 DEFINE>    {===>} coorin="molecule.pdb"; 
 DEFINE>    {===>} icutoff=5.0; 
 DEFINE>) 
 CNSsolve> 
 CNSsolve>! Mute (most) output 
 CNSsolve>set message=on echo=off end 
 ASSFIL: file merged.param opened.
 MESSage=NORM
 EVALUATE: symbol $OLD_MESSAGE set to "NORM" (string)
 ECHO=FALSe {OFF}
 EVALUATE: symbol $OLD_ECHO set to FALSE (logical)
 %PARRDR-info: duplication of bond HC   NC2 
 %PARRDR-info: duplication of angle CH2E C    NH1 
 %PARRDR-info: duplication of angle CH2P CH2E HA  
 ASSFIL: file merged.top opened.
 MESSage=NORM
 EVALUATE: symbol $OLD_MESSAGE set to "NORM" (string)
 ECHO=FALSe {OFF}
 EVALUATE: symbol $OLD_ECHO set to FALSE (logical)
 %RTFIO-warning: undefined masses in residue CYC 
 %RTFIO error encountered: there are undefined masses.
   (CNS is in mode: SET ABORT=NORMal END)
 MESSage=NORM
 EVALUATE: symbol $OLD_MESSAGE set to "NORM" (string)
 ECHO=FALSe {OFF}
 EVALUATE: symbol $OLD_ECHO set to FALSE (logical)
 ASSFIL: file protein_break.top opened.
 %RTFRDR-ERR: duplicate (P-)RESIdue name DPEP
 %RTFRDR-ERR: duplicate (P-)RESIdue name DPPP
 RTFRDR> 
 RTFRDR>end 
 CNSsolve> 
 CNSsolve>! Reset output muting 
 CNSsolve>set message=off echo=off end 
FOUND 5 NAG:ASN pairs
NAG:ASN bond added from   B    901  to   B    53  
NAG:ASN bond added from   B    903  to   B    90  
NAG:ASN bond added from   B    907  to   B    322 
NAG:ASN bond added from   B    910  to   B    546 
NAG:ASN bond added from   E    1401 to   E    343 
FOUND 5 NAG:NAG pairs
NAG:NAG B14 bond added from   B    902  to   B    901 
NAG:NAG B14 bond added from   B    904  to   B    903 
NAG:NAG B14 bond added from   B    911  to   B    910 
NAG:NAG B14 bond added from   E    1402 to   E    1401
NAG:NAG B14 bond added from   E    1403 to   E    1402
 %PARRDR-info: duplication of bond HC   NC2 
 %PARRDR-info: duplication of angle CH2E C    NH1 
 %PARRDR-info: duplication of angle CH2P CH2E HA  
 POWELL: number of degrees of freedom= 13857
 NBONDS: generating intra-molecular exclusion list with mode=-2
 MAKINB: mode  -2 found   4619 exclusions and      0 interactions(1-4)
 %atoms "B   -29  -LEU -HD13" and "B   -29  -LEU -HD22" only  0.09 A apart
 %atoms "B   -119 -ILE -HA  " and "B   -119 -ILE -HD11" only  0.10 A apart
 %atoms "B   -145 -GLU -HA  " and "B   -145 -GLU -HB1 " only  0.06 A apart
 %atoms "B   -165 -TRP -HB1 " and "B   -165 -TRP -CG  " only  0.08 A apart
 %atoms "B   -178 -PRO -N   " and "B   -178 -PRO -HA  " only  0.10 A apart
 %atoms "B   -485 -VAL -HA  " and "B   -485 -VAL -HG22" only  0.04 A apart
 %atoms "B   -557 -MET -HA  " and "B   -557 -MET -HE3 " only  0.08 A apart
 %atoms "B   -569 -ALA -CA  " and "B   -569 -ALA -HB2 " only  0.06 A apart
 %atoms "E   -430 -THR -HB  " and "E   -430 -THR -HG23" only  0.08 A apart
 %atoms "E   -433 -VAL -HB  " and "E   -433 -VAL -HG13" only  0.10 A apart
 NBONDS: found   700658 intra-atom interactions
 NBONDS: found       10 nonbonded violations
 %atoms "E   -353 -TRP -HA  " and "E   -353 -TRP -CG  " only  0.05 A apart
 NBONDS: found   699731 intra-atom interactions
 NBONDS: found        1 nonbonded violations
 NBONDS: found   696405 intra-atom interactions
 NBONDS: found   691970 intra-atom interactions
 --------------- cycle=    10 ------ stepsize=   -0.0000 -----------------------
 | Etotal =0.35E+07   grad(E)=600.153    E(BOND)=620777.247 E(ANGL)=0.16E+07   |
 | E(VDW )=0.13E+07                                                            |
 -------------------------------------------------------------------------------
 NBONDS: found   692543 intra-atom interactions
 NBONDS: found   692652 intra-atom interactions
 NBONDS: found   693117 intra-atom interactions
 NBONDS: found   693286 intra-atom interactions
 --------------- cycle=    20 ------ stepsize=    0.0000 -----------------------
 | Etotal =0.13E+07   grad(E)=304.380    E(BOND)=229134.200 E(ANGL)=501781.653 |
 | E(VDW )=520073.104                                                          |
 -------------------------------------------------------------------------------
 NBONDS: found   692978 intra-atom interactions
 NBONDS: found   693094 intra-atom interactions
 NBONDS: found   693222 intra-atom interactions
 --------------- cycle=    30 ------ stepsize=   -0.0000 -----------------------
 | Etotal =997090.766 grad(E)=248.660    E(BOND)=190634.448 E(ANGL)=367501.680 |
 | E(VDW )=438954.638                                                          |
 -------------------------------------------------------------------------------
 NBONDS: found   693196 intra-atom interactions
 NBONDS: found   693105 intra-atom interactions
 --------------- cycle=    40 ------ stepsize=    0.0001 -----------------------
 | Etotal =951798.017 grad(E)=239.907    E(BOND)=186274.514 E(ANGL)=345505.054 |
 | E(VDW )=420018.449                                                          |
 -------------------------------------------------------------------------------
 NBONDS: found   693055 intra-atom interactions
 NBONDS: found   693185 intra-atom interactions
 NBONDS: found   693167 intra-atom interactions
 --------------- cycle=    50 ------ stepsize=   -0.0002 -----------------------
 | Etotal =936188.025 grad(E)=235.902    E(BOND)=184482.610 E(ANGL)=337301.753 |
 | E(VDW )=414403.662                                                          |
 -------------------------------------------------------------------------------
 POWELL: STEP number limit. Normal termination
 POWELL: Current coordinates set to last minimum
 DCART: temperature coupling (TCOUpling) enabled
 -------------------------- Cartesian dynamics start ---------------------------
 | E(kin)+E(total)=0.34E+07        E(kin)=4242.237      temperature=308.117    |
 | Etotal =0.34E+07   grad(E)=597.428    E(BOND)=184482.610 E(ANGL)=337301.753 |
 | E(IMPR)=0.29E+07                                                            |
 -------------------------------------------------------------------------------
 ----------------- final step=       50 at      0.02500 ps ---------------------
 | E(kin)+E(total)=0.22E+07        E(kin)=448360.705    temperature=32564.822  |
 | Etotal =0.17E+07   grad(E)=323.524    E(BOND)=202110.294 E(ANGL)=783727.102 |
 | E(IMPR)=744353.546                                                          |
 -------------------------------------------------------------------------------
 CENMAS: Information about center of free masses
         position [A]          :     -0.76855      0.02795     -0.38196
         velocity [A/ps]       :     -0.13555     -0.64474     -0.35107
         ang. mom. [amu A/ps]  :************* 280481.081002167437.96041
         kin. ener. [Kcal/mol] :     61.52643
 POWELL: number of degrees of freedom= 13857
 NBONDS: found   690884 intra-atom interactions
 NBONDS: found   689861 intra-atom interactions
 NBONDS: found   690210 intra-atom interactions
 NBONDS: found   690957 intra-atom interactions
 --------------- cycle=    10 ------ stepsize=   -0.0001 -----------------------
 | Etotal =0.18E+07   grad(E)=263.619    E(BOND)=229913.058 E(ANGL)=433232.628 |
 | E(IMPR)=656039.579 E(VDW )=487074.038                                       |
 -------------------------------------------------------------------------------
 NBONDS: found   691514 intra-atom interactions
 NBONDS: found   692056 intra-atom interactions
 NBONDS: found   691849 intra-atom interactions
 NBONDS: found   691919 intra-atom interactions
 NBONDS: found   692108 intra-atom interactions
 --------------- cycle=    20 ------ stepsize=    0.0001 -----------------------
 | Etotal =0.13E+07   grad(E)=150.861    E(BOND)=185157.193 E(ANGL)=173918.850 |
 | E(IMPR)=545567.241 E(VDW )=362470.549                                       |
 -------------------------------------------------------------------------------
 NBONDS: found   692262 intra-atom interactions
 NBONDS: found   692243 intra-atom interactions
 NBONDS: found   692156 intra-atom interactions
 --------------- cycle=    30 ------ stepsize=    0.0001 -----------------------
 | Etotal =0.12E+07   grad(E)=121.230    E(BOND)=167107.614 E(ANGL)=138337.990 |
 | E(IMPR)=532562.909 E(VDW )=340325.818                                       |
 -------------------------------------------------------------------------------
 NBONDS: found   692115 intra-atom interactions
 NBONDS: found   692037 intra-atom interactions
 NBONDS: found   691986 intra-atom interactions
 --------------- cycle=    40 ------ stepsize=    0.0023 -----------------------
 | Etotal =0.13E+07   grad(E)=220.361    E(BOND)=275483.836 E(ANGL)=161899.148 |
 | E(IMPR)=532084.944 E(VDW )=359343.011                                       |
 -------------------------------------------------------------------------------
 NBONDS: found   692078 intra-atom interactions
 NBONDS: found   691998 intra-atom interactions
 NBONDS: found   692043 intra-atom interactions
 NBONDS: found   692021 intra-atom interactions
 --------------- cycle=    50 ------ stepsize=    0.0003 -----------------------
 | Etotal =0.11E+07   grad(E)=111.166    E(BOND)=166622.082 E(ANGL)=124024.035 |
 | E(IMPR)=521066.816 E(VDW )=327489.690                                       |
 -------------------------------------------------------------------------------
 POWELL: STEP number limit. Normal termination
 POWELL: Current coordinates set to last minimum
 DCART: temperature coupling (TCOUpling) enabled
 -------------------------- Cartesian dynamics start ---------------------------
 | E(kin)+E(total)=0.11E+07        E(kin)=4165.854      temperature=302.570    |
 | Etotal =0.11E+07   grad(E)=111.166    E(BOND)=166622.082 E(ANGL)=124024.035 |
 | E(IMPR)=521066.816 E(VDW )=327489.690                                       |
 -------------------------------------------------------------------------------
 NBONDS: found   692055 intra-atom interactions
 NBONDS: found   691950 intra-atom interactions
 NBONDS: found   691822 intra-atom interactions
 ----------------- final step=       50 at      0.02500 ps ---------------------
 | E(kin)+E(total)=0.11E+07        E(kin)=8153.243      temperature=592.177    |
 | Etotal =0.11E+07   grad(E)=116.060    E(BOND)=169515.709 E(ANGL)=123042.243 |
 | E(IMPR)=512485.429 E(VDW )=324248.435                                       |
 -------------------------------------------------------------------------------
 CENMAS: Information about center of free masses
         position [A]          :     -0.77135      0.02619     -0.37558
         velocity [A/ps]       :      0.05411     -0.05324      0.00752
         ang. mom. [amu A/ps]  :  76089.05090 108761.89047 111350.14039
         kin. ener. [Kcal/mol] :      0.64240
 %PARRDR-info: duplication of bond HC   NC2 
 %PARRDR-info: duplication of angle CH2E C    NH1 
 %PARRDR-info: duplication of angle CH2P CH2E HA  
 POWELL: number of degrees of freedom= 13857
 NBONDS: generating intra-molecular exclusion list with mode=-3
 MAKINB: mode  -3 found  15780 exclusions and      0 interactions(1-4)
 NBONDS: found   680709 intra-atom interactions
 NBONDS: found   682683 intra-atom interactions
 NBONDS: found   682479 intra-atom interactions
 NBONDS: found   682665 intra-atom interactions
 NBONDS: found   682846 intra-atom interactions
 NBONDS: found   682927 intra-atom interactions
 --------------- cycle=    25 ------ stepsize=    0.0001 -----------------------
 | Etotal =368172.922 grad(E)=165.532    E(BOND)=72290.584  E(ANGL)=170073.437 |
 | E(IMPR)=124232.928 E(VDW )=1575.973                                         |
 -------------------------------------------------------------------------------
 NBONDS: found   683092 intra-atom interactions
 NBONDS: found   683153 intra-atom interactions
 NBONDS: found   682965 intra-atom interactions
 NBONDS: found   682796 intra-atom interactions
 NBONDS: found   682873 intra-atom interactions
 NBONDS: found   682946 intra-atom interactions
 NBONDS: found   683017 intra-atom interactions
 --------------- cycle=    50 ------ stepsize=    0.0005 -----------------------
 | Etotal =73101.760  grad(E)=40.818     E(BOND)=3742.701   E(ANGL)=34102.200  |
 | E(IMPR)=34402.790  E(VDW )=854.068                                          |
 -------------------------------------------------------------------------------
 NBONDS: found   682829 intra-atom interactions
 NBONDS: found   683028 intra-atom interactions
 NBONDS: found   683049 intra-atom interactions
 NBONDS: found   683044 intra-atom interactions
 NBONDS: found   683071 intra-atom interactions
 --------------- cycle=    75 ------ stepsize=   -0.0000 -----------------------
 | Etotal =10754.682  grad(E)=19.568     E(BOND)=387.701    E(ANGL)=7294.002   |
 | E(IMPR)=2444.045   E(VDW )=628.934                                          |
 -------------------------------------------------------------------------------
 NBONDS: found   682999 intra-atom interactions
 NBONDS: found   682985 intra-atom interactions
 NBONDS: found   682966 intra-atom interactions
 --------------- cycle=   100 ------ stepsize=   -0.0003 -----------------------
 | Etotal =1904.899   grad(E)=6.057      E(BOND)=39.677     E(ANGL)=1183.144   |
 | E(IMPR)=125.884    E(VDW )=556.194                                          |
 -------------------------------------------------------------------------------
 POWELL: STEP number limit. Normal termination
 POWELL: Current coordinates set to last minimum
 DCART: temperature coupling (TCOUpling) enabled
 -------------------------- Cartesian dynamics start ---------------------------
 | E(kin)+E(total)=5989.039        E(kin)=4084.140      temperature=296.635    |
 | Etotal =1904.899   grad(E)=6.057      E(BOND)=39.677     E(ANGL)=1183.144   |
 | E(IMPR)=125.884    E(VDW )=556.194                                          |
 -------------------------------------------------------------------------------
 NBONDS: found   683067 intra-atom interactions
 NBONDS: found   682951 intra-atom interactions
 NBONDS: found   683080 intra-atom interactions
 NBONDS: found   682843 intra-atom interactions
 NBONDS: found   682847 intra-atom interactions
 NBONDS: found   683040 intra-atom interactions
 NBONDS: found   683016 intra-atom interactions
 NBONDS: found   683027 intra-atom interactions
 NBONDS: found   682890 intra-atom interactions
 NBONDS: found   682973 intra-atom interactions
 NBONDS: found   682981 intra-atom interactions
 NBONDS: found   683053 intra-atom interactions
 NBONDS: found   683019 intra-atom interactions
 ----------------- final step=      500 at      0.25000 ps ---------------------
 | E(kin)+E(total)=8711.490        E(kin)=4402.687      temperature=319.771    |
 | Etotal =4308.804   grad(E)=25.715     E(BOND)=1114.351   E(ANGL)=2207.313   |
 | E(IMPR)=288.676    E(VDW )=698.464                                          |
 -------------------------------------------------------------------------------
 CENMAS: Information about center of free masses
         position [A]          :     -0.76932      0.02690     -0.37481
         velocity [A/ps]       :     -0.00342     -0.01193     -0.01598
         ang. mom. [amu A/ps]  : -69275.68128  16393.10771 136204.59857
         kin. ener. [Kcal/mol] :      0.04522
 EFLAGS: the following energy flags are set
 EFLAGS: BOND ANGL DIHE IMPR VDW 
 %PARRDR-info: duplication of bond HC   NC2 
 %PARRDR-info: duplication of angle CH2E C    NH1 
 %PARRDR-info: duplication of angle CH2P CH2E HA  
 POWELL: number of degrees of freedom= 13857
 NBONDS: generating intra-molecular exclusion list with mode=-3
 MAKINB: mode  -3 found  15780 exclusions and      0 interactions(1-4)
 NBONDS: found   682984 intra-atom interactions
 NBONDS: found   682984 intra-atom interactions
 NBONDS: found   682965 intra-atom interactions
 --------------- cycle=    50 ------ stepsize=    0.0011 -----------------------
 | Etotal =13307.916  grad(E)=13.340     E(BOND)=235.395    E(ANGL)=1140.958   |
 | E(DIHE)=191.503    E(IMPR)=101.480    E(VDW )=11638.580                     |
 -------------------------------------------------------------------------------
 NBONDS: found   682954 intra-atom interactions
 --------------- cycle=   100 ------ stepsize=    0.0014 -----------------------
 | Etotal =12970.340  grad(E)=13.223     E(BOND)=229.236    E(ANGL)=1132.409   |
 | E(DIHE)=162.155    E(IMPR)=92.764     E(VDW )=11353.776                     |
 -------------------------------------------------------------------------------
 --------------- cycle=   150 ------ stepsize=    0.0009 -----------------------
 | Etotal =12918.957  grad(E)=13.190     E(BOND)=229.104    E(ANGL)=1129.197   |
 | E(DIHE)=158.276    E(IMPR)=91.825     E(VDW )=11310.556                     |
 -------------------------------------------------------------------------------
 --------------- cycle=   200 ------ stepsize=    0.0012 -----------------------
 | Etotal =12911.479  grad(E)=13.186     E(BOND)=228.844    E(ANGL)=1127.108   |
 | E(DIHE)=158.125    E(IMPR)=91.295     E(VDW )=11306.107                     |
 -------------------------------------------------------------------------------
 --------------- cycle=   250 ------ stepsize=    0.0012 -----------------------
 | Etotal =12911.157  grad(E)=13.188     E(BOND)=228.939    E(ANGL)=1127.415   |
 | E(DIHE)=157.851    E(IMPR)=91.274     E(VDW )=11305.679                     |
 -------------------------------------------------------------------------------
 --------------- cycle=   300 ------ stepsize=    0.0009 -----------------------
 | Etotal =12911.084  grad(E)=13.187     E(BOND)=228.897    E(ANGL)=1127.422   |
 | E(DIHE)=157.967    E(IMPR)=91.258     E(VDW )=11305.539                     |
 -------------------------------------------------------------------------------
 --------------- cycle=   350 ------ stepsize=    0.0010 -----------------------
 | Etotal =12911.081  grad(E)=13.187     E(BOND)=228.896    E(ANGL)=1127.404   |
 | E(DIHE)=157.966    E(IMPR)=91.274     E(VDW )=11305.541                     |
 -------------------------------------------------------------------------------
 --------------- cycle=   400 ------ stepsize=    0.0008 -----------------------
 | Etotal =12911.081  grad(E)=13.187     E(BOND)=228.893    E(ANGL)=1127.403   |
 | E(DIHE)=157.971    E(IMPR)=91.274     E(VDW )=11305.539                     |
 -------------------------------------------------------------------------------
 POWELL: Gradient converged. Normal termination
 POWELL: Current coordinates set to last minimum
 DCART: temperature coupling (TCOUpling) enabled
 -------------------------- Cartesian dynamics start ---------------------------
 | E(kin)+E(total)=17063.122       E(kin)=4152.041      temperature=301.566    |
 | Etotal =12911.081  grad(E)=13.187     E(BOND)=228.894    E(ANGL)=1127.404   |
 | E(DIHE)=157.972    E(IMPR)=91.274     E(VDW )=11305.538                     |
 -------------------------------------------------------------------------------
 NBONDS: found   682962 intra-atom interactions
 NBONDS: found   682801 intra-atom interactions
 NBONDS: found   682964 intra-atom interactions
 NBONDS: found   682867 intra-atom interactions
 NBONDS: found   682920 intra-atom interactions
 NBONDS: found   682922 intra-atom interactions
 NBONDS: found   682879 intra-atom interactions
 ----------------- final step=      500 at      0.25000 ps ---------------------
 | E(kin)+E(total)=21191.776       E(kin)=4293.332      temperature=311.828    |
 | Etotal =16898.444  grad(E)=31.505     E(BOND)=1309.883   E(ANGL)=3369.361   |
 | E(DIHE)=171.359    E(IMPR)=438.853    E(VDW )=11608.988                     |
 -------------------------------------------------------------------------------
 CENMAS: Information about center of free masses
         position [A]          :     -0.76954      0.02652     -0.37526
         velocity [A/ps]       :     -0.03108      0.33170     -0.26864
         ang. mom. [amu A/ps]  : -14015.30684   9053.85014  35076.31948
         kin. ener. [Kcal/mol] :      1.01911
 POWELL: number of degrees of freedom= 13857
 --------------- cycle=    50 ------ stepsize=    0.0009 -----------------------
 | Etotal =12907.856  grad(E)=13.178     E(BOND)=227.947    E(ANGL)=1125.847   |
 | E(DIHE)=158.641    E(IMPR)=91.004     E(VDW )=11304.416                     |
 -------------------------------------------------------------------------------
 --------------- cycle=   100 ------ stepsize=    0.0012 -----------------------
 | Etotal =12901.754  grad(E)=13.175     E(BOND)=228.205    E(ANGL)=1125.766   |
 | E(DIHE)=158.373    E(IMPR)=91.376     E(VDW )=11298.035                     |
 -------------------------------------------------------------------------------
 --------------- cycle=   150 ------ stepsize=    0.0013 -----------------------
 | Etotal =12899.448  grad(E)=13.171     E(BOND)=228.070    E(ANGL)=1124.919   |
 | E(DIHE)=155.998    E(IMPR)=90.988     E(VDW )=11299.473                     |
 -------------------------------------------------------------------------------
 --------------- cycle=   200 ------ stepsize=    0.0014 -----------------------
 | Etotal =12898.499  grad(E)=13.172     E(BOND)=228.111    E(ANGL)=1125.001   |
 | E(DIHE)=155.719    E(IMPR)=91.182     E(VDW )=11298.486                     |
 -------------------------------------------------------------------------------
 --------------- cycle=   250 ------ stepsize=    0.0011 -----------------------
 | Etotal =12898.367  grad(E)=13.173     E(BOND)=228.086    E(ANGL)=1125.111   |
 | E(DIHE)=155.630    E(IMPR)=91.191     E(VDW )=11298.349                     |
 -------------------------------------------------------------------------------
 --------------- cycle=   300 ------ stepsize=    0.0010 -----------------------
 | Etotal =12898.358  grad(E)=13.173     E(BOND)=228.097    E(ANGL)=1125.136   |
 | E(DIHE)=155.646    E(IMPR)=91.245     E(VDW )=11298.234                     |
 -------------------------------------------------------------------------------
 --------------- cycle=   350 ------ stepsize=    0.0009 -----------------------
 | Etotal =12898.358  grad(E)=13.173     E(BOND)=228.097    E(ANGL)=1125.143   |
 | E(DIHE)=155.656    E(IMPR)=91.244     E(VDW )=11298.217                     |
 -------------------------------------------------------------------------------
 --------------- cycle=   400 ------ stepsize=    0.0010 -----------------------
 | Etotal =12898.358  grad(E)=13.173     E(BOND)=228.097    E(ANGL)=1125.146   |
 | E(DIHE)=155.662    E(IMPR)=91.245     E(VDW )=11298.209                     |
 -------------------------------------------------------------------------------
 POWELL: Gradient converged. Normal termination
 POWELL: Current coordinates set to last minimum
 POWELL: number of degrees of freedom= 18375
 NBONDS: found   682890 intra-atom interactions
 NBONDS: found   682823 intra-atom interactions
 NBONDS: found   682890 intra-atom interactions
 --------------- cycle=     5 ------ stepsize=    0.0006 -----------------------
 | Etotal =12720.150  grad(E)=13.134     E(BOND)=226.537    E(ANGL)=1124.086   |
 | E(DIHE)=155.666    E(IMPR)=90.286     E(VDW )=11123.575                     |
 -------------------------------------------------------------------------------
 --------------- cycle=    10 ------ stepsize=    0.0009 -----------------------
 | Etotal =12717.694  grad(E)=13.106     E(BOND)=226.562    E(ANGL)=1122.143   |
 | E(DIHE)=155.579    E(IMPR)=89.691     E(VDW )=11123.719                     |
 -------------------------------------------------------------------------------
 --------------- cycle=    15 ------ stepsize=    0.0016 -----------------------
 | Etotal =12716.109  grad(E)=13.108     E(BOND)=226.477    E(ANGL)=1122.758   |
 | E(DIHE)=155.346    E(IMPR)=89.934     E(VDW )=11121.593                     |
 -------------------------------------------------------------------------------
 --------------- cycle=    20 ------ stepsize=    0.0007 -----------------------
 | Etotal =12714.717  grad(E)=13.110     E(BOND)=226.601    E(ANGL)=1122.488   |
 | E(DIHE)=155.148    E(IMPR)=89.627     E(VDW )=11120.854                     |
 -------------------------------------------------------------------------------
 --------------- cycle=    25 ------ stepsize=    0.0006 -----------------------
 | Etotal =12714.241  grad(E)=13.120     E(BOND)=226.654    E(ANGL)=1123.443   |
 | E(DIHE)=155.018    E(IMPR)=89.803     E(VDW )=11119.322                     |
 -------------------------------------------------------------------------------
 --------------- cycle=    30 ------ stepsize=    0.0009 -----------------------
 | Etotal =12713.799  grad(E)=13.111     E(BOND)=226.563    E(ANGL)=1122.705   |
 | E(DIHE)=154.908    E(IMPR)=89.636     E(VDW )=11119.987                     |
 -------------------------------------------------------------------------------
 --------------- cycle=    35 ------ stepsize=    0.0001 -----------------------
 | Etotal =12713.731  grad(E)=13.109     E(BOND)=226.553    E(ANGL)=1122.647   |
 | E(DIHE)=154.874    E(IMPR)=89.669     E(VDW )=11119.988                     |
 -------------------------------------------------------------------------------
 --------------- cycle=    40 ------ stepsize=    0.0012 -----------------------
 | Etotal =12713.609  grad(E)=13.111     E(BOND)=226.538    E(ANGL)=1122.723   |
 | E(DIHE)=154.791    E(IMPR)=89.650     E(VDW )=11119.907                     |
 -------------------------------------------------------------------------------
 --------------- cycle=    45 ------ stepsize=   -0.0001 -----------------------
 | Etotal =12713.574  grad(E)=13.111     E(BOND)=226.537    E(ANGL)=1122.750   |
 | E(DIHE)=154.757    E(IMPR)=89.662     E(VDW )=11119.869                     |
 -------------------------------------------------------------------------------
 --------------- cycle=    50 ------ stepsize=    0.0010 -----------------------
 | Etotal =12713.513  grad(E)=13.110     E(BOND)=226.529    E(ANGL)=1122.630   |
 | E(DIHE)=154.703    E(IMPR)=89.650     E(VDW )=11120.001                     |
 -------------------------------------------------------------------------------
 POWELL: STEP number limit. Normal termination
 POWELL: Current coordinates set to last minimum
 %PARRDR-info: duplication of bond HC   NC2 
 %PARRDR-info: duplication of angle CH2E C    NH1 
 %PARRDR-info: duplication of angle CH2P CH2E HA  
 POWELL: number of degrees of freedom= 18375
 NBONDS: generating intra-molecular exclusion list with mode= 5
 MAKINB: mode   5 found  17796 exclusions and  17947 interactions(1-4)
 NBONDS: found   904464 intra-atom interactions
 NBONDS: found   904579 intra-atom interactions
 --------------- cycle=    50 ------ stepsize=    0.0004 -----------------------
 | Etotal =-41.299    grad(E)=5.378      E(BOND)=14.822     E(ANGL)=405.828    |
 | E(DIHE)=44.914     E(IMPR)=33.371     E(VDW )=-541.438   E(ELEC)=1.204      |
 -------------------------------------------------------------------------------
 POWELL: STEP number limit. Normal termination
 POWELL: Current coordinates set to last minimum
 --------------- cycle=     1 --------------------------------------------------
 | Etotal =-41.299    grad(E)=5.378      E(BOND)=14.822     E(ANGL)=405.828    |
 | E(DIHE)=44.914     E(IMPR)=33.371     E(VDW )=-541.438   E(ELEC)=1.204      |
 -------------------------------------------------------------------------------
 SURFAC: half the sigma value being used for atomic radii.
 SURFAC: ACCEssible surface area
 SURFAC: ACCUracy= 0.07 RH2O=  1.40
         Z-grid=  0.32 number-of-Z-sections=  215
         measures-of-arc= 94238 and151336
 SURFAC: half the sigma value being used for atomic radii.
 SURFAC: ACCEssible surface area
 SURFAC: ACCUracy= 0.07 RH2O=  1.40
         Z-grid=  0.32 number-of-Z-sections=  141
         measures-of-arc= 25396 and 45652
 SURFAC: half the sigma value being used for atomic radii.
 SURFAC: ACCEssible surface area
 SURFAC: ACCUracy= 0.07 RH2O=  1.40
         Z-grid=  0.32 number-of-Z-sections=  215
         measures-of-arc=121430 and197485
 %PARRDR-info: duplication of bond HC   NC2 
 %PARRDR-info: duplication of angle CH2E C    NH1 
 %PARRDR-info: duplication of angle CH2P CH2E HA  
 NBONDS: generating intra-molecular exclusion list with mode= 5
 MAKINB: mode   5 found      5 exclusions and     10 interactions(1-4)
 NBONDS: found     2315 intra-atom interactions
 --------------- cycle=     2 --------------------------------------------------
 | Etotal =-41.627    grad(E)=0.152      E(VDW )=-6.289     E(ELEC)=-35.338    |
 -------------------------------------------------------------------------------
 NBONDS: generating intra-molecular exclusion list with mode= 5
 MAKINB: mode   5 found     10 exclusions and     20 interactions(1-4)
 NBONDS: found     2314 intra-atom interactions
 --------------- cycle=     3 --------------------------------------------------
 | Etotal =-118.269   grad(E)=0.233      E(VDW )=-10.430    E(ELEC)=-107.840   |
 -------------------------------------------------------------------------------
 NBONDS: generating intra-molecular exclusion list with mode= 5
 MAKINB: mode   5 found     10 exclusions and     20 interactions(1-4)
 NBONDS: found     4238 intra-atom interactions
 --------------- cycle=     4 --------------------------------------------------
 | Etotal =-93.043    grad(E)=0.159      E(VDW )=-15.796    E(ELEC)=-77.247    |
 -------------------------------------------------------------------------------
 NBONDS: generating intra-molecular exclusion list with mode= 5
 MAKINB: mode   5 found     10 exclusions and     20 interactions(1-4)
 NBONDS: found     2808 intra-atom interactions
 --------------- cycle=     5 --------------------------------------------------
 | Etotal =-89.835    grad(E)=0.165      E(VDW )=-9.196     E(ELEC)=-80.639    |
 -------------------------------------------------------------------------------
 NBONDS: generating intra-molecular exclusion list with mode= 5
 MAKINB: mode   5 found     10 exclusions and     20 interactions(1-4)
 NBONDS: found     4361 intra-atom interactions
 --------------- cycle=     6 --------------------------------------------------
 | Etotal =-110.927   grad(E)=0.297      E(VDW )=-9.951     E(ELEC)=-100.976   |
 -------------------------------------------------------------------------------
 NBONDS: generating intra-molecular exclusion list with mode= 5
 MAKINB: mode   5 found     10 exclusions and     20 interactions(1-4)
 NBONDS: found     3790 intra-atom interactions
 --------------- cycle=     7 --------------------------------------------------
 | Etotal =-91.286    grad(E)=0.163      E(VDW )=-13.396    E(ELEC)=-77.891    |
 -------------------------------------------------------------------------------
 NBONDS: generating intra-molecular exclusion list with mode= 5
 MAKINB: mode   5 found     10 exclusions and     20 interactions(1-4)
 NBONDS: found     5394 intra-atom interactions
 --------------- cycle=     8 --------------------------------------------------
 | Etotal =-92.870    grad(E)=0.173      E(VDW )=-18.414    E(ELEC)=-74.455    |
 -------------------------------------------------------------------------------
 NBONDS: generating intra-molecular exclusion list with mode= 5
 MAKINB: mode   5 found     10 exclusions and     20 interactions(1-4)
 NBONDS: found     5578 intra-atom interactions
 --------------- cycle=     9 --------------------------------------------------
 | Etotal =-101.953   grad(E)=0.218      E(VDW )=-12.516    E(ELEC)=-89.437    |
 -------------------------------------------------------------------------------
 NBONDS: generating intra-molecular exclusion list with mode= 5
 MAKINB: mode   5 found     10 exclusions and     20 interactions(1-4)
 NBONDS: found     3578 intra-atom interactions
 --------------- cycle=    10 --------------------------------------------------
 | Etotal =-190.321   grad(E)=0.418      E(VDW )=-10.368    E(ELEC)=-179.954   |
 -------------------------------------------------------------------------------
 NBONDS: generating intra-molecular exclusion list with mode= 5
 MAKINB: mode   5 found     10 exclusions and     20 interactions(1-4)
 NBONDS: found     5413 intra-atom interactions
 --------------- cycle=    11 --------------------------------------------------
 | Etotal =-214.061   grad(E)=0.648      E(VDW )=-5.281     E(ELEC)=-208.780   |
 -------------------------------------------------------------------------------
 NBONDS: generating intra-molecular exclusion list with mode= 5
 MAKINB: mode   5 found     10 exclusions and     20 interactions(1-4)
 NBONDS: found     5594 intra-atom interactions
 --------------- cycle=    12 --------------------------------------------------
 | Etotal =-101.161   grad(E)=0.217      E(VDW )=-16.196    E(ELEC)=-84.964    |
 -------------------------------------------------------------------------------
 NBONDS: generating intra-molecular exclusion list with mode= 5
 MAKINB: mode   5 found     10 exclusions and     20 interactions(1-4)
 NBONDS: found     3667 intra-atom interactions
 --------------- cycle=    13 --------------------------------------------------
 | Etotal =-102.365   grad(E)=0.282      E(VDW )=-13.700    E(ELEC)=-88.665    |
 -------------------------------------------------------------------------------
 NBONDS: generating intra-molecular exclusion list with mode= 5
 MAKINB: mode   5 found     10 exclusions and     20 interactions(1-4)
 NBONDS: found     4797 intra-atom interactions
 --------------- cycle=    14 --------------------------------------------------
 | Etotal =-108.683   grad(E)=0.315      E(VDW )=-16.239    E(ELEC)=-92.444    |
 -------------------------------------------------------------------------------
 NBONDS: generating intra-molecular exclusion list with mode= 5
 MAKINB: mode   5 found     10 exclusions and     20 interactions(1-4)
 NBONDS: found     3591 intra-atom interactions
 --------------- cycle=    15 --------------------------------------------------
 | Etotal =-170.147   grad(E)=0.373      E(VDW )=-9.728     E(ELEC)=-160.418   |
 -------------------------------------------------------------------------------
 NBONDS: generating intra-molecular exclusion list with mode= 5
 MAKINB: mode   5 found     10 exclusions and     20 interactions(1-4)
 NBONDS: found     4009 intra-atom interactions
 --------------- cycle=    16 --------------------------------------------------
 | Etotal =-186.849   grad(E)=0.453      E(VDW )=-15.226    E(ELEC)=-171.623   |
 -------------------------------------------------------------------------------
 NBONDS: generating intra-molecular exclusion list with mode= 5
 MAKINB: mode   5 found     10 exclusions and     20 interactions(1-4)
 NBONDS: found     3902 intra-atom interactions
 --------------- cycle=    17 --------------------------------------------------
 | Etotal =-198.377   grad(E)=0.477      E(VDW )=-11.532    E(ELEC)=-186.845   |
 -------------------------------------------------------------------------------
 NBONDS: generating intra-molecular exclusion list with mode= 5
 MAKINB: mode   5 found     10 exclusions and     20 interactions(1-4)
 NBONDS: found     4371 intra-atom interactions
 --------------- cycle=    18 --------------------------------------------------
 | Etotal =-98.325    grad(E)=0.180      E(VDW )=-15.179    E(ELEC)=-83.146    |
 -------------------------------------------------------------------------------
 NBONDS: generating intra-molecular exclusion list with mode= 5
 MAKINB: mode   5 found     10 exclusions and     20 interactions(1-4)
 NBONDS: found     5864 intra-atom interactions
 --------------- cycle=    19 --------------------------------------------------
 | Etotal =-123.272   grad(E)=0.368      E(VDW )=-22.838    E(ELEC)=-100.434   |
 -------------------------------------------------------------------------------
 NBONDS: generating intra-molecular exclusion list with mode= 5
 MAKINB: mode   5 found     10 exclusions and     20 interactions(1-4)
 NBONDS: found     3855 intra-atom interactions
 --------------- cycle=    20 --------------------------------------------------
 | Etotal =-114.114   grad(E)=0.230      E(VDW )=-14.240    E(ELEC)=-99.874    |
 -------------------------------------------------------------------------------
 NBONDS: generating intra-molecular exclusion list with mode= 5
 MAKINB: mode   5 found     10 exclusions and     20 interactions(1-4)
 NBONDS: found     4720 intra-atom interactions
 --------------- cycle=    21 --------------------------------------------------
 | Etotal =-90.338    grad(E)=0.199      E(VDW )=-13.984    E(ELEC)=-76.353    |
 -------------------------------------------------------------------------------
 NBONDS: generating intra-molecular exclusion list with mode= 5
 MAKINB: mode   5 found     10 exclusions and     20 interactions(1-4)
 NBONDS: found     3854 intra-atom interactions
 --------------- cycle=    22 --------------------------------------------------
 | Etotal =-96.321    grad(E)=0.177      E(VDW )=-13.991    E(ELEC)=-82.330    |
 -------------------------------------------------------------------------------
 NBONDS: generating intra-molecular exclusion list with mode= 5
 MAKINB: mode   5 found     10 exclusions and     20 interactions(1-4)
 NBONDS: found     2246 intra-atom interactions
 --------------- cycle=    23 --------------------------------------------------
 | Etotal =-81.803    grad(E)=0.128      E(VDW )=-8.449     E(ELEC)=-73.353    |
 -------------------------------------------------------------------------------
 NBONDS: generating intra-molecular exclusion list with mode= 5
 MAKINB: mode   5 found     10 exclusions and     23 interactions(1-4)
 NBONDS: found     5247 intra-atom interactions
 --------------- cycle=    24 --------------------------------------------------
 | Etotal =-70.884    grad(E)=0.453      E(VDW )=-10.593    E(ELEC)=-60.291    |
 -------------------------------------------------------------------------------
 NBONDS: generating intra-molecular exclusion list with mode= 5
 MAKINB: mode   5 found     10 exclusions and     20 interactions(1-4)
 NBONDS: found     4613 intra-atom interactions
 --------------- cycle=    25 --------------------------------------------------
 | Etotal =-80.770    grad(E)=0.177      E(VDW )=-12.987    E(ELEC)=-67.783    |
 -------------------------------------------------------------------------------
 NBONDS: generating intra-molecular exclusion list with mode= 5
 MAKINB: mode   5 found     10 exclusions and     20 interactions(1-4)
 NBONDS: found     3009 intra-atom interactions
 --------------- cycle=    26 --------------------------------------------------
 | Etotal =-74.287    grad(E)=0.245      E(VDW )=-2.733     E(ELEC)=-71.554    |
 -------------------------------------------------------------------------------
 NBONDS: generating intra-molecular exclusion list with mode= 5
 MAKINB: mode   5 found     10 exclusions and     20 interactions(1-4)
 NBONDS: found     2276 intra-atom interactions
 --------------- cycle=    27 --------------------------------------------------
 | Etotal =-68.068    grad(E)=0.272      E(VDW )=1.349      E(ELEC)=-69.416    |
 -------------------------------------------------------------------------------
 NBONDS: generating intra-molecular exclusion list with mode= 5
 MAKINB: mode   5 found     10 exclusions and     20 interactions(1-4)
 NBONDS: found     1372 intra-atom interactions
 --------------- cycle=    28 --------------------------------------------------
 | Etotal =-73.611    grad(E)=0.242      E(VDW )=3.618      E(ELEC)=-77.229    |
 -------------------------------------------------------------------------------
 NBONDS: generating intra-molecular exclusion list with mode= 5
 MAKINB: mode   5 found     10 exclusions and     20 interactions(1-4)
 NBONDS: found     2750 intra-atom interactions
 --------------- cycle=    29 --------------------------------------------------
 | Etotal =-91.932    grad(E)=0.244      E(VDW )=-10.427    E(ELEC)=-81.505    |
 -------------------------------------------------------------------------------
 NBONDS: generating intra-molecular exclusion list with mode= 5
 MAKINB: mode   5 found     10 exclusions and     20 interactions(1-4)
 NBONDS: found     5222 intra-atom interactions
 --------------- cycle=    30 --------------------------------------------------
 | Etotal =-91.822    grad(E)=0.215      E(VDW )=-19.210    E(ELEC)=-72.612    |
 -------------------------------------------------------------------------------
 NBONDS: generating intra-molecular exclusion list with mode= 5
 MAKINB: mode   5 found     10 exclusions and     20 interactions(1-4)
 NBONDS: found     1993 intra-atom interactions
 --------------- cycle=    31 --------------------------------------------------
 | Etotal =-67.772    grad(E)=0.175      E(VDW )=-6.416     E(ELEC)=-61.356    |
 -------------------------------------------------------------------------------
 NBONDS: generating intra-molecular exclusion list with mode= 5
 MAKINB: mode   5 found     10 exclusions and     20 interactions(1-4)
 NBONDS: found     6371 intra-atom interactions
 --------------- cycle=    32 --------------------------------------------------
 | Etotal =-192.625   grad(E)=0.467      E(VDW )=-11.043    E(ELEC)=-181.582   |
 -------------------------------------------------------------------------------
 NBONDS: generating intra-molecular exclusion list with mode= 5
 MAKINB: mode   5 found     10 exclusions and     20 interactions(1-4)
 NBONDS: found     1878 intra-atom interactions
 --------------- cycle=    33 --------------------------------------------------
 | Etotal =-75.338    grad(E)=0.122      E(VDW )=-5.696     E(ELEC)=-69.643    |
 -------------------------------------------------------------------------------
 NBONDS: generating intra-molecular exclusion list with mode= 5
 MAKINB: mode   5 found     10 exclusions and     20 interactions(1-4)
 NBONDS: found     3475 intra-atom interactions
 --------------- cycle=    34 --------------------------------------------------
 | Etotal =-175.747   grad(E)=0.683      E(VDW )=-9.562     E(ELEC)=-166.184   |
 -------------------------------------------------------------------------------
 NBONDS: generating intra-molecular exclusion list with mode= 5
 MAKINB: mode   5 found     10 exclusions and     20 interactions(1-4)
 NBONDS: found     5474 intra-atom interactions
 --------------- cycle=    35 --------------------------------------------------
 | Etotal =-83.833    grad(E)=0.135      E(VDW )=-22.395    E(ELEC)=-61.438    |
 -------------------------------------------------------------------------------
 NBONDS: generating intra-molecular exclusion list with mode= 5
 MAKINB: mode   5 found     10 exclusions and     20 interactions(1-4)
 NBONDS: found     6584 intra-atom interactions
 --------------- cycle=    36 --------------------------------------------------
 | Etotal =-175.411   grad(E)=0.609      E(VDW )=-16.479    E(ELEC)=-158.932   |
 -------------------------------------------------------------------------------
 NBONDS: generating intra-molecular exclusion list with mode= 5
 MAKINB: mode   5 found     10 exclusions and     20 interactions(1-4)
 NBONDS: found     2375 intra-atom interactions
 --------------- cycle=    37 --------------------------------------------------
 | Etotal =-83.461    grad(E)=0.165      E(VDW )=-8.712     E(ELEC)=-74.749    |
 -------------------------------------------------------------------------------
 NBONDS: generating intra-molecular exclusion list with mode= 5
 MAKINB: mode   5 found     10 exclusions and     20 interactions(1-4)
 NBONDS: found     2565 intra-atom interactions
 --------------- cycle=    38 --------------------------------------------------
 | Etotal =-80.165    grad(E)=0.136      E(VDW )=-5.874     E(ELEC)=-74.291    |
 -------------------------------------------------------------------------------
 NBONDS: generating intra-molecular exclusion list with mode= 5
 MAKINB: mode   5 found     10 exclusions and     23 interactions(1-4)
 NBONDS: found     3947 intra-atom interactions
 --------------- cycle=    39 --------------------------------------------------
 | Etotal =-101.915   grad(E)=0.271      E(VDW )=-11.110    E(ELEC)=-90.805    |
 -------------------------------------------------------------------------------
 NBONDS: generating intra-molecular exclusion list with mode= 5
 MAKINB: mode   5 found     10 exclusions and     20 interactions(1-4)
 NBONDS: found     5958 intra-atom interactions
 --------------- cycle=    40 --------------------------------------------------
 | Etotal =-188.711   grad(E)=0.431      E(VDW )=-18.716    E(ELEC)=-169.995   |
 -------------------------------------------------------------------------------
 NBONDS: generating intra-molecular exclusion list with mode= 5
 MAKINB: mode   5 found     10 exclusions and     20 interactions(1-4)
 NBONDS: found     6571 intra-atom interactions
 --------------- cycle=    41 --------------------------------------------------
 | Etotal =-180.221   grad(E)=0.574      E(VDW )=-25.809    E(ELEC)=-154.412   |
 -------------------------------------------------------------------------------
 NBONDS: generating intra-molecular exclusion list with mode= 5
 MAKINB: mode   5 found     10 exclusions and     20 interactions(1-4)
 NBONDS: found     2657 intra-atom interactions
 --------------- cycle=    42 --------------------------------------------------
 | Etotal =-146.993   grad(E)=0.483      E(VDW )=-10.118    E(ELEC)=-136.876   |
 -------------------------------------------------------------------------------
 NBONDS: generating intra-molecular exclusion list with mode= 5
 MAKINB: mode   5 found     10 exclusions and     20 interactions(1-4)
 NBONDS: found     4046 intra-atom interactions
 --------------- cycle=    43 --------------------------------------------------
 | Etotal =-148.639   grad(E)=0.446      E(VDW )=-18.343    E(ELEC)=-130.295   |
 -------------------------------------------------------------------------------
 NBONDS: generating intra-molecular exclusion list with mode= 5
 MAKINB: mode   5 found     10 exclusions and     20 interactions(1-4)
 NBONDS: found     4536 intra-atom interactions
 --------------- cycle=    44 --------------------------------------------------
 | Etotal =-184.440   grad(E)=0.406      E(VDW )=-10.455    E(ELEC)=-173.985   |
 -------------------------------------------------------------------------------
 NBONDS: generating intra-molecular exclusion list with mode= 5
 MAKINB: mode   5 found     10 exclusions and     20 interactions(1-4)
 NBONDS: found     4786 intra-atom interactions
 --------------- cycle=    45 --------------------------------------------------
 | Etotal =-89.057    grad(E)=0.219      E(VDW )=-19.902    E(ELEC)=-69.155    |
 -------------------------------------------------------------------------------
 NBONDS: generating intra-molecular exclusion list with mode= 5
 MAKINB: mode   5 found     10 exclusions and     20 interactions(1-4)
 NBONDS: found     1736 intra-atom interactions
 --------------- cycle=    46 --------------------------------------------------
 | Etotal =-61.847    grad(E)=0.109      E(VDW )=-3.811     E(ELEC)=-58.036    |
 -------------------------------------------------------------------------------
 NBONDS: generating intra-molecular exclusion list with mode= 5
 MAKINB: mode   5 found     10 exclusions and     20 interactions(1-4)
 NBONDS: found      960 intra-atom interactions
 --------------- cycle=    47 --------------------------------------------------
 | Etotal =-69.728    grad(E)=0.114      E(VDW )=-2.546     E(ELEC)=-67.182    |
 -------------------------------------------------------------------------------
 NBONDS: generating intra-molecular exclusion list with mode= 5
 MAKINB: mode   5 found     10 exclusions and     20 interactions(1-4)
 NBONDS: found     1493 intra-atom interactions
 --------------- cycle=    48 --------------------------------------------------
 | Etotal =-79.308    grad(E)=0.162      E(VDW )=-8.050     E(ELEC)=-71.258    |
 -------------------------------------------------------------------------------
 NBONDS: generating intra-molecular exclusion list with mode= 5
 MAKINB: mode   5 found     10 exclusions and     20 interactions(1-4)
 NBONDS: found     3504 intra-atom interactions
 --------------- cycle=    49 --------------------------------------------------
 | Etotal =-84.986    grad(E)=0.319      E(VDW )=-17.530    E(ELEC)=-67.456    |
 -------------------------------------------------------------------------------
 NBONDS: generating intra-molecular exclusion list with mode= 5
 MAKINB: mode   5 found     10 exclusions and     20 interactions(1-4)
 NBONDS: found     3597 intra-atom interactions
 --------------- cycle=    50 --------------------------------------------------
 | Etotal =-87.237    grad(E)=0.206      E(VDW )=-14.660    E(ELEC)=-72.577    |
 -------------------------------------------------------------------------------
 NBONDS: generating intra-molecular exclusion list with mode= 5
 MAKINB: mode   5 found     10 exclusions and     20 interactions(1-4)
 NBONDS: found     6122 intra-atom interactions
 --------------- cycle=    51 --------------------------------------------------
 | Etotal =-105.240   grad(E)=0.210      E(VDW )=-28.083    E(ELEC)=-77.157    |
 -------------------------------------------------------------------------------
 NBONDS: generating intra-molecular exclusion list with mode= 5
 MAKINB: mode   5 found     10 exclusions and     20 interactions(1-4)
 NBONDS: found     5507 intra-atom interactions
 --------------- cycle=    52 --------------------------------------------------
 | Etotal =-88.162    grad(E)=0.145      E(VDW )=-20.263    E(ELEC)=-67.899    |
 -------------------------------------------------------------------------------
 NBONDS: generating intra-molecular exclusion list with mode= 5
 MAKINB: mode   5 found     10 exclusions and     20 interactions(1-4)
 NBONDS: found     5616 intra-atom interactions
 --------------- cycle=    53 --------------------------------------------------
 | Etotal =-81.305    grad(E)=0.502      E(VDW )=-15.572    E(ELEC)=-65.733    |
 -------------------------------------------------------------------------------
 NBONDS: generating intra-molecular exclusion list with mode= 5
 MAKINB: mode   5 found     10 exclusions and     20 interactions(1-4)
 NBONDS: found     5385 intra-atom interactions
 --------------- cycle=    54 --------------------------------------------------
 | Etotal =-163.447   grad(E)=0.435      E(VDW )=-18.368    E(ELEC)=-145.079   |
 -------------------------------------------------------------------------------
 NBONDS: generating intra-molecular exclusion list with mode= 5
 MAKINB: mode   5 found     10 exclusions and     20 interactions(1-4)
 NBONDS: found     4930 intra-atom interactions
 --------------- cycle=    55 --------------------------------------------------
 | Etotal =-68.110    grad(E)=0.198      E(VDW )=-10.857    E(ELEC)=-57.253    |
 -------------------------------------------------------------------------------
 NBONDS: generating intra-molecular exclusion list with mode= 5
 MAKINB: mode   5 found     10 exclusions and     20 interactions(1-4)
 NBONDS: found     3139 intra-atom interactions
 --------------- cycle=    56 --------------------------------------------------
 | Etotal =-73.264    grad(E)=0.244      E(VDW )=-3.303     E(ELEC)=-69.961    |
 -------------------------------------------------------------------------------
 NBONDS: generating intra-molecular exclusion list with mode= 5
 MAKINB: mode   5 found     10 exclusions and     20 interactions(1-4)
 NBONDS: found     2085 intra-atom interactions
 --------------- cycle=    57 --------------------------------------------------
 | Etotal =-65.741    grad(E)=0.155      E(VDW )=-5.489     E(ELEC)=-60.253    |
 -------------------------------------------------------------------------------
 NBONDS: generating intra-molecular exclusion list with mode= 5
 MAKINB: mode   5 found     10 exclusions and     20 interactions(1-4)
 NBONDS: found     1021 intra-atom interactions
 --------------- cycle=    58 --------------------------------------------------
 | Etotal =-61.962    grad(E)=0.106      E(VDW )=-3.959     E(ELEC)=-58.003    |
 -------------------------------------------------------------------------------
 NBONDS: generating intra-molecular exclusion list with mode= 5
 MAKINB: mode   5 found     10 exclusions and     20 interactions(1-4)
 NBONDS: found      873 intra-atom interactions
 --------------- cycle=    59 --------------------------------------------------
 | Etotal =-62.212    grad(E)=0.105      E(VDW )=-2.675     E(ELEC)=-59.537    |
 -------------------------------------------------------------------------------
 NBONDS: generating intra-molecular exclusion list with mode= 5
 MAKINB: mode   5 found     10 exclusions and     23 interactions(1-4)
 NBONDS: found     1628 intra-atom interactions
 --------------- cycle=    60 --------------------------------------------------
 | Etotal =-63.367    grad(E)=0.115      E(VDW )=-5.870     E(ELEC)=-57.497    |
 -------------------------------------------------------------------------------
 NBONDS: generating intra-molecular exclusion list with mode= 5
 MAKINB: mode   5 found     10 exclusions and     20 interactions(1-4)
 NBONDS: found     2108 intra-atom interactions
 --------------- cycle=    61 --------------------------------------------------
 | Etotal =-100.433   grad(E)=0.399      E(VDW )=-1.629     E(ELEC)=-98.804    |
 -------------------------------------------------------------------------------
 NBONDS: generating intra-molecular exclusion list with mode= 5
 MAKINB: mode   5 found     10 exclusions and     20 interactions(1-4)
 NBONDS: found     1175 intra-atom interactions
 --------------- cycle=    62 --------------------------------------------------
 | Etotal =-65.932    grad(E)=0.154      E(VDW )=-4.421     E(ELEC)=-61.511    |
 -------------------------------------------------------------------------------
 NBONDS: generating intra-molecular exclusion list with mode= 5
 MAKINB: mode   5 found     10 exclusions and     20 interactions(1-4)
 NBONDS: found     3066 intra-atom interactions
 --------------- cycle=    63 --------------------------------------------------
 | Etotal =-63.978    grad(E)=0.161      E(VDW )=-4.814     E(ELEC)=-59.164    |
 -------------------------------------------------------------------------------
 NBONDS: generating intra-molecular exclusion list with mode= 5
 MAKINB: mode   5 found     10 exclusions and     20 interactions(1-4)
 NBONDS: found     3051 intra-atom interactions
 --------------- cycle=    64 --------------------------------------------------
 | Etotal =-94.490    grad(E)=0.205      E(VDW )=-12.983    E(ELEC)=-81.507    |
 -------------------------------------------------------------------------------
 NBONDS: generating intra-molecular exclusion list with mode= 5
 MAKINB: mode   5 found     13 exclusions and     27 interactions(1-4)
 NBONDS: found     2364 intra-atom interactions
 --------------- cycle=    65 --------------------------------------------------
 | Etotal =-72.962    grad(E)=0.199      E(VDW )=-12.317    E(ELEC)=-60.645    |
 -------------------------------------------------------------------------------
 NBONDS: generating intra-molecular exclusion list with mode= 5
 MAKINB: mode   5 found     10 exclusions and     20 interactions(1-4)
 NBONDS: found     5538 intra-atom interactions
 --------------- cycle=    66 --------------------------------------------------
 | Etotal =-93.760    grad(E)=0.182      E(VDW )=-25.556    E(ELEC)=-68.204    |
 -------------------------------------------------------------------------------
 NBONDS: generating intra-molecular exclusion list with mode= 5
 MAKINB: mode   5 found     10 exclusions and     23 interactions(1-4)
 NBONDS: found     3758 intra-atom interactions
 --------------- cycle=    67 --------------------------------------------------
 | Etotal =-82.776    grad(E)=0.272      E(VDW )=-10.616    E(ELEC)=-72.160    |
 -------------------------------------------------------------------------------
 NBONDS: generating intra-molecular exclusion list with mode= 5
 MAKINB: mode   5 found     10 exclusions and     23 interactions(1-4)
 NBONDS: found     3745 intra-atom interactions
 --------------- cycle=    68 --------------------------------------------------
 | Etotal =-75.847    grad(E)=0.170      E(VDW )=-15.125    E(ELEC)=-60.722    |
 -------------------------------------------------------------------------------
 NBONDS: generating intra-molecular exclusion list with mode= 5
 MAKINB: mode   5 found     10 exclusions and     20 interactions(1-4)
 NBONDS: found     4269 intra-atom interactions
 --------------- cycle=    69 --------------------------------------------------
 | Etotal =-77.443    grad(E)=0.136      E(VDW )=-15.828    E(ELEC)=-61.614    |
 -------------------------------------------------------------------------------
 NBONDS: generating intra-molecular exclusion list with mode= 5
 MAKINB: mode   5 found     10 exclusions and     20 interactions(1-4)
 NBONDS: found     4308 intra-atom interactions
 --------------- cycle=    70 --------------------------------------------------
 | Etotal =-97.144    grad(E)=0.173      E(VDW )=-16.789    E(ELEC)=-80.356    |
 -------------------------------------------------------------------------------
 NBONDS: generating intra-molecular exclusion list with mode= 5
 MAKINB: mode   5 found     10 exclusions and     20 interactions(1-4)
 NBONDS: found     2753 intra-atom interactions
 --------------- cycle=    71 --------------------------------------------------
 | Etotal =-71.077    grad(E)=0.133      E(VDW )=-11.412    E(ELEC)=-59.664    |
 -------------------------------------------------------------------------------
 NBONDS: generating intra-molecular exclusion list with mode= 5
 MAKINB: mode   5 found     10 exclusions and     20 interactions(1-4)
 NBONDS: found     6563 intra-atom interactions
 --------------- cycle=    72 --------------------------------------------------
 | Etotal =-102.823   grad(E)=0.333      E(VDW )=-17.703    E(ELEC)=-85.120    |
 -------------------------------------------------------------------------------
 NBONDS: generating intra-molecular exclusion list with mode= 5
 MAKINB: mode   5 found     10 exclusions and     20 interactions(1-4)
 NBONDS: found     2168 intra-atom interactions
 --------------- cycle=    73 --------------------------------------------------
 | Etotal =-86.372    grad(E)=0.188      E(VDW )=-7.254     E(ELEC)=-79.119    |
 -------------------------------------------------------------------------------
 NBONDS: generating intra-molecular exclusion list with mode= 5
 MAKINB: mode   5 found     10 exclusions and     20 interactions(1-4)
 NBONDS: found     6397 intra-atom interactions
 --------------- cycle=    74 --------------------------------------------------
 | Etotal =-94.985    grad(E)=0.134      E(VDW )=-30.667    E(ELEC)=-64.319    |
 -------------------------------------------------------------------------------
 NBONDS: generating intra-molecular exclusion list with mode= 5
 MAKINB: mode   5 found     10 exclusions and     23 interactions(1-4)
 NBONDS: found     4792 intra-atom interactions
 --------------- cycle=    75 --------------------------------------------------
 | Etotal =-82.269    grad(E)=0.198      E(VDW )=-14.902    E(ELEC)=-67.367    |
 -------------------------------------------------------------------------------
 NBONDS: generating intra-molecular exclusion list with mode= 5
 MAKINB: mode   5 found     10 exclusions and     23 interactions(1-4)
 NBONDS: found     2824 intra-atom interactions
 --------------- cycle=    76 --------------------------------------------------
 | Etotal =-78.798    grad(E)=0.149      E(VDW )=-8.541     E(ELEC)=-70.257    |
 -------------------------------------------------------------------------------
 NBONDS: generating intra-molecular exclusion list with mode= 5
 MAKINB: mode   5 found     10 exclusions and     20 interactions(1-4)
 NBONDS: found     3252 intra-atom interactions
 --------------- cycle=    77 --------------------------------------------------
 | Etotal =-93.553    grad(E)=0.276      E(VDW )=-6.738     E(ELEC)=-86.815    |
 -------------------------------------------------------------------------------
 NBONDS: generating intra-molecular exclusion list with mode= 5
 MAKINB: mode   5 found     10 exclusions and     20 interactions(1-4)
 NBONDS: found     4129 intra-atom interactions
 --------------- cycle=    78 --------------------------------------------------
 | Etotal =-102.063   grad(E)=0.268      E(VDW )=-15.180    E(ELEC)=-86.882    |
 -------------------------------------------------------------------------------
 NBONDS: generating intra-molecular exclusion list with mode= 5
 MAKINB: mode   5 found     10 exclusions and     20 interactions(1-4)
 NBONDS: found     1807 intra-atom interactions
 --------------- cycle=    79 --------------------------------------------------
 | Etotal =-68.041    grad(E)=0.199      E(VDW )=-3.575     E(ELEC)=-64.466    |
 -------------------------------------------------------------------------------
 NBONDS: generating intra-molecular exclusion list with mode= 5
 MAKINB: mode   5 found     10 exclusions and     20 interactions(1-4)
 NBONDS: found     2690 intra-atom interactions
 --------------- cycle=    80 --------------------------------------------------
 | Etotal =-73.243    grad(E)=0.147      E(VDW )=-6.900     E(ELEC)=-66.344    |
 -------------------------------------------------------------------------------
 NBONDS: generating intra-molecular exclusion list with mode= 5
 MAKINB: mode   5 found     10 exclusions and     20 interactions(1-4)
 NBONDS: found     1480 intra-atom interactions
 --------------- cycle=    81 --------------------------------------------------
 | Etotal =-71.528    grad(E)=0.184      E(VDW )=-4.473     E(ELEC)=-67.054    |
 -------------------------------------------------------------------------------
 NBONDS: generating intra-molecular exclusion list with mode= 5
 MAKINB: mode   5 found     10 exclusions and     20 interactions(1-4)
 NBONDS: found     5187 intra-atom interactions
 --------------- cycle=    82 --------------------------------------------------
 | Etotal =-99.894    grad(E)=0.186      E(VDW )=-21.139    E(ELEC)=-78.755    |
 -------------------------------------------------------------------------------
 NBONDS: generating intra-molecular exclusion list with mode= 5
 MAKINB: mode   5 found     10 exclusions and     23 interactions(1-4)
 NBONDS: found     4521 intra-atom interactions
 --------------- cycle=    83 --------------------------------------------------
 | Etotal =-107.332   grad(E)=0.270      E(VDW )=-18.102    E(ELEC)=-89.231    |
 -------------------------------------------------------------------------------
 HEAP: maximum use      =    22634760 current use      =       96000 bytes
 HEAP: maximum overhead =        2816 current overhead =         752 bytes
          ============================================================
           Maximum dynamic memory allocation:    22634760 bytes
           Maximum dynamic memory overhead:          2816 bytes
           Program started at: 18:55:18 on 10-Jun-2020
           Program stopped at: 18:55:44 on 10-Jun-2020
           CPU time used:      25.6562 seconds
          ============================================================
