          ============================================================
          |                                                          |
          |            Crystallography & NMR System (CNS)            |
          |                         CNSsolve                         |
          |                                                          |
          ============================================================
           Version: 1.3 at patch level U
           Status: Special UU release with Rg and paramagnetic
                   restraints (A. Bonvin, UU 2011)
          ============================================================
           Written by: A.T.Brunger, P.D.Adams, G.M.Clore, W.L.DeLano,
                       P.Gros, R.W.Grosse-Kunstleve,J.-S.Jiang,J.M.Krahn,
                       J.Kuszewski, M.Nilges, N.S.Pannu, R.J.Read,
                       L.M.Rice, G.F.Schroeder, T.Simonson, G.L.Warren.
           Copyright (c) 1997-2010 Yale University
          ============================================================
           Running on machine: hostname unknown (x86_64/Linux,64-bit)
           Program started by: joaor
           Program started at: 17:28:40 on 08-May-2020
          ============================================================

 FFT3C: Using FFTPACK4.1

 CNSsolve>! 
 CNSsolve>! Calculates pairwise energies between residues 
 CNSsolve>! Will only rebuild hydrogen atoms 
 CNSsolve>! 
 CNSsolve>! Adapted from HADDOCK protocols here and there. 
 CNSsolve>! JR & AMJJB @ 2020 
 CNSsolve>! 
 CNSsolve>define( 
 DEFINE>    {===>} auto_break=true; 
 DEFINE>    {===>} break_cutoff=2.5; 
 DEFINE>    {===>} dnaauto_break=true; 
 DEFINE>    {===>} dbreak_cutoff=4.5; 
 DEFINE>    {===>} auto_cispro=true; 
 DEFINE>    {===>} auto_disu=true; 
 DEFINE>    {===>} disulphide_dist=3.0; 
 DEFINE>    {===>} glyco_dist=2.75; 
 DEFINE>    {===>} coorin="molecule.pdb"; 
 DEFINE>    {===>} icutoff=5.0; 
 DEFINE>) 
 CNSsolve> 
 CNSsolve>! Mute (most) output 
 CNSsolve>set message=on echo=off end 
 ASSFIL: file merged.param opened.
 MESSage=NORM
 EVALUATE: symbol $OLD_MESSAGE set to "NORM" (string)
 ECHO=FALSe {OFF}
 EVALUATE: symbol $OLD_ECHO set to FALSE (logical)
 %PARRDR-info: duplication of bond HC   NC2 
 %PARRDR-info: duplication of angle CH2E C    NH1 
 %PARRDR-info: duplication of angle CH2P CH2E HA  
 ASSFIL: file merged.top opened.
 MESSage=NORM
 EVALUATE: symbol $OLD_MESSAGE set to "NORM" (string)
 ECHO=FALSe {OFF}
 EVALUATE: symbol $OLD_ECHO set to FALSE (logical)
 %RTFIO-warning: undefined masses in residue CYC 
 %RTFIO error encountered: there are undefined masses.
   (CNS is in mode: SET ABORT=NORMal END)
 MESSage=NORM
 EVALUATE: symbol $OLD_MESSAGE set to "NORM" (string)
 ECHO=FALSe {OFF}
 EVALUATE: symbol $OLD_ECHO set to FALSE (logical)
 ASSFIL: file protein_break.top opened.
 %RTFRDR-ERR: duplicate (P-)RESIdue name DPEP
 %RTFRDR-ERR: duplicate (P-)RESIdue name DPPP
 RTFRDR> 
 RTFRDR>end 
 CNSsolve> 
 CNSsolve>! Reset output muting 
 CNSsolve>set message=off echo=off end 
FOUND 5 NAG:ASN pairs
NAG:ASN bond added from   B    901  to   B    53  
NAG:ASN bond added from   B    903  to   B    90  
NAG:ASN bond added from   B    907  to   B    322 
NAG:ASN bond added from   B    910  to   B    546 
NAG:ASN bond added from   E    1401 to   E    343 
FOUND 5 NAG:NAG pairs
NAG:NAG B14 bond added from   B    902  to   B    901 
NAG:NAG B14 bond added from   B    904  to   B    903 
NAG:NAG B14 bond added from   B    911  to   B    910 
NAG:NAG B14 bond added from   E    1402 to   E    1401
NAG:NAG B14 bond added from   E    1403 to   E    1402
 %PARRDR-info: duplication of bond HC   NC2 
 %PARRDR-info: duplication of angle CH2E C    NH1 
 %PARRDR-info: duplication of angle CH2P CH2E HA  
 POWELL: number of degrees of freedom= 13767
 NBONDS: generating intra-molecular exclusion list with mode=-2
 MAKINB: mode  -2 found   4589 exclusions and      0 interactions(1-4)
 %atoms "B   -78  -LYS -HG2 " and "B   -78  -LYS -HE2 " only  0.10 A apart
 %atoms "B   -83  -TYR -CG  " and "B   -83  -TYR -HE2 " only  0.09 A apart
 %atoms "B   -107 -VAL -CA  " and "B   -107 -VAL -HG21" only  0.08 A apart
 %atoms "B   -351 -LEU -HD21" and "B   -351 -LEU -HD23" only  0.05 A apart
 %atoms "B   -417 -HIS -HA  " and "B   -417 -HIS -HE1 " only  0.05 A apart
 %atoms "B   -534 -LYS -HG1 " and "B   -534 -LYS -HE1 " only  0.09 A apart
 %atoms "E   -352 -ALA -HA  " and "E   -352 -ALA -C   " only  0.05 A apart
 %atoms "E   -390 -LEU -HA  " and "E   -390 -LEU -HD13" only  0.09 A apart
 %atoms "E   -510 -VAL -HG13" and "E   -510 -VAL -HG23" only  0.08 A apart
 NBONDS: found   690820 intra-atom interactions
 NBONDS: found        9 nonbonded violations
 NBONDS: found   689928 intra-atom interactions
 %atoms "B   -249 -MET -CA  " and "B   -249 -MET -HB2 " only  0.05 A apart
 NBONDS: found   685880 intra-atom interactions
 NBONDS: found        1 nonbonded violations
 NBONDS: found   681802 intra-atom interactions
 --------------- cycle=    10 ------ stepsize=   -0.0000 -----------------------
 | Etotal =0.33E+07   grad(E)=577.390    E(BOND)=490343.274 E(ANGL)=0.16E+07   |
 | E(VDW )=0.13E+07                                                            |
 -------------------------------------------------------------------------------
 NBONDS: found   682435 intra-atom interactions
 NBONDS: found   682502 intra-atom interactions
 NBONDS: found   682712 intra-atom interactions
 NBONDS: found   682537 intra-atom interactions
 --------------- cycle=    20 ------ stepsize=   -0.0000 -----------------------
 | Etotal =0.12E+07   grad(E)=302.345    E(BOND)=234100.149 E(ANGL)=493724.561 |
 | E(VDW )=511805.793                                                          |
 -------------------------------------------------------------------------------
 NBONDS: found   682393 intra-atom interactions
 NBONDS: found   682757 intra-atom interactions
 NBONDS: found   682661 intra-atom interactions
 --------------- cycle=    30 ------ stepsize=   -0.0001 -----------------------
 | Etotal =988872.318 grad(E)=245.657    E(BOND)=194728.624 E(ANGL)=364717.555 |
 | E(VDW )=429426.139                                                          |
 -------------------------------------------------------------------------------
 NBONDS: found   682652 intra-atom interactions
 NBONDS: found   682813 intra-atom interactions
 NBONDS: found   682751 intra-atom interactions
 --------------- cycle=    40 ------ stepsize=   -0.0000 -----------------------
 | Etotal =929693.001 grad(E)=231.960    E(BOND)=182595.662 E(ANGL)=332159.139 |
 | E(VDW )=414938.200                                                          |
 -------------------------------------------------------------------------------
 NBONDS: found   683028 intra-atom interactions
 --------------- cycle=    50 ------ stepsize=   -0.0001 -----------------------
 | Etotal =916150.726 grad(E)=230.056    E(BOND)=183205.322 E(ANGL)=325253.671 |
 | E(VDW )=407691.733                                                          |
 -------------------------------------------------------------------------------
 POWELL: STEP number limit. Normal termination
 POWELL: Current coordinates set to last minimum
 DCART: temperature coupling (TCOUpling) enabled
 -------------------------- Cartesian dynamics start ---------------------------
 | E(kin)+E(total)=0.35E+07        E(kin)=4213.420      temperature=308.025    |
 | Etotal =0.35E+07   grad(E)=597.693    E(BOND)=183205.322 E(ANGL)=325253.671 |
 | E(IMPR)=0.30E+07                                                            |
 -------------------------------------------------------------------------------
 ----------------- final step=       50 at      0.02500 ps ---------------------
 | E(kin)+E(total)=0.22E+07        E(kin)=454844.601    temperature=33251.720  |
 | Etotal =0.18E+07   grad(E)=324.627    E(BOND)=204394.931 E(ANGL)=811359.565 |
 | E(IMPR)=756107.390                                                          |
 -------------------------------------------------------------------------------
 CENMAS: Information about center of free masses
         position [A]          :     -0.61509     -0.09830     -0.34070
         velocity [A/ps]       :      0.46408     -0.08520     -0.27654
         ang. mom. [amu A/ps]  : 324346.360711106634.66438-463322.35378
         kin. ener. [Kcal/mol] :     32.80539
 POWELL: number of degrees of freedom= 13767
 NBONDS: found   680666 intra-atom interactions
 NBONDS: found   679568 intra-atom interactions
 NBONDS: found   679740 intra-atom interactions
 NBONDS: found   680677 intra-atom interactions
 --------------- cycle=    10 ------ stepsize=   -0.0001 -----------------------
 | Etotal =0.18E+07   grad(E)=272.412    E(BOND)=235766.600 E(ANGL)=454024.697 |
 | E(IMPR)=654125.017 E(VDW )=491741.145                                       |
 -------------------------------------------------------------------------------
 NBONDS: found   681299 intra-atom interactions
 NBONDS: found   681893 intra-atom interactions
 NBONDS: found   682041 intra-atom interactions
 NBONDS: found   682002 intra-atom interactions
 --------------- cycle=    20 ------ stepsize=   -0.0000 -----------------------
 | Etotal =0.12E+07   grad(E)=142.626    E(BOND)=177632.894 E(ANGL)=163012.632 |
 | E(IMPR)=507706.472 E(VDW )=352125.668                                       |
 -------------------------------------------------------------------------------
 NBONDS: found   682201 intra-atom interactions
 NBONDS: found   682118 intra-atom interactions
 --------------- cycle=    30 ------ stepsize=    0.0000 -----------------------
 | Etotal =0.11E+07   grad(E)=115.672    E(BOND)=166939.722 E(ANGL)=126739.566 |
 | E(IMPR)=488812.494 E(VDW )=328620.348                                       |
 -------------------------------------------------------------------------------
 NBONDS: found   682122 intra-atom interactions
 NBONDS: found   682326 intra-atom interactions
 --------------- cycle=    40 ------ stepsize=    0.0001 -----------------------
 | Etotal =0.11E+07   grad(E)=114.414    E(BOND)=165328.349 E(ANGL)=119095.417 |
 | E(IMPR)=485213.039 E(VDW )=320702.412                                       |
 -------------------------------------------------------------------------------
 NBONDS: found   682341 intra-atom interactions
 NBONDS: found   682056 intra-atom interactions
 NBONDS: found   682337 intra-atom interactions
 NBONDS: found   682337 intra-atom interactions
 NBONDS: found   682324 intra-atom interactions
 --------------- cycle=    50 ------ stepsize=   -0.0002 -----------------------
 | Etotal =0.11E+07   grad(E)=112.573    E(BOND)=167365.539 E(ANGL)=117127.620 |
 | E(IMPR)=477547.924 E(VDW )=316463.532                                       |
 -------------------------------------------------------------------------------
 POWELL: STEP number limit. Normal termination
 POWELL: Current coordinates set to last minimum
 DCART: temperature coupling (TCOUpling) enabled
 -------------------------- Cartesian dynamics start ---------------------------
 | E(kin)+E(total)=0.11E+07        E(kin)=4166.987      temperature=304.630    |
 | Etotal =0.11E+07   grad(E)=112.573    E(BOND)=167365.539 E(ANGL)=117127.620 |
 | E(IMPR)=477547.924 E(VDW )=316463.532                                       |
 -------------------------------------------------------------------------------
 NBONDS: found   682343 intra-atom interactions
 NBONDS: found   682330 intra-atom interactions
 ----------------- final step=       50 at      0.02500 ps ---------------------
 | E(kin)+E(total)=0.11E+07        E(kin)=7904.587      temperature=577.870    |
 | Etotal =0.11E+07   grad(E)=114.237    E(BOND)=167214.533 E(ANGL)=113872.873 |
 | E(IMPR)=472163.057 E(VDW )=315526.753                                       |
 -------------------------------------------------------------------------------
 CENMAS: Information about center of free masses
         position [A]          :     -0.61689     -0.10322     -0.33903
         velocity [A/ps]       :      0.01221     -0.09553     -0.04585
         ang. mom. [amu A/ps]  : -48790.52393-147926.25127 -16511.63778
         kin. ener. [Kcal/mol] :      1.24784
 %PARRDR-info: duplication of bond HC   NC2 
 %PARRDR-info: duplication of angle CH2E C    NH1 
 %PARRDR-info: duplication of angle CH2P CH2E HA  
 POWELL: number of degrees of freedom= 13767
 NBONDS: generating intra-molecular exclusion list with mode=-3
 MAKINB: mode  -3 found  15676 exclusions and      0 interactions(1-4)
 NBONDS: found   671226 intra-atom interactions
 NBONDS: found   672653 intra-atom interactions
 NBONDS: found   672513 intra-atom interactions
 NBONDS: found   672674 intra-atom interactions
 NBONDS: found   672899 intra-atom interactions
 NBONDS: found   673144 intra-atom interactions
 NBONDS: found   673091 intra-atom interactions
 --------------- cycle=    25 ------ stepsize=    0.0003 -----------------------
 | Etotal =226397.829 grad(E)=94.417     E(BOND)=13922.745  E(ANGL)=109255.020 |
 | E(IMPR)=101286.322 E(VDW )=1933.742                                         |
 -------------------------------------------------------------------------------
 NBONDS: found   673282 intra-atom interactions
 NBONDS: found   672876 intra-atom interactions
 NBONDS: found   672854 intra-atom interactions
 NBONDS: found   672947 intra-atom interactions
 NBONDS: found   672895 intra-atom interactions
 NBONDS: found   672817 intra-atom interactions
 NBONDS: found   672859 intra-atom interactions
 --------------- cycle=    50 ------ stepsize=    0.0001 -----------------------
 | Etotal =50752.910  grad(E)=35.971     E(BOND)=2659.610   E(ANGL)=24494.709  |
 | E(IMPR)=22778.580  E(VDW )=820.011                                          |
 -------------------------------------------------------------------------------
 NBONDS: found   672952 intra-atom interactions
 NBONDS: found   672928 intra-atom interactions
 NBONDS: found   672877 intra-atom interactions
 NBONDS: found   672970 intra-atom interactions
 NBONDS: found   672970 intra-atom interactions
 --------------- cycle=    75 ------ stepsize=    0.0005 -----------------------
 | Etotal =7330.788   grad(E)=18.716     E(BOND)=317.587    E(ANGL)=5604.510   |
 | E(IMPR)=754.573    E(VDW )=654.118                                          |
 -------------------------------------------------------------------------------
 NBONDS: found   672973 intra-atom interactions
 NBONDS: found   672946 intra-atom interactions
 --------------- cycle=   100 ------ stepsize=    0.0016 -----------------------
 | Etotal =1069.102   grad(E)=5.621      E(BOND)=17.312     E(ANGL)=433.988    |
 | E(IMPR)=35.260     E(VDW )=582.543                                          |
 -------------------------------------------------------------------------------
 POWELL: STEP number limit. Normal termination
 POWELL: Current coordinates set to last minimum
 DCART: temperature coupling (TCOUpling) enabled
 -------------------------- Cartesian dynamics start ---------------------------
 | E(kin)+E(total)=5103.338        E(kin)=4034.236      temperature=294.925    |
 | Etotal =1069.102   grad(E)=5.621      E(BOND)=17.312     E(ANGL)=433.988    |
 | E(IMPR)=35.260     E(VDW )=582.543                                          |
 -------------------------------------------------------------------------------
 NBONDS: found   672853 intra-atom interactions
 NBONDS: found   672853 intra-atom interactions
 NBONDS: found   672829 intra-atom interactions
 NBONDS: found   672818 intra-atom interactions
 ----------------- final step=      500 at      0.25000 ps ---------------------
 | E(kin)+E(total)=8546.842        E(kin)=4611.494      temperature=337.126    |
 | Etotal =3935.348   grad(E)=25.124     E(BOND)=682.805    E(ANGL)=2231.358   |
 | E(IMPR)=295.036    E(VDW )=726.149                                          |
 -------------------------------------------------------------------------------
 CENMAS: Information about center of free masses
         position [A]          :     -0.61730     -0.10404     -0.33712
         velocity [A/ps]       :      0.01706     -0.04067      0.02210
         ang. mom. [amu A/ps]  : -77265.30843 -44533.91344 -72637.26723
         kin. ener. [Kcal/mol] :      0.26694
 EFLAGS: the following energy flags are set
 EFLAGS: BOND ANGL DIHE IMPR VDW 
 %PARRDR-info: duplication of bond HC   NC2 
 %PARRDR-info: duplication of angle CH2E C    NH1 
 %PARRDR-info: duplication of angle CH2P CH2E HA  
 POWELL: number of degrees of freedom= 13767
 NBONDS: generating intra-molecular exclusion list with mode=-3
 MAKINB: mode  -3 found  15676 exclusions and      0 interactions(1-4)
 NBONDS: found   672834 intra-atom interactions
 NBONDS: found   672780 intra-atom interactions
 --------------- cycle=    50 ------ stepsize=    0.0010 -----------------------
 | Etotal =13446.420  grad(E)=13.448     E(BOND)=237.616    E(ANGL)=1165.212   |
 | E(DIHE)=188.490    E(IMPR)=93.363     E(VDW )=11761.738                     |
 -------------------------------------------------------------------------------
 NBONDS: found   672820 intra-atom interactions
 --------------- cycle=   100 ------ stepsize=    0.0010 -----------------------
 | Etotal =13110.576  grad(E)=13.304     E(BOND)=236.185    E(ANGL)=1148.249   |
 | E(DIHE)=159.814    E(IMPR)=88.875     E(VDW )=11477.453                     |
 -------------------------------------------------------------------------------
 NBONDS: found   672809 intra-atom interactions
 --------------- cycle=   150 ------ stepsize=    0.0009 -----------------------
 | Etotal =13061.258  grad(E)=13.300     E(BOND)=235.641    E(ANGL)=1145.501   |
 | E(DIHE)=150.407    E(IMPR)=90.353     E(VDW )=11439.355                     |
 -------------------------------------------------------------------------------
 --------------- cycle=   200 ------ stepsize=    0.0009 -----------------------
 | Etotal =13052.465  grad(E)=13.297     E(BOND)=235.208    E(ANGL)=1146.254   |
 | E(DIHE)=150.438    E(IMPR)=90.359     E(VDW )=11430.206                     |
 -------------------------------------------------------------------------------
 --------------- cycle=   250 ------ stepsize=    0.0009 -----------------------
 | Etotal =13052.065  grad(E)=13.297     E(BOND)=235.263    E(ANGL)=1146.173   |
 | E(DIHE)=150.827    E(IMPR)=90.371     E(VDW )=11429.431                     |
 -------------------------------------------------------------------------------
 --------------- cycle=   300 ------ stepsize=    0.0003 -----------------------
 | Etotal =13049.424  grad(E)=13.294     E(BOND)=234.998    E(ANGL)=1145.859   |
 | E(DIHE)=151.959    E(IMPR)=90.466     E(VDW )=11426.142                     |
 -------------------------------------------------------------------------------
 NBONDS: found   672783 intra-atom interactions
 --------------- cycle=   350 ------ stepsize=    0.0001 -----------------------
 | Etotal =13045.742  grad(E)=13.291     E(BOND)=234.932    E(ANGL)=1145.759   |
 | E(DIHE)=153.629    E(IMPR)=90.500     E(VDW )=11420.921                     |
 -------------------------------------------------------------------------------
 --------------- cycle=   400 ------ stepsize=    0.0005 -----------------------
 | Etotal =13045.659  grad(E)=13.292     E(BOND)=234.821    E(ANGL)=1146.077   |
 | E(DIHE)=153.679    E(IMPR)=90.515     E(VDW )=11420.566                     |
 -------------------------------------------------------------------------------
 --------------- cycle=   450 ------ stepsize=   -0.0000 -----------------------
 | Etotal =13045.641  grad(E)=13.292     E(BOND)=234.799    E(ANGL)=1146.079   |
 | E(DIHE)=153.524    E(IMPR)=90.510     E(VDW )=11420.729                     |
 -------------------------------------------------------------------------------
 --------------- cycle=   500 ------ stepsize=    0.0002 -----------------------
 | Etotal =13045.637  grad(E)=13.292     E(BOND)=234.811    E(ANGL)=1146.021   |
 | E(DIHE)=153.424    E(IMPR)=90.513     E(VDW )=11420.868                     |
 -------------------------------------------------------------------------------
 POWELL: STEP number limit. Normal termination
 POWELL: Current coordinates set to last minimum
 DCART: temperature coupling (TCOUpling) enabled
 -------------------------- Cartesian dynamics start ---------------------------
 | E(kin)+E(total)=17090.630       E(kin)=4044.993      temperature=295.712    |
 | Etotal =13045.637  grad(E)=13.292     E(BOND)=234.811    E(ANGL)=1146.021   |
 | E(DIHE)=153.424    E(IMPR)=90.513     E(VDW )=11420.868                     |
 -------------------------------------------------------------------------------
 NBONDS: found   672777 intra-atom interactions
 NBONDS: found   672796 intra-atom interactions
 NBONDS: found   672794 intra-atom interactions
 NBONDS: found   672868 intra-atom interactions
 NBONDS: found   672776 intra-atom interactions
 NBONDS: found   672691 intra-atom interactions
 NBONDS: found   672829 intra-atom interactions
 NBONDS: found   672824 intra-atom interactions
 ----------------- final step=      500 at      0.25000 ps ---------------------
 | E(kin)+E(total)=21303.272       E(kin)=4201.764      temperature=307.173    |
 | Etotal =17101.508  grad(E)=31.907     E(BOND)=1358.401   E(ANGL)=3393.365   |
 | E(DIHE)=177.655    E(IMPR)=423.777    E(VDW )=11748.311                     |
 -------------------------------------------------------------------------------
 CENMAS: Information about center of free masses
         position [A]          :     -0.61702     -0.10335     -0.33715
         velocity [A/ps]       :     -0.10309      0.33527     -0.15804
         ang. mom. [amu A/ps]  :   1088.16960  -5900.27944  15102.72997
         kin. ener. [Kcal/mol] :      0.81817
 POWELL: number of degrees of freedom= 13767
 --------------- cycle=    50 ------ stepsize=    0.0009 -----------------------
 | Etotal =13058.687  grad(E)=13.293     E(BOND)=234.923    E(ANGL)=1146.535   |
 | E(DIHE)=158.351    E(IMPR)=90.545     E(VDW )=11428.334                     |
 -------------------------------------------------------------------------------
 --------------- cycle=   100 ------ stepsize=    0.0009 -----------------------
 | Etotal =13051.977  grad(E)=13.294     E(BOND)=234.767    E(ANGL)=1146.550   |
 | E(DIHE)=157.500    E(IMPR)=90.559     E(VDW )=11422.601                     |
 -------------------------------------------------------------------------------
 --------------- cycle=   150 ------ stepsize=    0.0008 -----------------------
 | Etotal =13050.336  grad(E)=13.292     E(BOND)=234.285    E(ANGL)=1147.177   |
 | E(DIHE)=157.943    E(IMPR)=90.549     E(VDW )=11420.382                     |
 -------------------------------------------------------------------------------
 NBONDS: found   672785 intra-atom interactions
 --------------- cycle=   200 ------ stepsize=    0.0009 -----------------------
 | Etotal =13045.295  grad(E)=13.292     E(BOND)=234.321    E(ANGL)=1146.761   |
 | E(DIHE)=155.660    E(IMPR)=90.509     E(VDW )=11418.044                     |
 -------------------------------------------------------------------------------
 --------------- cycle=   250 ------ stepsize=    0.0011 -----------------------
 | Etotal =13044.392  grad(E)=13.291     E(BOND)=234.521    E(ANGL)=1146.375   |
 | E(DIHE)=155.932    E(IMPR)=90.521     E(VDW )=11417.043                     |
 -------------------------------------------------------------------------------
 --------------- cycle=   300 ------ stepsize=    0.0009 -----------------------
 | Etotal =13044.310  grad(E)=13.290     E(BOND)=234.525    E(ANGL)=1146.385   |
 | E(DIHE)=155.934    E(IMPR)=90.513     E(VDW )=11416.953                     |
 -------------------------------------------------------------------------------
 --------------- cycle=   350 ------ stepsize=    0.0010 -----------------------
 | Etotal =13044.296  grad(E)=13.290     E(BOND)=234.569    E(ANGL)=1146.298   |
 | E(DIHE)=155.836    E(IMPR)=90.511     E(VDW )=11417.081                     |
 -------------------------------------------------------------------------------
 --------------- cycle=   400 ------ stepsize=    0.0009 -----------------------
 | Etotal =13044.295  grad(E)=13.290     E(BOND)=234.577    E(ANGL)=1146.282   |
 | E(DIHE)=155.832    E(IMPR)=90.517     E(VDW )=11417.087                     |
 -------------------------------------------------------------------------------
 --------------- cycle=   450 ------ stepsize=    0.0010 -----------------------
 | Etotal =13044.295  grad(E)=13.290     E(BOND)=234.579    E(ANGL)=1146.278   |
 | E(DIHE)=155.832    E(IMPR)=90.517     E(VDW )=11417.089                     |
 -------------------------------------------------------------------------------
 POWELL: Gradient converged. Normal termination
 POWELL: Current coordinates set to last minimum
 POWELL: number of degrees of freedom= 18252
 NBONDS: found   672700 intra-atom interactions
 NBONDS: found   672785 intra-atom interactions
 --------------- cycle=     5 ------ stepsize=    0.0006 -----------------------
 | Etotal =12872.055  grad(E)=13.236     E(BOND)=229.856    E(ANGL)=1144.409   |
 | E(DIHE)=155.834    E(IMPR)=88.840     E(VDW )=11253.116                     |
 -------------------------------------------------------------------------------
 --------------- cycle=    10 ------ stepsize=    0.0009 -----------------------
 | Etotal =12868.629  grad(E)=13.218     E(BOND)=230.330    E(ANGL)=1142.364   |
 | E(DIHE)=155.815    E(IMPR)=88.243     E(VDW )=11251.877                     |
 -------------------------------------------------------------------------------
 --------------- cycle=    15 ------ stepsize=    0.0009 -----------------------
 | Etotal =12867.328  grad(E)=13.220     E(BOND)=230.421    E(ANGL)=1142.326   |
 | E(DIHE)=155.852    E(IMPR)=88.603     E(VDW )=11250.126                     |
 -------------------------------------------------------------------------------
 --------------- cycle=    20 ------ stepsize=    0.0008 -----------------------
 | Etotal =12866.417  grad(E)=13.217     E(BOND)=230.361    E(ANGL)=1142.395   |
 | E(DIHE)=155.893    E(IMPR)=88.216     E(VDW )=11249.552                     |
 -------------------------------------------------------------------------------
 --------------- cycle=    25 ------ stepsize=    0.0007 -----------------------
 | Etotal =12866.112  grad(E)=13.221     E(BOND)=230.303    E(ANGL)=1142.837   |
 | E(DIHE)=155.954    E(IMPR)=88.439     E(VDW )=11248.579                     |
 -------------------------------------------------------------------------------
 --------------- cycle=    30 ------ stepsize=    0.0008 -----------------------
 | Etotal =12865.979  grad(E)=13.217     E(BOND)=230.361    E(ANGL)=1142.215   |
 | E(DIHE)=155.970    E(IMPR)=88.308     E(VDW )=11249.126                     |
 -------------------------------------------------------------------------------
 --------------- cycle=    35 ------ stepsize=    0.0010 -----------------------
 | Etotal =12865.937  grad(E)=13.218     E(BOND)=230.368    E(ANGL)=1142.216   |
 | E(DIHE)=155.952    E(IMPR)=88.318     E(VDW )=11249.082                     |
 -------------------------------------------------------------------------------
 --------------- cycle=    40 ------ stepsize=    0.0010 -----------------------
 | Etotal =12865.871  grad(E)=13.219     E(BOND)=230.346    E(ANGL)=1142.450   |
 | E(DIHE)=155.914    E(IMPR)=88.283     E(VDW )=11248.878                     |
 -------------------------------------------------------------------------------
 --------------- cycle=    45 ------ stepsize=    0.0004 -----------------------
 | Etotal =12865.832  grad(E)=13.218     E(BOND)=230.349    E(ANGL)=1142.343   |
 | E(DIHE)=155.898    E(IMPR)=88.287     E(VDW )=11248.956                     |
 -------------------------------------------------------------------------------
 --------------- cycle=    50 ------ stepsize=    0.0008 -----------------------
 | Etotal =12865.792  grad(E)=13.218     E(BOND)=230.341    E(ANGL)=1142.269   |
 | E(DIHE)=155.893    E(IMPR)=88.315     E(VDW )=11248.975                     |
 -------------------------------------------------------------------------------
 POWELL: STEP number limit. Normal termination
 POWELL: Current coordinates set to last minimum
 %PARRDR-info: duplication of bond HC   NC2 
 %PARRDR-info: duplication of angle CH2E C    NH1 
 %PARRDR-info: duplication of angle CH2P CH2E HA  
 POWELL: number of degrees of freedom= 18252
 NBONDS: generating intra-molecular exclusion list with mode= 5
 MAKINB: mode   5 found  17683 exclusions and  17824 interactions(1-4)
 NBONDS: found   889903 intra-atom interactions
 NBONDS: found   889935 intra-atom interactions
 --------------- cycle=    50 ------ stepsize=   -0.0001 -----------------------
 | Etotal =-1.710     grad(E)=5.490      E(BOND)=16.754     E(ANGL)=420.023    |
 | E(DIHE)=51.370     E(IMPR)=33.345     E(VDW )=-524.208   E(ELEC)=1.007      |
 -------------------------------------------------------------------------------
 POWELL: STEP number limit. Normal termination
 POWELL: Current coordinates set to last minimum
 --------------- cycle=     1 --------------------------------------------------
 | Etotal =-1.722     grad(E)=5.490      E(BOND)=16.748     E(ANGL)=420.085    |
 | E(DIHE)=51.178     E(IMPR)=33.357     E(VDW )=-524.096   E(ELEC)=1.006      |
 -------------------------------------------------------------------------------
 SURFAC: half the sigma value being used for atomic radii.
 SURFAC: ACCEssible surface area
 SURFAC: ACCUracy= 0.07 RH2O=  1.40
         Z-grid=  0.32 number-of-Z-sections=  213
         measures-of-arc= 93755 and150969
 SURFAC: half the sigma value being used for atomic radii.
 SURFAC: ACCEssible surface area
 SURFAC: ACCUracy= 0.07 RH2O=  1.40
         Z-grid=  0.32 number-of-Z-sections=  137
         measures-of-arc= 25947 and 46046
 SURFAC: half the sigma value being used for atomic radii.
 SURFAC: ACCEssible surface area
 SURFAC: ACCUracy= 0.07 RH2O=  1.40
         Z-grid=  0.32 number-of-Z-sections=  213
         measures-of-arc=121260 and197576
 %PARRDR-info: duplication of bond HC   NC2 
 %PARRDR-info: duplication of angle CH2E C    NH1 
 %PARRDR-info: duplication of angle CH2P CH2E HA  
 NBONDS: generating intra-molecular exclusion list with mode= 5
 MAKINB: mode   5 found      0 exclusions and      0 interactions(1-4)
 NBONDS: found     1320 intra-atom interactions
 --------------- cycle=     2 --------------------------------------------------
 | Etotal =-1.449     grad(E)=0.036      E(VDW )=-2.292     E(ELEC)=0.844      |
 -------------------------------------------------------------------------------
 NBONDS: generating intra-molecular exclusion list with mode= 5
 MAKINB: mode   5 found      0 exclusions and      0 interactions(1-4)
 NBONDS: found     1501 intra-atom interactions
 --------------- cycle=     3 --------------------------------------------------
 | Etotal =-12.177    grad(E)=0.092      E(VDW )=-3.968     E(ELEC)=-8.209     |
 -------------------------------------------------------------------------------
 NBONDS: generating intra-molecular exclusion list with mode= 5
 MAKINB: mode   5 found      0 exclusions and      0 interactions(1-4)
 NBONDS: found     1174 intra-atom interactions
 --------------- cycle=     4 --------------------------------------------------
 | Etotal =-4.101     grad(E)=0.032      E(VDW )=-3.281     E(ELEC)=-0.820     |
 -------------------------------------------------------------------------------
 NBONDS: generating intra-molecular exclusion list with mode= 5
 MAKINB: mode   5 found      0 exclusions and      0 interactions(1-4)
 NBONDS: found     1367 intra-atom interactions
 --------------- cycle=     5 --------------------------------------------------
 | Etotal =-77.330    grad(E)=0.323      E(VDW )=-2.069     E(ELEC)=-75.261    |
 -------------------------------------------------------------------------------
 NBONDS: generating intra-molecular exclusion list with mode= 5
 MAKINB: mode   5 found      0 exclusions and      0 interactions(1-4)
 NBONDS: found     3090 intra-atom interactions
 --------------- cycle=     6 --------------------------------------------------
 | Etotal =-58.932    grad(E)=0.291      E(VDW )=-6.458     E(ELEC)=-52.474    |
 -------------------------------------------------------------------------------
 NBONDS: generating intra-molecular exclusion list with mode= 5
 MAKINB: mode   5 found      0 exclusions and      0 interactions(1-4)
 NBONDS: found     2026 intra-atom interactions
 --------------- cycle=     7 --------------------------------------------------
 | Etotal =-17.679    grad(E)=0.253      E(VDW )=-3.805     E(ELEC)=-13.874    |
 -------------------------------------------------------------------------------
 NBONDS: generating intra-molecular exclusion list with mode= 5
 MAKINB: mode   5 found      0 exclusions and      0 interactions(1-4)
 NBONDS: found      809 intra-atom interactions
 --------------- cycle=     8 --------------------------------------------------
 | Etotal =-23.268    grad(E)=0.329      E(VDW )=-0.300     E(ELEC)=-22.968    |
 -------------------------------------------------------------------------------
 NBONDS: generating intra-molecular exclusion list with mode= 5
 MAKINB: mode   5 found      0 exclusions and      0 interactions(1-4)
 NBONDS: found      467 intra-atom interactions
 --------------- cycle=     9 --------------------------------------------------
 | Etotal =-13.353    grad(E)=0.131      E(VDW )=-0.490     E(ELEC)=-12.863    |
 -------------------------------------------------------------------------------
 NBONDS: generating intra-molecular exclusion list with mode= 5
 MAKINB: mode   5 found      0 exclusions and      0 interactions(1-4)
 NBONDS: found     1301 intra-atom interactions
 --------------- cycle=    10 --------------------------------------------------
 | Etotal =-0.970     grad(E)=0.218      E(VDW )=-5.349     E(ELEC)=4.380      |
 -------------------------------------------------------------------------------
 NBONDS: generating intra-molecular exclusion list with mode= 5
 MAKINB: mode   5 found      0 exclusions and      0 interactions(1-4)
 NBONDS: found     1432 intra-atom interactions
 --------------- cycle=    11 --------------------------------------------------
 | Etotal =-10.854    grad(E)=0.149      E(VDW )=-3.564     E(ELEC)=-7.289     |
 -------------------------------------------------------------------------------
 NBONDS: generating intra-molecular exclusion list with mode= 5
 MAKINB: mode   5 found      0 exclusions and      0 interactions(1-4)
 NBONDS: found      367 intra-atom interactions
 --------------- cycle=    12 --------------------------------------------------
 | Etotal =-2.306     grad(E)=0.031      E(VDW )=-0.609     E(ELEC)=-1.697     |
 -------------------------------------------------------------------------------
 NBONDS: generating intra-molecular exclusion list with mode= 5
 MAKINB: mode   5 found      0 exclusions and      0 interactions(1-4)
 NBONDS: found      579 intra-atom interactions
 --------------- cycle=    13 --------------------------------------------------
 | Etotal =-0.256     grad(E)=0.009      E(VDW )=-0.538     E(ELEC)=0.283      |
 -------------------------------------------------------------------------------
 NBONDS: generating intra-molecular exclusion list with mode= 5
 MAKINB: mode   5 found      0 exclusions and      0 interactions(1-4)
 NBONDS: found      562 intra-atom interactions
 --------------- cycle=    14 --------------------------------------------------
 | Etotal =-2.520     grad(E)=0.007      E(VDW )=-2.350     E(ELEC)=-0.170     |
 -------------------------------------------------------------------------------
 NBONDS: generating intra-molecular exclusion list with mode= 5
 MAKINB: mode   5 found      0 exclusions and      0 interactions(1-4)
 NBONDS: found      363 intra-atom interactions
 --------------- cycle=    15 --------------------------------------------------
 | Etotal =-1.386     grad(E)=0.025      E(VDW )=-1.298     E(ELEC)=-0.089     |
 -------------------------------------------------------------------------------
 NBONDS: generating intra-molecular exclusion list with mode= 5
 MAKINB: mode   5 found      0 exclusions and      0 interactions(1-4)
 NBONDS: found      647 intra-atom interactions
 --------------- cycle=    16 --------------------------------------------------
 | Etotal =-3.979     grad(E)=0.029      E(VDW )=-2.407     E(ELEC)=-1.572     |
 -------------------------------------------------------------------------------
 NBONDS: generating intra-molecular exclusion list with mode= 5
 MAKINB: mode   5 found      0 exclusions and      0 interactions(1-4)
 NBONDS: found      264 intra-atom interactions
 --------------- cycle=    17 --------------------------------------------------
 | Etotal =0.049      grad(E)=0.016      E(VDW )=-0.831     E(ELEC)=0.880      |
 -------------------------------------------------------------------------------
 NBONDS: generating intra-molecular exclusion list with mode= 5
 MAKINB: mode   5 found      0 exclusions and      0 interactions(1-4)
 NBONDS: found     3417 intra-atom interactions
 --------------- cycle=    18 --------------------------------------------------
 | Etotal =-40.916    grad(E)=0.324      E(VDW )=-10.004    E(ELEC)=-30.912    |
 -------------------------------------------------------------------------------
 NBONDS: generating intra-molecular exclusion list with mode= 5
 MAKINB: mode   5 found      0 exclusions and      0 interactions(1-4)
 NBONDS: found      625 intra-atom interactions
 --------------- cycle=    19 --------------------------------------------------
 | Etotal =-4.052     grad(E)=0.051      E(VDW )=-3.461     E(ELEC)=-0.591     |
 -------------------------------------------------------------------------------
 NBONDS: generating intra-molecular exclusion list with mode= 5
 MAKINB: mode   5 found      0 exclusions and      0 interactions(1-4)
 NBONDS: found      770 intra-atom interactions
 --------------- cycle=    20 --------------------------------------------------
 | Etotal =-2.920     grad(E)=0.152      E(VDW )=-3.274     E(ELEC)=0.354      |
 -------------------------------------------------------------------------------
 NBONDS: generating intra-molecular exclusion list with mode= 5
 MAKINB: mode   5 found      0 exclusions and      0 interactions(1-4)
 NBONDS: found      421 intra-atom interactions
 --------------- cycle=    21 --------------------------------------------------
 | Etotal =-2.207     grad(E)=0.070      E(VDW )=-0.947     E(ELEC)=-1.260     |
 -------------------------------------------------------------------------------
 NBONDS: generating intra-molecular exclusion list with mode= 5
 MAKINB: mode   5 found      0 exclusions and      0 interactions(1-4)
 NBONDS: found      142 intra-atom interactions
 --------------- cycle=    22 --------------------------------------------------
 | Etotal =-0.255     grad(E)=0.016      E(VDW )=-0.294     E(ELEC)=0.038      |
 -------------------------------------------------------------------------------
 NBONDS: generating intra-molecular exclusion list with mode= 5
 MAKINB: mode   5 found      0 exclusions and      0 interactions(1-4)
 NBONDS: found      890 intra-atom interactions
 --------------- cycle=    23 --------------------------------------------------
 | Etotal =2.394      grad(E)=0.116      E(VDW )=-0.866     E(ELEC)=3.259      |
 -------------------------------------------------------------------------------
 NBONDS: generating intra-molecular exclusion list with mode= 5
 MAKINB: mode   5 found      0 exclusions and      0 interactions(1-4)
 NBONDS: found      798 intra-atom interactions
 --------------- cycle=    24 --------------------------------------------------
 | Etotal =-71.074    grad(E)=0.326      E(VDW )=1.511      E(ELEC)=-72.585    |
 -------------------------------------------------------------------------------
 NBONDS: generating intra-molecular exclusion list with mode= 5
 MAKINB: mode   5 found      0 exclusions and      0 interactions(1-4)
 NBONDS: found      952 intra-atom interactions
 --------------- cycle=    25 --------------------------------------------------
 | Etotal =-2.261     grad(E)=0.046      E(VDW )=-2.796     E(ELEC)=0.535      |
 -------------------------------------------------------------------------------
 NBONDS: generating intra-molecular exclusion list with mode= 5
 MAKINB: mode   5 found      0 exclusions and      0 interactions(1-4)
 NBONDS: found      764 intra-atom interactions
 --------------- cycle=    26 --------------------------------------------------
 | Etotal =-20.129    grad(E)=0.206      E(VDW )=1.204      E(ELEC)=-21.333    |
 -------------------------------------------------------------------------------
 NBONDS: generating intra-molecular exclusion list with mode= 5
 MAKINB: mode   5 found      0 exclusions and      0 interactions(1-4)
 NBONDS: found     1571 intra-atom interactions
 --------------- cycle=    27 --------------------------------------------------
 | Etotal =-2.682     grad(E)=0.031      E(VDW )=-5.819     E(ELEC)=3.138      |
 -------------------------------------------------------------------------------
 NBONDS: generating intra-molecular exclusion list with mode= 5
 MAKINB: mode   5 found      0 exclusions and      0 interactions(1-4)
 NBONDS: found     1602 intra-atom interactions
 --------------- cycle=    28 --------------------------------------------------
 | Etotal =-5.106     grad(E)=0.042      E(VDW )=-5.520     E(ELEC)=0.414      |
 -------------------------------------------------------------------------------
 NBONDS: generating intra-molecular exclusion list with mode= 5
 MAKINB: mode   5 found      0 exclusions and      0 interactions(1-4)
 NBONDS: found      778 intra-atom interactions
 --------------- cycle=    29 --------------------------------------------------
 | Etotal =-1.541     grad(E)=0.047      E(VDW )=-0.666     E(ELEC)=-0.875     |
 -------------------------------------------------------------------------------
 NBONDS: generating intra-molecular exclusion list with mode= 5
 MAKINB: mode   5 found      0 exclusions and      0 interactions(1-4)
 NBONDS: found      600 intra-atom interactions
 --------------- cycle=    30 --------------------------------------------------
 | Etotal =-2.073     grad(E)=0.018      E(VDW )=-1.248     E(ELEC)=-0.825     |
 -------------------------------------------------------------------------------
 NBONDS: generating intra-molecular exclusion list with mode= 5
 MAKINB: mode   5 found      0 exclusions and      0 interactions(1-4)
 NBONDS: found      413 intra-atom interactions
 --------------- cycle=    31 --------------------------------------------------
 | Etotal =-2.205     grad(E)=0.032      E(VDW )=-0.423     E(ELEC)=-1.782     |
 -------------------------------------------------------------------------------
 NBONDS: generating intra-molecular exclusion list with mode= 5
 MAKINB: mode   5 found      0 exclusions and      0 interactions(1-4)
 NBONDS: found     1890 intra-atom interactions
 --------------- cycle=    32 --------------------------------------------------
 | Etotal =-7.420     grad(E)=0.028      E(VDW )=-6.535     E(ELEC)=-0.885     |
 -------------------------------------------------------------------------------
 NBONDS: generating intra-molecular exclusion list with mode= 5
 MAKINB: mode   5 found      0 exclusions and      0 interactions(1-4)
 NBONDS: found      963 intra-atom interactions
 --------------- cycle=    33 --------------------------------------------------
 | Etotal =-2.807     grad(E)=0.032      E(VDW )=-1.187     E(ELEC)=-1.620     |
 -------------------------------------------------------------------------------
 NBONDS: generating intra-molecular exclusion list with mode= 5
 MAKINB: mode   5 found      0 exclusions and      0 interactions(1-4)
 NBONDS: found     1749 intra-atom interactions
 --------------- cycle=    34 --------------------------------------------------
 | Etotal =-0.208     grad(E)=0.106      E(VDW )=-6.498     E(ELEC)=6.290      |
 -------------------------------------------------------------------------------
 NBONDS: generating intra-molecular exclusion list with mode= 5
 MAKINB: mode   5 found      0 exclusions and      0 interactions(1-4)
 NBONDS: found      358 intra-atom interactions
 --------------- cycle=    35 --------------------------------------------------
 | Etotal =-20.436    grad(E)=0.171      E(VDW )=-0.221     E(ELEC)=-20.215    |
 -------------------------------------------------------------------------------
 NBONDS: generating intra-molecular exclusion list with mode= 5
 MAKINB: mode   5 found      0 exclusions and      0 interactions(1-4)
 NBONDS: found      397 intra-atom interactions
 --------------- cycle=    36 --------------------------------------------------
 | Etotal =-3.231     grad(E)=0.071      E(VDW )=-0.430     E(ELEC)=-2.801     |
 -------------------------------------------------------------------------------
 NBONDS: generating intra-molecular exclusion list with mode= 5
 MAKINB: mode   5 found      0 exclusions and      0 interactions(1-4)
 NBONDS: found     1589 intra-atom interactions
 --------------- cycle=    37 --------------------------------------------------
 | Etotal =-57.090    grad(E)=0.392      E(VDW )=-2.603     E(ELEC)=-54.487    |
 -------------------------------------------------------------------------------
 NBONDS: generating intra-molecular exclusion list with mode= 5
 MAKINB: mode   5 found      0 exclusions and      0 interactions(1-4)
 NBONDS: found      596 intra-atom interactions
 --------------- cycle=    38 --------------------------------------------------
 | Etotal =-6.150     grad(E)=0.100      E(VDW )=-1.281     E(ELEC)=-4.870     |
 -------------------------------------------------------------------------------
 NBONDS: generating intra-molecular exclusion list with mode= 5
 MAKINB: mode   5 found      0 exclusions and      0 interactions(1-4)
 NBONDS: found      495 intra-atom interactions
 --------------- cycle=    39 --------------------------------------------------
 | Etotal =-13.029    grad(E)=0.107      E(VDW )=-0.602     E(ELEC)=-12.427    |
 -------------------------------------------------------------------------------
 NBONDS: generating intra-molecular exclusion list with mode= 5
 MAKINB: mode   5 found      0 exclusions and      0 interactions(1-4)
 NBONDS: found      436 intra-atom interactions
 --------------- cycle=    40 --------------------------------------------------
 | Etotal =-15.577    grad(E)=0.115      E(VDW )=-2.567     E(ELEC)=-13.009    |
 -------------------------------------------------------------------------------
 NBONDS: generating intra-molecular exclusion list with mode= 5
 MAKINB: mode   5 found      0 exclusions and      0 interactions(1-4)
 NBONDS: found      482 intra-atom interactions
 --------------- cycle=    41 --------------------------------------------------
 | Etotal =-2.046     grad(E)=0.033      E(VDW )=-0.474     E(ELEC)=-1.572     |
 -------------------------------------------------------------------------------
 NBONDS: generating intra-molecular exclusion list with mode= 5
 MAKINB: mode   5 found      0 exclusions and      0 interactions(1-4)
 NBONDS: found     1534 intra-atom interactions
 --------------- cycle=    42 --------------------------------------------------
 | Etotal =-5.345     grad(E)=0.059      E(VDW )=-3.752     E(ELEC)=-1.592     |
 -------------------------------------------------------------------------------
 NBONDS: generating intra-molecular exclusion list with mode= 5
 MAKINB: mode   5 found      0 exclusions and      0 interactions(1-4)
 NBONDS: found     1757 intra-atom interactions
 --------------- cycle=    43 --------------------------------------------------
 | Etotal =-17.926    grad(E)=0.206      E(VDW )=-4.564     E(ELEC)=-13.362    |
 -------------------------------------------------------------------------------
 NBONDS: generating intra-molecular exclusion list with mode= 5
 MAKINB: mode   5 found      0 exclusions and      0 interactions(1-4)
 NBONDS: found     1093 intra-atom interactions
 --------------- cycle=    44 --------------------------------------------------
 | Etotal =0.252      grad(E)=0.117      E(VDW )=-5.266     E(ELEC)=5.518      |
 -------------------------------------------------------------------------------
 NBONDS: generating intra-molecular exclusion list with mode= 5
 MAKINB: mode   5 found      0 exclusions and      0 interactions(1-4)
 NBONDS: found      665 intra-atom interactions
 --------------- cycle=    45 --------------------------------------------------
 | Etotal =-8.486     grad(E)=0.102      E(VDW )=-1.245     E(ELEC)=-7.241     |
 -------------------------------------------------------------------------------
 NBONDS: generating intra-molecular exclusion list with mode= 5
 MAKINB: mode   5 found      0 exclusions and      0 interactions(1-4)
 NBONDS: found     1834 intra-atom interactions
 --------------- cycle=    46 --------------------------------------------------
 | Etotal =-6.672     grad(E)=0.071      E(VDW )=-6.792     E(ELEC)=0.120      |
 -------------------------------------------------------------------------------
 HEAP: maximum use      =    22446112 current use      =       96000 bytes
 HEAP: maximum overhead =        2800 current overhead =         752 bytes
          ============================================================
           Maximum dynamic memory allocation:    22446112 bytes
           Maximum dynamic memory overhead:          2800 bytes
           Program started at: 17:28:40 on 08-May-2020
           Program stopped at: 17:29:04 on 08-May-2020
           CPU time used:      23.8125 seconds
          ============================================================
