          ============================================================
          |                                                          |
          |            Crystallography & NMR System (CNS)            |
          |                         CNSsolve                         |
          |                                                          |
          ============================================================
           Version: 1.3 at patch level U
           Status: Special UU release with Rg and paramagnetic
                   restraints (A. Bonvin, UU 2011)
          ============================================================
           Written by: A.T.Brunger, P.D.Adams, G.M.Clore, W.L.DeLano,
                       P.Gros, R.W.Grosse-Kunstleve,J.-S.Jiang,J.M.Krahn,
                       J.Kuszewski, M.Nilges, N.S.Pannu, R.J.Read,
                       L.M.Rice, G.F.Schroeder, T.Simonson, G.L.Warren.
           Copyright (c) 1997-2010 Yale University
          ============================================================
           Running on machine: hostname unknown (x86_64/Linux,64-bit)
           Program started by: joaor
           Program started at: 17:31:26 on 08-May-2020
          ============================================================

 FFT3C: Using FFTPACK4.1

 CNSsolve>! 
 CNSsolve>! Calculates pairwise energies between residues 
 CNSsolve>! Will only rebuild hydrogen atoms 
 CNSsolve>! 
 CNSsolve>! Adapted from HADDOCK protocols here and there. 
 CNSsolve>! JR & AMJJB @ 2020 
 CNSsolve>! 
 CNSsolve>define( 
 DEFINE>    {===>} auto_break=true; 
 DEFINE>    {===>} break_cutoff=2.5; 
 DEFINE>    {===>} dnaauto_break=true; 
 DEFINE>    {===>} dbreak_cutoff=4.5; 
 DEFINE>    {===>} auto_cispro=true; 
 DEFINE>    {===>} auto_disu=true; 
 DEFINE>    {===>} disulphide_dist=3.0; 
 DEFINE>    {===>} glyco_dist=2.75; 
 DEFINE>    {===>} coorin="molecule.pdb"; 
 DEFINE>    {===>} icutoff=5.0; 
 DEFINE>) 
 CNSsolve> 
 CNSsolve>! Mute (most) output 
 CNSsolve>set message=on echo=off end 
 ASSFIL: file merged.param opened.
 MESSage=NORM
 EVALUATE: symbol $OLD_MESSAGE set to "NORM" (string)
 ECHO=FALSe {OFF}
 EVALUATE: symbol $OLD_ECHO set to FALSE (logical)
 %PARRDR-info: duplication of bond HC   NC2 
 %PARRDR-info: duplication of angle CH2E C    NH1 
 %PARRDR-info: duplication of angle CH2P CH2E HA  
 ASSFIL: file merged.top opened.
 MESSage=NORM
 EVALUATE: symbol $OLD_MESSAGE set to "NORM" (string)
 ECHO=FALSe {OFF}
 EVALUATE: symbol $OLD_ECHO set to FALSE (logical)
 %RTFIO-warning: undefined masses in residue CYC 
 %RTFIO error encountered: there are undefined masses.
   (CNS is in mode: SET ABORT=NORMal END)
 MESSage=NORM
 EVALUATE: symbol $OLD_MESSAGE set to "NORM" (string)
 ECHO=FALSe {OFF}
 EVALUATE: symbol $OLD_ECHO set to FALSE (logical)
 ASSFIL: file protein_break.top opened.
 %RTFRDR-ERR: duplicate (P-)RESIdue name DPEP
 %RTFRDR-ERR: duplicate (P-)RESIdue name DPPP
 RTFRDR> 
 RTFRDR>end 
 CNSsolve> 
 CNSsolve>! Reset output muting 
 CNSsolve>set message=off echo=off end 
FOUND 5 NAG:ASN pairs
NAG:ASN bond added from   B    901  to   B    53  
NAG:ASN bond added from   B    903  to   B    90  
NAG:ASN bond added from   B    907  to   B    322 
NAG:ASN bond added from   B    910  to   B    546 
NAG:ASN bond added from   E    1401 to   E    343 
FOUND 5 NAG:NAG pairs
NAG:NAG B14 bond added from   B    902  to   B    901 
NAG:NAG B14 bond added from   B    904  to   B    903 
NAG:NAG B14 bond added from   B    911  to   B    910 
NAG:NAG B14 bond added from   E    1402 to   E    1401
NAG:NAG B14 bond added from   E    1403 to   E    1402
 %PARRDR-info: duplication of bond HC   NC2 
 %PARRDR-info: duplication of angle CH2E C    NH1 
 %PARRDR-info: duplication of angle CH2P CH2E HA  
 POWELL: number of degrees of freedom= 13767
 NBONDS: generating intra-molecular exclusion list with mode=-2
 MAKINB: mode  -2 found   4589 exclusions and      0 interactions(1-4)
 %atoms "B   -78  -LYS -HG2 " and "B   -78  -LYS -HE2 " only  0.10 A apart
 %atoms "B   -351 -LEU -HD21" and "B   -351 -LEU -HD23" only  0.05 A apart
 %atoms "B   -417 -HIS -HA  " and "B   -417 -HIS -HE1 " only  0.05 A apart
 %atoms "B   -534 -LYS -HG1 " and "B   -534 -LYS -HE1 " only  0.09 A apart
 %atoms "E   -390 -LEU -HA  " and "E   -390 -LEU -HD13" only  0.09 A apart
 %atoms "E   -510 -VAL -HG13" and "E   -510 -VAL -HG23" only  0.08 A apart
 NBONDS: found   690649 intra-atom interactions
 NBONDS: found        6 nonbonded violations
 %atoms "B   -558 -LEU -HB2 " and "B   -558 -LEU -HD13" only  0.09 A apart
 %atoms "E   -337 -PRO -N   " and "E   -337 -PRO -HD2 " only  0.10 A apart
 NBONDS: found   690013 intra-atom interactions
 NBONDS: found        2 nonbonded violations
 NBONDS: found   686350 intra-atom interactions
 %atoms "B   -249 -MET -CA  " and "B   -249 -MET -HB2 " only  0.09 A apart
 NBONDS: found   683751 intra-atom interactions
 NBONDS: found        1 nonbonded violations
 NBONDS: found   682095 intra-atom interactions
 --------------- cycle=    10 ------ stepsize=   -0.0000 -----------------------
 | Etotal =0.33E+07   grad(E)=579.760    E(BOND)=484746.941 E(ANGL)=0.16E+07   |
 | E(VDW )=0.13E+07                                                            |
 -------------------------------------------------------------------------------
 NBONDS: found   682961 intra-atom interactions
 NBONDS: found   683224 intra-atom interactions
 NBONDS: found   683262 intra-atom interactions
 NBONDS: found   683427 intra-atom interactions
 --------------- cycle=    20 ------ stepsize=    0.0000 -----------------------
 | Etotal =0.12E+07   grad(E)=299.568    E(BOND)=233440.766 E(ANGL)=497017.099 |
 | E(VDW )=503612.438                                                          |
 -------------------------------------------------------------------------------
 NBONDS: found   683219 intra-atom interactions
 NBONDS: found   683338 intra-atom interactions
 NBONDS: found   683287 intra-atom interactions
 --------------- cycle=    30 ------ stepsize=    0.0000 -----------------------
 | Etotal =964960.511 grad(E)=236.988    E(BOND)=185621.815 E(ANGL)=349604.996 |
 | E(VDW )=429733.700                                                          |
 -------------------------------------------------------------------------------
 NBONDS: found   683363 intra-atom interactions
 NBONDS: found   683510 intra-atom interactions
 --------------- cycle=    40 ------ stepsize=   -0.0001 -----------------------
 | Etotal =919788.561 grad(E)=228.904    E(BOND)=182414.928 E(ANGL)=327569.074 |
 | E(VDW )=409804.559                                                          |
 -------------------------------------------------------------------------------
 NBONDS: found   683656 intra-atom interactions
 NBONDS: found   683698 intra-atom interactions
 NBONDS: found   683578 intra-atom interactions
 --------------- cycle=    50 ------ stepsize=    0.0002 -----------------------
 | Etotal =901992.963 grad(E)=226.634    E(BOND)=181592.523 E(ANGL)=320747.296 |
 | E(VDW )=399653.144                                                          |
 -------------------------------------------------------------------------------
 POWELL: STEP number limit. Normal termination
 POWELL: Current coordinates set to last minimum
 DCART: temperature coupling (TCOUpling) enabled
 -------------------------- Cartesian dynamics start ---------------------------
 | E(kin)+E(total)=0.35E+07        E(kin)=4213.420      temperature=308.025    |
 | Etotal =0.35E+07   grad(E)=583.282    E(BOND)=181592.523 E(ANGL)=320747.296 |
 | E(IMPR)=0.30E+07                                                            |
 -------------------------------------------------------------------------------
 ----------------- final step=       50 at      0.02500 ps ---------------------
 | E(kin)+E(total)=0.23E+07        E(kin)=446170.297    temperature=32617.579  |
 | Etotal =0.18E+07   grad(E)=322.966    E(BOND)=195110.587 E(ANGL)=831423.720 |
 | E(IMPR)=782247.884                                                          |
 -------------------------------------------------------------------------------
 CENMAS: Information about center of free masses
         position [A]          :     -0.63943     -0.01609     -0.32183
         velocity [A/ps]       :     -0.34753     -0.59404     -0.39513
         ang. mom. [amu A/ps]  :-186527.52169 245752.24803*************
         kin. ener. [Kcal/mol] :     69.07477
 POWELL: number of degrees of freedom= 13767
 NBONDS: found   681364 intra-atom interactions
 NBONDS: found   680231 intra-atom interactions
 NBONDS: found   680391 intra-atom interactions
 NBONDS: found   681475 intra-atom interactions
 --------------- cycle=    10 ------ stepsize=   -0.0001 -----------------------
 | Etotal =0.19E+07   grad(E)=275.797    E(BOND)=239531.974 E(ANGL)=465110.742 |
 | E(IMPR)=692526.741 E(VDW )=495359.995                                       |
 -------------------------------------------------------------------------------
 NBONDS: found   681856 intra-atom interactions
 NBONDS: found   682303 intra-atom interactions
 NBONDS: found   682431 intra-atom interactions
 NBONDS: found   682534 intra-atom interactions
 --------------- cycle=    20 ------ stepsize=   -0.0001 -----------------------
 | Etotal =0.13E+07   grad(E)=153.501    E(BOND)=188640.925 E(ANGL)=177009.371 |
 | E(IMPR)=562523.476 E(VDW )=351752.078                                       |
 -------------------------------------------------------------------------------
 NBONDS: found   682481 intra-atom interactions
 NBONDS: found   682521 intra-atom interactions
 --------------- cycle=    30 ------ stepsize=   -0.0000 -----------------------
 | Etotal =0.12E+07   grad(E)=118.402    E(BOND)=168266.064 E(ANGL)=138425.151 |
 | E(IMPR)=550340.460 E(VDW )=331115.056                                       |
 -------------------------------------------------------------------------------
 NBONDS: found   682586 intra-atom interactions
 NBONDS: found   682608 intra-atom interactions
 NBONDS: found   682593 intra-atom interactions
 --------------- cycle=    40 ------ stepsize=    0.0001 -----------------------
 | Etotal =0.12E+07   grad(E)=116.508    E(BOND)=167562.064 E(ANGL)=132512.971 |
 | E(IMPR)=538623.434 E(VDW )=324344.045                                       |
 -------------------------------------------------------------------------------
 NBONDS: found   682515 intra-atom interactions
 NBONDS: found   682528 intra-atom interactions
 --------------- cycle=    50 ------ stepsize=   -0.0000 -----------------------
 | Etotal =0.11E+07   grad(E)=109.307    E(BOND)=165711.944 E(ANGL)=124621.114 |
 | E(IMPR)=535094.058 E(VDW )=320448.765                                       |
 -------------------------------------------------------------------------------
 POWELL: STEP number limit. Normal termination
 POWELL: Current coordinates set to last minimum
 DCART: temperature coupling (TCOUpling) enabled
 -------------------------- Cartesian dynamics start ---------------------------
 | E(kin)+E(total)=0.12E+07        E(kin)=4166.987      temperature=304.630    |
 | Etotal =0.11E+07   grad(E)=109.307    E(BOND)=165711.944 E(ANGL)=124621.114 |
 | E(IMPR)=535094.058 E(VDW )=320448.765                                       |
 -------------------------------------------------------------------------------
 NBONDS: found   682541 intra-atom interactions
 NBONDS: found   682573 intra-atom interactions
 ----------------- final step=       50 at      0.02500 ps ---------------------
 | E(kin)+E(total)=0.11E+07        E(kin)=5356.885      temperature=391.619    |
 | Etotal =0.11E+07   grad(E)=112.507    E(BOND)=166955.007 E(ANGL)=125235.610 |
 | E(IMPR)=532249.005 E(VDW )=320073.035                                       |
 -------------------------------------------------------------------------------
 CENMAS: Information about center of free masses
         position [A]          :     -0.63890     -0.02074     -0.32173
         velocity [A/ps]       :      0.08479     -0.04858     -0.00309
         ang. mom. [amu A/ps]  : -42408.82734 -82554.79106 236333.08979
         kin. ener. [Kcal/mol] :      1.04848
 %PARRDR-info: duplication of bond HC   NC2 
 %PARRDR-info: duplication of angle CH2E C    NH1 
 %PARRDR-info: duplication of angle CH2P CH2E HA  
 POWELL: number of degrees of freedom= 13767
 NBONDS: generating intra-molecular exclusion list with mode=-3
 MAKINB: mode  -3 found  15676 exclusions and      0 interactions(1-4)
 NBONDS: found   671469 intra-atom interactions
 NBONDS: found   673396 intra-atom interactions
 NBONDS: found   673477 intra-atom interactions
 NBONDS: found   673451 intra-atom interactions
 NBONDS: found   673786 intra-atom interactions
 NBONDS: found   674037 intra-atom interactions
 NBONDS: found   673889 intra-atom interactions
 --------------- cycle=    25 ------ stepsize=   -0.0001 -----------------------
 | Etotal =316943.731 grad(E)=150.956    E(BOND)=57763.654  E(ANGL)=151018.736 |
 | E(IMPR)=105825.700 E(VDW )=2335.641                                         |
 -------------------------------------------------------------------------------
 NBONDS: found   674066 intra-atom interactions
 NBONDS: found   674294 intra-atom interactions
 NBONDS: found   674124 intra-atom interactions
 NBONDS: found   674081 intra-atom interactions
 NBONDS: found   674000 intra-atom interactions
 NBONDS: found   673920 intra-atom interactions
 NBONDS: found   673996 intra-atom interactions
 --------------- cycle=    50 ------ stepsize=    0.0006 -----------------------
 | Etotal =44280.930  grad(E)=30.998     E(BOND)=1772.558   E(ANGL)=18720.742  |
 | E(IMPR)=22998.859  E(VDW )=788.772                                          |
 -------------------------------------------------------------------------------
 NBONDS: found   673997 intra-atom interactions
 NBONDS: found   673990 intra-atom interactions
 NBONDS: found   673897 intra-atom interactions
 NBONDS: found   673921 intra-atom interactions
 --------------- cycle=    75 ------ stepsize=    0.0001 -----------------------
 | Etotal =10888.958  grad(E)=20.474     E(BOND)=389.189    E(ANGL)=5257.283   |
 | E(IMPR)=4549.552   E(VDW )=692.934                                          |
 -------------------------------------------------------------------------------
 NBONDS: found   673921 intra-atom interactions
 NBONDS: found   673892 intra-atom interactions
 NBONDS: found   673928 intra-atom interactions
 NBONDS: found   673908 intra-atom interactions
 --------------- cycle=   100 ------ stepsize=    0.0004 -----------------------
 | Etotal =4063.357   grad(E)=7.375      E(BOND)=122.378    E(ANGL)=1656.817   |
 | E(IMPR)=1654.252   E(VDW )=629.910                                          |
 -------------------------------------------------------------------------------
 POWELL: STEP number limit. Normal termination
 POWELL: Current coordinates set to last minimum
 DCART: temperature coupling (TCOUpling) enabled
 -------------------------- Cartesian dynamics start ---------------------------
 | E(kin)+E(total)=8097.592        E(kin)=4034.236      temperature=294.925    |
 | Etotal =4063.357   grad(E)=7.375      E(BOND)=122.378    E(ANGL)=1656.817   |
 | E(IMPR)=1654.252   E(VDW )=629.910                                          |
 -------------------------------------------------------------------------------
 NBONDS: found   674010 intra-atom interactions
 NBONDS: found   673880 intra-atom interactions
 NBONDS: found   673905 intra-atom interactions
 NBONDS: found   673979 intra-atom interactions
 NBONDS: found   673939 intra-atom interactions
 NBONDS: found   673995 intra-atom interactions
 NBONDS: found   673961 intra-atom interactions
 NBONDS: found   673932 intra-atom interactions
 NBONDS: found   674035 intra-atom interactions
 NBONDS: found   674021 intra-atom interactions
 NBONDS: found   673917 intra-atom interactions
 NBONDS: found   673975 intra-atom interactions
 NBONDS: found   674007 intra-atom interactions
 NBONDS: found   673990 intra-atom interactions
 NBONDS: found   673919 intra-atom interactions
 NBONDS: found   673879 intra-atom interactions
 NBONDS: found   674003 intra-atom interactions
 NBONDS: found   673939 intra-atom interactions
 NBONDS: found   674025 intra-atom interactions
 NBONDS: found   674021 intra-atom interactions
 NBONDS: found   674035 intra-atom interactions
 NBONDS: found   674041 intra-atom interactions
 NBONDS: found   673946 intra-atom interactions
 NBONDS: found   673922 intra-atom interactions
 NBONDS: found   674010 intra-atom interactions
 NBONDS: found   674035 intra-atom interactions
 NBONDS: found   674005 intra-atom interactions
 NBONDS: found   674003 intra-atom interactions
 NBONDS: found   673983 intra-atom interactions
 NBONDS: found   674030 intra-atom interactions
 ----------------- final step=      500 at      0.25000 ps ---------------------
 | E(kin)+E(total)=8928.067        E(kin)=4320.570      temperature=315.858    |
 | Etotal =4607.497   grad(E)=25.854     E(BOND)=1230.495   E(ANGL)=2361.265   |
 | E(IMPR)=296.069    E(VDW )=719.668                                          |
 -------------------------------------------------------------------------------
 CENMAS: Information about center of free masses
         position [A]          :     -0.64230     -0.02182     -0.32065
         velocity [A/ps]       :      0.05158     -0.03567     -0.00699
         ang. mom. [amu A/ps]  : -20990.71514-112727.05179  94261.65313
         kin. ener. [Kcal/mol] :      0.43666
 EFLAGS: the following energy flags are set
 EFLAGS: BOND ANGL DIHE IMPR VDW 
 %PARRDR-info: duplication of bond HC   NC2 
 %PARRDR-info: duplication of angle CH2E C    NH1 
 %PARRDR-info: duplication of angle CH2P CH2E HA  
 POWELL: number of degrees of freedom= 13767
 NBONDS: generating intra-molecular exclusion list with mode=-3
 MAKINB: mode  -3 found  15676 exclusions and      0 interactions(1-4)
 NBONDS: found   674040 intra-atom interactions
 NBONDS: found   673831 intra-atom interactions
 NBONDS: found   673855 intra-atom interactions
 --------------- cycle=    50 ------ stepsize=    0.0011 -----------------------
 | Etotal =13579.457  grad(E)=13.683     E(BOND)=238.389    E(ANGL)=1184.274   |
 | E(DIHE)=209.979    E(IMPR)=95.830     E(VDW )=11850.985                     |
 -------------------------------------------------------------------------------
 NBONDS: found   673848 intra-atom interactions
 --------------- cycle=   100 ------ stepsize=    0.0010 -----------------------
 | Etotal =13139.670  grad(E)=13.284     E(BOND)=230.987    E(ANGL)=1136.422   |
 | E(DIHE)=159.933    E(IMPR)=92.110     E(VDW )=11520.218                     |
 -------------------------------------------------------------------------------
 --------------- cycle=   150 ------ stepsize=    0.0010 -----------------------
 | Etotal =13093.240  grad(E)=13.256     E(BOND)=230.275    E(ANGL)=1132.510   |
 | E(DIHE)=152.483    E(IMPR)=91.176     E(VDW )=11486.795                     |
 -------------------------------------------------------------------------------
 --------------- cycle=   200 ------ stepsize=    0.0009 -----------------------
 | Etotal =13081.695  grad(E)=13.248     E(BOND)=230.598    E(ANGL)=1131.784   |
 | E(DIHE)=150.366    E(IMPR)=90.471     E(VDW )=11478.475                     |
 -------------------------------------------------------------------------------
 --------------- cycle=   250 ------ stepsize=    0.0011 -----------------------
 | Etotal =13076.522  grad(E)=13.255     E(BOND)=230.515    E(ANGL)=1130.552   |
 | E(DIHE)=148.257    E(IMPR)=90.518     E(VDW )=11476.679                     |
 -------------------------------------------------------------------------------
 --------------- cycle=   300 ------ stepsize=    0.0011 -----------------------
 | Etotal =13076.286  grad(E)=13.260     E(BOND)=230.517    E(ANGL)=1131.279   |
 | E(DIHE)=148.406    E(IMPR)=90.538     E(VDW )=11475.546                     |
 -------------------------------------------------------------------------------
 --------------- cycle=   350 ------ stepsize=    0.0011 -----------------------
 | Etotal =13076.282  grad(E)=13.260     E(BOND)=230.502    E(ANGL)=1131.304   |
 | E(DIHE)=148.406    E(IMPR)=90.555     E(VDW )=11475.515                     |
 -------------------------------------------------------------------------------
 --------------- cycle=   400 ------ stepsize=    0.0013 -----------------------
 | Etotal =13076.281  grad(E)=13.260     E(BOND)=230.493    E(ANGL)=1131.332   |
 | E(DIHE)=148.428    E(IMPR)=90.551     E(VDW )=11475.476                     |
 -------------------------------------------------------------------------------
 --------------- cycle=   450 ------ stepsize=    0.0010 -----------------------
 | Etotal =13076.280  grad(E)=13.260     E(BOND)=230.491    E(ANGL)=1131.331   |
 | E(DIHE)=148.440    E(IMPR)=90.559     E(VDW )=11475.459                     |
 -------------------------------------------------------------------------------
 --------------- cycle=   500 ------ stepsize=    0.0010 -----------------------
 | Etotal =13076.280  grad(E)=13.260     E(BOND)=230.493    E(ANGL)=1131.333   |
 | E(DIHE)=148.472    E(IMPR)=90.557     E(VDW )=11475.426                     |
 -------------------------------------------------------------------------------
 POWELL: STEP number limit. Normal termination
 POWELL: Current coordinates set to last minimum
 DCART: temperature coupling (TCOUpling) enabled
 -------------------------- Cartesian dynamics start ---------------------------
 | E(kin)+E(total)=17121.273       E(kin)=4044.993      temperature=295.712    |
 | Etotal =13076.280  grad(E)=13.260     E(BOND)=230.493    E(ANGL)=1131.333   |
 | E(DIHE)=148.472    E(IMPR)=90.557     E(VDW )=11475.426                     |
 -------------------------------------------------------------------------------
 NBONDS: found   673779 intra-atom interactions
 NBONDS: found   673767 intra-atom interactions
 NBONDS: found   673906 intra-atom interactions
 NBONDS: found   673750 intra-atom interactions
 ----------------- final step=      500 at      0.25000 ps ---------------------
 | E(kin)+E(total)=21328.901       E(kin)=4273.438      temperature=312.413    |
 | Etotal =17055.463  grad(E)=31.570     E(BOND)=1307.236   E(ANGL)=3368.394   |
 | E(DIHE)=168.953    E(IMPR)=437.207    E(VDW )=11773.673                     |
 -------------------------------------------------------------------------------
 CENMAS: Information about center of free masses
         position [A]          :     -0.64233     -0.02162     -0.32035
         velocity [A/ps]       :      0.06729      0.29363     -0.10865
         ang. mom. [amu A/ps]  :  31240.99751  11306.88290 -14505.85753
         kin. ener. [Kcal/mol] :      0.56689
 POWELL: number of degrees of freedom= 13767
 --------------- cycle=    50 ------ stepsize=    0.0009 -----------------------
 | Etotal =13083.532  grad(E)=13.252     E(BOND)=230.684    E(ANGL)=1130.875   |
 | E(DIHE)=152.560    E(IMPR)=90.729     E(VDW )=11478.684                     |
 -------------------------------------------------------------------------------
 --------------- cycle=   100 ------ stepsize=    0.0013 -----------------------
 | Etotal =13078.837  grad(E)=13.255     E(BOND)=230.476    E(ANGL)=1130.846   |
 | E(DIHE)=150.440    E(IMPR)=90.765     E(VDW )=11476.309                     |
 -------------------------------------------------------------------------------
 --------------- cycle=   150 ------ stepsize=    0.0010 -----------------------
 | Etotal =13078.052  grad(E)=13.256     E(BOND)=230.436    E(ANGL)=1130.790   |
 | E(DIHE)=151.011    E(IMPR)=90.498     E(VDW )=11475.316                     |
 -------------------------------------------------------------------------------
 --------------- cycle=   200 ------ stepsize=    0.0010 -----------------------
 | Etotal =13077.977  grad(E)=13.255     E(BOND)=230.416    E(ANGL)=1130.802   |
 | E(DIHE)=151.239    E(IMPR)=90.471     E(VDW )=11475.050                     |
 -------------------------------------------------------------------------------
 --------------- cycle=   250 ------ stepsize=    0.0013 -----------------------
 | Etotal =13077.972  grad(E)=13.255     E(BOND)=230.422    E(ANGL)=1130.778   |
 | E(DIHE)=151.267    E(IMPR)=90.470     E(VDW )=11475.035                     |
 -------------------------------------------------------------------------------
 --------------- cycle=   300 ------ stepsize=    0.0012 -----------------------
 | Etotal =13077.971  grad(E)=13.255     E(BOND)=230.426    E(ANGL)=1130.770   |
 | E(DIHE)=151.304    E(IMPR)=90.468     E(VDW )=11475.002                     |
 -------------------------------------------------------------------------------
 --------------- cycle=   350 ------ stepsize=    0.0011 -----------------------
 | Etotal =13077.970  grad(E)=13.255     E(BOND)=230.425    E(ANGL)=1130.772   |
 | E(DIHE)=151.358    E(IMPR)=90.473     E(VDW )=11474.941                     |
 -------------------------------------------------------------------------------
 --------------- cycle=   400 ------ stepsize=    0.0013 -----------------------
 | Etotal =13077.968  grad(E)=13.255     E(BOND)=230.413    E(ANGL)=1130.784   |
 | E(DIHE)=151.541    E(IMPR)=90.470     E(VDW )=11474.760                     |
 -------------------------------------------------------------------------------
 --------------- cycle=   450 ------ stepsize=    0.0011 -----------------------
 | Etotal =13077.968  grad(E)=13.255     E(BOND)=230.410    E(ANGL)=1130.784   |
 | E(DIHE)=151.567    E(IMPR)=90.468     E(VDW )=11474.739                     |
 -------------------------------------------------------------------------------
 --------------- cycle=   500 ------ stepsize=    0.0011 -----------------------
 | Etotal =13077.968  grad(E)=13.255     E(BOND)=230.409    E(ANGL)=1130.788   |
 | E(DIHE)=151.557    E(IMPR)=90.469     E(VDW )=11474.744                     |
 -------------------------------------------------------------------------------
 POWELL: STEP number limit. Normal termination
 POWELL: Current coordinates set to last minimum
 POWELL: number of degrees of freedom= 18252
 NBONDS: found   673787 intra-atom interactions
 NBONDS: found   673610 intra-atom interactions
 --------------- cycle=     5 ------ stepsize=    0.0181 -----------------------
 | Etotal =19288.972  grad(E)=41.777     E(BOND)=3152.142   E(ANGL)=4139.979   |
 | E(DIHE)=149.971    E(IMPR)=400.658    E(VDW )=11446.222                     |
 -------------------------------------------------------------------------------
 NBONDS: found   673766 intra-atom interactions
 --------------- cycle=    10 ------ stepsize=    0.0003 -----------------------
 | Etotal =12826.103  grad(E)=13.214     E(BOND)=229.312    E(ANGL)=1129.578   |
 | E(DIHE)=151.354    E(IMPR)=90.645     E(VDW )=11225.215                     |
 -------------------------------------------------------------------------------
 --------------- cycle=    15 ------ stepsize=    0.0014 -----------------------
 | Etotal =12820.166  grad(E)=13.206     E(BOND)=229.084    E(ANGL)=1128.719   |
 | E(DIHE)=151.004    E(IMPR)=90.557     E(VDW )=11220.801                     |
 -------------------------------------------------------------------------------
 --------------- cycle=    20 ------ stepsize=   -0.0002 -----------------------
 | Etotal =12818.370  grad(E)=13.208     E(BOND)=229.530    E(ANGL)=1127.915   |
 | E(DIHE)=150.907    E(IMPR)=90.536     E(VDW )=11219.483                     |
 -------------------------------------------------------------------------------
 --------------- cycle=    25 ------ stepsize=    0.0009 -----------------------
 | Etotal =12817.886  grad(E)=13.207     E(BOND)=229.379    E(ANGL)=1128.167   |
 | E(DIHE)=150.839    E(IMPR)=90.435     E(VDW )=11219.066                     |
 -------------------------------------------------------------------------------
 --------------- cycle=    30 ------ stepsize=    0.0005 -----------------------
 | Etotal =12817.241  grad(E)=13.209     E(BOND)=229.324    E(ANGL)=1128.156   |
 | E(DIHE)=150.707    E(IMPR)=90.612     E(VDW )=11218.442                     |
 -------------------------------------------------------------------------------
 --------------- cycle=    35 ------ stepsize=    0.0007 -----------------------
 | Etotal =12816.643  grad(E)=13.205     E(BOND)=229.349    E(ANGL)=1127.826   |
 | E(DIHE)=150.622    E(IMPR)=90.431     E(VDW )=11218.415                     |
 -------------------------------------------------------------------------------
 --------------- cycle=    40 ------ stepsize=    0.0007 -----------------------
 | Etotal =12816.295  grad(E)=13.206     E(BOND)=229.357    E(ANGL)=1127.839   |
 | E(DIHE)=150.650    E(IMPR)=90.609     E(VDW )=11217.840                     |
 -------------------------------------------------------------------------------
 --------------- cycle=    45 ------ stepsize=    0.0012 -----------------------
 | Etotal =12814.849  grad(E)=13.211     E(BOND)=229.264    E(ANGL)=1128.516   |
 | E(DIHE)=150.864    E(IMPR)=90.383     E(VDW )=11215.822                     |
 -------------------------------------------------------------------------------
 NBONDS: found   673750 intra-atom interactions
 --------------- cycle=    50 ------ stepsize=   -0.0003 -----------------------
 | Etotal =12813.739  grad(E)=13.202     E(BOND)=229.138    E(ANGL)=1127.896   |
 | E(DIHE)=150.974    E(IMPR)=90.525     E(VDW )=11215.205                     |
 -------------------------------------------------------------------------------
 POWELL: STEP number limit. Normal termination
 POWELL: Current coordinates set to last minimum
 %PARRDR-info: duplication of bond HC   NC2 
 %PARRDR-info: duplication of angle CH2E C    NH1 
 %PARRDR-info: duplication of angle CH2P CH2E HA  
 POWELL: number of degrees of freedom= 18252
 NBONDS: generating intra-molecular exclusion list with mode= 5
 MAKINB: mode   5 found  17683 exclusions and  17824 interactions(1-4)
 NBONDS: found   890679 intra-atom interactions
 NBONDS: found   890783 intra-atom interactions
 --------------- cycle=    50 ------ stepsize=    0.0000 -----------------------
 | Etotal =6.217      grad(E)=5.369      E(BOND)=18.186     E(ANGL)=406.124    |
 | E(DIHE)=62.307     E(IMPR)=35.819     E(VDW )=-517.068   E(ELEC)=0.849      |
 -------------------------------------------------------------------------------
 POWELL: STEP number limit. Normal termination
 POWELL: Current coordinates set to last minimum
 --------------- cycle=     1 --------------------------------------------------
 | Etotal =6.217      grad(E)=5.369      E(BOND)=18.186     E(ANGL)=406.124    |
 | E(DIHE)=62.307     E(IMPR)=35.819     E(VDW )=-517.068   E(ELEC)=0.849      |
 -------------------------------------------------------------------------------
 SURFAC: half the sigma value being used for atomic radii.
 SURFAC: ACCEssible surface area
 SURFAC: ACCUracy= 0.07 RH2O=  1.40
         Z-grid=  0.32 number-of-Z-sections=  213
         measures-of-arc= 92922 and151438
 SURFAC: half the sigma value being used for atomic radii.
 SURFAC: ACCEssible surface area
 SURFAC: ACCUracy= 0.07 RH2O=  1.40
         Z-grid=  0.32 number-of-Z-sections=  140
         measures-of-arc= 26280 and 45891
 SURFAC: half the sigma value being used for atomic radii.
 SURFAC: ACCEssible surface area
 SURFAC: ACCUracy= 0.07 RH2O=  1.40
         Z-grid=  0.32 number-of-Z-sections=  213
         measures-of-arc=121014 and197716
 %PARRDR-info: duplication of bond HC   NC2 
 %PARRDR-info: duplication of angle CH2E C    NH1 
 %PARRDR-info: duplication of angle CH2P CH2E HA  
 NBONDS: generating intra-molecular exclusion list with mode= 5
 MAKINB: mode   5 found      0 exclusions and      0 interactions(1-4)
 NBONDS: found     1355 intra-atom interactions
 --------------- cycle=     2 --------------------------------------------------
 | Etotal =-5.438     grad(E)=0.028      E(VDW )=-3.746     E(ELEC)=-1.691     |
 -------------------------------------------------------------------------------
 NBONDS: generating intra-molecular exclusion list with mode= 5
 MAKINB: mode   5 found      0 exclusions and      0 interactions(1-4)
 NBONDS: found     1691 intra-atom interactions
 --------------- cycle=     3 --------------------------------------------------
 | Etotal =-5.487     grad(E)=0.041      E(VDW )=-4.966     E(ELEC)=-0.521     |
 -------------------------------------------------------------------------------
 NBONDS: generating intra-molecular exclusion list with mode= 5
 MAKINB: mode   5 found      0 exclusions and      0 interactions(1-4)
 NBONDS: found     1330 intra-atom interactions
 --------------- cycle=     4 --------------------------------------------------
 | Etotal =-4.354     grad(E)=0.019      E(VDW )=-4.468     E(ELEC)=0.114      |
 -------------------------------------------------------------------------------
 NBONDS: generating intra-molecular exclusion list with mode= 5
 MAKINB: mode   5 found      0 exclusions and      0 interactions(1-4)
 NBONDS: found     1339 intra-atom interactions
 --------------- cycle=     5 --------------------------------------------------
 | Etotal =-70.693    grad(E)=0.304      E(VDW )=-1.337     E(ELEC)=-69.357    |
 -------------------------------------------------------------------------------
 NBONDS: generating intra-molecular exclusion list with mode= 5
 MAKINB: mode   5 found      0 exclusions and      0 interactions(1-4)
 NBONDS: found     2969 intra-atom interactions
 --------------- cycle=     6 --------------------------------------------------
 | Etotal =-46.426    grad(E)=0.290      E(VDW )=-6.129     E(ELEC)=-40.297    |
 -------------------------------------------------------------------------------
 NBONDS: generating intra-molecular exclusion list with mode= 5
 MAKINB: mode   5 found      0 exclusions and      0 interactions(1-4)
 NBONDS: found     1997 intra-atom interactions
 --------------- cycle=     7 --------------------------------------------------
 | Etotal =-6.771     grad(E)=0.239      E(VDW )=-5.617     E(ELEC)=-1.154     |
 -------------------------------------------------------------------------------
 NBONDS: generating intra-molecular exclusion list with mode= 5
 MAKINB: mode   5 found      0 exclusions and      0 interactions(1-4)
 NBONDS: found      877 intra-atom interactions
 --------------- cycle=     8 --------------------------------------------------
 | Etotal =-25.752    grad(E)=0.322      E(VDW )=-1.003     E(ELEC)=-24.748    |
 -------------------------------------------------------------------------------
 NBONDS: generating intra-molecular exclusion list with mode= 5
 MAKINB: mode   5 found      0 exclusions and      0 interactions(1-4)
 NBONDS: found      568 intra-atom interactions
 --------------- cycle=     9 --------------------------------------------------
 | Etotal =-9.307     grad(E)=0.137      E(VDW )=-0.760     E(ELEC)=-8.546     |
 -------------------------------------------------------------------------------
 NBONDS: generating intra-molecular exclusion list with mode= 5
 MAKINB: mode   5 found      0 exclusions and      0 interactions(1-4)
 NBONDS: found     1325 intra-atom interactions
 --------------- cycle=    10 --------------------------------------------------
 | Etotal =4.897      grad(E)=0.203      E(VDW )=-4.801     E(ELEC)=9.698      |
 -------------------------------------------------------------------------------
 NBONDS: generating intra-molecular exclusion list with mode= 5
 MAKINB: mode   5 found      0 exclusions and      0 interactions(1-4)
 NBONDS: found     1482 intra-atom interactions
 --------------- cycle=    11 --------------------------------------------------
 | Etotal =-16.786    grad(E)=0.164      E(VDW )=-4.234     E(ELEC)=-12.552    |
 -------------------------------------------------------------------------------
 NBONDS: generating intra-molecular exclusion list with mode= 5
 MAKINB: mode   5 found      0 exclusions and      0 interactions(1-4)
 NBONDS: found      751 intra-atom interactions
 --------------- cycle=    12 --------------------------------------------------
 | Etotal =-2.707     grad(E)=0.009      E(VDW )=-2.461     E(ELEC)=-0.246     |
 -------------------------------------------------------------------------------
 NBONDS: generating intra-molecular exclusion list with mode= 5
 MAKINB: mode   5 found      0 exclusions and      0 interactions(1-4)
 NBONDS: found      325 intra-atom interactions
 --------------- cycle=    13 --------------------------------------------------
 | Etotal =-1.601     grad(E)=0.012      E(VDW )=-1.625     E(ELEC)=0.025      |
 -------------------------------------------------------------------------------
 NBONDS: generating intra-molecular exclusion list with mode= 5
 MAKINB: mode   5 found      0 exclusions and      0 interactions(1-4)
 NBONDS: found      704 intra-atom interactions
 --------------- cycle=    14 --------------------------------------------------
 | Etotal =-3.769     grad(E)=0.056      E(VDW )=-3.145     E(ELEC)=-0.623     |
 -------------------------------------------------------------------------------
 NBONDS: generating intra-molecular exclusion list with mode= 5
 MAKINB: mode   5 found      0 exclusions and      0 interactions(1-4)
 NBONDS: found     3396 intra-atom interactions
 --------------- cycle=    15 --------------------------------------------------
 | Etotal =-48.669    grad(E)=0.315      E(VDW )=-9.430     E(ELEC)=-39.239    |
 -------------------------------------------------------------------------------
 NBONDS: generating intra-molecular exclusion list with mode= 5
 MAKINB: mode   5 found      0 exclusions and      0 interactions(1-4)
 NBONDS: found      662 intra-atom interactions
 --------------- cycle=    16 --------------------------------------------------
 | Etotal =-3.668     grad(E)=0.071      E(VDW )=-2.616     E(ELEC)=-1.052     |
 -------------------------------------------------------------------------------
 NBONDS: generating intra-molecular exclusion list with mode= 5
 MAKINB: mode   5 found      0 exclusions and      0 interactions(1-4)
 NBONDS: found      782 intra-atom interactions
 --------------- cycle=    17 --------------------------------------------------
 | Etotal =-0.599     grad(E)=0.143      E(VDW )=-3.484     E(ELEC)=2.885      |
 -------------------------------------------------------------------------------
 NBONDS: generating intra-molecular exclusion list with mode= 5
 MAKINB: mode   5 found      0 exclusions and      0 interactions(1-4)
 NBONDS: found      410 intra-atom interactions
 --------------- cycle=    18 --------------------------------------------------
 | Etotal =-2.607     grad(E)=0.073      E(VDW )=-0.990     E(ELEC)=-1.617     |
 -------------------------------------------------------------------------------
 NBONDS: generating intra-molecular exclusion list with mode= 5
 MAKINB: mode   5 found      0 exclusions and      0 interactions(1-4)
 NBONDS: found      887 intra-atom interactions
 --------------- cycle=    19 --------------------------------------------------
 | Etotal =8.330      grad(E)=0.119      E(VDW )=-1.022     E(ELEC)=9.353      |
 -------------------------------------------------------------------------------
 NBONDS: generating intra-molecular exclusion list with mode= 5
 MAKINB: mode   5 found      0 exclusions and      0 interactions(1-4)
 NBONDS: found      752 intra-atom interactions
 --------------- cycle=    20 --------------------------------------------------
 | Etotal =-65.595    grad(E)=0.305      E(VDW )=2.029      E(ELEC)=-67.624    |
 -------------------------------------------------------------------------------
 NBONDS: generating intra-molecular exclusion list with mode= 5
 MAKINB: mode   5 found      0 exclusions and      0 interactions(1-4)
 NBONDS: found      864 intra-atom interactions
 --------------- cycle=    21 --------------------------------------------------
 | Etotal =-0.693     grad(E)=0.043      E(VDW )=-2.176     E(ELEC)=1.483      |
 -------------------------------------------------------------------------------
 NBONDS: generating intra-molecular exclusion list with mode= 5
 MAKINB: mode   5 found      0 exclusions and      0 interactions(1-4)
 NBONDS: found      835 intra-atom interactions
 --------------- cycle=    22 --------------------------------------------------
 | Etotal =-19.800    grad(E)=0.187      E(VDW )=-0.789     E(ELEC)=-19.012    |
 -------------------------------------------------------------------------------
 NBONDS: generating intra-molecular exclusion list with mode= 5
 MAKINB: mode   5 found      0 exclusions and      0 interactions(1-4)
 NBONDS: found     1618 intra-atom interactions
 --------------- cycle=    23 --------------------------------------------------
 | Etotal =-2.970     grad(E)=0.036      E(VDW )=-6.221     E(ELEC)=3.251      |
 -------------------------------------------------------------------------------
 NBONDS: generating intra-molecular exclusion list with mode= 5
 MAKINB: mode   5 found      0 exclusions and      0 interactions(1-4)
 NBONDS: found     1597 intra-atom interactions
 --------------- cycle=    24 --------------------------------------------------
 | Etotal =-3.770     grad(E)=0.058      E(VDW )=-4.859     E(ELEC)=1.089      |
 -------------------------------------------------------------------------------
 NBONDS: generating intra-molecular exclusion list with mode= 5
 MAKINB: mode   5 found      0 exclusions and      0 interactions(1-4)
 NBONDS: found      528 intra-atom interactions
 --------------- cycle=    25 --------------------------------------------------
 | Etotal =-1.119     grad(E)=0.015      E(VDW )=-0.814     E(ELEC)=-0.306     |
 -------------------------------------------------------------------------------
 NBONDS: generating intra-molecular exclusion list with mode= 5
 MAKINB: mode   5 found      0 exclusions and      0 interactions(1-4)
 NBONDS: found      769 intra-atom interactions
 --------------- cycle=    26 --------------------------------------------------
 | Etotal =-3.036     grad(E)=0.019      E(VDW )=-2.551     E(ELEC)=-0.485     |
 -------------------------------------------------------------------------------
 NBONDS: generating intra-molecular exclusion list with mode= 5
 MAKINB: mode   5 found      0 exclusions and      0 interactions(1-4)
 NBONDS: found      332 intra-atom interactions
 --------------- cycle=    27 --------------------------------------------------
 | Etotal =-2.080     grad(E)=0.016      E(VDW )=-1.179     E(ELEC)=-0.901     |
 -------------------------------------------------------------------------------
 NBONDS: generating intra-molecular exclusion list with mode= 5
 MAKINB: mode   5 found      0 exclusions and      0 interactions(1-4)
 NBONDS: found      333 intra-atom interactions
 --------------- cycle=    28 --------------------------------------------------
 | Etotal =-0.050     grad(E)=0.018      E(VDW )=-0.506     E(ELEC)=0.457      |
 -------------------------------------------------------------------------------
 NBONDS: generating intra-molecular exclusion list with mode= 5
 MAKINB: mode   5 found      0 exclusions and      0 interactions(1-4)
 NBONDS: found     1762 intra-atom interactions
 --------------- cycle=    29 --------------------------------------------------
 | Etotal =-6.987     grad(E)=0.021      E(VDW )=-6.162     E(ELEC)=-0.825     |
 -------------------------------------------------------------------------------
 NBONDS: generating intra-molecular exclusion list with mode= 5
 MAKINB: mode   5 found      0 exclusions and      0 interactions(1-4)
 NBONDS: found      976 intra-atom interactions
 --------------- cycle=    30 --------------------------------------------------
 | Etotal =-3.811     grad(E)=0.034      E(VDW )=-0.999     E(ELEC)=-2.812     |
 -------------------------------------------------------------------------------
 NBONDS: generating intra-molecular exclusion list with mode= 5
 MAKINB: mode   5 found      0 exclusions and      0 interactions(1-4)
 NBONDS: found     2075 intra-atom interactions
 --------------- cycle=    31 --------------------------------------------------
 | Etotal =3.197      grad(E)=0.082      E(VDW )=-7.813     E(ELEC)=11.010     |
 -------------------------------------------------------------------------------
 NBONDS: generating intra-molecular exclusion list with mode= 5
 MAKINB: mode   5 found      0 exclusions and      0 interactions(1-4)
 NBONDS: found      473 intra-atom interactions
 --------------- cycle=    32 --------------------------------------------------
 | Etotal =-11.917    grad(E)=0.160      E(VDW )=-2.440     E(ELEC)=-9.476     |
 -------------------------------------------------------------------------------
 NBONDS: generating intra-molecular exclusion list with mode= 5
 MAKINB: mode   5 found      0 exclusions and      0 interactions(1-4)
 NBONDS: found      231 intra-atom interactions
 --------------- cycle=    33 --------------------------------------------------
 | Etotal =-4.929     grad(E)=0.068      E(VDW )=-0.252     E(ELEC)=-4.676     |
 -------------------------------------------------------------------------------
 NBONDS: generating intra-molecular exclusion list with mode= 5
 MAKINB: mode   5 found      0 exclusions and      0 interactions(1-4)
 NBONDS: found     1571 intra-atom interactions
 --------------- cycle=    34 --------------------------------------------------
 | Etotal =-56.329    grad(E)=0.389      E(VDW )=-1.904     E(ELEC)=-54.426    |
 -------------------------------------------------------------------------------
 NBONDS: generating intra-molecular exclusion list with mode= 5
 MAKINB: mode   5 found      0 exclusions and      0 interactions(1-4)
 NBONDS: found      580 intra-atom interactions
 --------------- cycle=    35 --------------------------------------------------
 | Etotal =-4.180     grad(E)=0.092      E(VDW )=-1.139     E(ELEC)=-3.042     |
 -------------------------------------------------------------------------------
 NBONDS: generating intra-molecular exclusion list with mode= 5
 MAKINB: mode   5 found      0 exclusions and      0 interactions(1-4)
 NBONDS: found      497 intra-atom interactions
 --------------- cycle=    36 --------------------------------------------------
 | Etotal =-12.699    grad(E)=0.111      E(VDW )=-0.348     E(ELEC)=-12.351    |
 -------------------------------------------------------------------------------
 NBONDS: generating intra-molecular exclusion list with mode= 5
 MAKINB: mode   5 found      0 exclusions and      0 interactions(1-4)
 NBONDS: found      398 intra-atom interactions
 --------------- cycle=    37 --------------------------------------------------
 | Etotal =-15.095    grad(E)=0.106      E(VDW )=-2.197     E(ELEC)=-12.898    |
 -------------------------------------------------------------------------------
 NBONDS: generating intra-molecular exclusion list with mode= 5
 MAKINB: mode   5 found      0 exclusions and      0 interactions(1-4)
 NBONDS: found     1366 intra-atom interactions
 --------------- cycle=    38 --------------------------------------------------
 | Etotal =-3.887     grad(E)=0.048      E(VDW )=-3.143     E(ELEC)=-0.745     |
 -------------------------------------------------------------------------------
 NBONDS: generating intra-molecular exclusion list with mode= 5
 MAKINB: mode   5 found      0 exclusions and      0 interactions(1-4)
 NBONDS: found     1672 intra-atom interactions
 --------------- cycle=    39 --------------------------------------------------
 | Etotal =-16.268    grad(E)=0.199      E(VDW )=-4.619     E(ELEC)=-11.649    |
 -------------------------------------------------------------------------------
 NBONDS: generating intra-molecular exclusion list with mode= 5
 MAKINB: mode   5 found      0 exclusions and      0 interactions(1-4)
 NBONDS: found     1079 intra-atom interactions
 --------------- cycle=    40 --------------------------------------------------
 | Etotal =-1.438     grad(E)=0.114      E(VDW )=-5.210     E(ELEC)=3.772      |
 -------------------------------------------------------------------------------
 NBONDS: generating intra-molecular exclusion list with mode= 5
 MAKINB: mode   5 found      0 exclusions and      0 interactions(1-4)
 NBONDS: found      682 intra-atom interactions
 --------------- cycle=    41 --------------------------------------------------
 | Etotal =-7.780     grad(E)=0.095      E(VDW )=-1.128     E(ELEC)=-6.651     |
 -------------------------------------------------------------------------------
 NBONDS: generating intra-molecular exclusion list with mode= 5
 MAKINB: mode   5 found      0 exclusions and      0 interactions(1-4)
 NBONDS: found     1756 intra-atom interactions
 --------------- cycle=    42 --------------------------------------------------
 | Etotal =-6.741     grad(E)=0.064      E(VDW )=-6.406     E(ELEC)=-0.335     |
 -------------------------------------------------------------------------------
 HEAP: maximum use      =    22446112 current use      =       96000 bytes
 HEAP: maximum overhead =        2800 current overhead =         752 bytes
          ============================================================
           Maximum dynamic memory allocation:    22446112 bytes
           Maximum dynamic memory overhead:          2800 bytes
           Program started at: 17:31:26 on 08-May-2020
           Program stopped at: 17:31:51 on 08-May-2020
           CPU time used:      24.8594 seconds
          ============================================================
