          ============================================================
          |                                                          |
          |            Crystallography & NMR System (CNS)            |
          |                         CNSsolve                         |
          |                                                          |
          ============================================================
           Version: 1.3 at patch level U
           Status: Special UU release with Rg and paramagnetic
                   restraints (A. Bonvin, UU 2011)
          ============================================================
           Written by: A.T.Brunger, P.D.Adams, G.M.Clore, W.L.DeLano,
                       P.Gros, R.W.Grosse-Kunstleve,J.-S.Jiang,J.M.Krahn,
                       J.Kuszewski, M.Nilges, N.S.Pannu, R.J.Read,
                       L.M.Rice, G.F.Schroeder, T.Simonson, G.L.Warren.
           Copyright (c) 1997-2010 Yale University
          ============================================================
           Running on machine: hostname unknown (x86_64/Linux,64-bit)
           Program started by: joaor
           Program started at: 18:43:47 on 10-Jun-2020
          ============================================================

 FFT3C: Using FFTPACK4.1

 CNSsolve>! 
 CNSsolve>! Calculates pairwise energies between residues 
 CNSsolve>! Will only rebuild hydrogen atoms 
 CNSsolve>! 
 CNSsolve>! Adapted from HADDOCK protocols here and there. 
 CNSsolve>! JR & AMJJB @ 2020 
 CNSsolve>! 
 CNSsolve>define( 
 DEFINE>    {===>} auto_break=true; 
 DEFINE>    {===>} break_cutoff=2.5; 
 DEFINE>    {===>} dnaauto_break=true; 
 DEFINE>    {===>} dbreak_cutoff=4.5; 
 DEFINE>    {===>} auto_cispro=true; 
 DEFINE>    {===>} auto_disu=true; 
 DEFINE>    {===>} disulphide_dist=3.0; 
 DEFINE>    {===>} glyco_dist=2.75; 
 DEFINE>    {===>} coorin="molecule.pdb"; 
 DEFINE>    {===>} icutoff=5.0; 
 DEFINE>) 
 CNSsolve> 
 CNSsolve>! Mute (most) output 
 CNSsolve>set message=on echo=off end 
 ASSFIL: file merged.param opened.
 MESSage=NORM
 EVALUATE: symbol $OLD_MESSAGE set to "NORM" (string)
 ECHO=FALSe {OFF}
 EVALUATE: symbol $OLD_ECHO set to FALSE (logical)
 %PARRDR-info: duplication of bond HC   NC2 
 %PARRDR-info: duplication of angle CH2E C    NH1 
 %PARRDR-info: duplication of angle CH2P CH2E HA  
 ASSFIL: file merged.top opened.
 MESSage=NORM
 EVALUATE: symbol $OLD_MESSAGE set to "NORM" (string)
 ECHO=FALSe {OFF}
 EVALUATE: symbol $OLD_ECHO set to FALSE (logical)
 %RTFIO-warning: undefined masses in residue CYC 
 %RTFIO error encountered: there are undefined masses.
   (CNS is in mode: SET ABORT=NORMal END)
 MESSage=NORM
 EVALUATE: symbol $OLD_MESSAGE set to "NORM" (string)
 ECHO=FALSe {OFF}
 EVALUATE: symbol $OLD_ECHO set to FALSE (logical)
 ASSFIL: file protein_break.top opened.
 %RTFRDR-ERR: duplicate (P-)RESIdue name DPEP
 %RTFRDR-ERR: duplicate (P-)RESIdue name DPPP
 RTFRDR> 
 RTFRDR>end 
 CNSsolve> 
 CNSsolve>! Reset output muting 
 CNSsolve>set message=off echo=off end 
FOUND 5 NAG:ASN pairs
NAG:ASN bond added from   B    901  to   B    53  
NAG:ASN bond added from   B    903  to   B    90  
NAG:ASN bond added from   B    907  to   B    322 
NAG:ASN bond added from   B    910  to   B    546 
NAG:ASN bond added from   E    1401 to   E    343 
FOUND 5 NAG:NAG pairs
NAG:NAG B14 bond added from   B    902  to   B    901 
NAG:NAG B14 bond added from   B    904  to   B    903 
NAG:NAG B14 bond added from   B    911  to   B    910 
NAG:NAG B14 bond added from   E    1402 to   E    1401
NAG:NAG B14 bond added from   E    1403 to   E    1402
 %PARRDR-info: duplication of bond HC   NC2 
 %PARRDR-info: duplication of angle CH2E C    NH1 
 %PARRDR-info: duplication of angle CH2P CH2E HA  
 POWELL: number of degrees of freedom= 13278
 NBONDS: generating intra-molecular exclusion list with mode=-2
 MAKINB: mode  -2 found   4426 exclusions and      0 interactions(1-4)
 %atoms "B   -215 -TYR -HA  " and "B   -215 -TYR -HE2 " only  0.10 A apart
 %atoms "B   -369 -PHE -HA  " and "B   -369 -PHE -HB1 " only  0.06 A apart
 %atoms "B   -452 -PHE -CG  " and "B   -452 -PHE -HE2 " only  0.07 A apart
 %atoms "B   -454 -TYR -HB1 " and "B   -454 -TYR -HE2 " only  0.09 A apart
 %atoms "B   -484 -ILE -HD12" and "B   -484 -ILE -HD13" only  0.07 A apart
 %atoms "B   -596 -LYS -HA  " and "B   -596 -LYS -HB1 " only  0.08 A apart
 %atoms "E   -356 -LYS -HA  " and "E   -356 -LYS -HG2 " only  0.10 A apart
 %atoms "E   -358 -ILE -HA  " and "E   -358 -ILE -HD13" only  0.06 A apart
 %atoms "E   -377 -PHE -HE1 " and "E   -377 -PHE -HZ  " only  0.09 A apart
 %atoms "E   -458 -LYS -HB1 " and "E   -458 -LYS -HB2 " only  0.09 A apart
 NBONDS: found   658927 intra-atom interactions
 NBONDS: found       10 nonbonded violations
 %atoms "B   -379 -ILE -HN  " and "B   -379 -ILE -HA  " only  0.07 A apart
 NBONDS: found   657655 intra-atom interactions
 NBONDS: found        1 nonbonded violations
 %atoms "B   -379 -ILE -HN  " and "B   -379 -ILE -HA  " only  0.09 A apart
 NBONDS: found   652518 intra-atom interactions
 NBONDS: found        1 nonbonded violations
 NBONDS: found   650401 intra-atom interactions
 NBONDS: found   649553 intra-atom interactions
 --------------- cycle=    10 ------ stepsize=   -0.0000 -----------------------
 | Etotal =0.32E+07   grad(E)=581.760    E(BOND)=485338.239 E(ANGL)=0.15E+07   |
 | E(VDW )=0.12E+07                                                            |
 -------------------------------------------------------------------------------
 NBONDS: found   650504 intra-atom interactions
 NBONDS: found   651472 intra-atom interactions
 NBONDS: found   651813 intra-atom interactions
 NBONDS: found   651922 intra-atom interactions
 --------------- cycle=    20 ------ stepsize=    0.0000 -----------------------
 | Etotal =0.12E+07   grad(E)=305.044    E(BOND)=225572.016 E(ANGL)=479937.839 |
 | E(VDW )=494178.719                                                          |
 -------------------------------------------------------------------------------
 NBONDS: found   651587 intra-atom interactions
 NBONDS: found   651462 intra-atom interactions
 NBONDS: found   651393 intra-atom interactions
 --------------- cycle=    30 ------ stepsize=   -0.0000 -----------------------
 | Etotal =943977.091 grad(E)=245.912    E(BOND)=182336.941 E(ANGL)=344226.302 |
 | E(VDW )=417413.849                                                          |
 -------------------------------------------------------------------------------
 NBONDS: found   651412 intra-atom interactions
 NBONDS: found   651458 intra-atom interactions
 --------------- cycle=    40 ------ stepsize=   -0.0001 -----------------------
 | Etotal =904408.125 grad(E)=235.675    E(BOND)=178553.781 E(ANGL)=323909.301 |
 | E(VDW )=401945.043                                                          |
 -------------------------------------------------------------------------------
 NBONDS: found   651393 intra-atom interactions
 NBONDS: found   651380 intra-atom interactions
 --------------- cycle=    50 ------ stepsize=   -0.0001 -----------------------
 | Etotal =890301.105 grad(E)=233.258    E(BOND)=177430.132 E(ANGL)=317798.520 |
 | E(VDW )=395072.453                                                          |
 -------------------------------------------------------------------------------
 POWELL: STEP number limit. Normal termination
 POWELL: Current coordinates set to last minimum
 DCART: temperature coupling (TCOUpling) enabled
 -------------------------- Cartesian dynamics start ---------------------------
 | E(kin)+E(total)=0.34E+07        E(kin)=4026.675      temperature=305.214    |
 | Etotal =0.34E+07   grad(E)=591.412    E(BOND)=177430.132 E(ANGL)=317798.520 |
 | E(IMPR)=0.29E+07                                                            |
 -------------------------------------------------------------------------------
 ----------------- final step=       50 at      0.02500 ps ---------------------
 | E(kin)+E(total)=0.22E+07        E(kin)=436552.145    temperature=33089.777  |
 | Etotal =0.18E+07   grad(E)=329.466    E(BOND)=202494.462 E(ANGL)=808195.614 |
 | E(IMPR)=761458.492                                                          |
 -------------------------------------------------------------------------------
 CENMAS: Information about center of free masses
         position [A]          :     -0.52763      0.14864     -0.22376
         velocity [A/ps]       :      0.16631     -0.28714     -0.38013
         ang. mom. [amu A/ps]  :-186875.10816 877227.05170 332941.57183
         kin. ener. [Kcal/mol] :     26.93324
 POWELL: number of degrees of freedom= 13278
 NBONDS: found   648316 intra-atom interactions
 NBONDS: found   647687 intra-atom interactions
 NBONDS: found   648071 intra-atom interactions
 NBONDS: found   649325 intra-atom interactions
 --------------- cycle=    10 ------ stepsize=   -0.0000 -----------------------
 | Etotal =0.18E+07   grad(E)=273.221    E(BOND)=232775.387 E(ANGL)=447901.092 |
 | E(IMPR)=686026.850 E(VDW )=480474.670                                       |
 -------------------------------------------------------------------------------
 NBONDS: found   649954 intra-atom interactions
 NBONDS: found   650279 intra-atom interactions
 NBONDS: found   650184 intra-atom interactions
 NBONDS: found   650240 intra-atom interactions
 NBONDS: found   650268 intra-atom interactions
 --------------- cycle=    20 ------ stepsize=   -0.0000 -----------------------
 | Etotal =0.13E+07   grad(E)=142.499    E(BOND)=170660.666 E(ANGL)=165638.526 |
 | E(IMPR)=576230.970 E(VDW )=344226.079                                       |
 -------------------------------------------------------------------------------
 NBONDS: found   650207 intra-atom interactions
 NBONDS: found   650220 intra-atom interactions
 --------------- cycle=    30 ------ stepsize=   -0.0001 -----------------------
 | Etotal =0.12E+07   grad(E)=121.662    E(BOND)=164889.894 E(ANGL)=137968.430 |
 | E(IMPR)=563103.707 E(VDW )=317108.720                                       |
 -------------------------------------------------------------------------------
 NBONDS: found   650350 intra-atom interactions
 NBONDS: found   650318 intra-atom interactions
 NBONDS: found   650294 intra-atom interactions
 --------------- cycle=    40 ------ stepsize=    0.0002 -----------------------
 | Etotal =0.12E+07   grad(E)=117.027    E(BOND)=162576.159 E(ANGL)=130634.595 |
 | E(IMPR)=553378.514 E(VDW )=310894.756                                       |
 -------------------------------------------------------------------------------
 NBONDS: found   650323 intra-atom interactions
 NBONDS: found   650300 intra-atom interactions
 --------------- cycle=    50 ------ stepsize=   -0.0000 -----------------------
 | Etotal =0.11E+07   grad(E)=114.147    E(BOND)=162747.038 E(ANGL)=125518.581 |
 | E(IMPR)=547709.644 E(VDW )=307392.492                                       |
 -------------------------------------------------------------------------------
 POWELL: STEP number limit. Normal termination
 POWELL: Current coordinates set to last minimum
 DCART: temperature coupling (TCOUpling) enabled
 -------------------------- Cartesian dynamics start ---------------------------
 | E(kin)+E(total)=0.11E+07        E(kin)=3977.561      temperature=301.491    |
 | Etotal =0.11E+07   grad(E)=114.147    E(BOND)=162747.038 E(ANGL)=125518.581 |
 | E(IMPR)=547709.644 E(VDW )=307392.492                                       |
 -------------------------------------------------------------------------------
 NBONDS: found   650286 intra-atom interactions
 NBONDS: found   650235 intra-atom interactions
 NBONDS: found   650293 intra-atom interactions
 ----------------- final step=       50 at      0.02500 ps ---------------------
 | E(kin)+E(total)=0.11E+07        E(kin)=5912.298      temperature=448.140    |
 | Etotal =0.11E+07   grad(E)=116.549    E(BOND)=164195.811 E(ANGL)=123719.431 |
 | E(IMPR)=544979.568 E(VDW )=305918.539                                       |
 -------------------------------------------------------------------------------
 CENMAS: Information about center of free masses
         position [A]          :     -0.52375      0.14243     -0.22254
         velocity [A/ps]       :      0.02853     -0.02676      0.02528
         ang. mom. [amu A/ps]  :  95539.75238 -74965.10583 209527.87801
         kin. ener. [Kcal/mol] :      0.22949
 %PARRDR-info: duplication of bond HC   NC2 
 %PARRDR-info: duplication of angle CH2E C    NH1 
 %PARRDR-info: duplication of angle CH2P CH2E HA  
 POWELL: number of degrees of freedom= 13278
 NBONDS: generating intra-molecular exclusion list with mode=-3
 MAKINB: mode  -3 found  15125 exclusions and      0 interactions(1-4)
 NBONDS: found   639609 intra-atom interactions
 NBONDS: found   641264 intra-atom interactions
 NBONDS: found   641199 intra-atom interactions
 NBONDS: found   641057 intra-atom interactions
 NBONDS: found   641599 intra-atom interactions
 NBONDS: found   642122 intra-atom interactions
 NBONDS: found   642134 intra-atom interactions
 --------------- cycle=    25 ------ stepsize=    0.0002 -----------------------
 | Etotal =257591.596 grad(E)=115.086    E(BOND)=22236.139  E(ANGL)=130276.460 |
 | E(IMPR)=102945.770 E(VDW )=2133.227                                         |
 -------------------------------------------------------------------------------
 NBONDS: found   642055 intra-atom interactions
 NBONDS: found   641773 intra-atom interactions
 NBONDS: found   641908 intra-atom interactions
 NBONDS: found   641768 intra-atom interactions
 NBONDS: found   641845 intra-atom interactions
 NBONDS: found   641842 intra-atom interactions
 --------------- cycle=    50 ------ stepsize=   -0.0000 -----------------------
 | Etotal =52763.999  grad(E)=47.415     E(BOND)=2837.349   E(ANGL)=28926.088  |
 | E(IMPR)=20192.519  E(VDW )=808.043                                          |
 -------------------------------------------------------------------------------
 NBONDS: found   641878 intra-atom interactions
 NBONDS: found   641856 intra-atom interactions
 NBONDS: found   641902 intra-atom interactions
 NBONDS: found   641842 intra-atom interactions
 --------------- cycle=    75 ------ stepsize=    0.0005 -----------------------
 | Etotal =8295.602   grad(E)=17.860     E(BOND)=284.023    E(ANGL)=3892.083   |
 | E(IMPR)=3584.371   E(VDW )=535.124                                          |
 -------------------------------------------------------------------------------
 NBONDS: found   641854 intra-atom interactions
 NBONDS: found   641797 intra-atom interactions
 NBONDS: found   641848 intra-atom interactions
 NBONDS: found   641790 intra-atom interactions
 NBONDS: found   641734 intra-atom interactions
 NBONDS: found   641816 intra-atom interactions
 --------------- cycle=   100 ------ stepsize=    0.0004 -----------------------
 | Etotal =3881.022   grad(E)=21.516     E(BOND)=162.438    E(ANGL)=3100.029   |
 | E(IMPR)=83.297     E(VDW )=535.259                                          |
 -------------------------------------------------------------------------------
 POWELL: STEP number limit. Normal termination
 POWELL: Current coordinates set to last minimum
 DCART: temperature coupling (TCOUpling) enabled
 -------------------------- Cartesian dynamics start ---------------------------
 | E(kin)+E(total)=7633.752        E(kin)=3887.451      temperature=294.661    |
 | Etotal =3746.301   grad(E)=16.672     E(BOND)=47.813     E(ANGL)=3053.306   |
 | E(IMPR)=105.034    E(VDW )=540.148                                          |
 -------------------------------------------------------------------------------
 NBONDS: found   641814 intra-atom interactions
 NBONDS: found   641820 intra-atom interactions
 NBONDS: found   641789 intra-atom interactions
 NBONDS: found   641686 intra-atom interactions
 NBONDS: found   641796 intra-atom interactions
 NBONDS: found   641816 intra-atom interactions
 NBONDS: found   641729 intra-atom interactions
 NBONDS: found   641609 intra-atom interactions
 NBONDS: found   641674 intra-atom interactions
 NBONDS: found   641752 intra-atom interactions
 NBONDS: found   641807 intra-atom interactions
 NBONDS: found   641809 intra-atom interactions
 NBONDS: found   641724 intra-atom interactions
 NBONDS: found   641835 intra-atom interactions
 NBONDS: found   641776 intra-atom interactions
 NBONDS: found   641766 intra-atom interactions
 NBONDS: found   641681 intra-atom interactions
 NBONDS: found   641770 intra-atom interactions
 NBONDS: found   641797 intra-atom interactions
 NBONDS: found   641680 intra-atom interactions
 NBONDS: found   641715 intra-atom interactions
 NBONDS: found   641767 intra-atom interactions
 ----------------- final step=      500 at      0.25000 ps ---------------------
 | E(kin)+E(total)=10036.383       E(kin)=4171.651      temperature=316.203    |
 | Etotal =5864.732   grad(E)=30.516     E(BOND)=833.312    E(ANGL)=4102.405   |
 | E(IMPR)=334.432    E(VDW )=594.583                                          |
 -------------------------------------------------------------------------------
 CENMAS: Information about center of free masses
         position [A]          :     -0.52257      0.14189     -0.22182
         velocity [A/ps]       :     -0.08468      0.05515     -0.02044
         ang. mom. [amu A/ps]  :   9182.33645 146118.18532 -13571.38313
         kin. ener. [Kcal/mol] :      1.12450
 EFLAGS: the following energy flags are set
 EFLAGS: BOND ANGL DIHE IMPR VDW 
 %PARRDR-info: duplication of bond HC   NC2 
 %PARRDR-info: duplication of angle CH2E C    NH1 
 %PARRDR-info: duplication of angle CH2P CH2E HA  
 POWELL: number of degrees of freedom= 13278
 NBONDS: generating intra-molecular exclusion list with mode=-3
 MAKINB: mode  -3 found  15125 exclusions and      0 interactions(1-4)
 NBONDS: found   641810 intra-atom interactions
 NBONDS: found   641776 intra-atom interactions
 --------------- cycle=    50 ------ stepsize=    0.0009 -----------------------
 | Etotal =13856.389  grad(E)=17.827     E(BOND)=232.379    E(ANGL)=2443.435   |
 | E(DIHE)=195.162    E(IMPR)=106.519    E(VDW )=10878.893                     |
 -------------------------------------------------------------------------------
 NBONDS: found   641765 intra-atom interactions
 NBONDS: found   641846 intra-atom interactions
 --------------- cycle=   100 ------ stepsize=    0.0009 -----------------------
 | Etotal =13570.185  grad(E)=17.769     E(BOND)=228.200    E(ANGL)=2432.591   |
 | E(DIHE)=169.852    E(IMPR)=107.634    E(VDW )=10631.908                     |
 -------------------------------------------------------------------------------
 --------------- cycle=   150 ------ stepsize=    0.0009 -----------------------
 | Etotal =13526.737  grad(E)=17.761     E(BOND)=227.900    E(ANGL)=2430.744   |
 | E(DIHE)=164.541    E(IMPR)=105.615    E(VDW )=10597.938                     |
 -------------------------------------------------------------------------------
 --------------- cycle=   200 ------ stepsize=    0.0011 -----------------------
 | Etotal =13516.884  grad(E)=17.758     E(BOND)=227.735    E(ANGL)=2429.555   |
 | E(DIHE)=163.992    E(IMPR)=106.394    E(VDW )=10589.209                     |
 -------------------------------------------------------------------------------
 --------------- cycle=   250 ------ stepsize=    0.0011 -----------------------
 | Etotal =13516.645  grad(E)=17.755     E(BOND)=227.632    E(ANGL)=2429.924   |
 | E(DIHE)=163.818    E(IMPR)=106.224    E(VDW )=10589.047                     |
 -------------------------------------------------------------------------------
 --------------- cycle=   300 ------ stepsize=    0.0012 -----------------------
 | Etotal =13516.636  grad(E)=17.754     E(BOND)=227.642    E(ANGL)=2429.943   |
 | E(DIHE)=163.796    E(IMPR)=106.193    E(VDW )=10589.062                     |
 -------------------------------------------------------------------------------
 --------------- cycle=   350 ------ stepsize=    0.0011 -----------------------
 | Etotal =13516.635  grad(E)=17.755     E(BOND)=227.651    E(ANGL)=2429.932   |
 | E(DIHE)=163.792    E(IMPR)=106.186    E(VDW )=10589.073                     |
 -------------------------------------------------------------------------------
 --------------- cycle=   400 ------ stepsize=    0.0009 -----------------------
 | Etotal =13516.635  grad(E)=17.755     E(BOND)=227.651    E(ANGL)=2429.934   |
 | E(DIHE)=163.788    E(IMPR)=106.185    E(VDW )=10589.076                     |
 -------------------------------------------------------------------------------
 POWELL: Gradient converged. Normal termination
 POWELL: Current coordinates set to last minimum
 DCART: temperature coupling (TCOUpling) enabled
 -------------------------- Cartesian dynamics start ---------------------------
 | E(kin)+E(total)=17417.931       E(kin)=3901.296      temperature=295.710    |
 | Etotal =13516.635  grad(E)=17.755     E(BOND)=227.651    E(ANGL)=2429.934   |
 | E(DIHE)=163.788    E(IMPR)=106.185    E(VDW )=10589.076                     |
 -------------------------------------------------------------------------------
 NBONDS: found   641709 intra-atom interactions
 NBONDS: found   641766 intra-atom interactions
 NBONDS: found   641712 intra-atom interactions
 NBONDS: found   641773 intra-atom interactions
 NBONDS: found   641685 intra-atom interactions
 NBONDS: found   641715 intra-atom interactions
 NBONDS: found   641795 intra-atom interactions
 ----------------- final step=      500 at      0.25000 ps ---------------------
 | E(kin)+E(total)=21449.496       E(kin)=4071.491      temperature=308.611    |
 | Etotal =17378.005  grad(E)=34.021     E(BOND)=1287.319   E(ANGL)=4639.227   |
 | E(DIHE)=174.710    E(IMPR)=414.800    E(VDW )=10861.949                     |
 -------------------------------------------------------------------------------
 CENMAS: Information about center of free masses
         position [A]          :     -0.52316      0.14204     -0.22157
         velocity [A/ps]       :     -0.05237     -0.06306      0.06601
         ang. mom. [amu A/ps]  :  19019.50943 -34536.35855 -29316.76892
         kin. ener. [Kcal/mol] :      0.05906
 POWELL: number of degrees of freedom= 13278
 --------------- cycle=    50 ------ stepsize=    0.0009 -----------------------
 | Etotal =13519.296  grad(E)=17.742     E(BOND)=227.576    E(ANGL)=2428.705   |
 | E(DIHE)=161.027    E(IMPR)=106.903    E(VDW )=10595.084                     |
 -------------------------------------------------------------------------------
 --------------- cycle=   100 ------ stepsize=    0.0014 -----------------------
 | Etotal =13513.322  grad(E)=17.753     E(BOND)=227.787    E(ANGL)=2429.273   |
 | E(DIHE)=160.572    E(IMPR)=106.219    E(VDW )=10589.471                     |
 -------------------------------------------------------------------------------
 --------------- cycle=   150 ------ stepsize=    0.0012 -----------------------
 | Etotal =13513.123  grad(E)=17.752     E(BOND)=227.749    E(ANGL)=2429.510   |
 | E(DIHE)=160.729    E(IMPR)=106.214    E(VDW )=10588.920                     |
 -------------------------------------------------------------------------------
 --------------- cycle=   200 ------ stepsize=    0.0010 -----------------------
 | Etotal =13513.118  grad(E)=17.752     E(BOND)=227.757    E(ANGL)=2429.474   |
 | E(DIHE)=160.736    E(IMPR)=106.238    E(VDW )=10588.912                     |
 -------------------------------------------------------------------------------
 --------------- cycle=   250 ------ stepsize=    0.0009 -----------------------
 | Etotal =13513.117  grad(E)=17.752     E(BOND)=227.756    E(ANGL)=2429.470   |
 | E(DIHE)=160.759    E(IMPR)=106.233    E(VDW )=10588.898                     |
 -------------------------------------------------------------------------------
 --------------- cycle=   300 ------ stepsize=    0.0010 -----------------------
 | Etotal =13513.117  grad(E)=17.752     E(BOND)=227.755    E(ANGL)=2429.467   |
 | E(DIHE)=160.764    E(IMPR)=106.234    E(VDW )=10588.897                     |
 -------------------------------------------------------------------------------
 POWELL: Gradient converged. Normal termination
 POWELL: Current coordinates set to last minimum
 POWELL: number of degrees of freedom= 17595
 NBONDS: found   641594 intra-atom interactions
 --------------- cycle=     5 ------ stepsize=    0.0007 -----------------------
 | Etotal =13261.592  grad(E)=17.757     E(BOND)=225.812    E(ANGL)=2429.344   |
 | E(DIHE)=160.749    E(IMPR)=104.281    E(VDW )=10341.405                     |
 -------------------------------------------------------------------------------
 --------------- cycle=    10 ------ stepsize=    0.0008 -----------------------
 | Etotal =13253.492  grad(E)=17.724     E(BOND)=224.001    E(ANGL)=2429.133   |
 | E(DIHE)=160.705    E(IMPR)=105.348    E(VDW )=10334.306                     |
 -------------------------------------------------------------------------------
 --------------- cycle=    15 ------ stepsize=   -0.0004 -----------------------
 | Etotal =13250.818  grad(E)=17.719     E(BOND)=224.035    E(ANGL)=2428.130   |
 | E(DIHE)=160.575    E(IMPR)=106.303    E(VDW )=10331.775                     |
 -------------------------------------------------------------------------------
 --------------- cycle=    20 ------ stepsize=    0.0010 -----------------------
 | Etotal =13249.648  grad(E)=17.720     E(BOND)=224.569    E(ANGL)=2429.148   |
 | E(DIHE)=160.535    E(IMPR)=104.681    E(VDW )=10330.715                     |
 -------------------------------------------------------------------------------
 --------------- cycle=    25 ------ stepsize=    0.0005 -----------------------
 | Etotal =13248.976  grad(E)=17.732     E(BOND)=224.630    E(ANGL)=2428.345   |
 | E(DIHE)=160.429    E(IMPR)=105.282    E(VDW )=10330.289                     |
 -------------------------------------------------------------------------------
 --------------- cycle=    30 ------ stepsize=    0.0008 -----------------------
 | Etotal =13247.833  grad(E)=17.715     E(BOND)=224.354    E(ANGL)=2429.831   |
 | E(DIHE)=160.311    E(IMPR)=104.166    E(VDW )=10329.171                     |
 -------------------------------------------------------------------------------
 --------------- cycle=    35 ------ stepsize=    0.0002 -----------------------
 | Etotal =13247.378  grad(E)=17.726     E(BOND)=224.473    E(ANGL)=2428.603   |
 | E(DIHE)=160.271    E(IMPR)=105.242    E(VDW )=10328.790                     |
 -------------------------------------------------------------------------------
 --------------- cycle=    40 ------ stepsize=    0.0011 -----------------------
 | Etotal =13246.697  grad(E)=17.714     E(BOND)=224.392    E(ANGL)=2429.357   |
 | E(DIHE)=160.233    E(IMPR)=104.166    E(VDW )=10328.550                     |
 -------------------------------------------------------------------------------
 --------------- cycle=    45 ------ stepsize=   -0.0001 -----------------------
 | Etotal =13246.384  grad(E)=17.725     E(BOND)=224.716    E(ANGL)=2429.560   |
 | E(DIHE)=160.226    E(IMPR)=104.193    E(VDW )=10327.688                     |
 -------------------------------------------------------------------------------
 --------------- cycle=    50 ------ stepsize=    0.0009 -----------------------
 | Etotal =13246.197  grad(E)=17.727     E(BOND)=224.906    E(ANGL)=2429.636   |
 | E(DIHE)=160.221    E(IMPR)=103.798    E(VDW )=10327.637                     |
 -------------------------------------------------------------------------------
 POWELL: STEP number limit. Normal termination
 POWELL: Current coordinates set to last minimum
 %PARRDR-info: duplication of bond HC   NC2 
 %PARRDR-info: duplication of angle CH2E C    NH1 
 %PARRDR-info: duplication of angle CH2P CH2E HA  
 POWELL: number of degrees of freedom= 17595
 NBONDS: generating intra-molecular exclusion list with mode= 5
 MAKINB: mode   5 found  17051 exclusions and  17211 interactions(1-4)
 NBONDS: found   847139 intra-atom interactions
 NBONDS: found   847232 intra-atom interactions
 --------------- cycle=    50 ------ stepsize=   -0.0000 -----------------------
 | Etotal =1352.154   grad(E)=13.151     E(BOND)=24.904     E(ANGL)=1724.812   |
 | E(DIHE)=47.000     E(IMPR)=67.843     E(VDW )=-512.542   E(ELEC)=0.137      |
 -------------------------------------------------------------------------------
 POWELL: STEP number limit. Normal termination
 POWELL: Current coordinates set to last minimum
 --------------- cycle=     1 --------------------------------------------------
 | Etotal =1352.154   grad(E)=13.151     E(BOND)=24.904     E(ANGL)=1724.812   |
 | E(DIHE)=47.000     E(IMPR)=67.843     E(VDW )=-512.542   E(ELEC)=0.137      |
 -------------------------------------------------------------------------------
 SURFAC: half the sigma value being used for atomic radii.
 SURFAC: ACCEssible surface area
 SURFAC: ACCUracy= 0.07 RH2O=  1.40
         Z-grid=  0.32 number-of-Z-sections=  209
         measures-of-arc= 87741 and144792
 SURFAC: half the sigma value being used for atomic radii.
 SURFAC: ACCEssible surface area
 SURFAC: ACCUracy= 0.07 RH2O=  1.40
         Z-grid=  0.32 number-of-Z-sections=  137
         measures-of-arc= 26270 and 46286
 SURFAC: half the sigma value being used for atomic radii.
 SURFAC: ACCEssible surface area
 SURFAC: ACCUracy= 0.07 RH2O=  1.40
         Z-grid=  0.32 number-of-Z-sections=  209
         measures-of-arc=115760 and191283
 %PARRDR-info: duplication of bond HC   NC2 
 %PARRDR-info: duplication of angle CH2E C    NH1 
 %PARRDR-info: duplication of angle CH2P CH2E HA  
 NBONDS: generating intra-molecular exclusion list with mode= 5
 MAKINB: mode   5 found      5 exclusions and     10 interactions(1-4)
 NBONDS: found     2081 intra-atom interactions
 --------------- cycle=     2 --------------------------------------------------
 | Etotal =-40.238    grad(E)=0.136      E(VDW )=-5.638     E(ELEC)=-34.600    |
 -------------------------------------------------------------------------------
 NBONDS: generating intra-molecular exclusion list with mode= 5
 MAKINB: mode   5 found     10 exclusions and     20 interactions(1-4)
 NBONDS: found     2129 intra-atom interactions
 --------------- cycle=     3 --------------------------------------------------
 | Etotal =-125.284   grad(E)=0.278      E(VDW )=-5.607     E(ELEC)=-119.677   |
 -------------------------------------------------------------------------------
 NBONDS: generating intra-molecular exclusion list with mode= 5
 MAKINB: mode   5 found     10 exclusions and     20 interactions(1-4)
 NBONDS: found     4279 intra-atom interactions
 --------------- cycle=     4 --------------------------------------------------
 | Etotal =-97.465    grad(E)=0.208      E(VDW )=-12.186    E(ELEC)=-85.279    |
 -------------------------------------------------------------------------------
 NBONDS: generating intra-molecular exclusion list with mode= 5
 MAKINB: mode   5 found     10 exclusions and     20 interactions(1-4)
 NBONDS: found     3042 intra-atom interactions
 --------------- cycle=     5 --------------------------------------------------
 | Etotal =-88.794    grad(E)=0.147      E(VDW )=-10.763    E(ELEC)=-78.031    |
 -------------------------------------------------------------------------------
 NBONDS: generating intra-molecular exclusion list with mode= 5
 MAKINB: mode   5 found     10 exclusions and     20 interactions(1-4)
 NBONDS: found     4818 intra-atom interactions
 --------------- cycle=     6 --------------------------------------------------
 | Etotal =-170.475   grad(E)=0.417      E(VDW )=-10.556    E(ELEC)=-159.919   |
 -------------------------------------------------------------------------------
 NBONDS: generating intra-molecular exclusion list with mode= 5
 MAKINB: mode   5 found     10 exclusions and     20 interactions(1-4)
 NBONDS: found     3784 intra-atom interactions
 --------------- cycle=     7 --------------------------------------------------
 | Etotal =-101.150   grad(E)=0.223      E(VDW )=-14.674    E(ELEC)=-86.476    |
 -------------------------------------------------------------------------------
 NBONDS: generating intra-molecular exclusion list with mode= 5
 MAKINB: mode   5 found     10 exclusions and     20 interactions(1-4)
 NBONDS: found     5853 intra-atom interactions
 --------------- cycle=     8 --------------------------------------------------
 | Etotal =-97.621    grad(E)=0.183      E(VDW )=-19.200    E(ELEC)=-78.421    |
 -------------------------------------------------------------------------------
 NBONDS: generating intra-molecular exclusion list with mode= 5
 MAKINB: mode   5 found     10 exclusions and     20 interactions(1-4)
 NBONDS: found     5597 intra-atom interactions
 --------------- cycle=     9 --------------------------------------------------
 | Etotal =-100.424   grad(E)=0.204      E(VDW )=-15.138    E(ELEC)=-85.287    |
 -------------------------------------------------------------------------------
 NBONDS: generating intra-molecular exclusion list with mode= 5
 MAKINB: mode   5 found     10 exclusions and     20 interactions(1-4)
 NBONDS: found     3712 intra-atom interactions
 --------------- cycle=    10 --------------------------------------------------
 | Etotal =-152.279   grad(E)=0.355      E(VDW )=-9.962     E(ELEC)=-142.317   |
 -------------------------------------------------------------------------------
 NBONDS: generating intra-molecular exclusion list with mode= 5
 MAKINB: mode   5 found     10 exclusions and     20 interactions(1-4)
 NBONDS: found     5523 intra-atom interactions
 --------------- cycle=    11 --------------------------------------------------
 | Etotal =-188.008   grad(E)=0.417      E(VDW )=-13.346    E(ELEC)=-174.662   |
 -------------------------------------------------------------------------------
 NBONDS: generating intra-molecular exclusion list with mode= 5
 MAKINB: mode   5 found     10 exclusions and     20 interactions(1-4)
 NBONDS: found     5624 intra-atom interactions
 --------------- cycle=    12 --------------------------------------------------
 | Etotal =-103.600   grad(E)=0.219      E(VDW )=-15.577    E(ELEC)=-88.023    |
 -------------------------------------------------------------------------------
 NBONDS: generating intra-molecular exclusion list with mode= 5
 MAKINB: mode   5 found     10 exclusions and     20 interactions(1-4)
 NBONDS: found     3681 intra-atom interactions
 --------------- cycle=    13 --------------------------------------------------
 | Etotal =-116.004   grad(E)=0.271      E(VDW )=-10.609    E(ELEC)=-105.395   |
 -------------------------------------------------------------------------------
 NBONDS: generating intra-molecular exclusion list with mode= 5
 MAKINB: mode   5 found     10 exclusions and     20 interactions(1-4)
 NBONDS: found     2969 intra-atom interactions
 --------------- cycle=    14 --------------------------------------------------
 | Etotal =-87.647    grad(E)=0.171      E(VDW )=-10.304    E(ELEC)=-77.343    |
 -------------------------------------------------------------------------------
 NBONDS: generating intra-molecular exclusion list with mode= 5
 MAKINB: mode   5 found     10 exclusions and     20 interactions(1-4)
 NBONDS: found     3535 intra-atom interactions
 --------------- cycle=    15 --------------------------------------------------
 | Etotal =-176.515   grad(E)=0.452      E(VDW )=-13.386    E(ELEC)=-163.129   |
 -------------------------------------------------------------------------------
 NBONDS: generating intra-molecular exclusion list with mode= 5
 MAKINB: mode   5 found     10 exclusions and     20 interactions(1-4)
 NBONDS: found     3912 intra-atom interactions
 --------------- cycle=    16 --------------------------------------------------
 | Etotal =-181.266   grad(E)=0.567      E(VDW )=-13.370    E(ELEC)=-167.896   |
 -------------------------------------------------------------------------------
 NBONDS: generating intra-molecular exclusion list with mode= 5
 MAKINB: mode   5 found     10 exclusions and     20 interactions(1-4)
 NBONDS: found     3859 intra-atom interactions
 --------------- cycle=    17 --------------------------------------------------
 | Etotal =-182.929   grad(E)=0.486      E(VDW )=-11.089    E(ELEC)=-171.840   |
 -------------------------------------------------------------------------------
 NBONDS: generating intra-molecular exclusion list with mode= 5
 MAKINB: mode   5 found     10 exclusions and     20 interactions(1-4)
 NBONDS: found     5158 intra-atom interactions
 --------------- cycle=    18 --------------------------------------------------
 | Etotal =-189.215   grad(E)=0.394      E(VDW )=-21.536    E(ELEC)=-167.679   |
 -------------------------------------------------------------------------------
 NBONDS: generating intra-molecular exclusion list with mode= 5
 MAKINB: mode   5 found     10 exclusions and     20 interactions(1-4)
 NBONDS: found     3840 intra-atom interactions
 --------------- cycle=    19 --------------------------------------------------
 | Etotal =-114.443   grad(E)=0.215      E(VDW )=-13.982    E(ELEC)=-100.461   |
 -------------------------------------------------------------------------------
 NBONDS: generating intra-molecular exclusion list with mode= 5
 MAKINB: mode   5 found     10 exclusions and     20 interactions(1-4)
 NBONDS: found     4631 intra-atom interactions
 --------------- cycle=    20 --------------------------------------------------
 | Etotal =-95.575    grad(E)=0.211      E(VDW )=-13.835    E(ELEC)=-81.739    |
 -------------------------------------------------------------------------------
 NBONDS: generating intra-molecular exclusion list with mode= 5
 MAKINB: mode   5 found     10 exclusions and     20 interactions(1-4)
 NBONDS: found     6559 intra-atom interactions
 --------------- cycle=    21 --------------------------------------------------
 | Etotal =-114.527   grad(E)=0.265      E(VDW )=-27.736    E(ELEC)=-86.792    |
 -------------------------------------------------------------------------------
 NBONDS: generating intra-molecular exclusion list with mode= 5
 MAKINB: mode   5 found     10 exclusions and     20 interactions(1-4)
 NBONDS: found     3402 intra-atom interactions
 --------------- cycle=    22 --------------------------------------------------
 | Etotal =-164.900   grad(E)=0.380      E(VDW )=-7.071     E(ELEC)=-157.829   |
 -------------------------------------------------------------------------------
 NBONDS: generating intra-molecular exclusion list with mode= 5
 MAKINB: mode   5 found     10 exclusions and     20 interactions(1-4)
 NBONDS: found     3758 intra-atom interactions
 --------------- cycle=    23 --------------------------------------------------
 | Etotal =-91.711    grad(E)=0.149      E(VDW )=-14.063    E(ELEC)=-77.648    |
 -------------------------------------------------------------------------------
 NBONDS: generating intra-molecular exclusion list with mode= 5
 MAKINB: mode   5 found     10 exclusions and     20 interactions(1-4)
 NBONDS: found     2813 intra-atom interactions
 --------------- cycle=    24 --------------------------------------------------
 | Etotal =-83.041    grad(E)=0.215      E(VDW )=-8.486     E(ELEC)=-74.554    |
 -------------------------------------------------------------------------------
 NBONDS: generating intra-molecular exclusion list with mode= 5
 MAKINB: mode   5 found     10 exclusions and     20 interactions(1-4)
 NBONDS: found     2042 intra-atom interactions
 --------------- cycle=    25 --------------------------------------------------
 | Etotal =-86.986    grad(E)=0.148      E(VDW )=-7.446     E(ELEC)=-79.539    |
 -------------------------------------------------------------------------------
 NBONDS: generating intra-molecular exclusion list with mode= 5
 MAKINB: mode   5 found     10 exclusions and     23 interactions(1-4)
 NBONDS: found     5425 intra-atom interactions
 --------------- cycle=    26 --------------------------------------------------
 | Etotal =-82.267    grad(E)=0.188      E(VDW )=-17.835    E(ELEC)=-64.432    |
 -------------------------------------------------------------------------------
 NBONDS: generating intra-molecular exclusion list with mode= 5
 MAKINB: mode   5 found     10 exclusions and     23 interactions(1-4)
 NBONDS: found     2914 intra-atom interactions
 --------------- cycle=    27 --------------------------------------------------
 | Etotal =-60.504    grad(E)=0.137      E(VDW )=-7.926     E(ELEC)=-52.578    |
 -------------------------------------------------------------------------------
 NBONDS: generating intra-molecular exclusion list with mode= 5
 MAKINB: mode   5 found     10 exclusions and     20 interactions(1-4)
 NBONDS: found     3186 intra-atom interactions
 --------------- cycle=    28 --------------------------------------------------
 | Etotal =-68.897    grad(E)=0.253      E(VDW )=-2.313     E(ELEC)=-66.584    |
 -------------------------------------------------------------------------------
 NBONDS: generating intra-molecular exclusion list with mode= 5
 MAKINB: mode   5 found     10 exclusions and     20 interactions(1-4)
 NBONDS: found     1456 intra-atom interactions
 --------------- cycle=    29 --------------------------------------------------
 | Etotal =-82.926    grad(E)=0.284      E(VDW )=2.008      E(ELEC)=-84.934    |
 -------------------------------------------------------------------------------
 NBONDS: generating intra-molecular exclusion list with mode= 5
 MAKINB: mode   5 found     10 exclusions and     20 interactions(1-4)
 NBONDS: found     2401 intra-atom interactions
 --------------- cycle=    30 --------------------------------------------------
 | Etotal =-90.710    grad(E)=0.272      E(VDW )=-6.318     E(ELEC)=-84.392    |
 -------------------------------------------------------------------------------
 NBONDS: generating intra-molecular exclusion list with mode= 5
 MAKINB: mode   5 found     10 exclusions and     20 interactions(1-4)
 NBONDS: found     5319 intra-atom interactions
 --------------- cycle=    31 --------------------------------------------------
 | Etotal =-107.090   grad(E)=0.299      E(VDW )=-14.024    E(ELEC)=-93.066    |
 -------------------------------------------------------------------------------
 NBONDS: generating intra-molecular exclusion list with mode= 5
 MAKINB: mode   5 found     10 exclusions and     20 interactions(1-4)
 NBONDS: found     1978 intra-atom interactions
 --------------- cycle=    32 --------------------------------------------------
 | Etotal =-82.456    grad(E)=0.294      E(VDW )=-2.536     E(ELEC)=-79.921    |
 -------------------------------------------------------------------------------
 NBONDS: generating intra-molecular exclusion list with mode= 5
 MAKINB: mode   5 found     10 exclusions and     20 interactions(1-4)
 NBONDS: found     6291 intra-atom interactions
 --------------- cycle=    33 --------------------------------------------------
 | Etotal =-211.212   grad(E)=0.522      E(VDW )=-11.507    E(ELEC)=-199.704   |
 -------------------------------------------------------------------------------
 NBONDS: generating intra-molecular exclusion list with mode= 5
 MAKINB: mode   5 found     10 exclusions and     20 interactions(1-4)
 NBONDS: found     1887 intra-atom interactions
 --------------- cycle=    34 --------------------------------------------------
 | Etotal =-76.349    grad(E)=0.147      E(VDW )=-5.390     E(ELEC)=-70.959    |
 -------------------------------------------------------------------------------
 NBONDS: generating intra-molecular exclusion list with mode= 5
 MAKINB: mode   5 found     10 exclusions and     20 interactions(1-4)
 NBONDS: found     3499 intra-atom interactions
 --------------- cycle=    35 --------------------------------------------------
 | Etotal =-173.526   grad(E)=0.653      E(VDW )=-10.546    E(ELEC)=-162.980   |
 -------------------------------------------------------------------------------
 NBONDS: generating intra-molecular exclusion list with mode= 5
 MAKINB: mode   5 found     10 exclusions and     20 interactions(1-4)
 NBONDS: found     5569 intra-atom interactions
 --------------- cycle=    36 --------------------------------------------------
 | Etotal =-88.562    grad(E)=0.145      E(VDW )=-23.490    E(ELEC)=-65.072    |
 -------------------------------------------------------------------------------
 NBONDS: generating intra-molecular exclusion list with mode= 5
 MAKINB: mode   5 found     10 exclusions and     20 interactions(1-4)
 NBONDS: found     6613 intra-atom interactions
 --------------- cycle=    37 --------------------------------------------------
 | Etotal =-175.650   grad(E)=0.618      E(VDW )=-15.911    E(ELEC)=-159.739   |
 -------------------------------------------------------------------------------
 NBONDS: generating intra-molecular exclusion list with mode= 5
 MAKINB: mode   5 found     10 exclusions and     20 interactions(1-4)
 NBONDS: found     2363 intra-atom interactions
 --------------- cycle=    38 --------------------------------------------------
 | Etotal =-83.169    grad(E)=0.166      E(VDW )=-8.690     E(ELEC)=-74.479    |
 -------------------------------------------------------------------------------
 NBONDS: generating intra-molecular exclusion list with mode= 5
 MAKINB: mode   5 found     10 exclusions and     20 interactions(1-4)
 NBONDS: found     2350 intra-atom interactions
 --------------- cycle=    39 --------------------------------------------------
 | Etotal =-77.897    grad(E)=0.134      E(VDW )=-4.039     E(ELEC)=-73.858    |
 -------------------------------------------------------------------------------
 NBONDS: generating intra-molecular exclusion list with mode= 5
 MAKINB: mode   5 found     10 exclusions and     23 interactions(1-4)
 NBONDS: found     3551 intra-atom interactions
 --------------- cycle=    40 --------------------------------------------------
 | Etotal =-92.365    grad(E)=0.232      E(VDW )=-7.598     E(ELEC)=-84.767    |
 -------------------------------------------------------------------------------
 NBONDS: generating intra-molecular exclusion list with mode= 5
 MAKINB: mode   5 found     10 exclusions and     20 interactions(1-4)
 NBONDS: found     5848 intra-atom interactions
 --------------- cycle=    41 --------------------------------------------------
 | Etotal =-187.134   grad(E)=0.440      E(VDW )=-20.077    E(ELEC)=-167.057   |
 -------------------------------------------------------------------------------
 NBONDS: generating intra-molecular exclusion list with mode= 5
 MAKINB: mode   5 found     10 exclusions and     20 interactions(1-4)
 NBONDS: found     6461 intra-atom interactions
 --------------- cycle=    42 --------------------------------------------------
 | Etotal =-174.677   grad(E)=0.465      E(VDW )=-22.168    E(ELEC)=-152.509   |
 -------------------------------------------------------------------------------
 NBONDS: generating intra-molecular exclusion list with mode= 5
 MAKINB: mode   5 found     10 exclusions and     20 interactions(1-4)
 NBONDS: found     2563 intra-atom interactions
 --------------- cycle=    43 --------------------------------------------------
 | Etotal =-125.725   grad(E)=0.460      E(VDW )=-4.875     E(ELEC)=-120.851   |
 -------------------------------------------------------------------------------
 NBONDS: generating intra-molecular exclusion list with mode= 5
 MAKINB: mode   5 found     10 exclusions and     20 interactions(1-4)
 NBONDS: found     1330 intra-atom interactions
 --------------- cycle=    44 --------------------------------------------------
 | Etotal =-52.234    grad(E)=0.126      E(VDW )=-7.135     E(ELEC)=-45.099    |
 -------------------------------------------------------------------------------
 NBONDS: generating intra-molecular exclusion list with mode= 5
 MAKINB: mode   5 found     10 exclusions and     20 interactions(1-4)
 NBONDS: found     4835 intra-atom interactions
 --------------- cycle=    45 --------------------------------------------------
 | Etotal =-184.559   grad(E)=0.394      E(VDW )=-9.521     E(ELEC)=-175.038   |
 -------------------------------------------------------------------------------
 NBONDS: generating intra-molecular exclusion list with mode= 5
 MAKINB: mode   5 found     10 exclusions and     20 interactions(1-4)
 NBONDS: found     5142 intra-atom interactions
 --------------- cycle=    46 --------------------------------------------------
 | Etotal =-95.681    grad(E)=0.209      E(VDW )=-18.119    E(ELEC)=-77.562    |
 -------------------------------------------------------------------------------
 NBONDS: generating intra-molecular exclusion list with mode= 5
 MAKINB: mode   5 found     10 exclusions and     20 interactions(1-4)
 NBONDS: found     1875 intra-atom interactions
 --------------- cycle=    47 --------------------------------------------------
 | Etotal =-65.469    grad(E)=0.167      E(VDW )=-3.609     E(ELEC)=-61.860    |
 -------------------------------------------------------------------------------
 NBONDS: generating intra-molecular exclusion list with mode= 5
 MAKINB: mode   5 found     10 exclusions and     20 interactions(1-4)
 NBONDS: found     1064 intra-atom interactions
 --------------- cycle=    48 --------------------------------------------------
 | Etotal =-71.929    grad(E)=0.174      E(VDW )=-1.987     E(ELEC)=-69.942    |
 -------------------------------------------------------------------------------
 NBONDS: generating intra-molecular exclusion list with mode= 5
 MAKINB: mode   5 found     10 exclusions and     20 interactions(1-4)
 NBONDS: found     1535 intra-atom interactions
 --------------- cycle=    49 --------------------------------------------------
 | Etotal =-75.366    grad(E)=0.165      E(VDW )=-7.769     E(ELEC)=-67.597    |
 -------------------------------------------------------------------------------
 NBONDS: generating intra-molecular exclusion list with mode= 5
 MAKINB: mode   5 found     10 exclusions and     20 interactions(1-4)
 NBONDS: found     3044 intra-atom interactions
 --------------- cycle=    50 --------------------------------------------------
 | Etotal =-90.823    grad(E)=0.221      E(VDW )=-17.167    E(ELEC)=-73.656    |
 -------------------------------------------------------------------------------
 NBONDS: generating intra-molecular exclusion list with mode= 5
 MAKINB: mode   5 found     10 exclusions and     20 interactions(1-4)
 NBONDS: found     3642 intra-atom interactions
 --------------- cycle=    51 --------------------------------------------------
 | Etotal =-87.042    grad(E)=0.247      E(VDW )=-12.609    E(ELEC)=-74.433    |
 -------------------------------------------------------------------------------
 NBONDS: generating intra-molecular exclusion list with mode= 5
 MAKINB: mode   5 found     10 exclusions and     20 interactions(1-4)
 NBONDS: found     6364 intra-atom interactions
 --------------- cycle=    52 --------------------------------------------------
 | Etotal =-104.075   grad(E)=0.216      E(VDW )=-25.753    E(ELEC)=-78.322    |
 -------------------------------------------------------------------------------
 NBONDS: generating intra-molecular exclusion list with mode= 5
 MAKINB: mode   5 found     10 exclusions and     20 interactions(1-4)
 NBONDS: found     5634 intra-atom interactions
 --------------- cycle=    53 --------------------------------------------------
 | Etotal =-96.022    grad(E)=0.195      E(VDW )=-18.795    E(ELEC)=-77.227    |
 -------------------------------------------------------------------------------
 NBONDS: generating intra-molecular exclusion list with mode= 5
 MAKINB: mode   5 found     10 exclusions and     20 interactions(1-4)
 NBONDS: found     6040 intra-atom interactions
 --------------- cycle=    54 --------------------------------------------------
 | Etotal =-96.456    grad(E)=0.184      E(VDW )=-24.361    E(ELEC)=-72.096    |
 -------------------------------------------------------------------------------
 NBONDS: generating intra-molecular exclusion list with mode= 5
 MAKINB: mode   5 found     10 exclusions and     20 interactions(1-4)
 NBONDS: found     4778 intra-atom interactions
 --------------- cycle=    55 --------------------------------------------------
 | Etotal =-90.974    grad(E)=0.257      E(VDW )=-9.940     E(ELEC)=-81.035    |
 -------------------------------------------------------------------------------
 NBONDS: generating intra-molecular exclusion list with mode= 5
 MAKINB: mode   5 found     10 exclusions and     20 interactions(1-4)
 NBONDS: found     3054 intra-atom interactions
 --------------- cycle=    56 --------------------------------------------------
 | Etotal =-74.651    grad(E)=0.281      E(VDW )=-4.700     E(ELEC)=-69.951    |
 -------------------------------------------------------------------------------
 NBONDS: generating intra-molecular exclusion list with mode= 5
 MAKINB: mode   5 found     10 exclusions and     20 interactions(1-4)
 NBONDS: found     2305 intra-atom interactions
 --------------- cycle=    57 --------------------------------------------------
 | Etotal =-78.287    grad(E)=0.171      E(VDW )=-7.261     E(ELEC)=-71.025    |
 -------------------------------------------------------------------------------
 NBONDS: generating intra-molecular exclusion list with mode= 5
 MAKINB: mode   5 found     10 exclusions and     20 interactions(1-4)
 NBONDS: found     1088 intra-atom interactions
 --------------- cycle=    58 --------------------------------------------------
 | Etotal =-66.776    grad(E)=0.123      E(VDW )=-3.641     E(ELEC)=-63.134    |
 -------------------------------------------------------------------------------
 NBONDS: generating intra-molecular exclusion list with mode= 5
 MAKINB: mode   5 found     10 exclusions and     20 interactions(1-4)
 NBONDS: found      840 intra-atom interactions
 --------------- cycle=    59 --------------------------------------------------
 | Etotal =-69.920    grad(E)=0.100      E(VDW )=-2.950     E(ELEC)=-66.969    |
 -------------------------------------------------------------------------------
 NBONDS: generating intra-molecular exclusion list with mode= 5
 MAKINB: mode   5 found     10 exclusions and     23 interactions(1-4)
 NBONDS: found     1884 intra-atom interactions
 --------------- cycle=    60 --------------------------------------------------
 | Etotal =-62.966    grad(E)=0.164      E(VDW )=-6.651     E(ELEC)=-56.315    |
 -------------------------------------------------------------------------------
 NBONDS: generating intra-molecular exclusion list with mode= 5
 MAKINB: mode   5 found     10 exclusions and     20 interactions(1-4)
 NBONDS: found     2107 intra-atom interactions
 --------------- cycle=    61 --------------------------------------------------
 | Etotal =-94.142    grad(E)=0.254      E(VDW )=-2.734     E(ELEC)=-91.408    |
 -------------------------------------------------------------------------------
 NBONDS: generating intra-molecular exclusion list with mode= 5
 MAKINB: mode   5 found     10 exclusions and     20 interactions(1-4)
 NBONDS: found     1107 intra-atom interactions
 --------------- cycle=    62 --------------------------------------------------
 | Etotal =-68.344    grad(E)=0.147      E(VDW )=-3.395     E(ELEC)=-64.949    |
 -------------------------------------------------------------------------------
 NBONDS: generating intra-molecular exclusion list with mode= 5
 MAKINB: mode   5 found     10 exclusions and     20 interactions(1-4)
 NBONDS: found     3297 intra-atom interactions
 --------------- cycle=    63 --------------------------------------------------
 | Etotal =-64.054    grad(E)=0.179      E(VDW )=-6.382     E(ELEC)=-57.672    |
 -------------------------------------------------------------------------------
 NBONDS: generating intra-molecular exclusion list with mode= 5
 MAKINB: mode   5 found     10 exclusions and     20 interactions(1-4)
 NBONDS: found     3173 intra-atom interactions
 --------------- cycle=    64 --------------------------------------------------
 | Etotal =-99.537    grad(E)=0.236      E(VDW )=-11.281    E(ELEC)=-88.257    |
 -------------------------------------------------------------------------------
 NBONDS: generating intra-molecular exclusion list with mode= 5
 MAKINB: mode   5 found     13 exclusions and     27 interactions(1-4)
 NBONDS: found     2391 intra-atom interactions
 --------------- cycle=    65 --------------------------------------------------
 | Etotal =-74.088    grad(E)=0.199      E(VDW )=-13.307    E(ELEC)=-60.780    |
 -------------------------------------------------------------------------------
 NBONDS: generating intra-molecular exclusion list with mode= 5
 MAKINB: mode   5 found     10 exclusions and     20 interactions(1-4)
 NBONDS: found     5960 intra-atom interactions
 --------------- cycle=    66 --------------------------------------------------
 | Etotal =-87.883    grad(E)=0.161      E(VDW )=-26.966    E(ELEC)=-60.917    |
 -------------------------------------------------------------------------------
 NBONDS: generating intra-molecular exclusion list with mode= 5
 MAKINB: mode   5 found     10 exclusions and     23 interactions(1-4)
 NBONDS: found     4007 intra-atom interactions
 --------------- cycle=    67 --------------------------------------------------
 | Etotal =-72.567    grad(E)=0.168      E(VDW )=-14.083    E(ELEC)=-58.483    |
 -------------------------------------------------------------------------------
 NBONDS: generating intra-molecular exclusion list with mode= 5
 MAKINB: mode   5 found     10 exclusions and     23 interactions(1-4)
 NBONDS: found     3818 intra-atom interactions
 --------------- cycle=    68 --------------------------------------------------
 | Etotal =-85.131    grad(E)=0.203      E(VDW )=-14.998    E(ELEC)=-70.133    |
 -------------------------------------------------------------------------------
 NBONDS: generating intra-molecular exclusion list with mode= 5
 MAKINB: mode   5 found     10 exclusions and     20 interactions(1-4)
 NBONDS: found     4840 intra-atom interactions
 --------------- cycle=    69 --------------------------------------------------
 | Etotal =-82.251    grad(E)=0.142      E(VDW )=-18.851    E(ELEC)=-63.400    |
 -------------------------------------------------------------------------------
 NBONDS: generating intra-molecular exclusion list with mode= 5
 MAKINB: mode   5 found     10 exclusions and     20 interactions(1-4)
 NBONDS: found     4459 intra-atom interactions
 --------------- cycle=    70 --------------------------------------------------
 | Etotal =-127.710   grad(E)=0.319      E(VDW )=-18.139    E(ELEC)=-109.571   |
 -------------------------------------------------------------------------------
 NBONDS: generating intra-molecular exclusion list with mode= 5
 MAKINB: mode   5 found     10 exclusions and     20 interactions(1-4)
 NBONDS: found     2632 intra-atom interactions
 --------------- cycle=    71 --------------------------------------------------
 | Etotal =-69.120    grad(E)=0.129      E(VDW )=-10.789    E(ELEC)=-58.331    |
 -------------------------------------------------------------------------------
 NBONDS: generating intra-molecular exclusion list with mode= 5
 MAKINB: mode   5 found     10 exclusions and     20 interactions(1-4)
 NBONDS: found     6436 intra-atom interactions
 --------------- cycle=    72 --------------------------------------------------
 | Etotal =-94.157    grad(E)=0.174      E(VDW )=-26.460    E(ELEC)=-67.698    |
 -------------------------------------------------------------------------------
 NBONDS: generating intra-molecular exclusion list with mode= 5
 MAKINB: mode   5 found     10 exclusions and     20 interactions(1-4)
 NBONDS: found     2078 intra-atom interactions
 --------------- cycle=    73 --------------------------------------------------
 | Etotal =-84.535    grad(E)=0.184      E(VDW )=-7.964     E(ELEC)=-76.571    |
 -------------------------------------------------------------------------------
 NBONDS: generating intra-molecular exclusion list with mode= 5
 MAKINB: mode   5 found     10 exclusions and     20 interactions(1-4)
 NBONDS: found     6575 intra-atom interactions
 --------------- cycle=    74 --------------------------------------------------
 | Etotal =-109.655   grad(E)=0.204      E(VDW )=-29.049    E(ELEC)=-80.606    |
 -------------------------------------------------------------------------------
 NBONDS: generating intra-molecular exclusion list with mode= 5
 MAKINB: mode   5 found     10 exclusions and     23 interactions(1-4)
 NBONDS: found     4582 intra-atom interactions
 --------------- cycle=    75 --------------------------------------------------
 | Etotal =-87.431    grad(E)=0.492      E(VDW )=-9.179     E(ELEC)=-78.251    |
 -------------------------------------------------------------------------------
 NBONDS: generating intra-molecular exclusion list with mode= 5
 MAKINB: mode   5 found     10 exclusions and     23 interactions(1-4)
 NBONDS: found     2946 intra-atom interactions
 --------------- cycle=    76 --------------------------------------------------
 | Etotal =-69.372    grad(E)=0.443      E(VDW )=0.712      E(ELEC)=-70.084    |
 -------------------------------------------------------------------------------
 NBONDS: generating intra-molecular exclusion list with mode= 5
 MAKINB: mode   5 found     10 exclusions and     20 interactions(1-4)
 NBONDS: found     3470 intra-atom interactions
 --------------- cycle=    77 --------------------------------------------------
 | Etotal =-85.604    grad(E)=0.175      E(VDW )=-12.216    E(ELEC)=-73.387    |
 -------------------------------------------------------------------------------
 NBONDS: generating intra-molecular exclusion list with mode= 5
 MAKINB: mode   5 found     10 exclusions and     20 interactions(1-4)
 NBONDS: found     4052 intra-atom interactions
 --------------- cycle=    78 --------------------------------------------------
 | Etotal =-101.851   grad(E)=0.251      E(VDW )=-19.487    E(ELEC)=-82.364    |
 -------------------------------------------------------------------------------
 NBONDS: generating intra-molecular exclusion list with mode= 5
 MAKINB: mode   5 found     10 exclusions and     20 interactions(1-4)
 NBONDS: found     1782 intra-atom interactions
 --------------- cycle=    79 --------------------------------------------------
 | Etotal =-66.083    grad(E)=0.255      E(VDW )=0.735      E(ELEC)=-66.817    |
 -------------------------------------------------------------------------------
 NBONDS: generating intra-molecular exclusion list with mode= 5
 MAKINB: mode   5 found     10 exclusions and     20 interactions(1-4)
 NBONDS: found     2809 intra-atom interactions
 --------------- cycle=    80 --------------------------------------------------
 | Etotal =-71.846    grad(E)=0.151      E(VDW )=-6.832     E(ELEC)=-65.013    |
 -------------------------------------------------------------------------------
 NBONDS: generating intra-molecular exclusion list with mode= 5
 MAKINB: mode   5 found     10 exclusions and     20 interactions(1-4)
 NBONDS: found     1607 intra-atom interactions
 --------------- cycle=    81 --------------------------------------------------
 | Etotal =-78.660    grad(E)=0.217      E(VDW )=-2.306     E(ELEC)=-76.354    |
 -------------------------------------------------------------------------------
 NBONDS: generating intra-molecular exclusion list with mode= 5
 MAKINB: mode   5 found     10 exclusions and     20 interactions(1-4)
 NBONDS: found     5519 intra-atom interactions
 --------------- cycle=    82 --------------------------------------------------
 | Etotal =-108.185   grad(E)=0.285      E(VDW )=-23.787    E(ELEC)=-84.398    |
 -------------------------------------------------------------------------------
 NBONDS: generating intra-molecular exclusion list with mode= 5
 MAKINB: mode   5 found     10 exclusions and     23 interactions(1-4)
 NBONDS: found     4521 intra-atom interactions
 --------------- cycle=    83 --------------------------------------------------
 | Etotal =-110.528   grad(E)=0.262      E(VDW )=-19.690    E(ELEC)=-90.838    |
 -------------------------------------------------------------------------------
 HEAP: maximum use      =    21750880 current use      =       96000 bytes
 HEAP: maximum overhead =        2784 current overhead =         752 bytes
          ============================================================
           Maximum dynamic memory allocation:    21750880 bytes
           Maximum dynamic memory overhead:          2784 bytes
           Program started at: 18:43:47 on 10-Jun-2020
           Program stopped at: 18:44:11 on 10-Jun-2020
           CPU time used:      23.4219 seconds
          ============================================================
