          ============================================================
          |                                                          |
          |            Crystallography & NMR System (CNS)            |
          |                         CNSsolve                         |
          |                                                          |
          ============================================================
           Version: 1.3 at patch level U
           Status: Special UU release with Rg and paramagnetic
                   restraints (A. Bonvin, UU 2011)
          ============================================================
           Written by: A.T.Brunger, P.D.Adams, G.M.Clore, W.L.DeLano,
                       P.Gros, R.W.Grosse-Kunstleve,J.-S.Jiang,J.M.Krahn,
                       J.Kuszewski, M.Nilges, N.S.Pannu, R.J.Read,
                       L.M.Rice, G.F.Schroeder, T.Simonson, G.L.Warren.
           Copyright (c) 1997-2010 Yale University
          ============================================================
           Running on machine: hostname unknown (x86_64/Linux,64-bit)
           Program started by: joaor
           Program started at: 18:44:59 on 10-Jun-2020
          ============================================================

 FFT3C: Using FFTPACK4.1

 CNSsolve>! 
 CNSsolve>! Calculates pairwise energies between residues 
 CNSsolve>! Will only rebuild hydrogen atoms 
 CNSsolve>! 
 CNSsolve>! Adapted from HADDOCK protocols here and there. 
 CNSsolve>! JR & AMJJB @ 2020 
 CNSsolve>! 
 CNSsolve>define( 
 DEFINE>    {===>} auto_break=true; 
 DEFINE>    {===>} break_cutoff=2.5; 
 DEFINE>    {===>} dnaauto_break=true; 
 DEFINE>    {===>} dbreak_cutoff=4.5; 
 DEFINE>    {===>} auto_cispro=true; 
 DEFINE>    {===>} auto_disu=true; 
 DEFINE>    {===>} disulphide_dist=3.0; 
 DEFINE>    {===>} glyco_dist=2.75; 
 DEFINE>    {===>} coorin="molecule.pdb"; 
 DEFINE>    {===>} icutoff=5.0; 
 DEFINE>) 
 CNSsolve> 
 CNSsolve>! Mute (most) output 
 CNSsolve>set message=on echo=off end 
 ASSFIL: file merged.param opened.
 MESSage=NORM
 EVALUATE: symbol $OLD_MESSAGE set to "NORM" (string)
 ECHO=FALSe {OFF}
 EVALUATE: symbol $OLD_ECHO set to FALSE (logical)
 %PARRDR-info: duplication of bond HC   NC2 
 %PARRDR-info: duplication of angle CH2E C    NH1 
 %PARRDR-info: duplication of angle CH2P CH2E HA  
 ASSFIL: file merged.top opened.
 MESSage=NORM
 EVALUATE: symbol $OLD_MESSAGE set to "NORM" (string)
 ECHO=FALSe {OFF}
 EVALUATE: symbol $OLD_ECHO set to FALSE (logical)
 %RTFIO-warning: undefined masses in residue CYC 
 %RTFIO error encountered: there are undefined masses.
   (CNS is in mode: SET ABORT=NORMal END)
 MESSage=NORM
 EVALUATE: symbol $OLD_MESSAGE set to "NORM" (string)
 ECHO=FALSe {OFF}
 EVALUATE: symbol $OLD_ECHO set to FALSE (logical)
 ASSFIL: file protein_break.top opened.
 %RTFRDR-ERR: duplicate (P-)RESIdue name DPEP
 %RTFRDR-ERR: duplicate (P-)RESIdue name DPPP
 RTFRDR> 
 RTFRDR>end 
 CNSsolve> 
 CNSsolve>! Reset output muting 
 CNSsolve>set message=off echo=off end 
FOUND 5 NAG:ASN pairs
NAG:ASN bond added from   B    901  to   B    53  
NAG:ASN bond added from   B    903  to   B    90  
NAG:ASN bond added from   B    907  to   B    322 
NAG:ASN bond added from   B    910  to   B    546 
NAG:ASN bond added from   E    1401 to   E    343 
FOUND 5 NAG:NAG pairs
NAG:NAG B14 bond added from   B    902  to   B    901 
NAG:NAG B14 bond added from   B    904  to   B    903 
NAG:NAG B14 bond added from   B    911  to   B    910 
NAG:NAG B14 bond added from   E    1402 to   E    1401
NAG:NAG B14 bond added from   E    1403 to   E    1402
 %PARRDR-info: duplication of bond HC   NC2 
 %PARRDR-info: duplication of angle CH2E C    NH1 
 %PARRDR-info: duplication of angle CH2P CH2E HA  
 POWELL: number of degrees of freedom= 13278
 NBONDS: generating intra-molecular exclusion list with mode=-2
 MAKINB: mode  -2 found   4426 exclusions and      0 interactions(1-4)
 %atoms "B   -215 -TYR -HA  " and "B   -215 -TYR -HE2 " only  0.10 A apart
 %atoms "B   -217 -TYR -CG  " and "B   -217 -TYR -HE1 " only  0.02 A apart
 %atoms "B   -315 -PHE -CG  " and "B   -315 -PHE -HZ  " only  0.06 A apart
 %atoms "B   -369 -PHE -HA  " and "B   -369 -PHE -HB1 " only  0.06 A apart
 %atoms "B   -419 -LYS -CG  " and "B   -419 -LYS -HE1 " only  0.09 A apart
 %atoms "B   -454 -TYR -HB1 " and "B   -454 -TYR -HE2 " only  0.09 A apart
 %atoms "B   -484 -ILE -HD12" and "B   -484 -ILE -HD13" only  0.07 A apart
 %atoms "B   -596 -LYS -HA  " and "B   -596 -LYS -HB1 " only  0.08 A apart
 %atoms "E   -356 -LYS -HA  " and "E   -356 -LYS -HG2 " only  0.10 A apart
 %atoms "E   -358 -ILE -HA  " and "E   -358 -ILE -HD13" only  0.06 A apart
 %atoms "E   -377 -PHE -HE1 " and "E   -377 -PHE -HZ  " only  0.09 A apart
 %atoms "E   -458 -LYS -HB1 " and "E   -458 -LYS -HB2 " only  0.09 A apart
 %atoms "E   -468 -ILE -CB  " and "E   -468 -ILE -HG11" only  0.07 A apart
 NBONDS: found   661827 intra-atom interactions
 NBONDS: found       13 nonbonded violations
 NBONDS: found   660541 intra-atom interactions
 %atoms "B   -425 -PRO -CB  " and "B   -425 -PRO -HG2 " only  0.09 A apart
 %atoms "B   -520 -ILE -HG22" and "B   -520 -ILE -HD12" only  0.09 A apart
 NBONDS: found   655412 intra-atom interactions
 NBONDS: found        2 nonbonded violations
 %atoms "B   -101 -GLN -CA  " and "B   -101 -GLN -HB2 " only  0.06 A apart
 %atoms "B   -594 -TRP -HZ3 " and "B   -594 -TRP -CH2 " only  0.08 A apart
 NBONDS: found   653291 intra-atom interactions
 NBONDS: found        2 nonbonded violations
 NBONDS: found   652046 intra-atom interactions
 --------------- cycle=    10 ------ stepsize=   -0.0000 -----------------------
 | Etotal =0.32E+07   grad(E)=583.675    E(BOND)=512568.447 E(ANGL)=0.15E+07   |
 | E(VDW )=0.12E+07                                                            |
 -------------------------------------------------------------------------------
 NBONDS: found   652244 intra-atom interactions
 NBONDS: found   653075 intra-atom interactions
 NBONDS: found   653161 intra-atom interactions
 NBONDS: found   653354 intra-atom interactions
 --------------- cycle=    20 ------ stepsize=    0.0000 -----------------------
 | Etotal =0.12E+07   grad(E)=302.197    E(BOND)=224255.034 E(ANGL)=482476.467 |
 | E(VDW )=496067.825                                                          |
 -------------------------------------------------------------------------------
 NBONDS: found   653062 intra-atom interactions
 NBONDS: found   653038 intra-atom interactions
 NBONDS: found   652906 intra-atom interactions
 --------------- cycle=    30 ------ stepsize=   -0.0000 -----------------------
 | Etotal =945276.657 grad(E)=245.409    E(BOND)=182294.125 E(ANGL)=343363.290 |
 | E(VDW )=419619.242                                                          |
 -------------------------------------------------------------------------------
 NBONDS: found   652851 intra-atom interactions
 NBONDS: found   652967 intra-atom interactions
 NBONDS: found   653023 intra-atom interactions
 --------------- cycle=    40 ------ stepsize=    0.0001 -----------------------
 | Etotal =903742.093 grad(E)=236.643    E(BOND)=177819.582 E(ANGL)=323401.373 |
 | E(VDW )=402521.138                                                          |
 -------------------------------------------------------------------------------
 NBONDS: found   653035 intra-atom interactions
 NBONDS: found   652971 intra-atom interactions
 --------------- cycle=    50 ------ stepsize=    0.0001 -----------------------
 | Etotal =889790.501 grad(E)=234.715    E(BOND)=177827.606 E(ANGL)=316106.543 |
 | E(VDW )=395856.351                                                          |
 -------------------------------------------------------------------------------
 POWELL: STEP number limit. Normal termination
 POWELL: Current coordinates set to last minimum
 DCART: temperature coupling (TCOUpling) enabled
 -------------------------- Cartesian dynamics start ---------------------------
 | E(kin)+E(total)=0.34E+07        E(kin)=4026.675      temperature=305.214    |
 | Etotal =0.34E+07   grad(E)=590.048    E(BOND)=177827.606 E(ANGL)=316106.543 |
 | E(IMPR)=0.29E+07                                                            |
 -------------------------------------------------------------------------------
 ----------------- final step=       50 at      0.02500 ps ---------------------
 | E(kin)+E(total)=0.22E+07        E(kin)=430915.861    temperature=32662.558  |
 | Etotal =0.18E+07   grad(E)=330.359    E(BOND)=195239.239 E(ANGL)=817345.548 |
 | E(IMPR)=774466.263                                                          |
 -------------------------------------------------------------------------------
 CENMAS: Information about center of free masses
         position [A]          :     -0.61116      0.03648     -0.24055
         velocity [A/ps]       :      0.56371     -0.35992     -0.56040
         ang. mom. [amu A/ps]  :-935056.31548-667281.14224 832971.57838
         kin. ener. [Kcal/mol] :     80.53932
 POWELL: number of degrees of freedom= 13278
 NBONDS: found   650142 intra-atom interactions
 NBONDS: found   649617 intra-atom interactions
 NBONDS: found   650194 intra-atom interactions
 NBONDS: found   651164 intra-atom interactions
 --------------- cycle=    10 ------ stepsize=   -0.0001 -----------------------
 | Etotal =0.18E+07   grad(E)=270.180    E(BOND)=226607.004 E(ANGL)=431437.936 |
 | E(IMPR)=709190.432 E(VDW )=478804.170                                       |
 -------------------------------------------------------------------------------
 NBONDS: found   651765 intra-atom interactions
 NBONDS: found   651850 intra-atom interactions
 NBONDS: found   652039 intra-atom interactions
 NBONDS: found   652090 intra-atom interactions
 NBONDS: found   651966 intra-atom interactions
 --------------- cycle=    20 ------ stepsize=   -0.0000 -----------------------
 | Etotal =0.13E+07   grad(E)=144.340    E(BOND)=168255.859 E(ANGL)=170850.383 |
 | E(IMPR)=601909.122 E(VDW )=348344.445                                       |
 -------------------------------------------------------------------------------
 NBONDS: found   651978 intra-atom interactions
 NBONDS: found   651910 intra-atom interactions
 NBONDS: found   651839 intra-atom interactions
 --------------- cycle=    30 ------ stepsize=    0.0002 -----------------------
 | Etotal =0.12E+07   grad(E)=122.819    E(BOND)=165274.799 E(ANGL)=139649.519 |
 | E(IMPR)=585420.122 E(VDW )=318837.436                                       |
 -------------------------------------------------------------------------------
 NBONDS: found   651762 intra-atom interactions
 NBONDS: found   651735 intra-atom interactions
 --------------- cycle=    40 ------ stepsize=    0.0000 -----------------------
 | Etotal =0.12E+07   grad(E)=116.506    E(BOND)=162303.673 E(ANGL)=128807.737 |
 | E(IMPR)=576243.005 E(VDW )=314310.314                                       |
 -------------------------------------------------------------------------------
 NBONDS: found   651754 intra-atom interactions
 NBONDS: found   651791 intra-atom interactions
 --------------- cycle=    50 ------ stepsize=    0.0002 -----------------------
 | Etotal =0.12E+07   grad(E)=117.433    E(BOND)=165932.212 E(ANGL)=127231.173 |
 | E(IMPR)=568246.770 E(VDW )=309098.791                                       |
 -------------------------------------------------------------------------------
 POWELL: STEP number limit. Normal termination
 POWELL: Current coordinates set to last minimum
 DCART: temperature coupling (TCOUpling) enabled
 -------------------------- Cartesian dynamics start ---------------------------
 | E(kin)+E(total)=0.12E+07        E(kin)=3977.561      temperature=301.491    |
 | Etotal =0.12E+07   grad(E)=117.433    E(BOND)=165932.212 E(ANGL)=127231.173 |
 | E(IMPR)=568246.770 E(VDW )=309098.791                                       |
 -------------------------------------------------------------------------------
 NBONDS: found   651753 intra-atom interactions
 NBONDS: found   651754 intra-atom interactions
 ----------------- final step=       50 at      0.02500 ps ---------------------
 | E(kin)+E(total)=0.12E+07        E(kin)=5680.868      temperature=430.598    |
 | Etotal =0.12E+07   grad(E)=116.615    E(BOND)=164136.446 E(ANGL)=124091.352 |
 | E(IMPR)=565680.328 E(VDW )=309599.972                                       |
 -------------------------------------------------------------------------------
 CENMAS: Information about center of free masses
         position [A]          :     -0.60636      0.03052     -0.24008
         velocity [A/ps]       :     -0.03585     -0.05987      0.02047
         ang. mom. [amu A/ps]  :   9103.83066 200403.93573 -76858.09695
         kin. ener. [Kcal/mol] :      0.55940
 %PARRDR-info: duplication of bond HC   NC2 
 %PARRDR-info: duplication of angle CH2E C    NH1 
 %PARRDR-info: duplication of angle CH2P CH2E HA  
 POWELL: number of degrees of freedom= 13278
 NBONDS: generating intra-molecular exclusion list with mode=-3
 MAKINB: mode  -3 found  15125 exclusions and      0 interactions(1-4)
 NBONDS: found   641041 intra-atom interactions
 NBONDS: found   642860 intra-atom interactions
 NBONDS: found   642785 intra-atom interactions
 NBONDS: found   642892 intra-atom interactions
 NBONDS: found   643415 intra-atom interactions
 NBONDS: found   643548 intra-atom interactions
 --------------- cycle=    25 ------ stepsize=   -0.0001 -----------------------
 | Etotal =339107.732 grad(E)=159.919    E(BOND)=64654.361  E(ANGL)=159605.064 |
 | E(IMPR)=112032.057 E(VDW )=2816.250                                         |
 -------------------------------------------------------------------------------
 NBONDS: found   643698 intra-atom interactions
 NBONDS: found   643385 intra-atom interactions
 NBONDS: found   643278 intra-atom interactions
 NBONDS: found   643257 intra-atom interactions
 NBONDS: found   643283 intra-atom interactions
 NBONDS: found   643233 intra-atom interactions
 NBONDS: found   643301 intra-atom interactions
 NBONDS: found   643201 intra-atom interactions
 NBONDS: found   643242 intra-atom interactions
 --------------- cycle=    50 ------ stepsize=    0.0007 -----------------------
 | Etotal =58607.637  grad(E)=40.357     E(BOND)=2533.443   E(ANGL)=26835.683  |
 | E(IMPR)=28510.810  E(VDW )=727.701                                          |
 -------------------------------------------------------------------------------
 NBONDS: found   643383 intra-atom interactions
 NBONDS: found   643360 intra-atom interactions
 NBONDS: found   643309 intra-atom interactions
 NBONDS: found   643238 intra-atom interactions
 --------------- cycle=    75 ------ stepsize=    0.0001 -----------------------
 | Etotal =21396.903  grad(E)=31.217     E(BOND)=1248.015   E(ANGL)=9882.531   |
 | E(IMPR)=9656.098   E(VDW )=610.260                                          |
 -------------------------------------------------------------------------------
 NBONDS: found   643247 intra-atom interactions
 NBONDS: found   643313 intra-atom interactions
 NBONDS: found   643372 intra-atom interactions
 NBONDS: found   643355 intra-atom interactions
 --------------- cycle=   100 ------ stepsize=    0.0006 -----------------------
 | Etotal =4430.925   grad(E)=16.857     E(BOND)=78.616     E(ANGL)=3564.487   |
 | E(IMPR)=220.659    E(VDW )=567.164                                          |
 -------------------------------------------------------------------------------
 POWELL: STEP number limit. Normal termination
 POWELL: Current coordinates set to last minimum
 DCART: temperature coupling (TCOUpling) enabled
 -------------------------- Cartesian dynamics start ---------------------------
 | E(kin)+E(total)=8318.376        E(kin)=3887.451      temperature=294.661    |
 | Etotal =4430.925   grad(E)=16.857     E(BOND)=78.616     E(ANGL)=3564.487   |
 | E(IMPR)=220.659    E(VDW )=567.164                                          |
 -------------------------------------------------------------------------------
 NBONDS: found   643386 intra-atom interactions
 NBONDS: found   643419 intra-atom interactions
 NBONDS: found   643485 intra-atom interactions
 NBONDS: found   643359 intra-atom interactions
 NBONDS: found   643195 intra-atom interactions
 NBONDS: found   643373 intra-atom interactions
 NBONDS: found   643225 intra-atom interactions
 NBONDS: found   643262 intra-atom interactions
 NBONDS: found   643212 intra-atom interactions
 NBONDS: found   643272 intra-atom interactions
 NBONDS: found   643219 intra-atom interactions
 NBONDS: found   643289 intra-atom interactions
 NBONDS: found   643294 intra-atom interactions
 NBONDS: found   643353 intra-atom interactions
 NBONDS: found   643255 intra-atom interactions
 NBONDS: found   643240 intra-atom interactions
 NBONDS: found   643360 intra-atom interactions
 NBONDS: found   643300 intra-atom interactions
 NBONDS: found   643302 intra-atom interactions
 ----------------- final step=      500 at      0.25000 ps ---------------------
 | E(kin)+E(total)=10031.445       E(kin)=4555.623      temperature=345.307    |
 | Etotal =5475.821   grad(E)=29.424     E(BOND)=892.089    E(ANGL)=3662.904   |
 | E(IMPR)=299.019    E(VDW )=621.810                                          |
 -------------------------------------------------------------------------------
 CENMAS: Information about center of free masses
         position [A]          :     -0.60612      0.02970     -0.23861
         velocity [A/ps]       :     -0.04896     -0.00215      0.01833
         ang. mom. [amu A/ps]  :-147234.85768 -66505.07271 263056.53553
         kin. ener. [Kcal/mol] :      0.28963
 EFLAGS: the following energy flags are set
 EFLAGS: BOND ANGL DIHE IMPR VDW 
 %PARRDR-info: duplication of bond HC   NC2 
 %PARRDR-info: duplication of angle CH2E C    NH1 
 %PARRDR-info: duplication of angle CH2P CH2E HA  
 POWELL: number of degrees of freedom= 13278
 NBONDS: generating intra-molecular exclusion list with mode=-3
 MAKINB: mode  -3 found  15125 exclusions and      0 interactions(1-4)
 NBONDS: found   643288 intra-atom interactions
 NBONDS: found   643264 intra-atom interactions
 --------------- cycle=    50 ------ stepsize=    0.0009 -----------------------
 | Etotal =14064.524  grad(E)=18.043     E(BOND)=242.572    E(ANGL)=2461.331   |
 | E(DIHE)=184.181    E(IMPR)=107.561    E(VDW )=11068.880                     |
 -------------------------------------------------------------------------------
 --------------- cycle=   100 ------ stepsize=    0.0009 -----------------------
 | Etotal =13749.883  grad(E)=17.831     E(BOND)=232.932    E(ANGL)=2444.425   |
 | E(DIHE)=163.778    E(IMPR)=105.276    E(VDW )=10803.471                     |
 -------------------------------------------------------------------------------
 --------------- cycle=   150 ------ stepsize=    0.0011 -----------------------
 | Etotal =13724.855  grad(E)=17.857     E(BOND)=234.267    E(ANGL)=2439.202   |
 | E(DIHE)=159.657    E(IMPR)=105.394    E(VDW )=10786.336                     |
 -------------------------------------------------------------------------------
 --------------- cycle=   200 ------ stepsize=    0.0009 -----------------------
 | Etotal =13722.763  grad(E)=17.843     E(BOND)=233.801    E(ANGL)=2438.625   |
 | E(DIHE)=159.823    E(IMPR)=105.139    E(VDW )=10785.375                     |
 -------------------------------------------------------------------------------
 --------------- cycle=   250 ------ stepsize=    0.0011 -----------------------
 | Etotal =13722.333  grad(E)=17.842     E(BOND)=233.860    E(ANGL)=2438.595   |
 | E(DIHE)=160.437    E(IMPR)=105.158    E(VDW )=10784.284                     |
 -------------------------------------------------------------------------------
 --------------- cycle=   300 ------ stepsize=    0.0013 -----------------------
 | Etotal =13722.230  grad(E)=17.844     E(BOND)=233.897    E(ANGL)=2438.451   |
 | E(DIHE)=160.551    E(IMPR)=105.130    E(VDW )=10784.201                     |
 -------------------------------------------------------------------------------
 --------------- cycle=   350 ------ stepsize=    0.0012 -----------------------
 | Etotal =13722.210  grad(E)=17.843     E(BOND)=233.867    E(ANGL)=2438.413   |
 | E(DIHE)=160.388    E(IMPR)=105.141    E(VDW )=10784.400                     |
 -------------------------------------------------------------------------------
 --------------- cycle=   400 ------ stepsize=    0.0009 -----------------------
 | Etotal =13722.208  grad(E)=17.843     E(BOND)=233.865    E(ANGL)=2438.415   |
 | E(DIHE)=160.397    E(IMPR)=105.145    E(VDW )=10784.386                     |
 -------------------------------------------------------------------------------
 --------------- cycle=   450 ------ stepsize=    0.0009 -----------------------
 | Etotal =13722.208  grad(E)=17.843     E(BOND)=233.866    E(ANGL)=2438.413   |
 | E(DIHE)=160.397    E(IMPR)=105.145    E(VDW )=10784.388                     |
 -------------------------------------------------------------------------------
 POWELL: Gradient converged. Normal termination
 POWELL: Current coordinates set to last minimum
 DCART: temperature coupling (TCOUpling) enabled
 -------------------------- Cartesian dynamics start ---------------------------
 | E(kin)+E(total)=17623.504       E(kin)=3901.296      temperature=295.710    |
 | Etotal =13722.208  grad(E)=17.843     E(BOND)=233.865    E(ANGL)=2438.414   |
 | E(DIHE)=160.395    E(IMPR)=105.145    E(VDW )=10784.388                     |
 -------------------------------------------------------------------------------
 NBONDS: found   643062 intra-atom interactions
 NBONDS: found   643167 intra-atom interactions
 NBONDS: found   643082 intra-atom interactions
 NBONDS: found   643040 intra-atom interactions
 NBONDS: found   643239 intra-atom interactions
 NBONDS: found   643095 intra-atom interactions
 NBONDS: found   643156 intra-atom interactions
 ----------------- final step=      500 at      0.25000 ps ---------------------
 | E(kin)+E(total)=21696.589       E(kin)=4076.704      temperature=309.006    |
 | Etotal =17619.885  grad(E)=33.878     E(BOND)=1306.204   E(ANGL)=4634.891   |
 | E(DIHE)=171.823    E(IMPR)=413.484    E(VDW )=11093.483                     |
 -------------------------------------------------------------------------------
 CENMAS: Information about center of free masses
         position [A]          :     -0.60623      0.02940     -0.23894
         velocity [A/ps]       :     -0.01563     -0.03238      0.13296
         ang. mom. [amu A/ps]  :  24029.91525 -35372.96501 -29911.34889
         kin. ener. [Kcal/mol] :      0.10114
 POWELL: number of degrees of freedom= 13278
 --------------- cycle=    50 ------ stepsize=    0.0009 -----------------------
 | Etotal =13731.632  grad(E)=17.843     E(BOND)=233.687    E(ANGL)=2440.483   |
 | E(DIHE)=157.168    E(IMPR)=104.819    E(VDW )=10795.475                     |
 -------------------------------------------------------------------------------
 --------------- cycle=   100 ------ stepsize=    0.0013 -----------------------
 | Etotal =13723.128  grad(E)=17.846     E(BOND)=233.905    E(ANGL)=2439.030   |
 | E(DIHE)=158.237    E(IMPR)=104.767    E(VDW )=10787.190                     |
 -------------------------------------------------------------------------------
 --------------- cycle=   150 ------ stepsize=    0.0012 -----------------------
 | Etotal =13721.523  grad(E)=17.846     E(BOND)=233.940    E(ANGL)=2438.612   |
 | E(DIHE)=159.006    E(IMPR)=105.014    E(VDW )=10784.951                     |
 -------------------------------------------------------------------------------
 --------------- cycle=   200 ------ stepsize=    0.0009 -----------------------
 | Etotal =13721.342  grad(E)=17.843     E(BOND)=233.836    E(ANGL)=2438.475   |
 | E(DIHE)=158.806    E(IMPR)=105.058    E(VDW )=10785.167                     |
 -------------------------------------------------------------------------------
 --------------- cycle=   250 ------ stepsize=    0.0011 -----------------------
 | Etotal =13721.338  grad(E)=17.844     E(BOND)=233.847    E(ANGL)=2438.460   |
 | E(DIHE)=158.862    E(IMPR)=105.041    E(VDW )=10785.128                     |
 -------------------------------------------------------------------------------
 --------------- cycle=   300 ------ stepsize=    0.0011 -----------------------
 | Etotal =13721.332  grad(E)=17.844     E(BOND)=233.808    E(ANGL)=2438.446   |
 | E(DIHE)=159.054    E(IMPR)=105.073    E(VDW )=10784.951                     |
 -------------------------------------------------------------------------------
 --------------- cycle=   350 ------ stepsize=    0.0009 -----------------------
 | Etotal =13721.331  grad(E)=17.844     E(BOND)=233.823    E(ANGL)=2438.477   |
 | E(DIHE)=159.060    E(IMPR)=105.054    E(VDW )=10784.917                     |
 -------------------------------------------------------------------------------
 --------------- cycle=   400 ------ stepsize=    0.0010 -----------------------
 | Etotal =13721.330  grad(E)=17.844     E(BOND)=233.821    E(ANGL)=2438.479   |
 | E(DIHE)=159.001    E(IMPR)=105.063    E(VDW )=10784.966                     |
 -------------------------------------------------------------------------------
 --------------- cycle=   450 ------ stepsize=    0.0011 -----------------------
 | Etotal =13721.330  grad(E)=17.844     E(BOND)=233.821    E(ANGL)=2438.480   |
 | E(DIHE)=159.007    E(IMPR)=105.059    E(VDW )=10784.962                     |
 -------------------------------------------------------------------------------
 --------------- cycle=   500 ------ stepsize=    0.0011 -----------------------
 | Etotal =13721.330  grad(E)=17.844     E(BOND)=233.822    E(ANGL)=2438.474   |
 | E(DIHE)=159.017    E(IMPR)=105.060    E(VDW )=10784.956                     |
 -------------------------------------------------------------------------------
 POWELL: STEP number limit. Normal termination
 POWELL: Current coordinates set to last minimum
 POWELL: number of degrees of freedom= 17595
 NBONDS: found   643175 intra-atom interactions
 NBONDS: found   643128 intra-atom interactions
 --------------- cycle=     5 ------ stepsize=    0.0183 -----------------------
 | Etotal =18303.141  grad(E)=38.766     E(BOND)=2996.729   E(ANGL)=4170.240   |
 | E(DIHE)=158.984    E(IMPR)=200.489    E(VDW )=10776.699                     |
 -------------------------------------------------------------------------------
 NBONDS: found   643164 intra-atom interactions
 --------------- cycle=    10 ------ stepsize=   -0.0000 -----------------------
 | Etotal =13570.795  grad(E)=17.836     E(BOND)=232.279    E(ANGL)=2439.934   |
 | E(DIHE)=158.988    E(IMPR)=101.678    E(VDW )=10637.916                     |
 -------------------------------------------------------------------------------
 --------------- cycle=    15 ------ stepsize=    0.0011 -----------------------
 | Etotal =13567.833  grad(E)=17.817     E(BOND)=230.279    E(ANGL)=2437.026   |
 | E(DIHE)=159.010    E(IMPR)=105.298    E(VDW )=10636.221                     |
 -------------------------------------------------------------------------------
 --------------- cycle=    20 ------ stepsize=    0.0003 -----------------------
 | Etotal =13566.894  grad(E)=17.819     E(BOND)=231.084    E(ANGL)=2438.715   |
 | E(DIHE)=159.034    E(IMPR)=103.104    E(VDW )=10634.957                     |
 -------------------------------------------------------------------------------
 --------------- cycle=    25 ------ stepsize=    0.0006 -----------------------
 | Etotal =13566.225  grad(E)=17.835     E(BOND)=231.548    E(ANGL)=2437.821   |
 | E(DIHE)=159.109    E(IMPR)=103.358    E(VDW )=10634.389                     |
 -------------------------------------------------------------------------------
 --------------- cycle=    30 ------ stepsize=   -0.0001 -----------------------
 | Etotal =13565.490  grad(E)=17.818     E(BOND)=230.798    E(ANGL)=2438.515   |
 | E(DIHE)=159.286    E(IMPR)=103.291    E(VDW )=10633.601                     |
 -------------------------------------------------------------------------------
 --------------- cycle=    35 ------ stepsize=    0.0010 -----------------------
 | Etotal =13564.816  grad(E)=17.819     E(BOND)=230.723    E(ANGL)=2438.262   |
 | E(DIHE)=159.405    E(IMPR)=103.684    E(VDW )=10632.743                     |
 -------------------------------------------------------------------------------
 --------------- cycle=    40 ------ stepsize=    0.0006 -----------------------
 | Etotal =13564.342  grad(E)=17.826     E(BOND)=231.204    E(ANGL)=2437.912   |
 | E(DIHE)=159.423    E(IMPR)=103.408    E(VDW )=10632.395                     |
 -------------------------------------------------------------------------------
 --------------- cycle=    45 ------ stepsize=    0.0009 -----------------------
 | Etotal =13563.961  grad(E)=17.817     E(BOND)=231.050    E(ANGL)=2439.254   |
 | E(DIHE)=159.377    E(IMPR)=102.717    E(VDW )=10631.562                     |
 -------------------------------------------------------------------------------
 --------------- cycle=    50 ------ stepsize=   -0.0001 -----------------------
 | Etotal =13563.864  grad(E)=17.822     E(BOND)=231.033    E(ANGL)=2438.653   |
 | E(DIHE)=159.342    E(IMPR)=103.030    E(VDW )=10631.805                     |
 -------------------------------------------------------------------------------
 POWELL: STEP number limit. Normal termination
 POWELL: Current coordinates set to last minimum
 %PARRDR-info: duplication of bond HC   NC2 
 %PARRDR-info: duplication of angle CH2E C    NH1 
 %PARRDR-info: duplication of angle CH2P CH2E HA  
 POWELL: number of degrees of freedom= 17595
 NBONDS: generating intra-molecular exclusion list with mode= 5
 MAKINB: mode   5 found  17051 exclusions and  17211 interactions(1-4)
 NBONDS: found   849932 intra-atom interactions
 NBONDS: found   849992 intra-atom interactions
 --------------- cycle=    50 ------ stepsize=    0.0005 -----------------------
 | Etotal =1343.074   grad(E)=13.085     E(BOND)=23.405     E(ANGL)=1719.094   |
 | E(DIHE)=61.173     E(IMPR)=66.312     E(VDW )=-527.306   E(ELEC)=0.397      |
 -------------------------------------------------------------------------------
 POWELL: STEP number limit. Normal termination
 POWELL: Current coordinates set to last minimum
 --------------- cycle=     1 --------------------------------------------------
 | Etotal =1343.074   grad(E)=13.085     E(BOND)=23.405     E(ANGL)=1719.094   |
 | E(DIHE)=61.173     E(IMPR)=66.312     E(VDW )=-527.306   E(ELEC)=0.397      |
 -------------------------------------------------------------------------------
 SURFAC: half the sigma value being used for atomic radii.
 SURFAC: ACCEssible surface area
 SURFAC: ACCUracy= 0.07 RH2O=  1.40
         Z-grid=  0.32 number-of-Z-sections=  207
         measures-of-arc= 87903 and144402
 SURFAC: half the sigma value being used for atomic radii.
 SURFAC: ACCEssible surface area
 SURFAC: ACCUracy= 0.07 RH2O=  1.40
         Z-grid=  0.32 number-of-Z-sections=  136
         measures-of-arc= 25973 and 45751
 SURFAC: half the sigma value being used for atomic radii.
 SURFAC: ACCEssible surface area
 SURFAC: ACCUracy= 0.07 RH2O=  1.40
         Z-grid=  0.32 number-of-Z-sections=  207
         measures-of-arc=115641 and190650
 %PARRDR-info: duplication of bond HC   NC2 
 %PARRDR-info: duplication of angle CH2E C    NH1 
 %PARRDR-info: duplication of angle CH2P CH2E HA  
 NBONDS: generating intra-molecular exclusion list with mode= 5
 MAKINB: mode   5 found      5 exclusions and     10 interactions(1-4)
 NBONDS: found     2226 intra-atom interactions
 --------------- cycle=     2 --------------------------------------------------
 | Etotal =-35.819    grad(E)=0.158      E(VDW )=-7.139     E(ELEC)=-28.680    |
 -------------------------------------------------------------------------------
 NBONDS: generating intra-molecular exclusion list with mode= 5
 MAKINB: mode   5 found     10 exclusions and     20 interactions(1-4)
 NBONDS: found     1953 intra-atom interactions
 --------------- cycle=     3 --------------------------------------------------
 | Etotal =-151.364   grad(E)=0.371      E(VDW )=-3.908     E(ELEC)=-147.456   |
 -------------------------------------------------------------------------------
 NBONDS: generating intra-molecular exclusion list with mode= 5
 MAKINB: mode   5 found     10 exclusions and     20 interactions(1-4)
 NBONDS: found     3971 intra-atom interactions
 --------------- cycle=     4 --------------------------------------------------
 | Etotal =-91.001    grad(E)=0.176      E(VDW )=-13.734    E(ELEC)=-77.267    |
 -------------------------------------------------------------------------------
 NBONDS: generating intra-molecular exclusion list with mode= 5
 MAKINB: mode   5 found     10 exclusions and     20 interactions(1-4)
 NBONDS: found     3040 intra-atom interactions
 --------------- cycle=     5 --------------------------------------------------
 | Etotal =-92.905    grad(E)=0.151      E(VDW )=-11.605    E(ELEC)=-81.300    |
 -------------------------------------------------------------------------------
 NBONDS: generating intra-molecular exclusion list with mode= 5
 MAKINB: mode   5 found     10 exclusions and     20 interactions(1-4)
 NBONDS: found     4587 intra-atom interactions
 --------------- cycle=     6 --------------------------------------------------
 | Etotal =-212.254   grad(E)=0.466      E(VDW )=-5.962     E(ELEC)=-206.292   |
 -------------------------------------------------------------------------------
 NBONDS: generating intra-molecular exclusion list with mode= 5
 MAKINB: mode   5 found     10 exclusions and     20 interactions(1-4)
 NBONDS: found     3689 intra-atom interactions
 --------------- cycle=     7 --------------------------------------------------
 | Etotal =-94.128    grad(E)=0.168      E(VDW )=-13.116    E(ELEC)=-81.012    |
 -------------------------------------------------------------------------------
 NBONDS: generating intra-molecular exclusion list with mode= 5
 MAKINB: mode   5 found     10 exclusions and     20 interactions(1-4)
 NBONDS: found     5877 intra-atom interactions
 --------------- cycle=     8 --------------------------------------------------
 | Etotal =-98.130    grad(E)=0.190      E(VDW )=-21.090    E(ELEC)=-77.040    |
 -------------------------------------------------------------------------------
 NBONDS: generating intra-molecular exclusion list with mode= 5
 MAKINB: mode   5 found     10 exclusions and     20 interactions(1-4)
 NBONDS: found     5646 intra-atom interactions
 --------------- cycle=     9 --------------------------------------------------
 | Etotal =-98.232    grad(E)=0.180      E(VDW )=-16.609    E(ELEC)=-81.623    |
 -------------------------------------------------------------------------------
 NBONDS: generating intra-molecular exclusion list with mode= 5
 MAKINB: mode   5 found     10 exclusions and     20 interactions(1-4)
 NBONDS: found     3748 intra-atom interactions
 --------------- cycle=    10 --------------------------------------------------
 | Etotal =-145.837   grad(E)=0.363      E(VDW )=-8.952     E(ELEC)=-136.885   |
 -------------------------------------------------------------------------------
 NBONDS: generating intra-molecular exclusion list with mode= 5
 MAKINB: mode   5 found     10 exclusions and     20 interactions(1-4)
 NBONDS: found     5614 intra-atom interactions
 --------------- cycle=    11 --------------------------------------------------
 | Etotal =-204.346   grad(E)=0.444      E(VDW )=-11.524    E(ELEC)=-192.823   |
 -------------------------------------------------------------------------------
 NBONDS: generating intra-molecular exclusion list with mode= 5
 MAKINB: mode   5 found     10 exclusions and     20 interactions(1-4)
 NBONDS: found     5768 intra-atom interactions
 --------------- cycle=    12 --------------------------------------------------
 | Etotal =-101.922   grad(E)=0.215      E(VDW )=-14.807    E(ELEC)=-87.115    |
 -------------------------------------------------------------------------------
 NBONDS: generating intra-molecular exclusion list with mode= 5
 MAKINB: mode   5 found     10 exclusions and     20 interactions(1-4)
 NBONDS: found     3785 intra-atom interactions
 --------------- cycle=    13 --------------------------------------------------
 | Etotal =-120.008   grad(E)=0.268      E(VDW )=-10.449    E(ELEC)=-109.559   |
 -------------------------------------------------------------------------------
 NBONDS: generating intra-molecular exclusion list with mode= 5
 MAKINB: mode   5 found     10 exclusions and     20 interactions(1-4)
 NBONDS: found     3017 intra-atom interactions
 --------------- cycle=    14 --------------------------------------------------
 | Etotal =-93.453    grad(E)=0.193      E(VDW )=-12.854    E(ELEC)=-80.600    |
 -------------------------------------------------------------------------------
 NBONDS: generating intra-molecular exclusion list with mode= 5
 MAKINB: mode   5 found     10 exclusions and     20 interactions(1-4)
 NBONDS: found     3624 intra-atom interactions
 --------------- cycle=    15 --------------------------------------------------
 | Etotal =-155.081   grad(E)=0.508      E(VDW )=-11.158    E(ELEC)=-143.924   |
 -------------------------------------------------------------------------------
 NBONDS: generating intra-molecular exclusion list with mode= 5
 MAKINB: mode   5 found     10 exclusions and     20 interactions(1-4)
 NBONDS: found     2767 intra-atom interactions
 --------------- cycle=    16 --------------------------------------------------
 | Etotal =-89.804    grad(E)=0.245      E(VDW )=-5.947     E(ELEC)=-83.857    |
 -------------------------------------------------------------------------------
 NBONDS: generating intra-molecular exclusion list with mode= 5
 MAKINB: mode   5 found     10 exclusions and     20 interactions(1-4)
 NBONDS: found     3994 intra-atom interactions
 --------------- cycle=    17 --------------------------------------------------
 | Etotal =-209.749   grad(E)=0.594      E(VDW )=-12.071    E(ELEC)=-197.678   |
 -------------------------------------------------------------------------------
 NBONDS: generating intra-molecular exclusion list with mode= 5
 MAKINB: mode   5 found     10 exclusions and     20 interactions(1-4)
 NBONDS: found     3719 intra-atom interactions
 --------------- cycle=    18 --------------------------------------------------
 | Etotal =-101.887   grad(E)=0.326      E(VDW )=-14.495    E(ELEC)=-87.392    |
 -------------------------------------------------------------------------------
 NBONDS: generating intra-molecular exclusion list with mode= 5
 MAKINB: mode   5 found     10 exclusions and     20 interactions(1-4)
 NBONDS: found     5072 intra-atom interactions
 --------------- cycle=    19 --------------------------------------------------
 | Etotal =-168.419   grad(E)=0.373      E(VDW )=-21.310    E(ELEC)=-147.109   |
 -------------------------------------------------------------------------------
 NBONDS: generating intra-molecular exclusion list with mode= 5
 MAKINB: mode   5 found     10 exclusions and     20 interactions(1-4)
 NBONDS: found     3823 intra-atom interactions
 --------------- cycle=    20 --------------------------------------------------
 | Etotal =-113.809   grad(E)=0.207      E(VDW )=-14.456    E(ELEC)=-99.353    |
 -------------------------------------------------------------------------------
 NBONDS: generating intra-molecular exclusion list with mode= 5
 MAKINB: mode   5 found     10 exclusions and     20 interactions(1-4)
 NBONDS: found     4607 intra-atom interactions
 --------------- cycle=    21 --------------------------------------------------
 | Etotal =-90.325    grad(E)=0.208      E(VDW )=-12.706    E(ELEC)=-77.620    |
 -------------------------------------------------------------------------------
 NBONDS: generating intra-molecular exclusion list with mode= 5
 MAKINB: mode   5 found     10 exclusions and     20 interactions(1-4)
 NBONDS: found     2507 intra-atom interactions
 --------------- cycle=    22 --------------------------------------------------
 | Etotal =-98.063    grad(E)=0.229      E(VDW )=-11.229    E(ELEC)=-86.834    |
 -------------------------------------------------------------------------------
 NBONDS: generating intra-molecular exclusion list with mode= 5
 MAKINB: mode   5 found     10 exclusions and     20 interactions(1-4)
 NBONDS: found     4243 intra-atom interactions
 --------------- cycle=    23 --------------------------------------------------
 | Etotal =-114.248   grad(E)=0.256      E(VDW )=-15.996    E(ELEC)=-98.252    |
 -------------------------------------------------------------------------------
 NBONDS: generating intra-molecular exclusion list with mode= 5
 MAKINB: mode   5 found     10 exclusions and     20 interactions(1-4)
 NBONDS: found     3619 intra-atom interactions
 --------------- cycle=    24 --------------------------------------------------
 | Etotal =-195.561   grad(E)=0.437      E(VDW )=-9.652     E(ELEC)=-185.909   |
 -------------------------------------------------------------------------------
 NBONDS: generating intra-molecular exclusion list with mode= 5
 MAKINB: mode   5 found     10 exclusions and     20 interactions(1-4)
 NBONDS: found     3612 intra-atom interactions
 --------------- cycle=    25 --------------------------------------------------
 | Etotal =-99.722    grad(E)=0.220      E(VDW )=-11.553    E(ELEC)=-88.169    |
 -------------------------------------------------------------------------------
 NBONDS: generating intra-molecular exclusion list with mode= 5
 MAKINB: mode   5 found     10 exclusions and     20 interactions(1-4)
 NBONDS: found     2847 intra-atom interactions
 --------------- cycle=    26 --------------------------------------------------
 | Etotal =-86.010    grad(E)=0.228      E(VDW )=-7.255     E(ELEC)=-78.755    |
 -------------------------------------------------------------------------------
 NBONDS: generating intra-molecular exclusion list with mode= 5
 MAKINB: mode   5 found     10 exclusions and     20 interactions(1-4)
 NBONDS: found     3832 intra-atom interactions
 --------------- cycle=    27 --------------------------------------------------
 | Etotal =-103.486   grad(E)=0.214      E(VDW )=-10.625    E(ELEC)=-92.860    |
 -------------------------------------------------------------------------------
 NBONDS: generating intra-molecular exclusion list with mode= 5
 MAKINB: mode   5 found     10 exclusions and     20 interactions(1-4)
 NBONDS: found     2209 intra-atom interactions
 --------------- cycle=    28 --------------------------------------------------
 | Etotal =-93.780    grad(E)=0.221      E(VDW )=-5.310     E(ELEC)=-88.470    |
 -------------------------------------------------------------------------------
 NBONDS: generating intra-molecular exclusion list with mode= 5
 MAKINB: mode   5 found     10 exclusions and     23 interactions(1-4)
 NBONDS: found     5374 intra-atom interactions
 --------------- cycle=    29 --------------------------------------------------
 | Etotal =-87.486    grad(E)=0.177      E(VDW )=-21.425    E(ELEC)=-66.061    |
 -------------------------------------------------------------------------------
 NBONDS: generating intra-molecular exclusion list with mode= 5
 MAKINB: mode   5 found     10 exclusions and     20 interactions(1-4)
 NBONDS: found     3000 intra-atom interactions
 --------------- cycle=    30 --------------------------------------------------
 | Etotal =-69.714    grad(E)=0.260      E(VDW )=-0.550     E(ELEC)=-69.164    |
 -------------------------------------------------------------------------------
 NBONDS: generating intra-molecular exclusion list with mode= 5
 MAKINB: mode   5 found     10 exclusions and     20 interactions(1-4)
 NBONDS: found     2791 intra-atom interactions
 --------------- cycle=    31 --------------------------------------------------
 | Etotal =-102.895   grad(E)=0.217      E(VDW )=-11.494    E(ELEC)=-91.401    |
 -------------------------------------------------------------------------------
 NBONDS: generating intra-molecular exclusion list with mode= 5
 MAKINB: mode   5 found     10 exclusions and     20 interactions(1-4)
 NBONDS: found     5270 intra-atom interactions
 --------------- cycle=    32 --------------------------------------------------
 | Etotal =-110.705   grad(E)=0.258      E(VDW )=-16.157    E(ELEC)=-94.548    |
 -------------------------------------------------------------------------------
 NBONDS: generating intra-molecular exclusion list with mode= 5
 MAKINB: mode   5 found     10 exclusions and     20 interactions(1-4)
 NBONDS: found     1949 intra-atom interactions
 --------------- cycle=    33 --------------------------------------------------
 | Etotal =-80.195    grad(E)=0.306      E(VDW )=-0.894     E(ELEC)=-79.301    |
 -------------------------------------------------------------------------------
 NBONDS: generating intra-molecular exclusion list with mode= 5
 MAKINB: mode   5 found     10 exclusions and     20 interactions(1-4)
 NBONDS: found     6146 intra-atom interactions
 --------------- cycle=    34 --------------------------------------------------
 | Etotal =-127.956   grad(E)=0.356      E(VDW )=-16.356    E(ELEC)=-111.600   |
 -------------------------------------------------------------------------------
 NBONDS: generating intra-molecular exclusion list with mode= 5
 MAKINB: mode   5 found     10 exclusions and     20 interactions(1-4)
 NBONDS: found     1868 intra-atom interactions
 --------------- cycle=    35 --------------------------------------------------
 | Etotal =-76.814    grad(E)=0.153      E(VDW )=-4.665     E(ELEC)=-72.149    |
 -------------------------------------------------------------------------------
 NBONDS: generating intra-molecular exclusion list with mode= 5
 MAKINB: mode   5 found     10 exclusions and     20 interactions(1-4)
 NBONDS: found     3472 intra-atom interactions
 --------------- cycle=    36 --------------------------------------------------
 | Etotal =-173.673   grad(E)=0.632      E(VDW )=-10.613    E(ELEC)=-163.060   |
 -------------------------------------------------------------------------------
 NBONDS: generating intra-molecular exclusion list with mode= 5
 MAKINB: mode   5 found     10 exclusions and     20 interactions(1-4)
 NBONDS: found     5522 intra-atom interactions
 --------------- cycle=    37 --------------------------------------------------
 | Etotal =-84.223    grad(E)=0.124      E(VDW )=-23.174    E(ELEC)=-61.049    |
 -------------------------------------------------------------------------------
 NBONDS: generating intra-molecular exclusion list with mode= 5
 MAKINB: mode   5 found     10 exclusions and     20 interactions(1-4)
 NBONDS: found     6603 intra-atom interactions
 --------------- cycle=    38 --------------------------------------------------
 | Etotal =-180.965   grad(E)=0.598      E(VDW )=-16.526    E(ELEC)=-164.439   |
 -------------------------------------------------------------------------------
 NBONDS: generating intra-molecular exclusion list with mode= 5
 MAKINB: mode   5 found     10 exclusions and     20 interactions(1-4)
 NBONDS: found     2317 intra-atom interactions
 --------------- cycle=    39 --------------------------------------------------
 | Etotal =-85.615    grad(E)=0.185      E(VDW )=-7.285     E(ELEC)=-78.330    |
 -------------------------------------------------------------------------------
 NBONDS: generating intra-molecular exclusion list with mode= 5
 MAKINB: mode   5 found     10 exclusions and     20 interactions(1-4)
 NBONDS: found     2433 intra-atom interactions
 --------------- cycle=    40 --------------------------------------------------
 | Etotal =-77.617    grad(E)=0.140      E(VDW )=-3.771     E(ELEC)=-73.847    |
 -------------------------------------------------------------------------------
 NBONDS: generating intra-molecular exclusion list with mode= 5
 MAKINB: mode   5 found     10 exclusions and     23 interactions(1-4)
 NBONDS: found     3670 intra-atom interactions
 --------------- cycle=    41 --------------------------------------------------
 | Etotal =-91.782    grad(E)=0.210      E(VDW )=-9.744     E(ELEC)=-82.038    |
 -------------------------------------------------------------------------------
 NBONDS: generating intra-molecular exclusion list with mode= 5
 MAKINB: mode   5 found     10 exclusions and     20 interactions(1-4)
 NBONDS: found     5857 intra-atom interactions
 --------------- cycle=    42 --------------------------------------------------
 | Etotal =-179.276   grad(E)=0.415      E(VDW )=-20.926    E(ELEC)=-158.350   |
 -------------------------------------------------------------------------------
 NBONDS: generating intra-molecular exclusion list with mode= 5
 MAKINB: mode   5 found      5 exclusions and     10 interactions(1-4)
 NBONDS: found     1697 intra-atom interactions
 --------------- cycle=    43 --------------------------------------------------
 | Etotal =-23.162    grad(E)=0.193      E(VDW )=0.142      E(ELEC)=-23.303    |
 -------------------------------------------------------------------------------
 NBONDS: generating intra-molecular exclusion list with mode= 5
 MAKINB: mode   5 found     10 exclusions and     20 interactions(1-4)
 NBONDS: found     6525 intra-atom interactions
 --------------- cycle=    44 --------------------------------------------------
 | Etotal =-181.137   grad(E)=0.528      E(VDW )=-19.501    E(ELEC)=-161.636   |
 -------------------------------------------------------------------------------
 NBONDS: generating intra-molecular exclusion list with mode= 5
 MAKINB: mode   5 found     10 exclusions and     20 interactions(1-4)
 NBONDS: found     2595 intra-atom interactions
 --------------- cycle=    45 --------------------------------------------------
 | Etotal =-144.978   grad(E)=0.460      E(VDW )=-7.154     E(ELEC)=-137.823   |
 -------------------------------------------------------------------------------
 NBONDS: generating intra-molecular exclusion list with mode= 5
 MAKINB: mode   5 found     10 exclusions and     20 interactions(1-4)
 NBONDS: found     3239 intra-atom interactions
 --------------- cycle=    46 --------------------------------------------------
 | Etotal =-101.328   grad(E)=0.244      E(VDW )=-7.163     E(ELEC)=-94.166    |
 -------------------------------------------------------------------------------
 NBONDS: generating intra-molecular exclusion list with mode= 5
 MAKINB: mode   5 found     10 exclusions and     20 interactions(1-4)
 NBONDS: found     4949 intra-atom interactions
 --------------- cycle=    47 --------------------------------------------------
 | Etotal =-175.886   grad(E)=0.380      E(VDW )=-7.399     E(ELEC)=-168.487   |
 -------------------------------------------------------------------------------
 NBONDS: generating intra-molecular exclusion list with mode= 5
 MAKINB: mode   5 found     10 exclusions and     20 interactions(1-4)
 NBONDS: found     5261 intra-atom interactions
 --------------- cycle=    48 --------------------------------------------------
 | Etotal =-104.829   grad(E)=0.213      E(VDW )=-21.213    E(ELEC)=-83.617    |
 -------------------------------------------------------------------------------
 NBONDS: generating intra-molecular exclusion list with mode= 5
 MAKINB: mode   5 found     10 exclusions and     20 interactions(1-4)
 NBONDS: found     1978 intra-atom interactions
 --------------- cycle=    49 --------------------------------------------------
 | Etotal =-69.780    grad(E)=0.188      E(VDW )=-3.000     E(ELEC)=-66.780    |
 -------------------------------------------------------------------------------
 NBONDS: generating intra-molecular exclusion list with mode= 5
 MAKINB: mode   5 found     10 exclusions and     20 interactions(1-4)
 NBONDS: found     1095 intra-atom interactions
 --------------- cycle=    50 --------------------------------------------------
 | Etotal =-75.422    grad(E)=0.174      E(VDW )=-2.818     E(ELEC)=-72.604    |
 -------------------------------------------------------------------------------
 NBONDS: generating intra-molecular exclusion list with mode= 5
 MAKINB: mode   5 found     10 exclusions and     20 interactions(1-4)
 NBONDS: found     1511 intra-atom interactions
 --------------- cycle=    51 --------------------------------------------------
 | Etotal =-75.720    grad(E)=0.166      E(VDW )=-8.434     E(ELEC)=-67.286    |
 -------------------------------------------------------------------------------
 NBONDS: generating intra-molecular exclusion list with mode= 5
 MAKINB: mode   5 found     10 exclusions and     20 interactions(1-4)
 NBONDS: found     3083 intra-atom interactions
 --------------- cycle=    52 --------------------------------------------------
 | Etotal =-90.433    grad(E)=0.213      E(VDW )=-19.344    E(ELEC)=-71.088    |
 -------------------------------------------------------------------------------
 NBONDS: generating intra-molecular exclusion list with mode= 5
 MAKINB: mode   5 found     10 exclusions and     20 interactions(1-4)
 NBONDS: found     3198 intra-atom interactions
 --------------- cycle=    53 --------------------------------------------------
 | Etotal =-85.047    grad(E)=0.177      E(VDW )=-13.655    E(ELEC)=-71.392    |
 -------------------------------------------------------------------------------
 NBONDS: generating intra-molecular exclusion list with mode= 5
 MAKINB: mode   5 found     10 exclusions and     20 interactions(1-4)
 NBONDS: found     5435 intra-atom interactions
 --------------- cycle=    54 --------------------------------------------------
 | Etotal =-105.508   grad(E)=0.320      E(VDW )=-18.075    E(ELEC)=-87.433    |
 -------------------------------------------------------------------------------
 NBONDS: generating intra-molecular exclusion list with mode= 5
 MAKINB: mode   5 found     10 exclusions and     20 interactions(1-4)
 NBONDS: found     4033 intra-atom interactions
 --------------- cycle=    55 --------------------------------------------------
 | Etotal =-77.971    grad(E)=0.118      E(VDW )=-16.407    E(ELEC)=-61.563    |
 -------------------------------------------------------------------------------
 NBONDS: generating intra-molecular exclusion list with mode= 5
 MAKINB: mode   5 found     10 exclusions and     20 interactions(1-4)
 NBONDS: found     6300 intra-atom interactions
 --------------- cycle=    56 --------------------------------------------------
 | Etotal =-98.934    grad(E)=0.209      E(VDW )=-24.448    E(ELEC)=-74.486    |
 -------------------------------------------------------------------------------
 NBONDS: generating intra-molecular exclusion list with mode= 5
 MAKINB: mode   5 found     10 exclusions and     20 interactions(1-4)
 NBONDS: found     5526 intra-atom interactions
 --------------- cycle=    57 --------------------------------------------------
 | Etotal =-98.707    grad(E)=0.199      E(VDW )=-17.914    E(ELEC)=-80.794    |
 -------------------------------------------------------------------------------
 NBONDS: generating intra-molecular exclusion list with mode= 5
 MAKINB: mode   5 found     10 exclusions and     20 interactions(1-4)
 NBONDS: found     5893 intra-atom interactions
 --------------- cycle=    58 --------------------------------------------------
 | Etotal =-89.207    grad(E)=0.331      E(VDW )=-17.611    E(ELEC)=-71.595    |
 -------------------------------------------------------------------------------
 NBONDS: generating intra-molecular exclusion list with mode= 5
 MAKINB: mode   5 found     10 exclusions and     20 interactions(1-4)
 NBONDS: found     5022 intra-atom interactions
 --------------- cycle=    59 --------------------------------------------------
 | Etotal =-91.318    grad(E)=0.226      E(VDW )=-14.540    E(ELEC)=-76.778    |
 -------------------------------------------------------------------------------
 NBONDS: generating intra-molecular exclusion list with mode= 5
 MAKINB: mode   5 found     10 exclusions and     20 interactions(1-4)
 NBONDS: found     2981 intra-atom interactions
 --------------- cycle=    60 --------------------------------------------------
 | Etotal =-75.666    grad(E)=0.190      E(VDW )=-11.632    E(ELEC)=-64.033    |
 -------------------------------------------------------------------------------
 NBONDS: generating intra-molecular exclusion list with mode= 5
 MAKINB: mode   5 found     10 exclusions and     20 interactions(1-4)
 NBONDS: found     2330 intra-atom interactions
 --------------- cycle=    61 --------------------------------------------------
 | Etotal =-80.562    grad(E)=0.158      E(VDW )=-9.557     E(ELEC)=-71.005    |
 -------------------------------------------------------------------------------
 NBONDS: generating intra-molecular exclusion list with mode= 5
 MAKINB: mode   5 found     10 exclusions and     20 interactions(1-4)
 NBONDS: found     1076 intra-atom interactions
 --------------- cycle=    62 --------------------------------------------------
 | Etotal =-67.688    grad(E)=0.105      E(VDW )=-5.663     E(ELEC)=-62.025    |
 -------------------------------------------------------------------------------
 NBONDS: generating intra-molecular exclusion list with mode= 5
 MAKINB: mode   5 found     10 exclusions and     20 interactions(1-4)
 NBONDS: found      930 intra-atom interactions
 --------------- cycle=    63 --------------------------------------------------
 | Etotal =-67.730    grad(E)=0.099      E(VDW )=-3.227     E(ELEC)=-64.503    |
 -------------------------------------------------------------------------------
 NBONDS: generating intra-molecular exclusion list with mode= 5
 MAKINB: mode   5 found     10 exclusions and     23 interactions(1-4)
 NBONDS: found     1865 intra-atom interactions
 --------------- cycle=    64 --------------------------------------------------
 | Etotal =-65.711    grad(E)=0.113      E(VDW )=-9.940     E(ELEC)=-55.771    |
 -------------------------------------------------------------------------------
 NBONDS: generating intra-molecular exclusion list with mode= 5
 MAKINB: mode   5 found     10 exclusions and     20 interactions(1-4)
 NBONDS: found     1918 intra-atom interactions
 --------------- cycle=    65 --------------------------------------------------
 | Etotal =-103.356   grad(E)=0.344      E(VDW )=-2.746     E(ELEC)=-100.610   |
 -------------------------------------------------------------------------------
 NBONDS: generating intra-molecular exclusion list with mode= 5
 MAKINB: mode   5 found     10 exclusions and     20 interactions(1-4)
 NBONDS: found     1085 intra-atom interactions
 --------------- cycle=    66 --------------------------------------------------
 | Etotal =-66.696    grad(E)=0.123      E(VDW )=-6.600     E(ELEC)=-60.097    |
 -------------------------------------------------------------------------------
 NBONDS: generating intra-molecular exclusion list with mode= 5
 MAKINB: mode   5 found     10 exclusions and     20 interactions(1-4)
 NBONDS: found     3691 intra-atom interactions
 --------------- cycle=    67 --------------------------------------------------
 | Etotal =-68.003    grad(E)=0.235      E(VDW )=-7.899     E(ELEC)=-60.104    |
 -------------------------------------------------------------------------------
 NBONDS: generating intra-molecular exclusion list with mode= 5
 MAKINB: mode   5 found     10 exclusions and     20 interactions(1-4)
 NBONDS: found     3047 intra-atom interactions
 --------------- cycle=    68 --------------------------------------------------
 | Etotal =-95.920    grad(E)=0.220      E(VDW )=-9.382     E(ELEC)=-86.537    |
 -------------------------------------------------------------------------------
 NBONDS: generating intra-molecular exclusion list with mode= 5
 MAKINB: mode   5 found     13 exclusions and     27 interactions(1-4)
 NBONDS: found     2429 intra-atom interactions
 --------------- cycle=    69 --------------------------------------------------
 | Etotal =-68.137    grad(E)=0.231      E(VDW )=-10.887    E(ELEC)=-57.249    |
 -------------------------------------------------------------------------------
 NBONDS: generating intra-molecular exclusion list with mode= 5
 MAKINB: mode   5 found     10 exclusions and     20 interactions(1-4)
 NBONDS: found     5456 intra-atom interactions
 --------------- cycle=    70 --------------------------------------------------
 | Etotal =-89.548    grad(E)=0.178      E(VDW )=-21.258    E(ELEC)=-68.290    |
 -------------------------------------------------------------------------------
 NBONDS: generating intra-molecular exclusion list with mode= 5
 MAKINB: mode   5 found     10 exclusions and     23 interactions(1-4)
 NBONDS: found     3540 intra-atom interactions
 --------------- cycle=    71 --------------------------------------------------
 | Etotal =-83.414    grad(E)=0.281      E(VDW )=-9.427     E(ELEC)=-73.987    |
 -------------------------------------------------------------------------------
 NBONDS: generating intra-molecular exclusion list with mode= 5
 MAKINB: mode   5 found     10 exclusions and     23 interactions(1-4)
 NBONDS: found     3948 intra-atom interactions
 --------------- cycle=    72 --------------------------------------------------
 | Etotal =-78.358    grad(E)=0.331      E(VDW )=-10.137    E(ELEC)=-68.221    |
 -------------------------------------------------------------------------------
 NBONDS: generating intra-molecular exclusion list with mode= 5
 MAKINB: mode   5 found     10 exclusions and     20 interactions(1-4)
 NBONDS: found     4564 intra-atom interactions
 --------------- cycle=    73 --------------------------------------------------
 | Etotal =-78.721    grad(E)=0.148      E(VDW )=-15.292    E(ELEC)=-63.428    |
 -------------------------------------------------------------------------------
 NBONDS: generating intra-molecular exclusion list with mode= 5
 MAKINB: mode   5 found     10 exclusions and     20 interactions(1-4)
 NBONDS: found     4625 intra-atom interactions
 --------------- cycle=    74 --------------------------------------------------
 | Etotal =-136.348   grad(E)=0.363      E(VDW )=-17.445    E(ELEC)=-118.903   |
 -------------------------------------------------------------------------------
 NBONDS: generating intra-molecular exclusion list with mode= 5
 MAKINB: mode   5 found     10 exclusions and     20 interactions(1-4)
 NBONDS: found     2622 intra-atom interactions
 --------------- cycle=    75 --------------------------------------------------
 | Etotal =-82.303    grad(E)=0.218      E(VDW )=-10.480    E(ELEC)=-71.823    |
 -------------------------------------------------------------------------------
 NBONDS: generating intra-molecular exclusion list with mode= 5
 MAKINB: mode   5 found     10 exclusions and     20 interactions(1-4)
 NBONDS: found     6444 intra-atom interactions
 --------------- cycle=    76 --------------------------------------------------
 | Etotal =-107.878   grad(E)=0.284      E(VDW )=-23.480    E(ELEC)=-84.398    |
 -------------------------------------------------------------------------------
 NBONDS: generating intra-molecular exclusion list with mode= 5
 MAKINB: mode   5 found     10 exclusions and     20 interactions(1-4)
 NBONDS: found     2075 intra-atom interactions
 --------------- cycle=    77 --------------------------------------------------
 | Etotal =-81.139    grad(E)=0.134      E(VDW )=-7.158     E(ELEC)=-73.981    |
 -------------------------------------------------------------------------------
 NBONDS: generating intra-molecular exclusion list with mode= 5
 MAKINB: mode   5 found     10 exclusions and     20 interactions(1-4)
 NBONDS: found     6453 intra-atom interactions
 --------------- cycle=    78 --------------------------------------------------
 | Etotal =-109.395   grad(E)=0.223      E(VDW )=-27.718    E(ELEC)=-81.677    |
 -------------------------------------------------------------------------------
 NBONDS: generating intra-molecular exclusion list with mode= 5
 MAKINB: mode   5 found     10 exclusions and     23 interactions(1-4)
 NBONDS: found     4422 intra-atom interactions
 --------------- cycle=    79 --------------------------------------------------
 | Etotal =-100.026   grad(E)=0.339      E(VDW )=-13.032    E(ELEC)=-86.994    |
 -------------------------------------------------------------------------------
 NBONDS: generating intra-molecular exclusion list with mode= 5
 MAKINB: mode   5 found     10 exclusions and     23 interactions(1-4)
 NBONDS: found     2927 intra-atom interactions
 --------------- cycle=    80 --------------------------------------------------
 | Etotal =-76.905    grad(E)=0.181      E(VDW )=-8.110     E(ELEC)=-68.795    |
 -------------------------------------------------------------------------------
 NBONDS: generating intra-molecular exclusion list with mode= 5
 MAKINB: mode   5 found     10 exclusions and     20 interactions(1-4)
 NBONDS: found     3253 intra-atom interactions
 --------------- cycle=    81 --------------------------------------------------
 | Etotal =-83.030    grad(E)=0.188      E(VDW )=-8.129     E(ELEC)=-74.901    |
 -------------------------------------------------------------------------------
 NBONDS: generating intra-molecular exclusion list with mode= 5
 MAKINB: mode   5 found     10 exclusions and     20 interactions(1-4)
 NBONDS: found     4104 intra-atom interactions
 --------------- cycle=    82 --------------------------------------------------
 | Etotal =-105.299   grad(E)=0.269      E(VDW )=-15.421    E(ELEC)=-89.878    |
 -------------------------------------------------------------------------------
 NBONDS: generating intra-molecular exclusion list with mode= 5
 MAKINB: mode   5 found     10 exclusions and     20 interactions(1-4)
 NBONDS: found     1814 intra-atom interactions
 --------------- cycle=    83 --------------------------------------------------
 | Etotal =-68.492    grad(E)=0.229      E(VDW )=-1.495     E(ELEC)=-66.996    |
 -------------------------------------------------------------------------------
 NBONDS: generating intra-molecular exclusion list with mode= 5
 MAKINB: mode   5 found     10 exclusions and     20 interactions(1-4)
 NBONDS: found     2784 intra-atom interactions
 --------------- cycle=    84 --------------------------------------------------
 | Etotal =-72.148    grad(E)=0.157      E(VDW )=-7.478     E(ELEC)=-64.670    |
 -------------------------------------------------------------------------------
 NBONDS: generating intra-molecular exclusion list with mode= 5
 MAKINB: mode   5 found     10 exclusions and     20 interactions(1-4)
 NBONDS: found     1574 intra-atom interactions
 --------------- cycle=    85 --------------------------------------------------
 | Etotal =-77.740    grad(E)=0.202      E(VDW )=-4.475     E(ELEC)=-73.265    |
 -------------------------------------------------------------------------------
 NBONDS: generating intra-molecular exclusion list with mode= 5
 MAKINB: mode   5 found     10 exclusions and     20 interactions(1-4)
 NBONDS: found     5486 intra-atom interactions
 --------------- cycle=    86 --------------------------------------------------
 | Etotal =-109.073   grad(E)=0.311      E(VDW )=-22.379    E(ELEC)=-86.694    |
 -------------------------------------------------------------------------------
 NBONDS: generating intra-molecular exclusion list with mode= 5
 MAKINB: mode   5 found     10 exclusions and     23 interactions(1-4)
 NBONDS: found     4586 intra-atom interactions
 --------------- cycle=    87 --------------------------------------------------
 | Etotal =-109.880   grad(E)=0.267      E(VDW )=-20.343    E(ELEC)=-89.538    |
 -------------------------------------------------------------------------------
 HEAP: maximum use      =    21750880 current use      =       96000 bytes
 HEAP: maximum overhead =        2784 current overhead =         752 bytes
          ============================================================
           Maximum dynamic memory allocation:    21750880 bytes
           Maximum dynamic memory overhead:          2784 bytes
           Program started at: 18:44:59 on 10-Jun-2020
           Program stopped at: 18:45:24 on 10-Jun-2020
           CPU time used:      24.8906 seconds
          ============================================================
