          ============================================================
          |                                                          |
          |            Crystallography & NMR System (CNS)            |
          |                         CNSsolve                         |
          |                                                          |
          ============================================================
           Version: 1.3 at patch level U
           Status: Special UU release with Rg and paramagnetic
                   restraints (A. Bonvin, UU 2011)
          ============================================================
           Written by: A.T.Brunger, P.D.Adams, G.M.Clore, W.L.DeLano,
                       P.Gros, R.W.Grosse-Kunstleve,J.-S.Jiang,J.M.Krahn,
                       J.Kuszewski, M.Nilges, N.S.Pannu, R.J.Read,
                       L.M.Rice, G.F.Schroeder, T.Simonson, G.L.Warren.
           Copyright (c) 1997-2010 Yale University
          ============================================================
           Running on machine: hostname unknown (x86_64/Linux,64-bit)
           Program started by: joaor
           Program started at: 19:07:21 on 10-Jun-2020
          ============================================================

 FFT3C: Using FFTPACK4.1

 CNSsolve>! 
 CNSsolve>! Calculates pairwise energies between residues 
 CNSsolve>! Will only rebuild hydrogen atoms 
 CNSsolve>! 
 CNSsolve>! Adapted from HADDOCK protocols here and there. 
 CNSsolve>! JR & AMJJB @ 2020 
 CNSsolve>! 
 CNSsolve>define( 
 DEFINE>    {===>} auto_break=true; 
 DEFINE>    {===>} break_cutoff=2.5; 
 DEFINE>    {===>} dnaauto_break=true; 
 DEFINE>    {===>} dbreak_cutoff=4.5; 
 DEFINE>    {===>} auto_cispro=true; 
 DEFINE>    {===>} auto_disu=true; 
 DEFINE>    {===>} disulphide_dist=3.0; 
 DEFINE>    {===>} glyco_dist=2.75; 
 DEFINE>    {===>} coorin="molecule.pdb"; 
 DEFINE>    {===>} icutoff=5.0; 
 DEFINE>) 
 CNSsolve> 
 CNSsolve>! Mute (most) output 
 CNSsolve>set message=on echo=off end 
 ASSFIL: file merged.param opened.
 MESSage=NORM
 EVALUATE: symbol $OLD_MESSAGE set to "NORM" (string)
 ECHO=FALSe {OFF}
 EVALUATE: symbol $OLD_ECHO set to FALSE (logical)
 %PARRDR-info: duplication of bond HC   NC2 
 %PARRDR-info: duplication of angle CH2E C    NH1 
 %PARRDR-info: duplication of angle CH2P CH2E HA  
 ASSFIL: file merged.top opened.
 MESSage=NORM
 EVALUATE: symbol $OLD_MESSAGE set to "NORM" (string)
 ECHO=FALSe {OFF}
 EVALUATE: symbol $OLD_ECHO set to FALSE (logical)
 %RTFIO-warning: undefined masses in residue CYC 
 %RTFIO error encountered: there are undefined masses.
   (CNS is in mode: SET ABORT=NORMal END)
 MESSage=NORM
 EVALUATE: symbol $OLD_MESSAGE set to "NORM" (string)
 ECHO=FALSe {OFF}
 EVALUATE: symbol $OLD_ECHO set to FALSE (logical)
 ASSFIL: file protein_break.top opened.
 %RTFRDR-ERR: duplicate (P-)RESIdue name DPEP
 %RTFRDR-ERR: duplicate (P-)RESIdue name DPPP
 RTFRDR> 
 RTFRDR>end 
 CNSsolve> 
 CNSsolve>! Reset output muting 
 CNSsolve>set message=off echo=off end 
FOUND 7 NAG:ASN pairs
NAG:ASN bond added from   B    901  to   B    53  
NAG:ASN bond added from   B    903  to   B    90  
NAG:ASN bond added from   B    905  to   B    103 
NAG:ASN bond added from   B    907  to   B    322 
NAG:ASN bond added from   B    908  to   B    432 
NAG:ASN bond added from   B    910  to   B    546 
NAG:ASN bond added from   E    1401 to   E    343 
FOUND 7 NAG:NAG pairs
NAG:NAG B14 bond added from   B    902  to   B    901 
NAG:NAG B14 bond added from   B    904  to   B    903 
NAG:NAG B14 bond added from   B    906  to   B    905 
NAG:NAG B14 bond added from   B    909  to   B    908 
NAG:NAG B14 bond added from   B    911  to   B    910 
NAG:NAG B14 bond added from   E    1402 to   E    1401
NAG:NAG B14 bond added from   E    1403 to   E    1402
 %PARRDR-info: duplication of bond HC   NC2 
 %PARRDR-info: duplication of angle CH2E C    NH1 
 %PARRDR-info: duplication of angle CH2P CH2E HA  
 POWELL: number of degrees of freedom= 13764
 NBONDS: generating intra-molecular exclusion list with mode=-2
 MAKINB: mode  -2 found   4588 exclusions and      0 interactions(1-4)
 %atoms "B   -108 -LEU -HB1 " and "B   -108 -LEU -HD23" only  0.05 A apart
 %atoms "B   -230 -PHE -HA  " and "B   -230 -PHE -HD2 " only  0.06 A apart
 %atoms "B   -506 -VAL -HG11" and "B   -506 -VAL -HG23" only  0.10 A apart
 %atoms "B   -539 -LEU -HD12" and "B   -539 -LEU -HD22" only  0.10 A apart
 %atoms "E   -369 -TYR -HB1 " and "E   -369 -TYR -CG  " only  0.08 A apart
 %atoms "E   -452 -LEU -HG  " and "E   -452 -LEU -HD22" only  0.09 A apart
 %atoms "E   -492 -LEU -HD12" and "E   -492 -LEU -HD22" only  0.09 A apart
 %atoms "E   -495 -TYR -HD2 " and "E   -495 -TYR -HE1 " only  0.09 A apart
 NBONDS: found   693777 intra-atom interactions
 NBONDS: found        8 nonbonded violations
 %atoms "B   -100 -LEU -HG  " and "B   -100 -LEU -HD22" only  0.08 A apart
 %atoms "B   -112 -LYS -HB1 " and "B   -112 -LYS -HE1 " only  0.06 A apart
 %atoms "B   -491 -VAL -HB  " and "B   -491 -VAL -HG11" only  0.04 A apart
 %atoms "E   -369 -TYR -HB1 " and "E   -369 -TYR -CG  " only  0.05 A apart
 %atoms "E   -429 -PHE -CB  " and "E   -429 -PHE -HZ  " only  0.06 A apart
 %atoms "E   -449 -TYR -HA  " and "E   -449 -TYR -HE2 " only  0.08 A apart
 %atoms "E   -452 -LEU -HG  " and "E   -452 -LEU -HD22" only  0.10 A apart
 %atoms "E   -492 -LEU -HD12" and "E   -492 -LEU -HD22" only  0.06 A apart
 NBONDS: found   694294 intra-atom interactions
 NBONDS: found        8 nonbonded violations
 %atoms "B   -275 -TRP -CE3 " and "B   -275 -TRP -HZ3 " only  0.09 A apart
 %atoms "B   -484 -ILE -CA  " and "B   -484 -ILE -HG23" only  0.08 A apart
 %atoms "B   -500 -PRO -CA  " and "B   -500 -PRO -HB2 " only  0.06 A apart
 NBONDS: found   692900 intra-atom interactions
 NBONDS: found        3 nonbonded violations
 NBONDS: found   688788 intra-atom interactions
 %atoms "B   -369 -PHE -HE2 " and "B   -369 -PHE -CZ  " only  0.09 A apart
 NBONDS: found   686199 intra-atom interactions
 NBONDS: found        1 nonbonded violations
 NBONDS: found   684947 intra-atom interactions
 --------------- cycle=    10 ------ stepsize=   -0.0000 -----------------------
 | Etotal =0.34E+07   grad(E)=573.388    E(BOND)=504061.639 E(ANGL)=0.16E+07   |
 | E(VDW )=0.13E+07                                                            |
 -------------------------------------------------------------------------------
 NBONDS: found   683618 intra-atom interactions
 NBONDS: found   684755 intra-atom interactions
 NBONDS: found   685893 intra-atom interactions
 NBONDS: found   685856 intra-atom interactions
 --------------- cycle=    20 ------ stepsize=   -0.0000 -----------------------
 | Etotal =0.13E+07   grad(E)=304.668    E(BOND)=240017.224 E(ANGL)=500977.133 |
 | E(VDW )=511804.037                                                          |
 -------------------------------------------------------------------------------
 NBONDS: found   685046 intra-atom interactions
 NBONDS: found   685112 intra-atom interactions
 NBONDS: found   685016 intra-atom interactions
 --------------- cycle=    30 ------ stepsize=    0.0000 -----------------------
 | Etotal =987013.161 grad(E)=243.861    E(BOND)=191806.929 E(ANGL)=362637.213 |
 | E(VDW )=432569.020                                                          |
 -------------------------------------------------------------------------------
 NBONDS: found   684974 intra-atom interactions
 NBONDS: found   684971 intra-atom interactions
 --------------- cycle=    40 ------ stepsize=   -0.0001 -----------------------
 | Etotal =933032.410 grad(E)=233.765    E(BOND)=187442.318 E(ANGL)=333050.203 |
 | E(VDW )=412539.888                                                          |
 -------------------------------------------------------------------------------
 NBONDS: found   684995 intra-atom interactions
 NBONDS: found   685012 intra-atom interactions
 --------------- cycle=    50 ------ stepsize=   -0.0000 -----------------------
 | Etotal =915496.480 grad(E)=228.985    E(BOND)=184558.264 E(ANGL)=323844.300 |
 | E(VDW )=407093.916                                                          |
 -------------------------------------------------------------------------------
 POWELL: STEP number limit. Normal termination
 POWELL: Current coordinates set to last minimum
 DCART: temperature coupling (TCOUpling) enabled
 -------------------------- Cartesian dynamics start ---------------------------
 | E(kin)+E(total)=0.35E+07        E(kin)=4179.780      temperature=305.632    |
 | Etotal =0.35E+07   grad(E)=596.139    E(BOND)=184558.264 E(ANGL)=323844.300 |
 | E(IMPR)=0.30E+07                                                            |
 -------------------------------------------------------------------------------
 ----------------- final step=       50 at      0.02500 ps ---------------------
 | E(kin)+E(total)=0.23E+07        E(kin)=437707.775    temperature=32005.895  |
 | Etotal =0.18E+07   grad(E)=323.186    E(BOND)=194503.929 E(ANGL)=842979.353 |
 | E(IMPR)=802300.012                                                          |
 -------------------------------------------------------------------------------
 CENMAS: Information about center of free masses
         position [A]          :     -0.68421      0.09536     -0.15718
         velocity [A/ps]       :      0.14099     -0.42352     -1.01126
         ang. mom. [amu A/ps]  : 228171.92194-572912.274661915647.71024
         kin. ener. [Kcal/mol] :    133.98756
 POWELL: number of degrees of freedom= 13764
 NBONDS: found   682803 intra-atom interactions
 NBONDS: found   681873 intra-atom interactions
 NBONDS: found   681825 intra-atom interactions
 NBONDS: found   683113 intra-atom interactions
 --------------- cycle=    10 ------ stepsize=   -0.0001 -----------------------
 | Etotal =0.19E+07   grad(E)=271.326    E(BOND)=237571.525 E(ANGL)=472339.076 |
 | E(IMPR)=714930.139 E(VDW )=495234.667                                       |
 -------------------------------------------------------------------------------
 NBONDS: found   683793 intra-atom interactions
 NBONDS: found   684118 intra-atom interactions
 NBONDS: found   684163 intra-atom interactions
 NBONDS: found   683956 intra-atom interactions
 NBONDS: found   683871 intra-atom interactions
 --------------- cycle=    20 ------ stepsize=    0.0000 -----------------------
 | Etotal =0.13E+07   grad(E)=143.735    E(BOND)=177770.558 E(ANGL)=181620.774 |
 | E(IMPR)=601850.654 E(VDW )=361861.436                                       |
 -------------------------------------------------------------------------------
 NBONDS: found   684046 intra-atom interactions
 NBONDS: found   683960 intra-atom interactions
 NBONDS: found   683925 intra-atom interactions
 --------------- cycle=    30 ------ stepsize=    0.0001 -----------------------
 | Etotal =0.12E+07   grad(E)=118.029    E(BOND)=169560.123 E(ANGL)=142102.833 |
 | E(IMPR)=586793.752 E(VDW )=333714.944                                       |
 -------------------------------------------------------------------------------
 NBONDS: found   683980 intra-atom interactions
 NBONDS: found   684001 intra-atom interactions
 NBONDS: found   684045 intra-atom interactions
 --------------- cycle=    40 ------ stepsize=    0.0001 -----------------------
 | Etotal =0.12E+07   grad(E)=112.030    E(BOND)=167046.081 E(ANGL)=131388.495 |
 | E(IMPR)=576726.413 E(VDW )=327249.561                                       |
 -------------------------------------------------------------------------------
 NBONDS: found   683931 intra-atom interactions
 NBONDS: found   683954 intra-atom interactions
 --------------- cycle=    50 ------ stepsize=   -0.0001 -----------------------
 | Etotal =0.12E+07   grad(E)=109.348    E(BOND)=166061.610 E(ANGL)=128412.135 |
 | E(IMPR)=572302.697 E(VDW )=323667.853                                       |
 -------------------------------------------------------------------------------
 POWELL: STEP number limit. Normal termination
 POWELL: Current coordinates set to last minimum
 DCART: temperature coupling (TCOUpling) enabled
 -------------------------- Cartesian dynamics start ---------------------------
 | E(kin)+E(total)=0.12E+07        E(kin)=4120.119      temperature=301.270    |
 | Etotal =0.12E+07   grad(E)=109.348    E(BOND)=166061.610 E(ANGL)=128412.135 |
 | E(IMPR)=572302.697 E(VDW )=323667.853                                       |
 -------------------------------------------------------------------------------
 NBONDS: found   683964 intra-atom interactions
 NBONDS: found   683908 intra-atom interactions
 NBONDS: found   683911 intra-atom interactions
 ----------------- final step=       50 at      0.02500 ps ---------------------
 | E(kin)+E(total)=0.12E+07        E(kin)=6632.380      temperature=484.970    |
 | Etotal =0.12E+07   grad(E)=111.684    E(BOND)=167920.998 E(ANGL)=127312.040 |
 | E(IMPR)=568263.659 E(VDW )=321881.209                                       |
 -------------------------------------------------------------------------------
 CENMAS: Information about center of free masses
         position [A]          :     -0.68140      0.08279     -0.15896
         velocity [A/ps]       :     -0.09504     -0.05496      0.02574
         ang. mom. [amu A/ps]  :  70221.46285 -10234.38031  89389.08145
         kin. ener. [Kcal/mol] :      1.39437
 %PARRDR-info: duplication of bond HC   NC2 
 %PARRDR-info: duplication of angle CH2E C    NH1 
 %PARRDR-info: duplication of angle CH2P CH2E HA  
 POWELL: number of degrees of freedom= 13764
 NBONDS: generating intra-molecular exclusion list with mode=-3
 MAKINB: mode  -3 found  15659 exclusions and      0 interactions(1-4)
 NBONDS: found   672840 intra-atom interactions
 NBONDS: found   674931 intra-atom interactions
 NBONDS: found   674909 intra-atom interactions
 NBONDS: found   675026 intra-atom interactions
 NBONDS: found   675655 intra-atom interactions
 NBONDS: found   675554 intra-atom interactions
 NBONDS: found   675647 intra-atom interactions
 --------------- cycle=    25 ------ stepsize=    0.0003 -----------------------
 | Etotal =252794.529 grad(E)=95.523     E(BOND)=11327.503  E(ANGL)=125666.388 |
 | E(IMPR)=114024.715 E(VDW )=1775.923                                         |
 -------------------------------------------------------------------------------
 NBONDS: found   675503 intra-atom interactions
 NBONDS: found   675445 intra-atom interactions
 NBONDS: found   675409 intra-atom interactions
 NBONDS: found   675435 intra-atom interactions
 NBONDS: found   675526 intra-atom interactions
 NBONDS: found   675456 intra-atom interactions
 NBONDS: found   675536 intra-atom interactions
 --------------- cycle=    50 ------ stepsize=    0.0007 -----------------------
 | Etotal =45923.363  grad(E)=38.747     E(BOND)=2484.127   E(ANGL)=26372.008  |
 | E(IMPR)=16218.372  E(VDW )=848.856                                          |
 -------------------------------------------------------------------------------
 NBONDS: found   675517 intra-atom interactions
 NBONDS: found   675603 intra-atom interactions
 NBONDS: found   675535 intra-atom interactions
 --------------- cycle=    75 ------ stepsize=    0.0000 -----------------------
 | Etotal =6405.596   grad(E)=13.493     E(BOND)=215.797    E(ANGL)=2793.996   |
 | E(IMPR)=2771.351   E(VDW )=624.453                                          |
 -------------------------------------------------------------------------------
 NBONDS: found   675501 intra-atom interactions
 NBONDS: found   675500 intra-atom interactions
 NBONDS: found   675523 intra-atom interactions
 --------------- cycle=   100 ------ stepsize=   -0.0001 -----------------------
 | Etotal =1984.214   grad(E)=6.324      E(BOND)=31.804     E(ANGL)=1196.134   |
 | E(IMPR)=145.971    E(VDW )=610.305                                          |
 -------------------------------------------------------------------------------
 POWELL: STEP number limit. Normal termination
 POWELL: Current coordinates set to last minimum
 DCART: temperature coupling (TCOUpling) enabled
 -------------------------- Cartesian dynamics start ---------------------------
 | E(kin)+E(total)=6039.341        E(kin)=4055.127      temperature=296.517    |
 | Etotal =1984.214   grad(E)=6.324      E(BOND)=31.804     E(ANGL)=1196.134   |
 | E(IMPR)=145.971    E(VDW )=610.305                                          |
 -------------------------------------------------------------------------------
 NBONDS: found   675528 intra-atom interactions
 NBONDS: found   675550 intra-atom interactions
 NBONDS: found   675555 intra-atom interactions
 NBONDS: found   675490 intra-atom interactions
 NBONDS: found   675542 intra-atom interactions
 NBONDS: found   675610 intra-atom interactions
 NBONDS: found   675624 intra-atom interactions
 NBONDS: found   675534 intra-atom interactions
 NBONDS: found   675585 intra-atom interactions
 NBONDS: found   675511 intra-atom interactions
 NBONDS: found   675544 intra-atom interactions
 NBONDS: found   675615 intra-atom interactions
 NBONDS: found   675550 intra-atom interactions
 NBONDS: found   675661 intra-atom interactions
 ----------------- final step=      500 at      0.25000 ps ---------------------
 | E(kin)+E(total)=8765.866        E(kin)=4614.737      temperature=337.437    |
 | Etotal =4151.129   grad(E)=25.537     E(BOND)=1102.401   E(ANGL)=2095.604   |
 | E(IMPR)=278.168    E(VDW )=674.957                                          |
 -------------------------------------------------------------------------------
 CENMAS: Information about center of free masses
         position [A]          :     -0.68089      0.07991     -0.15981
         velocity [A/ps]       :     -0.06563     -0.12954     -0.02867
         ang. mom. [amu A/ps]  : -11873.81271-108781.53721-380375.02727
         kin. ener. [Kcal/mol] :      2.40269
 EFLAGS: the following energy flags are set
 EFLAGS: BOND ANGL DIHE IMPR VDW 
 %PARRDR-info: duplication of bond HC   NC2 
 %PARRDR-info: duplication of angle CH2E C    NH1 
 %PARRDR-info: duplication of angle CH2P CH2E HA  
 POWELL: number of degrees of freedom= 13764
 NBONDS: generating intra-molecular exclusion list with mode=-3
 MAKINB: mode  -3 found  15659 exclusions and      0 interactions(1-4)
 NBONDS: found   675666 intra-atom interactions
 NBONDS: found   675367 intra-atom interactions
 --------------- cycle=    50 ------ stepsize=    0.0010 -----------------------
 | Etotal =13068.528  grad(E)=13.417     E(BOND)=224.505    E(ANGL)=1130.571   |
 | E(DIHE)=196.013    E(IMPR)=104.540    E(VDW )=11412.898                     |
 -------------------------------------------------------------------------------
 NBONDS: found   675320 intra-atom interactions
 --------------- cycle=   100 ------ stepsize=    0.0009 -----------------------
 | Etotal =12694.228  grad(E)=13.162     E(BOND)=221.447    E(ANGL)=1113.558   |
 | E(DIHE)=162.605    E(IMPR)=87.692     E(VDW )=11108.926                     |
 -------------------------------------------------------------------------------
 --------------- cycle=   150 ------ stepsize=    0.0013 -----------------------
 | Etotal =12656.195  grad(E)=13.153     E(BOND)=222.215    E(ANGL)=1113.007   |
 | E(DIHE)=158.058    E(IMPR)=86.913     E(VDW )=11076.003                     |
 -------------------------------------------------------------------------------
 NBONDS: found   675347 intra-atom interactions
 --------------- cycle=   200 ------ stepsize=    0.0010 -----------------------
 | Etotal =12645.524  grad(E)=13.162     E(BOND)=222.432    E(ANGL)=1112.091   |
 | E(DIHE)=156.434    E(IMPR)=87.311     E(VDW )=11067.256                     |
 -------------------------------------------------------------------------------
 --------------- cycle=   250 ------ stepsize=    0.0013 -----------------------
 | Etotal =12639.926  grad(E)=13.158     E(BOND)=222.068    E(ANGL)=1111.782   |
 | E(DIHE)=156.355    E(IMPR)=87.349     E(VDW )=11062.372                     |
 -------------------------------------------------------------------------------
 --------------- cycle=   300 ------ stepsize=    0.0012 -----------------------
 | Etotal =12639.673  grad(E)=13.158     E(BOND)=222.093    E(ANGL)=1111.672   |
 | E(DIHE)=156.476    E(IMPR)=87.348     E(VDW )=11062.084                     |
 -------------------------------------------------------------------------------
 --------------- cycle=   350 ------ stepsize=    0.0011 -----------------------
 | Etotal =12639.639  grad(E)=13.158     E(BOND)=222.115    E(ANGL)=1111.701   |
 | E(DIHE)=156.611    E(IMPR)=87.349     E(VDW )=11061.863                     |
 -------------------------------------------------------------------------------
 --------------- cycle=   400 ------ stepsize=    0.0010 -----------------------
 | Etotal =12639.637  grad(E)=13.158     E(BOND)=222.113    E(ANGL)=1111.715   |
 | E(DIHE)=156.602    E(IMPR)=87.349     E(VDW )=11061.859                     |
 -------------------------------------------------------------------------------
 --------------- cycle=   450 ------ stepsize=    0.0010 -----------------------
 | Etotal =12639.637  grad(E)=13.158     E(BOND)=222.111    E(ANGL)=1111.725   |
 | E(DIHE)=156.601    E(IMPR)=87.350     E(VDW )=11061.850                     |
 -------------------------------------------------------------------------------
 --------------- cycle=   500 ------ stepsize=    0.0010 -----------------------
 | Etotal =12639.635  grad(E)=13.159     E(BOND)=222.075    E(ANGL)=1111.798   |
 | E(DIHE)=156.680    E(IMPR)=87.345     E(VDW )=11061.737                     |
 -------------------------------------------------------------------------------
 POWELL: STEP number limit. Normal termination
 POWELL: Current coordinates set to last minimum
 DCART: temperature coupling (TCOUpling) enabled
 -------------------------- Cartesian dynamics start ---------------------------
 | E(kin)+E(total)=16703.366       E(kin)=4063.731      temperature=297.147    |
 | Etotal =12639.635  grad(E)=13.159     E(BOND)=222.075    E(ANGL)=1111.798   |
 | E(DIHE)=156.680    E(IMPR)=87.345     E(VDW )=11061.737                     |
 -------------------------------------------------------------------------------
 NBONDS: found   675339 intra-atom interactions
 NBONDS: found   675215 intra-atom interactions
 NBONDS: found   675236 intra-atom interactions
 NBONDS: found   675414 intra-atom interactions
 NBONDS: found   675291 intra-atom interactions
 ----------------- final step=      500 at      0.25000 ps ---------------------
 | E(kin)+E(total)=20885.002       E(kin)=4189.776      temperature=306.363    |
 | Etotal =16695.226  grad(E)=31.993     E(BOND)=1344.503   E(ANGL)=3458.712   |
 | E(DIHE)=168.174    E(IMPR)=418.370    E(VDW )=11305.467                     |
 -------------------------------------------------------------------------------
 CENMAS: Information about center of free masses
         position [A]          :     -0.68088      0.08042     -0.15934
         velocity [A/ps]       :     -0.42145     -0.14286     -0.25310
         ang. mom. [amu A/ps]  : -12031.31137  29457.03563 -32804.28658
         kin. ener. [Kcal/mol] :      1.44845
 POWELL: number of degrees of freedom= 13764
 --------------- cycle=    50 ------ stepsize=    0.0009 -----------------------
 | Etotal =12631.796  grad(E)=13.169     E(BOND)=221.767    E(ANGL)=1112.946   |
 | E(DIHE)=155.053    E(IMPR)=87.442     E(VDW )=11054.588                     |
 -------------------------------------------------------------------------------
 --------------- cycle=   100 ------ stepsize=    0.0009 -----------------------
 | Etotal =12626.454  grad(E)=13.158     E(BOND)=221.757    E(ANGL)=1111.621   |
 | E(DIHE)=153.963    E(IMPR)=87.204     E(VDW )=11051.908                     |
 -------------------------------------------------------------------------------
 --------------- cycle=   150 ------ stepsize=    0.0011 -----------------------
 | Etotal =12623.538  grad(E)=13.159     E(BOND)=221.882    E(ANGL)=1111.128   |
 | E(DIHE)=152.895    E(IMPR)=87.329     E(VDW )=11050.304                     |
 -------------------------------------------------------------------------------
 --------------- cycle=   200 ------ stepsize=    0.0009 -----------------------
 | Etotal =12623.295  grad(E)=13.159     E(BOND)=221.872    E(ANGL)=1111.268   |
 | E(DIHE)=153.284    E(IMPR)=87.329     E(VDW )=11049.543                     |
 -------------------------------------------------------------------------------
 NBONDS: found   675336 intra-atom interactions
 --------------- cycle=   250 ------ stepsize=    0.0013 -----------------------
 | Etotal =12623.230  grad(E)=13.159     E(BOND)=221.905    E(ANGL)=1111.327   |
 | E(DIHE)=153.879    E(IMPR)=87.318     E(VDW )=11048.801                     |
 -------------------------------------------------------------------------------
 --------------- cycle=   300 ------ stepsize=    0.0010 -----------------------
 | Etotal =12623.208  grad(E)=13.159     E(BOND)=221.908    E(ANGL)=1111.286   |
 | E(DIHE)=153.763    E(IMPR)=87.327     E(VDW )=11048.922                     |
 -------------------------------------------------------------------------------
 --------------- cycle=   350 ------ stepsize=    0.0009 -----------------------
 | Etotal =12623.207  grad(E)=13.159     E(BOND)=221.910    E(ANGL)=1111.286   |
 | E(DIHE)=153.759    E(IMPR)=87.327     E(VDW )=11048.926                     |
 -------------------------------------------------------------------------------
 --------------- cycle=   400 ------ stepsize=    0.0008 -----------------------
 | Etotal =12623.207  grad(E)=13.159     E(BOND)=221.911    E(ANGL)=1111.285   |
 | E(DIHE)=153.754    E(IMPR)=87.327     E(VDW )=11048.931                     |
 -------------------------------------------------------------------------------
 --------------- cycle=   450 ------ stepsize=    0.0012 -----------------------
 | Etotal =12623.207  grad(E)=13.159     E(BOND)=221.912    E(ANGL)=1111.284   |
 | E(DIHE)=153.750    E(IMPR)=87.327     E(VDW )=11048.935                     |
 -------------------------------------------------------------------------------
 POWELL: Gradient converged. Normal termination
 POWELL: Current coordinates set to last minimum
 POWELL: number of degrees of freedom= 18348
 NBONDS: found   675195 intra-atom interactions
 --------------- cycle=     5 ------ stepsize=    0.0007 -----------------------
 | Etotal =12424.941  grad(E)=13.160     E(BOND)=221.464    E(ANGL)=1110.926   |
 | E(DIHE)=153.737    E(IMPR)=88.386     E(VDW )=10850.427                     |
 -------------------------------------------------------------------------------
 --------------- cycle=    10 ------ stepsize=    0.0011 -----------------------
 | Etotal =12403.711  grad(E)=13.162     E(BOND)=221.256    E(ANGL)=1113.353   |
 | E(DIHE)=153.682    E(IMPR)=86.211     E(VDW )=10829.209                     |
 -------------------------------------------------------------------------------
 --------------- cycle=    15 ------ stepsize=   -0.0002 -----------------------
 | Etotal =12398.844  grad(E)=13.140     E(BOND)=220.904    E(ANGL)=1111.103   |
 | E(DIHE)=153.732    E(IMPR)=85.563     E(VDW )=10827.540                     |
 -------------------------------------------------------------------------------
 --------------- cycle=    20 ------ stepsize=    0.0010 -----------------------
 | Etotal =12397.603  grad(E)=13.128     E(BOND)=220.948    E(ANGL)=1110.112   |
 | E(DIHE)=153.759    E(IMPR)=85.431     E(VDW )=10827.354                     |
 -------------------------------------------------------------------------------
 --------------- cycle=    25 ------ stepsize=   -0.0000 -----------------------
 | Etotal =12396.898  grad(E)=13.136     E(BOND)=221.007    E(ANGL)=1110.845   |
 | E(DIHE)=153.819    E(IMPR)=85.417     E(VDW )=10825.810                     |
 -------------------------------------------------------------------------------
 --------------- cycle=    30 ------ stepsize=    0.0011 -----------------------
 | Etotal =12396.627  grad(E)=13.132     E(BOND)=220.956    E(ANGL)=1110.223   |
 | E(DIHE)=153.864    E(IMPR)=85.456     E(VDW )=10826.128                     |
 -------------------------------------------------------------------------------
 --------------- cycle=    35 ------ stepsize=    0.0002 -----------------------
 | Etotal =12396.529  grad(E)=13.131     E(BOND)=220.902    E(ANGL)=1110.363   |
 | E(DIHE)=153.880    E(IMPR)=85.411     E(VDW )=10825.974                     |
 -------------------------------------------------------------------------------
 --------------- cycle=    40 ------ stepsize=    0.0010 -----------------------
 | Etotal =12396.396  grad(E)=13.131     E(BOND)=220.973    E(ANGL)=1110.139   |
 | E(DIHE)=153.915    E(IMPR)=85.460     E(VDW )=10825.909                     |
 -------------------------------------------------------------------------------
 --------------- cycle=    45 ------ stepsize=    0.0005 -----------------------
 | Etotal =12396.343  grad(E)=13.132     E(BOND)=220.923    E(ANGL)=1110.280   |
 | E(DIHE)=153.930    E(IMPR)=85.416     E(VDW )=10825.794                     |
 -------------------------------------------------------------------------------
 --------------- cycle=    50 ------ stepsize=    0.0010 -----------------------
 | Etotal =12396.261  grad(E)=13.132     E(BOND)=220.917    E(ANGL)=1110.322   |
 | E(DIHE)=153.956    E(IMPR)=85.461     E(VDW )=10825.604                     |
 -------------------------------------------------------------------------------
 POWELL: STEP number limit. Normal termination
 POWELL: Current coordinates set to last minimum
 %PARRDR-info: duplication of bond HC   NC2 
 %PARRDR-info: duplication of angle CH2E C    NH1 
 %PARRDR-info: duplication of angle CH2P CH2E HA  
 POWELL: number of degrees of freedom= 18348
 NBONDS: generating intra-molecular exclusion list with mode= 5
 MAKINB: mode   5 found  17753 exclusions and  17755 interactions(1-4)
 NBONDS: found   893316 intra-atom interactions
 NBONDS: found   893516 intra-atom interactions
 NBONDS: found   893495 intra-atom interactions
 --------------- cycle=    50 ------ stepsize=    0.0009 -----------------------
 | Etotal =0.022      grad(E)=5.447      E(BOND)=14.595     E(ANGL)=419.059    |
 | E(DIHE)=62.174     E(IMPR)=33.870     E(VDW )=-530.642   E(ELEC)=0.966      |
 -------------------------------------------------------------------------------
 POWELL: STEP number limit. Normal termination
 POWELL: Current coordinates set to last minimum
 --------------- cycle=     1 --------------------------------------------------
 | Etotal =0.022      grad(E)=5.447      E(BOND)=14.595     E(ANGL)=419.059    |
 | E(DIHE)=62.174     E(IMPR)=33.870     E(VDW )=-530.642   E(ELEC)=0.966      |
 -------------------------------------------------------------------------------
 SURFAC: half the sigma value being used for atomic radii.
 SURFAC: ACCEssible surface area
 SURFAC: ACCUracy= 0.07 RH2O=  1.40
         Z-grid=  0.32 number-of-Z-sections=  214
         measures-of-arc= 94315 and152788
 SURFAC: half the sigma value being used for atomic radii.
 SURFAC: ACCEssible surface area
 SURFAC: ACCUracy= 0.07 RH2O=  1.40
         Z-grid=  0.32 number-of-Z-sections=  138
         measures-of-arc= 25353 and 46298
 SURFAC: half the sigma value being used for atomic radii.
 SURFAC: ACCEssible surface area
 SURFAC: ACCUracy= 0.07 RH2O=  1.40
         Z-grid=  0.32 number-of-Z-sections=  214
         measures-of-arc=121386 and199176
 %PARRDR-info: duplication of bond HC   NC2 
 %PARRDR-info: duplication of angle CH2E C    NH1 
 %PARRDR-info: duplication of angle CH2P CH2E HA  
 NBONDS: generating intra-molecular exclusion list with mode= 5
 MAKINB: mode   5 found      5 exclusions and     10 interactions(1-4)
 NBONDS: found     2746 intra-atom interactions
 --------------- cycle=     2 --------------------------------------------------
 | Etotal =-42.340    grad(E)=0.140      E(VDW )=-5.515     E(ELEC)=-36.825    |
 -------------------------------------------------------------------------------
 NBONDS: generating intra-molecular exclusion list with mode= 5
 MAKINB: mode   5 found     10 exclusions and     20 interactions(1-4)
 NBONDS: found     2220 intra-atom interactions
 --------------- cycle=     3 --------------------------------------------------
 | Etotal =-77.561    grad(E)=0.636      E(VDW )=1.537      E(ELEC)=-79.098    |
 -------------------------------------------------------------------------------
 NBONDS: generating intra-molecular exclusion list with mode= 5
 MAKINB: mode   5 found     10 exclusions and     20 interactions(1-4)
 NBONDS: found     3748 intra-atom interactions
 --------------- cycle=     4 --------------------------------------------------
 | Etotal =-103.091   grad(E)=0.238      E(VDW )=-12.921    E(ELEC)=-90.170    |
 -------------------------------------------------------------------------------
 NBONDS: generating intra-molecular exclusion list with mode= 5
 MAKINB: mode   5 found     10 exclusions and     20 interactions(1-4)
 NBONDS: found     2855 intra-atom interactions
 --------------- cycle=     5 --------------------------------------------------
 | Etotal =-93.722    grad(E)=0.183      E(VDW )=-8.533     E(ELEC)=-85.189    |
 -------------------------------------------------------------------------------
 NBONDS: generating intra-molecular exclusion list with mode= 5
 MAKINB: mode   5 found     10 exclusions and     20 interactions(1-4)
 NBONDS: found     4264 intra-atom interactions
 --------------- cycle=     6 --------------------------------------------------
 | Etotal =-164.446   grad(E)=0.741      E(VDW )=3.505      E(ELEC)=-167.951   |
 -------------------------------------------------------------------------------
 NBONDS: generating intra-molecular exclusion list with mode= 5
 MAKINB: mode   5 found     10 exclusions and     20 interactions(1-4)
 NBONDS: found     3875 intra-atom interactions
 --------------- cycle=     7 --------------------------------------------------
 | Etotal =-98.218    grad(E)=0.184      E(VDW )=-12.732    E(ELEC)=-85.486    |
 -------------------------------------------------------------------------------
 NBONDS: generating intra-molecular exclusion list with mode= 5
 MAKINB: mode   5 found     10 exclusions and     20 interactions(1-4)
 NBONDS: found     5540 intra-atom interactions
 --------------- cycle=     8 --------------------------------------------------
 | Etotal =-92.279    grad(E)=0.163      E(VDW )=-19.370    E(ELEC)=-72.909    |
 -------------------------------------------------------------------------------
 NBONDS: generating intra-molecular exclusion list with mode= 5
 MAKINB: mode   5 found     10 exclusions and     20 interactions(1-4)
 NBONDS: found     5693 intra-atom interactions
 --------------- cycle=     9 --------------------------------------------------
 | Etotal =-95.759    grad(E)=0.225      E(VDW )=-10.532    E(ELEC)=-85.227    |
 -------------------------------------------------------------------------------
 NBONDS: generating intra-molecular exclusion list with mode= 5
 MAKINB: mode   5 found     10 exclusions and     20 interactions(1-4)
 NBONDS: found     2999 intra-atom interactions
 --------------- cycle=    10 --------------------------------------------------
 | Etotal =-178.946   grad(E)=0.411      E(VDW )=-6.908     E(ELEC)=-172.039   |
 -------------------------------------------------------------------------------
 NBONDS: generating intra-molecular exclusion list with mode= 5
 MAKINB: mode   5 found     10 exclusions and     20 interactions(1-4)
 NBONDS: found     5371 intra-atom interactions
 --------------- cycle=    11 --------------------------------------------------
 | Etotal =-149.583   grad(E)=0.350      E(VDW )=-15.630    E(ELEC)=-133.953   |
 -------------------------------------------------------------------------------
 NBONDS: generating intra-molecular exclusion list with mode= 5
 MAKINB: mode   5 found     10 exclusions and     20 interactions(1-4)
 NBONDS: found     5539 intra-atom interactions
 --------------- cycle=    12 --------------------------------------------------
 | Etotal =-102.866   grad(E)=0.204      E(VDW )=-17.082    E(ELEC)=-85.784    |
 -------------------------------------------------------------------------------
 NBONDS: generating intra-molecular exclusion list with mode= 5
 MAKINB: mode   5 found     10 exclusions and     20 interactions(1-4)
 NBONDS: found     3680 intra-atom interactions
 --------------- cycle=    13 --------------------------------------------------
 | Etotal =-106.729   grad(E)=0.301      E(VDW )=-9.633     E(ELEC)=-97.096    |
 -------------------------------------------------------------------------------
 NBONDS: generating intra-molecular exclusion list with mode= 5
 MAKINB: mode   5 found     10 exclusions and     20 interactions(1-4)
 NBONDS: found     4721 intra-atom interactions
 --------------- cycle=    14 --------------------------------------------------
 | Etotal =-130.359   grad(E)=0.354      E(VDW )=-11.740    E(ELEC)=-118.618   |
 -------------------------------------------------------------------------------
 NBONDS: generating intra-molecular exclusion list with mode= 5
 MAKINB: mode   5 found     10 exclusions and     20 interactions(1-4)
 NBONDS: found     3550 intra-atom interactions
 --------------- cycle=    15 --------------------------------------------------
 | Etotal =-125.288   grad(E)=0.337      E(VDW )=-12.166    E(ELEC)=-113.122   |
 -------------------------------------------------------------------------------
 NBONDS: generating intra-molecular exclusion list with mode= 5
 MAKINB: mode   5 found     10 exclusions and     20 interactions(1-4)
 NBONDS: found     4130 intra-atom interactions
 --------------- cycle=    16 --------------------------------------------------
 | Etotal =-209.419   grad(E)=0.609      E(VDW )=-9.742     E(ELEC)=-199.677   |
 -------------------------------------------------------------------------------
 NBONDS: generating intra-molecular exclusion list with mode= 5
 MAKINB: mode   5 found     10 exclusions and     20 interactions(1-4)
 NBONDS: found     3165 intra-atom interactions
 --------------- cycle=    17 --------------------------------------------------
 | Etotal =-175.814   grad(E)=0.519      E(VDW )=-8.861     E(ELEC)=-166.954   |
 -------------------------------------------------------------------------------
 NBONDS: generating intra-molecular exclusion list with mode= 5
 MAKINB: mode   5 found     10 exclusions and     20 interactions(1-4)
 NBONDS: found     4288 intra-atom interactions
 --------------- cycle=    18 --------------------------------------------------
 | Etotal =-95.091    grad(E)=0.168      E(VDW )=-14.923    E(ELEC)=-80.169    |
 -------------------------------------------------------------------------------
 NBONDS: generating intra-molecular exclusion list with mode= 5
 MAKINB: mode   5 found     10 exclusions and     20 interactions(1-4)
 NBONDS: found     5887 intra-atom interactions
 --------------- cycle=    19 --------------------------------------------------
 | Etotal =-126.457   grad(E)=0.336      E(VDW )=-20.016    E(ELEC)=-106.441   |
 -------------------------------------------------------------------------------
 NBONDS: generating intra-molecular exclusion list with mode= 5
 MAKINB: mode   5 found     10 exclusions and     20 interactions(1-4)
 NBONDS: found     3774 intra-atom interactions
 --------------- cycle=    20 --------------------------------------------------
 | Etotal =-113.297   grad(E)=0.250      E(VDW )=-13.672    E(ELEC)=-99.624    |
 -------------------------------------------------------------------------------
 NBONDS: generating intra-molecular exclusion list with mode= 5
 MAKINB: mode   5 found     10 exclusions and     20 interactions(1-4)
 NBONDS: found     4604 intra-atom interactions
 --------------- cycle=    21 --------------------------------------------------
 | Etotal =-90.490    grad(E)=0.183      E(VDW )=-13.719    E(ELEC)=-76.771    |
 -------------------------------------------------------------------------------
 NBONDS: generating intra-molecular exclusion list with mode= 5
 MAKINB: mode   5 found     10 exclusions and     20 interactions(1-4)
 NBONDS: found     3680 intra-atom interactions
 --------------- cycle=    22 --------------------------------------------------
 | Etotal =-85.519    grad(E)=0.186      E(VDW )=-11.524    E(ELEC)=-73.994    |
 -------------------------------------------------------------------------------
 NBONDS: generating intra-molecular exclusion list with mode= 5
 MAKINB: mode   5 found     10 exclusions and     20 interactions(1-4)
 NBONDS: found     2688 intra-atom interactions
 --------------- cycle=    23 --------------------------------------------------
 | Etotal =-82.136    grad(E)=0.155      E(VDW )=-8.198     E(ELEC)=-73.938    |
 -------------------------------------------------------------------------------
 NBONDS: generating intra-molecular exclusion list with mode= 5
 MAKINB: mode   5 found     10 exclusions and     23 interactions(1-4)
 NBONDS: found     5304 intra-atom interactions
 --------------- cycle=    24 --------------------------------------------------
 | Etotal =-88.269    grad(E)=0.152      E(VDW )=-20.952    E(ELEC)=-67.316    |
 -------------------------------------------------------------------------------
 NBONDS: generating intra-molecular exclusion list with mode= 5
 MAKINB: mode   5 found     10 exclusions and     20 interactions(1-4)
 NBONDS: found     3460 intra-atom interactions
 --------------- cycle=    25 --------------------------------------------------
 | Etotal =-77.887    grad(E)=0.253      E(VDW )=-4.627     E(ELEC)=-73.260    |
 -------------------------------------------------------------------------------
 NBONDS: generating intra-molecular exclusion list with mode= 5
 MAKINB: mode   5 found     10 exclusions and     20 interactions(1-4)
 NBONDS: found     2566 intra-atom interactions
 --------------- cycle=    26 --------------------------------------------------
 | Etotal =-83.006    grad(E)=0.426      E(VDW )=0.845      E(ELEC)=-83.851    |
 -------------------------------------------------------------------------------
 NBONDS: generating intra-molecular exclusion list with mode= 5
 MAKINB: mode   5 found     10 exclusions and     20 interactions(1-4)
 NBONDS: found     1529 intra-atom interactions
 --------------- cycle=    27 --------------------------------------------------
 | Etotal =-80.354    grad(E)=0.252      E(VDW )=1.345      E(ELEC)=-81.699    |
 -------------------------------------------------------------------------------
 NBONDS: generating intra-molecular exclusion list with mode= 5
 MAKINB: mode   5 found     10 exclusions and     20 interactions(1-4)
 NBONDS: found     2267 intra-atom interactions
 --------------- cycle=    28 --------------------------------------------------
 | Etotal =-73.024    grad(E)=0.201      E(VDW )=-6.788     E(ELEC)=-66.236    |
 -------------------------------------------------------------------------------
 NBONDS: generating intra-molecular exclusion list with mode= 5
 MAKINB: mode   5 found     10 exclusions and     20 interactions(1-4)
 NBONDS: found     5351 intra-atom interactions
 --------------- cycle=    29 --------------------------------------------------
 | Etotal =-97.552    grad(E)=0.209      E(VDW )=-20.955    E(ELEC)=-76.597    |
 -------------------------------------------------------------------------------
 NBONDS: generating intra-molecular exclusion list with mode= 5
 MAKINB: mode   5 found     10 exclusions and     20 interactions(1-4)
 NBONDS: found     2110 intra-atom interactions
 --------------- cycle=    30 --------------------------------------------------
 | Etotal =-76.795    grad(E)=0.201      E(VDW )=-6.310     E(ELEC)=-70.485    |
 -------------------------------------------------------------------------------
 NBONDS: generating intra-molecular exclusion list with mode= 5
 MAKINB: mode   5 found     10 exclusions and     20 interactions(1-4)
 NBONDS: found     6366 intra-atom interactions
 --------------- cycle=    31 --------------------------------------------------
 | Etotal =-197.073   grad(E)=0.480      E(VDW )=-12.290    E(ELEC)=-184.783   |
 -------------------------------------------------------------------------------
 NBONDS: generating intra-molecular exclusion list with mode= 5
 MAKINB: mode   5 found     10 exclusions and     20 interactions(1-4)
 NBONDS: found     1976 intra-atom interactions
 --------------- cycle=    32 --------------------------------------------------
 | Etotal =-81.715    grad(E)=0.158      E(VDW )=-7.090     E(ELEC)=-74.625    |
 -------------------------------------------------------------------------------
 NBONDS: generating intra-molecular exclusion list with mode= 5
 MAKINB: mode   5 found     10 exclusions and     20 interactions(1-4)
 NBONDS: found     3584 intra-atom interactions
 --------------- cycle=    33 --------------------------------------------------
 | Etotal =-185.743   grad(E)=0.684      E(VDW )=-8.261     E(ELEC)=-177.481   |
 -------------------------------------------------------------------------------
 NBONDS: generating intra-molecular exclusion list with mode= 5
 MAKINB: mode   5 found     10 exclusions and     20 interactions(1-4)
 NBONDS: found     5668 intra-atom interactions
 --------------- cycle=    34 --------------------------------------------------
 | Etotal =-86.262    grad(E)=0.124      E(VDW )=-24.632    E(ELEC)=-61.630    |
 -------------------------------------------------------------------------------
 NBONDS: generating intra-molecular exclusion list with mode= 5
 MAKINB: mode   5 found     10 exclusions and     20 interactions(1-4)
 NBONDS: found     6636 intra-atom interactions
 --------------- cycle=    35 --------------------------------------------------
 | Etotal =-178.735   grad(E)=0.615      E(VDW )=-15.084    E(ELEC)=-163.651   |
 -------------------------------------------------------------------------------
 NBONDS: generating intra-molecular exclusion list with mode= 5
 MAKINB: mode   5 found     10 exclusions and     20 interactions(1-4)
 NBONDS: found     2341 intra-atom interactions
 --------------- cycle=    36 --------------------------------------------------
 | Etotal =-83.486    grad(E)=0.155      E(VDW )=-8.919     E(ELEC)=-74.567    |
 -------------------------------------------------------------------------------
 NBONDS: generating intra-molecular exclusion list with mode= 5
 MAKINB: mode   5 found     10 exclusions and     20 interactions(1-4)
 NBONDS: found     1716 intra-atom interactions
 --------------- cycle=    37 --------------------------------------------------
 | Etotal =-77.995    grad(E)=0.121      E(VDW )=-3.539     E(ELEC)=-74.455    |
 -------------------------------------------------------------------------------
 NBONDS: generating intra-molecular exclusion list with mode= 5
 MAKINB: mode   5 found     10 exclusions and     23 interactions(1-4)
 NBONDS: found     3774 intra-atom interactions
 --------------- cycle=    38 --------------------------------------------------
 | Etotal =-85.101    grad(E)=0.201      E(VDW )=-10.184    E(ELEC)=-74.917    |
 -------------------------------------------------------------------------------
 NBONDS: generating intra-molecular exclusion list with mode= 5
 MAKINB: mode   5 found     10 exclusions and     20 interactions(1-4)
 NBONDS: found     6066 intra-atom interactions
 --------------- cycle=    39 --------------------------------------------------
 | Etotal =-196.123   grad(E)=0.488      E(VDW )=-16.756    E(ELEC)=-179.367   |
 -------------------------------------------------------------------------------
 NBONDS: generating intra-molecular exclusion list with mode= 5
 MAKINB: mode   5 found      5 exclusions and     10 interactions(1-4)
 NBONDS: found     1820 intra-atom interactions
 --------------- cycle=    40 --------------------------------------------------
 | Etotal =-20.392    grad(E)=0.178      E(VDW )=-0.151     E(ELEC)=-20.242    |
 -------------------------------------------------------------------------------
 NBONDS: generating intra-molecular exclusion list with mode= 5
 MAKINB: mode   5 found     10 exclusions and     20 interactions(1-4)
 NBONDS: found     6541 intra-atom interactions
 --------------- cycle=    41 --------------------------------------------------
 | Etotal =-191.508   grad(E)=0.625      E(VDW )=-18.061    E(ELEC)=-173.448   |
 -------------------------------------------------------------------------------
 NBONDS: generating intra-molecular exclusion list with mode= 5
 MAKINB: mode   5 found     10 exclusions and     20 interactions(1-4)
 NBONDS: found     2596 intra-atom interactions
 --------------- cycle=    42 --------------------------------------------------
 | Etotal =-153.479   grad(E)=0.550      E(VDW )=-6.231     E(ELEC)=-147.248   |
 -------------------------------------------------------------------------------
 NBONDS: generating intra-molecular exclusion list with mode= 5
 MAKINB: mode   5 found     10 exclusions and     20 interactions(1-4)
 NBONDS: found     3950 intra-atom interactions
 --------------- cycle=    43 --------------------------------------------------
 | Etotal =-151.974   grad(E)=0.449      E(VDW )=-15.146    E(ELEC)=-136.828   |
 -------------------------------------------------------------------------------
 NBONDS: generating intra-molecular exclusion list with mode= 5
 MAKINB: mode   5 found     10 exclusions and     20 interactions(1-4)
 NBONDS: found     1248 intra-atom interactions
 --------------- cycle=    44 --------------------------------------------------
 | Etotal =-48.084    grad(E)=0.122      E(VDW )=-4.568     E(ELEC)=-43.516    |
 -------------------------------------------------------------------------------
 NBONDS: generating intra-molecular exclusion list with mode= 5
 MAKINB: mode   5 found     10 exclusions and     20 interactions(1-4)
 NBONDS: found     4660 intra-atom interactions
 --------------- cycle=    45 --------------------------------------------------
 | Etotal =-194.025   grad(E)=0.394      E(VDW )=-7.145     E(ELEC)=-186.881   |
 -------------------------------------------------------------------------------
 NBONDS: generating intra-molecular exclusion list with mode= 5
 MAKINB: mode   5 found     10 exclusions and     20 interactions(1-4)
 NBONDS: found     5101 intra-atom interactions
 --------------- cycle=    46 --------------------------------------------------
 | Etotal =-101.878   grad(E)=0.207      E(VDW )=-20.830    E(ELEC)=-81.048    |
 -------------------------------------------------------------------------------
 NBONDS: generating intra-molecular exclusion list with mode= 5
 MAKINB: mode   5 found     10 exclusions and     20 interactions(1-4)
 NBONDS: found     1605 intra-atom interactions
 --------------- cycle=    47 --------------------------------------------------
 | Etotal =-57.261    grad(E)=0.113      E(VDW )=-4.842     E(ELEC)=-52.419    |
 -------------------------------------------------------------------------------
 NBONDS: generating intra-molecular exclusion list with mode= 5
 MAKINB: mode   5 found     10 exclusions and     20 interactions(1-4)
 NBONDS: found     1042 intra-atom interactions
 --------------- cycle=    48 --------------------------------------------------
 | Etotal =-65.664    grad(E)=0.123      E(VDW )=-4.180     E(ELEC)=-61.484    |
 -------------------------------------------------------------------------------
 NBONDS: generating intra-molecular exclusion list with mode= 5
 MAKINB: mode   5 found     10 exclusions and     20 interactions(1-4)
 NBONDS: found     1496 intra-atom interactions
 --------------- cycle=    49 --------------------------------------------------
 | Etotal =-76.726    grad(E)=0.171      E(VDW )=-8.796     E(ELEC)=-67.930    |
 -------------------------------------------------------------------------------
 NBONDS: generating intra-molecular exclusion list with mode= 5
 MAKINB: mode   5 found     10 exclusions and     20 interactions(1-4)
 NBONDS: found     3426 intra-atom interactions
 --------------- cycle=    50 --------------------------------------------------
 | Etotal =-94.133    grad(E)=0.206      E(VDW )=-19.746    E(ELEC)=-74.386    |
 -------------------------------------------------------------------------------
 NBONDS: generating intra-molecular exclusion list with mode= 5
 MAKINB: mode   5 found     10 exclusions and     20 interactions(1-4)
 NBONDS: found     3553 intra-atom interactions
 --------------- cycle=    51 --------------------------------------------------
 | Etotal =-93.259    grad(E)=0.286      E(VDW )=-13.569    E(ELEC)=-79.690    |
 -------------------------------------------------------------------------------
 NBONDS: generating intra-molecular exclusion list with mode= 5
 MAKINB: mode   5 found     10 exclusions and     20 interactions(1-4)
 NBONDS: found     6068 intra-atom interactions
 --------------- cycle=    52 --------------------------------------------------
 | Etotal =-114.743   grad(E)=0.262      E(VDW )=-25.032    E(ELEC)=-89.711    |
 -------------------------------------------------------------------------------
 NBONDS: generating intra-molecular exclusion list with mode= 5
 MAKINB: mode   5 found     10 exclusions and     20 interactions(1-4)
 NBONDS: found     6980 intra-atom interactions
 --------------- cycle=    53 --------------------------------------------------
 | Etotal =-147.656   grad(E)=0.379      E(VDW )=-20.530    E(ELEC)=-127.126   |
 -------------------------------------------------------------------------------
 NBONDS: generating intra-molecular exclusion list with mode= 5
 MAKINB: mode   5 found     10 exclusions and     20 interactions(1-4)
 NBONDS: found     5389 intra-atom interactions
 --------------- cycle=    54 --------------------------------------------------
 | Etotal =-97.652    grad(E)=0.186      E(VDW )=-18.250    E(ELEC)=-79.402    |
 -------------------------------------------------------------------------------
 NBONDS: generating intra-molecular exclusion list with mode= 5
 MAKINB: mode   5 found     10 exclusions and     20 interactions(1-4)
 NBONDS: found     5598 intra-atom interactions
 --------------- cycle=    55 --------------------------------------------------
 | Etotal =-88.625    grad(E)=0.199      E(VDW )=-20.153    E(ELEC)=-68.472    |
 -------------------------------------------------------------------------------
 NBONDS: generating intra-molecular exclusion list with mode= 5
 MAKINB: mode   5 found     10 exclusions and     20 interactions(1-4)
 NBONDS: found     5417 intra-atom interactions
 --------------- cycle=    56 --------------------------------------------------
 | Etotal =-156.944   grad(E)=0.452      E(VDW )=-12.548    E(ELEC)=-144.396   |
 -------------------------------------------------------------------------------
 NBONDS: generating intra-molecular exclusion list with mode= 5
 MAKINB: mode   5 found     10 exclusions and     20 interactions(1-4)
 NBONDS: found     4697 intra-atom interactions
 --------------- cycle=    57 --------------------------------------------------
 | Etotal =-87.640    grad(E)=0.211      E(VDW )=-11.398    E(ELEC)=-76.242    |
 -------------------------------------------------------------------------------
 NBONDS: generating intra-molecular exclusion list with mode= 5
 MAKINB: mode   5 found     10 exclusions and     20 interactions(1-4)
 NBONDS: found     2957 intra-atom interactions
 --------------- cycle=    58 --------------------------------------------------
 | Etotal =-80.712    grad(E)=0.185      E(VDW )=-9.423     E(ELEC)=-71.290    |
 -------------------------------------------------------------------------------
 NBONDS: generating intra-molecular exclusion list with mode= 5
 MAKINB: mode   5 found     10 exclusions and     20 interactions(1-4)
 NBONDS: found     2301 intra-atom interactions
 --------------- cycle=    59 --------------------------------------------------
 | Etotal =-70.795    grad(E)=0.094      E(VDW )=-10.280    E(ELEC)=-60.515    |
 -------------------------------------------------------------------------------
 NBONDS: generating intra-molecular exclusion list with mode= 5
 MAKINB: mode   5 found     10 exclusions and     20 interactions(1-4)
 NBONDS: found     1031 intra-atom interactions
 --------------- cycle=    60 --------------------------------------------------
 | Etotal =-74.544    grad(E)=0.123      E(VDW )=-4.595     E(ELEC)=-69.949    |
 -------------------------------------------------------------------------------
 NBONDS: generating intra-molecular exclusion list with mode= 5
 MAKINB: mode   5 found     10 exclusions and     23 interactions(1-4)
 NBONDS: found     1539 intra-atom interactions
 --------------- cycle=    61 --------------------------------------------------
 | Etotal =-64.302    grad(E)=0.169      E(VDW )=-4.100     E(ELEC)=-60.202    |
 -------------------------------------------------------------------------------
 NBONDS: generating intra-molecular exclusion list with mode= 5
 MAKINB: mode   5 found     10 exclusions and     20 interactions(1-4)
 NBONDS: found     1963 intra-atom interactions
 --------------- cycle=    62 --------------------------------------------------
 | Etotal =-106.164   grad(E)=0.317      E(VDW )=-3.850     E(ELEC)=-102.314   |
 -------------------------------------------------------------------------------
 NBONDS: generating intra-molecular exclusion list with mode= 5
 MAKINB: mode   5 found     10 exclusions and     20 interactions(1-4)
 NBONDS: found     1008 intra-atom interactions
 --------------- cycle=    63 --------------------------------------------------
 | Etotal =-64.160    grad(E)=0.136      E(VDW )=-5.335     E(ELEC)=-58.824    |
 -------------------------------------------------------------------------------
 NBONDS: generating intra-molecular exclusion list with mode= 5
 MAKINB: mode   5 found     10 exclusions and     20 interactions(1-4)
 NBONDS: found     3339 intra-atom interactions
 --------------- cycle=    64 --------------------------------------------------
 | Etotal =-69.117    grad(E)=0.219      E(VDW )=-6.757     E(ELEC)=-62.359    |
 -------------------------------------------------------------------------------
 NBONDS: generating intra-molecular exclusion list with mode= 5
 MAKINB: mode   5 found     10 exclusions and     20 interactions(1-4)
 NBONDS: found     3190 intra-atom interactions
 --------------- cycle=    65 --------------------------------------------------
 | Etotal =-97.160    grad(E)=0.235      E(VDW )=-12.286    E(ELEC)=-84.874    |
 -------------------------------------------------------------------------------
 NBONDS: generating intra-molecular exclusion list with mode= 5
 MAKINB: mode   5 found     13 exclusions and     27 interactions(1-4)
 NBONDS: found     2247 intra-atom interactions
 --------------- cycle=    66 --------------------------------------------------
 | Etotal =-70.991    grad(E)=0.221      E(VDW )=-8.185     E(ELEC)=-62.806    |
 -------------------------------------------------------------------------------
 NBONDS: generating intra-molecular exclusion list with mode= 5
 MAKINB: mode   5 found     10 exclusions and     20 interactions(1-4)
 NBONDS: found     5245 intra-atom interactions
 --------------- cycle=    67 --------------------------------------------------
 | Etotal =-86.300    grad(E)=0.174      E(VDW )=-20.372    E(ELEC)=-65.928    |
 -------------------------------------------------------------------------------
 NBONDS: generating intra-molecular exclusion list with mode= 5
 MAKINB: mode   5 found     10 exclusions and     23 interactions(1-4)
 NBONDS: found     3273 intra-atom interactions
 --------------- cycle=    68 --------------------------------------------------
 | Etotal =-82.413    grad(E)=0.296      E(VDW )=-7.650     E(ELEC)=-74.762    |
 -------------------------------------------------------------------------------
 NBONDS: generating intra-molecular exclusion list with mode= 5
 MAKINB: mode   5 found     10 exclusions and     23 interactions(1-4)
 NBONDS: found     3933 intra-atom interactions
 --------------- cycle=    69 --------------------------------------------------
 | Etotal =-80.862    grad(E)=0.250      E(VDW )=-10.909    E(ELEC)=-69.953    |
 -------------------------------------------------------------------------------
 NBONDS: generating intra-molecular exclusion list with mode= 5
 MAKINB: mode   5 found     10 exclusions and     20 interactions(1-4)
 NBONDS: found     4683 intra-atom interactions
 --------------- cycle=    70 --------------------------------------------------
 | Etotal =-78.556    grad(E)=0.130      E(VDW )=-14.839    E(ELEC)=-63.717    |
 -------------------------------------------------------------------------------
 NBONDS: generating intra-molecular exclusion list with mode= 5
 MAKINB: mode   5 found     10 exclusions and     20 interactions(1-4)
 NBONDS: found     4274 intra-atom interactions
 --------------- cycle=    71 --------------------------------------------------
 | Etotal =-133.699   grad(E)=0.381      E(VDW )=-16.792    E(ELEC)=-116.907   |
 -------------------------------------------------------------------------------
 NBONDS: generating intra-molecular exclusion list with mode= 5
 MAKINB: mode   5 found     10 exclusions and     20 interactions(1-4)
 NBONDS: found     2476 intra-atom interactions
 --------------- cycle=    72 --------------------------------------------------
 | Etotal =-68.138    grad(E)=0.128      E(VDW )=-9.477     E(ELEC)=-58.660    |
 -------------------------------------------------------------------------------
 NBONDS: generating intra-molecular exclusion list with mode= 5
 MAKINB: mode   5 found     10 exclusions and     20 interactions(1-4)
 NBONDS: found     6377 intra-atom interactions
 --------------- cycle=    73 --------------------------------------------------
 | Etotal =-108.074   grad(E)=0.330      E(VDW )=-20.057    E(ELEC)=-88.018    |
 -------------------------------------------------------------------------------
 NBONDS: generating intra-molecular exclusion list with mode= 5
 MAKINB: mode   5 found     10 exclusions and     20 interactions(1-4)
 NBONDS: found     2029 intra-atom interactions
 --------------- cycle=    74 --------------------------------------------------
 | Etotal =-89.165    grad(E)=0.182      E(VDW )=-6.830     E(ELEC)=-82.335    |
 -------------------------------------------------------------------------------
 NBONDS: generating intra-molecular exclusion list with mode= 5
 MAKINB: mode   5 found     10 exclusions and     20 interactions(1-4)
 NBONDS: found     6485 intra-atom interactions
 --------------- cycle=    75 --------------------------------------------------
 | Etotal =-99.416    grad(E)=0.163      E(VDW )=-29.243    E(ELEC)=-70.173    |
 -------------------------------------------------------------------------------
 NBONDS: generating intra-molecular exclusion list with mode= 5
 MAKINB: mode   5 found     10 exclusions and     23 interactions(1-4)
 NBONDS: found     4718 intra-atom interactions
 --------------- cycle=    76 --------------------------------------------------
 | Etotal =-81.146    grad(E)=0.155      E(VDW )=-17.447    E(ELEC)=-63.699    |
 -------------------------------------------------------------------------------
 NBONDS: generating intra-molecular exclusion list with mode= 5
 MAKINB: mode   5 found     10 exclusions and     23 interactions(1-4)
 NBONDS: found     2833 intra-atom interactions
 --------------- cycle=    77 --------------------------------------------------
 | Etotal =-76.307    grad(E)=0.146      E(VDW )=-7.837     E(ELEC)=-68.470    |
 -------------------------------------------------------------------------------
 NBONDS: generating intra-molecular exclusion list with mode= 5
 MAKINB: mode   5 found     10 exclusions and     20 interactions(1-4)
 NBONDS: found     3358 intra-atom interactions
 --------------- cycle=    78 --------------------------------------------------
 | Etotal =-90.728    grad(E)=0.236      E(VDW )=-6.053     E(ELEC)=-84.675    |
 -------------------------------------------------------------------------------
 NBONDS: generating intra-molecular exclusion list with mode= 5
 MAKINB: mode   5 found     10 exclusions and     20 interactions(1-4)
 NBONDS: found     4054 intra-atom interactions
 --------------- cycle=    79 --------------------------------------------------
 | Etotal =-93.161    grad(E)=0.259      E(VDW )=-13.287    E(ELEC)=-79.874    |
 -------------------------------------------------------------------------------
 NBONDS: generating intra-molecular exclusion list with mode= 5
 MAKINB: mode   5 found     10 exclusions and     20 interactions(1-4)
 NBONDS: found     1825 intra-atom interactions
 --------------- cycle=    80 --------------------------------------------------
 | Etotal =-67.032    grad(E)=0.239      E(VDW )=-1.120     E(ELEC)=-65.912    |
 -------------------------------------------------------------------------------
 NBONDS: generating intra-molecular exclusion list with mode= 5
 MAKINB: mode   5 found     10 exclusions and     20 interactions(1-4)
 NBONDS: found     2653 intra-atom interactions
 --------------- cycle=    81 --------------------------------------------------
 | Etotal =-73.823    grad(E)=0.159      E(VDW )=-6.324     E(ELEC)=-67.499    |
 -------------------------------------------------------------------------------
 NBONDS: generating intra-molecular exclusion list with mode= 5
 MAKINB: mode   5 found     10 exclusions and     20 interactions(1-4)
 NBONDS: found     1533 intra-atom interactions
 --------------- cycle=    82 --------------------------------------------------
 | Etotal =-72.446    grad(E)=0.201      E(VDW )=-4.798     E(ELEC)=-67.648    |
 -------------------------------------------------------------------------------
 NBONDS: generating intra-molecular exclusion list with mode= 5
 MAKINB: mode   5 found     10 exclusions and     20 interactions(1-4)
 NBONDS: found     5387 intra-atom interactions
 --------------- cycle=    83 --------------------------------------------------
 | Etotal =-105.606   grad(E)=0.192      E(VDW )=-25.058    E(ELEC)=-80.548    |
 -------------------------------------------------------------------------------
 NBONDS: generating intra-molecular exclusion list with mode= 5
 MAKINB: mode   5 found     10 exclusions and     23 interactions(1-4)
 NBONDS: found     4563 intra-atom interactions
 --------------- cycle=    84 --------------------------------------------------
 | Etotal =-112.244   grad(E)=0.296      E(VDW )=-18.119    E(ELEC)=-94.125    |
 -------------------------------------------------------------------------------
 HEAP: maximum use      =    22570152 current use      =       96000 bytes
 HEAP: maximum overhead =        2800 current overhead =         752 bytes
          ============================================================
           Maximum dynamic memory allocation:    22570152 bytes
           Maximum dynamic memory overhead:          2800 bytes
           Program started at: 19:07:21 on 10-Jun-2020
           Program stopped at: 19:07:47 on 10-Jun-2020
           CPU time used:      26.0781 seconds
          ============================================================
