          ============================================================
          |                                                          |
          |            Crystallography & NMR System (CNS)            |
          |                         CNSsolve                         |
          |                                                          |
          ============================================================
           Version: 1.3 at patch level U
           Status: Special UU release with Rg and paramagnetic
                   restraints (A. Bonvin, UU 2011)
          ============================================================
           Written by: A.T.Brunger, P.D.Adams, G.M.Clore, W.L.DeLano,
                       P.Gros, R.W.Grosse-Kunstleve,J.-S.Jiang,J.M.Krahn,
                       J.Kuszewski, M.Nilges, N.S.Pannu, R.J.Read,
                       L.M.Rice, G.F.Schroeder, T.Simonson, G.L.Warren.
           Copyright (c) 1997-2010 Yale University
          ============================================================
           Running on machine: hostname unknown (x86_64/Linux,64-bit)
           Program started by: joaor
           Program started at: 19:04:46 on 10-Jun-2020
          ============================================================

 FFT3C: Using FFTPACK4.1

 CNSsolve>! 
 CNSsolve>! Calculates pairwise energies between residues 
 CNSsolve>! Will only rebuild hydrogen atoms 
 CNSsolve>! 
 CNSsolve>! Adapted from HADDOCK protocols here and there. 
 CNSsolve>! JR & AMJJB @ 2020 
 CNSsolve>! 
 CNSsolve>define( 
 DEFINE>    {===>} auto_break=true; 
 DEFINE>    {===>} break_cutoff=2.5; 
 DEFINE>    {===>} dnaauto_break=true; 
 DEFINE>    {===>} dbreak_cutoff=4.5; 
 DEFINE>    {===>} auto_cispro=true; 
 DEFINE>    {===>} auto_disu=true; 
 DEFINE>    {===>} disulphide_dist=3.0; 
 DEFINE>    {===>} glyco_dist=2.75; 
 DEFINE>    {===>} coorin="molecule.pdb"; 
 DEFINE>    {===>} icutoff=5.0; 
 DEFINE>) 
 CNSsolve> 
 CNSsolve>! Mute (most) output 
 CNSsolve>set message=on echo=off end 
 ASSFIL: file merged.param opened.
 MESSage=NORM
 EVALUATE: symbol $OLD_MESSAGE set to "NORM" (string)
 ECHO=FALSe {OFF}
 EVALUATE: symbol $OLD_ECHO set to FALSE (logical)
 %PARRDR-info: duplication of bond HC   NC2 
 %PARRDR-info: duplication of angle CH2E C    NH1 
 %PARRDR-info: duplication of angle CH2P CH2E HA  
 ASSFIL: file merged.top opened.
 MESSage=NORM
 EVALUATE: symbol $OLD_MESSAGE set to "NORM" (string)
 ECHO=FALSe {OFF}
 EVALUATE: symbol $OLD_ECHO set to FALSE (logical)
 %RTFIO-warning: undefined masses in residue CYC 
 %RTFIO error encountered: there are undefined masses.
   (CNS is in mode: SET ABORT=NORMal END)
 MESSage=NORM
 EVALUATE: symbol $OLD_MESSAGE set to "NORM" (string)
 ECHO=FALSe {OFF}
 EVALUATE: symbol $OLD_ECHO set to FALSE (logical)
 ASSFIL: file protein_break.top opened.
 %RTFRDR-ERR: duplicate (P-)RESIdue name DPEP
 %RTFRDR-ERR: duplicate (P-)RESIdue name DPPP
 RTFRDR> 
 RTFRDR>end 
 CNSsolve> 
 CNSsolve>! Reset output muting 
 CNSsolve>set message=off echo=off end 
FOUND 7 NAG:ASN pairs
NAG:ASN bond added from   B    901  to   B    53  
NAG:ASN bond added from   B    903  to   B    90  
NAG:ASN bond added from   B    905  to   B    103 
NAG:ASN bond added from   B    907  to   B    322 
NAG:ASN bond added from   B    908  to   B    432 
NAG:ASN bond added from   B    910  to   B    546 
NAG:ASN bond added from   E    1401 to   E    343 
FOUND 7 NAG:NAG pairs
NAG:NAG B14 bond added from   B    902  to   B    901 
NAG:NAG B14 bond added from   B    904  to   B    903 
NAG:NAG B14 bond added from   B    906  to   B    905 
NAG:NAG B14 bond added from   B    909  to   B    908 
NAG:NAG B14 bond added from   B    911  to   B    910 
NAG:NAG B14 bond added from   E    1402 to   E    1401
NAG:NAG B14 bond added from   E    1403 to   E    1402
 %PARRDR-info: duplication of bond HC   NC2 
 %PARRDR-info: duplication of angle CH2E C    NH1 
 %PARRDR-info: duplication of angle CH2P CH2E HA  
 POWELL: number of degrees of freedom= 13764
 NBONDS: generating intra-molecular exclusion list with mode=-2
 MAKINB: mode  -2 found   4588 exclusions and      0 interactions(1-4)
 %atoms "B   -108 -LEU -HB1 " and "B   -108 -LEU -HD23" only  0.05 A apart
 %atoms "B   -230 -PHE -HA  " and "B   -230 -PHE -HD2 " only  0.06 A apart
 %atoms "B   -410 -LEU -CA  " and "B   -410 -LEU -HD13" only  0.03 A apart
 %atoms "B   -506 -VAL -HG11" and "B   -506 -VAL -HG23" only  0.10 A apart
 %atoms "B   -538 -PRO -CB  " and "B   -538 -PRO -HD1 " only  0.05 A apart
 %atoms "B   -539 -LEU -HD12" and "B   -539 -LEU -HD22" only  0.10 A apart
 %atoms "E   -431 -GLY -N   " and "E   -431 -GLY -HA2 " only  0.07 A apart
 %atoms "E   -452 -LEU -HG  " and "E   -452 -LEU -HD22" only  0.09 A apart
 %atoms "E   -492 -LEU -HD12" and "E   -492 -LEU -HD22" only  0.09 A apart
 %atoms "E   -495 -TYR -HD2 " and "E   -495 -TYR -HE1 " only  0.09 A apart
 NBONDS: found   696615 intra-atom interactions
 NBONDS: found       10 nonbonded violations
 %atoms "B   -235 -PRO -N   " and "B   -235 -PRO -HG2 " only  0.03 A apart
 NBONDS: found   696403 intra-atom interactions
 NBONDS: found        1 nonbonded violations
 %atoms "B   -534 -LYS -HD1 " and "B   -534 -LYS -HE1 " only  0.07 A apart
 NBONDS: found   691195 intra-atom interactions
 NBONDS: found        1 nonbonded violations
 NBONDS: found   687364 intra-atom interactions
 --------------- cycle=    10 ------ stepsize=   -0.0000 -----------------------
 | Etotal =0.34E+07   grad(E)=581.445    E(BOND)=571252.138 E(ANGL)=0.15E+07   |
 | E(VDW )=0.13E+07                                                            |
 -------------------------------------------------------------------------------
 NBONDS: found   687654 intra-atom interactions
 NBONDS: found   687375 intra-atom interactions
 NBONDS: found   687746 intra-atom interactions
 NBONDS: found   687250 intra-atom interactions
 NBONDS: found   686965 intra-atom interactions
 --------------- cycle=    20 ------ stepsize=    0.0000 -----------------------
 | Etotal =0.12E+07   grad(E)=300.658    E(BOND)=233439.444 E(ANGL)=498917.699 |
 | E(VDW )=507354.011                                                          |
 -------------------------------------------------------------------------------
 NBONDS: found   687028 intra-atom interactions
 NBONDS: found   686816 intra-atom interactions
 NBONDS: found   686895 intra-atom interactions
 --------------- cycle=    30 ------ stepsize=    0.0001 -----------------------
 | Etotal =978664.097 grad(E)=241.629    E(BOND)=190056.007 E(ANGL)=357325.116 |
 | E(VDW )=431282.974                                                          |
 -------------------------------------------------------------------------------
 NBONDS: found   686929 intra-atom interactions
 NBONDS: found   687163 intra-atom interactions
 --------------- cycle=    40 ------ stepsize=   -0.0000 -----------------------
 | Etotal =931025.597 grad(E)=231.221    E(BOND)=185450.519 E(ANGL)=331984.695 |
 | E(VDW )=413590.382                                                          |
 -------------------------------------------------------------------------------
 NBONDS: found   687224 intra-atom interactions
 NBONDS: found   687258 intra-atom interactions
 --------------- cycle=    50 ------ stepsize=    0.0001 -----------------------
 | Etotal =911902.481 grad(E)=227.983    E(BOND)=181858.158 E(ANGL)=322006.073 |
 | E(VDW )=408038.249                                                          |
 -------------------------------------------------------------------------------
 POWELL: STEP number limit. Normal termination
 POWELL: Current coordinates set to last minimum
 DCART: temperature coupling (TCOUpling) enabled
 -------------------------- Cartesian dynamics start ---------------------------
 | E(kin)+E(total)=0.35E+07        E(kin)=4179.780      temperature=305.632    |
 | Etotal =0.35E+07   grad(E)=591.599    E(BOND)=181858.158 E(ANGL)=322006.073 |
 | E(IMPR)=0.30E+07                                                            |
 -------------------------------------------------------------------------------
 ----------------- final step=       50 at      0.02500 ps ---------------------
 | E(kin)+E(total)=0.22E+07        E(kin)=439650.795    temperature=32147.972  |
 | Etotal =0.18E+07   grad(E)=321.479    E(BOND)=191191.872 E(ANGL)=827763.309 |
 | E(IMPR)=783547.062                                                          |
 -------------------------------------------------------------------------------
 CENMAS: Information about center of free masses
         position [A]          :     -0.64557      0.08857     -0.12727
         velocity [A/ps]       :      0.23464     -0.63648     -0.51106
         ang. mom. [amu A/ps]  : 452338.04726 202563.421071675748.11620
         kin. ener. [Kcal/mol] :     79.09951
 POWELL: number of degrees of freedom= 13764
 NBONDS: found   684502 intra-atom interactions
 NBONDS: found   683539 intra-atom interactions
 NBONDS: found   683610 intra-atom interactions
 NBONDS: found   684809 intra-atom interactions
 --------------- cycle=    10 ------ stepsize=   -0.0001 -----------------------
 | Etotal =0.19E+07   grad(E)=277.538    E(BOND)=241617.087 E(ANGL)=475836.721 |
 | E(IMPR)=718745.020 E(VDW )=489347.661                                       |
 -------------------------------------------------------------------------------
 NBONDS: found   685327 intra-atom interactions
 NBONDS: found   685876 intra-atom interactions
 NBONDS: found   685779 intra-atom interactions
 NBONDS: found   685762 intra-atom interactions
 NBONDS: found   685719 intra-atom interactions
 --------------- cycle=    20 ------ stepsize=    0.0000 -----------------------
 | Etotal =0.13E+07   grad(E)=143.801    E(BOND)=175581.237 E(ANGL)=174458.754 |
 | E(IMPR)=581527.391 E(VDW )=360733.609                                       |
 -------------------------------------------------------------------------------
 NBONDS: found   685853 intra-atom interactions
 NBONDS: found   686019 intra-atom interactions
 NBONDS: found   686109 intra-atom interactions
 --------------- cycle=    30 ------ stepsize=    0.0001 -----------------------
 | Etotal =0.12E+07   grad(E)=115.513    E(BOND)=168170.220 E(ANGL)=142818.931 |
 | E(IMPR)=567274.648 E(VDW )=331402.207                                       |
 -------------------------------------------------------------------------------
 NBONDS: found   686121 intra-atom interactions
 NBONDS: found   686153 intra-atom interactions
 --------------- cycle=    40 ------ stepsize=    0.0000 -----------------------
 | Etotal =0.12E+07   grad(E)=114.615    E(BOND)=167441.016 E(ANGL)=136190.856 |
 | E(IMPR)=551097.534 E(VDW )=325922.947                                       |
 -------------------------------------------------------------------------------
 NBONDS: found   686182 intra-atom interactions
 NBONDS: found   686227 intra-atom interactions
 NBONDS: found   686197 intra-atom interactions
 --------------- cycle=    50 ------ stepsize=    0.0003 -----------------------
 | Etotal =0.12E+07   grad(E)=112.671    E(BOND)=167557.282 E(ANGL)=129835.812 |
 | E(IMPR)=541638.024 E(VDW )=322294.406                                       |
 -------------------------------------------------------------------------------
 POWELL: STEP number limit. Normal termination
 POWELL: Current coordinates set to last minimum
 DCART: temperature coupling (TCOUpling) enabled
 -------------------------- Cartesian dynamics start ---------------------------
 | E(kin)+E(total)=0.12E+07        E(kin)=4120.119      temperature=301.270    |
 | Etotal =0.12E+07   grad(E)=112.671    E(BOND)=167557.282 E(ANGL)=129835.812 |
 | E(IMPR)=541638.024 E(VDW )=322294.406                                       |
 -------------------------------------------------------------------------------
 NBONDS: found   686208 intra-atom interactions
 NBONDS: found   686177 intra-atom interactions
 ----------------- final step=       50 at      0.02500 ps ---------------------
 | E(kin)+E(total)=0.12E+07        E(kin)=7066.018      temperature=516.679    |
 | Etotal =0.12E+07   grad(E)=114.417    E(BOND)=168883.828 E(ANGL)=128623.756 |
 | E(IMPR)=535874.435 E(VDW )=321518.025                                       |
 -------------------------------------------------------------------------------
 CENMAS: Information about center of free masses
         position [A]          :     -0.64462      0.07488     -0.12538
         velocity [A/ps]       :      0.00726     -0.08399     -0.03109
         ang. mom. [amu A/ps]  : 181367.93072  84154.01913 -68964.66375
         kin. ener. [Kcal/mol] :      0.88530
 %PARRDR-info: duplication of bond HC   NC2 
 %PARRDR-info: duplication of angle CH2E C    NH1 
 %PARRDR-info: duplication of angle CH2P CH2E HA  
 POWELL: number of degrees of freedom= 13764
 NBONDS: generating intra-molecular exclusion list with mode=-3
 MAKINB: mode  -3 found  15659 exclusions and      0 interactions(1-4)
 NBONDS: found   675065 intra-atom interactions
 NBONDS: found   676762 intra-atom interactions
 NBONDS: found   676686 intra-atom interactions
 NBONDS: found   676837 intra-atom interactions
 NBONDS: found   677102 intra-atom interactions
 NBONDS: found   677206 intra-atom interactions
 --------------- cycle=    25 ------ stepsize=    0.0003 -----------------------
 | Etotal =232152.749 grad(E)=92.493     E(BOND)=9961.856   E(ANGL)=112993.133 |
 | E(IMPR)=107538.136 E(VDW )=1659.623                                         |
 -------------------------------------------------------------------------------
 NBONDS: found   677385 intra-atom interactions
 NBONDS: found   677034 intra-atom interactions
 NBONDS: found   677242 intra-atom interactions
 NBONDS: found   677254 intra-atom interactions
 NBONDS: found   677368 intra-atom interactions
 NBONDS: found   677308 intra-atom interactions
 --------------- cycle=    50 ------ stepsize=    0.0006 -----------------------
 | Etotal =56558.291  grad(E)=49.801     E(BOND)=3734.682   E(ANGL)=29519.925  |
 | E(IMPR)=22396.450  E(VDW )=907.234                                          |
 -------------------------------------------------------------------------------
 NBONDS: found   677187 intra-atom interactions
 NBONDS: found   677185 intra-atom interactions
 NBONDS: found   677180 intra-atom interactions
 NBONDS: found   677151 intra-atom interactions
 --------------- cycle=    75 ------ stepsize=   -0.0002 -----------------------
 | Etotal =5721.691   grad(E)=13.246     E(BOND)=196.921    E(ANGL)=1972.679   |
 | E(IMPR)=2918.789   E(VDW )=633.302                                          |
 -------------------------------------------------------------------------------
 NBONDS: found   677134 intra-atom interactions
 NBONDS: found   677130 intra-atom interactions
 NBONDS: found   677108 intra-atom interactions
 --------------- cycle=   100 ------ stepsize=    0.0001 -----------------------
 | Etotal =3107.296   grad(E)=5.711      E(BOND)=67.205     E(ANGL)=872.213    |
 | E(IMPR)=1551.053   E(VDW )=616.825                                          |
 -------------------------------------------------------------------------------
 POWELL: STEP number limit. Normal termination
 POWELL: Current coordinates set to last minimum
 DCART: temperature coupling (TCOUpling) enabled
 -------------------------- Cartesian dynamics start ---------------------------
 | E(kin)+E(total)=7162.423        E(kin)=4055.127      temperature=296.517    |
 | Etotal =3107.296   grad(E)=5.711      E(BOND)=67.205     E(ANGL)=872.213    |
 | E(IMPR)=1551.053   E(VDW )=616.825                                          |
 -------------------------------------------------------------------------------
 NBONDS: found   677201 intra-atom interactions
 NBONDS: found   677155 intra-atom interactions
 NBONDS: found   677048 intra-atom interactions
 NBONDS: found   677117 intra-atom interactions
 NBONDS: found   677137 intra-atom interactions
 NBONDS: found   677081 intra-atom interactions
 NBONDS: found   677187 intra-atom interactions
 NBONDS: found   677099 intra-atom interactions
 NBONDS: found   676989 intra-atom interactions
 NBONDS: found   676974 intra-atom interactions
 NBONDS: found   676962 intra-atom interactions
 NBONDS: found   677154 intra-atom interactions
 NBONDS: found   677064 intra-atom interactions
 NBONDS: found   677128 intra-atom interactions
 NBONDS: found   677017 intra-atom interactions
 NBONDS: found   677060 intra-atom interactions
 NBONDS: found   677100 intra-atom interactions
 NBONDS: found   677085 intra-atom interactions
 NBONDS: found   677128 intra-atom interactions
 NBONDS: found   677118 intra-atom interactions
 NBONDS: found   677130 intra-atom interactions
 NBONDS: found   677089 intra-atom interactions
 NBONDS: found   677095 intra-atom interactions
 NBONDS: found   677189 intra-atom interactions
 NBONDS: found   677159 intra-atom interactions
 NBONDS: found   677098 intra-atom interactions
 ----------------- final step=      500 at      0.25000 ps ---------------------
 | E(kin)+E(total)=8954.045        E(kin)=4404.211      temperature=322.043    |
 | Etotal =4549.835   grad(E)=24.417     E(BOND)=869.141    E(ANGL)=2656.702   |
 | E(IMPR)=324.046    E(VDW )=699.946                                          |
 -------------------------------------------------------------------------------
 CENMAS: Information about center of free masses
         position [A]          :     -0.64212      0.07300     -0.12385
         velocity [A/ps]       :     -0.06713     -0.13115      0.02108
         ang. mom. [amu A/ps]  :  33592.85869-138405.35865-272337.68562
         kin. ener. [Kcal/mol] :      2.42884
 EFLAGS: the following energy flags are set
 EFLAGS: BOND ANGL DIHE IMPR VDW 
 %PARRDR-info: duplication of bond HC   NC2 
 %PARRDR-info: duplication of angle CH2E C    NH1 
 %PARRDR-info: duplication of angle CH2P CH2E HA  
 POWELL: number of degrees of freedom= 13764
 NBONDS: generating intra-molecular exclusion list with mode=-3
 MAKINB: mode  -3 found  15659 exclusions and      0 interactions(1-4)
 NBONDS: found   677102 intra-atom interactions
 NBONDS: found   676838 intra-atom interactions
 NBONDS: found   676961 intra-atom interactions
 --------------- cycle=    50 ------ stepsize=    0.0010 -----------------------
 | Etotal =13383.402  grad(E)=13.431     E(BOND)=241.541    E(ANGL)=1133.255   |
 | E(DIHE)=212.527    E(IMPR)=88.862     E(VDW )=11707.217                     |
 -------------------------------------------------------------------------------
 NBONDS: found   676830 intra-atom interactions
 --------------- cycle=   100 ------ stepsize=    0.0009 -----------------------
 | Etotal =12915.640  grad(E)=13.240     E(BOND)=234.318    E(ANGL)=1132.687   |
 | E(DIHE)=173.830    E(IMPR)=89.733     E(VDW )=11285.073                     |
 -------------------------------------------------------------------------------
 --------------- cycle=   150 ------ stepsize=    0.0010 -----------------------
 | Etotal =12844.727  grad(E)=13.215     E(BOND)=231.486    E(ANGL)=1127.820   |
 | E(DIHE)=165.374    E(IMPR)=88.349     E(VDW )=11231.698                     |
 -------------------------------------------------------------------------------
 NBONDS: found   676810 intra-atom interactions
 --------------- cycle=   200 ------ stepsize=    0.0010 -----------------------
 | Etotal =12826.030  grad(E)=13.217     E(BOND)=231.500    E(ANGL)=1127.203   |
 | E(DIHE)=165.370    E(IMPR)=89.028     E(VDW )=11212.929                     |
 -------------------------------------------------------------------------------
 --------------- cycle=   250 ------ stepsize=    0.0009 -----------------------
 | Etotal =12822.050  grad(E)=13.211     E(BOND)=231.218    E(ANGL)=1126.960   |
 | E(DIHE)=166.420    E(IMPR)=88.780     E(VDW )=11208.673                     |
 -------------------------------------------------------------------------------
 --------------- cycle=   300 ------ stepsize=    0.0011 -----------------------
 | Etotal =12821.526  grad(E)=13.210     E(BOND)=231.093    E(ANGL)=1127.117   |
 | E(DIHE)=166.353    E(IMPR)=88.912     E(VDW )=11208.051                     |
 -------------------------------------------------------------------------------
 --------------- cycle=   350 ------ stepsize=    0.0005 -----------------------
 | Etotal =12819.877  grad(E)=13.211     E(BOND)=231.012    E(ANGL)=1127.036   |
 | E(DIHE)=165.681    E(IMPR)=88.994     E(VDW )=11207.153                     |
 -------------------------------------------------------------------------------
 --------------- cycle=   400 ------ stepsize=    0.0001 -----------------------
 | Etotal =12818.375  grad(E)=13.210     E(BOND)=230.986    E(ANGL)=1126.880   |
 | E(DIHE)=165.022    E(IMPR)=88.877     E(VDW )=11206.609                     |
 -------------------------------------------------------------------------------
 --------------- cycle=   450 ------ stepsize=    0.0000 -----------------------
 | Etotal =12818.185  grad(E)=13.213     E(BOND)=230.930    E(ANGL)=1127.089   |
 | E(DIHE)=165.410    E(IMPR)=88.870     E(VDW )=11205.887                     |
 -------------------------------------------------------------------------------
 --------------- cycle=   500 ------ stepsize=    0.0002 -----------------------
 | Etotal =12818.168  grad(E)=13.213     E(BOND)=230.955    E(ANGL)=1127.094   |
 | E(DIHE)=165.384    E(IMPR)=88.872     E(VDW )=11205.862                     |
 -------------------------------------------------------------------------------
 POWELL: STEP number limit. Normal termination
 POWELL: Current coordinates set to last minimum
 DCART: temperature coupling (TCOUpling) enabled
 -------------------------- Cartesian dynamics start ---------------------------
 | E(kin)+E(total)=16881.899       E(kin)=4063.731      temperature=297.147    |
 | Etotal =12818.168  grad(E)=13.213     E(BOND)=230.955    E(ANGL)=1127.094   |
 | E(DIHE)=165.384    E(IMPR)=88.872     E(VDW )=11205.862                     |
 -------------------------------------------------------------------------------
 NBONDS: found   676769 intra-atom interactions
 NBONDS: found   676975 intra-atom interactions
 NBONDS: found   676793 intra-atom interactions
 NBONDS: found   676843 intra-atom interactions
 NBONDS: found   676776 intra-atom interactions
 NBONDS: found   676904 intra-atom interactions
 NBONDS: found   676901 intra-atom interactions
 ----------------- final step=      500 at      0.25000 ps ---------------------
 | E(kin)+E(total)=21076.371       E(kin)=4268.574      temperature=312.125    |
 | Etotal =16807.796  grad(E)=31.482     E(BOND)=1336.964   E(ANGL)=3385.749   |
 | E(DIHE)=174.221    E(IMPR)=416.699    E(VDW )=11494.163                     |
 -------------------------------------------------------------------------------
 CENMAS: Information about center of free masses
         position [A]          :     -0.64116      0.07270     -0.12369
         velocity [A/ps]       :     -0.40737      0.21114     -0.15465
         ang. mom. [amu A/ps]  :  -8320.83863  13433.23308   6906.56180
         kin. ener. [Kcal/mol] :      1.29571
 POWELL: number of degrees of freedom= 13764
 --------------- cycle=    50 ------ stepsize=    0.0008 -----------------------
 | Etotal =12820.286  grad(E)=13.198     E(BOND)=230.970    E(ANGL)=1125.577   |
 | E(DIHE)=168.452    E(IMPR)=89.652     E(VDW )=11205.635                     |
 -------------------------------------------------------------------------------
 NBONDS: found   676817 intra-atom interactions
 --------------- cycle=   100 ------ stepsize=    0.0011 -----------------------
 | Etotal =12803.314  grad(E)=13.195     E(BOND)=230.504    E(ANGL)=1125.575   |
 | E(DIHE)=166.546    E(IMPR)=89.004     E(VDW )=11191.686                     |
 -------------------------------------------------------------------------------
 --------------- cycle=   150 ------ stepsize=    0.0011 -----------------------
 | Etotal =12802.087  grad(E)=13.197     E(BOND)=230.418    E(ANGL)=1125.778   |
 | E(DIHE)=166.165    E(IMPR)=89.022     E(VDW )=11190.704                     |
 -------------------------------------------------------------------------------
 --------------- cycle=   200 ------ stepsize=    0.0011 -----------------------
 | Etotal =12801.755  grad(E)=13.200     E(BOND)=230.305    E(ANGL)=1126.031   |
 | E(DIHE)=165.674    E(IMPR)=89.065     E(VDW )=11190.680                     |
 -------------------------------------------------------------------------------
 --------------- cycle=   250 ------ stepsize=    0.0009 -----------------------
 | Etotal =12801.662  grad(E)=13.199     E(BOND)=230.350    E(ANGL)=1125.953   |
 | E(DIHE)=165.553    E(IMPR)=89.035     E(VDW )=11190.771                     |
 -------------------------------------------------------------------------------
 --------------- cycle=   300 ------ stepsize=    0.0011 -----------------------
 | Etotal =12801.654  grad(E)=13.199     E(BOND)=230.361    E(ANGL)=1125.951   |
 | E(DIHE)=165.536    E(IMPR)=89.038     E(VDW )=11190.769                     |
 -------------------------------------------------------------------------------
 --------------- cycle=   350 ------ stepsize=    0.0013 -----------------------
 | Etotal =12801.654  grad(E)=13.199     E(BOND)=230.362    E(ANGL)=1125.949   |
 | E(DIHE)=165.530    E(IMPR)=89.038     E(VDW )=11190.775                     |
 -------------------------------------------------------------------------------
 POWELL: Gradient converged. Normal termination
 POWELL: Current coordinates set to last minimum
 POWELL: number of degrees of freedom= 18348
 NBONDS: found   676798 intra-atom interactions
 NBONDS: found   676673 intra-atom interactions
 --------------- cycle=     5 ------ stepsize=    0.0147 -----------------------
 | Etotal =18152.788  grad(E)=36.224     E(BOND)=4201.276   E(ANGL)=2266.273   |
 | E(DIHE)=165.896    E(IMPR)=325.978    E(VDW )=11193.365                     |
 -------------------------------------------------------------------------------
 NBONDS: found   676790 intra-atom interactions
 --------------- cycle=    10 ------ stepsize=   -0.0002 -----------------------
 | Etotal =12522.807  grad(E)=13.110     E(BOND)=223.988    E(ANGL)=1124.029   |
 | E(DIHE)=165.591    E(IMPR)=83.925     E(VDW )=10925.274                     |
 -------------------------------------------------------------------------------
 --------------- cycle=    15 ------ stepsize=    0.0013 -----------------------
 | Etotal =12515.372  grad(E)=13.109     E(BOND)=222.564    E(ANGL)=1123.308   |
 | E(DIHE)=165.569    E(IMPR)=84.617     E(VDW )=10919.313                     |
 -------------------------------------------------------------------------------
 --------------- cycle=    20 ------ stepsize=   -0.0001 -----------------------
 | Etotal =12514.411  grad(E)=13.095     E(BOND)=222.307    E(ANGL)=1122.323   |
 | E(DIHE)=165.582    E(IMPR)=84.117     E(VDW )=10920.082                     |
 -------------------------------------------------------------------------------
 --------------- cycle=    25 ------ stepsize=    0.0010 -----------------------
 | Etotal =12513.988  grad(E)=13.099     E(BOND)=222.535    E(ANGL)=1122.505   |
 | E(DIHE)=165.591    E(IMPR)=84.583     E(VDW )=10918.775                     |
 -------------------------------------------------------------------------------
 --------------- cycle=    30 ------ stepsize=   -0.0002 -----------------------
 | Etotal =12513.646  grad(E)=13.098     E(BOND)=222.545    E(ANGL)=1122.495   |
 | E(DIHE)=165.597    E(IMPR)=84.150     E(VDW )=10918.859                     |
 -------------------------------------------------------------------------------
 --------------- cycle=    35 ------ stepsize=    0.0013 -----------------------
 | Etotal =12512.922  grad(E)=13.098     E(BOND)=222.436    E(ANGL)=1122.587   |
 | E(DIHE)=165.544    E(IMPR)=84.693     E(VDW )=10917.662                     |
 -------------------------------------------------------------------------------
 --------------- cycle=    40 ------ stepsize=    0.0003 -----------------------
 | Etotal =12512.066  grad(E)=13.092     E(BOND)=222.371    E(ANGL)=1122.353   |
 | E(DIHE)=165.386    E(IMPR)=84.325     E(VDW )=10917.631                     |
 -------------------------------------------------------------------------------
 --------------- cycle=    45 ------ stepsize=    0.0009 -----------------------
 | Etotal =12509.679  grad(E)=13.097     E(BOND)=222.441    E(ANGL)=1122.415   |
 | E(DIHE)=164.943    E(IMPR)=84.472     E(VDW )=10915.408                     |
 -------------------------------------------------------------------------------
 --------------- cycle=    50 ------ stepsize=    0.0003 -----------------------
 | Etotal =12508.108  grad(E)=13.096     E(BOND)=222.748    E(ANGL)=1121.981   |
 | E(DIHE)=164.696    E(IMPR)=84.411     E(VDW )=10914.272                     |
 -------------------------------------------------------------------------------
 POWELL: STEP number limit. Normal termination
 POWELL: Current coordinates set to last minimum
 %PARRDR-info: duplication of bond HC   NC2 
 %PARRDR-info: duplication of angle CH2E C    NH1 
 %PARRDR-info: duplication of angle CH2P CH2E HA  
 POWELL: number of degrees of freedom= 18348
 NBONDS: generating intra-molecular exclusion list with mode= 5
 MAKINB: mode   5 found  17753 exclusions and  17755 interactions(1-4)
 NBONDS: found   896418 intra-atom interactions
 NBONDS: found   896637 intra-atom interactions
 POWELL: Line search terminated
 POWELL: Current coordinates set to last minimum
 --------------- cycle=     1 --------------------------------------------------
 | Etotal =82.144     grad(E)=5.638      E(BOND)=24.887     E(ANGL)=424.404    |
 | E(DIHE)=120.224    E(IMPR)=32.425     E(VDW )=-520.697   E(ELEC)=0.901      |
 -------------------------------------------------------------------------------
 SURFAC: half the sigma value being used for atomic radii.
 SURFAC: ACCEssible surface area
 SURFAC: ACCUracy= 0.07 RH2O=  1.40
         Z-grid=  0.32 number-of-Z-sections=  211
         measures-of-arc= 94791 and151895
 SURFAC: half the sigma value being used for atomic radii.
 SURFAC: ACCEssible surface area
 SURFAC: ACCUracy= 0.07 RH2O=  1.40
         Z-grid=  0.32 number-of-Z-sections=  133
         measures-of-arc= 25407 and 46158
 SURFAC: half the sigma value being used for atomic radii.
 SURFAC: ACCEssible surface area
 SURFAC: ACCUracy= 0.07 RH2O=  1.40
         Z-grid=  0.32 number-of-Z-sections=  211
         measures-of-arc=121908 and198338
 %PARRDR-info: duplication of bond HC   NC2 
 %PARRDR-info: duplication of angle CH2E C    NH1 
 %PARRDR-info: duplication of angle CH2P CH2E HA  
 NBONDS: generating intra-molecular exclusion list with mode= 5
 MAKINB: mode   5 found      5 exclusions and     10 interactions(1-4)
 NBONDS: found     2883 intra-atom interactions
 --------------- cycle=     2 --------------------------------------------------
 | Etotal =-42.939    grad(E)=0.124      E(VDW )=-8.906     E(ELEC)=-34.032    |
 -------------------------------------------------------------------------------
 NBONDS: generating intra-molecular exclusion list with mode= 5
 MAKINB: mode   5 found     10 exclusions and     20 interactions(1-4)
 NBONDS: found     2282 intra-atom interactions
 --------------- cycle=     3 --------------------------------------------------
 | Etotal =-171.992   grad(E)=0.388      E(VDW )=-4.662     E(ELEC)=-167.330   |
 -------------------------------------------------------------------------------
 NBONDS: generating intra-molecular exclusion list with mode= 5
 MAKINB: mode   5 found     10 exclusions and     20 interactions(1-4)
 NBONDS: found     3684 intra-atom interactions
 --------------- cycle=     4 --------------------------------------------------
 | Etotal =-99.173    grad(E)=0.217      E(VDW )=-15.077    E(ELEC)=-84.097    |
 -------------------------------------------------------------------------------
 NBONDS: generating intra-molecular exclusion list with mode= 5
 MAKINB: mode   5 found     10 exclusions and     20 interactions(1-4)
 NBONDS: found     2996 intra-atom interactions
 --------------- cycle=     5 --------------------------------------------------
 | Etotal =-92.563    grad(E)=0.169      E(VDW )=-10.399    E(ELEC)=-82.165    |
 -------------------------------------------------------------------------------
 NBONDS: generating intra-molecular exclusion list with mode= 5
 MAKINB: mode   5 found     10 exclusions and     20 interactions(1-4)
 NBONDS: found     4548 intra-atom interactions
 --------------- cycle=     6 --------------------------------------------------
 | Etotal =-178.183   grad(E)=0.428      E(VDW )=-10.060    E(ELEC)=-168.123   |
 -------------------------------------------------------------------------------
 NBONDS: generating intra-molecular exclusion list with mode= 5
 MAKINB: mode   5 found     10 exclusions and     20 interactions(1-4)
 NBONDS: found     3688 intra-atom interactions
 --------------- cycle=     7 --------------------------------------------------
 | Etotal =-96.089    grad(E)=0.160      E(VDW )=-14.492    E(ELEC)=-81.597    |
 -------------------------------------------------------------------------------
 NBONDS: generating intra-molecular exclusion list with mode= 5
 MAKINB: mode   5 found     10 exclusions and     20 interactions(1-4)
 NBONDS: found     5747 intra-atom interactions
 --------------- cycle=     8 --------------------------------------------------
 | Etotal =-96.258    grad(E)=0.171      E(VDW )=-20.544    E(ELEC)=-75.714    |
 -------------------------------------------------------------------------------
 NBONDS: generating intra-molecular exclusion list with mode= 5
 MAKINB: mode   5 found     10 exclusions and     20 interactions(1-4)
 NBONDS: found     5899 intra-atom interactions
 --------------- cycle=     9 --------------------------------------------------
 | Etotal =-97.926    grad(E)=0.210      E(VDW )=-13.888    E(ELEC)=-84.038    |
 -------------------------------------------------------------------------------
 NBONDS: generating intra-molecular exclusion list with mode= 5
 MAKINB: mode   5 found     10 exclusions and     20 interactions(1-4)
 NBONDS: found     3081 intra-atom interactions
 --------------- cycle=    10 --------------------------------------------------
 | Etotal =-178.939   grad(E)=0.374      E(VDW )=-9.376     E(ELEC)=-169.563   |
 -------------------------------------------------------------------------------
 NBONDS: generating intra-molecular exclusion list with mode= 5
 MAKINB: mode   5 found     10 exclusions and     20 interactions(1-4)
 NBONDS: found     5544 intra-atom interactions
 --------------- cycle=    11 --------------------------------------------------
 | Etotal =-202.367   grad(E)=0.433      E(VDW )=-12.098    E(ELEC)=-190.269   |
 -------------------------------------------------------------------------------
 NBONDS: generating intra-molecular exclusion list with mode= 5
 MAKINB: mode   5 found     10 exclusions and     20 interactions(1-4)
 NBONDS: found     5757 intra-atom interactions
 --------------- cycle=    12 --------------------------------------------------
 | Etotal =-100.881   grad(E)=0.185      E(VDW )=-19.010    E(ELEC)=-81.871    |
 -------------------------------------------------------------------------------
 NBONDS: generating intra-molecular exclusion list with mode= 5
 MAKINB: mode   5 found     10 exclusions and     20 interactions(1-4)
 NBONDS: found     3746 intra-atom interactions
 --------------- cycle=    13 --------------------------------------------------
 | Etotal =-108.646   grad(E)=0.286      E(VDW )=-13.551    E(ELEC)=-95.095    |
 -------------------------------------------------------------------------------
 NBONDS: generating intra-molecular exclusion list with mode= 5
 MAKINB: mode   5 found     10 exclusions and     20 interactions(1-4)
 NBONDS: found     4544 intra-atom interactions
 --------------- cycle=    14 --------------------------------------------------
 | Etotal =-153.644   grad(E)=0.424      E(VDW )=-13.146    E(ELEC)=-140.498   |
 -------------------------------------------------------------------------------
 NBONDS: generating intra-molecular exclusion list with mode= 5
 MAKINB: mode   5 found     10 exclusions and     20 interactions(1-4)
 NBONDS: found     3669 intra-atom interactions
 --------------- cycle=    15 --------------------------------------------------
 | Etotal =-179.054   grad(E)=0.494      E(VDW )=-6.656     E(ELEC)=-172.397   |
 -------------------------------------------------------------------------------
 NBONDS: generating intra-molecular exclusion list with mode= 5
 MAKINB: mode   5 found     10 exclusions and     20 interactions(1-4)
 NBONDS: found     3984 intra-atom interactions
 --------------- cycle=    16 --------------------------------------------------
 | Etotal =-208.452   grad(E)=0.578      E(VDW )=-9.554     E(ELEC)=-198.898   |
 -------------------------------------------------------------------------------
 NBONDS: generating intra-molecular exclusion list with mode= 5
 MAKINB: mode   5 found     10 exclusions and     20 interactions(1-4)
 NBONDS: found     3109 intra-atom interactions
 --------------- cycle=    17 --------------------------------------------------
 | Etotal =-193.038   grad(E)=0.493      E(VDW )=-8.968     E(ELEC)=-184.070   |
 -------------------------------------------------------------------------------
 NBONDS: generating intra-molecular exclusion list with mode= 5
 MAKINB: mode   5 found     10 exclusions and     20 interactions(1-4)
 NBONDS: found     4261 intra-atom interactions
 --------------- cycle=    18 --------------------------------------------------
 | Etotal =-92.902    grad(E)=0.154      E(VDW )=-15.254    E(ELEC)=-77.648    |
 -------------------------------------------------------------------------------
 NBONDS: generating intra-molecular exclusion list with mode= 5
 MAKINB: mode   5 found     10 exclusions and     20 interactions(1-4)
 NBONDS: found     5978 intra-atom interactions
 --------------- cycle=    19 --------------------------------------------------
 | Etotal =-128.467   grad(E)=0.342      E(VDW )=-22.020    E(ELEC)=-106.447   |
 -------------------------------------------------------------------------------
 NBONDS: generating intra-molecular exclusion list with mode= 5
 MAKINB: mode   5 found     10 exclusions and     20 interactions(1-4)
 NBONDS: found     3787 intra-atom interactions
 --------------- cycle=    20 --------------------------------------------------
 | Etotal =-113.107   grad(E)=0.255      E(VDW )=-12.673    E(ELEC)=-100.434   |
 -------------------------------------------------------------------------------
 NBONDS: generating intra-molecular exclusion list with mode= 5
 MAKINB: mode   5 found     10 exclusions and     20 interactions(1-4)
 NBONDS: found     4748 intra-atom interactions
 --------------- cycle=    21 --------------------------------------------------
 | Etotal =-100.391   grad(E)=0.268      E(VDW )=-12.409    E(ELEC)=-87.982    |
 -------------------------------------------------------------------------------
 NBONDS: generating intra-molecular exclusion list with mode= 5
 MAKINB: mode   5 found     10 exclusions and     20 interactions(1-4)
 NBONDS: found     4221 intra-atom interactions
 --------------- cycle=    22 --------------------------------------------------
 | Etotal =-105.228   grad(E)=0.214      E(VDW )=-15.627    E(ELEC)=-89.601    |
 -------------------------------------------------------------------------------
 NBONDS: generating intra-molecular exclusion list with mode= 5
 MAKINB: mode   5 found     10 exclusions and     20 interactions(1-4)
 NBONDS: found     3856 intra-atom interactions
 --------------- cycle=    23 --------------------------------------------------
 | Etotal =-86.611    grad(E)=0.158      E(VDW )=-15.095    E(ELEC)=-71.516    |
 -------------------------------------------------------------------------------
 NBONDS: generating intra-molecular exclusion list with mode= 5
 MAKINB: mode   5 found     10 exclusions and     20 interactions(1-4)
 NBONDS: found     2951 intra-atom interactions
 --------------- cycle=    24 --------------------------------------------------
 | Etotal =-78.836    grad(E)=0.611      E(VDW )=0.328      E(ELEC)=-79.164    |
 -------------------------------------------------------------------------------
 NBONDS: generating intra-molecular exclusion list with mode= 5
 MAKINB: mode   5 found     10 exclusions and     20 interactions(1-4)
 NBONDS: found     2618 intra-atom interactions
 --------------- cycle=    25 --------------------------------------------------
 | Etotal =-86.105    grad(E)=0.141      E(VDW )=-7.346     E(ELEC)=-78.759    |
 -------------------------------------------------------------------------------
 NBONDS: generating intra-molecular exclusion list with mode= 5
 MAKINB: mode   5 found     10 exclusions and     23 interactions(1-4)
 NBONDS: found     5562 intra-atom interactions
 --------------- cycle=    26 --------------------------------------------------
 | Etotal =-80.950    grad(E)=0.605      E(VDW )=-9.674     E(ELEC)=-71.276    |
 -------------------------------------------------------------------------------
 NBONDS: generating intra-molecular exclusion list with mode= 5
 MAKINB: mode   5 found     10 exclusions and     20 interactions(1-4)
 NBONDS: found     3520 intra-atom interactions
 --------------- cycle=    27 --------------------------------------------------
 | Etotal =-81.247    grad(E)=0.274      E(VDW )=-4.883     E(ELEC)=-76.364    |
 -------------------------------------------------------------------------------
 NBONDS: generating intra-molecular exclusion list with mode= 5
 MAKINB: mode   5 found     10 exclusions and     20 interactions(1-4)
 NBONDS: found     2638 intra-atom interactions
 --------------- cycle=    28 --------------------------------------------------
 | Etotal =-90.286    grad(E)=0.380      E(VDW )=0.772      E(ELEC)=-91.059    |
 -------------------------------------------------------------------------------
 NBONDS: generating intra-molecular exclusion list with mode= 5
 MAKINB: mode   5 found     10 exclusions and     20 interactions(1-4)
 NBONDS: found     1646 intra-atom interactions
 --------------- cycle=    29 --------------------------------------------------
 | Etotal =-83.643    grad(E)=0.332      E(VDW )=4.599      E(ELEC)=-88.242    |
 -------------------------------------------------------------------------------
 NBONDS: generating intra-molecular exclusion list with mode= 5
 MAKINB: mode   5 found     10 exclusions and     20 interactions(1-4)
 NBONDS: found     2665 intra-atom interactions
 --------------- cycle=    30 --------------------------------------------------
 | Etotal =-84.372    grad(E)=0.225      E(VDW )=-7.060     E(ELEC)=-77.312    |
 -------------------------------------------------------------------------------
 NBONDS: generating intra-molecular exclusion list with mode= 5
 MAKINB: mode   5 found     10 exclusions and     20 interactions(1-4)
 NBONDS: found     5512 intra-atom interactions
 --------------- cycle=    31 --------------------------------------------------
 | Etotal =-102.316   grad(E)=0.219      E(VDW )=-19.930    E(ELEC)=-82.386    |
 -------------------------------------------------------------------------------
 NBONDS: generating intra-molecular exclusion list with mode= 5
 MAKINB: mode   5 found     10 exclusions and     20 interactions(1-4)
 NBONDS: found     2050 intra-atom interactions
 --------------- cycle=    32 --------------------------------------------------
 | Etotal =-74.441    grad(E)=0.244      E(VDW )=-4.092     E(ELEC)=-70.349    |
 -------------------------------------------------------------------------------
 NBONDS: generating intra-molecular exclusion list with mode= 5
 MAKINB: mode   5 found     10 exclusions and     20 interactions(1-4)
 NBONDS: found     6151 intra-atom interactions
 --------------- cycle=    33 --------------------------------------------------
 | Etotal =-188.061   grad(E)=0.442      E(VDW )=-11.911    E(ELEC)=-176.150   |
 -------------------------------------------------------------------------------
 NBONDS: generating intra-molecular exclusion list with mode= 5
 MAKINB: mode   5 found     10 exclusions and     20 interactions(1-4)
 NBONDS: found     1911 intra-atom interactions
 --------------- cycle=    34 --------------------------------------------------
 | Etotal =-85.072    grad(E)=0.171      E(VDW )=-5.241     E(ELEC)=-79.832    |
 -------------------------------------------------------------------------------
 NBONDS: generating intra-molecular exclusion list with mode= 5
 MAKINB: mode   5 found     10 exclusions and     20 interactions(1-4)
 NBONDS: found     3564 intra-atom interactions
 --------------- cycle=    35 --------------------------------------------------
 | Etotal =-190.329   grad(E)=0.698      E(VDW )=-9.606     E(ELEC)=-180.723   |
 -------------------------------------------------------------------------------
 NBONDS: generating intra-molecular exclusion list with mode= 5
 MAKINB: mode   5 found     10 exclusions and     20 interactions(1-4)
 NBONDS: found     5709 intra-atom interactions
 --------------- cycle=    36 --------------------------------------------------
 | Etotal =-89.293    grad(E)=0.146      E(VDW )=-24.083    E(ELEC)=-65.210    |
 -------------------------------------------------------------------------------
 NBONDS: generating intra-molecular exclusion list with mode= 5
 MAKINB: mode   5 found     10 exclusions and     20 interactions(1-4)
 NBONDS: found     6899 intra-atom interactions
 --------------- cycle=    37 --------------------------------------------------
 | Etotal =-175.475   grad(E)=0.626      E(VDW )=-16.682    E(ELEC)=-158.793   |
 -------------------------------------------------------------------------------
 NBONDS: generating intra-molecular exclusion list with mode= 5
 MAKINB: mode   5 found     10 exclusions and     20 interactions(1-4)
 NBONDS: found     2228 intra-atom interactions
 --------------- cycle=    38 --------------------------------------------------
 | Etotal =-83.821    grad(E)=0.154      E(VDW )=-7.458     E(ELEC)=-76.364    |
 -------------------------------------------------------------------------------
 NBONDS: generating intra-molecular exclusion list with mode= 5
 MAKINB: mode   5 found     10 exclusions and     20 interactions(1-4)
 NBONDS: found     1636 intra-atom interactions
 --------------- cycle=    39 --------------------------------------------------
 | Etotal =-76.236    grad(E)=0.131      E(VDW )=-1.842     E(ELEC)=-74.395    |
 -------------------------------------------------------------------------------
 NBONDS: generating intra-molecular exclusion list with mode= 5
 MAKINB: mode   5 found     10 exclusions and     23 interactions(1-4)
 NBONDS: found     3769 intra-atom interactions
 --------------- cycle=    40 --------------------------------------------------
 | Etotal =-93.060    grad(E)=0.208      E(VDW )=-9.960     E(ELEC)=-83.100    |
 -------------------------------------------------------------------------------
 NBONDS: generating intra-molecular exclusion list with mode= 5
 MAKINB: mode   5 found     10 exclusions and     20 interactions(1-4)
 NBONDS: found     5791 intra-atom interactions
 --------------- cycle=    41 --------------------------------------------------
 | Etotal =-169.826   grad(E)=0.403      E(VDW )=-18.874    E(ELEC)=-150.951   |
 -------------------------------------------------------------------------------
 NBONDS: generating intra-molecular exclusion list with mode= 5
 MAKINB: mode   5 found      5 exclusions and     10 interactions(1-4)
 NBONDS: found     1270 intra-atom interactions
 --------------- cycle=    42 --------------------------------------------------
 | Etotal =-21.335    grad(E)=0.128      E(VDW )=-0.464     E(ELEC)=-20.871    |
 -------------------------------------------------------------------------------
 NBONDS: generating intra-molecular exclusion list with mode= 5
 MAKINB: mode   5 found     10 exclusions and     20 interactions(1-4)
 NBONDS: found     6377 intra-atom interactions
 --------------- cycle=    43 --------------------------------------------------
 | Etotal =-196.160   grad(E)=0.646      E(VDW )=-15.955    E(ELEC)=-180.204   |
 -------------------------------------------------------------------------------
 NBONDS: generating intra-molecular exclusion list with mode= 5
 MAKINB: mode   5 found     10 exclusions and     20 interactions(1-4)
 NBONDS: found     2452 intra-atom interactions
 --------------- cycle=    44 --------------------------------------------------
 | Etotal =-159.485   grad(E)=0.546      E(VDW )=-6.518     E(ELEC)=-152.968   |
 -------------------------------------------------------------------------------
 NBONDS: generating intra-molecular exclusion list with mode= 5
 MAKINB: mode   5 found     10 exclusions and     20 interactions(1-4)
 NBONDS: found     3897 intra-atom interactions
 --------------- cycle=    45 --------------------------------------------------
 | Etotal =-138.311   grad(E)=0.459      E(VDW )=-14.127    E(ELEC)=-124.185   |
 -------------------------------------------------------------------------------
 NBONDS: generating intra-molecular exclusion list with mode= 5
 MAKINB: mode   5 found     10 exclusions and     20 interactions(1-4)
 NBONDS: found     4540 intra-atom interactions
 --------------- cycle=    46 --------------------------------------------------
 | Etotal =-185.586   grad(E)=0.397      E(VDW )=-7.309     E(ELEC)=-178.277   |
 -------------------------------------------------------------------------------
 NBONDS: generating intra-molecular exclusion list with mode= 5
 MAKINB: mode   5 found     10 exclusions and     20 interactions(1-4)
 NBONDS: found     5052 intra-atom interactions
 --------------- cycle=    47 --------------------------------------------------
 | Etotal =-107.021   grad(E)=0.201      E(VDW )=-23.550    E(ELEC)=-83.471    |
 -------------------------------------------------------------------------------
 NBONDS: generating intra-molecular exclusion list with mode= 5
 MAKINB: mode   5 found     10 exclusions and     20 interactions(1-4)
 NBONDS: found     1947 intra-atom interactions
 --------------- cycle=    48 --------------------------------------------------
 | Etotal =-62.638    grad(E)=0.117      E(VDW )=-5.361     E(ELEC)=-57.277    |
 -------------------------------------------------------------------------------
 NBONDS: generating intra-molecular exclusion list with mode= 5
 MAKINB: mode   5 found     10 exclusions and     20 interactions(1-4)
 NBONDS: found      958 intra-atom interactions
 --------------- cycle=    49 --------------------------------------------------
 | Etotal =-66.238    grad(E)=0.114      E(VDW )=-1.966     E(ELEC)=-64.273    |
 -------------------------------------------------------------------------------
 NBONDS: generating intra-molecular exclusion list with mode= 5
 MAKINB: mode   5 found     10 exclusions and     20 interactions(1-4)
 NBONDS: found     1430 intra-atom interactions
 --------------- cycle=    50 --------------------------------------------------
 | Etotal =-74.282    grad(E)=0.161      E(VDW )=-6.683     E(ELEC)=-67.599    |
 -------------------------------------------------------------------------------
 NBONDS: generating intra-molecular exclusion list with mode= 5
 MAKINB: mode   5 found     10 exclusions and     20 interactions(1-4)
 NBONDS: found     3119 intra-atom interactions
 --------------- cycle=    51 --------------------------------------------------
 | Etotal =-78.647    grad(E)=0.197      E(VDW )=-17.666    E(ELEC)=-60.981    |
 -------------------------------------------------------------------------------
 NBONDS: generating intra-molecular exclusion list with mode= 5
 MAKINB: mode   5 found     10 exclusions and     20 interactions(1-4)
 NBONDS: found     3538 intra-atom interactions
 --------------- cycle=    52 --------------------------------------------------
 | Etotal =-86.737    grad(E)=0.240      E(VDW )=-13.513    E(ELEC)=-73.224    |
 -------------------------------------------------------------------------------
 NBONDS: generating intra-molecular exclusion list with mode= 5
 MAKINB: mode   5 found     10 exclusions and     20 interactions(1-4)
 NBONDS: found     6156 intra-atom interactions
 --------------- cycle=    53 --------------------------------------------------
 | Etotal =-100.079   grad(E)=0.249      E(VDW )=-22.167    E(ELEC)=-77.911    |
 -------------------------------------------------------------------------------
 NBONDS: generating intra-molecular exclusion list with mode= 5
 MAKINB: mode   5 found     10 exclusions and     20 interactions(1-4)
 NBONDS: found     5474 intra-atom interactions
 --------------- cycle=    54 --------------------------------------------------
 | Etotal =-100.409   grad(E)=0.181      E(VDW )=-18.905    E(ELEC)=-81.505    |
 -------------------------------------------------------------------------------
 NBONDS: generating intra-molecular exclusion list with mode= 5
 MAKINB: mode   5 found     10 exclusions and     20 interactions(1-4)
 NBONDS: found     5862 intra-atom interactions
 --------------- cycle=    55 --------------------------------------------------
 | Etotal =-94.016    grad(E)=0.150      E(VDW )=-25.594    E(ELEC)=-68.422    |
 -------------------------------------------------------------------------------
 NBONDS: generating intra-molecular exclusion list with mode= 5
 MAKINB: mode   5 found     10 exclusions and     20 interactions(1-4)
 NBONDS: found     4666 intra-atom interactions
 --------------- cycle=    56 --------------------------------------------------
 | Etotal =-91.963    grad(E)=0.254      E(VDW )=-10.477    E(ELEC)=-81.487    |
 -------------------------------------------------------------------------------
 NBONDS: generating intra-molecular exclusion list with mode= 5
 MAKINB: mode   5 found     10 exclusions and     20 interactions(1-4)
 NBONDS: found     3347 intra-atom interactions
 --------------- cycle=    57 --------------------------------------------------
 | Etotal =-72.286    grad(E)=0.264      E(VDW )=-4.944     E(ELEC)=-67.343    |
 -------------------------------------------------------------------------------
 NBONDS: generating intra-molecular exclusion list with mode= 5
 MAKINB: mode   5 found     10 exclusions and     20 interactions(1-4)
 NBONDS: found     2260 intra-atom interactions
 --------------- cycle=    58 --------------------------------------------------
 | Etotal =-67.763    grad(E)=0.145      E(VDW )=-7.975     E(ELEC)=-59.789    |
 -------------------------------------------------------------------------------
 NBONDS: generating intra-molecular exclusion list with mode= 5
 MAKINB: mode   5 found     10 exclusions and     20 interactions(1-4)
 NBONDS: found     1023 intra-atom interactions
 --------------- cycle=    59 --------------------------------------------------
 | Etotal =-72.329    grad(E)=0.176      E(VDW )=-4.012     E(ELEC)=-68.317    |
 -------------------------------------------------------------------------------
 NBONDS: generating intra-molecular exclusion list with mode= 5
 MAKINB: mode   5 found     10 exclusions and     20 interactions(1-4)
 NBONDS: found      852 intra-atom interactions
 --------------- cycle=    60 --------------------------------------------------
 | Etotal =-67.296    grad(E)=0.100      E(VDW )=-2.885     E(ELEC)=-64.411    |
 -------------------------------------------------------------------------------
 NBONDS: generating intra-molecular exclusion list with mode= 5
 MAKINB: mode   5 found     10 exclusions and     23 interactions(1-4)
 NBONDS: found     1680 intra-atom interactions
 --------------- cycle=    61 --------------------------------------------------
 | Etotal =-57.644    grad(E)=0.159      E(VDW )=-4.608     E(ELEC)=-53.036    |
 -------------------------------------------------------------------------------
 NBONDS: generating intra-molecular exclusion list with mode= 5
 MAKINB: mode   5 found     10 exclusions and     20 interactions(1-4)
 NBONDS: found     2021 intra-atom interactions
 --------------- cycle=    62 --------------------------------------------------
 | Etotal =-94.543    grad(E)=0.327      E(VDW )=-4.503     E(ELEC)=-90.040    |
 -------------------------------------------------------------------------------
 NBONDS: generating intra-molecular exclusion list with mode= 5
 MAKINB: mode   5 found     10 exclusions and     20 interactions(1-4)
 NBONDS: found     1239 intra-atom interactions
 --------------- cycle=    63 --------------------------------------------------
 | Etotal =-64.849    grad(E)=0.141      E(VDW )=-6.656     E(ELEC)=-58.193    |
 -------------------------------------------------------------------------------
 NBONDS: generating intra-molecular exclusion list with mode= 5
 MAKINB: mode   5 found     10 exclusions and     20 interactions(1-4)
 NBONDS: found     3646 intra-atom interactions
 --------------- cycle=    64 --------------------------------------------------
 | Etotal =-67.288    grad(E)=0.188      E(VDW )=-8.909     E(ELEC)=-58.379    |
 -------------------------------------------------------------------------------
 NBONDS: generating intra-molecular exclusion list with mode= 5
 MAKINB: mode   5 found     10 exclusions and     20 interactions(1-4)
 NBONDS: found     3118 intra-atom interactions
 --------------- cycle=    65 --------------------------------------------------
 | Etotal =-83.395    grad(E)=0.167      E(VDW )=-12.651    E(ELEC)=-70.744    |
 -------------------------------------------------------------------------------
 NBONDS: generating intra-molecular exclusion list with mode= 5
 MAKINB: mode   5 found     13 exclusions and     27 interactions(1-4)
 NBONDS: found     2289 intra-atom interactions
 --------------- cycle=    66 --------------------------------------------------
 | Etotal =-69.831    grad(E)=0.206      E(VDW )=-9.000     E(ELEC)=-60.831    |
 -------------------------------------------------------------------------------
 NBONDS: generating intra-molecular exclusion list with mode= 5
 MAKINB: mode   5 found     10 exclusions and     20 interactions(1-4)
 NBONDS: found     5632 intra-atom interactions
 --------------- cycle=    67 --------------------------------------------------
 | Etotal =-89.897    grad(E)=0.180      E(VDW )=-22.003    E(ELEC)=-67.893    |
 -------------------------------------------------------------------------------
 NBONDS: generating intra-molecular exclusion list with mode= 5
 MAKINB: mode   5 found     10 exclusions and     23 interactions(1-4)
 NBONDS: found     3613 intra-atom interactions
 --------------- cycle=    68 --------------------------------------------------
 | Etotal =-67.454    grad(E)=0.217      E(VDW )=-10.694    E(ELEC)=-56.760    |
 -------------------------------------------------------------------------------
 NBONDS: generating intra-molecular exclusion list with mode= 5
 MAKINB: mode   5 found     10 exclusions and     23 interactions(1-4)
 NBONDS: found     4032 intra-atom interactions
 --------------- cycle=    69 --------------------------------------------------
 | Etotal =-82.730    grad(E)=0.204      E(VDW )=-13.851    E(ELEC)=-68.879    |
 -------------------------------------------------------------------------------
 NBONDS: generating intra-molecular exclusion list with mode= 5
 MAKINB: mode   5 found     10 exclusions and     20 interactions(1-4)
 NBONDS: found     4806 intra-atom interactions
 --------------- cycle=    70 --------------------------------------------------
 | Etotal =-79.470    grad(E)=0.149      E(VDW )=-16.080    E(ELEC)=-63.390    |
 -------------------------------------------------------------------------------
 NBONDS: generating intra-molecular exclusion list with mode= 5
 MAKINB: mode   5 found     10 exclusions and     20 interactions(1-4)
 NBONDS: found     4494 intra-atom interactions
 --------------- cycle=    71 --------------------------------------------------
 | Etotal =-128.287   grad(E)=0.370      E(VDW )=-13.545    E(ELEC)=-114.743   |
 -------------------------------------------------------------------------------
 NBONDS: generating intra-molecular exclusion list with mode= 5
 MAKINB: mode   5 found     10 exclusions and     20 interactions(1-4)
 NBONDS: found     2555 intra-atom interactions
 --------------- cycle=    72 --------------------------------------------------
 | Etotal =-72.370    grad(E)=0.126      E(VDW )=-10.626    E(ELEC)=-61.744    |
 -------------------------------------------------------------------------------
 NBONDS: generating intra-molecular exclusion list with mode= 5
 MAKINB: mode   5 found     10 exclusions and     20 interactions(1-4)
 NBONDS: found     6235 intra-atom interactions
 --------------- cycle=    73 --------------------------------------------------
 | Etotal =-89.825    grad(E)=0.206      E(VDW )=-22.471    E(ELEC)=-67.353    |
 -------------------------------------------------------------------------------
 NBONDS: generating intra-molecular exclusion list with mode= 5
 MAKINB: mode   5 found     10 exclusions and     20 interactions(1-4)
 NBONDS: found     2048 intra-atom interactions
 --------------- cycle=    74 --------------------------------------------------
 | Etotal =-85.095    grad(E)=0.167      E(VDW )=-7.969     E(ELEC)=-77.126    |
 -------------------------------------------------------------------------------
 NBONDS: generating intra-molecular exclusion list with mode= 5
 MAKINB: mode   5 found     10 exclusions and     20 interactions(1-4)
 NBONDS: found     6367 intra-atom interactions
 --------------- cycle=    75 --------------------------------------------------
 | Etotal =-95.092    grad(E)=0.128      E(VDW )=-29.966    E(ELEC)=-65.126    |
 -------------------------------------------------------------------------------
 NBONDS: generating intra-molecular exclusion list with mode= 5
 MAKINB: mode   5 found     10 exclusions and     23 interactions(1-4)
 NBONDS: found     4755 intra-atom interactions
 --------------- cycle=    76 --------------------------------------------------
 | Etotal =-80.744    grad(E)=0.177      E(VDW )=-17.806    E(ELEC)=-62.939    |
 -------------------------------------------------------------------------------
 NBONDS: generating intra-molecular exclusion list with mode= 5
 MAKINB: mode   5 found     10 exclusions and     23 interactions(1-4)
 NBONDS: found     2904 intra-atom interactions
 --------------- cycle=    77 --------------------------------------------------
 | Etotal =-81.381    grad(E)=0.144      E(VDW )=-10.563    E(ELEC)=-70.818    |
 -------------------------------------------------------------------------------
 NBONDS: generating intra-molecular exclusion list with mode= 5
 MAKINB: mode   5 found     10 exclusions and     20 interactions(1-4)
 NBONDS: found     3584 intra-atom interactions
 --------------- cycle=    78 --------------------------------------------------
 | Etotal =-93.667    grad(E)=0.260      E(VDW )=-6.544     E(ELEC)=-87.123    |
 -------------------------------------------------------------------------------
 NBONDS: generating intra-molecular exclusion list with mode= 5
 MAKINB: mode   5 found     10 exclusions and     20 interactions(1-4)
 NBONDS: found     4032 intra-atom interactions
 --------------- cycle=    79 --------------------------------------------------
 | Etotal =-99.878    grad(E)=0.261      E(VDW )=-14.244    E(ELEC)=-85.635    |
 -------------------------------------------------------------------------------
 NBONDS: generating intra-molecular exclusion list with mode= 5
 MAKINB: mode   5 found     10 exclusions and     20 interactions(1-4)
 NBONDS: found     1784 intra-atom interactions
 --------------- cycle=    80 --------------------------------------------------
 | Etotal =-70.436    grad(E)=0.227      E(VDW )=-1.210     E(ELEC)=-69.226    |
 -------------------------------------------------------------------------------
 NBONDS: generating intra-molecular exclusion list with mode= 5
 MAKINB: mode   5 found     10 exclusions and     20 interactions(1-4)
 NBONDS: found     2463 intra-atom interactions
 --------------- cycle=    81 --------------------------------------------------
 | Etotal =-73.821    grad(E)=0.176      E(VDW )=-4.864     E(ELEC)=-68.956    |
 -------------------------------------------------------------------------------
 NBONDS: generating intra-molecular exclusion list with mode= 5
 MAKINB: mode   5 found     10 exclusions and     20 interactions(1-4)
 NBONDS: found     1434 intra-atom interactions
 --------------- cycle=    82 --------------------------------------------------
 | Etotal =-70.884    grad(E)=0.192      E(VDW )=-4.660     E(ELEC)=-66.224    |
 -------------------------------------------------------------------------------
 NBONDS: generating intra-molecular exclusion list with mode= 5
 MAKINB: mode   5 found     10 exclusions and     20 interactions(1-4)
 NBONDS: found     5060 intra-atom interactions
 --------------- cycle=    83 --------------------------------------------------
 | Etotal =-104.952   grad(E)=0.188      E(VDW )=-22.377    E(ELEC)=-82.575    |
 -------------------------------------------------------------------------------
 NBONDS: generating intra-molecular exclusion list with mode= 5
 MAKINB: mode   5 found     10 exclusions and     23 interactions(1-4)
 NBONDS: found     4393 intra-atom interactions
 --------------- cycle=    84 --------------------------------------------------
 | Etotal =-106.836   grad(E)=0.274      E(VDW )=-17.847    E(ELEC)=-88.989    |
 -------------------------------------------------------------------------------
 HEAP: maximum use      =    22570152 current use      =       96000 bytes
 HEAP: maximum overhead =        2800 current overhead =         752 bytes
          ============================================================
           Maximum dynamic memory allocation:    22570152 bytes
           Maximum dynamic memory overhead:          2800 bytes
           Program started at: 19:04:46 on 10-Jun-2020
           Program stopped at: 19:05:12 on 10-Jun-2020
           CPU time used:      26.0469 seconds
          ============================================================
