          ============================================================
          |                                                          |
          |            Crystallography & NMR System (CNS)            |
          |                         CNSsolve                         |
          |                                                          |
          ============================================================
           Version: 1.3 at patch level U
           Status: Special UU release with Rg and paramagnetic
                   restraints (A. Bonvin, UU 2011)
          ============================================================
           Written by: A.T.Brunger, P.D.Adams, G.M.Clore, W.L.DeLano,
                       P.Gros, R.W.Grosse-Kunstleve,J.-S.Jiang,J.M.Krahn,
                       J.Kuszewski, M.Nilges, N.S.Pannu, R.J.Read,
                       L.M.Rice, G.F.Schroeder, T.Simonson, G.L.Warren.
           Copyright (c) 1997-2010 Yale University
          ============================================================
           Running on machine: hostname unknown (x86_64/Linux,64-bit)
           Program started by: joaor
           Program started at: 19:06:30 on 10-Jun-2020
          ============================================================

 FFT3C: Using FFTPACK4.1

 CNSsolve>! 
 CNSsolve>! Calculates pairwise energies between residues 
 CNSsolve>! Will only rebuild hydrogen atoms 
 CNSsolve>! 
 CNSsolve>! Adapted from HADDOCK protocols here and there. 
 CNSsolve>! JR & AMJJB @ 2020 
 CNSsolve>! 
 CNSsolve>define( 
 DEFINE>    {===>} auto_break=true; 
 DEFINE>    {===>} break_cutoff=2.5; 
 DEFINE>    {===>} dnaauto_break=true; 
 DEFINE>    {===>} dbreak_cutoff=4.5; 
 DEFINE>    {===>} auto_cispro=true; 
 DEFINE>    {===>} auto_disu=true; 
 DEFINE>    {===>} disulphide_dist=3.0; 
 DEFINE>    {===>} glyco_dist=2.75; 
 DEFINE>    {===>} coorin="molecule.pdb"; 
 DEFINE>    {===>} icutoff=5.0; 
 DEFINE>) 
 CNSsolve> 
 CNSsolve>! Mute (most) output 
 CNSsolve>set message=on echo=off end 
 ASSFIL: file merged.param opened.
 MESSage=NORM
 EVALUATE: symbol $OLD_MESSAGE set to "NORM" (string)
 ECHO=FALSe {OFF}
 EVALUATE: symbol $OLD_ECHO set to FALSE (logical)
 %PARRDR-info: duplication of bond HC   NC2 
 %PARRDR-info: duplication of angle CH2E C    NH1 
 %PARRDR-info: duplication of angle CH2P CH2E HA  
 ASSFIL: file merged.top opened.
 MESSage=NORM
 EVALUATE: symbol $OLD_MESSAGE set to "NORM" (string)
 ECHO=FALSe {OFF}
 EVALUATE: symbol $OLD_ECHO set to FALSE (logical)
 %RTFIO-warning: undefined masses in residue CYC 
 %RTFIO error encountered: there are undefined masses.
   (CNS is in mode: SET ABORT=NORMal END)
 MESSage=NORM
 EVALUATE: symbol $OLD_MESSAGE set to "NORM" (string)
 ECHO=FALSe {OFF}
 EVALUATE: symbol $OLD_ECHO set to FALSE (logical)
 ASSFIL: file protein_break.top opened.
 %RTFRDR-ERR: duplicate (P-)RESIdue name DPEP
 %RTFRDR-ERR: duplicate (P-)RESIdue name DPPP
 RTFRDR> 
 RTFRDR>end 
 CNSsolve> 
 CNSsolve>! Reset output muting 
 CNSsolve>set message=off echo=off end 
FOUND 7 NAG:ASN pairs
NAG:ASN bond added from   B    901  to   B    53  
NAG:ASN bond added from   B    903  to   B    90  
NAG:ASN bond added from   B    905  to   B    103 
NAG:ASN bond added from   B    907  to   B    322 
NAG:ASN bond added from   B    908  to   B    432 
NAG:ASN bond added from   B    910  to   B    546 
NAG:ASN bond added from   E    1401 to   E    343 
FOUND 7 NAG:NAG pairs
NAG:NAG B14 bond added from   B    902  to   B    901 
NAG:NAG B14 bond added from   B    904  to   B    903 
NAG:NAG B14 bond added from   B    906  to   B    905 
NAG:NAG B14 bond added from   B    909  to   B    908 
NAG:NAG B14 bond added from   B    911  to   B    910 
NAG:NAG B14 bond added from   E    1402 to   E    1401
NAG:NAG B14 bond added from   E    1403 to   E    1402
 %PARRDR-info: duplication of bond HC   NC2 
 %PARRDR-info: duplication of angle CH2E C    NH1 
 %PARRDR-info: duplication of angle CH2P CH2E HA  
 POWELL: number of degrees of freedom= 13764
 NBONDS: generating intra-molecular exclusion list with mode=-2
 MAKINB: mode  -2 found   4588 exclusions and      0 interactions(1-4)
 %atoms "B   -78  -THR -CB  " and "B   -78  -THR -HG21" only  0.08 A apart
 %atoms "B   -108 -LEU -HB1 " and "B   -108 -LEU -HD23" only  0.05 A apart
 %atoms "B   -230 -PHE -HA  " and "B   -230 -PHE -HD2 " only  0.06 A apart
 %atoms "B   -254 -SER -HA  " and "B   -254 -SER -CB  " only  0.05 A apart
 %atoms "B   -506 -VAL -HG11" and "B   -506 -VAL -HG23" only  0.10 A apart
 %atoms "B   -539 -LEU -HD12" and "B   -539 -LEU -HD22" only  0.10 A apart
 %atoms "E   -402 -ILE -CA  " and "E   -402 -ILE -HD13" only  0.07 A apart
 %atoms "E   -452 -LEU -HG  " and "E   -452 -LEU -HD22" only  0.09 A apart
 %atoms "E   -492 -LEU -HD12" and "E   -492 -LEU -HD22" only  0.09 A apart
 %atoms "E   -495 -TYR -HD2 " and "E   -495 -TYR -HE1 " only  0.09 A apart
 NBONDS: found   699882 intra-atom interactions
 NBONDS: found       10 nonbonded violations
 %atoms "B   -132 -VAL -CB  " and "B   -132 -VAL -HG11" only  0.06 A apart
 %atoms "B   -146 -PRO -CA  " and "B   -146 -PRO -HB2 " only  0.07 A apart
 %atoms "B   -484 -ILE -CA  " and "B   -484 -ILE -HG23" only  0.06 A apart
 %atoms "E   -456 -PHE -HD1 " and "E   -456 -PHE -CD2 " only  0.09 A apart
 %atoms "E   -471 -GLU -HB1 " and "E   -471 -GLU -HG1 " only  0.07 A apart
 NBONDS: found   699009 intra-atom interactions
 NBONDS: found        5 nonbonded violations
 NBONDS: found   694487 intra-atom interactions
 NBONDS: found   692047 intra-atom interactions
 NBONDS: found   689935 intra-atom interactions
 --------------- cycle=    10 ------ stepsize=   -0.0000 -----------------------
 | Etotal =0.34E+07   grad(E)=589.011    E(BOND)=614436.609 E(ANGL)=0.16E+07   |
 | E(VDW )=0.13E+07                                                            |
 -------------------------------------------------------------------------------
 NBONDS: found   690742 intra-atom interactions
 NBONDS: found   691446 intra-atom interactions
 NBONDS: found   691499 intra-atom interactions
 NBONDS: found   691164 intra-atom interactions
 --------------- cycle=    20 ------ stepsize=    0.0000 -----------------------
 | Etotal =0.13E+07   grad(E)=304.483    E(BOND)=229472.304 E(ANGL)=501624.504 |
 | E(VDW )=520892.266                                                          |
 -------------------------------------------------------------------------------
 NBONDS: found   690906 intra-atom interactions
 NBONDS: found   690530 intra-atom interactions
 --------------- cycle=    30 ------ stepsize=   -0.0000 -----------------------
 | Etotal =981324.939 grad(E)=244.053    E(BOND)=188333.499 E(ANGL)=356992.744 |
 | E(VDW )=435998.697                                                          |
 -------------------------------------------------------------------------------
 NBONDS: found   690557 intra-atom interactions
 NBONDS: found   690577 intra-atom interactions
 NBONDS: found   690519 intra-atom interactions
 --------------- cycle=    40 ------ stepsize=    0.0000 -----------------------
 | Etotal =937475.330 grad(E)=234.672    E(BOND)=187568.497 E(ANGL)=334617.117 |
 | E(VDW )=415289.716                                                          |
 -------------------------------------------------------------------------------
 NBONDS: found   690497 intra-atom interactions
 NBONDS: found   690506 intra-atom interactions
 --------------- cycle=    50 ------ stepsize=    0.0000 -----------------------
 | Etotal =918412.566 grad(E)=230.822    E(BOND)=183959.592 E(ANGL)=324912.797 |
 | E(VDW )=409540.177                                                          |
 -------------------------------------------------------------------------------
 POWELL: STEP number limit. Normal termination
 POWELL: Current coordinates set to last minimum
 DCART: temperature coupling (TCOUpling) enabled
 -------------------------- Cartesian dynamics start ---------------------------
 | E(kin)+E(total)=0.35E+07        E(kin)=4179.780      temperature=305.632    |
 | Etotal =0.35E+07   grad(E)=580.085    E(BOND)=183959.592 E(ANGL)=324912.797 |
 | E(IMPR)=0.30E+07                                                            |
 -------------------------------------------------------------------------------
 ----------------- final step=       50 at      0.02500 ps ---------------------
 | E(kin)+E(total)=0.23E+07        E(kin)=442025.599    temperature=32321.622  |
 | Etotal =0.18E+07   grad(E)=325.986    E(BOND)=194432.916 E(ANGL)=851493.349 |
 | E(IMPR)=793536.573                                                          |
 -------------------------------------------------------------------------------
 CENMAS: Information about center of free masses
         position [A]          :     -0.68337      0.07844     -0.21428
         velocity [A/ps]       :      0.28636     -0.52805     -0.68087
         ang. mom. [amu A/ps]  : 109274.12875-541342.310031759952.51453
         kin. ener. [Kcal/mol] :     90.40254
 POWELL: number of degrees of freedom= 13764
 NBONDS: found   687315 intra-atom interactions
 NBONDS: found   686719 intra-atom interactions
 NBONDS: found   687045 intra-atom interactions
 NBONDS: found   688405 intra-atom interactions
 --------------- cycle=    10 ------ stepsize=   -0.0001 -----------------------
 | Etotal =0.19E+07   grad(E)=286.040    E(BOND)=253336.069 E(ANGL)=470102.515 |
 | E(IMPR)=700819.437 E(VDW )=487379.100                                       |
 -------------------------------------------------------------------------------
 NBONDS: found   688905 intra-atom interactions
 NBONDS: found   689056 intra-atom interactions
 NBONDS: found   688843 intra-atom interactions
 NBONDS: found   689073 intra-atom interactions
 NBONDS: found   689225 intra-atom interactions
 --------------- cycle=    20 ------ stepsize=    0.0001 -----------------------
 | Etotal =0.13E+07   grad(E)=142.646    E(BOND)=176390.241 E(ANGL)=172257.182 |
 | E(IMPR)=583238.558 E(VDW )=361525.420                                       |
 -------------------------------------------------------------------------------
 NBONDS: found   689334 intra-atom interactions
 NBONDS: found   689337 intra-atom interactions
 NBONDS: found   689240 intra-atom interactions
 NBONDS: found   689248 intra-atom interactions
 --------------- cycle=    30 ------ stepsize=   -0.0001 -----------------------
 | Etotal =0.12E+07   grad(E)=117.131    E(BOND)=169700.743 E(ANGL)=139112.869 |
 | E(IMPR)=572349.740 E(VDW )=330705.033                                       |
 -------------------------------------------------------------------------------
 NBONDS: found   689318 intra-atom interactions
 NBONDS: found   689357 intra-atom interactions
 --------------- cycle=    40 ------ stepsize=   -0.0000 -----------------------
 | Etotal =0.12E+07   grad(E)=113.921    E(BOND)=169318.994 E(ANGL)=132663.253 |
 | E(IMPR)=562386.156 E(VDW )=322651.696                                       |
 -------------------------------------------------------------------------------
 NBONDS: found   689435 intra-atom interactions
 NBONDS: found   689429 intra-atom interactions
 NBONDS: found   689326 intra-atom interactions
 --------------- cycle=    50 ------ stepsize=    0.0000 -----------------------
 | Etotal =0.12E+07   grad(E)=111.381    E(BOND)=167943.844 E(ANGL)=126837.849 |
 | E(IMPR)=553200.753 E(VDW )=319165.963                                       |
 -------------------------------------------------------------------------------
 POWELL: STEP number limit. Normal termination
 POWELL: Current coordinates set to last minimum
 DCART: temperature coupling (TCOUpling) enabled
 -------------------------- Cartesian dynamics start ---------------------------
 | E(kin)+E(total)=0.12E+07        E(kin)=4120.119      temperature=301.270    |
 | Etotal =0.12E+07   grad(E)=111.381    E(BOND)=167943.844 E(ANGL)=126837.849 |
 | E(IMPR)=553200.753 E(VDW )=319165.963                                       |
 -------------------------------------------------------------------------------
 NBONDS: found   689303 intra-atom interactions
 NBONDS: found   689226 intra-atom interactions
 NBONDS: found   689313 intra-atom interactions
 ----------------- final step=       50 at      0.02500 ps ---------------------
 | E(kin)+E(total)=0.12E+07        E(kin)=6168.442      temperature=451.046    |
 | Etotal =0.12E+07   grad(E)=113.848    E(BOND)=168803.239 E(ANGL)=126123.657 |
 | E(IMPR)=548017.600 E(VDW )=319043.352                                       |
 -------------------------------------------------------------------------------
 CENMAS: Information about center of free masses
         position [A]          :     -0.67647      0.07069     -0.21191
         velocity [A/ps]       :     -0.03417     -0.08095     -0.03594
         ang. mom. [amu A/ps]  :  43967.80894-156231.42083 214335.15661
         kin. ener. [Kcal/mol] :      0.98823
 %PARRDR-info: duplication of bond HC   NC2 
 %PARRDR-info: duplication of angle CH2E C    NH1 
 %PARRDR-info: duplication of angle CH2P CH2E HA  
 POWELL: number of degrees of freedom= 13764
 NBONDS: generating intra-molecular exclusion list with mode=-3
 MAKINB: mode  -3 found  15659 exclusions and      0 interactions(1-4)
 NBONDS: found   678274 intra-atom interactions
 NBONDS: found   680051 intra-atom interactions
 NBONDS: found   680207 intra-atom interactions
 NBONDS: found   680277 intra-atom interactions
 NBONDS: found   680537 intra-atom interactions
 NBONDS: found   680818 intra-atom interactions
 NBONDS: found   680768 intra-atom interactions
 --------------- cycle=    25 ------ stepsize=    0.0002 -----------------------
 | Etotal =260355.366 grad(E)=117.370    E(BOND)=26383.486  E(ANGL)=129410.819 |
 | E(IMPR)=102344.501 E(VDW )=2216.561                                         |
 -------------------------------------------------------------------------------
 NBONDS: found   680803 intra-atom interactions
 NBONDS: found   680735 intra-atom interactions
 NBONDS: found   680598 intra-atom interactions
 NBONDS: found   680285 intra-atom interactions
 NBONDS: found   680317 intra-atom interactions
 NBONDS: found   680583 intra-atom interactions
 NBONDS: found   680586 intra-atom interactions
 NBONDS: found   680621 intra-atom interactions
 --------------- cycle=    50 ------ stepsize=   -0.0000 -----------------------
 | Etotal =50840.460  grad(E)=42.479     E(BOND)=2755.437   E(ANGL)=25111.804  |
 | E(IMPR)=22094.033  E(VDW )=879.186                                          |
 -------------------------------------------------------------------------------
 NBONDS: found   680604 intra-atom interactions
 NBONDS: found   680582 intra-atom interactions
 NBONDS: found   680440 intra-atom interactions
 NBONDS: found   680491 intra-atom interactions
 NBONDS: found   680495 intra-atom interactions
 --------------- cycle=    75 ------ stepsize=    0.0008 -----------------------
 | Etotal =10735.226  grad(E)=17.055     E(BOND)=541.393    E(ANGL)=6519.529   |
 | E(IMPR)=3001.707   E(VDW )=672.597                                          |
 -------------------------------------------------------------------------------
 NBONDS: found   680442 intra-atom interactions
 NBONDS: found   680492 intra-atom interactions
 NBONDS: found   680440 intra-atom interactions
 --------------- cycle=   100 ------ stepsize=    0.0007 -----------------------
 | Etotal =1443.999   grad(E)=10.827     E(BOND)=145.322    E(ANGL)=628.026    |
 | E(IMPR)=37.644     E(VDW )=633.007                                          |
 -------------------------------------------------------------------------------
 POWELL: STEP number limit. Normal termination
 POWELL: Current coordinates set to last minimum
 DCART: temperature coupling (TCOUpling) enabled
 -------------------------- Cartesian dynamics start ---------------------------
 | E(kin)+E(total)=5499.126        E(kin)=4055.127      temperature=296.517    |
 | Etotal =1443.999   grad(E)=10.827     E(BOND)=145.322    E(ANGL)=628.026    |
 | E(IMPR)=37.644     E(VDW )=633.007                                          |
 -------------------------------------------------------------------------------
 NBONDS: found   680418 intra-atom interactions
 NBONDS: found   680497 intra-atom interactions
 NBONDS: found   680498 intra-atom interactions
 NBONDS: found   680582 intra-atom interactions
 NBONDS: found   680706 intra-atom interactions
 NBONDS: found   680558 intra-atom interactions
 NBONDS: found   680666 intra-atom interactions
 NBONDS: found   680638 intra-atom interactions
 ----------------- final step=      500 at      0.25000 ps ---------------------
 | E(kin)+E(total)=8758.964        E(kin)=4480.369      temperature=327.612    |
 | Etotal =4278.595   grad(E)=26.789     E(BOND)=781.097    E(ANGL)=2434.261   |
 | E(IMPR)=296.945    E(VDW )=766.293                                          |
 -------------------------------------------------------------------------------
 CENMAS: Information about center of free masses
         position [A]          :     -0.67702      0.07121     -0.21196
         velocity [A/ps]       :     -0.06333     -0.14642      0.02064
         ang. mom. [amu A/ps]  :  96377.58953 -59258.23228-381333.94919
         kin. ener. [Kcal/mol] :      2.83745
 EFLAGS: the following energy flags are set
 EFLAGS: BOND ANGL DIHE IMPR VDW 
 %PARRDR-info: duplication of bond HC   NC2 
 %PARRDR-info: duplication of angle CH2E C    NH1 
 %PARRDR-info: duplication of angle CH2P CH2E HA  
 POWELL: number of degrees of freedom= 13764
 NBONDS: generating intra-molecular exclusion list with mode=-3
 MAKINB: mode  -3 found  15659 exclusions and      0 interactions(1-4)
 NBONDS: found   680646 intra-atom interactions
 NBONDS: found   680384 intra-atom interactions
 --------------- cycle=    50 ------ stepsize=    0.0010 -----------------------
 | Etotal =13547.955  grad(E)=13.517     E(BOND)=237.114    E(ANGL)=1177.704   |
 | E(DIHE)=192.912    E(IMPR)=99.443     E(VDW )=11840.782                     |
 -------------------------------------------------------------------------------
 NBONDS: found   680435 intra-atom interactions
 --------------- cycle=   100 ------ stepsize=    0.0013 -----------------------
 | Etotal =13234.973  grad(E)=13.251     E(BOND)=230.139    E(ANGL)=1154.135   |
 | E(DIHE)=169.614    E(IMPR)=94.841     E(VDW )=11586.243                     |
 -------------------------------------------------------------------------------
 --------------- cycle=   150 ------ stepsize=    0.0009 -----------------------
 | Etotal =13133.196  grad(E)=13.245     E(BOND)=228.721    E(ANGL)=1153.005   |
 | E(DIHE)=162.134    E(IMPR)=94.939     E(VDW )=11494.396                     |
 -------------------------------------------------------------------------------
 --------------- cycle=   200 ------ stepsize=    0.0010 -----------------------
 | Etotal =13120.694  grad(E)=13.252     E(BOND)=228.789    E(ANGL)=1153.155   |
 | E(DIHE)=162.404    E(IMPR)=94.723     E(VDW )=11481.623                     |
 -------------------------------------------------------------------------------
 --------------- cycle=   250 ------ stepsize=    0.0010 -----------------------
 | Etotal =13119.767  grad(E)=13.252     E(BOND)=228.787    E(ANGL)=1153.063   |
 | E(DIHE)=162.484    E(IMPR)=94.687     E(VDW )=11480.746                     |
 -------------------------------------------------------------------------------
 --------------- cycle=   300 ------ stepsize=    0.0011 -----------------------
 | Etotal =13119.716  grad(E)=13.251     E(BOND)=228.775    E(ANGL)=1153.008   |
 | E(DIHE)=162.835    E(IMPR)=94.667     E(VDW )=11480.431                     |
 -------------------------------------------------------------------------------
 --------------- cycle=   350 ------ stepsize=    0.0011 -----------------------
 | Etotal =13119.703  grad(E)=13.251     E(BOND)=228.793    E(ANGL)=1152.920   |
 | E(DIHE)=162.884    E(IMPR)=94.676     E(VDW )=11480.430                     |
 -------------------------------------------------------------------------------
 --------------- cycle=   400 ------ stepsize=    0.0010 -----------------------
 | Etotal =13119.702  grad(E)=13.251     E(BOND)=228.797    E(ANGL)=1152.918   |
 | E(DIHE)=162.877    E(IMPR)=94.674     E(VDW )=11480.435                     |
 -------------------------------------------------------------------------------
 --------------- cycle=   450 ------ stepsize=    0.0013 -----------------------
 | Etotal =13119.702  grad(E)=13.251     E(BOND)=228.799    E(ANGL)=1152.911   |
 | E(DIHE)=162.875    E(IMPR)=94.673     E(VDW )=11480.444                     |
 -------------------------------------------------------------------------------
 POWELL: Gradient converged. Normal termination
 POWELL: Current coordinates set to last minimum
 DCART: temperature coupling (TCOUpling) enabled
 -------------------------- Cartesian dynamics start ---------------------------
 | E(kin)+E(total)=17183.433       E(kin)=4063.731      temperature=297.147    |
 | Etotal =13119.702  grad(E)=13.251     E(BOND)=228.799    E(ANGL)=1152.910   |
 | E(DIHE)=162.876    E(IMPR)=94.673     E(VDW )=11480.444                     |
 -------------------------------------------------------------------------------
 NBONDS: found   680359 intra-atom interactions
 NBONDS: found   680360 intra-atom interactions
 NBONDS: found   680453 intra-atom interactions
 NBONDS: found   680399 intra-atom interactions
 NBONDS: found   680404 intra-atom interactions
 NBONDS: found   680462 intra-atom interactions
 NBONDS: found   680614 intra-atom interactions
 NBONDS: found   680411 intra-atom interactions
 ----------------- final step=      500 at      0.25000 ps ---------------------
 | E(kin)+E(total)=21364.419       E(kin)=4213.236      temperature=308.079    |
 | Etotal =17151.184  grad(E)=31.634     E(BOND)=1354.307   E(ANGL)=3386.403   |
 | E(DIHE)=174.064    E(IMPR)=412.132    E(VDW )=11824.278                     |
 -------------------------------------------------------------------------------
 CENMAS: Information about center of free masses
         position [A]          :     -0.67636      0.07135     -0.21232
         velocity [A/ps]       :     -0.27811     -0.26838     -0.30768
         ang. mom. [amu A/ps]  : -26050.67676   8385.78411  -8098.38815
         kin. ener. [Kcal/mol] :      1.34874
 POWELL: number of degrees of freedom= 13764
 NBONDS: found   680444 intra-atom interactions
 --------------- cycle=    50 ------ stepsize=    0.0010 -----------------------
 | Etotal =13124.125  grad(E)=13.265     E(BOND)=227.959    E(ANGL)=1153.616   |
 | E(DIHE)=161.834    E(IMPR)=95.024     E(VDW )=11485.691                     |
 -------------------------------------------------------------------------------
 --------------- cycle=   100 ------ stepsize=    0.0012 -----------------------
 | Etotal =13115.877  grad(E)=13.254     E(BOND)=228.016    E(ANGL)=1152.993   |
 | E(DIHE)=162.011    E(IMPR)=94.709     E(VDW )=11478.148                     |
 -------------------------------------------------------------------------------
 --------------- cycle=   150 ------ stepsize=    0.0012 -----------------------
 | Etotal =13114.596  grad(E)=13.255     E(BOND)=227.910    E(ANGL)=1153.255   |
 | E(DIHE)=162.055    E(IMPR)=94.417     E(VDW )=11476.960                     |
 -------------------------------------------------------------------------------
 --------------- cycle=   200 ------ stepsize=    0.0011 -----------------------
 | Etotal =13114.567  grad(E)=13.255     E(BOND)=227.896    E(ANGL)=1153.279   |
 | E(DIHE)=162.064    E(IMPR)=94.411     E(VDW )=11476.918                     |
 -------------------------------------------------------------------------------
 --------------- cycle=   250 ------ stepsize=    0.0014 -----------------------
 | Etotal =13114.567  grad(E)=13.255     E(BOND)=227.895    E(ANGL)=1153.287   |
 | E(DIHE)=162.069    E(IMPR)=94.415     E(VDW )=11476.901                     |
 -------------------------------------------------------------------------------
 --------------- cycle=   300 ------ stepsize=    0.0012 -----------------------
 | Etotal =13114.566  grad(E)=13.255     E(BOND)=227.894    E(ANGL)=1153.289   |
 | E(DIHE)=162.073    E(IMPR)=94.417     E(VDW )=11476.893                     |
 -------------------------------------------------------------------------------
 POWELL: Gradient converged. Normal termination
 POWELL: Current coordinates set to last minimum
 POWELL: number of degrees of freedom= 18348
 NBONDS: found   680343 intra-atom interactions
 --------------- cycle=     5 ------ stepsize=    0.0006 -----------------------
 | Etotal =12887.930  grad(E)=13.235     E(BOND)=226.119    E(ANGL)=1151.788   |
 | E(DIHE)=162.070    E(IMPR)=93.758     E(VDW )=11254.195                     |
 -------------------------------------------------------------------------------
 --------------- cycle=    10 ------ stepsize=    0.0011 -----------------------
 | Etotal =12878.723  grad(E)=13.223     E(BOND)=226.078    E(ANGL)=1152.378   |
 | E(DIHE)=162.018    E(IMPR)=92.584     E(VDW )=11245.664                     |
 -------------------------------------------------------------------------------
 --------------- cycle=    15 ------ stepsize=   -0.0007 -----------------------
 | Etotal =12873.972  grad(E)=13.202     E(BOND)=225.929    E(ANGL)=1150.128   |
 | E(DIHE)=162.057    E(IMPR)=92.194     E(VDW )=11243.664                     |
 -------------------------------------------------------------------------------
 --------------- cycle=    20 ------ stepsize=    0.0008 -----------------------
 | Etotal =12872.910  grad(E)=13.206     E(BOND)=226.076    E(ANGL)=1150.535   |
 | E(DIHE)=162.063    E(IMPR)=92.185     E(VDW )=11242.052                     |
 -------------------------------------------------------------------------------
 --------------- cycle=    25 ------ stepsize=    0.0001 -----------------------
 | Etotal =12871.967  grad(E)=13.209     E(BOND)=225.971    E(ANGL)=1150.884   |
 | E(DIHE)=162.126    E(IMPR)=92.349     E(VDW )=11240.637                     |
 -------------------------------------------------------------------------------
 --------------- cycle=    30 ------ stepsize=    0.0012 -----------------------
 | Etotal =12871.450  grad(E)=13.202     E(BOND)=225.945    E(ANGL)=1150.270   |
 | E(DIHE)=162.214    E(IMPR)=92.208     E(VDW )=11240.813                     |
 -------------------------------------------------------------------------------
 --------------- cycle=    35 ------ stepsize=    0.0005 -----------------------
 | Etotal =12871.343  grad(E)=13.202     E(BOND)=225.982    E(ANGL)=1150.250   |
 | E(DIHE)=162.191    E(IMPR)=92.255     E(VDW )=11240.665                     |
 -------------------------------------------------------------------------------
 --------------- cycle=    40 ------ stepsize=    0.0011 -----------------------
 | Etotal =12871.257  grad(E)=13.202     E(BOND)=225.987    E(ANGL)=1150.220   |
 | E(DIHE)=162.139    E(IMPR)=92.199     E(VDW )=11240.713                     |
 -------------------------------------------------------------------------------
 --------------- cycle=    45 ------ stepsize=   -0.0003 -----------------------
 | Etotal =12871.160  grad(E)=13.202     E(BOND)=225.973    E(ANGL)=1150.198   |
 | E(DIHE)=162.074    E(IMPR)=92.265     E(VDW )=11240.650                     |
 -------------------------------------------------------------------------------
 --------------- cycle=    50 ------ stepsize=    0.0009 -----------------------
 | Etotal =12871.114  grad(E)=13.201     E(BOND)=225.966    E(ANGL)=1150.209   |
 | E(DIHE)=162.067    E(IMPR)=92.218     E(VDW )=11240.653                     |
 -------------------------------------------------------------------------------
 POWELL: STEP number limit. Normal termination
 POWELL: Current coordinates set to last minimum
 %PARRDR-info: duplication of bond HC   NC2 
 %PARRDR-info: duplication of angle CH2E C    NH1 
 %PARRDR-info: duplication of angle CH2P CH2E HA  
 POWELL: number of degrees of freedom= 18348
 NBONDS: generating intra-molecular exclusion list with mode= 5
 MAKINB: mode   5 found  17753 exclusions and  17755 interactions(1-4)
 NBONDS: found   901105 intra-atom interactions
 --------------- cycle=    50 ------ stepsize=    0.0002 -----------------------
 | Etotal =23.584     grad(E)=5.616      E(BOND)=18.363     E(ANGL)=431.200    |
 | E(DIHE)=49.504     E(IMPR)=37.703     E(VDW )=-514.404   E(ELEC)=1.219      |
 -------------------------------------------------------------------------------
 POWELL: STEP number limit. Normal termination
 POWELL: Current coordinates set to last minimum
 --------------- cycle=     1 --------------------------------------------------
 | Etotal =23.584     grad(E)=5.616      E(BOND)=18.363     E(ANGL)=431.200    |
 | E(DIHE)=49.504     E(IMPR)=37.703     E(VDW )=-514.404   E(ELEC)=1.219      |
 -------------------------------------------------------------------------------
 SURFAC: half the sigma value being used for atomic radii.
 SURFAC: ACCEssible surface area
 SURFAC: ACCUracy= 0.07 RH2O=  1.40
         Z-grid=  0.32 number-of-Z-sections=  211
         measures-of-arc= 94423 and152995
 SURFAC: half the sigma value being used for atomic radii.
 SURFAC: ACCEssible surface area
 SURFAC: ACCUracy= 0.07 RH2O=  1.40
         Z-grid=  0.32 number-of-Z-sections=  134
         measures-of-arc= 25850 and 46571
 SURFAC: half the sigma value being used for atomic radii.
 SURFAC: ACCEssible surface area
 SURFAC: ACCUracy= 0.07 RH2O=  1.40
         Z-grid=  0.32 number-of-Z-sections=  211
         measures-of-arc=121989 and199680
 %PARRDR-info: duplication of bond HC   NC2 
 %PARRDR-info: duplication of angle CH2E C    NH1 
 %PARRDR-info: duplication of angle CH2P CH2E HA  
 NBONDS: generating intra-molecular exclusion list with mode= 5
 MAKINB: mode   5 found      5 exclusions and     10 interactions(1-4)
 NBONDS: found     2554 intra-atom interactions
 --------------- cycle=     2 --------------------------------------------------
 | Etotal =-44.010    grad(E)=0.172      E(VDW )=-5.125     E(ELEC)=-38.884    |
 -------------------------------------------------------------------------------
 NBONDS: generating intra-molecular exclusion list with mode= 5
 MAKINB: mode   5 found     10 exclusions and     20 interactions(1-4)
 NBONDS: found     2327 intra-atom interactions
 --------------- cycle=     3 --------------------------------------------------
 | Etotal =-87.243    grad(E)=0.183      E(VDW )=-7.432     E(ELEC)=-79.811    |
 -------------------------------------------------------------------------------
 NBONDS: generating intra-molecular exclusion list with mode= 5
 MAKINB: mode   5 found     10 exclusions and     20 interactions(1-4)
 NBONDS: found     3606 intra-atom interactions
 --------------- cycle=     4 --------------------------------------------------
 | Etotal =-97.620    grad(E)=0.211      E(VDW )=-11.948    E(ELEC)=-85.672    |
 -------------------------------------------------------------------------------
 NBONDS: generating intra-molecular exclusion list with mode= 5
 MAKINB: mode   5 found     10 exclusions and     20 interactions(1-4)
 NBONDS: found     2930 intra-atom interactions
 --------------- cycle=     5 --------------------------------------------------
 | Etotal =-91.706    grad(E)=0.159      E(VDW )=-8.756     E(ELEC)=-82.950    |
 -------------------------------------------------------------------------------
 NBONDS: generating intra-molecular exclusion list with mode= 5
 MAKINB: mode   5 found     10 exclusions and     20 interactions(1-4)
 NBONDS: found     4527 intra-atom interactions
 --------------- cycle=     6 --------------------------------------------------
 | Etotal =-145.336   grad(E)=0.399      E(VDW )=-8.569     E(ELEC)=-136.767   |
 -------------------------------------------------------------------------------
 NBONDS: generating intra-molecular exclusion list with mode= 5
 MAKINB: mode   5 found     10 exclusions and     20 interactions(1-4)
 NBONDS: found     3761 intra-atom interactions
 --------------- cycle=     7 --------------------------------------------------
 | Etotal =-94.647    grad(E)=0.158      E(VDW )=-14.502    E(ELEC)=-80.145    |
 -------------------------------------------------------------------------------
 NBONDS: generating intra-molecular exclusion list with mode= 5
 MAKINB: mode   5 found     10 exclusions and     20 interactions(1-4)
 NBONDS: found     5442 intra-atom interactions
 --------------- cycle=     8 --------------------------------------------------
 | Etotal =-92.432    grad(E)=0.162      E(VDW )=-20.320    E(ELEC)=-72.112    |
 -------------------------------------------------------------------------------
 NBONDS: generating intra-molecular exclusion list with mode= 5
 MAKINB: mode   5 found     10 exclusions and     20 interactions(1-4)
 NBONDS: found     5700 intra-atom interactions
 --------------- cycle=     9 --------------------------------------------------
 | Etotal =-97.317    grad(E)=0.197      E(VDW )=-12.822    E(ELEC)=-84.495    |
 -------------------------------------------------------------------------------
 NBONDS: generating intra-molecular exclusion list with mode= 5
 MAKINB: mode   5 found     10 exclusions and     20 interactions(1-4)
 NBONDS: found     3062 intra-atom interactions
 --------------- cycle=    10 --------------------------------------------------
 | Etotal =-173.093   grad(E)=0.387      E(VDW )=-6.690     E(ELEC)=-166.402   |
 -------------------------------------------------------------------------------
 NBONDS: generating intra-molecular exclusion list with mode= 5
 MAKINB: mode   5 found     10 exclusions and     20 interactions(1-4)
 NBONDS: found     5565 intra-atom interactions
 --------------- cycle=    11 --------------------------------------------------
 | Etotal =-165.864   grad(E)=0.373      E(VDW )=-15.009    E(ELEC)=-150.855   |
 -------------------------------------------------------------------------------
 NBONDS: generating intra-molecular exclusion list with mode= 5
 MAKINB: mode   5 found     10 exclusions and     20 interactions(1-4)
 NBONDS: found     5579 intra-atom interactions
 --------------- cycle=    12 --------------------------------------------------
 | Etotal =-100.819   grad(E)=0.184      E(VDW )=-17.142    E(ELEC)=-83.676    |
 -------------------------------------------------------------------------------
 NBONDS: generating intra-molecular exclusion list with mode= 5
 MAKINB: mode   5 found     10 exclusions and     20 interactions(1-4)
 NBONDS: found     3724 intra-atom interactions
 --------------- cycle=    13 --------------------------------------------------
 | Etotal =-108.390   grad(E)=0.313      E(VDW )=-11.172    E(ELEC)=-97.218    |
 -------------------------------------------------------------------------------
 NBONDS: generating intra-molecular exclusion list with mode= 5
 MAKINB: mode   5 found     10 exclusions and     20 interactions(1-4)
 NBONDS: found     4748 intra-atom interactions
 --------------- cycle=    14 --------------------------------------------------
 | Etotal =-138.591   grad(E)=0.322      E(VDW )=-16.307    E(ELEC)=-122.284   |
 -------------------------------------------------------------------------------
 NBONDS: generating intra-molecular exclusion list with mode= 5
 MAKINB: mode   5 found     10 exclusions and     20 interactions(1-4)
 NBONDS: found     3640 intra-atom interactions
 --------------- cycle=    15 --------------------------------------------------
 | Etotal =-133.317   grad(E)=0.325      E(VDW )=-12.516    E(ELEC)=-120.801   |
 -------------------------------------------------------------------------------
 NBONDS: generating intra-molecular exclusion list with mode= 5
 MAKINB: mode   5 found     10 exclusions and     20 interactions(1-4)
 NBONDS: found     4021 intra-atom interactions
 --------------- cycle=    16 --------------------------------------------------
 | Etotal =-200.687   grad(E)=0.502      E(VDW )=-14.016    E(ELEC)=-186.671   |
 -------------------------------------------------------------------------------
 NBONDS: generating intra-molecular exclusion list with mode= 5
 MAKINB: mode   5 found     10 exclusions and     20 interactions(1-4)
 NBONDS: found     3095 intra-atom interactions
 --------------- cycle=    17 --------------------------------------------------
 | Etotal =-185.957   grad(E)=0.544      E(VDW )=-8.944     E(ELEC)=-177.013   |
 -------------------------------------------------------------------------------
 NBONDS: generating intra-molecular exclusion list with mode= 5
 MAKINB: mode   5 found     10 exclusions and     20 interactions(1-4)
 NBONDS: found     4130 intra-atom interactions
 --------------- cycle=    18 --------------------------------------------------
 | Etotal =-100.344   grad(E)=0.199      E(VDW )=-14.357    E(ELEC)=-85.987    |
 -------------------------------------------------------------------------------
 NBONDS: generating intra-molecular exclusion list with mode= 5
 MAKINB: mode   5 found     10 exclusions and     20 interactions(1-4)
 NBONDS: found     5781 intra-atom interactions
 --------------- cycle=    19 --------------------------------------------------
 | Etotal =-125.349   grad(E)=0.330      E(VDW )=-20.573    E(ELEC)=-104.776   |
 -------------------------------------------------------------------------------
 NBONDS: generating intra-molecular exclusion list with mode= 5
 MAKINB: mode   5 found     10 exclusions and     20 interactions(1-4)
 NBONDS: found     3640 intra-atom interactions
 --------------- cycle=    20 --------------------------------------------------
 | Etotal =-110.519   grad(E)=0.259      E(VDW )=-13.743    E(ELEC)=-96.776    |
 -------------------------------------------------------------------------------
 NBONDS: generating intra-molecular exclusion list with mode= 5
 MAKINB: mode   5 found     10 exclusions and     20 interactions(1-4)
 NBONDS: found     4456 intra-atom interactions
 --------------- cycle=    21 --------------------------------------------------
 | Etotal =-97.138    grad(E)=0.227      E(VDW )=-13.225    E(ELEC)=-83.913    |
 -------------------------------------------------------------------------------
 NBONDS: generating intra-molecular exclusion list with mode= 5
 MAKINB: mode   5 found     10 exclusions and     20 interactions(1-4)
 NBONDS: found     2634 intra-atom interactions
 --------------- cycle=    22 --------------------------------------------------
 | Etotal =-87.574    grad(E)=0.189      E(VDW )=-10.779    E(ELEC)=-76.795    |
 -------------------------------------------------------------------------------
 NBONDS: generating intra-molecular exclusion list with mode= 5
 MAKINB: mode   5 found     10 exclusions and     20 interactions(1-4)
 NBONDS: found     3854 intra-atom interactions
 --------------- cycle=    23 --------------------------------------------------
 | Etotal =-91.246    grad(E)=0.180      E(VDW )=-15.722    E(ELEC)=-75.524    |
 -------------------------------------------------------------------------------
 NBONDS: generating intra-molecular exclusion list with mode= 5
 MAKINB: mode   5 found     10 exclusions and     20 interactions(1-4)
 NBONDS: found     2816 intra-atom interactions
 --------------- cycle=    24 --------------------------------------------------
 | Etotal =-86.872    grad(E)=0.140      E(VDW )=-10.155    E(ELEC)=-76.718    |
 -------------------------------------------------------------------------------
 NBONDS: generating intra-molecular exclusion list with mode= 5
 MAKINB: mode   5 found     10 exclusions and     23 interactions(1-4)
 NBONDS: found     5179 intra-atom interactions
 --------------- cycle=    25 --------------------------------------------------
 | Etotal =-87.134    grad(E)=0.182      E(VDW )=-15.965    E(ELEC)=-71.169    |
 -------------------------------------------------------------------------------
 NBONDS: generating intra-molecular exclusion list with mode= 5
 MAKINB: mode   5 found     10 exclusions and     20 interactions(1-4)
 NBONDS: found     4849 intra-atom interactions
 --------------- cycle=    26 --------------------------------------------------
 | Etotal =-83.260    grad(E)=0.229      E(VDW )=-11.283    E(ELEC)=-71.977    |
 -------------------------------------------------------------------------------
 NBONDS: generating intra-molecular exclusion list with mode= 5
 MAKINB: mode   5 found     10 exclusions and     20 interactions(1-4)
 NBONDS: found     3563 intra-atom interactions
 --------------- cycle=    27 --------------------------------------------------
 | Etotal =-82.050    grad(E)=0.275      E(VDW )=-4.354     E(ELEC)=-77.696    |
 -------------------------------------------------------------------------------
 NBONDS: generating intra-molecular exclusion list with mode= 5
 MAKINB: mode   5 found     10 exclusions and     20 interactions(1-4)
 NBONDS: found     2642 intra-atom interactions
 --------------- cycle=    28 --------------------------------------------------
 | Etotal =-91.345    grad(E)=0.438      E(VDW )=2.563      E(ELEC)=-93.908    |
 -------------------------------------------------------------------------------
 NBONDS: generating intra-molecular exclusion list with mode= 5
 MAKINB: mode   5 found     10 exclusions and     20 interactions(1-4)
 NBONDS: found     1649 intra-atom interactions
 --------------- cycle=    29 --------------------------------------------------
 | Etotal =-80.547    grad(E)=0.297      E(VDW )=2.892      E(ELEC)=-83.439    |
 -------------------------------------------------------------------------------
 NBONDS: generating intra-molecular exclusion list with mode= 5
 MAKINB: mode   5 found     10 exclusions and     20 interactions(1-4)
 NBONDS: found     2083 intra-atom interactions
 --------------- cycle=    30 --------------------------------------------------
 | Etotal =-71.327    grad(E)=0.181      E(VDW )=-6.284     E(ELEC)=-65.043    |
 -------------------------------------------------------------------------------
 NBONDS: generating intra-molecular exclusion list with mode= 5
 MAKINB: mode   5 found     10 exclusions and     20 interactions(1-4)
 NBONDS: found     5412 intra-atom interactions
 --------------- cycle=    31 --------------------------------------------------
 | Etotal =-100.681   grad(E)=0.210      E(VDW )=-22.822    E(ELEC)=-77.859    |
 -------------------------------------------------------------------------------
 NBONDS: generating intra-molecular exclusion list with mode= 5
 MAKINB: mode   5 found     10 exclusions and     20 interactions(1-4)
 NBONDS: found     2078 intra-atom interactions
 --------------- cycle=    32 --------------------------------------------------
 | Etotal =-67.495    grad(E)=0.238      E(VDW )=-3.905     E(ELEC)=-63.590    |
 -------------------------------------------------------------------------------
 NBONDS: generating intra-molecular exclusion list with mode= 5
 MAKINB: mode   5 found     10 exclusions and     20 interactions(1-4)
 NBONDS: found     6454 intra-atom interactions
 --------------- cycle=    33 --------------------------------------------------
 | Etotal =-175.527   grad(E)=0.438      E(VDW )=-13.205    E(ELEC)=-162.323   |
 -------------------------------------------------------------------------------
 NBONDS: generating intra-molecular exclusion list with mode= 5
 MAKINB: mode   5 found     10 exclusions and     20 interactions(1-4)
 NBONDS: found     1961 intra-atom interactions
 --------------- cycle=    34 --------------------------------------------------
 | Etotal =-80.174    grad(E)=0.179      E(VDW )=-5.750     E(ELEC)=-74.424    |
 -------------------------------------------------------------------------------
 NBONDS: generating intra-molecular exclusion list with mode= 5
 MAKINB: mode   5 found     10 exclusions and     20 interactions(1-4)
 NBONDS: found     3512 intra-atom interactions
 --------------- cycle=    35 --------------------------------------------------
 | Etotal =-177.216   grad(E)=0.672      E(VDW )=-9.093     E(ELEC)=-168.122   |
 -------------------------------------------------------------------------------
 NBONDS: generating intra-molecular exclusion list with mode= 5
 MAKINB: mode   5 found     10 exclusions and     20 interactions(1-4)
 NBONDS: found     5652 intra-atom interactions
 --------------- cycle=    36 --------------------------------------------------
 | Etotal =-86.006    grad(E)=0.123      E(VDW )=-24.779    E(ELEC)=-61.227    |
 -------------------------------------------------------------------------------
 NBONDS: generating intra-molecular exclusion list with mode= 5
 MAKINB: mode   5 found     10 exclusions and     20 interactions(1-4)
 NBONDS: found     6778 intra-atom interactions
 --------------- cycle=    37 --------------------------------------------------
 | Etotal =-176.625   grad(E)=0.579      E(VDW )=-19.445    E(ELEC)=-157.180   |
 -------------------------------------------------------------------------------
 NBONDS: generating intra-molecular exclusion list with mode= 5
 MAKINB: mode   5 found     10 exclusions and     20 interactions(1-4)
 NBONDS: found     2328 intra-atom interactions
 --------------- cycle=    38 --------------------------------------------------
 | Etotal =-82.110    grad(E)=0.148      E(VDW )=-8.736     E(ELEC)=-73.374    |
 -------------------------------------------------------------------------------
 NBONDS: generating intra-molecular exclusion list with mode= 5
 MAKINB: mode   5 found     10 exclusions and     20 interactions(1-4)
 NBONDS: found     1720 intra-atom interactions
 --------------- cycle=    39 --------------------------------------------------
 | Etotal =-77.075    grad(E)=0.121      E(VDW )=-2.208     E(ELEC)=-74.867    |
 -------------------------------------------------------------------------------
 NBONDS: generating intra-molecular exclusion list with mode= 5
 MAKINB: mode   5 found     10 exclusions and     23 interactions(1-4)
 NBONDS: found     3885 intra-atom interactions
 --------------- cycle=    40 --------------------------------------------------
 | Etotal =-97.530    grad(E)=0.254      E(VDW )=-8.090     E(ELEC)=-89.439    |
 -------------------------------------------------------------------------------
 NBONDS: generating intra-molecular exclusion list with mode= 5
 MAKINB: mode   5 found     10 exclusions and     20 interactions(1-4)
 NBONDS: found     6004 intra-atom interactions
 --------------- cycle=    41 --------------------------------------------------
 | Etotal =-184.952   grad(E)=0.445      E(VDW )=-17.432    E(ELEC)=-167.520   |
 -------------------------------------------------------------------------------
 NBONDS: generating intra-molecular exclusion list with mode= 5
 MAKINB: mode   5 found      5 exclusions and     10 interactions(1-4)
 NBONDS: found     1656 intra-atom interactions
 --------------- cycle=    42 --------------------------------------------------
 | Etotal =-18.884    grad(E)=0.163      E(VDW )=-1.718     E(ELEC)=-17.166    |
 -------------------------------------------------------------------------------
 NBONDS: generating intra-molecular exclusion list with mode= 5
 MAKINB: mode   5 found     10 exclusions and     20 interactions(1-4)
 NBONDS: found     6606 intra-atom interactions
 --------------- cycle=    43 --------------------------------------------------
 | Etotal =-190.022   grad(E)=0.692      E(VDW )=-13.590    E(ELEC)=-176.431   |
 -------------------------------------------------------------------------------
 NBONDS: generating intra-molecular exclusion list with mode= 5
 MAKINB: mode   5 found     10 exclusions and     20 interactions(1-4)
 NBONDS: found     2540 intra-atom interactions
 --------------- cycle=    44 --------------------------------------------------
 | Etotal =-151.722   grad(E)=0.554      E(VDW )=-5.995     E(ELEC)=-145.727   |
 -------------------------------------------------------------------------------
 NBONDS: generating intra-molecular exclusion list with mode= 5
 MAKINB: mode   5 found     10 exclusions and     20 interactions(1-4)
 NBONDS: found     3966 intra-atom interactions
 --------------- cycle=    45 --------------------------------------------------
 | Etotal =-159.279   grad(E)=0.547      E(VDW )=-13.276    E(ELEC)=-146.004   |
 -------------------------------------------------------------------------------
 NBONDS: generating intra-molecular exclusion list with mode= 5
 MAKINB: mode   5 found     10 exclusions and     20 interactions(1-4)
 NBONDS: found     3287 intra-atom interactions
 --------------- cycle=    46 --------------------------------------------------
 | Etotal =-104.038   grad(E)=0.263      E(VDW )=-9.861     E(ELEC)=-94.177    |
 -------------------------------------------------------------------------------
 NBONDS: generating intra-molecular exclusion list with mode= 5
 MAKINB: mode   5 found     10 exclusions and     20 interactions(1-4)
 NBONDS: found     4950 intra-atom interactions
 --------------- cycle=    47 --------------------------------------------------
 | Etotal =-190.718   grad(E)=0.382      E(VDW )=-9.418     E(ELEC)=-181.300   |
 -------------------------------------------------------------------------------
 NBONDS: generating intra-molecular exclusion list with mode= 5
 MAKINB: mode   5 found     10 exclusions and     20 interactions(1-4)
 NBONDS: found     5893 intra-atom interactions
 --------------- cycle=    48 --------------------------------------------------
 | Etotal =-97.438    grad(E)=0.207      E(VDW )=-14.745    E(ELEC)=-82.693    |
 -------------------------------------------------------------------------------
 NBONDS: generating intra-molecular exclusion list with mode= 5
 MAKINB: mode   5 found     10 exclusions and     20 interactions(1-4)
 NBONDS: found     5418 intra-atom interactions
 --------------- cycle=    49 --------------------------------------------------
 | Etotal =-107.228   grad(E)=0.243      E(VDW )=-25.026    E(ELEC)=-82.202    |
 -------------------------------------------------------------------------------
 NBONDS: generating intra-molecular exclusion list with mode= 5
 MAKINB: mode   5 found     10 exclusions and     20 interactions(1-4)
 NBONDS: found     3403 intra-atom interactions
 --------------- cycle=    50 --------------------------------------------------
 | Etotal =-70.517    grad(E)=0.241      E(VDW )=-14.131    E(ELEC)=-56.387    |
 -------------------------------------------------------------------------------
 NBONDS: generating intra-molecular exclusion list with mode= 5
 MAKINB: mode   5 found     10 exclusions and     20 interactions(1-4)
 NBONDS: found     1717 intra-atom interactions
 --------------- cycle=    51 --------------------------------------------------
 | Etotal =-63.495    grad(E)=0.138      E(VDW )=-4.285     E(ELEC)=-59.210    |
 -------------------------------------------------------------------------------
 NBONDS: generating intra-molecular exclusion list with mode= 5
 MAKINB: mode   5 found     10 exclusions and     20 interactions(1-4)
 NBONDS: found     1038 intra-atom interactions
 --------------- cycle=    52 --------------------------------------------------
 | Etotal =-62.572    grad(E)=0.126      E(VDW )=-3.821     E(ELEC)=-58.750    |
 -------------------------------------------------------------------------------
 NBONDS: generating intra-molecular exclusion list with mode= 5
 MAKINB: mode   5 found     10 exclusions and     20 interactions(1-4)
 NBONDS: found     1487 intra-atom interactions
 --------------- cycle=    53 --------------------------------------------------
 | Etotal =-72.856    grad(E)=0.165      E(VDW )=-8.475     E(ELEC)=-64.382    |
 -------------------------------------------------------------------------------
 NBONDS: generating intra-molecular exclusion list with mode= 5
 MAKINB: mode   5 found     10 exclusions and     20 interactions(1-4)
 NBONDS: found     3360 intra-atom interactions
 --------------- cycle=    54 --------------------------------------------------
 | Etotal =-92.711    grad(E)=0.217      E(VDW )=-20.619    E(ELEC)=-72.091    |
 -------------------------------------------------------------------------------
 NBONDS: generating intra-molecular exclusion list with mode= 5
 MAKINB: mode   5 found     10 exclusions and     20 interactions(1-4)
 NBONDS: found     3700 intra-atom interactions
 --------------- cycle=    55 --------------------------------------------------
 | Etotal =-94.284    grad(E)=0.279      E(VDW )=-14.230    E(ELEC)=-80.055    |
 -------------------------------------------------------------------------------
 NBONDS: generating intra-molecular exclusion list with mode= 5
 MAKINB: mode   5 found     10 exclusions and     20 interactions(1-4)
 NBONDS: found     6263 intra-atom interactions
 --------------- cycle=    56 --------------------------------------------------
 | Etotal =-97.910    grad(E)=0.214      E(VDW )=-26.292    E(ELEC)=-71.618    |
 -------------------------------------------------------------------------------
 NBONDS: generating intra-molecular exclusion list with mode= 5
 MAKINB: mode   5 found     10 exclusions and     20 interactions(1-4)
 NBONDS: found     5645 intra-atom interactions
 --------------- cycle=    57 --------------------------------------------------
 | Etotal =-98.009    grad(E)=0.194      E(VDW )=-18.088    E(ELEC)=-79.922    |
 -------------------------------------------------------------------------------
 NBONDS: generating intra-molecular exclusion list with mode= 5
 MAKINB: mode   5 found     10 exclusions and     20 interactions(1-4)
 NBONDS: found     5880 intra-atom interactions
 --------------- cycle=    58 --------------------------------------------------
 | Etotal =-98.178    grad(E)=0.174      E(VDW )=-25.493    E(ELEC)=-72.685    |
 -------------------------------------------------------------------------------
 NBONDS: generating intra-molecular exclusion list with mode= 5
 MAKINB: mode   5 found     10 exclusions and     20 interactions(1-4)
 NBONDS: found     5517 intra-atom interactions
 --------------- cycle=    59 --------------------------------------------------
 | Etotal =-178.591   grad(E)=0.433      E(VDW )=-18.238    E(ELEC)=-160.353   |
 -------------------------------------------------------------------------------
 NBONDS: generating intra-molecular exclusion list with mode= 5
 MAKINB: mode   5 found     10 exclusions and     20 interactions(1-4)
 NBONDS: found     5094 intra-atom interactions
 --------------- cycle=    60 --------------------------------------------------
 | Etotal =-78.486    grad(E)=0.210      E(VDW )=-12.889    E(ELEC)=-65.598    |
 -------------------------------------------------------------------------------
 NBONDS: generating intra-molecular exclusion list with mode= 5
 MAKINB: mode   5 found     10 exclusions and     20 interactions(1-4)
 NBONDS: found     3308 intra-atom interactions
 --------------- cycle=    61 --------------------------------------------------
 | Etotal =-71.188    grad(E)=0.208      E(VDW )=-11.060    E(ELEC)=-60.127    |
 -------------------------------------------------------------------------------
 NBONDS: generating intra-molecular exclusion list with mode= 5
 MAKINB: mode   5 found     10 exclusions and     20 interactions(1-4)
 NBONDS: found     2452 intra-atom interactions
 --------------- cycle=    62 --------------------------------------------------
 | Etotal =-87.779    grad(E)=0.227      E(VDW )=-7.889     E(ELEC)=-79.890    |
 -------------------------------------------------------------------------------
 NBONDS: generating intra-molecular exclusion list with mode= 5
 MAKINB: mode   5 found     10 exclusions and     20 interactions(1-4)
 NBONDS: found     1121 intra-atom interactions
 --------------- cycle=    63 --------------------------------------------------
 | Etotal =-68.187    grad(E)=0.127      E(VDW )=-6.215     E(ELEC)=-61.972    |
 -------------------------------------------------------------------------------
 NBONDS: generating intra-molecular exclusion list with mode= 5
 MAKINB: mode   5 found     10 exclusions and     20 interactions(1-4)
 NBONDS: found      995 intra-atom interactions
 --------------- cycle=    64 --------------------------------------------------
 | Etotal =-65.247    grad(E)=0.109      E(VDW )=-4.103     E(ELEC)=-61.144    |
 -------------------------------------------------------------------------------
 NBONDS: generating intra-molecular exclusion list with mode= 5
 MAKINB: mode   5 found     10 exclusions and     23 interactions(1-4)
 NBONDS: found     2087 intra-atom interactions
 --------------- cycle=    65 --------------------------------------------------
 | Etotal =-66.417    grad(E)=0.193      E(VDW )=-8.849     E(ELEC)=-57.568    |
 -------------------------------------------------------------------------------
 NBONDS: generating intra-molecular exclusion list with mode= 5
 MAKINB: mode   5 found     10 exclusions and     20 interactions(1-4)
 NBONDS: found     2099 intra-atom interactions
 --------------- cycle=    66 --------------------------------------------------
 | Etotal =-90.498    grad(E)=0.348      E(VDW )=2.686      E(ELEC)=-93.184    |
 -------------------------------------------------------------------------------
 NBONDS: generating intra-molecular exclusion list with mode= 5
 MAKINB: mode   5 found     10 exclusions and     20 interactions(1-4)
 NBONDS: found      909 intra-atom interactions
 --------------- cycle=    67 --------------------------------------------------
 | Etotal =-58.903    grad(E)=0.161      E(VDW )=-1.680     E(ELEC)=-57.223    |
 -------------------------------------------------------------------------------
 NBONDS: generating intra-molecular exclusion list with mode= 5
 MAKINB: mode   5 found     10 exclusions and     20 interactions(1-4)
 NBONDS: found     3205 intra-atom interactions
 --------------- cycle=    68 --------------------------------------------------
 | Etotal =-66.247    grad(E)=0.219      E(VDW )=-4.603     E(ELEC)=-61.644    |
 -------------------------------------------------------------------------------
 NBONDS: generating intra-molecular exclusion list with mode= 5
 MAKINB: mode   5 found     10 exclusions and     20 interactions(1-4)
 NBONDS: found     3219 intra-atom interactions
 --------------- cycle=    69 --------------------------------------------------
 | Etotal =-100.644   grad(E)=0.248      E(VDW )=-9.394     E(ELEC)=-91.250    |
 -------------------------------------------------------------------------------
 NBONDS: generating intra-molecular exclusion list with mode= 5
 MAKINB: mode   5 found     13 exclusions and     27 interactions(1-4)
 NBONDS: found     2340 intra-atom interactions
 --------------- cycle=    70 --------------------------------------------------
 | Etotal =-69.944    grad(E)=0.247      E(VDW )=-7.442     E(ELEC)=-62.502    |
 -------------------------------------------------------------------------------
 NBONDS: generating intra-molecular exclusion list with mode= 5
 MAKINB: mode   5 found     10 exclusions and     20 interactions(1-4)
 NBONDS: found     5398 intra-atom interactions
 --------------- cycle=    71 --------------------------------------------------
 | Etotal =-93.454    grad(E)=0.187      E(VDW )=-21.750    E(ELEC)=-71.703    |
 -------------------------------------------------------------------------------
 NBONDS: generating intra-molecular exclusion list with mode= 5
 MAKINB: mode   5 found     10 exclusions and     23 interactions(1-4)
 NBONDS: found     3520 intra-atom interactions
 --------------- cycle=    72 --------------------------------------------------
 | Etotal =-87.058    grad(E)=0.197      E(VDW )=-13.778    E(ELEC)=-73.280    |
 -------------------------------------------------------------------------------
 NBONDS: generating intra-molecular exclusion list with mode= 5
 MAKINB: mode   5 found     10 exclusions and     23 interactions(1-4)
 NBONDS: found     4052 intra-atom interactions
 --------------- cycle=    73 --------------------------------------------------
 | Etotal =-85.227    grad(E)=0.166      E(VDW )=-16.218    E(ELEC)=-69.009    |
 -------------------------------------------------------------------------------
 NBONDS: generating intra-molecular exclusion list with mode= 5
 MAKINB: mode   5 found     10 exclusions and     20 interactions(1-4)
 NBONDS: found     4653 intra-atom interactions
 --------------- cycle=    74 --------------------------------------------------
 | Etotal =-80.016    grad(E)=0.129      E(VDW )=-15.281    E(ELEC)=-64.736    |
 -------------------------------------------------------------------------------
 NBONDS: generating intra-molecular exclusion list with mode= 5
 MAKINB: mode   5 found     10 exclusions and     20 interactions(1-4)
 NBONDS: found     4445 intra-atom interactions
 --------------- cycle=    75 --------------------------------------------------
 | Etotal =-127.431   grad(E)=0.358      E(VDW )=-14.923    E(ELEC)=-112.508   |
 -------------------------------------------------------------------------------
 NBONDS: generating intra-molecular exclusion list with mode= 5
 MAKINB: mode   5 found     10 exclusions and     20 interactions(1-4)
 NBONDS: found     2623 intra-atom interactions
 --------------- cycle=    76 --------------------------------------------------
 | Etotal =-68.840    grad(E)=0.116      E(VDW )=-10.700    E(ELEC)=-58.139    |
 -------------------------------------------------------------------------------
 NBONDS: generating intra-molecular exclusion list with mode= 5
 MAKINB: mode   5 found     10 exclusions and     20 interactions(1-4)
 NBONDS: found     6488 intra-atom interactions
 --------------- cycle=    77 --------------------------------------------------
 | Etotal =-101.673   grad(E)=0.283      E(VDW )=-22.044    E(ELEC)=-79.629    |
 -------------------------------------------------------------------------------
 NBONDS: generating intra-molecular exclusion list with mode= 5
 MAKINB: mode   5 found     10 exclusions and     20 interactions(1-4)
 NBONDS: found     2069 intra-atom interactions
 --------------- cycle=    78 --------------------------------------------------
 | Etotal =-90.602    grad(E)=0.171      E(VDW )=-7.888     E(ELEC)=-82.715    |
 -------------------------------------------------------------------------------
 NBONDS: generating intra-molecular exclusion list with mode= 5
 MAKINB: mode   5 found     10 exclusions and     20 interactions(1-4)
 NBONDS: found     6587 intra-atom interactions
 --------------- cycle=    79 --------------------------------------------------
 | Etotal =-103.818   grad(E)=0.163      E(VDW )=-31.347    E(ELEC)=-72.471    |
 -------------------------------------------------------------------------------
 NBONDS: generating intra-molecular exclusion list with mode= 5
 MAKINB: mode   5 found     10 exclusions and     23 interactions(1-4)
 NBONDS: found     4514 intra-atom interactions
 --------------- cycle=    80 --------------------------------------------------
 | Etotal =-80.286    grad(E)=0.168      E(VDW )=-17.330    E(ELEC)=-62.956    |
 -------------------------------------------------------------------------------
 NBONDS: generating intra-molecular exclusion list with mode= 5
 MAKINB: mode   5 found     10 exclusions and     23 interactions(1-4)
 NBONDS: found     2815 intra-atom interactions
 --------------- cycle=    81 --------------------------------------------------
 | Etotal =-80.704    grad(E)=0.140      E(VDW )=-9.491     E(ELEC)=-71.213    |
 -------------------------------------------------------------------------------
 NBONDS: generating intra-molecular exclusion list with mode= 5
 MAKINB: mode   5 found     10 exclusions and     20 interactions(1-4)
 NBONDS: found     3391 intra-atom interactions
 --------------- cycle=    82 --------------------------------------------------
 | Etotal =-87.514    grad(E)=0.216      E(VDW )=-7.070     E(ELEC)=-80.444    |
 -------------------------------------------------------------------------------
 NBONDS: generating intra-molecular exclusion list with mode= 5
 MAKINB: mode   5 found     10 exclusions and     20 interactions(1-4)
 NBONDS: found     4079 intra-atom interactions
 --------------- cycle=    83 --------------------------------------------------
 | Etotal =-100.679   grad(E)=0.263      E(VDW )=-13.885    E(ELEC)=-86.794    |
 -------------------------------------------------------------------------------
 NBONDS: generating intra-molecular exclusion list with mode= 5
 MAKINB: mode   5 found     10 exclusions and     20 interactions(1-4)
 NBONDS: found     1831 intra-atom interactions
 --------------- cycle=    84 --------------------------------------------------
 | Etotal =-68.013    grad(E)=0.245      E(VDW )=-0.837     E(ELEC)=-67.176    |
 -------------------------------------------------------------------------------
 NBONDS: generating intra-molecular exclusion list with mode= 5
 MAKINB: mode   5 found     10 exclusions and     20 interactions(1-4)
 NBONDS: found     2661 intra-atom interactions
 --------------- cycle=    85 --------------------------------------------------
 | Etotal =-74.608    grad(E)=0.161      E(VDW )=-6.380     E(ELEC)=-68.228    |
 -------------------------------------------------------------------------------
 NBONDS: generating intra-molecular exclusion list with mode= 5
 MAKINB: mode   5 found     10 exclusions and     20 interactions(1-4)
 NBONDS: found     1488 intra-atom interactions
 --------------- cycle=    86 --------------------------------------------------
 | Etotal =-71.220    grad(E)=0.206      E(VDW )=-4.650     E(ELEC)=-66.570    |
 -------------------------------------------------------------------------------
 NBONDS: generating intra-molecular exclusion list with mode= 5
 MAKINB: mode   5 found     10 exclusions and     20 interactions(1-4)
 NBONDS: found     5212 intra-atom interactions
 --------------- cycle=    87 --------------------------------------------------
 | Etotal =-100.072   grad(E)=0.186      E(VDW )=-22.665    E(ELEC)=-77.407    |
 -------------------------------------------------------------------------------
 NBONDS: generating intra-molecular exclusion list with mode= 5
 MAKINB: mode   5 found     10 exclusions and     23 interactions(1-4)
 NBONDS: found     4565 intra-atom interactions
 --------------- cycle=    88 --------------------------------------------------
 | Etotal =-110.940   grad(E)=0.288      E(VDW )=-18.093    E(ELEC)=-92.846    |
 -------------------------------------------------------------------------------
 HEAP: maximum use      =    22670224 current use      =       96000 bytes
 HEAP: maximum overhead =        2816 current overhead =         752 bytes
          ============================================================
           Maximum dynamic memory allocation:    22670224 bytes
           Maximum dynamic memory overhead:          2816 bytes
           Program started at: 19:06:30 on 10-Jun-2020
           Program stopped at: 19:06:55 on 10-Jun-2020
           CPU time used:      25.1719 seconds
          ============================================================
