          ============================================================
          |                                                          |
          |            Crystallography & NMR System (CNS)            |
          |                         CNSsolve                         |
          |                                                          |
          ============================================================
           Version: 1.3 at patch level U
           Status: Special UU release with Rg and paramagnetic
                   restraints (A. Bonvin, UU 2011)
          ============================================================
           Written by: A.T.Brunger, P.D.Adams, G.M.Clore, W.L.DeLano,
                       P.Gros, R.W.Grosse-Kunstleve,J.-S.Jiang,J.M.Krahn,
                       J.Kuszewski, M.Nilges, N.S.Pannu, R.J.Read,
                       L.M.Rice, G.F.Schroeder, T.Simonson, G.L.Warren.
           Copyright (c) 1997-2010 Yale University
          ============================================================
           Running on machine: hostname unknown (x86_64/Linux,64-bit)
           Program started by: joaor
           Program started at: 17:52:25 on 08-May-2020
          ============================================================

 FFT3C: Using FFTPACK4.1

 CNSsolve>! 
 CNSsolve>! Calculates pairwise energies between residues 
 CNSsolve>! Will only rebuild hydrogen atoms 
 CNSsolve>! 
 CNSsolve>! Adapted from HADDOCK protocols here and there. 
 CNSsolve>! JR & AMJJB @ 2020 
 CNSsolve>! 
 CNSsolve>define( 
 DEFINE>    {===>} auto_break=true; 
 DEFINE>    {===>} break_cutoff=2.5; 
 DEFINE>    {===>} dnaauto_break=true; 
 DEFINE>    {===>} dbreak_cutoff=4.5; 
 DEFINE>    {===>} auto_cispro=true; 
 DEFINE>    {===>} auto_disu=true; 
 DEFINE>    {===>} disulphide_dist=3.0; 
 DEFINE>    {===>} glyco_dist=2.75; 
 DEFINE>    {===>} coorin="molecule.pdb"; 
 DEFINE>    {===>} icutoff=5.0; 
 DEFINE>) 
 CNSsolve> 
 CNSsolve>! Mute (most) output 
 CNSsolve>set message=on echo=off end 
 ASSFIL: file merged.param opened.
 MESSage=NORM
 EVALUATE: symbol $OLD_MESSAGE set to "NORM" (string)
 ECHO=FALSe {OFF}
 EVALUATE: symbol $OLD_ECHO set to FALSE (logical)
 %PARRDR-info: duplication of bond HC   NC2 
 %PARRDR-info: duplication of angle CH2E C    NH1 
 %PARRDR-info: duplication of angle CH2P CH2E HA  
 ASSFIL: file merged.top opened.
 MESSage=NORM
 EVALUATE: symbol $OLD_MESSAGE set to "NORM" (string)
 ECHO=FALSe {OFF}
 EVALUATE: symbol $OLD_ECHO set to FALSE (logical)
 %RTFIO-warning: undefined masses in residue CYC 
 %RTFIO error encountered: there are undefined masses.
   (CNS is in mode: SET ABORT=NORMal END)
 MESSage=NORM
 EVALUATE: symbol $OLD_MESSAGE set to "NORM" (string)
 ECHO=FALSe {OFF}
 EVALUATE: symbol $OLD_ECHO set to FALSE (logical)
 ASSFIL: file protein_break.top opened.
 %RTFRDR-ERR: duplicate (P-)RESIdue name DPEP
 %RTFRDR-ERR: duplicate (P-)RESIdue name DPPP
 RTFRDR> 
 RTFRDR>end 
 CNSsolve> 
 CNSsolve>! Reset output muting 
 CNSsolve>set message=off echo=off end 
FOUND 4 NAG:ASN pairs
NAG:ASN bond added from   B    901  to   B    53  
NAG:ASN bond added from   B    907  to   B    322 
NAG:ASN bond added from   B    910  to   B    546 
NAG:ASN bond added from   E    1401 to   E    343 
FOUND 4 NAG:NAG pairs
NAG:NAG B14 bond added from   B    902  to   B    901 
NAG:NAG B14 bond added from   B    911  to   B    910 
NAG:NAG B14 bond added from   E    1402 to   E    1401
NAG:NAG B14 bond added from   E    1403 to   E    1402
 %PARRDR-info: duplication of bond HC   NC2 
 %PARRDR-info: duplication of angle CH2E C    NH1 
 %PARRDR-info: duplication of angle CH2P CH2E HA  
 POWELL: number of degrees of freedom= 13881
 NBONDS: generating intra-molecular exclusion list with mode=-2
 MAKINB: mode  -2 found   4627 exclusions and      0 interactions(1-4)
 %atoms "B   -168 -TRP -HB2 " and "B   -168 -TRP -CG  " only  0.09 A apart
 %atoms "B   -177 -ARG -HB1 " and "B   -177 -ARG -CD  " only  0.09 A apart
 %atoms "B   -196 -TYR -HD2 " and "B   -196 -TYR -HE1 " only  0.02 A apart
 %atoms "B   -428 -PHE -CB  " and "B   -428 -PHE -HD1 " only  0.07 A apart
 %atoms "B   -482 -ARG -HA  " and "B   -482 -ARG -HG1 " only  0.07 A apart
 %atoms "B   -531 -ARG -HB1 " and "B   -531 -ARG -HD1 " only  0.06 A apart
 %atoms "E   -477 -SER -HB1 " and "E   -477 -SER -HB2 " only  0.10 A apart
 %atoms "E   -508 -TYR -HB1 " and "E   -508 -TYR -CG  " only  0.09 A apart
 NBONDS: found   697992 intra-atom interactions
 NBONDS: found        8 nonbonded violations
 %atoms "B   -285 -PHE -HB1 " and "B   -285 -PHE -HD2 " only  0.08 A apart
 %atoms "B   -510 -TYR -HA  " and "B   -510 -TYR -HE1 " only  0.08 A apart
 NBONDS: found   698101 intra-atom interactions
 NBONDS: found        2 nonbonded violations
 NBONDS: found   694704 intra-atom interactions
 NBONDS: found   690976 intra-atom interactions
 --------------- cycle=    10 ------ stepsize=   -0.0000 -----------------------
 | Etotal =0.33E+07   grad(E)=574.447    E(BOND)=494079.032 E(ANGL)=0.16E+07   |
 | E(VDW )=0.13E+07                                                            |
 -------------------------------------------------------------------------------
 NBONDS: found   689599 intra-atom interactions
 NBONDS: found   690552 intra-atom interactions
 NBONDS: found   691835 intra-atom interactions
 NBONDS: found   692336 intra-atom interactions
 --------------- cycle=    20 ------ stepsize=    0.0000 -----------------------
 | Etotal =0.12E+07   grad(E)=301.039    E(BOND)=231932.920 E(ANGL)=489011.870 |
 | E(VDW )=511924.653                                                          |
 -------------------------------------------------------------------------------
 NBONDS: found   692374 intra-atom interactions
 NBONDS: found   692427 intra-atom interactions
 --------------- cycle=    30 ------ stepsize=   -0.0000 -----------------------
 | Etotal =977050.398 grad(E)=244.737    E(BOND)=192581.736 E(ANGL)=350363.321 |
 | E(VDW )=434105.340                                                          |
 -------------------------------------------------------------------------------
 NBONDS: found   692424 intra-atom interactions
 NBONDS: found   692432 intra-atom interactions
 NBONDS: found   692455 intra-atom interactions
 --------------- cycle=    40 ------ stepsize=    0.0000 -----------------------
 | Etotal =928312.441 grad(E)=233.374    E(BOND)=186384.856 E(ANGL)=325524.865 |
 | E(VDW )=416402.720                                                          |
 -------------------------------------------------------------------------------
 NBONDS: found   692565 intra-atom interactions
 NBONDS: found   692501 intra-atom interactions
 --------------- cycle=    50 ------ stepsize=    0.0000 -----------------------
 | Etotal =915432.464 grad(E)=231.157    E(BOND)=185661.695 E(ANGL)=319859.768 |
 | E(VDW )=409911.001                                                          |
 -------------------------------------------------------------------------------
 POWELL: STEP number limit. Normal termination
 POWELL: Current coordinates set to last minimum
 DCART: temperature coupling (TCOUpling) enabled
 -------------------------- Cartesian dynamics start ---------------------------
 | E(kin)+E(total)=0.35E+07        E(kin)=4248.281      temperature=308.023    |
 | Etotal =0.35E+07   grad(E)=596.583    E(BOND)=185661.695 E(ANGL)=319859.768 |
 | E(IMPR)=0.30E+07                                                            |
 -------------------------------------------------------------------------------
 ----------------- final step=       50 at      0.02500 ps ---------------------
 | E(kin)+E(total)=0.22E+07        E(kin)=451889.172    temperature=32764.351  |
 | Etotal =0.18E+07   grad(E)=323.737    E(BOND)=199971.566 E(ANGL)=820798.047 |
 | E(IMPR)=769006.613                                                          |
 -------------------------------------------------------------------------------
 CENMAS: Information about center of free masses
         position [A]          :     -0.77382      0.05771     -0.41775
         velocity [A/ps]       :      0.82565     -1.55511     -0.07463
         ang. mom. [amu A/ps]  : 355107.05953-348687.06856*************
         kin. ener. [Kcal/mol] :    343.44593
 POWELL: number of degrees of freedom= 13881
 NBONDS: found   689463 intra-atom interactions
 NBONDS: found   688391 intra-atom interactions
 NBONDS: found   688872 intra-atom interactions
 NBONDS: found   689646 intra-atom interactions
 --------------- cycle=    10 ------ stepsize=   -0.0001 -----------------------
 | Etotal =0.19E+07   grad(E)=274.647    E(BOND)=245088.989 E(ANGL)=453174.635 |
 | E(IMPR)=694931.198 E(VDW )=488186.629                                       |
 -------------------------------------------------------------------------------
 NBONDS: found   690044 intra-atom interactions
 NBONDS: found   690551 intra-atom interactions
 NBONDS: found   690611 intra-atom interactions
 --------------- cycle=    20 ------ stepsize=    0.0000 -----------------------
 | Etotal =0.13E+07   grad(E)=138.797    E(BOND)=179119.476 E(ANGL)=170883.528 |
 | E(IMPR)=592311.647 E(VDW )=360244.646                                       |
 -------------------------------------------------------------------------------
 NBONDS: found   690925 intra-atom interactions
 NBONDS: found   690911 intra-atom interactions
 NBONDS: found   690950 intra-atom interactions
 --------------- cycle=    30 ------ stepsize=    0.0001 -----------------------
 | Etotal =0.12E+07   grad(E)=125.383    E(BOND)=180151.349 E(ANGL)=142607.075 |
 | E(IMPR)=572561.640 E(VDW )=331866.098                                       |
 -------------------------------------------------------------------------------
 NBONDS: found   691054 intra-atom interactions
 NBONDS: found   691110 intra-atom interactions
 NBONDS: found   691161 intra-atom interactions
 --------------- cycle=    40 ------ stepsize=    0.0001 -----------------------
 | Etotal =0.12E+07   grad(E)=115.844    E(BOND)=171908.447 E(ANGL)=131684.723 |
 | E(IMPR)=561050.456 E(VDW )=327782.099                                       |
 -------------------------------------------------------------------------------
 NBONDS: found   691203 intra-atom interactions
 NBONDS: found   691152 intra-atom interactions
 --------------- cycle=    50 ------ stepsize=    0.0001 -----------------------
 | Etotal =0.12E+07   grad(E)=114.354    E(BOND)=172441.759 E(ANGL)=127615.091 |
 | E(IMPR)=553775.038 E(VDW )=323847.570                                       |
 -------------------------------------------------------------------------------
 POWELL: STEP number limit. Normal termination
 POWELL: Current coordinates set to last minimum
 DCART: temperature coupling (TCOUpling) enabled
 -------------------------- Cartesian dynamics start ---------------------------
 | E(kin)+E(total)=0.12E+07        E(kin)=4202.224      temperature=304.683    |
 | Etotal =0.12E+07   grad(E)=114.354    E(BOND)=172441.759 E(ANGL)=127615.091 |
 | E(IMPR)=553775.038 E(VDW )=323847.570                                       |
 -------------------------------------------------------------------------------
 NBONDS: found   691163 intra-atom interactions
 NBONDS: found   691228 intra-atom interactions
 NBONDS: found   691265 intra-atom interactions
 ----------------- final step=       50 at      0.02500 ps ---------------------
 | E(kin)+E(total)=0.12E+07        E(kin)=9027.342      temperature=654.530    |
 | Etotal =0.12E+07   grad(E)=115.749    E(BOND)=173871.852 E(ANGL)=124568.902 |
 | E(IMPR)=547494.246 E(VDW )=321016.676                                       |
 -------------------------------------------------------------------------------
 CENMAS: Information about center of free masses
         position [A]          :     -0.77331      0.04521     -0.41760
         velocity [A/ps]       :      0.07750     -0.10839     -0.07081
         ang. mom. [amu A/ps]  : 231284.61962 -95752.72224  37859.11377
         kin. ener. [Kcal/mol] :      2.51790
 %PARRDR-info: duplication of bond HC   NC2 
 %PARRDR-info: duplication of angle CH2E C    NH1 
 %PARRDR-info: duplication of angle CH2P CH2E HA  
 POWELL: number of degrees of freedom= 13881
 NBONDS: generating intra-molecular exclusion list with mode=-3
 MAKINB: mode  -3 found  15790 exclusions and      0 interactions(1-4)
 NBONDS: found   679974 intra-atom interactions
 NBONDS: found   681548 intra-atom interactions
 NBONDS: found   681645 intra-atom interactions
 NBONDS: found   681442 intra-atom interactions
 NBONDS: found   681218 intra-atom interactions
 NBONDS: found   681314 intra-atom interactions
 NBONDS: found   681677 intra-atom interactions
 --------------- cycle=    25 ------ stepsize=    0.0002 -----------------------
 | Etotal =243892.653 grad(E)=110.568    E(BOND)=21995.686  E(ANGL)=126080.555 |
 | E(IMPR)=93359.557  E(VDW )=2456.855                                         |
 -------------------------------------------------------------------------------
 NBONDS: found   681889 intra-atom interactions
 NBONDS: found   681839 intra-atom interactions
 NBONDS: found   681861 intra-atom interactions
 NBONDS: found   681743 intra-atom interactions
 NBONDS: found   681871 intra-atom interactions
 NBONDS: found   681992 intra-atom interactions
 NBONDS: found   682095 intra-atom interactions
 NBONDS: found   682059 intra-atom interactions
 --------------- cycle=    50 ------ stepsize=   -0.0001 -----------------------
 | Etotal =49578.775  grad(E)=33.963     E(BOND)=2248.372   E(ANGL)=20653.875  |
 | E(IMPR)=25935.754  E(VDW )=740.774                                          |
 -------------------------------------------------------------------------------
 NBONDS: found   682092 intra-atom interactions
 NBONDS: found   682087 intra-atom interactions
 NBONDS: found   682028 intra-atom interactions
 NBONDS: found   682046 intra-atom interactions
 NBONDS: found   682033 intra-atom interactions
 --------------- cycle=    75 ------ stepsize=    0.0005 -----------------------
 | Etotal =10964.279  grad(E)=21.103     E(BOND)=518.388    E(ANGL)=6732.220   |
 | E(IMPR)=3055.881   E(VDW )=657.790                                          |
 -------------------------------------------------------------------------------
 NBONDS: found   682055 intra-atom interactions
 NBONDS: found   682091 intra-atom interactions
 NBONDS: found   682083 intra-atom interactions
 NBONDS: found   682071 intra-atom interactions
 --------------- cycle=   100 ------ stepsize=    0.0002 -----------------------
 | Etotal =1211.878   grad(E)=6.826      E(BOND)=21.691     E(ANGL)=564.520    |
 | E(IMPR)=35.320     E(VDW )=590.347                                          |
 -------------------------------------------------------------------------------
 POWELL: STEP number limit. Normal termination
 POWELL: Current coordinates set to last minimum
 DCART: temperature coupling (TCOUpling) enabled
 -------------------------- Cartesian dynamics start ---------------------------
 | E(kin)+E(total)=5253.957        E(kin)=4042.079      temperature=293.072    |
 | Etotal =1211.878   grad(E)=6.826      E(BOND)=21.691     E(ANGL)=564.520    |
 | E(IMPR)=35.320     E(VDW )=590.347                                          |
 -------------------------------------------------------------------------------
 NBONDS: found   682003 intra-atom interactions
 NBONDS: found   681968 intra-atom interactions
 NBONDS: found   682002 intra-atom interactions
 NBONDS: found   681756 intra-atom interactions
 NBONDS: found   681895 intra-atom interactions
 NBONDS: found   681995 intra-atom interactions
 NBONDS: found   681786 intra-atom interactions
 NBONDS: found   681914 intra-atom interactions
 ----------------- final step=      500 at      0.25000 ps ---------------------
 | E(kin)+E(total)=8573.976        E(kin)=4519.399      temperature=327.680    |
 | Etotal =4054.577   grad(E)=25.571     E(BOND)=690.294    E(ANGL)=2371.354   |
 | E(IMPR)=291.030    E(VDW )=701.899                                          |
 -------------------------------------------------------------------------------
 CENMAS: Information about center of free masses
         position [A]          :     -0.77308      0.04461     -0.41391
         velocity [A/ps]       :     -0.03359     -0.00510      0.03370
         ang. mom. [amu A/ps]  : -38110.74643  12794.91717 -16478.06912
         kin. ener. [Kcal/mol] :      0.25323
 EFLAGS: the following energy flags are set
 EFLAGS: BOND ANGL DIHE IMPR VDW 
 %PARRDR-info: duplication of bond HC   NC2 
 %PARRDR-info: duplication of angle CH2E C    NH1 
 %PARRDR-info: duplication of angle CH2P CH2E HA  
 POWELL: number of degrees of freedom= 13881
 NBONDS: generating intra-molecular exclusion list with mode=-3
 MAKINB: mode  -3 found  15790 exclusions and      0 interactions(1-4)
 NBONDS: found   681838 intra-atom interactions
 NBONDS: found   681771 intra-atom interactions
 --------------- cycle=    50 ------ stepsize=    0.0008 -----------------------
 | Etotal =13521.592  grad(E)=13.585     E(BOND)=233.149    E(ANGL)=1185.911   |
 | E(DIHE)=198.643    E(IMPR)=91.930     E(VDW )=11811.959                     |
 -------------------------------------------------------------------------------
 NBONDS: found   681830 intra-atom interactions
 --------------- cycle=   100 ------ stepsize=    0.0012 -----------------------
 | Etotal =13155.240  grad(E)=13.490     E(BOND)=227.025    E(ANGL)=1172.697   |
 | E(DIHE)=172.476    E(IMPR)=91.564     E(VDW )=11491.479                     |
 -------------------------------------------------------------------------------
 NBONDS: found   681871 intra-atom interactions
 --------------- cycle=   150 ------ stepsize=    0.0011 -----------------------
 | Etotal =13106.335  grad(E)=13.440     E(BOND)=227.252    E(ANGL)=1165.641   |
 | E(DIHE)=172.786    E(IMPR)=89.965     E(VDW )=11450.692                     |
 -------------------------------------------------------------------------------
 NBONDS: found   681825 intra-atom interactions
 --------------- cycle=   200 ------ stepsize=    0.0010 -----------------------
 | Etotal =13090.718  grad(E)=13.432     E(BOND)=226.630    E(ANGL)=1165.096   |
 | E(DIHE)=172.383    E(IMPR)=89.998     E(VDW )=11436.611                     |
 -------------------------------------------------------------------------------
 --------------- cycle=   250 ------ stepsize=    0.0010 -----------------------
 | Etotal =13086.338  grad(E)=13.444     E(BOND)=226.518    E(ANGL)=1166.922   |
 | E(DIHE)=171.499    E(IMPR)=90.024     E(VDW )=11431.375                     |
 -------------------------------------------------------------------------------
 --------------- cycle=   300 ------ stepsize=   -0.0000 -----------------------
 | Etotal =13084.713  grad(E)=13.445     E(BOND)=226.477    E(ANGL)=1166.534   |
 | E(DIHE)=170.954    E(IMPR)=90.271     E(VDW )=11430.477                     |
 -------------------------------------------------------------------------------
 --------------- cycle=   350 ------ stepsize=    0.0011 -----------------------
 | Etotal =13083.429  grad(E)=13.441     E(BOND)=226.642    E(ANGL)=1165.913   |
 | E(DIHE)=170.445    E(IMPR)=90.115     E(VDW )=11430.314                     |
 -------------------------------------------------------------------------------
 --------------- cycle=   400 ------ stepsize=    0.0012 -----------------------
 | Etotal =13083.346  grad(E)=13.442     E(BOND)=226.629    E(ANGL)=1165.991   |
 | E(DIHE)=170.372    E(IMPR)=90.332     E(VDW )=11430.023                     |
 -------------------------------------------------------------------------------
 --------------- cycle=   450 ------ stepsize=    0.0014 -----------------------
 | Etotal =13083.346  grad(E)=13.442     E(BOND)=226.625    E(ANGL)=1166.002   |
 | E(DIHE)=170.369    E(IMPR)=90.323     E(VDW )=11430.027                     |
 -------------------------------------------------------------------------------
 --------------- cycle=   500 ------ stepsize=    0.0013 -----------------------
 | Etotal =13083.346  grad(E)=13.443     E(BOND)=226.620    E(ANGL)=1165.998   |
 | E(DIHE)=170.366    E(IMPR)=90.327     E(VDW )=11430.035                     |
 -------------------------------------------------------------------------------
 POWELL: STEP number limit. Normal termination
 POWELL: Current coordinates set to last minimum
 DCART: temperature coupling (TCOUpling) enabled
 -------------------------- Cartesian dynamics start ---------------------------
 | E(kin)+E(total)=17223.365       E(kin)=4140.019      temperature=300.173    |
 | Etotal =13083.346  grad(E)=13.443     E(BOND)=226.620    E(ANGL)=1165.998   |
 | E(DIHE)=170.366    E(IMPR)=90.327     E(VDW )=11430.035                     |
 -------------------------------------------------------------------------------
 NBONDS: found   681848 intra-atom interactions
 NBONDS: found   681789 intra-atom interactions
 NBONDS: found   681857 intra-atom interactions
 NBONDS: found   681905 intra-atom interactions
 NBONDS: found   681878 intra-atom interactions
 NBONDS: found   681836 intra-atom interactions
 NBONDS: found   681698 intra-atom interactions
 NBONDS: found   681898 intra-atom interactions
 ----------------- final step=      500 at      0.25000 ps ---------------------
 | E(kin)+E(total)=21380.780       E(kin)=4300.143      temperature=311.783    |
 | Etotal =17080.638  grad(E)=31.833     E(BOND)=1318.757   E(ANGL)=3382.071   |
 | E(DIHE)=184.468    E(IMPR)=419.129    E(VDW )=11776.212                     |
 -------------------------------------------------------------------------------
 CENMAS: Information about center of free masses
         position [A]          :     -0.77283      0.04430     -0.41350
         velocity [A/ps]       :     -0.12923      0.15270      0.05273
         ang. mom. [amu A/ps]  :  12002.71218 -28663.93732 -20110.52700
         kin. ener. [Kcal/mol] :      0.23855
 POWELL: number of degrees of freedom= 13881
 --------------- cycle=    50 ------ stepsize=    0.0008 -----------------------
 | Etotal =13080.408  grad(E)=13.456     E(BOND)=226.144    E(ANGL)=1166.817   |
 | E(DIHE)=171.914    E(IMPR)=90.093     E(VDW )=11425.440                     |
 -------------------------------------------------------------------------------
 --------------- cycle=   100 ------ stepsize=    0.0009 -----------------------
 | Etotal =13070.338  grad(E)=13.449     E(BOND)=225.967    E(ANGL)=1166.620   |
 | E(DIHE)=171.835    E(IMPR)=90.415     E(VDW )=11415.501                     |
 -------------------------------------------------------------------------------
 --------------- cycle=   150 ------ stepsize=    0.0012 -----------------------
 | Etotal =13065.003  grad(E)=13.448     E(BOND)=226.131    E(ANGL)=1166.570   |
 | E(DIHE)=171.059    E(IMPR)=90.145     E(VDW )=11411.097                     |
 -------------------------------------------------------------------------------
 --------------- cycle=   200 ------ stepsize=    0.0010 -----------------------
 | Etotal =13064.884  grad(E)=13.448     E(BOND)=226.076    E(ANGL)=1166.596   |
 | E(DIHE)=171.085    E(IMPR)=90.071     E(VDW )=11411.055                     |
 -------------------------------------------------------------------------------
 --------------- cycle=   250 ------ stepsize=    0.0010 -----------------------
 | Etotal =13064.881  grad(E)=13.447     E(BOND)=226.077    E(ANGL)=1166.583   |
 | E(DIHE)=171.124    E(IMPR)=90.069     E(VDW )=11411.029                     |
 -------------------------------------------------------------------------------
 --------------- cycle=   300 ------ stepsize=    0.0010 -----------------------
 | Etotal =13064.881  grad(E)=13.447     E(BOND)=226.075    E(ANGL)=1166.585   |
 | E(DIHE)=171.128    E(IMPR)=90.070     E(VDW )=11411.024                     |
 -------------------------------------------------------------------------------
 POWELL: Gradient converged. Normal termination
 POWELL: Current coordinates set to last minimum
 POWELL: number of degrees of freedom= 18210
 --------------- cycle=     5 ------ stepsize=    0.0006 -----------------------
 | Etotal =12973.131  grad(E)=13.452     E(BOND)=226.804    E(ANGL)=1167.259   |
 | E(DIHE)=171.124    E(IMPR)=90.125     E(VDW )=11317.819                     |
 -------------------------------------------------------------------------------
 --------------- cycle=    10 ------ stepsize=    0.0008 -----------------------
 | Etotal =12972.070  grad(E)=13.453     E(BOND)=226.453    E(ANGL)=1168.387   |
 | E(DIHE)=171.066    E(IMPR)=90.093     E(VDW )=11316.070                     |
 -------------------------------------------------------------------------------
 --------------- cycle=    15 ------ stepsize=    0.0008 -----------------------
 | Etotal =12971.518  grad(E)=13.455     E(BOND)=226.383    E(ANGL)=1168.468   |
 | E(DIHE)=170.950    E(IMPR)=90.113     E(VDW )=11315.604                     |
 -------------------------------------------------------------------------------
 --------------- cycle=    20 ------ stepsize=    0.0008 -----------------------
 | Etotal =12971.023  grad(E)=13.452     E(BOND)=226.485    E(ANGL)=1167.987   |
 | E(DIHE)=170.814    E(IMPR)=90.058     E(VDW )=11315.680                     |
 -------------------------------------------------------------------------------
 --------------- cycle=    25 ------ stepsize=    0.0002 -----------------------
 | Etotal =12970.975  grad(E)=13.454     E(BOND)=226.510    E(ANGL)=1168.113   |
 | E(DIHE)=170.777    E(IMPR)=90.053     E(VDW )=11315.522                     |
 -------------------------------------------------------------------------------
 --------------- cycle=    30 ------ stepsize=    0.0013 -----------------------
 | Etotal =12970.875  grad(E)=13.455     E(BOND)=226.538    E(ANGL)=1168.228   |
 | E(DIHE)=170.683    E(IMPR)=90.062     E(VDW )=11315.365                     |
 -------------------------------------------------------------------------------
 --------------- cycle=    35 ------ stepsize=   -0.0002 -----------------------
 | Etotal =12970.854  grad(E)=13.454     E(BOND)=226.489    E(ANGL)=1168.111   |
 | E(DIHE)=170.661    E(IMPR)=90.044     E(VDW )=11315.549                     |
 -------------------------------------------------------------------------------
 --------------- cycle=    40 ------ stepsize=    0.0012 -----------------------
 | Etotal =12970.831  grad(E)=13.453     E(BOND)=226.503    E(ANGL)=1167.995   |
 | E(DIHE)=170.644    E(IMPR)=90.040     E(VDW )=11315.649                     |
 -------------------------------------------------------------------------------
 --------------- cycle=    45 ------ stepsize=   -0.0001 -----------------------
 | Etotal =12970.814  grad(E)=13.453     E(BOND)=226.516    E(ANGL)=1168.061   |
 | E(DIHE)=170.630    E(IMPR)=90.043     E(VDW )=11315.565                     |
 -------------------------------------------------------------------------------
 --------------- cycle=    50 ------ stepsize=    0.0010 -----------------------
 | Etotal =12970.807  grad(E)=13.453     E(BOND)=226.510    E(ANGL)=1168.050   |
 | E(DIHE)=170.624    E(IMPR)=90.043     E(VDW )=11315.579                     |
 -------------------------------------------------------------------------------
 POWELL: STEP number limit. Normal termination
 POWELL: Current coordinates set to last minimum
 %PARRDR-info: duplication of bond HC   NC2 
 %PARRDR-info: duplication of angle CH2E C    NH1 
 %PARRDR-info: duplication of angle CH2P CH2E HA  
 POWELL: number of degrees of freedom= 18210
 NBONDS: generating intra-molecular exclusion list with mode= 5
 MAKINB: mode   5 found  17959 exclusions and  17828 interactions(1-4)
 NBONDS: found   902085 intra-atom interactions
 POWELL: Line search terminated
 POWELL: Current coordinates set to last minimum
 --------------- cycle=     1 --------------------------------------------------
 | Etotal =170.312    grad(E)=5.761      E(BOND)=35.897     E(ANGL)=432.982    |
 | E(DIHE)=168.554    E(IMPR)=37.106     E(VDW )=-505.232   E(ELEC)=1.005      |
 -------------------------------------------------------------------------------
 SURFAC: half the sigma value being used for atomic radii.
 SURFAC: ACCEssible surface area
 SURFAC: ACCUracy= 0.07 RH2O=  1.40
         Z-grid=  0.32 number-of-Z-sections=  215
         measures-of-arc= 93784 and149507
 SURFAC: half the sigma value being used for atomic radii.
 SURFAC: ACCEssible surface area
 SURFAC: ACCUracy= 0.07 RH2O=  1.40
         Z-grid=  0.32 number-of-Z-sections=  137
         measures-of-arc= 25574 and 46261
 SURFAC: half the sigma value being used for atomic radii.
 SURFAC: ACCEssible surface area
 SURFAC: ACCUracy= 0.07 RH2O=  1.40
         Z-grid=  0.32 number-of-Z-sections=  215
         measures-of-arc=120950 and196124
 %PARRDR-info: duplication of bond HC   NC2 
 %PARRDR-info: duplication of angle CH2E C    NH1 
 %PARRDR-info: duplication of angle CH2P CH2E HA  
 NBONDS: generating intra-molecular exclusion list with mode= 5
 MAKINB: mode   5 found      0 exclusions and      0 interactions(1-4)
 NBONDS: found     1475 intra-atom interactions
 --------------- cycle=     2 --------------------------------------------------
 | Etotal =-2.133     grad(E)=0.048      E(VDW )=-4.328     E(ELEC)=2.195      |
 -------------------------------------------------------------------------------
 NBONDS: generating intra-molecular exclusion list with mode= 5
 MAKINB: mode   5 found      0 exclusions and      0 interactions(1-4)
 NBONDS: found     1617 intra-atom interactions
 --------------- cycle=     3 --------------------------------------------------
 | Etotal =-9.647     grad(E)=0.060      E(VDW )=-4.971     E(ELEC)=-4.676     |
 -------------------------------------------------------------------------------
 NBONDS: generating intra-molecular exclusion list with mode= 5
 MAKINB: mode   5 found      0 exclusions and      0 interactions(1-4)
 NBONDS: found     1445 intra-atom interactions
 --------------- cycle=     4 --------------------------------------------------
 | Etotal =-9.154     grad(E)=0.029      E(VDW )=-7.545     E(ELEC)=-1.609     |
 -------------------------------------------------------------------------------
 NBONDS: generating intra-molecular exclusion list with mode= 5
 MAKINB: mode   5 found      0 exclusions and      0 interactions(1-4)
 NBONDS: found     1126 intra-atom interactions
 --------------- cycle=     5 --------------------------------------------------
 | Etotal =-91.051    grad(E)=0.377      E(VDW )=-1.824     E(ELEC)=-89.227    |
 -------------------------------------------------------------------------------
 NBONDS: generating intra-molecular exclusion list with mode= 5
 MAKINB: mode   5 found      0 exclusions and      0 interactions(1-4)
 NBONDS: found     2428 intra-atom interactions
 --------------- cycle=     6 --------------------------------------------------
 | Etotal =-23.720    grad(E)=0.220      E(VDW )=-6.361     E(ELEC)=-17.359    |
 -------------------------------------------------------------------------------
 NBONDS: generating intra-molecular exclusion list with mode= 5
 MAKINB: mode   5 found      0 exclusions and      0 interactions(1-4)
 NBONDS: found     1933 intra-atom interactions
 --------------- cycle=     7 --------------------------------------------------
 | Etotal =-1.354     grad(E)=0.042      E(VDW )=-3.198     E(ELEC)=1.844      |
 -------------------------------------------------------------------------------
 NBONDS: generating intra-molecular exclusion list with mode= 5
 MAKINB: mode   5 found      0 exclusions and      0 interactions(1-4)
 NBONDS: found      633 intra-atom interactions
 --------------- cycle=     8 --------------------------------------------------
 | Etotal =-12.808    grad(E)=0.358      E(VDW )=1.473      E(ELEC)=-14.281    |
 -------------------------------------------------------------------------------
 NBONDS: generating intra-molecular exclusion list with mode= 5
 MAKINB: mode   5 found      0 exclusions and      0 interactions(1-4)
 NBONDS: found      899 intra-atom interactions
 --------------- cycle=     9 --------------------------------------------------
 | Etotal =-19.806    grad(E)=0.359      E(VDW )=-0.518     E(ELEC)=-19.288    |
 -------------------------------------------------------------------------------
 NBONDS: generating intra-molecular exclusion list with mode= 5
 MAKINB: mode   5 found      0 exclusions and      0 interactions(1-4)
 NBONDS: found     1365 intra-atom interactions
 --------------- cycle=    10 --------------------------------------------------
 | Etotal =-11.663    grad(E)=0.159      E(VDW )=-2.936     E(ELEC)=-8.727     |
 -------------------------------------------------------------------------------
 NBONDS: generating intra-molecular exclusion list with mode= 5
 MAKINB: mode   5 found      0 exclusions and      0 interactions(1-4)
 NBONDS: found      417 intra-atom interactions
 --------------- cycle=    11 --------------------------------------------------
 | Etotal =1.279      grad(E)=0.031      E(VDW )=-0.544     E(ELEC)=1.824      |
 -------------------------------------------------------------------------------
 NBONDS: generating intra-molecular exclusion list with mode= 5
 MAKINB: mode   5 found      0 exclusions and      0 interactions(1-4)
 NBONDS: found      718 intra-atom interactions
 --------------- cycle=    12 --------------------------------------------------
 | Etotal =-0.359     grad(E)=0.007      E(VDW )=-0.694     E(ELEC)=0.335      |
 -------------------------------------------------------------------------------
 NBONDS: generating intra-molecular exclusion list with mode= 5
 MAKINB: mode   5 found      0 exclusions and      0 interactions(1-4)
 NBONDS: found      548 intra-atom interactions
 --------------- cycle=    13 --------------------------------------------------
 | Etotal =-0.891     grad(E)=0.005      E(VDW )=-0.977     E(ELEC)=0.085      |
 -------------------------------------------------------------------------------
 NBONDS: generating intra-molecular exclusion list with mode= 5
 MAKINB: mode   5 found      0 exclusions and      0 interactions(1-4)
 NBONDS: found      308 intra-atom interactions
 --------------- cycle=    14 --------------------------------------------------
 | Etotal =-1.939     grad(E)=0.006      E(VDW )=-1.620     E(ELEC)=-0.318     |
 -------------------------------------------------------------------------------
 NBONDS: generating intra-molecular exclusion list with mode= 5
 MAKINB: mode   5 found      0 exclusions and      0 interactions(1-4)
 NBONDS: found      686 intra-atom interactions
 --------------- cycle=    15 --------------------------------------------------
 | Etotal =-10.355    grad(E)=0.120      E(VDW )=-2.616     E(ELEC)=-7.739     |
 -------------------------------------------------------------------------------
 NBONDS: generating intra-molecular exclusion list with mode= 5
 MAKINB: mode   5 found      0 exclusions and      0 interactions(1-4)
 NBONDS: found      613 intra-atom interactions
 --------------- cycle=    16 --------------------------------------------------
 | Etotal =-6.864     grad(E)=0.072      E(VDW )=-1.417     E(ELEC)=-5.448     |
 -------------------------------------------------------------------------------
 NBONDS: generating intra-molecular exclusion list with mode= 5
 MAKINB: mode   5 found      0 exclusions and      0 interactions(1-4)
 NBONDS: found      283 intra-atom interactions
 --------------- cycle=    17 --------------------------------------------------
 | Etotal =-0.676     grad(E)=0.014      E(VDW )=-1.011     E(ELEC)=0.335      |
 -------------------------------------------------------------------------------
 NBONDS: generating intra-molecular exclusion list with mode= 5
 MAKINB: mode   5 found      0 exclusions and      0 interactions(1-4)
 NBONDS: found     3017 intra-atom interactions
 --------------- cycle=    18 --------------------------------------------------
 | Etotal =-37.689    grad(E)=0.289      E(VDW )=-8.626     E(ELEC)=-29.064    |
 -------------------------------------------------------------------------------
 NBONDS: generating intra-molecular exclusion list with mode= 5
 MAKINB: mode   5 found      0 exclusions and      0 interactions(1-4)
 NBONDS: found      717 intra-atom interactions
 --------------- cycle=    19 --------------------------------------------------
 | Etotal =-4.098     grad(E)=0.067      E(VDW )=-3.767     E(ELEC)=-0.331     |
 -------------------------------------------------------------------------------
 NBONDS: generating intra-molecular exclusion list with mode= 5
 MAKINB: mode   5 found      0 exclusions and      0 interactions(1-4)
 NBONDS: found      878 intra-atom interactions
 --------------- cycle=    20 --------------------------------------------------
 | Etotal =-5.392     grad(E)=0.168      E(VDW )=-3.809     E(ELEC)=-1.583     |
 -------------------------------------------------------------------------------
 NBONDS: generating intra-molecular exclusion list with mode= 5
 MAKINB: mode   5 found      0 exclusions and      0 interactions(1-4)
 NBONDS: found      503 intra-atom interactions
 --------------- cycle=    21 --------------------------------------------------
 | Etotal =-1.432     grad(E)=0.104      E(VDW )=-0.933     E(ELEC)=-0.499     |
 -------------------------------------------------------------------------------
 NBONDS: generating intra-molecular exclusion list with mode= 5
 MAKINB: mode   5 found      0 exclusions and      0 interactions(1-4)
 NBONDS: found      101 intra-atom interactions
 --------------- cycle=    22 --------------------------------------------------
 | Etotal =0.109      grad(E)=0.013      E(VDW )=-0.187     E(ELEC)=0.295      |
 -------------------------------------------------------------------------------
 NBONDS: generating intra-molecular exclusion list with mode= 5
 MAKINB: mode   5 found      0 exclusions and      0 interactions(1-4)
 NBONDS: found      551 intra-atom interactions
 --------------- cycle=    23 --------------------------------------------------
 | Etotal =-92.901    grad(E)=0.382      E(VDW )=2.543      E(ELEC)=-95.444    |
 -------------------------------------------------------------------------------
 NBONDS: generating intra-molecular exclusion list with mode= 5
 MAKINB: mode   5 found      0 exclusions and      0 interactions(1-4)
 NBONDS: found      846 intra-atom interactions
 --------------- cycle=    24 --------------------------------------------------
 | Etotal =-14.946    grad(E)=0.284      E(VDW )=0.679      E(ELEC)=-15.624    |
 -------------------------------------------------------------------------------
 NBONDS: generating intra-molecular exclusion list with mode= 5
 MAKINB: mode   5 found      0 exclusions and      0 interactions(1-4)
 NBONDS: found      443 intra-atom interactions
 --------------- cycle=    25 --------------------------------------------------
 | Etotal =-0.807     grad(E)=0.033      E(VDW )=-0.689     E(ELEC)=-0.118     |
 -------------------------------------------------------------------------------
 NBONDS: generating intra-molecular exclusion list with mode= 5
 MAKINB: mode   5 found      0 exclusions and      0 interactions(1-4)
 NBONDS: found     1276 intra-atom interactions
 --------------- cycle=    26 --------------------------------------------------
 | Etotal =2.480      grad(E)=0.067      E(VDW )=-3.617     E(ELEC)=6.097      |
 -------------------------------------------------------------------------------
 NBONDS: generating intra-molecular exclusion list with mode= 5
 MAKINB: mode   5 found      0 exclusions and      0 interactions(1-4)
 NBONDS: found     1393 intra-atom interactions
 --------------- cycle=    27 --------------------------------------------------
 | Etotal =-4.549     grad(E)=0.033      E(VDW )=-5.918     E(ELEC)=1.369      |
 -------------------------------------------------------------------------------
 NBONDS: generating intra-molecular exclusion list with mode= 5
 MAKINB: mode   5 found      0 exclusions and      0 interactions(1-4)
 NBONDS: found      674 intra-atom interactions
 --------------- cycle=    28 --------------------------------------------------
 | Etotal =-1.112     grad(E)=0.015      E(VDW )=-1.158     E(ELEC)=0.046      |
 -------------------------------------------------------------------------------
 NBONDS: generating intra-molecular exclusion list with mode= 5
 MAKINB: mode   5 found      0 exclusions and      0 interactions(1-4)
 NBONDS: found      853 intra-atom interactions
 --------------- cycle=    29 --------------------------------------------------
 | Etotal =-1.949     grad(E)=0.036      E(VDW )=-1.982     E(ELEC)=0.033      |
 -------------------------------------------------------------------------------
 NBONDS: generating intra-molecular exclusion list with mode= 5
 MAKINB: mode   5 found      0 exclusions and      0 interactions(1-4)
 NBONDS: found      377 intra-atom interactions
 --------------- cycle=    30 --------------------------------------------------
 | Etotal =-1.875     grad(E)=0.019      E(VDW )=-1.010     E(ELEC)=-0.865     |
 -------------------------------------------------------------------------------
 NBONDS: generating intra-molecular exclusion list with mode= 5
 MAKINB: mode   5 found      0 exclusions and      0 interactions(1-4)
 NBONDS: found      319 intra-atom interactions
 --------------- cycle=    31 --------------------------------------------------
 | Etotal =-0.112     grad(E)=0.021      E(VDW )=-0.631     E(ELEC)=0.518      |
 -------------------------------------------------------------------------------
 NBONDS: generating intra-molecular exclusion list with mode= 5
 MAKINB: mode   5 found      0 exclusions and      0 interactions(1-4)
 NBONDS: found     1948 intra-atom interactions
 --------------- cycle=    32 --------------------------------------------------
 | Etotal =-6.729     grad(E)=0.023      E(VDW )=-6.901     E(ELEC)=0.172      |
 -------------------------------------------------------------------------------
 NBONDS: generating intra-molecular exclusion list with mode= 5
 MAKINB: mode   5 found      0 exclusions and      0 interactions(1-4)
 NBONDS: found     1400 intra-atom interactions
 --------------- cycle=    33 --------------------------------------------------
 | Etotal =-13.444    grad(E)=0.121      E(VDW )=-4.832     E(ELEC)=-8.612     |
 -------------------------------------------------------------------------------
 NBONDS: generating intra-molecular exclusion list with mode= 5
 MAKINB: mode   5 found      0 exclusions and      0 interactions(1-4)
 NBONDS: found     1484 intra-atom interactions
 --------------- cycle=    34 --------------------------------------------------
 | Etotal =-4.788     grad(E)=0.047      E(VDW )=-5.944     E(ELEC)=1.155      |
 -------------------------------------------------------------------------------
 NBONDS: generating intra-molecular exclusion list with mode= 5
 MAKINB: mode   5 found      0 exclusions and      0 interactions(1-4)
 NBONDS: found      216 intra-atom interactions
 --------------- cycle=    35 --------------------------------------------------
 | Etotal =-5.932     grad(E)=0.047      E(VDW )=-0.381     E(ELEC)=-5.550     |
 -------------------------------------------------------------------------------
 NBONDS: generating intra-molecular exclusion list with mode= 5
 MAKINB: mode   5 found      0 exclusions and      0 interactions(1-4)
 NBONDS: found     1280 intra-atom interactions
 --------------- cycle=    36 --------------------------------------------------
 | Etotal =-27.150    grad(E)=0.291      E(VDW )=-1.109     E(ELEC)=-26.040    |
 -------------------------------------------------------------------------------
 NBONDS: generating intra-molecular exclusion list with mode= 5
 MAKINB: mode   5 found      0 exclusions and      0 interactions(1-4)
 NBONDS: found      448 intra-atom interactions
 --------------- cycle=    37 --------------------------------------------------
 | Etotal =-5.442     grad(E)=0.045      E(VDW )=-0.560     E(ELEC)=-4.882     |
 -------------------------------------------------------------------------------
 NBONDS: generating intra-molecular exclusion list with mode= 5
 MAKINB: mode   5 found      0 exclusions and      0 interactions(1-4)
 NBONDS: found      425 intra-atom interactions
 --------------- cycle=    38 --------------------------------------------------
 | Etotal =-19.479    grad(E)=0.123      E(VDW )=-1.182     E(ELEC)=-18.297    |
 -------------------------------------------------------------------------------
 NBONDS: generating intra-molecular exclusion list with mode= 5
 MAKINB: mode   5 found      0 exclusions and      0 interactions(1-4)
 NBONDS: found     1618 intra-atom interactions
 --------------- cycle=    39 --------------------------------------------------
 | Etotal =-8.386     grad(E)=0.080      E(VDW )=-4.091     E(ELEC)=-4.295     |
 -------------------------------------------------------------------------------
 NBONDS: generating intra-molecular exclusion list with mode= 5
 MAKINB: mode   5 found      0 exclusions and      0 interactions(1-4)
 NBONDS: found     1843 intra-atom interactions
 --------------- cycle=    40 --------------------------------------------------
 | Etotal =-16.573    grad(E)=0.212      E(VDW )=-4.373     E(ELEC)=-12.200    |
 -------------------------------------------------------------------------------
 NBONDS: generating intra-molecular exclusion list with mode= 5
 MAKINB: mode   5 found      0 exclusions and      0 interactions(1-4)
 NBONDS: found     1263 intra-atom interactions
 --------------- cycle=    41 --------------------------------------------------
 | Etotal =-6.470     grad(E)=0.138      E(VDW )=-6.069     E(ELEC)=-0.401     |
 -------------------------------------------------------------------------------
 NBONDS: generating intra-molecular exclusion list with mode= 5
 MAKINB: mode   5 found      0 exclusions and      0 interactions(1-4)
 NBONDS: found      672 intra-atom interactions
 --------------- cycle=    42 --------------------------------------------------
 | Etotal =-8.195     grad(E)=0.102      E(VDW )=-1.488     E(ELEC)=-6.707     |
 -------------------------------------------------------------------------------
 NBONDS: generating intra-molecular exclusion list with mode= 5
 MAKINB: mode   5 found      0 exclusions and      0 interactions(1-4)
 NBONDS: found      673 intra-atom interactions
 --------------- cycle=    43 --------------------------------------------------
 | Etotal =-3.222     grad(E)=0.042      E(VDW )=-1.205     E(ELEC)=-2.016     |
 -------------------------------------------------------------------------------
 NBONDS: generating intra-molecular exclusion list with mode= 5
 MAKINB: mode   5 found      0 exclusions and      0 interactions(1-4)
 NBONDS: found     1738 intra-atom interactions
 --------------- cycle=    44 --------------------------------------------------
 | Etotal =-6.330     grad(E)=0.064      E(VDW )=-6.166     E(ELEC)=-0.164     |
 -------------------------------------------------------------------------------
 HEAP: maximum use      =    22475760 current use      =       96000 bytes
 HEAP: maximum overhead =        2816 current overhead =         752 bytes
          ============================================================
           Maximum dynamic memory allocation:    22475760 bytes
           Maximum dynamic memory overhead:          2816 bytes
           Program started at: 17:52:25 on 08-May-2020
           Program stopped at: 17:52:47 on 08-May-2020
           CPU time used:      22.3750 seconds
          ============================================================
