          ============================================================
          |                                                          |
          |            Crystallography & NMR System (CNS)            |
          |                         CNSsolve                         |
          |                                                          |
          ============================================================
           Version: 1.3 at patch level U
           Status: Special UU release with Rg and paramagnetic
                   restraints (A. Bonvin, UU 2011)
          ============================================================
           Written by: A.T.Brunger, P.D.Adams, G.M.Clore, W.L.DeLano,
                       P.Gros, R.W.Grosse-Kunstleve,J.-S.Jiang,J.M.Krahn,
                       J.Kuszewski, M.Nilges, N.S.Pannu, R.J.Read,
                       L.M.Rice, G.F.Schroeder, T.Simonson, G.L.Warren.
           Copyright (c) 1997-2010 Yale University
          ============================================================
           Running on machine: hostname unknown (x86_64/Linux,64-bit)
           Program started by: joaor
           Program started at: 16:25:27 on 08-May-2020
          ============================================================

 FFT3C: Using FFTPACK4.1

 CNSsolve>! 
 CNSsolve>! Calculates pairwise energies between residues 
 CNSsolve>! Will only rebuild hydrogen atoms 
 CNSsolve>! 
 CNSsolve>! Adapted from HADDOCK protocols here and there. 
 CNSsolve>! JR & AMJJB @ 2020 
 CNSsolve>! 
 CNSsolve>define( 
 DEFINE>    {===>} auto_break=true; 
 DEFINE>    {===>} break_cutoff=2.5; 
 DEFINE>    {===>} dnaauto_break=true; 
 DEFINE>    {===>} dbreak_cutoff=4.5; 
 DEFINE>    {===>} auto_cispro=true; 
 DEFINE>    {===>} auto_disu=true; 
 DEFINE>    {===>} disulphide_dist=3.0; 
 DEFINE>    {===>} glyco_dist=2.75; 
 DEFINE>    {===>} coorin="molecule.pdb"; 
 DEFINE>    {===>} icutoff=5.0; 
 DEFINE>) 
 CNSsolve> 
 CNSsolve>! Mute (most) output 
 CNSsolve>set message=on echo=off end 
 ASSFIL: file merged.param opened.
 MESSage=NORM
 EVALUATE: symbol $OLD_MESSAGE set to "NORM" (string)
 ECHO=FALSe {OFF}
 EVALUATE: symbol $OLD_ECHO set to FALSE (logical)
 %PARRDR-info: duplication of bond HC   NC2 
 %PARRDR-info: duplication of angle CH2E C    NH1 
 %PARRDR-info: duplication of angle CH2P CH2E HA  
 ASSFIL: file merged.top opened.
 MESSage=NORM
 EVALUATE: symbol $OLD_MESSAGE set to "NORM" (string)
 ECHO=FALSe {OFF}
 EVALUATE: symbol $OLD_ECHO set to FALSE (logical)
 %RTFIO-warning: undefined masses in residue CYC 
 %RTFIO error encountered: there are undefined masses.
   (CNS is in mode: SET ABORT=NORMal END)
 MESSage=NORM
 EVALUATE: symbol $OLD_MESSAGE set to "NORM" (string)
 ECHO=FALSe {OFF}
 EVALUATE: symbol $OLD_ECHO set to FALSE (logical)
 ASSFIL: file protein_break.top opened.
 %RTFRDR-ERR: duplicate (P-)RESIdue name DPEP
 %RTFRDR-ERR: duplicate (P-)RESIdue name DPPP
 RTFRDR> 
 RTFRDR>end 
 CNSsolve> 
 CNSsolve>! Reset output muting 
 CNSsolve>set message=off echo=off end 
FOUND 3 NAG:ASN pairs
NAG:ASN bond added from   B    901  to   B    53  
NAG:ASN bond added from   B    910  to   B    546 
NAG:ASN bond added from   E    1401 to   E    343 
FOUND 4 NAG:NAG pairs
NAG:NAG B14 bond added from   B    902  to   B    901 
NAG:NAG B14 bond added from   B    911  to   B    910 
NAG:NAG B14 bond added from   E    1402 to   E    1401
NAG:NAG B14 bond added from   E    1403 to   E    1402
 %PARRDR-info: duplication of bond HC   NC2 
 %PARRDR-info: duplication of angle CH2E C    NH1 
 %PARRDR-info: duplication of angle CH2P CH2E HA  
 POWELL: number of degrees of freedom= 13665
 NBONDS: generating intra-molecular exclusion list with mode=-2
 MAKINB: mode  -2 found   4555 exclusions and      0 interactions(1-4)
 %atoms "B   -120 -LEU -HB1 " and "B   -120 -LEU -HG  " only  0.10 A apart
 %atoms "B   -233 -ILE -HA  " and "B   -233 -ILE -HG22" only  0.09 A apart
 %atoms "B   -316 -VAL -HG11" and "B   -316 -VAL -HG12" only  0.10 A apart
 %atoms "B   -336 -PRO -HG2 " and "B   -336 -PRO -HD1 " only  0.09 A apart
 %atoms "B   -392 -LEU -HD21" and "B   -392 -LEU -HD23" only  0.10 A apart
 %atoms "B   -413 -ALA -HA  " and "B   -413 -ALA -HB1 " only  0.10 A apart
 %atoms "B   -416 -GLU -HA  " and "B   -416 -GLU -HB2 " only  0.03 A apart
 %atoms "E   -512 -VAL -HB  " and "E   -512 -VAL -HG11" only  0.10 A apart
 NBONDS: found   678346 intra-atom interactions
 NBONDS: found        8 nonbonded violations
 %atoms "B   -278 -LEU -HA  " and "B   -281 -LEU -HD11" only  0.09 A apart
 %atoms "B   -291 -ILE -CG1 " and "B   -291 -ILE -HG23" only  0.08 A apart
 %atoms "E   -387 -LEU -HB2 " and "E   -387 -LEU -HG  " only  0.09 A apart
 NBONDS: found   679052 intra-atom interactions
 NBONDS: found        3 nonbonded violations
 %atoms "B   -186 -LEU -HB1 " and "B   -186 -LEU -HD23" only  0.04 A apart
 NBONDS: found   675696 intra-atom interactions
 NBONDS: found        1 nonbonded violations
 NBONDS: found   671868 intra-atom interactions
 --------------- cycle=    10 ------ stepsize=   -0.0000 -----------------------
 | Etotal =0.33E+07   grad(E)=577.435    E(BOND)=499352.486 E(ANGL)=0.15E+07   |
 | E(VDW )=0.12E+07                                                            |
 -------------------------------------------------------------------------------
 NBONDS: found   672075 intra-atom interactions
 NBONDS: found   672322 intra-atom interactions
 NBONDS: found   672244 intra-atom interactions
 NBONDS: found   672405 intra-atom interactions
 --------------- cycle=    20 ------ stepsize=    0.0000 -----------------------
 | Etotal =0.12E+07   grad(E)=306.327    E(BOND)=228372.175 E(ANGL)=498176.375 |
 | E(VDW )=506537.923                                                          |
 -------------------------------------------------------------------------------
 NBONDS: found   672649 intra-atom interactions
 NBONDS: found   672753 intra-atom interactions
 NBONDS: found   672724 intra-atom interactions
 --------------- cycle=    30 ------ stepsize=    0.0000 -----------------------
 | Etotal =982211.229 grad(E)=248.738    E(BOND)=188645.125 E(ANGL)=365189.739 |
 | E(VDW )=428376.365                                                          |
 -------------------------------------------------------------------------------
 NBONDS: found   672655 intra-atom interactions
 NBONDS: found   672723 intra-atom interactions
 NBONDS: found   672799 intra-atom interactions
 --------------- cycle=    40 ------ stepsize=    0.0000 -----------------------
 | Etotal =929215.859 grad(E)=238.659    E(BOND)=183122.279 E(ANGL)=335278.987 |
 | E(VDW )=410814.594                                                          |
 -------------------------------------------------------------------------------
 NBONDS: found   672856 intra-atom interactions
 NBONDS: found   672874 intra-atom interactions
 --------------- cycle=    50 ------ stepsize=    0.0000 -----------------------
 | Etotal =911925.365 grad(E)=235.416    E(BOND)=181757.503 E(ANGL)=325617.820 |
 | E(VDW )=404550.042                                                          |
 -------------------------------------------------------------------------------
 POWELL: STEP number limit. Normal termination
 POWELL: Current coordinates set to last minimum
 DCART: temperature coupling (TCOUpling) enabled
 -------------------------- Cartesian dynamics start ---------------------------
 | E(kin)+E(total)=0.35E+07        E(kin)=4150.019      temperature=305.654    |
 | Etotal =0.35E+07   grad(E)=584.035    E(BOND)=181757.503 E(ANGL)=325617.820 |
 | E(IMPR)=0.30E+07                                                            |
 -------------------------------------------------------------------------------
 ----------------- final step=       50 at      0.02500 ps ---------------------
 | E(kin)+E(total)=0.23E+07        E(kin)=443679.387    temperature=32677.589  |
 | Etotal =0.18E+07   grad(E)=331.210    E(BOND)=203150.037 E(ANGL)=841454.919 |
 | E(IMPR)=803807.964                                                          |
 -------------------------------------------------------------------------------
 CENMAS: Information about center of free masses
         position [A]          :     -0.73749     -0.05080     -0.25041
         velocity [A/ps]       :      0.58861     -0.14873      0.04492
         ang. mom. [amu A/ps]  :-335980.83641-301769.06023 259455.48009
         kin. ener. [Kcal/mol] :     40.34560
 POWELL: number of degrees of freedom= 13665
 NBONDS: found   670700 intra-atom interactions
 NBONDS: found   669822 intra-atom interactions
 NBONDS: found   669551 intra-atom interactions
 NBONDS: found   670776 intra-atom interactions
 --------------- cycle=    10 ------ stepsize=   -0.0001 -----------------------
 | Etotal =0.19E+07   grad(E)=276.950    E(BOND)=241937.394 E(ANGL)=466867.547 |
 | E(IMPR)=708522.732 E(VDW )=486347.865                                       |
 -------------------------------------------------------------------------------
 NBONDS: found   671158 intra-atom interactions
 NBONDS: found   671618 intra-atom interactions
 NBONDS: found   671597 intra-atom interactions
 NBONDS: found   671335 intra-atom interactions
 --------------- cycle=    20 ------ stepsize=   -0.0001 -----------------------
 | Etotal =0.13E+07   grad(E)=159.739    E(BOND)=184359.176 E(ANGL)=179314.418 |
 | E(IMPR)=585231.995 E(VDW )=352773.473                                       |
 -------------------------------------------------------------------------------
 NBONDS: found   671482 intra-atom interactions
 NBONDS: found   671498 intra-atom interactions
 NBONDS: found   671538 intra-atom interactions
 NBONDS: found   671543 intra-atom interactions
 NBONDS: found   671560 intra-atom interactions
 --------------- cycle=    30 ------ stepsize=    0.0001 -----------------------
 | Etotal =0.12E+07   grad(E)=122.546    E(BOND)=168555.581 E(ANGL)=144944.604 |
 | E(IMPR)=567644.794 E(VDW )=329444.991                                       |
 -------------------------------------------------------------------------------
 NBONDS: found   671625 intra-atom interactions
 NBONDS: found   671633 intra-atom interactions
 --------------- cycle=    40 ------ stepsize=    0.0001 -----------------------
 | Etotal =0.12E+07   grad(E)=117.846    E(BOND)=164958.389 E(ANGL)=134580.170 |
 | E(IMPR)=552341.322 E(VDW )=323068.096                                       |
 -------------------------------------------------------------------------------
 NBONDS: found   671617 intra-atom interactions
 NBONDS: found   671646 intra-atom interactions
 NBONDS: found   671677 intra-atom interactions
 --------------- cycle=    50 ------ stepsize=    0.0002 -----------------------
 | Etotal =0.12E+07   grad(E)=116.430    E(BOND)=164905.876 E(ANGL)=132761.977 |
 | E(IMPR)=540650.966 E(VDW )=321811.408                                       |
 -------------------------------------------------------------------------------
 POWELL: STEP number limit. Normal termination
 POWELL: Current coordinates set to last minimum
 DCART: temperature coupling (TCOUpling) enabled
 -------------------------- Cartesian dynamics start ---------------------------
 | E(kin)+E(total)=0.12E+07        E(kin)=4075.320      temperature=300.153    |
 | Etotal =0.12E+07   grad(E)=116.430    E(BOND)=164905.876 E(ANGL)=132761.977 |
 | E(IMPR)=540650.966 E(VDW )=321811.408                                       |
 -------------------------------------------------------------------------------
 NBONDS: found   671716 intra-atom interactions
 NBONDS: found   671739 intra-atom interactions
 ----------------- final step=       50 at      0.02500 ps ---------------------
 | E(kin)+E(total)=0.12E+07        E(kin)=7131.362      temperature=525.234    |
 | Etotal =0.12E+07   grad(E)=121.938    E(BOND)=167442.186 E(ANGL)=132043.559 |
 | E(IMPR)=533418.219 E(VDW )=320024.737                                       |
 -------------------------------------------------------------------------------
 CENMAS: Information about center of free masses
         position [A]          :     -0.73435     -0.06414     -0.23482
         velocity [A/ps]       :     -0.08165      0.00577      0.02021
         ang. mom. [amu A/ps]  : -82200.65492  80024.56676 -84689.81873
         kin. ener. [Kcal/mol] :      0.77383
 %PARRDR-info: duplication of bond HC   NC2 
 %PARRDR-info: duplication of angle CH2E C    NH1 
 %PARRDR-info: duplication of angle CH2P CH2E HA  
 POWELL: number of degrees of freedom= 13665
 NBONDS: generating intra-molecular exclusion list with mode=-3
 MAKINB: mode  -3 found  15552 exclusions and      0 interactions(1-4)
 NBONDS: found   660712 intra-atom interactions
 NBONDS: found   662523 intra-atom interactions
 NBONDS: found   662357 intra-atom interactions
 NBONDS: found   662475 intra-atom interactions
 NBONDS: found   662740 intra-atom interactions
 NBONDS: found   662878 intra-atom interactions
 NBONDS: found   663245 intra-atom interactions
 NBONDS: found   663296 intra-atom interactions
 --------------- cycle=    25 ------ stepsize=    0.0003 -----------------------
 | Etotal =223465.153 grad(E)=93.460     E(BOND)=9240.059   E(ANGL)=112162.029 |
 | E(IMPR)=100459.826 E(VDW )=1603.239                                         |
 -------------------------------------------------------------------------------
 NBONDS: found   662995 intra-atom interactions
 NBONDS: found   662964 intra-atom interactions
 NBONDS: found   663005 intra-atom interactions
 NBONDS: found   662950 intra-atom interactions
 NBONDS: found   662888 intra-atom interactions
 NBONDS: found   662845 intra-atom interactions
 --------------- cycle=    50 ------ stepsize=    0.0006 -----------------------
 | Etotal =42649.509  grad(E)=29.159     E(BOND)=1559.296   E(ANGL)=19958.047  |
 | E(IMPR)=20356.537  E(VDW )=775.628                                          |
 -------------------------------------------------------------------------------
 NBONDS: found   662897 intra-atom interactions
 NBONDS: found   662936 intra-atom interactions
 NBONDS: found   662855 intra-atom interactions
 NBONDS: found   662867 intra-atom interactions
 --------------- cycle=    75 ------ stepsize=   -0.0001 -----------------------
 | Etotal =13459.895  grad(E)=16.140     E(BOND)=489.622    E(ANGL)=5148.987   |
 | E(IMPR)=7200.654   E(VDW )=620.631                                          |
 -------------------------------------------------------------------------------
 NBONDS: found   662891 intra-atom interactions
 NBONDS: found   662890 intra-atom interactions
 NBONDS: found   662896 intra-atom interactions
 NBONDS: found   662890 intra-atom interactions
 --------------- cycle=   100 ------ stepsize=    0.0064 -----------------------
 | Etotal =18759.154  grad(E)=50.419     E(BOND)=8232.264   E(ANGL)=7566.715   |
 | E(IMPR)=2269.574   E(VDW )=690.601                                          |
 -------------------------------------------------------------------------------
 POWELL: STEP number limit. Normal termination
 POWELL: Current coordinates set to last minimum
 DCART: temperature coupling (TCOUpling) enabled
 NBONDS: found   662900 intra-atom interactions
 -------------------------- Cartesian dynamics start ---------------------------
 | E(kin)+E(total)=11430.267       E(kin)=4010.926      temperature=295.410    |
 | Etotal =7419.340   grad(E)=12.605     E(BOND)=299.846    E(ANGL)=2971.903   |
 | E(IMPR)=3547.884   E(VDW )=599.708                                          |
 -------------------------------------------------------------------------------
 NBONDS: found   662888 intra-atom interactions
 NBONDS: found   662947 intra-atom interactions
 NBONDS: found   662891 intra-atom interactions
 NBONDS: found   662951 intra-atom interactions
 NBONDS: found   662830 intra-atom interactions
 NBONDS: found   662718 intra-atom interactions
 NBONDS: found   662754 intra-atom interactions
 NBONDS: found   662862 intra-atom interactions
 NBONDS: found   662859 intra-atom interactions
 NBONDS: found   662745 intra-atom interactions
 NBONDS: found   662748 intra-atom interactions
 NBONDS: found   662778 intra-atom interactions
 NBONDS: found   662865 intra-atom interactions
 NBONDS: found   662816 intra-atom interactions
 NBONDS: found   662776 intra-atom interactions
 NBONDS: found   662804 intra-atom interactions
 NBONDS: found   662724 intra-atom interactions
 NBONDS: found   662715 intra-atom interactions
 NBONDS: found   662724 intra-atom interactions
 NBONDS: found   662804 intra-atom interactions
 NBONDS: found   662823 intra-atom interactions
 NBONDS: found   662831 intra-atom interactions
 NBONDS: found   662860 intra-atom interactions
 NBONDS: found   662797 intra-atom interactions
 NBONDS: found   662877 intra-atom interactions
 NBONDS: found   662794 intra-atom interactions
 NBONDS: found   662932 intra-atom interactions
 NBONDS: found   662846 intra-atom interactions
 NBONDS: found   662798 intra-atom interactions
 NBONDS: found   662713 intra-atom interactions
 NBONDS: found   662853 intra-atom interactions
 NBONDS: found   662821 intra-atom interactions
 NBONDS: found   662753 intra-atom interactions
 ----------------- final step=      500 at      0.25000 ps ---------------------
 | E(kin)+E(total)=9663.443        E(kin)=4019.560      temperature=296.046    |
 | Etotal =5643.882   grad(E)=30.788     E(BOND)=1303.767   E(ANGL)=3433.533   |
 | E(IMPR)=304.693    E(VDW )=601.890                                          |
 -------------------------------------------------------------------------------
 CENMAS: Information about center of free masses
         position [A]          :     -0.73148     -0.06487     -0.23598
         velocity [A/ps]       :     -0.01841     -0.09976      0.11072
         ang. mom. [amu A/ps]  :   9335.54367 -68495.44733-221424.25892
         kin. ener. [Kcal/mol] :      2.45504
 EFLAGS: the following energy flags are set
 EFLAGS: BOND ANGL DIHE IMPR VDW 
 %PARRDR-info: duplication of bond HC   NC2 
 %PARRDR-info: duplication of angle CH2E C    NH1 
 %PARRDR-info: duplication of angle CH2P CH2E HA  
 POWELL: number of degrees of freedom= 13665
 NBONDS: generating intra-molecular exclusion list with mode=-3
 MAKINB: mode  -3 found  15552 exclusions and      0 interactions(1-4)
 NBONDS: found   662753 intra-atom interactions
 NBONDS: found   662742 intra-atom interactions
 --------------- cycle=    50 ------ stepsize=    0.0010 -----------------------
 | Etotal =14006.321  grad(E)=15.767     E(BOND)=233.907    E(ANGL)=1860.295   |
 | E(DIHE)=191.945    E(IMPR)=102.154    E(VDW )=11618.021                     |
 -------------------------------------------------------------------------------
 NBONDS: found   662692 intra-atom interactions
 --------------- cycle=   100 ------ stepsize=    0.0009 -----------------------
 | Etotal =13789.153  grad(E)=15.581     E(BOND)=229.686    E(ANGL)=1837.959   |
 | E(DIHE)=172.059    E(IMPR)=102.523    E(VDW )=11446.926                     |
 -------------------------------------------------------------------------------
 --------------- cycle=   150 ------ stepsize=    0.0008 -----------------------
 | Etotal =13755.335  grad(E)=15.622     E(BOND)=230.605    E(ANGL)=1841.058   |
 | E(DIHE)=162.716    E(IMPR)=103.156    E(VDW )=11417.801                     |
 -------------------------------------------------------------------------------
 NBONDS: found   662636 intra-atom interactions
 --------------- cycle=   200 ------ stepsize=    0.0011 -----------------------
 | Etotal =13724.054  grad(E)=15.630     E(BOND)=230.321    E(ANGL)=1839.155   |
 | E(DIHE)=156.189    E(IMPR)=102.161    E(VDW )=11396.228                     |
 -------------------------------------------------------------------------------
 --------------- cycle=   250 ------ stepsize=    0.0009 -----------------------
 | Etotal =13720.550  grad(E)=15.615     E(BOND)=230.000    E(ANGL)=1838.440   |
 | E(DIHE)=155.226    E(IMPR)=102.291    E(VDW )=11394.592                     |
 -------------------------------------------------------------------------------
 --------------- cycle=   300 ------ stepsize=    0.0008 -----------------------
 | Etotal =13717.331  grad(E)=15.609     E(BOND)=229.979    E(ANGL)=1837.924   |
 | E(DIHE)=155.645    E(IMPR)=102.264    E(VDW )=11391.520                     |
 -------------------------------------------------------------------------------
 --------------- cycle=   350 ------ stepsize=    0.0011 -----------------------
 | Etotal =13716.616  grad(E)=15.609     E(BOND)=230.018    E(ANGL)=1837.084   |
 | E(DIHE)=156.525    E(IMPR)=102.054    E(VDW )=11390.936                     |
 -------------------------------------------------------------------------------
 --------------- cycle=   400 ------ stepsize=    0.0008 -----------------------
 | Etotal =13716.407  grad(E)=15.608     E(BOND)=229.931    E(ANGL)=1837.124   |
 | E(DIHE)=156.730    E(IMPR)=102.220    E(VDW )=11390.401                     |
 -------------------------------------------------------------------------------
 --------------- cycle=   450 ------ stepsize=    0.0009 -----------------------
 | Etotal =13716.393  grad(E)=15.608     E(BOND)=229.939    E(ANGL)=1837.124   |
 | E(DIHE)=156.567    E(IMPR)=102.262    E(VDW )=11390.501                     |
 -------------------------------------------------------------------------------
 --------------- cycle=   500 ------ stepsize=    0.0013 -----------------------
 | Etotal =13716.393  grad(E)=15.608     E(BOND)=229.941    E(ANGL)=1837.119   |
 | E(DIHE)=156.562    E(IMPR)=102.262    E(VDW )=11390.509                     |
 -------------------------------------------------------------------------------
 POWELL: STEP number limit. Normal termination
 POWELL: Current coordinates set to last minimum
 DCART: temperature coupling (TCOUpling) enabled
 -------------------------- Cartesian dynamics start ---------------------------
 | E(kin)+E(total)=17826.070       E(kin)=4109.677      temperature=302.683    |
 | Etotal =13716.393  grad(E)=15.608     E(BOND)=229.941    E(ANGL)=1837.119   |
 | E(DIHE)=156.562    E(IMPR)=102.262    E(VDW )=11390.509                     |
 -------------------------------------------------------------------------------
 NBONDS: found   662695 intra-atom interactions
 NBONDS: found   662666 intra-atom interactions
 NBONDS: found   662696 intra-atom interactions
 NBONDS: found   662772 intra-atom interactions
 NBONDS: found   662684 intra-atom interactions
 NBONDS: found   662797 intra-atom interactions
 NBONDS: found   662660 intra-atom interactions
 ----------------- final step=      500 at      0.25000 ps ---------------------
 | E(kin)+E(total)=21906.181       E(kin)=4262.517      temperature=313.940    |
 | Etotal =17643.664  grad(E)=32.738     E(BOND)=1308.889   E(ANGL)=4003.352   |
 | E(DIHE)=173.888    E(IMPR)=430.132    E(VDW )=11727.404                     |
 -------------------------------------------------------------------------------
 CENMAS: Information about center of free masses
         position [A]          :     -0.73200     -0.06538     -0.23570
         velocity [A/ps]       :      0.26767     -0.14033     -0.24348
         ang. mom. [amu A/ps]  :  34950.65231 -69875.46770  12181.33192
         kin. ener. [Kcal/mol] :      0.82643
 POWELL: number of degrees of freedom= 13665
 --------------- cycle=    50 ------ stepsize=    0.0008 -----------------------
 | Etotal =13730.889  grad(E)=15.606     E(BOND)=230.012    E(ANGL)=1838.818   |
 | E(DIHE)=158.302    E(IMPR)=102.033    E(VDW )=11401.725                     |
 -------------------------------------------------------------------------------
 --------------- cycle=   100 ------ stepsize=    0.0010 -----------------------
 | Etotal =13720.218  grad(E)=15.605     E(BOND)=229.694    E(ANGL)=1836.355   |
 | E(DIHE)=158.904    E(IMPR)=103.092    E(VDW )=11392.172                     |
 -------------------------------------------------------------------------------
 --------------- cycle=   150 ------ stepsize=    0.0009 -----------------------
 | Etotal =13717.015  grad(E)=15.610     E(BOND)=229.895    E(ANGL)=1837.084   |
 | E(DIHE)=159.350    E(IMPR)=102.492    E(VDW )=11388.194                     |
 -------------------------------------------------------------------------------
 --------------- cycle=   200 ------ stepsize=    0.0011 -----------------------
 | Etotal =13716.833  grad(E)=15.607     E(BOND)=229.864    E(ANGL)=1836.950   |
 | E(DIHE)=159.041    E(IMPR)=102.253    E(VDW )=11388.723                     |
 -------------------------------------------------------------------------------
 NBONDS: found   662640 intra-atom interactions
 --------------- cycle=   250 ------ stepsize=    0.0001 -----------------------
 | Etotal =13716.078  grad(E)=15.610     E(BOND)=229.882    E(ANGL)=1836.705   |
 | E(DIHE)=157.759    E(IMPR)=102.385    E(VDW )=11389.346                     |
 -------------------------------------------------------------------------------
 --------------- cycle=   300 ------ stepsize=    0.0003 -----------------------
 | Etotal =13715.883  grad(E)=15.606     E(BOND)=229.816    E(ANGL)=1836.809   |
 | E(DIHE)=157.457    E(IMPR)=102.241    E(VDW )=11389.560                     |
 -------------------------------------------------------------------------------
 --------------- cycle=   350 ------ stepsize=    0.0003 -----------------------
 | Etotal =13715.820  grad(E)=15.606     E(BOND)=229.835    E(ANGL)=1836.652   |
 | E(DIHE)=156.901    E(IMPR)=102.312    E(VDW )=11390.120                     |
 -------------------------------------------------------------------------------
 --------------- cycle=   400 ------ stepsize=   -0.0001 -----------------------
 | Etotal =13715.809  grad(E)=15.607     E(BOND)=229.852    E(ANGL)=1836.740   |
 | E(DIHE)=156.880    E(IMPR)=102.286    E(VDW )=11390.051                     |
 -------------------------------------------------------------------------------
 --------------- cycle=   450 ------ stepsize=    0.0007 -----------------------
 | Etotal =13715.803  grad(E)=15.607     E(BOND)=229.851    E(ANGL)=1836.757   |
 | E(DIHE)=156.945    E(IMPR)=102.282    E(VDW )=11389.968                     |
 -------------------------------------------------------------------------------
 --------------- cycle=   500 ------ stepsize=    0.0003 -----------------------
 | Etotal =13715.784  grad(E)=15.607     E(BOND)=229.846    E(ANGL)=1836.851   |
 | E(DIHE)=156.834    E(IMPR)=102.292    E(VDW )=11389.961                     |
 -------------------------------------------------------------------------------
 POWELL: STEP number limit. Normal termination
 POWELL: Current coordinates set to last minimum
 POWELL: number of degrees of freedom= 18003
 NBONDS: found   662530 intra-atom interactions
 --------------- cycle=     5 ------ stepsize=    0.0006 -----------------------
 | Etotal =13589.296  grad(E)=15.601     E(BOND)=229.697    E(ANGL)=1837.235   |
 | E(DIHE)=156.859    E(IMPR)=103.360    E(VDW )=11262.144                     |
 -------------------------------------------------------------------------------
 --------------- cycle=    10 ------ stepsize=    0.0009 -----------------------
 | Etotal =13587.859  grad(E)=15.622     E(BOND)=229.936    E(ANGL)=1838.732   |
 | E(DIHE)=156.851    E(IMPR)=102.646    E(VDW )=11259.694                     |
 -------------------------------------------------------------------------------
 --------------- cycle=    15 ------ stepsize=    0.0008 -----------------------
 | Etotal =13587.306  grad(E)=15.616     E(BOND)=229.798    E(ANGL)=1838.480   |
 | E(DIHE)=156.818    E(IMPR)=102.562    E(VDW )=11259.648                     |
 -------------------------------------------------------------------------------
 --------------- cycle=    20 ------ stepsize=    0.0009 -----------------------
 | Etotal =13586.689  grad(E)=15.627     E(BOND)=230.218    E(ANGL)=1838.431   |
 | E(DIHE)=156.756    E(IMPR)=102.392    E(VDW )=11258.893                     |
 -------------------------------------------------------------------------------
 --------------- cycle=    25 ------ stepsize=    0.0004 -----------------------
 | Etotal =13586.524  grad(E)=15.624     E(BOND)=230.029    E(ANGL)=1838.893   |
 | E(DIHE)=156.706    E(IMPR)=102.401    E(VDW )=11258.494                     |
 -------------------------------------------------------------------------------
 --------------- cycle=    30 ------ stepsize=    0.0012 -----------------------
 | Etotal =13586.071  grad(E)=15.624     E(BOND)=230.052    E(ANGL)=1838.599   |
 | E(DIHE)=156.499    E(IMPR)=102.620    E(VDW )=11258.301                     |
 -------------------------------------------------------------------------------
 --------------- cycle=    35 ------ stepsize=   -0.0001 -----------------------
 | Etotal =13585.970  grad(E)=15.622     E(BOND)=230.023    E(ANGL)=1838.658   |
 | E(DIHE)=156.464    E(IMPR)=102.637    E(VDW )=11258.188                     |
 -------------------------------------------------------------------------------
 --------------- cycle=    40 ------ stepsize=    0.0008 -----------------------
 | Etotal =13585.886  grad(E)=15.620     E(BOND)=229.978    E(ANGL)=1838.617   |
 | E(DIHE)=156.436    E(IMPR)=102.606    E(VDW )=11258.250                     |
 -------------------------------------------------------------------------------
 --------------- cycle=    45 ------ stepsize=   -0.0002 -----------------------
 | Etotal =13585.835  grad(E)=15.623     E(BOND)=230.003    E(ANGL)=1838.688   |
 | E(DIHE)=156.409    E(IMPR)=102.527    E(VDW )=11258.207                     |
 -------------------------------------------------------------------------------
 --------------- cycle=    50 ------ stepsize=    0.0012 -----------------------
 | Etotal =13585.797  grad(E)=15.621     E(BOND)=229.978    E(ANGL)=1838.698   |
 | E(DIHE)=156.389    E(IMPR)=102.566    E(VDW )=11258.166                     |
 -------------------------------------------------------------------------------
 POWELL: STEP number limit. Normal termination
 POWELL: Current coordinates set to last minimum
 %PARRDR-info: duplication of bond HC   NC2 
 %PARRDR-info: duplication of angle CH2E C    NH1 
 %PARRDR-info: duplication of angle CH2P CH2E HA  
 POWELL: number of degrees of freedom= 18003
 NBONDS: generating intra-molecular exclusion list with mode= 5
 MAKINB: mode   5 found  17514 exclusions and  17674 interactions(1-4)
 NBONDS: found   876807 intra-atom interactions
 NBONDS: found   876960 intra-atom interactions
 NBONDS: found   876922 intra-atom interactions
 --------------- cycle=    50 ------ stepsize=    0.0009 -----------------------
 | Etotal =701.979    grad(E)=9.832      E(BOND)=14.398     E(ANGL)=1108.017   |
 | E(DIHE)=65.260     E(IMPR)=42.032     E(VDW )=-528.847   E(ELEC)=1.119      |
 -------------------------------------------------------------------------------
 POWELL: STEP number limit. Normal termination
 POWELL: Current coordinates set to last minimum
 --------------- cycle=     1 --------------------------------------------------
 | Etotal =701.979    grad(E)=9.832      E(BOND)=14.398     E(ANGL)=1108.017   |
 | E(DIHE)=65.260     E(IMPR)=42.032     E(VDW )=-528.847   E(ELEC)=1.119      |
 -------------------------------------------------------------------------------
 SURFAC: half the sigma value being used for atomic radii.
 SURFAC: ACCEssible surface area
 SURFAC: ACCUracy= 0.07 RH2O=  1.40
         Z-grid=  0.32 number-of-Z-sections=  219
         measures-of-arc= 91333 and148773
 SURFAC: half the sigma value being used for atomic radii.
 SURFAC: ACCEssible surface area
 SURFAC: ACCUracy= 0.07 RH2O=  1.40
         Z-grid=  0.32 number-of-Z-sections=  136
         measures-of-arc= 25738 and 46174
 SURFAC: half the sigma value being used for atomic radii.
 SURFAC: ACCEssible surface area
 SURFAC: ACCUracy= 0.07 RH2O=  1.40
         Z-grid=  0.32 number-of-Z-sections=  219
         measures-of-arc=118747 and195285
 %PARRDR-info: duplication of bond HC   NC2 
 %PARRDR-info: duplication of angle CH2E C    NH1 
 %PARRDR-info: duplication of angle CH2P CH2E HA  
 NBONDS: generating intra-molecular exclusion list with mode= 5
 MAKINB: mode   5 found      0 exclusions and      0 interactions(1-4)
 NBONDS: found      678 intra-atom interactions
 --------------- cycle=     2 --------------------------------------------------
 | Etotal =0.163      grad(E)=0.020      E(VDW )=-1.030     E(ELEC)=1.193      |
 -------------------------------------------------------------------------------
 NBONDS: generating intra-molecular exclusion list with mode= 5
 MAKINB: mode   5 found      0 exclusions and      0 interactions(1-4)
 NBONDS: found     1802 intra-atom interactions
 --------------- cycle=     3 --------------------------------------------------
 | Etotal =-8.261     grad(E)=0.048      E(VDW )=-6.220     E(ELEC)=-2.042     |
 -------------------------------------------------------------------------------
 NBONDS: generating intra-molecular exclusion list with mode= 5
 MAKINB: mode   5 found      0 exclusions and      0 interactions(1-4)
 NBONDS: found     1258 intra-atom interactions
 --------------- cycle=     4 --------------------------------------------------
 | Etotal =-4.546     grad(E)=0.025      E(VDW )=-3.457     E(ELEC)=-1.090     |
 -------------------------------------------------------------------------------
 NBONDS: generating intra-molecular exclusion list with mode= 5
 MAKINB: mode   5 found      0 exclusions and      0 interactions(1-4)
 NBONDS: found     1260 intra-atom interactions
 --------------- cycle=     5 --------------------------------------------------
 | Etotal =-23.528    grad(E)=0.209      E(VDW )=-3.520     E(ELEC)=-20.008    |
 -------------------------------------------------------------------------------
 NBONDS: generating intra-molecular exclusion list with mode= 5
 MAKINB: mode   5 found      0 exclusions and      0 interactions(1-4)
 NBONDS: found     1953 intra-atom interactions
 --------------- cycle=     6 --------------------------------------------------
 | Etotal =-4.829     grad(E)=0.146      E(VDW )=-5.398     E(ELEC)=0.569      |
 -------------------------------------------------------------------------------
 NBONDS: generating intra-molecular exclusion list with mode= 5
 MAKINB: mode   5 found      0 exclusions and      0 interactions(1-4)
 NBONDS: found     1953 intra-atom interactions
 --------------- cycle=     7 --------------------------------------------------
 | Etotal =-12.885    grad(E)=0.155      E(VDW )=-4.889     E(ELEC)=-7.996     |
 -------------------------------------------------------------------------------
 NBONDS: generating intra-molecular exclusion list with mode= 5
 MAKINB: mode   5 found      0 exclusions and      0 interactions(1-4)
 NBONDS: found      744 intra-atom interactions
 --------------- cycle=     8 --------------------------------------------------
 | Etotal =-18.043    grad(E)=0.145      E(VDW )=-1.490     E(ELEC)=-16.553    |
 -------------------------------------------------------------------------------
 NBONDS: generating intra-molecular exclusion list with mode= 5
 MAKINB: mode   5 found      0 exclusions and      0 interactions(1-4)
 NBONDS: found      631 intra-atom interactions
 --------------- cycle=     9 --------------------------------------------------
 | Etotal =-11.141    grad(E)=0.148      E(VDW )=-1.361     E(ELEC)=-9.780     |
 -------------------------------------------------------------------------------
 NBONDS: generating intra-molecular exclusion list with mode= 5
 MAKINB: mode   5 found      0 exclusions and      0 interactions(1-4)
 NBONDS: found      529 intra-atom interactions
 --------------- cycle=    10 --------------------------------------------------
 | Etotal =-2.279     grad(E)=0.028      E(VDW )=-0.512     E(ELEC)=-1.767     |
 -------------------------------------------------------------------------------
 NBONDS: generating intra-molecular exclusion list with mode= 5
 MAKINB: mode   5 found      0 exclusions and      0 interactions(1-4)
 NBONDS: found     1507 intra-atom interactions
 --------------- cycle=    11 --------------------------------------------------
 | Etotal =-13.740    grad(E)=0.159      E(VDW )=-4.262     E(ELEC)=-9.478     |
 -------------------------------------------------------------------------------
 NBONDS: generating intra-molecular exclusion list with mode= 5
 MAKINB: mode   5 found      0 exclusions and      0 interactions(1-4)
 NBONDS: found      370 intra-atom interactions
 --------------- cycle=    12 --------------------------------------------------
 | Etotal =-3.765     grad(E)=0.082      E(VDW )=-0.450     E(ELEC)=-3.315     |
 -------------------------------------------------------------------------------
 NBONDS: generating intra-molecular exclusion list with mode= 5
 MAKINB: mode   5 found      0 exclusions and      0 interactions(1-4)
 NBONDS: found      844 intra-atom interactions
 --------------- cycle=    13 --------------------------------------------------
 | Etotal =-1.263     grad(E)=0.011      E(VDW )=-1.356     E(ELEC)=0.093      |
 -------------------------------------------------------------------------------
 NBONDS: generating intra-molecular exclusion list with mode= 5
 MAKINB: mode   5 found      0 exclusions and      0 interactions(1-4)
 NBONDS: found      480 intra-atom interactions
 --------------- cycle=    14 --------------------------------------------------
 | Etotal =-3.493     grad(E)=0.047      E(VDW )=-0.763     E(ELEC)=-2.731     |
 -------------------------------------------------------------------------------
 NBONDS: generating intra-molecular exclusion list with mode= 5
 MAKINB: mode   5 found      0 exclusions and      0 interactions(1-4)
 NBONDS: found     1520 intra-atom interactions
 --------------- cycle=    15 --------------------------------------------------
 | Etotal =-22.088    grad(E)=0.220      E(VDW )=-7.156     E(ELEC)=-14.933    |
 -------------------------------------------------------------------------------
 NBONDS: generating intra-molecular exclusion list with mode= 5
 MAKINB: mode   5 found      0 exclusions and      0 interactions(1-4)
 NBONDS: found      925 intra-atom interactions
 --------------- cycle=    16 --------------------------------------------------
 | Etotal =-6.942     grad(E)=0.130      E(VDW )=-1.863     E(ELEC)=-5.079     |
 -------------------------------------------------------------------------------
 NBONDS: generating intra-molecular exclusion list with mode= 5
 MAKINB: mode   5 found      0 exclusions and      0 interactions(1-4)
 NBONDS: found      499 intra-atom interactions
 --------------- cycle=    17 --------------------------------------------------
 | Etotal =-3.009     grad(E)=0.042      E(VDW )=-0.819     E(ELEC)=-2.190     |
 -------------------------------------------------------------------------------
 NBONDS: generating intra-molecular exclusion list with mode= 5
 MAKINB: mode   5 found      0 exclusions and      0 interactions(1-4)
 NBONDS: found      330 intra-atom interactions
 --------------- cycle=    18 --------------------------------------------------
 | Etotal =-0.666     grad(E)=0.017      E(VDW )=-1.135     E(ELEC)=0.469      |
 -------------------------------------------------------------------------------
 NBONDS: generating intra-molecular exclusion list with mode= 5
 MAKINB: mode   5 found      0 exclusions and      0 interactions(1-4)
 NBONDS: found      265 intra-atom interactions
 --------------- cycle=    19 --------------------------------------------------
 | Etotal =1.481      grad(E)=0.031      E(VDW )=-0.517     E(ELEC)=1.998      |
 -------------------------------------------------------------------------------
 NBONDS: generating intra-molecular exclusion list with mode= 5
 MAKINB: mode   5 found      0 exclusions and      0 interactions(1-4)
 NBONDS: found     1612 intra-atom interactions
 --------------- cycle=    20 --------------------------------------------------
 | Etotal =-21.256    grad(E)=0.142      E(VDW )=-7.620     E(ELEC)=-13.636    |
 -------------------------------------------------------------------------------
 NBONDS: generating intra-molecular exclusion list with mode= 5
 MAKINB: mode   5 found      0 exclusions and      0 interactions(1-4)
 NBONDS: found     1466 intra-atom interactions
 --------------- cycle=    21 --------------------------------------------------
 | Etotal =-1.080     grad(E)=0.060      E(VDW )=-3.919     E(ELEC)=2.839      |
 -------------------------------------------------------------------------------
 NBONDS: generating intra-molecular exclusion list with mode= 5
 MAKINB: mode   5 found      0 exclusions and      0 interactions(1-4)
 NBONDS: found      768 intra-atom interactions
 --------------- cycle=    22 --------------------------------------------------
 | Etotal =4.479      grad(E)=0.183      E(VDW )=-3.802     E(ELEC)=8.281      |
 -------------------------------------------------------------------------------
 NBONDS: generating intra-molecular exclusion list with mode= 5
 MAKINB: mode   5 found      0 exclusions and      0 interactions(1-4)
 NBONDS: found      534 intra-atom interactions
 --------------- cycle=    23 --------------------------------------------------
 | Etotal =-4.767     grad(E)=0.109      E(VDW )=-1.432     E(ELEC)=-3.336     |
 -------------------------------------------------------------------------------
 NBONDS: generating intra-molecular exclusion list with mode= 5
 MAKINB: mode   5 found      0 exclusions and      0 interactions(1-4)
 NBONDS: found      525 intra-atom interactions
 --------------- cycle=    24 --------------------------------------------------
 | Etotal =-0.004     grad(E)=0.115      E(VDW )=-0.451     E(ELEC)=0.447      |
 -------------------------------------------------------------------------------
 NBONDS: generating intra-molecular exclusion list with mode= 5
 MAKINB: mode   5 found      0 exclusions and      0 interactions(1-4)
 NBONDS: found      601 intra-atom interactions
 --------------- cycle=    25 --------------------------------------------------
 | Etotal =-28.273    grad(E)=0.224      E(VDW )=0.107      E(ELEC)=-28.380    |
 -------------------------------------------------------------------------------
 NBONDS: generating intra-molecular exclusion list with mode= 5
 MAKINB: mode   5 found      0 exclusions and      0 interactions(1-4)
 NBONDS: found      603 intra-atom interactions
 --------------- cycle=    26 --------------------------------------------------
 | Etotal =-5.135     grad(E)=0.088      E(VDW )=-0.781     E(ELEC)=-4.353     |
 -------------------------------------------------------------------------------
 NBONDS: generating intra-molecular exclusion list with mode= 5
 MAKINB: mode   5 found      0 exclusions and      0 interactions(1-4)
 NBONDS: found      562 intra-atom interactions
 --------------- cycle=    27 --------------------------------------------------
 | Etotal =-4.067     grad(E)=0.075      E(VDW )=-1.267     E(ELEC)=-2.799     |
 -------------------------------------------------------------------------------
 NBONDS: generating intra-molecular exclusion list with mode= 5
 MAKINB: mode   5 found      0 exclusions and      0 interactions(1-4)
 NBONDS: found     1380 intra-atom interactions
 --------------- cycle=    28 --------------------------------------------------
 | Etotal =-4.460     grad(E)=0.022      E(VDW )=-4.892     E(ELEC)=0.432      |
 -------------------------------------------------------------------------------
 NBONDS: generating intra-molecular exclusion list with mode= 5
 MAKINB: mode   5 found      0 exclusions and      0 interactions(1-4)
 NBONDS: found     1368 intra-atom interactions
 --------------- cycle=    29 --------------------------------------------------
 | Etotal =-1.821     grad(E)=0.137      E(VDW )=-2.200     E(ELEC)=0.380      |
 -------------------------------------------------------------------------------
 NBONDS: generating intra-molecular exclusion list with mode= 5
 MAKINB: mode   5 found      0 exclusions and      0 interactions(1-4)
 NBONDS: found      645 intra-atom interactions
 --------------- cycle=    30 --------------------------------------------------
 | Etotal =-1.229     grad(E)=0.012      E(VDW )=-1.365     E(ELEC)=0.136      |
 -------------------------------------------------------------------------------
 NBONDS: generating intra-molecular exclusion list with mode= 5
 MAKINB: mode   5 found      0 exclusions and      0 interactions(1-4)
 NBONDS: found      563 intra-atom interactions
 --------------- cycle=    31 --------------------------------------------------
 | Etotal =-1.562     grad(E)=0.010      E(VDW )=-1.379     E(ELEC)=-0.184     |
 -------------------------------------------------------------------------------
 NBONDS: generating intra-molecular exclusion list with mode= 5
 MAKINB: mode   5 found      0 exclusions and      0 interactions(1-4)
 NBONDS: found      395 intra-atom interactions
 --------------- cycle=    32 --------------------------------------------------
 | Etotal =-9.655     grad(E)=0.094      E(VDW )=-1.405     E(ELEC)=-8.250     |
 -------------------------------------------------------------------------------
 NBONDS: generating intra-molecular exclusion list with mode= 5
 MAKINB: mode   5 found      0 exclusions and      0 interactions(1-4)
 NBONDS: found     1211 intra-atom interactions
 --------------- cycle=    33 --------------------------------------------------
 | Etotal =0.310      grad(E)=0.134      E(VDW )=-3.031     E(ELEC)=3.342      |
 -------------------------------------------------------------------------------
 NBONDS: generating intra-molecular exclusion list with mode= 5
 MAKINB: mode   5 found      0 exclusions and      0 interactions(1-4)
 NBONDS: found     1240 intra-atom interactions
 --------------- cycle=    34 --------------------------------------------------
 | Etotal =-15.404    grad(E)=0.181      E(VDW )=-3.654     E(ELEC)=-11.751    |
 -------------------------------------------------------------------------------
 NBONDS: generating intra-molecular exclusion list with mode= 5
 MAKINB: mode   5 found      0 exclusions and      0 interactions(1-4)
 NBONDS: found      435 intra-atom interactions
 --------------- cycle=    35 --------------------------------------------------
 | Etotal =-0.275     grad(E)=0.046      E(VDW )=-0.531     E(ELEC)=0.256      |
 -------------------------------------------------------------------------------
 NBONDS: generating intra-molecular exclusion list with mode= 5
 MAKINB: mode   5 found      0 exclusions and      0 interactions(1-4)
 NBONDS: found     2049 intra-atom interactions
 --------------- cycle=    36 --------------------------------------------------
 | Etotal =-17.478    grad(E)=0.083      E(VDW )=-10.273    E(ELEC)=-7.205     |
 -------------------------------------------------------------------------------
 NBONDS: generating intra-molecular exclusion list with mode= 5
 MAKINB: mode   5 found      0 exclusions and      0 interactions(1-4)
 NBONDS: found      311 intra-atom interactions
 --------------- cycle=    37 --------------------------------------------------
 | Etotal =-1.019     grad(E)=0.017      E(VDW )=-0.458     E(ELEC)=-0.561     |
 -------------------------------------------------------------------------------
 NBONDS: generating intra-molecular exclusion list with mode= 5
 MAKINB: mode   5 found      0 exclusions and      0 interactions(1-4)
 NBONDS: found     1246 intra-atom interactions
 --------------- cycle=    38 --------------------------------------------------
 | Etotal =-17.143    grad(E)=0.140      E(VDW )=-4.478     E(ELEC)=-12.665    |
 -------------------------------------------------------------------------------
 NBONDS: generating intra-molecular exclusion list with mode= 5
 MAKINB: mode   5 found      0 exclusions and      0 interactions(1-4)
 NBONDS: found     1227 intra-atom interactions
 --------------- cycle=    39 --------------------------------------------------
 | Etotal =-3.997     grad(E)=0.057      E(VDW )=-3.109     E(ELEC)=-0.888     |
 -------------------------------------------------------------------------------
 NBONDS: generating intra-molecular exclusion list with mode= 5
 MAKINB: mode   5 found      0 exclusions and      0 interactions(1-4)
 NBONDS: found     1584 intra-atom interactions
 --------------- cycle=    40 --------------------------------------------------
 | Etotal =-11.613    grad(E)=0.197      E(VDW )=-4.675     E(ELEC)=-6.938     |
 -------------------------------------------------------------------------------
 NBONDS: generating intra-molecular exclusion list with mode= 5
 MAKINB: mode   5 found      0 exclusions and      0 interactions(1-4)
 NBONDS: found     1530 intra-atom interactions
 --------------- cycle=    41 --------------------------------------------------
 | Etotal =-8.987     grad(E)=0.130      E(VDW )=-6.610     E(ELEC)=-2.377     |
 -------------------------------------------------------------------------------
 NBONDS: generating intra-molecular exclusion list with mode= 5
 MAKINB: mode   5 found      0 exclusions and      0 interactions(1-4)
 NBONDS: found      823 intra-atom interactions
 --------------- cycle=    42 --------------------------------------------------
 | Etotal =-7.846     grad(E)=0.095      E(VDW )=-2.580     E(ELEC)=-5.266     |
 -------------------------------------------------------------------------------
 NBONDS: generating intra-molecular exclusion list with mode= 5
 MAKINB: mode   5 found      0 exclusions and      0 interactions(1-4)
 NBONDS: found      827 intra-atom interactions
 --------------- cycle=    43 --------------------------------------------------
 | Etotal =-0.976     grad(E)=0.027      E(VDW )=-1.313     E(ELEC)=0.338      |
 -------------------------------------------------------------------------------
 NBONDS: generating intra-molecular exclusion list with mode= 5
 MAKINB: mode   5 found      0 exclusions and      0 interactions(1-4)
 NBONDS: found      347 intra-atom interactions
 --------------- cycle=    44 --------------------------------------------------
 | Etotal =0.390      grad(E)=0.038      E(VDW )=-0.718     E(ELEC)=1.108      |
 -------------------------------------------------------------------------------
 NBONDS: generating intra-molecular exclusion list with mode= 5
 MAKINB: mode   5 found      0 exclusions and      0 interactions(1-4)
 NBONDS: found     1906 intra-atom interactions
 --------------- cycle=    45 --------------------------------------------------
 | Etotal =-13.225    grad(E)=0.121      E(VDW )=-7.430     E(ELEC)=-5.795     |
 -------------------------------------------------------------------------------
 HEAP: maximum use      =    22216104 current use      =       96000 bytes
 HEAP: maximum overhead =        2800 current overhead =         752 bytes
          ============================================================
           Maximum dynamic memory allocation:    22216104 bytes
           Maximum dynamic memory overhead:          2800 bytes
           Program started at: 16:25:27 on 08-May-2020
           Program stopped at: 16:25:51 on 08-May-2020
           CPU time used:      24.5312 seconds
          ============================================================
