          ============================================================
          |                                                          |
          |            Crystallography & NMR System (CNS)            |
          |                         CNSsolve                         |
          |                                                          |
          ============================================================
           Version: 1.3 at patch level U
           Status: Special UU release with Rg and paramagnetic
                   restraints (A. Bonvin, UU 2011)
          ============================================================
           Written by: A.T.Brunger, P.D.Adams, G.M.Clore, W.L.DeLano,
                       P.Gros, R.W.Grosse-Kunstleve,J.-S.Jiang,J.M.Krahn,
                       J.Kuszewski, M.Nilges, N.S.Pannu, R.J.Read,
                       L.M.Rice, G.F.Schroeder, T.Simonson, G.L.Warren.
           Copyright (c) 1997-2010 Yale University
          ============================================================
           Running on machine: hostname unknown (x86_64/Linux,64-bit)
           Program started by: joaor
           Program started at: 15:53:52 on 08-May-2020
          ============================================================

 FFT3C: Using FFTPACK4.1

 CNSsolve>! 
 CNSsolve>! Calculates pairwise energies between residues 
 CNSsolve>! Will only rebuild hydrogen atoms 
 CNSsolve>! 
 CNSsolve>! Adapted from HADDOCK protocols here and there. 
 CNSsolve>! JR & AMJJB @ 2020 
 CNSsolve>! 
 CNSsolve>define( 
 DEFINE>    {===>} auto_break=true; 
 DEFINE>    {===>} break_cutoff=2.5; 
 DEFINE>    {===>} dnaauto_break=true; 
 DEFINE>    {===>} dbreak_cutoff=4.5; 
 DEFINE>    {===>} auto_cispro=true; 
 DEFINE>    {===>} auto_disu=true; 
 DEFINE>    {===>} disulphide_dist=3.0; 
 DEFINE>    {===>} glyco_dist=2.75; 
 DEFINE>    {===>} coorin="molecule.pdb"; 
 DEFINE>    {===>} icutoff=5.0; 
 DEFINE>) 
 CNSsolve> 
 CNSsolve>! Mute (most) output 
 CNSsolve>set message=on echo=off end 
 ASSFIL: file merged.param opened.
 MESSage=NORM
 EVALUATE: symbol $OLD_MESSAGE set to "NORM" (string)
 ECHO=FALSe {OFF}
 EVALUATE: symbol $OLD_ECHO set to FALSE (logical)
 %PARRDR-info: duplication of bond HC   NC2 
 %PARRDR-info: duplication of angle CH2E C    NH1 
 %PARRDR-info: duplication of angle CH2P CH2E HA  
 ASSFIL: file merged.top opened.
 MESSage=NORM
 EVALUATE: symbol $OLD_MESSAGE set to "NORM" (string)
 ECHO=FALSe {OFF}
 EVALUATE: symbol $OLD_ECHO set to FALSE (logical)
 %RTFIO-warning: undefined masses in residue CYC 
 %RTFIO error encountered: there are undefined masses.
   (CNS is in mode: SET ABORT=NORMal END)
 MESSage=NORM
 EVALUATE: symbol $OLD_MESSAGE set to "NORM" (string)
 ECHO=FALSe {OFF}
 EVALUATE: symbol $OLD_ECHO set to FALSE (logical)
 ASSFIL: file protein_break.top opened.
 %RTFRDR-ERR: duplicate (P-)RESIdue name DPEP
 %RTFRDR-ERR: duplicate (P-)RESIdue name DPPP
 RTFRDR> 
 RTFRDR>end 
 CNSsolve> 
 CNSsolve>! Reset output muting 
 CNSsolve>set message=off echo=off end 
FOUND 4 NAG:ASN pairs
NAG:ASN bond added from   B    901  to   B    53  
NAG:ASN bond added from   B    907  to   B    322 
NAG:ASN bond added from   B    910  to   B    546 
NAG:ASN bond added from   E    1401 to   E    343 
FOUND 4 NAG:NAG pairs
NAG:NAG B14 bond added from   B    902  to   B    901 
NAG:NAG B14 bond added from   B    911  to   B    910 
NAG:NAG B14 bond added from   E    1402 to   E    1401
NAG:NAG B14 bond added from   E    1403 to   E    1402
 %PARRDR-info: duplication of bond HC   NC2 
 %PARRDR-info: duplication of angle CH2E C    NH1 
 %PARRDR-info: duplication of angle CH2P CH2E HA  
 POWELL: number of degrees of freedom= 13677
 NBONDS: generating intra-molecular exclusion list with mode=-2
 MAKINB: mode  -2 found   4559 exclusions and      0 interactions(1-4)
 %atoms "B   -34  -VAL -CA  " and "B   -34  -VAL -HG23" only  0.10 A apart
 %atoms "B   -48  -TRP -CG  " and "B   -48  -TRP -HD1 " only  0.08 A apart
 %atoms "B   -60  -THR -HG21" and "B   -60  -THR -HG22" only  0.08 A apart
 %atoms "B   -175 -MET -HB1 " and "B   -175 -MET -HG2 " only  0.04 A apart
 %atoms "B   -327 -PHE -HB2 " and "B   -327 -PHE -CG  " only  0.10 A apart
 %atoms "B   -369 -PHE -HA  " and "B   -369 -PHE -HE2 " only  0.09 A apart
 %atoms "B   -452 -PHE -HD2 " and "B   -452 -PHE -HE2 " only  0.04 A apart
 %atoms "E   -365 -TYR -HA  " and "E   -365 -TYR -HD2 " only  0.09 A apart
 %atoms "E   -367 -VAL -HG12" and "E   -367 -VAL -HG22" only  0.09 A apart
 %atoms "E   -425 -LEU -HD21" and "E   -425 -LEU -HD22" only  0.08 A apart
 %atoms "E   -493 -GLN -HA  " and "E   -493 -GLN -CB  " only  0.04 A apart
 %atoms "E   -518 -LEU -HG  " and "E   -518 -LEU -HD22" only  0.06 A apart
 NBONDS: found   682307 intra-atom interactions
 NBONDS: found       12 nonbonded violations
 NBONDS: found   681877 intra-atom interactions
 NBONDS: found   678306 intra-atom interactions
 NBONDS: found   674811 intra-atom interactions
 --------------- cycle=    10 ------ stepsize=   -0.0000 -----------------------
 | Etotal =0.33E+07   grad(E)=575.984    E(BOND)=475046.697 E(ANGL)=0.16E+07   |
 | E(VDW )=0.13E+07                                                            |
 -------------------------------------------------------------------------------
 NBONDS: found   674703 intra-atom interactions
 NBONDS: found   674999 intra-atom interactions
 NBONDS: found   675095 intra-atom interactions
 NBONDS: found   675231 intra-atom interactions
 NBONDS: found   675229 intra-atom interactions
 --------------- cycle=    20 ------ stepsize=   -0.0000 -----------------------
 | Etotal =0.13E+07   grad(E)=304.684    E(BOND)=234127.585 E(ANGL)=511274.521 |
 | E(VDW )=508927.563                                                          |
 -------------------------------------------------------------------------------
 NBONDS: found   674935 intra-atom interactions
 NBONDS: found   674817 intra-atom interactions
 NBONDS: found   675039 intra-atom interactions
 --------------- cycle=    30 ------ stepsize=   -0.0000 -----------------------
 | Etotal =973900.468 grad(E)=246.032    E(BOND)=188727.315 E(ANGL)=357851.238 |
 | E(VDW )=427321.915                                                          |
 -------------------------------------------------------------------------------
 NBONDS: found   675074 intra-atom interactions
 NBONDS: found   675131 intra-atom interactions
 --------------- cycle=    40 ------ stepsize=    0.0001 -----------------------
 | Etotal =913948.830 grad(E)=236.003    E(BOND)=184685.283 E(ANGL)=326007.191 |
 | E(VDW )=403256.355                                                          |
 -------------------------------------------------------------------------------
 NBONDS: found   675239 intra-atom interactions
 NBONDS: found   675231 intra-atom interactions
 --------------- cycle=    50 ------ stepsize=    0.0001 -----------------------
 | Etotal =899921.964 grad(E)=231.923    E(BOND)=182401.282 E(ANGL)=318730.418 |
 | E(VDW )=398790.264                                                          |
 -------------------------------------------------------------------------------
 POWELL: STEP number limit. Normal termination
 POWELL: Current coordinates set to last minimum
 DCART: temperature coupling (TCOUpling) enabled
 -------------------------- Cartesian dynamics start ---------------------------
 | E(kin)+E(total)=0.34E+07        E(kin)=4126.229      temperature=303.636    |
 | Etotal =0.34E+07   grad(E)=568.601    E(BOND)=182401.282 E(ANGL)=318730.418 |
 | E(IMPR)=0.29E+07                                                            |
 -------------------------------------------------------------------------------
 ----------------- final step=       50 at      0.02500 ps ---------------------
 | E(kin)+E(total)=0.22E+07        E(kin)=431130.369    temperature=31725.476  |
 | Etotal =0.18E+07   grad(E)=323.760    E(BOND)=202998.429 E(ANGL)=789578.353 |
 | E(IMPR)=760953.551                                                          |
 -------------------------------------------------------------------------------
 CENMAS: Information about center of free masses
         position [A]          :     -0.51811      0.09500     -0.22898
         velocity [A/ps]       :      0.12984     -0.66018     -0.51309
         ang. mom. [amu A/ps]  :-428099.65306************* 804087.37388
         kin. ener. [Kcal/mol] :     78.01245
 POWELL: number of degrees of freedom= 13677
 NBONDS: found   672576 intra-atom interactions
 NBONDS: found   671773 intra-atom interactions
 NBONDS: found   671959 intra-atom interactions
 NBONDS: found   672927 intra-atom interactions
 --------------- cycle=    10 ------ stepsize=   -0.0001 -----------------------
 | Etotal =0.18E+07   grad(E)=263.532    E(BOND)=224472.593 E(ANGL)=436579.427 |
 | E(IMPR)=700911.553 E(VDW )=479626.077                                       |
 -------------------------------------------------------------------------------
 NBONDS: found   673621 intra-atom interactions
 NBONDS: found   673959 intra-atom interactions
 NBONDS: found   673862 intra-atom interactions
 NBONDS: found   673893 intra-atom interactions
 --------------- cycle=    20 ------ stepsize=    0.0000 -----------------------
 | Etotal =0.13E+07   grad(E)=138.221    E(BOND)=172356.362 E(ANGL)=164809.013 |
 | E(IMPR)=580262.086 E(VDW )=354354.130                                       |
 -------------------------------------------------------------------------------
 NBONDS: found   673997 intra-atom interactions
 NBONDS: found   674015 intra-atom interactions
 NBONDS: found   673940 intra-atom interactions
 --------------- cycle=    30 ------ stepsize=    0.0001 -----------------------
 | Etotal =0.12E+07   grad(E)=112.536    E(BOND)=164772.931 E(ANGL)=133825.199 |
 | E(IMPR)=564604.500 E(VDW )=331911.184                                       |
 -------------------------------------------------------------------------------
 NBONDS: found   673961 intra-atom interactions
 NBONDS: found   673984 intra-atom interactions
 NBONDS: found   673991 intra-atom interactions
 --------------- cycle=    40 ------ stepsize=    0.0002 -----------------------
 | Etotal =0.12E+07   grad(E)=110.377    E(BOND)=165465.669 E(ANGL)=129164.901 |
 | E(IMPR)=555282.295 E(VDW )=321828.424                                       |
 -------------------------------------------------------------------------------
 NBONDS: found   673946 intra-atom interactions
 NBONDS: found   673897 intra-atom interactions
 --------------- cycle=    50 ------ stepsize=    0.0001 -----------------------
 | Etotal =0.12E+07   grad(E)=109.862    E(BOND)=163789.831 E(ANGL)=124951.846 |
 | E(IMPR)=547320.650 E(VDW )=320460.098                                       |
 -------------------------------------------------------------------------------
 POWELL: STEP number limit. Normal termination
 POWELL: Current coordinates set to last minimum
 DCART: temperature coupling (TCOUpling) enabled
 -------------------------- Cartesian dynamics start ---------------------------
 | E(kin)+E(total)=0.12E+07        E(kin)=4068.442      temperature=299.383    |
 | Etotal =0.12E+07   grad(E)=109.862    E(BOND)=163789.831 E(ANGL)=124951.846 |
 | E(IMPR)=547320.650 E(VDW )=320460.098                                       |
 -------------------------------------------------------------------------------
 NBONDS: found   673967 intra-atom interactions
 NBONDS: found   673891 intra-atom interactions
 NBONDS: found   673979 intra-atom interactions
 ----------------- final step=       50 at      0.02500 ps ---------------------
 | E(kin)+E(total)=0.12E+07        E(kin)=5952.746      temperature=438.043    |
 | Etotal =0.12E+07   grad(E)=111.456    E(BOND)=164056.514 E(ANGL)=123063.101 |
 | E(IMPR)=543719.774 E(VDW )=319624.668                                       |
 -------------------------------------------------------------------------------
 CENMAS: Information about center of free masses
         position [A]          :     -0.52429      0.08143     -0.23005
         velocity [A/ps]       :     -0.04346     -0.05094     -0.01207
         ang. mom. [amu A/ps]  : -12619.69795  52311.98232   8739.53399
         kin. ener. [Kcal/mol] :      0.50443
 %PARRDR-info: duplication of bond HC   NC2 
 %PARRDR-info: duplication of angle CH2E C    NH1 
 %PARRDR-info: duplication of angle CH2P CH2E HA  
 POWELL: number of degrees of freedom= 13677
 NBONDS: generating intra-molecular exclusion list with mode=-3
 MAKINB: mode  -3 found  15555 exclusions and      0 interactions(1-4)
 NBONDS: found   663013 intra-atom interactions
 NBONDS: found   664571 intra-atom interactions
 NBONDS: found   664452 intra-atom interactions
 NBONDS: found   664782 intra-atom interactions
 NBONDS: found   665501 intra-atom interactions
 NBONDS: found   665536 intra-atom interactions
 --------------- cycle=    25 ------ stepsize=    0.0002 -----------------------
 | Etotal =270985.686 grad(E)=113.040    E(BOND)=24481.550  E(ANGL)=128322.132 |
 | E(IMPR)=116201.990 E(VDW )=1980.014                                         |
 -------------------------------------------------------------------------------
 NBONDS: found   665311 intra-atom interactions
 NBONDS: found   664875 intra-atom interactions
 NBONDS: found   664926 intra-atom interactions
 NBONDS: found   664923 intra-atom interactions
 NBONDS: found   664805 intra-atom interactions
 NBONDS: found   664729 intra-atom interactions
 --------------- cycle=    50 ------ stepsize=    0.0000 -----------------------
 | Etotal =52760.794  grad(E)=38.021     E(BOND)=2137.945   E(ANGL)=26420.444  |
 | E(IMPR)=23441.542  E(VDW )=760.863                                          |
 -------------------------------------------------------------------------------
 NBONDS: found   664749 intra-atom interactions
 NBONDS: found   664851 intra-atom interactions
 NBONDS: found   664881 intra-atom interactions
 NBONDS: found   664915 intra-atom interactions
 NBONDS: found   664870 intra-atom interactions
 --------------- cycle=    75 ------ stepsize=    0.0004 -----------------------
 | Etotal =9302.470   grad(E)=22.065     E(BOND)=565.239    E(ANGL)=5398.055   |
 | E(IMPR)=2778.686   E(VDW )=560.489                                          |
 -------------------------------------------------------------------------------
 NBONDS: found   664835 intra-atom interactions
 NBONDS: found   664841 intra-atom interactions
 NBONDS: found   664853 intra-atom interactions
 --------------- cycle=   100 ------ stepsize=    0.0004 -----------------------
 | Etotal =960.913    grad(E)=5.503      E(BOND)=14.243     E(ANGL)=417.370    |
 | E(IMPR)=34.693     E(VDW )=494.607                                          |
 -------------------------------------------------------------------------------
 POWELL: STEP number limit. Normal termination
 POWELL: Current coordinates set to last minimum
 DCART: temperature coupling (TCOUpling) enabled
 -------------------------- Cartesian dynamics start ---------------------------
 | E(kin)+E(total)=4952.001        E(kin)=3991.088      temperature=293.691    |
 | Etotal =960.913    grad(E)=5.503      E(BOND)=14.243     E(ANGL)=417.370    |
 | E(IMPR)=34.693     E(VDW )=494.607                                          |
 -------------------------------------------------------------------------------
 NBONDS: found   664820 intra-atom interactions
 NBONDS: found   664813 intra-atom interactions
 NBONDS: found   664862 intra-atom interactions
 NBONDS: found   664947 intra-atom interactions
 ----------------- final step=      500 at      0.25000 ps ---------------------
 | E(kin)+E(total)=8203.040        E(kin)=4561.274      temperature=335.649    |
 | Etotal =3641.766   grad(E)=24.145     E(BOND)=662.556    E(ANGL)=2048.928   |
 | E(IMPR)=307.265    E(VDW )=623.016                                          |
 -------------------------------------------------------------------------------
 CENMAS: Information about center of free masses
         position [A]          :     -0.52412      0.07952     -0.22646
         velocity [A/ps]       :     -0.02421     -0.08815      0.12098
         ang. mom. [amu A/ps]  :  12222.32439 261156.53393 149835.97503
         kin. ener. [Kcal/mol] :      2.50546
 EFLAGS: the following energy flags are set
 EFLAGS: BOND ANGL DIHE IMPR VDW 
 %PARRDR-info: duplication of bond HC   NC2 
 %PARRDR-info: duplication of angle CH2E C    NH1 
 %PARRDR-info: duplication of angle CH2P CH2E HA  
 POWELL: number of degrees of freedom= 13677
 NBONDS: generating intra-molecular exclusion list with mode=-3
 MAKINB: mode  -3 found  15555 exclusions and      0 interactions(1-4)
 NBONDS: found   664912 intra-atom interactions
 NBONDS: found   664844 intra-atom interactions
 --------------- cycle=    50 ------ stepsize=    0.0011 -----------------------
 | Etotal =13131.776  grad(E)=13.181     E(BOND)=227.582    E(ANGL)=1131.573   |
 | E(DIHE)=218.855    E(IMPR)=96.470     E(VDW )=11457.297                     |
 -------------------------------------------------------------------------------
 NBONDS: found   664903 intra-atom interactions
 --------------- cycle=   100 ------ stepsize=    0.0010 -----------------------
 | Etotal =12704.110  grad(E)=13.009     E(BOND)=221.733    E(ANGL)=1115.366   |
 | E(DIHE)=176.146    E(IMPR)=87.337     E(VDW )=11103.527                     |
 -------------------------------------------------------------------------------
 --------------- cycle=   150 ------ stepsize=    0.0014 -----------------------
 | Etotal =12642.458  grad(E)=13.067     E(BOND)=220.954    E(ANGL)=1123.267   |
 | E(DIHE)=175.664    E(IMPR)=87.857     E(VDW )=11034.715                     |
 -------------------------------------------------------------------------------
 --------------- cycle=   200 ------ stepsize=    0.0008 -----------------------
 | Etotal =12631.543  grad(E)=13.008     E(BOND)=220.603    E(ANGL)=1117.430   |
 | E(DIHE)=175.234    E(IMPR)=86.121     E(VDW )=11032.154                     |
 -------------------------------------------------------------------------------
 NBONDS: found   664910 intra-atom interactions
 --------------- cycle=   250 ------ stepsize=    0.0010 -----------------------
 | Etotal =12625.422  grad(E)=13.006     E(BOND)=220.484    E(ANGL)=1116.681   |
 | E(DIHE)=174.282    E(IMPR)=86.462     E(VDW )=11027.512                     |
 -------------------------------------------------------------------------------
 --------------- cycle=   300 ------ stepsize=    0.0009 -----------------------
 | Etotal =12625.278  grad(E)=13.006     E(BOND)=220.426    E(ANGL)=1116.595   |
 | E(DIHE)=174.698    E(IMPR)=86.452     E(VDW )=11027.107                     |
 -------------------------------------------------------------------------------
 --------------- cycle=   350 ------ stepsize=    0.0009 -----------------------
 | Etotal =12625.262  grad(E)=13.006     E(BOND)=220.416    E(ANGL)=1116.625   |
 | E(DIHE)=174.806    E(IMPR)=86.456     E(VDW )=11026.960                     |
 -------------------------------------------------------------------------------
 --------------- cycle=   400 ------ stepsize=    0.0009 -----------------------
 | Etotal =12625.260  grad(E)=13.006     E(BOND)=220.421    E(ANGL)=1116.614   |
 | E(DIHE)=174.777    E(IMPR)=86.456     E(VDW )=11026.992                     |
 -------------------------------------------------------------------------------
 --------------- cycle=   450 ------ stepsize=    0.0012 -----------------------
 | Etotal =12625.260  grad(E)=13.006     E(BOND)=220.421    E(ANGL)=1116.603   |
 | E(DIHE)=174.765    E(IMPR)=86.456     E(VDW )=11027.015                     |
 -------------------------------------------------------------------------------
 --------------- cycle=   500 ------ stepsize=    0.0011 -----------------------
 | Etotal =12625.260  grad(E)=13.006     E(BOND)=220.421    E(ANGL)=1116.599   |
 | E(DIHE)=174.748    E(IMPR)=86.457     E(VDW )=11027.035                     |
 -------------------------------------------------------------------------------
 POWELL: STEP number limit. Normal termination
 POWELL: Current coordinates set to last minimum
 DCART: temperature coupling (TCOUpling) enabled
 -------------------------- Cartesian dynamics start ---------------------------
 | E(kin)+E(total)=16639.623       E(kin)=4014.363      temperature=295.404    |
 | Etotal =12625.260  grad(E)=13.006     E(BOND)=220.421    E(ANGL)=1116.599   |
 | E(DIHE)=174.748    E(IMPR)=86.457     E(VDW )=11027.035                     |
 -------------------------------------------------------------------------------
 NBONDS: found   664919 intra-atom interactions
 NBONDS: found   664905 intra-atom interactions
 NBONDS: found   664929 intra-atom interactions
 NBONDS: found   664976 intra-atom interactions
 NBONDS: found   664791 intra-atom interactions
 NBONDS: found   664937 intra-atom interactions
 NBONDS: found   664934 intra-atom interactions
 NBONDS: found   664911 intra-atom interactions
 ----------------- final step=      500 at      0.25000 ps ---------------------
 | E(kin)+E(total)=20816.538       E(kin)=4187.811      temperature=308.167    |
 | Etotal =16628.727  grad(E)=31.904     E(BOND)=1355.007   E(ANGL)=3382.096   |
 | E(DIHE)=181.238    E(IMPR)=447.890    E(VDW )=11262.496                     |
 -------------------------------------------------------------------------------
 CENMAS: Information about center of free masses
         position [A]          :     -0.52379      0.07903     -0.22679
         velocity [A/ps]       :     -0.12290      0.13896     -0.31736
         ang. mom. [amu A/ps]  :  -4412.19222 -51245.22242   9157.71293
         kin. ener. [Kcal/mol] :      0.74210
 POWELL: number of degrees of freedom= 13677
 --------------- cycle=    50 ------ stepsize=    0.0009 -----------------------
 | Etotal =12627.666  grad(E)=13.010     E(BOND)=220.154    E(ANGL)=1117.157   |
 | E(DIHE)=171.534    E(IMPR)=86.698     E(VDW )=11032.123                     |
 -------------------------------------------------------------------------------
 --------------- cycle=   100 ------ stepsize=    0.0010 -----------------------
 | Etotal =12612.006  grad(E)=13.004     E(BOND)=219.902    E(ANGL)=1116.534   |
 | E(DIHE)=170.191    E(IMPR)=86.705     E(VDW )=11018.674                     |
 -------------------------------------------------------------------------------
 --------------- cycle=   150 ------ stepsize=    0.0010 -----------------------
 | Etotal =12609.855  grad(E)=13.007     E(BOND)=219.843    E(ANGL)=1116.915   |
 | E(DIHE)=169.510    E(IMPR)=86.654     E(VDW )=11016.933                     |
 -------------------------------------------------------------------------------
 --------------- cycle=   200 ------ stepsize=    0.0013 -----------------------
 | Etotal =12609.455  grad(E)=13.005     E(BOND)=219.848    E(ANGL)=1116.632   |
 | E(DIHE)=169.663    E(IMPR)=86.577     E(VDW )=11016.736                     |
 -------------------------------------------------------------------------------
 --------------- cycle=   250 ------ stepsize=    0.0009 -----------------------
 | Etotal =12608.270  grad(E)=13.012     E(BOND)=219.870    E(ANGL)=1117.041   |
 | E(DIHE)=171.085    E(IMPR)=86.455     E(VDW )=11013.820                     |
 -------------------------------------------------------------------------------
 --------------- cycle=   300 ------ stepsize=    0.0011 -----------------------
 | Etotal =12607.933  grad(E)=13.010     E(BOND)=219.832    E(ANGL)=1116.956   |
 | E(DIHE)=171.210    E(IMPR)=86.437     E(VDW )=11013.499                     |
 -------------------------------------------------------------------------------
 --------------- cycle=   350 ------ stepsize=    0.0009 -----------------------
 | Etotal =12607.922  grad(E)=13.010     E(BOND)=219.819    E(ANGL)=1116.960   |
 | E(DIHE)=171.325    E(IMPR)=86.448     E(VDW )=11013.369                     |
 -------------------------------------------------------------------------------
 --------------- cycle=   400 ------ stepsize=    0.0010 -----------------------
 | Etotal =12607.921  grad(E)=13.010     E(BOND)=219.822    E(ANGL)=1116.964   |
 | E(DIHE)=171.321    E(IMPR)=86.448     E(VDW )=11013.366                     |
 -------------------------------------------------------------------------------
 --------------- cycle=   450 ------ stepsize=    0.0011 -----------------------
 | Etotal =12607.921  grad(E)=13.010     E(BOND)=219.822    E(ANGL)=1116.962   |
 | E(DIHE)=171.325    E(IMPR)=86.448     E(VDW )=11013.364                     |
 -------------------------------------------------------------------------------
 POWELL: Gradient converged. Normal termination
 POWELL: Current coordinates set to last minimum
 POWELL: number of degrees of freedom= 18051
 NBONDS: found   664623 intra-atom interactions
 --------------- cycle=     5 ------ stepsize=    0.0006 -----------------------
 | Etotal =12451.624  grad(E)=13.019     E(BOND)=219.773    E(ANGL)=1119.418   |
 | E(DIHE)=171.324    E(IMPR)=86.425     E(VDW )=10854.684                     |
 -------------------------------------------------------------------------------
 --------------- cycle=    10 ------ stepsize=    0.0010 -----------------------
 | Etotal =12449.419  grad(E)=13.024     E(BOND)=219.408    E(ANGL)=1121.226   |
 | E(DIHE)=171.361    E(IMPR)=86.560     E(VDW )=10850.863                     |
 -------------------------------------------------------------------------------
 --------------- cycle=    15 ------ stepsize=    0.0002 -----------------------
 | Etotal =12447.600  grad(E)=13.022     E(BOND)=219.293    E(ANGL)=1120.944   |
 | E(DIHE)=171.487    E(IMPR)=86.453     E(VDW )=10849.423                     |
 -------------------------------------------------------------------------------
 --------------- cycle=    20 ------ stepsize=    0.0008 -----------------------
 | Etotal =12446.688  grad(E)=13.018     E(BOND)=219.388    E(ANGL)=1120.269   |
 | E(DIHE)=171.515    E(IMPR)=86.571     E(VDW )=10848.945                     |
 -------------------------------------------------------------------------------
 --------------- cycle=    25 ------ stepsize=    0.0008 -----------------------
 | Etotal =12445.691  grad(E)=13.027     E(BOND)=219.503    E(ANGL)=1121.286   |
 | E(DIHE)=171.537    E(IMPR)=86.490     E(VDW )=10846.875                     |
 -------------------------------------------------------------------------------
 --------------- cycle=    30 ------ stepsize=    0.0009 -----------------------
 | Etotal =12444.738  grad(E)=13.019     E(BOND)=219.335    E(ANGL)=1120.249   |
 | E(DIHE)=171.586    E(IMPR)=86.629     E(VDW )=10846.938                     |
 -------------------------------------------------------------------------------
 --------------- cycle=    35 ------ stepsize=   -0.0000 -----------------------
 | Etotal =12444.313  grad(E)=13.020     E(BOND)=219.213    E(ANGL)=1120.571   |
 | E(DIHE)=171.583    E(IMPR)=86.509     E(VDW )=10846.436                     |
 -------------------------------------------------------------------------------
 --------------- cycle=    40 ------ stepsize=    0.0010 -----------------------
 | Etotal =12443.680  grad(E)=13.018     E(BOND)=219.229    E(ANGL)=1120.139   |
 | E(DIHE)=171.576    E(IMPR)=86.548     E(VDW )=10846.188                     |
 -------------------------------------------------------------------------------
 --------------- cycle=    45 ------ stepsize=    0.0005 -----------------------
 | Etotal =12443.630  grad(E)=13.019     E(BOND)=219.218    E(ANGL)=1120.386   |
 | E(DIHE)=171.566    E(IMPR)=86.532     E(VDW )=10845.927                     |
 -------------------------------------------------------------------------------
 --------------- cycle=    50 ------ stepsize=    0.0013 -----------------------
 | Etotal =12443.466  grad(E)=13.020     E(BOND)=219.185    E(ANGL)=1120.250   |
 | E(DIHE)=171.477    E(IMPR)=86.569     E(VDW )=10845.985                     |
 -------------------------------------------------------------------------------
 POWELL: STEP number limit. Normal termination
 POWELL: Current coordinates set to last minimum
 %PARRDR-info: duplication of bond HC   NC2 
 %PARRDR-info: duplication of angle CH2E C    NH1 
 %PARRDR-info: duplication of angle CH2P CH2E HA  
 POWELL: number of degrees of freedom= 18051
 NBONDS: generating intra-molecular exclusion list with mode= 5
 MAKINB: mode   5 found  17505 exclusions and  17649 interactions(1-4)
 NBONDS: found   879948 intra-atom interactions
 --------------- cycle=    50 ------ stepsize=    0.0000 -----------------------
 | Etotal =87.381     grad(E)=5.503      E(BOND)=19.349     E(ANGL)=406.357    |
 | E(DIHE)=168.392    E(IMPR)=35.787     E(VDW )=-543.642   E(ELEC)=1.138      |
 -------------------------------------------------------------------------------
 POWELL: STEP number limit. Normal termination
 POWELL: Current coordinates set to last minimum
 --------------- cycle=     1 --------------------------------------------------
 | Etotal =87.381     grad(E)=5.503      E(BOND)=19.349     E(ANGL)=406.357    |
 | E(DIHE)=168.392    E(IMPR)=35.787     E(VDW )=-543.642   E(ELEC)=1.138      |
 -------------------------------------------------------------------------------
 SURFAC: half the sigma value being used for atomic radii.
 SURFAC: ACCEssible surface area
 SURFAC: ACCUracy= 0.07 RH2O=  1.40
         Z-grid=  0.32 number-of-Z-sections=  222
         measures-of-arc= 91682 and150472
 SURFAC: half the sigma value being used for atomic radii.
 SURFAC: ACCEssible surface area
 SURFAC: ACCUracy= 0.07 RH2O=  1.40
         Z-grid=  0.32 number-of-Z-sections=  142
         measures-of-arc= 25886 and 45696
 SURFAC: half the sigma value being used for atomic radii.
 SURFAC: ACCEssible surface area
 SURFAC: ACCUracy= 0.07 RH2O=  1.40
         Z-grid=  0.32 number-of-Z-sections=  222
         measures-of-arc=119139 and196445
 %PARRDR-info: duplication of bond HC   NC2 
 %PARRDR-info: duplication of angle CH2E C    NH1 
 %PARRDR-info: duplication of angle CH2P CH2E HA  
 NBONDS: generating intra-molecular exclusion list with mode= 5
 MAKINB: mode   5 found      0 exclusions and      0 interactions(1-4)
 NBONDS: found     1266 intra-atom interactions
 --------------- cycle=     2 --------------------------------------------------
 | Etotal =-7.005     grad(E)=0.118      E(VDW )=-4.203     E(ELEC)=-2.802     |
 -------------------------------------------------------------------------------
 NBONDS: generating intra-molecular exclusion list with mode= 5
 MAKINB: mode   5 found      0 exclusions and      0 interactions(1-4)
 NBONDS: found     1932 intra-atom interactions
 --------------- cycle=     3 --------------------------------------------------
 | Etotal =-10.950    grad(E)=0.049      E(VDW )=-7.269     E(ELEC)=-3.681     |
 -------------------------------------------------------------------------------
 NBONDS: generating intra-molecular exclusion list with mode= 5
 MAKINB: mode   5 found      0 exclusions and      0 interactions(1-4)
 NBONDS: found     1272 intra-atom interactions
 --------------- cycle=     4 --------------------------------------------------
 | Etotal =-2.942     grad(E)=0.018      E(VDW )=-3.085     E(ELEC)=0.143      |
 -------------------------------------------------------------------------------
 NBONDS: generating intra-molecular exclusion list with mode= 5
 MAKINB: mode   5 found      0 exclusions and      0 interactions(1-4)
 NBONDS: found      803 intra-atom interactions
 --------------- cycle=     5 --------------------------------------------------
 | Etotal =-0.981     grad(E)=0.034      E(VDW )=-2.479     E(ELEC)=1.498      |
 -------------------------------------------------------------------------------
 NBONDS: generating intra-molecular exclusion list with mode= 5
 MAKINB: mode   5 found      0 exclusions and      0 interactions(1-4)
 NBONDS: found     1496 intra-atom interactions
 --------------- cycle=     6 --------------------------------------------------
 | Etotal =-11.851    grad(E)=0.194      E(VDW )=-6.122     E(ELEC)=-5.730     |
 -------------------------------------------------------------------------------
 NBONDS: generating intra-molecular exclusion list with mode= 5
 MAKINB: mode   5 found      0 exclusions and      0 interactions(1-4)
 NBONDS: found     1844 intra-atom interactions
 --------------- cycle=     7 --------------------------------------------------
 | Etotal =-1.319     grad(E)=0.026      E(VDW )=-3.266     E(ELEC)=1.947      |
 -------------------------------------------------------------------------------
 NBONDS: generating intra-molecular exclusion list with mode= 5
 MAKINB: mode   5 found      0 exclusions and      0 interactions(1-4)
 NBONDS: found     1456 intra-atom interactions
 --------------- cycle=     8 --------------------------------------------------
 | Etotal =-3.879     grad(E)=0.135      E(VDW )=-2.945     E(ELEC)=-0.934     |
 -------------------------------------------------------------------------------
 NBONDS: generating intra-molecular exclusion list with mode= 5
 MAKINB: mode   5 found      0 exclusions and      0 interactions(1-4)
 NBONDS: found      555 intra-atom interactions
 --------------- cycle=     9 --------------------------------------------------
 | Etotal =-19.703    grad(E)=0.272      E(VDW )=-0.905     E(ELEC)=-18.798    |
 -------------------------------------------------------------------------------
 NBONDS: generating intra-molecular exclusion list with mode= 5
 MAKINB: mode   5 found      0 exclusions and      0 interactions(1-4)
 NBONDS: found      949 intra-atom interactions
 --------------- cycle=    10 --------------------------------------------------
 | Etotal =-16.867    grad(E)=0.366      E(VDW )=-0.836     E(ELEC)=-16.031    |
 -------------------------------------------------------------------------------
 NBONDS: generating intra-molecular exclusion list with mode= 5
 MAKINB: mode   5 found      0 exclusions and      0 interactions(1-4)
 NBONDS: found     1531 intra-atom interactions
 --------------- cycle=    11 --------------------------------------------------
 | Etotal =-15.012    grad(E)=0.161      E(VDW )=-4.296     E(ELEC)=-10.716    |
 -------------------------------------------------------------------------------
 NBONDS: generating intra-molecular exclusion list with mode= 5
 MAKINB: mode   5 found      0 exclusions and      0 interactions(1-4)
 NBONDS: found      450 intra-atom interactions
 --------------- cycle=    12 --------------------------------------------------
 | Etotal =4.573      grad(E)=0.096      E(VDW )=-0.734     E(ELEC)=5.307      |
 -------------------------------------------------------------------------------
 NBONDS: generating intra-molecular exclusion list with mode= 5
 MAKINB: mode   5 found      0 exclusions and      0 interactions(1-4)
 NBONDS: found      447 intra-atom interactions
 --------------- cycle=    13 --------------------------------------------------
 | Etotal =-3.815     grad(E)=0.031      E(VDW )=-1.204     E(ELEC)=-2.611     |
 -------------------------------------------------------------------------------
 NBONDS: generating intra-molecular exclusion list with mode= 5
 MAKINB: mode   5 found      0 exclusions and      0 interactions(1-4)
 NBONDS: found      315 intra-atom interactions
 --------------- cycle=    14 --------------------------------------------------
 | Etotal =-1.743     grad(E)=0.018      E(VDW )=-1.407     E(ELEC)=-0.336     |
 -------------------------------------------------------------------------------
 NBONDS: generating intra-molecular exclusion list with mode= 5
 MAKINB: mode   5 found      0 exclusions and      0 interactions(1-4)
 NBONDS: found      717 intra-atom interactions
 --------------- cycle=    15 --------------------------------------------------
 | Etotal =-11.927    grad(E)=0.103      E(VDW )=-2.620     E(ELEC)=-9.307     |
 -------------------------------------------------------------------------------
 NBONDS: generating intra-molecular exclusion list with mode= 5
 MAKINB: mode   5 found      0 exclusions and      0 interactions(1-4)
 NBONDS: found      409 intra-atom interactions
 --------------- cycle=    16 --------------------------------------------------
 | Etotal =-0.372     grad(E)=0.021      E(VDW )=-1.095     E(ELEC)=0.723      |
 -------------------------------------------------------------------------------
 NBONDS: generating intra-molecular exclusion list with mode= 5
 MAKINB: mode   5 found      0 exclusions and      0 interactions(1-4)
 NBONDS: found     2949 intra-atom interactions
 --------------- cycle=    17 --------------------------------------------------
 | Etotal =-31.605    grad(E)=0.253      E(VDW )=-10.650    E(ELEC)=-20.955    |
 -------------------------------------------------------------------------------
 NBONDS: generating intra-molecular exclusion list with mode= 5
 MAKINB: mode   5 found      0 exclusions and      0 interactions(1-4)
 NBONDS: found     1332 intra-atom interactions
 --------------- cycle=    18 --------------------------------------------------
 | Etotal =-22.646    grad(E)=0.197      E(VDW )=-4.701     E(ELEC)=-17.944    |
 -------------------------------------------------------------------------------
 NBONDS: generating intra-molecular exclusion list with mode= 5
 MAKINB: mode   5 found      0 exclusions and      0 interactions(1-4)
 NBONDS: found      882 intra-atom interactions
 --------------- cycle=    19 --------------------------------------------------
 | Etotal =-1.057     grad(E)=0.148      E(VDW )=-3.708     E(ELEC)=2.651      |
 -------------------------------------------------------------------------------
 NBONDS: generating intra-molecular exclusion list with mode= 5
 MAKINB: mode   5 found      0 exclusions and      0 interactions(1-4)
 NBONDS: found      530 intra-atom interactions
 --------------- cycle=    20 --------------------------------------------------
 | Etotal =-2.872     grad(E)=0.084      E(VDW )=-1.368     E(ELEC)=-1.504     |
 -------------------------------------------------------------------------------
 NBONDS: generating intra-molecular exclusion list with mode= 5
 MAKINB: mode   5 found      0 exclusions and      0 interactions(1-4)
 NBONDS: found      240 intra-atom interactions
 --------------- cycle=    21 --------------------------------------------------
 | Etotal =1.739      grad(E)=0.111      E(VDW )=-0.706     E(ELEC)=2.445      |
 -------------------------------------------------------------------------------
 NBONDS: generating intra-molecular exclusion list with mode= 5
 MAKINB: mode   5 found      0 exclusions and      0 interactions(1-4)
 NBONDS: found      568 intra-atom interactions
 --------------- cycle=    22 --------------------------------------------------
 | Etotal =-1.087     grad(E)=0.046      E(VDW )=-0.312     E(ELEC)=-0.775     |
 -------------------------------------------------------------------------------
 NBONDS: generating intra-molecular exclusion list with mode= 5
 MAKINB: mode   5 found      0 exclusions and      0 interactions(1-4)
 NBONDS: found      788 intra-atom interactions
 --------------- cycle=    23 --------------------------------------------------
 | Etotal =-11.633    grad(E)=0.299      E(VDW )=0.204      E(ELEC)=-11.837    |
 -------------------------------------------------------------------------------
 NBONDS: generating intra-molecular exclusion list with mode= 5
 MAKINB: mode   5 found      0 exclusions and      0 interactions(1-4)
 NBONDS: found      421 intra-atom interactions
 --------------- cycle=    24 --------------------------------------------------
 | Etotal =-0.488     grad(E)=0.005      E(VDW )=-0.679     E(ELEC)=0.191      |
 -------------------------------------------------------------------------------
 NBONDS: generating intra-molecular exclusion list with mode= 5
 MAKINB: mode   5 found      0 exclusions and      0 interactions(1-4)
 NBONDS: found     1520 intra-atom interactions
 --------------- cycle=    25 --------------------------------------------------
 | Etotal =-5.583     grad(E)=0.021      E(VDW )=-4.525     E(ELEC)=-1.058     |
 -------------------------------------------------------------------------------
 NBONDS: generating intra-molecular exclusion list with mode= 5
 MAKINB: mode   5 found      0 exclusions and      0 interactions(1-4)
 NBONDS: found     1367 intra-atom interactions
 --------------- cycle=    26 --------------------------------------------------
 | Etotal =-4.378     grad(E)=0.026      E(VDW )=-4.608     E(ELEC)=0.231      |
 -------------------------------------------------------------------------------
 NBONDS: generating intra-molecular exclusion list with mode= 5
 MAKINB: mode   5 found      0 exclusions and      0 interactions(1-4)
 NBONDS: found      644 intra-atom interactions
 --------------- cycle=    27 --------------------------------------------------
 | Etotal =-1.311     grad(E)=0.022      E(VDW )=-2.116     E(ELEC)=0.805      |
 -------------------------------------------------------------------------------
 NBONDS: generating intra-molecular exclusion list with mode= 5
 MAKINB: mode   5 found      0 exclusions and      0 interactions(1-4)
 NBONDS: found      760 intra-atom interactions
 --------------- cycle=    28 --------------------------------------------------
 | Etotal =-8.266     grad(E)=0.118      E(VDW )=-1.606     E(ELEC)=-6.660     |
 -------------------------------------------------------------------------------
 NBONDS: generating intra-molecular exclusion list with mode= 5
 MAKINB: mode   5 found      0 exclusions and      0 interactions(1-4)
 NBONDS: found      283 intra-atom interactions
 --------------- cycle=    29 --------------------------------------------------
 | Etotal =-0.296     grad(E)=0.032      E(VDW )=-0.494     E(ELEC)=0.198      |
 -------------------------------------------------------------------------------
 NBONDS: generating intra-molecular exclusion list with mode= 5
 MAKINB: mode   5 found      0 exclusions and      0 interactions(1-4)
 NBONDS: found     1109 intra-atom interactions
 --------------- cycle=    30 --------------------------------------------------
 | Etotal =-3.543     grad(E)=0.023      E(VDW )=-2.794     E(ELEC)=-0.749     |
 -------------------------------------------------------------------------------
 NBONDS: generating intra-molecular exclusion list with mode= 5
 MAKINB: mode   5 found      0 exclusions and      0 interactions(1-4)
 NBONDS: found     1043 intra-atom interactions
 --------------- cycle=    31 --------------------------------------------------
 | Etotal =-0.805     grad(E)=0.065      E(VDW )=-2.674     E(ELEC)=1.869      |
 -------------------------------------------------------------------------------
 NBONDS: generating intra-molecular exclusion list with mode= 5
 MAKINB: mode   5 found      0 exclusions and      0 interactions(1-4)
 NBONDS: found     1868 intra-atom interactions
 --------------- cycle=    32 --------------------------------------------------
 | Etotal =-14.564    grad(E)=0.064      E(VDW )=-6.911     E(ELEC)=-7.653     |
 -------------------------------------------------------------------------------
 NBONDS: generating intra-molecular exclusion list with mode= 5
 MAKINB: mode   5 found      0 exclusions and      0 interactions(1-4)
 NBONDS: found      314 intra-atom interactions
 --------------- cycle=    33 --------------------------------------------------
 | Etotal =2.467      grad(E)=0.061      E(VDW )=-0.514     E(ELEC)=2.981      |
 -------------------------------------------------------------------------------
 NBONDS: generating intra-molecular exclusion list with mode= 5
 MAKINB: mode   5 found      0 exclusions and      0 interactions(1-4)
 NBONDS: found     1123 intra-atom interactions
 --------------- cycle=    34 --------------------------------------------------
 | Etotal =-9.148     grad(E)=0.129      E(VDW )=-4.928     E(ELEC)=-4.220     |
 -------------------------------------------------------------------------------
 NBONDS: generating intra-molecular exclusion list with mode= 5
 MAKINB: mode   5 found      0 exclusions and      0 interactions(1-4)
 NBONDS: found      542 intra-atom interactions
 --------------- cycle=    35 --------------------------------------------------
 | Etotal =-1.764     grad(E)=0.051      E(VDW )=-0.669     E(ELEC)=-1.095     |
 -------------------------------------------------------------------------------
 NBONDS: generating intra-molecular exclusion list with mode= 5
 MAKINB: mode   5 found      0 exclusions and      0 interactions(1-4)
 NBONDS: found      376 intra-atom interactions
 --------------- cycle=    36 --------------------------------------------------
 | Etotal =-12.632    grad(E)=0.093      E(VDW )=-1.621     E(ELEC)=-11.010    |
 -------------------------------------------------------------------------------
 NBONDS: generating intra-molecular exclusion list with mode= 5
 MAKINB: mode   5 found      0 exclusions and      0 interactions(1-4)
 NBONDS: found     1512 intra-atom interactions
 --------------- cycle=    37 --------------------------------------------------
 | Etotal =-7.921     grad(E)=0.098      E(VDW )=-3.850     E(ELEC)=-4.071     |
 -------------------------------------------------------------------------------
 NBONDS: generating intra-molecular exclusion list with mode= 5
 MAKINB: mode   5 found      0 exclusions and      0 interactions(1-4)
 NBONDS: found     1747 intra-atom interactions
 --------------- cycle=    38 --------------------------------------------------
 | Etotal =-12.884    grad(E)=0.213      E(VDW )=-3.996     E(ELEC)=-8.888     |
 -------------------------------------------------------------------------------
 NBONDS: generating intra-molecular exclusion list with mode= 5
 MAKINB: mode   5 found      0 exclusions and      0 interactions(1-4)
 NBONDS: found     1467 intra-atom interactions
 --------------- cycle=    39 --------------------------------------------------
 | Etotal =-6.832     grad(E)=0.143      E(VDW )=-7.029     E(ELEC)=0.196      |
 -------------------------------------------------------------------------------
 NBONDS: generating intra-molecular exclusion list with mode= 5
 MAKINB: mode   5 found      0 exclusions and      0 interactions(1-4)
 NBONDS: found      956 intra-atom interactions
 --------------- cycle=    40 --------------------------------------------------
 | Etotal =-12.641    grad(E)=0.117      E(VDW )=-2.874     E(ELEC)=-9.767     |
 -------------------------------------------------------------------------------
 NBONDS: generating intra-molecular exclusion list with mode= 5
 MAKINB: mode   5 found      0 exclusions and      0 interactions(1-4)
 NBONDS: found     1235 intra-atom interactions
 --------------- cycle=    41 --------------------------------------------------
 | Etotal =-12.829    grad(E)=0.111      E(VDW )=-3.781     E(ELEC)=-9.049     |
 -------------------------------------------------------------------------------
 NBONDS: generating intra-molecular exclusion list with mode= 5
 MAKINB: mode   5 found      0 exclusions and      0 interactions(1-4)
 NBONDS: found      469 intra-atom interactions
 --------------- cycle=    42 --------------------------------------------------
 | Etotal =-9.381     grad(E)=0.136      E(VDW )=-0.480     E(ELEC)=-8.902     |
 -------------------------------------------------------------------------------
 NBONDS: generating intra-molecular exclusion list with mode= 5
 MAKINB: mode   5 found      0 exclusions and      0 interactions(1-4)
 NBONDS: found     2318 intra-atom interactions
 --------------- cycle=    43 --------------------------------------------------
 | Etotal =-22.830    grad(E)=0.205      E(VDW )=-8.376     E(ELEC)=-14.455    |
 -------------------------------------------------------------------------------
 HEAP: maximum use      =    22308712 current use      =       96000 bytes
 HEAP: maximum overhead =        2800 current overhead =         752 bytes
          ============================================================
           Maximum dynamic memory allocation:    22308712 bytes
           Maximum dynamic memory overhead:          2800 bytes
           Program started at: 15:53:52 on 08-May-2020
           Program stopped at: 15:54:17 on 08-May-2020
           CPU time used:      24.4531 seconds
          ============================================================
