          ============================================================
          |                                                          |
          |            Crystallography & NMR System (CNS)            |
          |                         CNSsolve                         |
          |                                                          |
          ============================================================
           Version: 1.3 at patch level U
           Status: Special UU release with Rg and paramagnetic
                   restraints (A. Bonvin, UU 2011)
          ============================================================
           Written by: A.T.Brunger, P.D.Adams, G.M.Clore, W.L.DeLano,
                       P.Gros, R.W.Grosse-Kunstleve,J.-S.Jiang,J.M.Krahn,
                       J.Kuszewski, M.Nilges, N.S.Pannu, R.J.Read,
                       L.M.Rice, G.F.Schroeder, T.Simonson, G.L.Warren.
           Copyright (c) 1997-2010 Yale University
          ============================================================
           Running on machine: hostname unknown (x86_64/Linux,64-bit)
           Program started by: joaor
           Program started at: 15:55:29 on 08-May-2020
          ============================================================

 FFT3C: Using FFTPACK4.1

 CNSsolve>! 
 CNSsolve>! Calculates pairwise energies between residues 
 CNSsolve>! Will only rebuild hydrogen atoms 
 CNSsolve>! 
 CNSsolve>! Adapted from HADDOCK protocols here and there. 
 CNSsolve>! JR & AMJJB @ 2020 
 CNSsolve>! 
 CNSsolve>define( 
 DEFINE>    {===>} auto_break=true; 
 DEFINE>    {===>} break_cutoff=2.5; 
 DEFINE>    {===>} dnaauto_break=true; 
 DEFINE>    {===>} dbreak_cutoff=4.5; 
 DEFINE>    {===>} auto_cispro=true; 
 DEFINE>    {===>} auto_disu=true; 
 DEFINE>    {===>} disulphide_dist=3.0; 
 DEFINE>    {===>} glyco_dist=2.75; 
 DEFINE>    {===>} coorin="molecule.pdb"; 
 DEFINE>    {===>} icutoff=5.0; 
 DEFINE>) 
 CNSsolve> 
 CNSsolve>! Mute (most) output 
 CNSsolve>set message=on echo=off end 
 ASSFIL: file merged.param opened.
 MESSage=NORM
 EVALUATE: symbol $OLD_MESSAGE set to "NORM" (string)
 ECHO=FALSe {OFF}
 EVALUATE: symbol $OLD_ECHO set to FALSE (logical)
 %PARRDR-info: duplication of bond HC   NC2 
 %PARRDR-info: duplication of angle CH2E C    NH1 
 %PARRDR-info: duplication of angle CH2P CH2E HA  
 ASSFIL: file merged.top opened.
 MESSage=NORM
 EVALUATE: symbol $OLD_MESSAGE set to "NORM" (string)
 ECHO=FALSe {OFF}
 EVALUATE: symbol $OLD_ECHO set to FALSE (logical)
 %RTFIO-warning: undefined masses in residue CYC 
 %RTFIO error encountered: there are undefined masses.
   (CNS is in mode: SET ABORT=NORMal END)
 MESSage=NORM
 EVALUATE: symbol $OLD_MESSAGE set to "NORM" (string)
 ECHO=FALSe {OFF}
 EVALUATE: symbol $OLD_ECHO set to FALSE (logical)
 ASSFIL: file protein_break.top opened.
 %RTFRDR-ERR: duplicate (P-)RESIdue name DPEP
 %RTFRDR-ERR: duplicate (P-)RESIdue name DPPP
 RTFRDR> 
 RTFRDR>end 
 CNSsolve> 
 CNSsolve>! Reset output muting 
 CNSsolve>set message=off echo=off end 
FOUND 4 NAG:ASN pairs
NAG:ASN bond added from   B    901  to   B    53  
NAG:ASN bond added from   B    907  to   B    322 
NAG:ASN bond added from   B    910  to   B    546 
NAG:ASN bond added from   E    1401 to   E    343 
FOUND 4 NAG:NAG pairs
NAG:NAG B14 bond added from   B    902  to   B    901 
NAG:NAG B14 bond added from   B    911  to   B    910 
NAG:NAG B14 bond added from   E    1402 to   E    1401
NAG:NAG B14 bond added from   E    1403 to   E    1402
 %PARRDR-info: duplication of bond HC   NC2 
 %PARRDR-info: duplication of angle CH2E C    NH1 
 %PARRDR-info: duplication of angle CH2P CH2E HA  
 POWELL: number of degrees of freedom= 13677
 NBONDS: generating intra-molecular exclusion list with mode=-2
 MAKINB: mode  -2 found   4559 exclusions and      0 interactions(1-4)
 %atoms "B   -60  -THR -HG21" and "B   -60  -THR -HG22" only  0.08 A apart
 %atoms "B   -165 -TRP -CD2 " and "B   -165 -TRP -HH2 " only  0.08 A apart
 %atoms "B   -175 -MET -HB1 " and "B   -175 -MET -HG2 " only  0.04 A apart
 %atoms "B   -369 -PHE -HA  " and "B   -369 -PHE -HE2 " only  0.09 A apart
 %atoms "B   -452 -PHE -HD2 " and "B   -452 -PHE -HE2 " only  0.04 A apart
 %atoms "E   -365 -TYR -HA  " and "E   -365 -TYR -HD2 " only  0.09 A apart
 %atoms "E   -367 -VAL -HG12" and "E   -367 -VAL -HG22" only  0.09 A apart
 %atoms "E   -425 -LEU -HD21" and "E   -425 -LEU -HD22" only  0.08 A apart
 %atoms "E   -485 -GLY -HA2 " and "E   -485 -GLY -C   " only  0.10 A apart
 %atoms "E   -518 -LEU -HG  " and "E   -518 -LEU -HD22" only  0.06 A apart
 NBONDS: found   678959 intra-atom interactions
 NBONDS: found       10 nonbonded violations
 %atoms "B   -93  -LEU -HD13" and "B   -93  -LEU -CD2 " only  0.09 A apart
 %atoms "E   -429 -PHE -HB1 " and "E   -429 -PHE -HZ  " only  0.07 A apart
 NBONDS: found   678516 intra-atom interactions
 NBONDS: found        2 nonbonded violations
 NBONDS: found   674897 intra-atom interactions
 NBONDS: found   670897 intra-atom interactions
 --------------- cycle=    10 ------ stepsize=   -0.0000 -----------------------
 | Etotal =0.33E+07   grad(E)=576.595    E(BOND)=491749.277 E(ANGL)=0.16E+07   |
 | E(VDW )=0.13E+07                                                            |
 -------------------------------------------------------------------------------
 NBONDS: found   671077 intra-atom interactions
 NBONDS: found   671645 intra-atom interactions
 NBONDS: found   672036 intra-atom interactions
 NBONDS: found   672301 intra-atom interactions
 --------------- cycle=    20 ------ stepsize=    0.0000 -----------------------
 | Etotal =0.12E+07   grad(E)=300.143    E(BOND)=229712.010 E(ANGL)=494070.319 |
 | E(VDW )=498586.748                                                          |
 -------------------------------------------------------------------------------
 NBONDS: found   672063 intra-atom interactions
 NBONDS: found   671905 intra-atom interactions
 NBONDS: found   672000 intra-atom interactions
 --------------- cycle=    30 ------ stepsize=    0.0000 -----------------------
 | Etotal =971560.182 grad(E)=245.671    E(BOND)=190671.865 E(ANGL)=357940.630 |
 | E(VDW )=422947.687                                                          |
 -------------------------------------------------------------------------------
 NBONDS: found   672078 intra-atom interactions
 NBONDS: found   672052 intra-atom interactions
 --------------- cycle=    40 ------ stepsize=   -0.0001 -----------------------
 | Etotal =917647.426 grad(E)=234.526    E(BOND)=185217.410 E(ANGL)=329007.158 |
 | E(VDW )=403422.858                                                          |
 -------------------------------------------------------------------------------
 NBONDS: found   672065 intra-atom interactions
 NBONDS: found   672082 intra-atom interactions
 NBONDS: found   672030 intra-atom interactions
 --------------- cycle=    50 ------ stepsize=    0.0002 -----------------------
 | Etotal =899477.186 grad(E)=232.859    E(BOND)=183244.677 E(ANGL)=319978.922 |
 | E(VDW )=396253.587                                                          |
 -------------------------------------------------------------------------------
 POWELL: STEP number limit. Normal termination
 POWELL: Current coordinates set to last minimum
 DCART: temperature coupling (TCOUpling) enabled
 -------------------------- Cartesian dynamics start ---------------------------
 | E(kin)+E(total)=0.34E+07        E(kin)=4126.229      temperature=303.636    |
 | Etotal =0.34E+07   grad(E)=575.889    E(BOND)=183244.677 E(ANGL)=319978.922 |
 | E(IMPR)=0.29E+07                                                            |
 -------------------------------------------------------------------------------
 ----------------- final step=       50 at      0.02500 ps ---------------------
 | E(kin)+E(total)=0.22E+07        E(kin)=432413.099    temperature=31819.868  |
 | Etotal =0.18E+07   grad(E)=325.408    E(BOND)=199320.270 E(ANGL)=814946.392 |
 | E(IMPR)=768226.407                                                          |
 -------------------------------------------------------------------------------
 CENMAS: Information about center of free masses
         position [A]          :     -0.64579      0.02239     -0.24477
         velocity [A/ps]       :      0.02566     -0.88791     -0.12990
         ang. mom. [amu A/ps]  : 537984.93861************* 892107.85168
         kin. ener. [Kcal/mol] :     87.81462
 POWELL: number of degrees of freedom= 13677
 NBONDS: found   669279 intra-atom interactions
 NBONDS: found   668402 intra-atom interactions
 NBONDS: found   668344 intra-atom interactions
 NBONDS: found   669438 intra-atom interactions
 --------------- cycle=    10 ------ stepsize=   -0.0001 -----------------------
 | Etotal =0.18E+07   grad(E)=274.480    E(BOND)=236142.482 E(ANGL)=452337.426 |
 | E(IMPR)=681388.444 E(VDW )=473114.613                                       |
 -------------------------------------------------------------------------------
 NBONDS: found   670249 intra-atom interactions
 NBONDS: found   670455 intra-atom interactions
 NBONDS: found   670558 intra-atom interactions
 NBONDS: found   670625 intra-atom interactions
 NBONDS: found   670943 intra-atom interactions
 --------------- cycle=    20 ------ stepsize=    0.0000 -----------------------
 | Etotal =0.13E+07   grad(E)=137.034    E(BOND)=174574.016 E(ANGL)=161174.387 |
 | E(IMPR)=571202.642 E(VDW )=347754.699                                       |
 -------------------------------------------------------------------------------
 NBONDS: found   671048 intra-atom interactions
 NBONDS: found   671005 intra-atom interactions
 NBONDS: found   670990 intra-atom interactions
 NBONDS: found   671054 intra-atom interactions
 --------------- cycle=    30 ------ stepsize=   -0.0001 -----------------------
 | Etotal =0.12E+07   grad(E)=115.734    E(BOND)=169329.261 E(ANGL)=133852.679 |
 | E(IMPR)=559170.969 E(VDW )=324209.060                                       |
 -------------------------------------------------------------------------------
 NBONDS: found   671153 intra-atom interactions
 NBONDS: found   671148 intra-atom interactions
 --------------- cycle=    40 ------ stepsize=   -0.0001 -----------------------
 | Etotal =0.12E+07   grad(E)=109.827    E(BOND)=167250.844 E(ANGL)=127249.186 |
 | E(IMPR)=552389.156 E(VDW )=316832.279                                       |
 -------------------------------------------------------------------------------
 NBONDS: found   671185 intra-atom interactions
 NBONDS: found   671101 intra-atom interactions
 NBONDS: found   671097 intra-atom interactions
 --------------- cycle=    50 ------ stepsize=   -0.0001 -----------------------
 | Etotal =0.11E+07   grad(E)=108.262    E(BOND)=166404.623 E(ANGL)=125107.278 |
 | E(IMPR)=543839.152 E(VDW )=312928.691                                       |
 -------------------------------------------------------------------------------
 POWELL: STEP number limit. Normal termination
 POWELL: Current coordinates set to last minimum
 DCART: temperature coupling (TCOUpling) enabled
 -------------------------- Cartesian dynamics start ---------------------------
 | E(kin)+E(total)=0.12E+07        E(kin)=4068.442      temperature=299.383    |
 | Etotal =0.11E+07   grad(E)=108.262    E(BOND)=166404.623 E(ANGL)=125107.278 |
 | E(IMPR)=543839.152 E(VDW )=312928.691                                       |
 -------------------------------------------------------------------------------
 NBONDS: found   671152 intra-atom interactions
 NBONDS: found   671167 intra-atom interactions
 ----------------- final step=       50 at      0.02500 ps ---------------------
 | E(kin)+E(total)=0.11E+07        E(kin)=7768.678      temperature=571.672    |
 | Etotal =0.11E+07   grad(E)=113.064    E(BOND)=168277.653 E(ANGL)=123180.884 |
 | E(IMPR)=535336.446 E(VDW )=313098.102                                       |
 -------------------------------------------------------------------------------
 CENMAS: Information about center of free masses
         position [A]          :     -0.64828      0.01383     -0.23799
         velocity [A/ps]       :     -0.03900      0.00885      0.00219
         ang. mom. [amu A/ps]  :  94192.80493 -64867.74139 165936.59850
         kin. ener. [Kcal/mol] :      0.17480
 %PARRDR-info: duplication of bond HC   NC2 
 %PARRDR-info: duplication of angle CH2E C    NH1 
 %PARRDR-info: duplication of angle CH2P CH2E HA  
 POWELL: number of degrees of freedom= 13677
 NBONDS: generating intra-molecular exclusion list with mode=-3
 MAKINB: mode  -3 found  15555 exclusions and      0 interactions(1-4)
 NBONDS: found   660054 intra-atom interactions
 NBONDS: found   661509 intra-atom interactions
 NBONDS: found   661700 intra-atom interactions
 NBONDS: found   661866 intra-atom interactions
 NBONDS: found   662019 intra-atom interactions
 NBONDS: found   662117 intra-atom interactions
 --------------- cycle=    25 ------ stepsize=   -0.0000 -----------------------
 | Etotal =380201.130 grad(E)=184.735    E(BOND)=88919.827  E(ANGL)=175739.654 |
 | E(IMPR)=113555.325 E(VDW )=1986.324                                         |
 -------------------------------------------------------------------------------
 NBONDS: found   662154 intra-atom interactions
 NBONDS: found   662312 intra-atom interactions
 NBONDS: found   661905 intra-atom interactions
 NBONDS: found   662070 intra-atom interactions
 NBONDS: found   662063 intra-atom interactions
 NBONDS: found   661982 intra-atom interactions
 --------------- cycle=    50 ------ stepsize=    0.0006 -----------------------
 | Etotal =56061.063  grad(E)=37.734     E(BOND)=2889.177   E(ANGL)=27849.347  |
 | E(IMPR)=24435.722  E(VDW )=886.818                                          |
 -------------------------------------------------------------------------------
 NBONDS: found   661964 intra-atom interactions
 NBONDS: found   661932 intra-atom interactions
 NBONDS: found   661802 intra-atom interactions
 NBONDS: found   661825 intra-atom interactions
 NBONDS: found   661843 intra-atom interactions
 --------------- cycle=    75 ------ stepsize=   -0.0000 -----------------------
 | Etotal =8997.236   grad(E)=21.293     E(BOND)=418.242    E(ANGL)=6072.195   |
 | E(IMPR)=1798.630   E(VDW )=708.169                                          |
 -------------------------------------------------------------------------------
 NBONDS: found   661803 intra-atom interactions
 NBONDS: found   661863 intra-atom interactions
 NBONDS: found   661840 intra-atom interactions
 --------------- cycle=   100 ------ stepsize=    0.0005 -----------------------
 | Etotal =1125.098   grad(E)=5.852      E(BOND)=18.333     E(ANGL)=440.437    |
 | E(IMPR)=35.866     E(VDW )=630.463                                          |
 -------------------------------------------------------------------------------
 POWELL: STEP number limit. Normal termination
 POWELL: Current coordinates set to last minimum
 DCART: temperature coupling (TCOUpling) enabled
 -------------------------- Cartesian dynamics start ---------------------------
 | E(kin)+E(total)=5116.186        E(kin)=3991.088      temperature=293.691    |
 | Etotal =1125.098   grad(E)=5.852      E(BOND)=18.333     E(ANGL)=440.437    |
 | E(IMPR)=35.866     E(VDW )=630.463                                          |
 -------------------------------------------------------------------------------
 NBONDS: found   662132 intra-atom interactions
 NBONDS: found   662097 intra-atom interactions
 NBONDS: found   661958 intra-atom interactions
 ----------------- final step=      500 at      0.25000 ps ---------------------
 | E(kin)+E(total)=8418.376        E(kin)=4550.077      temperature=334.825    |
 | Etotal =3868.299   grad(E)=24.550     E(BOND)=668.553    E(ANGL)=2135.051   |
 | E(IMPR)=309.267    E(VDW )=755.428                                          |
 -------------------------------------------------------------------------------
 CENMAS: Information about center of free masses
         position [A]          :     -0.64864      0.01284     -0.23576
         velocity [A/ps]       :     -0.00849     -0.08270      0.06752
         ang. mom. [amu A/ps]  :  62161.23762 291965.28798 166515.50748
         kin. ener. [Kcal/mol] :      1.24988
 EFLAGS: the following energy flags are set
 EFLAGS: BOND ANGL DIHE IMPR VDW 
 %PARRDR-info: duplication of bond HC   NC2 
 %PARRDR-info: duplication of angle CH2E C    NH1 
 %PARRDR-info: duplication of angle CH2P CH2E HA  
 POWELL: number of degrees of freedom= 13677
 NBONDS: generating intra-molecular exclusion list with mode=-3
 MAKINB: mode  -3 found  15555 exclusions and      0 interactions(1-4)
 NBONDS: found   661909 intra-atom interactions
 NBONDS: found   661849 intra-atom interactions
 --------------- cycle=    50 ------ stepsize=    0.0010 -----------------------
 | Etotal =13310.707  grad(E)=13.435     E(BOND)=229.718    E(ANGL)=1160.150   |
 | E(DIHE)=205.563    E(IMPR)=91.961     E(VDW )=11623.315                     |
 -------------------------------------------------------------------------------
 NBONDS: found   661868 intra-atom interactions
 --------------- cycle=   100 ------ stepsize=    0.0009 -----------------------
 | Etotal =13004.755  grad(E)=13.261     E(BOND)=223.449    E(ANGL)=1140.698   |
 | E(DIHE)=181.279    E(IMPR)=88.823     E(VDW )=11370.506                     |
 -------------------------------------------------------------------------------
 NBONDS: found   661869 intra-atom interactions
 --------------- cycle=   150 ------ stepsize=    0.0009 -----------------------
 | Etotal =12939.097  grad(E)=13.264     E(BOND)=223.653    E(ANGL)=1139.490   |
 | E(DIHE)=168.623    E(IMPR)=88.705     E(VDW )=11318.626                     |
 -------------------------------------------------------------------------------
 --------------- cycle=   200 ------ stepsize=    0.0010 -----------------------
 | Etotal =12919.644  grad(E)=13.254     E(BOND)=223.916    E(ANGL)=1137.677   |
 | E(DIHE)=167.225    E(IMPR)=88.384     E(VDW )=11302.441                     |
 -------------------------------------------------------------------------------
 --------------- cycle=   250 ------ stepsize=    0.0009 -----------------------
 | Etotal =12912.212  grad(E)=13.264     E(BOND)=224.308    E(ANGL)=1138.018   |
 | E(DIHE)=166.942    E(IMPR)=88.368     E(VDW )=11294.577                     |
 -------------------------------------------------------------------------------
 --------------- cycle=   300 ------ stepsize=    0.0010 -----------------------
 | Etotal =12904.960  grad(E)=13.264     E(BOND)=224.003    E(ANGL)=1137.777   |
 | E(DIHE)=165.462    E(IMPR)=88.558     E(VDW )=11289.160                     |
 -------------------------------------------------------------------------------
 --------------- cycle=   350 ------ stepsize=    0.0014 -----------------------
 | Etotal =12904.439  grad(E)=13.263     E(BOND)=224.077    E(ANGL)=1137.644   |
 | E(DIHE)=165.374    E(IMPR)=88.433     E(VDW )=11288.911                     |
 -------------------------------------------------------------------------------
 --------------- cycle=   400 ------ stepsize=    0.0013 -----------------------
 | Etotal =12904.418  grad(E)=13.263     E(BOND)=224.084    E(ANGL)=1137.673   |
 | E(DIHE)=165.418    E(IMPR)=88.417     E(VDW )=11288.827                     |
 -------------------------------------------------------------------------------
 --------------- cycle=   450 ------ stepsize=    0.0014 -----------------------
 | Etotal =12904.417  grad(E)=13.263     E(BOND)=224.084    E(ANGL)=1137.652   |
 | E(DIHE)=165.422    E(IMPR)=88.409     E(VDW )=11288.850                     |
 -------------------------------------------------------------------------------
 --------------- cycle=   500 ------ stepsize=    0.0010 -----------------------
 | Etotal =12904.416  grad(E)=13.263     E(BOND)=224.081    E(ANGL)=1137.637   |
 | E(DIHE)=165.473    E(IMPR)=88.407     E(VDW )=11288.818                     |
 -------------------------------------------------------------------------------
 POWELL: STEP number limit. Normal termination
 POWELL: Current coordinates set to last minimum
 DCART: temperature coupling (TCOUpling) enabled
 -------------------------- Cartesian dynamics start ---------------------------
 | E(kin)+E(total)=16918.779       E(kin)=4014.363      temperature=295.404    |
 | Etotal =12904.416  grad(E)=13.263     E(BOND)=224.081    E(ANGL)=1137.637   |
 | E(DIHE)=165.473    E(IMPR)=88.407     E(VDW )=11288.818                     |
 -------------------------------------------------------------------------------
 NBONDS: found   661797 intra-atom interactions
 NBONDS: found   661900 intra-atom interactions
 NBONDS: found   661824 intra-atom interactions
 NBONDS: found   661747 intra-atom interactions
 NBONDS: found   661866 intra-atom interactions
 NBONDS: found   661659 intra-atom interactions
 NBONDS: found   661814 intra-atom interactions
 ----------------- final step=      500 at      0.25000 ps ---------------------
 | E(kin)+E(total)=21124.350       E(kin)=4144.749      temperature=304.999    |
 | Etotal =16979.601  grad(E)=32.335     E(BOND)=1367.979   E(ANGL)=3442.914   |
 | E(DIHE)=174.197    E(IMPR)=462.646    E(VDW )=11531.864                     |
 -------------------------------------------------------------------------------
 CENMAS: Information about center of free masses
         position [A]          :     -0.64908      0.01241     -0.23604
         velocity [A/ps]       :     -0.36009     -0.09321     -0.31512
         ang. mom. [amu A/ps]  :   -491.69664 -21302.68099 -39643.15885
         kin. ener. [Kcal/mol] :      1.30513
 POWELL: number of degrees of freedom= 13677
 --------------- cycle=    50 ------ stepsize=    0.0010 -----------------------
 | Etotal =12908.397  grad(E)=13.259     E(BOND)=224.319    E(ANGL)=1140.258   |
 | E(DIHE)=161.886    E(IMPR)=88.270     E(VDW )=11293.664                     |
 -------------------------------------------------------------------------------
 NBONDS: found   661908 intra-atom interactions
 --------------- cycle=   100 ------ stepsize=    0.0011 -----------------------
 | Etotal =12899.752  grad(E)=13.267     E(BOND)=224.403    E(ANGL)=1140.167   |
 | E(DIHE)=161.732    E(IMPR)=88.179     E(VDW )=11285.271                     |
 -------------------------------------------------------------------------------
 --------------- cycle=   150 ------ stepsize=    0.0013 -----------------------
 | Etotal =12894.544  grad(E)=13.272     E(BOND)=224.570    E(ANGL)=1139.714   |
 | E(DIHE)=161.744    E(IMPR)=88.093     E(VDW )=11280.422                     |
 -------------------------------------------------------------------------------
 --------------- cycle=   200 ------ stepsize=    0.0012 -----------------------
 | Etotal =12892.715  grad(E)=13.267     E(BOND)=224.266    E(ANGL)=1138.946   |
 | E(DIHE)=163.043    E(IMPR)=88.131     E(VDW )=11278.329                     |
 -------------------------------------------------------------------------------
 --------------- cycle=   250 ------ stepsize=    0.0012 -----------------------
 | Etotal =12891.964  grad(E)=13.267     E(BOND)=224.230    E(ANGL)=1138.925   |
 | E(DIHE)=163.000    E(IMPR)=88.161     E(VDW )=11277.648                     |
 -------------------------------------------------------------------------------
 --------------- cycle=   300 ------ stepsize=    0.0010 -----------------------
 | Etotal =12891.948  grad(E)=13.268     E(BOND)=224.217    E(ANGL)=1138.950   |
 | E(DIHE)=162.978    E(IMPR)=88.161     E(VDW )=11277.641                     |
 -------------------------------------------------------------------------------
 --------------- cycle=   350 ------ stepsize=    0.0010 -----------------------
 | Etotal =12891.946  grad(E)=13.268     E(BOND)=224.211    E(ANGL)=1138.948   |
 | E(DIHE)=163.022    E(IMPR)=88.158     E(VDW )=11277.608                     |
 -------------------------------------------------------------------------------
 --------------- cycle=   400 ------ stepsize=    0.0011 -----------------------
 | Etotal =12891.946  grad(E)=13.268     E(BOND)=224.212    E(ANGL)=1138.949   |
 | E(DIHE)=163.019    E(IMPR)=88.159     E(VDW )=11277.608                     |
 -------------------------------------------------------------------------------
 POWELL: Gradient converged. Normal termination
 POWELL: Current coordinates set to last minimum
 POWELL: number of degrees of freedom= 18051
 NBONDS: found   661693 intra-atom interactions
 NBONDS: found   661818 intra-atom interactions
 --------------- cycle=     5 ------ stepsize=    0.0006 -----------------------
 | Etotal =12732.456  grad(E)=13.250     E(BOND)=222.764    E(ANGL)=1137.767   |
 | E(DIHE)=163.016    E(IMPR)=88.003     E(VDW )=11120.907                     |
 -------------------------------------------------------------------------------
 --------------- cycle=    10 ------ stepsize=    0.0011 -----------------------
 | Etotal =12728.861  grad(E)=13.253     E(BOND)=222.661    E(ANGL)=1138.372   |
 | E(DIHE)=163.013    E(IMPR)=87.917     E(VDW )=11116.898                     |
 -------------------------------------------------------------------------------
 --------------- cycle=    15 ------ stepsize=    0.0005 -----------------------
 | Etotal =12726.157  grad(E)=13.248     E(BOND)=222.696    E(ANGL)=1138.117   |
 | E(DIHE)=162.973    E(IMPR)=88.020     E(VDW )=11114.352                     |
 -------------------------------------------------------------------------------
 --------------- cycle=    20 ------ stepsize=    0.0008 -----------------------
 | Etotal =12725.103  grad(E)=13.246     E(BOND)=222.625    E(ANGL)=1137.973   |
 | E(DIHE)=162.960    E(IMPR)=87.895     E(VDW )=11113.650                     |
 -------------------------------------------------------------------------------
 --------------- cycle=    25 ------ stepsize=    0.0006 -----------------------
 | Etotal =12724.545  grad(E)=13.253     E(BOND)=222.579    E(ANGL)=1138.415   |
 | E(DIHE)=162.897    E(IMPR)=87.928     E(VDW )=11112.727                     |
 -------------------------------------------------------------------------------
 --------------- cycle=    30 ------ stepsize=    0.0013 -----------------------
 | Etotal =12723.232  grad(E)=13.248     E(BOND)=222.672    E(ANGL)=1138.200   |
 | E(DIHE)=162.755    E(IMPR)=87.899     E(VDW )=11111.707                     |
 -------------------------------------------------------------------------------
 --------------- cycle=    35 ------ stepsize=    0.0001 -----------------------
 | Etotal =12723.006  grad(E)=13.247     E(BOND)=222.635    E(ANGL)=1138.082   |
 | E(DIHE)=162.757    E(IMPR)=87.842     E(VDW )=11111.689                     |
 -------------------------------------------------------------------------------
 --------------- cycle=    40 ------ stepsize=    0.0012 -----------------------
 | Etotal =12722.950  grad(E)=13.245     E(BOND)=222.637    E(ANGL)=1137.933   |
 | E(DIHE)=162.742    E(IMPR)=87.848     E(VDW )=11111.790                     |
 -------------------------------------------------------------------------------
 --------------- cycle=    45 ------ stepsize=   -0.0001 -----------------------
 | Etotal =12722.912  grad(E)=13.246     E(BOND)=222.625    E(ANGL)=1138.056   |
 | E(DIHE)=162.726    E(IMPR)=87.853     E(VDW )=11111.652                     |
 -------------------------------------------------------------------------------
 --------------- cycle=    50 ------ stepsize=    0.0007 -----------------------
 | Etotal =12722.895  grad(E)=13.246     E(BOND)=222.655    E(ANGL)=1137.980   |
 | E(DIHE)=162.721    E(IMPR)=87.854     E(VDW )=11111.684                     |
 -------------------------------------------------------------------------------
 POWELL: STEP number limit. Normal termination
 POWELL: Current coordinates set to last minimum
 %PARRDR-info: duplication of bond HC   NC2 
 %PARRDR-info: duplication of angle CH2E C    NH1 
 %PARRDR-info: duplication of angle CH2P CH2E HA  
 POWELL: number of degrees of freedom= 18051
 NBONDS: generating intra-molecular exclusion list with mode= 5
 MAKINB: mode   5 found  17505 exclusions and  17649 interactions(1-4)
 NBONDS: found   875476 intra-atom interactions
 NBONDS: found   875566 intra-atom interactions
 --------------- cycle=    50 ------ stepsize=    0.0010 -----------------------
 | Etotal =64.924     grad(E)=5.606      E(BOND)=18.290     E(ANGL)=424.722    |
 | E(DIHE)=65.009     E(IMPR)=35.569     E(VDW )=-479.778   E(ELEC)=1.112      |
 -------------------------------------------------------------------------------
 POWELL: STEP number limit. Normal termination
 POWELL: Current coordinates set to last minimum
 --------------- cycle=     1 --------------------------------------------------
 | Etotal =64.924     grad(E)=5.606      E(BOND)=18.290     E(ANGL)=424.722    |
 | E(DIHE)=65.009     E(IMPR)=35.569     E(VDW )=-479.778   E(ELEC)=1.112      |
 -------------------------------------------------------------------------------
 SURFAC: half the sigma value being used for atomic radii.
 SURFAC: ACCEssible surface area
 SURFAC: ACCUracy= 0.07 RH2O=  1.40
         Z-grid=  0.32 number-of-Z-sections=  225
         measures-of-arc= 91029 and150053
 SURFAC: half the sigma value being used for atomic radii.
 SURFAC: ACCEssible surface area
 SURFAC: ACCUracy= 0.07 RH2O=  1.40
         Z-grid=  0.32 number-of-Z-sections=  135
         measures-of-arc= 25652 and 46539
 SURFAC: half the sigma value being used for atomic radii.
 SURFAC: ACCEssible surface area
 SURFAC: ACCUracy= 0.07 RH2O=  1.40
         Z-grid=  0.32 number-of-Z-sections=  225
         measures-of-arc=118287 and197047
 %PARRDR-info: duplication of bond HC   NC2 
 %PARRDR-info: duplication of angle CH2E C    NH1 
 %PARRDR-info: duplication of angle CH2P CH2E HA  
 NBONDS: generating intra-molecular exclusion list with mode= 5
 MAKINB: mode   5 found      0 exclusions and      0 interactions(1-4)
 NBONDS: found      699 intra-atom interactions
 --------------- cycle=     2 --------------------------------------------------
 | Etotal =0.437      grad(E)=0.039      E(VDW )=-1.719     E(ELEC)=2.156      |
 -------------------------------------------------------------------------------
 NBONDS: generating intra-molecular exclusion list with mode= 5
 MAKINB: mode   5 found      0 exclusions and      0 interactions(1-4)
 NBONDS: found     1299 intra-atom interactions
 --------------- cycle=     3 --------------------------------------------------
 | Etotal =-7.584     grad(E)=0.134      E(VDW )=-3.570     E(ELEC)=-4.014     |
 -------------------------------------------------------------------------------
 NBONDS: generating intra-molecular exclusion list with mode= 5
 MAKINB: mode   5 found      0 exclusions and      0 interactions(1-4)
 NBONDS: found     1875 intra-atom interactions
 --------------- cycle=     4 --------------------------------------------------
 | Etotal =-9.492     grad(E)=0.045      E(VDW )=-6.142     E(ELEC)=-3.349     |
 -------------------------------------------------------------------------------
 NBONDS: generating intra-molecular exclusion list with mode= 5
 MAKINB: mode   5 found      0 exclusions and      0 interactions(1-4)
 NBONDS: found     1153 intra-atom interactions
 --------------- cycle=     5 --------------------------------------------------
 | Etotal =-2.386     grad(E)=0.016      E(VDW )=-2.288     E(ELEC)=-0.098     |
 -------------------------------------------------------------------------------
 NBONDS: generating intra-molecular exclusion list with mode= 5
 MAKINB: mode   5 found      0 exclusions and      0 interactions(1-4)
 NBONDS: found      798 intra-atom interactions
 --------------- cycle=     6 --------------------------------------------------
 | Etotal =-1.838     grad(E)=0.034      E(VDW )=-2.094     E(ELEC)=0.256      |
 -------------------------------------------------------------------------------
 NBONDS: generating intra-molecular exclusion list with mode= 5
 MAKINB: mode   5 found      0 exclusions and      0 interactions(1-4)
 NBONDS: found     1572 intra-atom interactions
 --------------- cycle=     7 --------------------------------------------------
 | Etotal =2.201      grad(E)=0.125      E(VDW )=-6.167     E(ELEC)=8.368      |
 -------------------------------------------------------------------------------
 NBONDS: generating intra-molecular exclusion list with mode= 5
 MAKINB: mode   5 found      0 exclusions and      0 interactions(1-4)
 NBONDS: found     1657 intra-atom interactions
 --------------- cycle=     8 --------------------------------------------------
 | Etotal =-3.234     grad(E)=0.038      E(VDW )=-3.334     E(ELEC)=0.100      |
 -------------------------------------------------------------------------------
 NBONDS: generating intra-molecular exclusion list with mode= 5
 MAKINB: mode   5 found      0 exclusions and      0 interactions(1-4)
 NBONDS: found     1453 intra-atom interactions
 --------------- cycle=     9 --------------------------------------------------
 | Etotal =-13.032    grad(E)=0.125      E(VDW )=-2.927     E(ELEC)=-10.105    |
 -------------------------------------------------------------------------------
 NBONDS: generating intra-molecular exclusion list with mode= 5
 MAKINB: mode   5 found      0 exclusions and      0 interactions(1-4)
 NBONDS: found      511 intra-atom interactions
 --------------- cycle=    10 --------------------------------------------------
 | Etotal =-15.320    grad(E)=0.170      E(VDW )=-1.342     E(ELEC)=-13.977    |
 -------------------------------------------------------------------------------
 NBONDS: generating intra-molecular exclusion list with mode= 5
 MAKINB: mode   5 found      0 exclusions and      0 interactions(1-4)
 NBONDS: found     1066 intra-atom interactions
 --------------- cycle=    11 --------------------------------------------------
 | Etotal =-18.295    grad(E)=0.344      E(VDW )=-2.724     E(ELEC)=-15.572    |
 -------------------------------------------------------------------------------
 NBONDS: generating intra-molecular exclusion list with mode= 5
 MAKINB: mode   5 found      0 exclusions and      0 interactions(1-4)
 NBONDS: found     1440 intra-atom interactions
 --------------- cycle=    12 --------------------------------------------------
 | Etotal =-11.489    grad(E)=0.172      E(VDW )=-2.657     E(ELEC)=-8.832     |
 -------------------------------------------------------------------------------
 NBONDS: generating intra-molecular exclusion list with mode= 5
 MAKINB: mode   5 found      0 exclusions and      0 interactions(1-4)
 NBONDS: found      411 intra-atom interactions
 --------------- cycle=    13 --------------------------------------------------
 | Etotal =5.969      grad(E)=0.100      E(VDW )=-0.738     E(ELEC)=6.707      |
 -------------------------------------------------------------------------------
 NBONDS: generating intra-molecular exclusion list with mode= 5
 MAKINB: mode   5 found      0 exclusions and      0 interactions(1-4)
 NBONDS: found      548 intra-atom interactions
 --------------- cycle=    14 --------------------------------------------------
 | Etotal =-1.185     grad(E)=0.057      E(VDW )=-2.434     E(ELEC)=1.250      |
 -------------------------------------------------------------------------------
 NBONDS: generating intra-molecular exclusion list with mode= 5
 MAKINB: mode   5 found      0 exclusions and      0 interactions(1-4)
 NBONDS: found      319 intra-atom interactions
 --------------- cycle=    15 --------------------------------------------------
 | Etotal =-0.889     grad(E)=0.017      E(VDW )=-0.777     E(ELEC)=-0.112     |
 -------------------------------------------------------------------------------
 NBONDS: generating intra-molecular exclusion list with mode= 5
 MAKINB: mode   5 found      0 exclusions and      0 interactions(1-4)
 NBONDS: found      832 intra-atom interactions
 --------------- cycle=    16 --------------------------------------------------
 | Etotal =-15.293    grad(E)=0.155      E(VDW )=-1.238     E(ELEC)=-14.055    |
 -------------------------------------------------------------------------------
 NBONDS: generating intra-molecular exclusion list with mode= 5
 MAKINB: mode   5 found      0 exclusions and      0 interactions(1-4)
 NBONDS: found      319 intra-atom interactions
 --------------- cycle=    17 --------------------------------------------------
 | Etotal =-0.749     grad(E)=0.017      E(VDW )=-1.130     E(ELEC)=0.382      |
 -------------------------------------------------------------------------------
 NBONDS: generating intra-molecular exclusion list with mode= 5
 MAKINB: mode   5 found      0 exclusions and      0 interactions(1-4)
 NBONDS: found     3168 intra-atom interactions
 --------------- cycle=    18 --------------------------------------------------
 | Etotal =-46.467    grad(E)=0.298      E(VDW )=-10.698    E(ELEC)=-35.769    |
 -------------------------------------------------------------------------------
 NBONDS: generating intra-molecular exclusion list with mode= 5
 MAKINB: mode   5 found      0 exclusions and      0 interactions(1-4)
 NBONDS: found     1420 intra-atom interactions
 --------------- cycle=    19 --------------------------------------------------
 | Etotal =-21.314    grad(E)=0.214      E(VDW )=-4.815     E(ELEC)=-16.499    |
 -------------------------------------------------------------------------------
 NBONDS: generating intra-molecular exclusion list with mode= 5
 MAKINB: mode   5 found      0 exclusions and      0 interactions(1-4)
 NBONDS: found      943 intra-atom interactions
 --------------- cycle=    20 --------------------------------------------------
 | Etotal =-3.097     grad(E)=0.147      E(VDW )=-3.837     E(ELEC)=0.740      |
 -------------------------------------------------------------------------------
 NBONDS: generating intra-molecular exclusion list with mode= 5
 MAKINB: mode   5 found      0 exclusions and      0 interactions(1-4)
 NBONDS: found      516 intra-atom interactions
 --------------- cycle=    21 --------------------------------------------------
 | Etotal =-0.709     grad(E)=0.104      E(VDW )=-1.372     E(ELEC)=0.663      |
 -------------------------------------------------------------------------------
 NBONDS: generating intra-molecular exclusion list with mode= 5
 MAKINB: mode   5 found      0 exclusions and      0 interactions(1-4)
 NBONDS: found      726 intra-atom interactions
 --------------- cycle=    22 --------------------------------------------------
 | Etotal =-8.389     grad(E)=0.246      E(VDW )=-0.866     E(ELEC)=-7.523     |
 -------------------------------------------------------------------------------
 NBONDS: generating intra-molecular exclusion list with mode= 5
 MAKINB: mode   5 found      0 exclusions and      0 interactions(1-4)
 NBONDS: found      580 intra-atom interactions
 --------------- cycle=    23 --------------------------------------------------
 | Etotal =-0.151     grad(E)=0.041      E(VDW )=-0.540     E(ELEC)=0.389      |
 -------------------------------------------------------------------------------
 NBONDS: generating intra-molecular exclusion list with mode= 5
 MAKINB: mode   5 found      0 exclusions and      0 interactions(1-4)
 NBONDS: found     1417 intra-atom interactions
 --------------- cycle=    24 --------------------------------------------------
 | Etotal =-3.653     grad(E)=0.019      E(VDW )=-3.305     E(ELEC)=-0.348     |
 -------------------------------------------------------------------------------
 NBONDS: generating intra-molecular exclusion list with mode= 5
 MAKINB: mode   5 found      0 exclusions and      0 interactions(1-4)
 NBONDS: found     1448 intra-atom interactions
 --------------- cycle=    25 --------------------------------------------------
 | Etotal =-4.737     grad(E)=0.034      E(VDW )=-5.547     E(ELEC)=0.810      |
 -------------------------------------------------------------------------------
 NBONDS: generating intra-molecular exclusion list with mode= 5
 MAKINB: mode   5 found      0 exclusions and      0 interactions(1-4)
 NBONDS: found      824 intra-atom interactions
 --------------- cycle=    26 --------------------------------------------------
 | Etotal =-1.893     grad(E)=0.024      E(VDW )=-2.032     E(ELEC)=0.139      |
 -------------------------------------------------------------------------------
 NBONDS: generating intra-molecular exclusion list with mode= 5
 MAKINB: mode   5 found      0 exclusions and      0 interactions(1-4)
 NBONDS: found      777 intra-atom interactions
 --------------- cycle=    27 --------------------------------------------------
 | Etotal =-7.966     grad(E)=0.124      E(VDW )=-2.046     E(ELEC)=-5.921     |
 -------------------------------------------------------------------------------
 NBONDS: generating intra-molecular exclusion list with mode= 5
 MAKINB: mode   5 found      0 exclusions and      0 interactions(1-4)
 NBONDS: found      286 intra-atom interactions
 --------------- cycle=    28 --------------------------------------------------
 | Etotal =-0.816     grad(E)=0.037      E(VDW )=-0.788     E(ELEC)=-0.028     |
 -------------------------------------------------------------------------------
 NBONDS: generating intra-molecular exclusion list with mode= 5
 MAKINB: mode   5 found      0 exclusions and      0 interactions(1-4)
 NBONDS: found      192 intra-atom interactions
 --------------- cycle=    29 --------------------------------------------------
 | Etotal =0.587      grad(E)=0.030      E(VDW )=-0.520     E(ELEC)=1.107      |
 -------------------------------------------------------------------------------
 NBONDS: generating intra-molecular exclusion list with mode= 5
 MAKINB: mode   5 found      0 exclusions and      0 interactions(1-4)
 NBONDS: found      976 intra-atom interactions
 --------------- cycle=    30 --------------------------------------------------
 | Etotal =-3.199     grad(E)=0.026      E(VDW )=-2.642     E(ELEC)=-0.556     |
 -------------------------------------------------------------------------------
 NBONDS: generating intra-molecular exclusion list with mode= 5
 MAKINB: mode   5 found      0 exclusions and      0 interactions(1-4)
 NBONDS: found     1086 intra-atom interactions
 --------------- cycle=    31 --------------------------------------------------
 | Etotal =-1.733     grad(E)=0.067      E(VDW )=-3.058     E(ELEC)=1.326      |
 -------------------------------------------------------------------------------
 NBONDS: generating intra-molecular exclusion list with mode= 5
 MAKINB: mode   5 found      0 exclusions and      0 interactions(1-4)
 NBONDS: found     1749 intra-atom interactions
 --------------- cycle=    32 --------------------------------------------------
 | Etotal =-9.289     grad(E)=0.068      E(VDW )=-4.776     E(ELEC)=-4.513     |
 -------------------------------------------------------------------------------
 NBONDS: generating intra-molecular exclusion list with mode= 5
 MAKINB: mode   5 found      0 exclusions and      0 interactions(1-4)
 NBONDS: found     1340 intra-atom interactions
 --------------- cycle=    33 --------------------------------------------------
 | Etotal =-6.224     grad(E)=0.094      E(VDW )=-5.831     E(ELEC)=-0.393     |
 -------------------------------------------------------------------------------
 NBONDS: generating intra-molecular exclusion list with mode= 5
 MAKINB: mode   5 found      0 exclusions and      0 interactions(1-4)
 NBONDS: found      550 intra-atom interactions
 --------------- cycle=    34 --------------------------------------------------
 | Etotal =-2.258     grad(E)=0.053      E(VDW )=-0.626     E(ELEC)=-1.632     |
 -------------------------------------------------------------------------------
 NBONDS: generating intra-molecular exclusion list with mode= 5
 MAKINB: mode   5 found      0 exclusions and      0 interactions(1-4)
 NBONDS: found      486 intra-atom interactions
 --------------- cycle=    35 --------------------------------------------------
 | Etotal =-7.829     grad(E)=0.080      E(VDW )=-1.269     E(ELEC)=-6.560     |
 -------------------------------------------------------------------------------
 NBONDS: generating intra-molecular exclusion list with mode= 5
 MAKINB: mode   5 found      0 exclusions and      0 interactions(1-4)
 NBONDS: found      428 intra-atom interactions
 --------------- cycle=    36 --------------------------------------------------
 | Etotal =-20.239    grad(E)=0.139      E(VDW )=-0.930     E(ELEC)=-19.309    |
 -------------------------------------------------------------------------------
 NBONDS: generating intra-molecular exclusion list with mode= 5
 MAKINB: mode   5 found      0 exclusions and      0 interactions(1-4)
 NBONDS: found      422 intra-atom interactions
 --------------- cycle=    37 --------------------------------------------------
 | Etotal =0.122      grad(E)=0.040      E(VDW )=-0.442     E(ELEC)=0.564      |
 -------------------------------------------------------------------------------
 NBONDS: generating intra-molecular exclusion list with mode= 5
 MAKINB: mode   5 found      0 exclusions and      0 interactions(1-4)
 NBONDS: found     1620 intra-atom interactions
 --------------- cycle=    38 --------------------------------------------------
 | Etotal =-8.676     grad(E)=0.100      E(VDW )=-4.562     E(ELEC)=-4.114     |
 -------------------------------------------------------------------------------
 NBONDS: generating intra-molecular exclusion list with mode= 5
 MAKINB: mode   5 found      0 exclusions and      0 interactions(1-4)
 NBONDS: found     1904 intra-atom interactions
 --------------- cycle=    39 --------------------------------------------------
 | Etotal =-11.539    grad(E)=0.207      E(VDW )=-3.945     E(ELEC)=-7.594     |
 -------------------------------------------------------------------------------
 NBONDS: generating intra-molecular exclusion list with mode= 5
 MAKINB: mode   5 found      0 exclusions and      0 interactions(1-4)
 NBONDS: found     1393 intra-atom interactions
 --------------- cycle=    40 --------------------------------------------------
 | Etotal =-7.057     grad(E)=0.138      E(VDW )=-6.520     E(ELEC)=-0.537     |
 -------------------------------------------------------------------------------
 NBONDS: generating intra-molecular exclusion list with mode= 5
 MAKINB: mode   5 found      0 exclusions and      0 interactions(1-4)
 NBONDS: found      852 intra-atom interactions
 --------------- cycle=    41 --------------------------------------------------
 | Etotal =-14.960    grad(E)=0.174      E(VDW )=-1.161     E(ELEC)=-13.799    |
 -------------------------------------------------------------------------------
 NBONDS: generating intra-molecular exclusion list with mode= 5
 MAKINB: mode   5 found      0 exclusions and      0 interactions(1-4)
 NBONDS: found     1143 intra-atom interactions
 --------------- cycle=    42 --------------------------------------------------
 | Etotal =-13.648    grad(E)=0.159      E(VDW )=-1.710     E(ELEC)=-11.939    |
 -------------------------------------------------------------------------------
 NBONDS: generating intra-molecular exclusion list with mode= 5
 MAKINB: mode   5 found      0 exclusions and      0 interactions(1-4)
 NBONDS: found      402 intra-atom interactions
 --------------- cycle=    43 --------------------------------------------------
 | Etotal =-10.316    grad(E)=0.102      E(VDW )=-1.581     E(ELEC)=-8.735     |
 -------------------------------------------------------------------------------
 NBONDS: generating intra-molecular exclusion list with mode= 5
 MAKINB: mode   5 found      0 exclusions and      0 interactions(1-4)
 NBONDS: found     2186 intra-atom interactions
 --------------- cycle=    44 --------------------------------------------------
 | Etotal =-10.573    grad(E)=0.150      E(VDW )=-8.365     E(ELEC)=-2.208     |
 -------------------------------------------------------------------------------
 HEAP: maximum use      =    22308712 current use      =       96000 bytes
 HEAP: maximum overhead =        2800 current overhead =         752 bytes
          ============================================================
           Maximum dynamic memory allocation:    22308712 bytes
           Maximum dynamic memory overhead:          2800 bytes
           Program started at: 15:55:29 on 08-May-2020
           Program stopped at: 15:55:53 on 08-May-2020
           CPU time used:      23.2656 seconds
          ============================================================
