          ============================================================
          |                                                          |
          |            Crystallography & NMR System (CNS)            |
          |                         CNSsolve                         |
          |                                                          |
          ============================================================
           Version: 1.3 at patch level U
           Status: Special UU release with Rg and paramagnetic
                   restraints (A. Bonvin, UU 2011)
          ============================================================
           Written by: A.T.Brunger, P.D.Adams, G.M.Clore, W.L.DeLano,
                       P.Gros, R.W.Grosse-Kunstleve,J.-S.Jiang,J.M.Krahn,
                       J.Kuszewski, M.Nilges, N.S.Pannu, R.J.Read,
                       L.M.Rice, G.F.Schroeder, T.Simonson, G.L.Warren.
           Copyright (c) 1997-2010 Yale University
          ============================================================
           Running on machine: hostname unknown (x86_64/Linux,64-bit)
           Program started by: joaor
           Program started at: 19:25:00 on 10-Jun-2020
          ============================================================

 FFT3C: Using FFTPACK4.1

 CNSsolve>! 
 CNSsolve>! Calculates pairwise energies between residues 
 CNSsolve>! Will only rebuild hydrogen atoms 
 CNSsolve>! 
 CNSsolve>! Adapted from HADDOCK protocols here and there. 
 CNSsolve>! JR & AMJJB @ 2020 
 CNSsolve>! 
 CNSsolve>define( 
 DEFINE>    {===>} auto_break=true; 
 DEFINE>    {===>} break_cutoff=2.5; 
 DEFINE>    {===>} dnaauto_break=true; 
 DEFINE>    {===>} dbreak_cutoff=4.5; 
 DEFINE>    {===>} auto_cispro=true; 
 DEFINE>    {===>} auto_disu=true; 
 DEFINE>    {===>} disulphide_dist=3.0; 
 DEFINE>    {===>} glyco_dist=2.75; 
 DEFINE>    {===>} coorin="molecule.pdb"; 
 DEFINE>    {===>} icutoff=5.0; 
 DEFINE>) 
 CNSsolve> 
 CNSsolve>! Mute (most) output 
 CNSsolve>set message=on echo=off end 
 ASSFIL: file merged.param opened.
 MESSage=NORM
 EVALUATE: symbol $OLD_MESSAGE set to "NORM" (string)
 ECHO=FALSe {OFF}
 EVALUATE: symbol $OLD_ECHO set to FALSE (logical)
 %PARRDR-info: duplication of bond HC   NC2 
 %PARRDR-info: duplication of angle CH2E C    NH1 
 %PARRDR-info: duplication of angle CH2P CH2E HA  
 ASSFIL: file merged.top opened.
 MESSage=NORM
 EVALUATE: symbol $OLD_MESSAGE set to "NORM" (string)
 ECHO=FALSe {OFF}
 EVALUATE: symbol $OLD_ECHO set to FALSE (logical)
 %RTFIO-warning: undefined masses in residue CYC 
 %RTFIO error encountered: there are undefined masses.
   (CNS is in mode: SET ABORT=NORMal END)
 MESSage=NORM
 EVALUATE: symbol $OLD_MESSAGE set to "NORM" (string)
 ECHO=FALSe {OFF}
 EVALUATE: symbol $OLD_ECHO set to FALSE (logical)
 ASSFIL: file protein_break.top opened.
 %RTFRDR-ERR: duplicate (P-)RESIdue name DPEP
 %RTFRDR-ERR: duplicate (P-)RESIdue name DPPP
 RTFRDR> 
 RTFRDR>end 
 CNSsolve> 
 CNSsolve>! Reset output muting 
 CNSsolve>set message=off echo=off end 
FOUND 4 NAG:ASN pairs
NAG:ASN bond added from   B    901  to   B    53  
NAG:ASN bond added from   B    907  to   B    322 
NAG:ASN bond added from   B    910  to   B    546 
NAG:ASN bond added from   E    1401 to   E    343 
FOUND 4 NAG:NAG pairs
NAG:NAG B14 bond added from   B    902  to   B    901 
NAG:NAG B14 bond added from   B    911  to   B    910 
NAG:NAG B14 bond added from   E    1402 to   E    1401
NAG:NAG B14 bond added from   E    1403 to   E    1402
 %PARRDR-info: duplication of bond HC   NC2 
 %PARRDR-info: duplication of angle CH2E C    NH1 
 %PARRDR-info: duplication of angle CH2P CH2E HA  
 POWELL: number of degrees of freedom= 13767
 NBONDS: generating intra-molecular exclusion list with mode=-2
 MAKINB: mode  -2 found   4589 exclusions and      0 interactions(1-4)
 %atoms "B   -178 -PRO -HB1 " and "B   -178 -PRO -HB2 " only  0.07 A apart
 %atoms "B   -206 -ASP -HA  " and "B   -206 -ASP -HB2 " only  0.07 A apart
 %atoms "B   -221 -GLN -HB2 " and "B   -221 -GLN -HG1 " only  0.07 A apart
 %atoms "B   -370 -LEU -HD12" and "B   -370 -LEU -HD13" only  0.06 A apart
 %atoms "B   -418 -LEU -HB2 " and "B   -418 -LEU -HD22" only  0.08 A apart
 %atoms "B   -432 -SER -HA  " and "B   -432 -SER -CB  " only  0.09 A apart
 %atoms "B   -437 -ASN -HA  " and "B   -437 -ASN -HB2 " only  0.09 A apart
 %atoms "B   -447 -VAL -HA  " and "B   -447 -VAL -HG11" only  0.09 A apart
 %atoms "B   -506 -VAL -HG11" and "B   -506 -VAL -HG13" only  0.04 A apart
 %atoms "B   -514 -ARG -HB2 " and "B   -514 -ARG -NE  " only  0.08 A apart
 %atoms "B   -515 -TYR -HA  " and "B   -515 -TYR -HD2 " only  0.08 A apart
 %atoms "B   -581 -VAL -HG12" and "B   -581 -VAL -HG21" only  0.08 A apart
 %atoms "E   -406 -GLU -HB1 " and "E   -406 -GLU -HB2 " only  0.09 A apart
 %atoms "E   -441 -LEU -HD13" and "E   -441 -LEU -HD21" only  0.08 A apart
 NBONDS: found   697715 intra-atom interactions
 NBONDS: found       14 nonbonded violations
 %atoms "B   -92  -ILE -CA  " and "B   -92  -ILE -HD12" only  0.09 A apart
 %atoms "B   -165 -TRP -HE3 " and "B   -165 -TRP -HZ2 " only  0.05 A apart
 %atoms "B   -206 -ASP -HA  " and "B   -206 -ASP -HB2 " only  0.07 A apart
 %atoms "B   -221 -GLN -HB2 " and "B   -221 -GLN -HG1 " only  0.03 A apart
 %atoms "B   -356 -PHE -HA  " and "B   -356 -PHE -HE1 " only  0.07 A apart
 %atoms "B   -437 -ASN -HA  " and "B   -437 -ASN -HB2 " only  0.05 A apart
 %atoms "B   -540 -TYR -HB1 " and "B   -540 -TYR -HE1 " only  0.06 A apart
 %atoms "E   -345 -THR -CB  " and "E   -345 -THR -HG21" only  0.08 A apart
 %atoms "E   -515 -PHE -HB1 " and "E   -515 -PHE -HD1 " only  0.05 A apart
 NBONDS: found   698412 intra-atom interactions
 NBONDS: found        9 nonbonded violations
 %atoms "B   -165 -TRP -CE3 " and "B   -165 -TRP -HZ3 " only  0.08 A apart
 %atoms "E   -345 -THR -CA  " and "E   -345 -THR -HG23" only  0.06 A apart
 NBONDS: found   698126 intra-atom interactions
 NBONDS: found        2 nonbonded violations
 NBONDS: found   694762 intra-atom interactions
 NBONDS: found   692443 intra-atom interactions
 NBONDS: found   690594 intra-atom interactions
 --------------- cycle=    10 ------ stepsize=   -0.0000 -----------------------
 | Etotal =0.34E+07   grad(E)=577.689    E(BOND)=500609.318 E(ANGL)=0.16E+07   |
 | E(VDW )=0.13E+07                                                            |
 -------------------------------------------------------------------------------
 NBONDS: found   688947 intra-atom interactions
 NBONDS: found   690203 intra-atom interactions
 NBONDS: found   691718 intra-atom interactions
 NBONDS: found   691982 intra-atom interactions
 --------------- cycle=    20 ------ stepsize=    0.0000 -----------------------
 | Etotal =0.12E+07   grad(E)=296.146    E(BOND)=227101.886 E(ANGL)=500994.601 |
 | E(VDW )=504329.816                                                          |
 -------------------------------------------------------------------------------
 NBONDS: found   692085 intra-atom interactions
 NBONDS: found   692080 intra-atom interactions
 --------------- cycle=    30 ------ stepsize=    0.0000 -----------------------
 | Etotal =985815.647 grad(E)=242.608    E(BOND)=185038.241 E(ANGL)=363741.723 |
 | E(VDW )=437035.683                                                          |
 -------------------------------------------------------------------------------
 NBONDS: found   691978 intra-atom interactions
 NBONDS: found   692069 intra-atom interactions
 NBONDS: found   692125 intra-atom interactions
 --------------- cycle=    40 ------ stepsize=    0.0001 -----------------------
 | Etotal =938438.638 grad(E)=235.440    E(BOND)=180172.127 E(ANGL)=339290.572 |
 | E(VDW )=418975.939                                                          |
 -------------------------------------------------------------------------------
 NBONDS: found   692090 intra-atom interactions
 NBONDS: found   692187 intra-atom interactions
 --------------- cycle=    50 ------ stepsize=   -0.0001 -----------------------
 | Etotal =923478.806 grad(E)=232.051    E(BOND)=182265.964 E(ANGL)=331541.154 |
 | E(VDW )=409671.687                                                          |
 -------------------------------------------------------------------------------
 POWELL: STEP number limit. Normal termination
 POWELL: Current coordinates set to last minimum
 DCART: temperature coupling (TCOUpling) enabled
 -------------------------- Cartesian dynamics start ---------------------------
 | E(kin)+E(total)=0.34E+07        E(kin)=4178.557      temperature=305.476    |
 | Etotal =0.34E+07   grad(E)=594.622    E(BOND)=182265.964 E(ANGL)=331541.154 |
 | E(IMPR)=0.29E+07                                                            |
 -------------------------------------------------------------------------------
 ----------------- final step=       50 at      0.02500 ps ---------------------
 | E(kin)+E(total)=0.22E+07        E(kin)=438780.361    temperature=32077.333  |
 | Etotal =0.17E+07   grad(E)=320.322    E(BOND)=192777.440 E(ANGL)=798954.508 |
 | E(IMPR)=751784.987                                                          |
 -------------------------------------------------------------------------------
 CENMAS: Information about center of free masses
         position [A]          :     -0.64848      0.02092     -0.38075
         velocity [A/ps]       :      0.19419     -0.66432      0.12323
         ang. mom. [amu A/ps]  :************* 328708.88294 793232.52996
         kin. ener. [Kcal/mol] :     54.20580
 POWELL: number of degrees of freedom= 13767
 NBONDS: found   690391 intra-atom interactions
 NBONDS: found   689219 intra-atom interactions
 NBONDS: found   689533 intra-atom interactions
 NBONDS: found   690593 intra-atom interactions
 --------------- cycle=    10 ------ stepsize=   -0.0001 -----------------------
 | Etotal =0.18E+07   grad(E)=273.303    E(BOND)=237077.434 E(ANGL)=452276.556 |
 | E(IMPR)=660754.760 E(VDW )=486035.651                                       |
 -------------------------------------------------------------------------------
 NBONDS: found   691129 intra-atom interactions
 NBONDS: found   691533 intra-atom interactions
 NBONDS: found   691345 intra-atom interactions
 NBONDS: found   691341 intra-atom interactions
 NBONDS: found   691337 intra-atom interactions
 --------------- cycle=    20 ------ stepsize=   -0.0001 -----------------------
 | Etotal =0.12E+07   grad(E)=149.138    E(BOND)=181252.883 E(ANGL)=165802.391 |
 | E(IMPR)=544468.341 E(VDW )=351484.597                                       |
 -------------------------------------------------------------------------------
 NBONDS: found   691319 intra-atom interactions
 NBONDS: found   691344 intra-atom interactions
 NBONDS: found   691415 intra-atom interactions
 --------------- cycle=    30 ------ stepsize=    0.0001 -----------------------
 | Etotal =0.12E+07   grad(E)=117.526    E(BOND)=166987.720 E(ANGL)=131710.588 |
 | E(IMPR)=526030.994 E(VDW )=329750.476                                       |
 -------------------------------------------------------------------------------
 NBONDS: found   691268 intra-atom interactions
 NBONDS: found   691304 intra-atom interactions
 NBONDS: found   691338 intra-atom interactions
 --------------- cycle=    40 ------ stepsize=   -0.0001 -----------------------
 | Etotal =0.11E+07   grad(E)=111.949    E(BOND)=165080.524 E(ANGL)=125420.100 |
 | E(IMPR)=517791.403 E(VDW )=323134.223                                       |
 -------------------------------------------------------------------------------
 NBONDS: found   691391 intra-atom interactions
 NBONDS: found   691323 intra-atom interactions
 --------------- cycle=    50 ------ stepsize=   -0.0000 -----------------------
 | Etotal =0.11E+07   grad(E)=110.565    E(BOND)=164934.237 E(ANGL)=121753.418 |
 | E(IMPR)=510943.648 E(VDW )=320916.384                                       |
 -------------------------------------------------------------------------------
 POWELL: STEP number limit. Normal termination
 POWELL: Current coordinates set to last minimum
 DCART: temperature coupling (TCOUpling) enabled
 -------------------------- Cartesian dynamics start ---------------------------
 | E(kin)+E(total)=0.11E+07        E(kin)=4120.300      temperature=301.217    |
 | Etotal =0.11E+07   grad(E)=110.565    E(BOND)=164934.237 E(ANGL)=121753.418 |
 | E(IMPR)=510943.648 E(VDW )=320916.384                                       |
 -------------------------------------------------------------------------------
 NBONDS: found   691421 intra-atom interactions
 NBONDS: found   691341 intra-atom interactions
 ----------------- final step=       50 at      0.02500 ps ---------------------
 | E(kin)+E(total)=0.11E+07        E(kin)=7412.091      temperature=541.866    |
 | Etotal =0.11E+07   grad(E)=113.998    E(BOND)=166130.198 E(ANGL)=120256.233 |
 | E(IMPR)=505636.580 E(VDW )=320752.293                                       |
 -------------------------------------------------------------------------------
 CENMAS: Information about center of free masses
         position [A]          :     -0.65025      0.00696     -0.37565
         velocity [A/ps]       :     -0.05684      0.00495      0.06581
         ang. mom. [amu A/ps]  :-104223.65120 -55284.35504  58295.68017
         kin. ener. [Kcal/mol] :      0.83200
 %PARRDR-info: duplication of bond HC   NC2 
 %PARRDR-info: duplication of angle CH2E C    NH1 
 %PARRDR-info: duplication of angle CH2P CH2E HA  
 POWELL: number of degrees of freedom= 13767
 NBONDS: generating intra-molecular exclusion list with mode=-3
 MAKINB: mode  -3 found  15678 exclusions and      0 interactions(1-4)
 NBONDS: found   680290 intra-atom interactions
 NBONDS: found   682148 intra-atom interactions
 NBONDS: found   682264 intra-atom interactions
 NBONDS: found   682120 intra-atom interactions
 NBONDS: found   682789 intra-atom interactions
 NBONDS: found   683125 intra-atom interactions
 --------------- cycle=    25 ------ stepsize=    0.0002 -----------------------
 | Etotal =255592.700 grad(E)=105.924    E(BOND)=20754.140  E(ANGL)=121863.850 |
 | E(IMPR)=110835.135 E(VDW )=2139.575                                         |
 -------------------------------------------------------------------------------
 NBONDS: found   683015 intra-atom interactions
 NBONDS: found   682858 intra-atom interactions
 NBONDS: found   682825 intra-atom interactions
 NBONDS: found   682840 intra-atom interactions
 NBONDS: found   682635 intra-atom interactions
 NBONDS: found   682700 intra-atom interactions
 --------------- cycle=    50 ------ stepsize=    0.0000 -----------------------
 | Etotal =56418.740  grad(E)=37.771     E(BOND)=2370.741   E(ANGL)=27202.335  |
 | E(IMPR)=26017.489  E(VDW )=828.175                                          |
 -------------------------------------------------------------------------------
 NBONDS: found   682886 intra-atom interactions
 NBONDS: found   682875 intra-atom interactions
 NBONDS: found   682788 intra-atom interactions
 NBONDS: found   682837 intra-atom interactions
 NBONDS: found   682758 intra-atom interactions
 NBONDS: found   682803 intra-atom interactions
 --------------- cycle=    75 ------ stepsize=    0.0005 -----------------------
 | Etotal =6188.850   grad(E)=13.579     E(BOND)=207.838    E(ANGL)=3578.588   |
 | E(IMPR)=1780.714   E(VDW )=621.711                                          |
 -------------------------------------------------------------------------------
 NBONDS: found   682815 intra-atom interactions
 --------------- cycle=   100 ------ stepsize=    0.0002 -----------------------
 | Etotal =3024.720   grad(E)=8.281      E(BOND)=159.310    E(ANGL)=1024.509   |
 | E(IMPR)=1265.906   E(VDW )=574.994                                          |
 -------------------------------------------------------------------------------
 POWELL: STEP number limit. Normal termination
 POWELL: Current coordinates set to last minimum
 DCART: temperature coupling (TCOUpling) enabled
 -------------------------- Cartesian dynamics start ---------------------------
 | E(kin)+E(total)=7062.377        E(kin)=4037.656      temperature=295.176    |
 | Etotal =3024.720   grad(E)=8.281      E(BOND)=159.310    E(ANGL)=1024.509   |
 | E(IMPR)=1265.906   E(VDW )=574.994                                          |
 -------------------------------------------------------------------------------
 NBONDS: found   682746 intra-atom interactions
 NBONDS: found   682869 intra-atom interactions
 NBONDS: found   682873 intra-atom interactions
 NBONDS: found   682869 intra-atom interactions
 NBONDS: found   682857 intra-atom interactions
 NBONDS: found   682795 intra-atom interactions
 NBONDS: found   682701 intra-atom interactions
 NBONDS: found   682795 intra-atom interactions
 NBONDS: found   682781 intra-atom interactions
 NBONDS: found   682740 intra-atom interactions
 NBONDS: found   682599 intra-atom interactions
 NBONDS: found   682659 intra-atom interactions
 NBONDS: found   682747 intra-atom interactions
 NBONDS: found   682657 intra-atom interactions
 NBONDS: found   682652 intra-atom interactions
 NBONDS: found   682650 intra-atom interactions
 NBONDS: found   682519 intra-atom interactions
 NBONDS: found   682545 intra-atom interactions
 NBONDS: found   682554 intra-atom interactions
 NBONDS: found   682542 intra-atom interactions
 NBONDS: found   682456 intra-atom interactions
 NBONDS: found   682467 intra-atom interactions
 NBONDS: found   682485 intra-atom interactions
 NBONDS: found   682445 intra-atom interactions
 NBONDS: found   682378 intra-atom interactions
 NBONDS: found   682412 intra-atom interactions
 NBONDS: found   682490 intra-atom interactions
 ----------------- final step=      500 at      0.25000 ps ---------------------
 | E(kin)+E(total)=8756.211        E(kin)=4692.651      temperature=343.059    |
 | Etotal =4063.560   grad(E)=25.467     E(BOND)=942.049    E(ANGL)=2166.947   |
 | E(IMPR)=280.088    E(VDW )=674.476                                          |
 -------------------------------------------------------------------------------
 CENMAS: Information about center of free masses
         position [A]          :     -0.65023      0.00600     -0.37480
         velocity [A/ps]       :     -0.02614      0.00427     -0.00418
         ang. mom. [amu A/ps]  :-145892.25697   -127.23549-113977.19435
         kin. ener. [Kcal/mol] :      0.07884
 EFLAGS: the following energy flags are set
 EFLAGS: BOND ANGL DIHE IMPR VDW 
 %PARRDR-info: duplication of bond HC   NC2 
 %PARRDR-info: duplication of angle CH2E C    NH1 
 %PARRDR-info: duplication of angle CH2P CH2E HA  
 POWELL: number of degrees of freedom= 13767
 NBONDS: generating intra-molecular exclusion list with mode=-3
 MAKINB: mode  -3 found  15678 exclusions and      0 interactions(1-4)
 NBONDS: found   682519 intra-atom interactions
 NBONDS: found   682551 intra-atom interactions
 --------------- cycle=    50 ------ stepsize=    0.0008 -----------------------
 | Etotal =13629.904  grad(E)=13.573     E(BOND)=240.539    E(ANGL)=1180.360   |
 | E(DIHE)=205.717    E(IMPR)=97.027     E(VDW )=11906.260                     |
 -------------------------------------------------------------------------------
 NBONDS: found   682641 intra-atom interactions
 --------------- cycle=   100 ------ stepsize=    0.0010 -----------------------
 | Etotal =13300.760  grad(E)=13.433     E(BOND)=236.694    E(ANGL)=1159.666   |
 | E(DIHE)=180.349    E(IMPR)=99.326     E(VDW )=11624.724                     |
 -------------------------------------------------------------------------------
 --------------- cycle=   150 ------ stepsize=    0.0015 -----------------------
 | Etotal =13238.698  grad(E)=13.336     E(BOND)=236.588    E(ANGL)=1148.722   |
 | E(DIHE)=173.179    E(IMPR)=94.686     E(VDW )=11585.523                     |
 -------------------------------------------------------------------------------
 NBONDS: found   682594 intra-atom interactions
 --------------- cycle=   200 ------ stepsize=    0.0010 -----------------------
 | Etotal =13216.548  grad(E)=13.333     E(BOND)=235.908    E(ANGL)=1147.506   |
 | E(DIHE)=173.022    E(IMPR)=94.177     E(VDW )=11565.935                     |
 -------------------------------------------------------------------------------
 --------------- cycle=   250 ------ stepsize=    0.0011 -----------------------
 | Etotal =13215.633  grad(E)=13.337     E(BOND)=235.922    E(ANGL)=1147.855   |
 | E(DIHE)=172.781    E(IMPR)=94.137     E(VDW )=11564.937                     |
 -------------------------------------------------------------------------------
 --------------- cycle=   300 ------ stepsize=    0.0009 -----------------------
 | Etotal =13215.573  grad(E)=13.337     E(BOND)=235.911    E(ANGL)=1147.880   |
 | E(DIHE)=172.614    E(IMPR)=94.154     E(VDW )=11565.014                     |
 -------------------------------------------------------------------------------
 --------------- cycle=   350 ------ stepsize=    0.0013 -----------------------
 | Etotal =13215.571  grad(E)=13.338     E(BOND)=235.921    E(ANGL)=1147.913   |
 | E(DIHE)=172.613    E(IMPR)=94.157     E(VDW )=11564.968                     |
 -------------------------------------------------------------------------------
 --------------- cycle=   400 ------ stepsize=    0.0011 -----------------------
 | Etotal =13215.571  grad(E)=13.337     E(BOND)=235.919    E(ANGL)=1147.910   |
 | E(DIHE)=172.622    E(IMPR)=94.155     E(VDW )=11564.965                     |
 -------------------------------------------------------------------------------
 --------------- cycle=   450 ------ stepsize=    0.0012 -----------------------
 | Etotal =13215.570  grad(E)=13.337     E(BOND)=235.919    E(ANGL)=1147.913   |
 | E(DIHE)=172.626    E(IMPR)=94.156     E(VDW )=11564.957                     |
 -------------------------------------------------------------------------------
 POWELL: Gradient converged. Normal termination
 POWELL: Current coordinates set to last minimum
 DCART: temperature coupling (TCOUpling) enabled
 -------------------------- Cartesian dynamics start ---------------------------
 | E(kin)+E(total)=17291.972       E(kin)=4076.402      temperature=298.008    |
 | Etotal =13215.570  grad(E)=13.337     E(BOND)=235.919    E(ANGL)=1147.916   |
 | E(DIHE)=172.628    E(IMPR)=94.156     E(VDW )=11564.952                     |
 -------------------------------------------------------------------------------
 NBONDS: found   682623 intra-atom interactions
 NBONDS: found   682666 intra-atom interactions
 NBONDS: found   682506 intra-atom interactions
 NBONDS: found   682621 intra-atom interactions
 NBONDS: found   682562 intra-atom interactions
 NBONDS: found   682559 intra-atom interactions
 NBONDS: found   682641 intra-atom interactions
 ----------------- final step=      500 at      0.25000 ps ---------------------
 | E(kin)+E(total)=21468.542       E(kin)=4243.796      temperature=310.246    |
 | Etotal =17224.746  grad(E)=31.776     E(BOND)=1294.515   E(ANGL)=3465.023   |
 | E(DIHE)=177.981    E(IMPR)=415.463    E(VDW )=11871.765                     |
 -------------------------------------------------------------------------------
 CENMAS: Information about center of free masses
         position [A]          :     -0.65048      0.00590     -0.37515
         velocity [A/ps]       :     -0.18796      0.08683     -0.20092
         ang. mom. [amu A/ps]  :   5259.05038 -25785.03613  -5425.53858
         kin. ener. [Kcal/mol] :      0.46012
 POWELL: number of degrees of freedom= 13767
 --------------- cycle=    50 ------ stepsize=    0.0010 -----------------------
 | Etotal =13226.840  grad(E)=13.341     E(BOND)=235.973    E(ANGL)=1147.807   |
 | E(DIHE)=172.081    E(IMPR)=94.407     E(VDW )=11576.572                     |
 -------------------------------------------------------------------------------
 --------------- cycle=   100 ------ stepsize=    0.0009 -----------------------
 | Etotal =13212.626  grad(E)=13.342     E(BOND)=235.575    E(ANGL)=1148.162   |
 | E(DIHE)=173.452    E(IMPR)=94.260     E(VDW )=11561.178                     |
 -------------------------------------------------------------------------------
 NBONDS: found   682607 intra-atom interactions
 --------------- cycle=   150 ------ stepsize=    0.0010 -----------------------
 | Etotal =13210.546  grad(E)=13.336     E(BOND)=235.377    E(ANGL)=1147.421   |
 | E(DIHE)=174.011    E(IMPR)=94.273     E(VDW )=11559.464                     |
 -------------------------------------------------------------------------------
 --------------- cycle=   200 ------ stepsize=    0.0011 -----------------------
 | Etotal =13210.339  grad(E)=13.336     E(BOND)=235.366    E(ANGL)=1147.408   |
 | E(DIHE)=173.902    E(IMPR)=94.207     E(VDW )=11559.455                     |
 -------------------------------------------------------------------------------
 --------------- cycle=   250 ------ stepsize=    0.0013 -----------------------
 | Etotal =13210.330  grad(E)=13.336     E(BOND)=235.372    E(ANGL)=1147.406   |
 | E(DIHE)=173.861    E(IMPR)=94.200     E(VDW )=11559.490                     |
 -------------------------------------------------------------------------------
 --------------- cycle=   300 ------ stepsize=    0.0010 -----------------------
 | Etotal =13210.330  grad(E)=13.336     E(BOND)=235.372    E(ANGL)=1147.406   |
 | E(DIHE)=173.865    E(IMPR)=94.199     E(VDW )=11559.487                     |
 -------------------------------------------------------------------------------
 POWELL: Gradient converged. Normal termination
 POWELL: Current coordinates set to last minimum
 POWELL: number of degrees of freedom= 18177
 NBONDS: found   682503 intra-atom interactions
 NBONDS: found   682362 intra-atom interactions
 NBONDS: found   682498 intra-atom interactions
 --------------- cycle=     5 ------ stepsize=    0.0006 -----------------------
 | Etotal =13047.233  grad(E)=13.338     E(BOND)=231.860    E(ANGL)=1147.855   |
 | E(DIHE)=173.868    E(IMPR)=94.050     E(VDW )=11399.599                     |
 -------------------------------------------------------------------------------
 --------------- cycle=    10 ------ stepsize=    0.0010 -----------------------
 | Etotal =13045.395  grad(E)=13.334     E(BOND)=232.054    E(ANGL)=1148.479   |
 | E(DIHE)=173.852    E(IMPR)=94.044     E(VDW )=11396.966                     |
 -------------------------------------------------------------------------------
 --------------- cycle=    15 ------ stepsize=    0.0022 -----------------------
 | Etotal =13044.918  grad(E)=13.326     E(BOND)=232.109    E(ANGL)=1147.727   |
 | E(DIHE)=173.847    E(IMPR)=94.046     E(VDW )=11397.190                     |
 -------------------------------------------------------------------------------
 --------------- cycle=    20 ------ stepsize=    0.0011 -----------------------
 | Etotal =13044.433  grad(E)=13.331     E(BOND)=232.086    E(ANGL)=1148.216   |
 | E(DIHE)=173.819    E(IMPR)=94.047     E(VDW )=11396.265                     |
 -------------------------------------------------------------------------------
 --------------- cycle=    25 ------ stepsize=    0.0004 -----------------------
 | Etotal =13044.251  grad(E)=13.338     E(BOND)=232.111    E(ANGL)=1149.045   |
 | E(DIHE)=173.804    E(IMPR)=94.079     E(VDW )=11395.211                     |
 -------------------------------------------------------------------------------
 --------------- cycle=    30 ------ stepsize=    0.0009 -----------------------
 | Etotal =13043.956  grad(E)=13.333     E(BOND)=232.146    E(ANGL)=1148.287   |
 | E(DIHE)=173.774    E(IMPR)=94.089     E(VDW )=11395.661                     |
 -------------------------------------------------------------------------------
 --------------- cycle=    35 ------ stepsize=    0.0002 -----------------------
 | Etotal =13043.909  grad(E)=13.334     E(BOND)=232.129    E(ANGL)=1148.499   |
 | E(DIHE)=173.759    E(IMPR)=94.039     E(VDW )=11395.483                     |
 -------------------------------------------------------------------------------
 --------------- cycle=    40 ------ stepsize=    0.0012 -----------------------
 | Etotal =13043.799  grad(E)=13.333     E(BOND)=232.140    E(ANGL)=1148.428   |
 | E(DIHE)=173.685    E(IMPR)=94.042     E(VDW )=11395.503                     |
 -------------------------------------------------------------------------------
 --------------- cycle=    45 ------ stepsize=   -0.0004 -----------------------
 | Etotal =13043.698  grad(E)=13.335     E(BOND)=232.131    E(ANGL)=1148.529   |
 | E(DIHE)=173.589    E(IMPR)=94.009     E(VDW )=11395.441                     |
 -------------------------------------------------------------------------------
 --------------- cycle=    50 ------ stepsize=    0.0013 -----------------------
 | Etotal =13043.616  grad(E)=13.335     E(BOND)=232.153    E(ANGL)=1148.592   |
 | E(DIHE)=173.516    E(IMPR)=94.055     E(VDW )=11395.301                     |
 -------------------------------------------------------------------------------
 POWELL: STEP number limit. Normal termination
 POWELL: Current coordinates set to last minimum
 %PARRDR-info: duplication of bond HC   NC2 
 %PARRDR-info: duplication of angle CH2E C    NH1 
 %PARRDR-info: duplication of angle CH2P CH2E HA  
 POWELL: number of degrees of freedom= 18177
 NBONDS: generating intra-molecular exclusion list with mode= 5
 MAKINB: mode   5 found  17703 exclusions and  17811 interactions(1-4)
 NBONDS: found   902622 intra-atom interactions
 NBONDS: found   902808 intra-atom interactions
 NBONDS: found   902930 intra-atom interactions
 --------------- cycle=    50 ------ stepsize=    0.0007 -----------------------
 | Etotal =-11.586    grad(E)=5.436      E(BOND)=19.719     E(ANGL)=410.267    |
 | E(DIHE)=50.068     E(IMPR)=33.106     E(VDW )=-525.516   E(ELEC)=0.769      |
 -------------------------------------------------------------------------------
 POWELL: STEP number limit. Normal termination
 POWELL: Current coordinates set to last minimum
 --------------- cycle=     1 --------------------------------------------------
 | Etotal =-11.586    grad(E)=5.436      E(BOND)=19.719     E(ANGL)=410.267    |
 | E(DIHE)=50.068     E(IMPR)=33.106     E(VDW )=-525.516   E(ELEC)=0.769      |
 -------------------------------------------------------------------------------
 SURFAC: half the sigma value being used for atomic radii.
 SURFAC: ACCEssible surface area
 SURFAC: ACCUracy= 0.07 RH2O=  1.40
         Z-grid=  0.32 number-of-Z-sections=  211
         measures-of-arc= 93393 and150752
 SURFAC: half the sigma value being used for atomic radii.
 SURFAC: ACCEssible surface area
 SURFAC: ACCUracy= 0.07 RH2O=  1.40
         Z-grid=  0.32 number-of-Z-sections=  134
         measures-of-arc= 26249 and 45247
 SURFAC: half the sigma value being used for atomic radii.
 SURFAC: ACCEssible surface area
 SURFAC: ACCUracy= 0.07 RH2O=  1.40
         Z-grid=  0.32 number-of-Z-sections=  211
         measures-of-arc=121572 and195764
 %PARRDR-info: duplication of bond HC   NC2 
 %PARRDR-info: duplication of angle CH2E C    NH1 
 %PARRDR-info: duplication of angle CH2P CH2E HA  
 NBONDS: generating intra-molecular exclusion list with mode= 5
 MAKINB: mode   5 found      5 exclusions and     10 interactions(1-4)
 NBONDS: found     2167 intra-atom interactions
 --------------- cycle=     2 --------------------------------------------------
 | Etotal =-38.459    grad(E)=0.123      E(VDW )=-6.131     E(ELEC)=-32.329    |
 -------------------------------------------------------------------------------
 NBONDS: generating intra-molecular exclusion list with mode= 5
 MAKINB: mode   5 found     10 exclusions and     20 interactions(1-4)
 NBONDS: found     1968 intra-atom interactions
 --------------- cycle=     3 --------------------------------------------------
 | Etotal =-98.227    grad(E)=0.201      E(VDW )=-8.216     E(ELEC)=-90.010    |
 -------------------------------------------------------------------------------
 NBONDS: generating intra-molecular exclusion list with mode= 5
 MAKINB: mode   5 found     10 exclusions and     20 interactions(1-4)
 NBONDS: found     4307 intra-atom interactions
 --------------- cycle=     4 --------------------------------------------------
 | Etotal =-98.915    grad(E)=0.226      E(VDW )=-11.455    E(ELEC)=-87.460    |
 -------------------------------------------------------------------------------
 NBONDS: generating intra-molecular exclusion list with mode= 5
 MAKINB: mode   5 found     10 exclusions and     20 interactions(1-4)
 NBONDS: found     3085 intra-atom interactions
 --------------- cycle=     5 --------------------------------------------------
 | Etotal =-92.689    grad(E)=0.169      E(VDW )=-10.955    E(ELEC)=-81.734    |
 -------------------------------------------------------------------------------
 NBONDS: generating intra-molecular exclusion list with mode= 5
 MAKINB: mode   5 found     10 exclusions and     20 interactions(1-4)
 NBONDS: found     4677 intra-atom interactions
 --------------- cycle=     6 --------------------------------------------------
 | Etotal =-232.608   grad(E)=0.436      E(VDW )=-10.601    E(ELEC)=-222.007   |
 -------------------------------------------------------------------------------
 NBONDS: generating intra-molecular exclusion list with mode= 5
 MAKINB: mode   5 found     10 exclusions and     20 interactions(1-4)
 NBONDS: found     3786 intra-atom interactions
 --------------- cycle=     7 --------------------------------------------------
 | Etotal =-98.510    grad(E)=0.213      E(VDW )=-15.062    E(ELEC)=-83.448    |
 -------------------------------------------------------------------------------
 NBONDS: generating intra-molecular exclusion list with mode= 5
 MAKINB: mode   5 found     10 exclusions and     20 interactions(1-4)
 NBONDS: found     5986 intra-atom interactions
 --------------- cycle=     8 --------------------------------------------------
 | Etotal =-94.832    grad(E)=0.174      E(VDW )=-20.182    E(ELEC)=-74.650    |
 -------------------------------------------------------------------------------
 NBONDS: generating intra-molecular exclusion list with mode= 5
 MAKINB: mode   5 found     10 exclusions and     20 interactions(1-4)
 NBONDS: found     6091 intra-atom interactions
 --------------- cycle=     9 --------------------------------------------------
 | Etotal =-102.413   grad(E)=0.199      E(VDW )=-15.787    E(ELEC)=-86.626    |
 -------------------------------------------------------------------------------
 NBONDS: generating intra-molecular exclusion list with mode= 5
 MAKINB: mode   5 found     10 exclusions and     20 interactions(1-4)
 NBONDS: found     3760 intra-atom interactions
 --------------- cycle=    10 --------------------------------------------------
 | Etotal =-165.653   grad(E)=0.409      E(VDW )=-9.353     E(ELEC)=-156.300   |
 -------------------------------------------------------------------------------
 NBONDS: generating intra-molecular exclusion list with mode= 5
 MAKINB: mode   5 found     10 exclusions and     20 interactions(1-4)
 NBONDS: found     5606 intra-atom interactions
 --------------- cycle=    11 --------------------------------------------------
 | Etotal =-179.004   grad(E)=0.397      E(VDW )=-13.873    E(ELEC)=-165.131   |
 -------------------------------------------------------------------------------
 NBONDS: generating intra-molecular exclusion list with mode= 5
 MAKINB: mode   5 found     10 exclusions and     20 interactions(1-4)
 NBONDS: found     5778 intra-atom interactions
 --------------- cycle=    12 --------------------------------------------------
 | Etotal =-102.181   grad(E)=0.196      E(VDW )=-16.463    E(ELEC)=-85.718    |
 -------------------------------------------------------------------------------
 NBONDS: generating intra-molecular exclusion list with mode= 5
 MAKINB: mode   5 found     10 exclusions and     20 interactions(1-4)
 NBONDS: found     3832 intra-atom interactions
 --------------- cycle=    13 --------------------------------------------------
 | Etotal =-114.828   grad(E)=0.271      E(VDW )=-10.097    E(ELEC)=-104.732   |
 -------------------------------------------------------------------------------
 NBONDS: generating intra-molecular exclusion list with mode= 5
 MAKINB: mode   5 found     10 exclusions and     20 interactions(1-4)
 NBONDS: found     5698 intra-atom interactions
 --------------- cycle=    14 --------------------------------------------------
 | Etotal =-108.389   grad(E)=0.212      E(VDW )=-20.287    E(ELEC)=-88.102    |
 -------------------------------------------------------------------------------
 NBONDS: generating intra-molecular exclusion list with mode= 5
 MAKINB: mode   5 found     10 exclusions and     20 interactions(1-4)
 NBONDS: found     3618 intra-atom interactions
 --------------- cycle=    15 --------------------------------------------------
 | Etotal =-173.635   grad(E)=0.426      E(VDW )=-11.750    E(ELEC)=-161.885   |
 -------------------------------------------------------------------------------
 NBONDS: generating intra-molecular exclusion list with mode= 5
 MAKINB: mode   5 found     10 exclusions and     20 interactions(1-4)
 NBONDS: found     4164 intra-atom interactions
 --------------- cycle=    16 --------------------------------------------------
 | Etotal =-231.993   grad(E)=0.649      E(VDW )=-13.799    E(ELEC)=-218.194   |
 -------------------------------------------------------------------------------
 NBONDS: generating intra-molecular exclusion list with mode= 5
 MAKINB: mode   5 found     10 exclusions and     20 interactions(1-4)
 NBONDS: found     4015 intra-atom interactions
 --------------- cycle=    17 --------------------------------------------------
 | Etotal =-189.364   grad(E)=0.517      E(VDW )=-11.657    E(ELEC)=-177.707   |
 -------------------------------------------------------------------------------
 NBONDS: generating intra-molecular exclusion list with mode= 5
 MAKINB: mode   5 found     10 exclusions and     20 interactions(1-4)
 NBONDS: found     4582 intra-atom interactions
 --------------- cycle=    18 --------------------------------------------------
 | Etotal =-103.929   grad(E)=0.221      E(VDW )=-11.726    E(ELEC)=-92.203    |
 -------------------------------------------------------------------------------
 NBONDS: generating intra-molecular exclusion list with mode= 5
 MAKINB: mode   5 found     10 exclusions and     20 interactions(1-4)
 NBONDS: found     5966 intra-atom interactions
 --------------- cycle=    19 --------------------------------------------------
 | Etotal =-121.873   grad(E)=0.349      E(VDW )=-22.674    E(ELEC)=-99.199    |
 -------------------------------------------------------------------------------
 NBONDS: generating intra-molecular exclusion list with mode= 5
 MAKINB: mode   5 found     10 exclusions and     20 interactions(1-4)
 NBONDS: found     3930 intra-atom interactions
 --------------- cycle=    20 --------------------------------------------------
 | Etotal =-80.014    grad(E)=0.291      E(VDW )=-13.637    E(ELEC)=-66.376    |
 -------------------------------------------------------------------------------
 NBONDS: generating intra-molecular exclusion list with mode= 5
 MAKINB: mode   5 found     10 exclusions and     20 interactions(1-4)
 NBONDS: found     4567 intra-atom interactions
 --------------- cycle=    21 --------------------------------------------------
 | Etotal =-87.932    grad(E)=0.197      E(VDW )=-11.903    E(ELEC)=-76.029    |
 -------------------------------------------------------------------------------
 NBONDS: generating intra-molecular exclusion list with mode= 5
 MAKINB: mode   5 found     10 exclusions and     20 interactions(1-4)
 NBONDS: found     2370 intra-atom interactions
 --------------- cycle=    22 --------------------------------------------------
 | Etotal =-93.542    grad(E)=0.250      E(VDW )=-14.003    E(ELEC)=-79.539    |
 -------------------------------------------------------------------------------
 NBONDS: generating intra-molecular exclusion list with mode= 5
 MAKINB: mode   5 found     10 exclusions and     20 interactions(1-4)
 NBONDS: found     3708 intra-atom interactions
 --------------- cycle=    23 --------------------------------------------------
 | Etotal =-162.466   grad(E)=0.428      E(VDW )=-15.236    E(ELEC)=-147.230   |
 -------------------------------------------------------------------------------
 NBONDS: generating intra-molecular exclusion list with mode= 5
 MAKINB: mode   5 found     10 exclusions and     20 interactions(1-4)
 NBONDS: found     2747 intra-atom interactions
 --------------- cycle=    24 --------------------------------------------------
 | Etotal =-96.917    grad(E)=0.321      E(VDW )=-8.999     E(ELEC)=-87.918    |
 -------------------------------------------------------------------------------
 NBONDS: generating intra-molecular exclusion list with mode= 5
 MAKINB: mode   5 found     10 exclusions and     20 interactions(1-4)
 NBONDS: found     3630 intra-atom interactions
 --------------- cycle=    25 --------------------------------------------------
 | Etotal =-195.515   grad(E)=0.457      E(VDW )=-13.006    E(ELEC)=-182.510   |
 -------------------------------------------------------------------------------
 NBONDS: generating intra-molecular exclusion list with mode= 5
 MAKINB: mode   5 found     10 exclusions and     20 interactions(1-4)
 NBONDS: found     2803 intra-atom interactions
 --------------- cycle=    26 --------------------------------------------------
 | Etotal =-86.752    grad(E)=0.198      E(VDW )=-9.313     E(ELEC)=-77.439    |
 -------------------------------------------------------------------------------
 NBONDS: generating intra-molecular exclusion list with mode= 5
 MAKINB: mode   5 found     10 exclusions and     20 interactions(1-4)
 NBONDS: found     2183 intra-atom interactions
 --------------- cycle=    27 --------------------------------------------------
 | Etotal =-83.279    grad(E)=0.156      E(VDW )=-6.237     E(ELEC)=-77.041    |
 -------------------------------------------------------------------------------
 NBONDS: generating intra-molecular exclusion list with mode= 5
 MAKINB: mode   5 found     10 exclusions and     23 interactions(1-4)
 NBONDS: found     5406 intra-atom interactions
 --------------- cycle=    28 --------------------------------------------------
 | Etotal =-75.086    grad(E)=0.185      E(VDW )=-18.219    E(ELEC)=-56.867    |
 -------------------------------------------------------------------------------
 NBONDS: generating intra-molecular exclusion list with mode= 5
 MAKINB: mode   5 found     10 exclusions and     20 interactions(1-4)
 NBONDS: found     3358 intra-atom interactions
 --------------- cycle=    29 --------------------------------------------------
 | Etotal =-73.116    grad(E)=0.255      E(VDW )=-2.850     E(ELEC)=-70.265    |
 -------------------------------------------------------------------------------
 NBONDS: generating intra-molecular exclusion list with mode= 5
 MAKINB: mode   5 found     10 exclusions and     20 interactions(1-4)
 NBONDS: found     2137 intra-atom interactions
 --------------- cycle=    30 --------------------------------------------------
 | Etotal =-70.179    grad(E)=0.298      E(VDW )=2.566      E(ELEC)=-72.745    |
 -------------------------------------------------------------------------------
 NBONDS: generating intra-molecular exclusion list with mode= 5
 MAKINB: mode   5 found     10 exclusions and     20 interactions(1-4)
 NBONDS: found     1505 intra-atom interactions
 --------------- cycle=    31 --------------------------------------------------
 | Etotal =-77.764    grad(E)=0.317      E(VDW )=5.455      E(ELEC)=-83.219    |
 -------------------------------------------------------------------------------
 NBONDS: generating intra-molecular exclusion list with mode= 5
 MAKINB: mode   5 found     10 exclusions and     20 interactions(1-4)
 NBONDS: found     2424 intra-atom interactions
 --------------- cycle=    32 --------------------------------------------------
 | Etotal =-80.744    grad(E)=0.223      E(VDW )=-5.373     E(ELEC)=-75.371    |
 -------------------------------------------------------------------------------
 NBONDS: generating intra-molecular exclusion list with mode= 5
 MAKINB: mode   5 found     10 exclusions and     20 interactions(1-4)
 NBONDS: found     5235 intra-atom interactions
 --------------- cycle=    33 --------------------------------------------------
 | Etotal =-96.695    grad(E)=0.156      E(VDW )=-22.251    E(ELEC)=-74.444    |
 -------------------------------------------------------------------------------
 NBONDS: generating intra-molecular exclusion list with mode= 5
 MAKINB: mode   5 found     10 exclusions and     20 interactions(1-4)
 NBONDS: found     2090 intra-atom interactions
 --------------- cycle=    34 --------------------------------------------------
 | Etotal =-69.486    grad(E)=0.213      E(VDW )=-4.749     E(ELEC)=-64.737    |
 -------------------------------------------------------------------------------
 NBONDS: generating intra-molecular exclusion list with mode= 5
 MAKINB: mode   5 found     10 exclusions and     20 interactions(1-4)
 NBONDS: found     6599 intra-atom interactions
 --------------- cycle=    35 --------------------------------------------------
 | Etotal =-195.396   grad(E)=0.491      E(VDW )=-10.741    E(ELEC)=-184.656   |
 -------------------------------------------------------------------------------
 NBONDS: generating intra-molecular exclusion list with mode= 5
 MAKINB: mode   5 found     10 exclusions and     20 interactions(1-4)
 NBONDS: found     5698 intra-atom interactions
 --------------- cycle=    36 --------------------------------------------------
 | Etotal =-180.131   grad(E)=0.589      E(VDW )=-8.706     E(ELEC)=-171.425   |
 -------------------------------------------------------------------------------
 NBONDS: generating intra-molecular exclusion list with mode= 5
 MAKINB: mode   5 found     10 exclusions and     20 interactions(1-4)
 NBONDS: found     3573 intra-atom interactions
 --------------- cycle=    37 --------------------------------------------------
 | Etotal =-171.323   grad(E)=0.674      E(VDW )=-10.532    E(ELEC)=-160.790   |
 -------------------------------------------------------------------------------
 NBONDS: generating intra-molecular exclusion list with mode= 5
 MAKINB: mode   5 found     10 exclusions and     20 interactions(1-4)
 NBONDS: found     5775 intra-atom interactions
 --------------- cycle=    38 --------------------------------------------------
 | Etotal =-84.787    grad(E)=0.126      E(VDW )=-24.978    E(ELEC)=-59.810    |
 -------------------------------------------------------------------------------
 NBONDS: generating intra-molecular exclusion list with mode= 5
 MAKINB: mode   5 found     10 exclusions and     20 interactions(1-4)
 NBONDS: found     6648 intra-atom interactions
 --------------- cycle=    39 --------------------------------------------------
 | Etotal =-169.095   grad(E)=0.637      E(VDW )=-14.790    E(ELEC)=-154.304   |
 -------------------------------------------------------------------------------
 NBONDS: generating intra-molecular exclusion list with mode= 5
 MAKINB: mode   5 found     10 exclusions and     20 interactions(1-4)
 NBONDS: found     2565 intra-atom interactions
 --------------- cycle=    40 --------------------------------------------------
 | Etotal =-89.302    grad(E)=0.185      E(VDW )=-10.707    E(ELEC)=-78.595    |
 -------------------------------------------------------------------------------
 NBONDS: generating intra-molecular exclusion list with mode= 5
 MAKINB: mode   5 found     10 exclusions and     20 interactions(1-4)
 NBONDS: found     2565 intra-atom interactions
 --------------- cycle=    41 --------------------------------------------------
 | Etotal =-158.219   grad(E)=0.563      E(VDW )=-3.177     E(ELEC)=-155.042   |
 -------------------------------------------------------------------------------
 NBONDS: generating intra-molecular exclusion list with mode= 5
 MAKINB: mode   5 found     10 exclusions and     23 interactions(1-4)
 NBONDS: found     3925 intra-atom interactions
 --------------- cycle=    42 --------------------------------------------------
 | Etotal =-95.363    grad(E)=0.240      E(VDW )=-10.670    E(ELEC)=-84.693    |
 -------------------------------------------------------------------------------
 NBONDS: generating intra-molecular exclusion list with mode= 5
 MAKINB: mode   5 found     10 exclusions and     20 interactions(1-4)
 NBONDS: found     6366 intra-atom interactions
 --------------- cycle=    43 --------------------------------------------------
 | Etotal =-199.554   grad(E)=0.494      E(VDW )=-18.729    E(ELEC)=-180.825   |
 -------------------------------------------------------------------------------
 NBONDS: generating intra-molecular exclusion list with mode= 5
 MAKINB: mode   5 found     10 exclusions and     20 interactions(1-4)
 NBONDS: found     6973 intra-atom interactions
 --------------- cycle=    44 --------------------------------------------------
 | Etotal =-199.869   grad(E)=0.718      E(VDW )=-17.012    E(ELEC)=-182.858   |
 -------------------------------------------------------------------------------
 NBONDS: generating intra-molecular exclusion list with mode= 5
 MAKINB: mode   5 found     10 exclusions and     20 interactions(1-4)
 NBONDS: found     2776 intra-atom interactions
 --------------- cycle=    45 --------------------------------------------------
 | Etotal =-147.337   grad(E)=0.535      E(VDW )=-8.607     E(ELEC)=-138.730   |
 -------------------------------------------------------------------------------
 NBONDS: generating intra-molecular exclusion list with mode= 5
 MAKINB: mode   5 found     10 exclusions and     20 interactions(1-4)
 NBONDS: found     4817 intra-atom interactions
 --------------- cycle=    46 --------------------------------------------------
 | Etotal =-212.993   grad(E)=0.433      E(VDW )=-12.602    E(ELEC)=-200.392   |
 -------------------------------------------------------------------------------
 NBONDS: generating intra-molecular exclusion list with mode= 5
 MAKINB: mode   5 found     10 exclusions and     20 interactions(1-4)
 NBONDS: found     5375 intra-atom interactions
 --------------- cycle=    47 --------------------------------------------------
 | Etotal =-100.038   grad(E)=0.180      E(VDW )=-25.006    E(ELEC)=-75.031    |
 -------------------------------------------------------------------------------
 NBONDS: generating intra-molecular exclusion list with mode= 5
 MAKINB: mode   5 found     10 exclusions and     20 interactions(1-4)
 NBONDS: found     3143 intra-atom interactions
 --------------- cycle=    48 --------------------------------------------------
 | Etotal =-74.969    grad(E)=0.213      E(VDW )=-13.098    E(ELEC)=-61.872    |
 -------------------------------------------------------------------------------
 NBONDS: generating intra-molecular exclusion list with mode= 5
 MAKINB: mode   5 found     10 exclusions and     20 interactions(1-4)
 NBONDS: found     2023 intra-atom interactions
 --------------- cycle=    49 --------------------------------------------------
 | Etotal =-66.035    grad(E)=0.149      E(VDW )=-4.053     E(ELEC)=-61.982    |
 -------------------------------------------------------------------------------
 NBONDS: generating intra-molecular exclusion list with mode= 5
 MAKINB: mode   5 found     10 exclusions and     20 interactions(1-4)
 NBONDS: found      998 intra-atom interactions
 --------------- cycle=    50 --------------------------------------------------
 | Etotal =-64.039    grad(E)=0.120      E(VDW )=-2.662     E(ELEC)=-61.377    |
 -------------------------------------------------------------------------------
 NBONDS: generating intra-molecular exclusion list with mode= 5
 MAKINB: mode   5 found     10 exclusions and     20 interactions(1-4)
 NBONDS: found     1436 intra-atom interactions
 --------------- cycle=    51 --------------------------------------------------
 | Etotal =-75.648    grad(E)=0.172      E(VDW )=-7.465     E(ELEC)=-68.184    |
 -------------------------------------------------------------------------------
 NBONDS: generating intra-molecular exclusion list with mode= 5
 MAKINB: mode   5 found     10 exclusions and     20 interactions(1-4)
 NBONDS: found     3426 intra-atom interactions
 --------------- cycle=    52 --------------------------------------------------
 | Etotal =-92.687    grad(E)=0.200      E(VDW )=-21.053    E(ELEC)=-71.634    |
 -------------------------------------------------------------------------------
 NBONDS: generating intra-molecular exclusion list with mode= 5
 MAKINB: mode   5 found     10 exclusions and     20 interactions(1-4)
 NBONDS: found     3842 intra-atom interactions
 --------------- cycle=    53 --------------------------------------------------
 | Etotal =-89.677    grad(E)=0.286      E(VDW )=-13.612    E(ELEC)=-76.065    |
 -------------------------------------------------------------------------------
 NBONDS: generating intra-molecular exclusion list with mode= 5
 MAKINB: mode   5 found     10 exclusions and     20 interactions(1-4)
 NBONDS: found     5733 intra-atom interactions
 --------------- cycle=    54 --------------------------------------------------
 | Etotal =-107.639   grad(E)=0.314      E(VDW )=-19.981    E(ELEC)=-87.658    |
 -------------------------------------------------------------------------------
 NBONDS: generating intra-molecular exclusion list with mode= 5
 MAKINB: mode   5 found     10 exclusions and     20 interactions(1-4)
 NBONDS: found     6682 intra-atom interactions
 --------------- cycle=    55 --------------------------------------------------
 | Etotal =-103.639   grad(E)=0.176      E(VDW )=-28.571    E(ELEC)=-75.068    |
 -------------------------------------------------------------------------------
 NBONDS: generating intra-molecular exclusion list with mode= 5
 MAKINB: mode   5 found     10 exclusions and     20 interactions(1-4)
 NBONDS: found     5726 intra-atom interactions
 --------------- cycle=    56 --------------------------------------------------
 | Etotal =-96.299    grad(E)=0.186      E(VDW )=-18.769    E(ELEC)=-77.530    |
 -------------------------------------------------------------------------------
 NBONDS: generating intra-molecular exclusion list with mode= 5
 MAKINB: mode   5 found     10 exclusions and     20 interactions(1-4)
 NBONDS: found     5806 intra-atom interactions
 --------------- cycle=    57 --------------------------------------------------
 | Etotal =-94.665    grad(E)=0.142      E(VDW )=-27.127    E(ELEC)=-67.539    |
 -------------------------------------------------------------------------------
 NBONDS: generating intra-molecular exclusion list with mode= 5
 MAKINB: mode   5 found     10 exclusions and     20 interactions(1-4)
 NBONDS: found     5283 intra-atom interactions
 --------------- cycle=    58 --------------------------------------------------
 | Etotal =-160.260   grad(E)=0.443      E(VDW )=-12.977    E(ELEC)=-147.283   |
 -------------------------------------------------------------------------------
 NBONDS: generating intra-molecular exclusion list with mode= 5
 MAKINB: mode   5 found     10 exclusions and     20 interactions(1-4)
 NBONDS: found     5230 intra-atom interactions
 --------------- cycle=    59 --------------------------------------------------
 | Etotal =-80.039    grad(E)=0.216      E(VDW )=-14.864    E(ELEC)=-65.175    |
 -------------------------------------------------------------------------------
 NBONDS: generating intra-molecular exclusion list with mode= 5
 MAKINB: mode   5 found     10 exclusions and     20 interactions(1-4)
 NBONDS: found     3371 intra-atom interactions
 --------------- cycle=    60 --------------------------------------------------
 | Etotal =-78.044    grad(E)=0.213      E(VDW )=-9.465     E(ELEC)=-68.579    |
 -------------------------------------------------------------------------------
 NBONDS: generating intra-molecular exclusion list with mode= 5
 MAKINB: mode   5 found     10 exclusions and     20 interactions(1-4)
 NBONDS: found     2323 intra-atom interactions
 --------------- cycle=    61 --------------------------------------------------
 | Etotal =-69.023    grad(E)=0.154      E(VDW )=-7.080     E(ELEC)=-61.943    |
 -------------------------------------------------------------------------------
 NBONDS: generating intra-molecular exclusion list with mode= 5
 MAKINB: mode   5 found     10 exclusions and     20 interactions(1-4)
 NBONDS: found     1129 intra-atom interactions
 --------------- cycle=    62 --------------------------------------------------
 | Etotal =-67.215    grad(E)=0.152      E(VDW )=-2.021     E(ELEC)=-65.194    |
 -------------------------------------------------------------------------------
 NBONDS: generating intra-molecular exclusion list with mode= 5
 MAKINB: mode   5 found     10 exclusions and     20 interactions(1-4)
 NBONDS: found      874 intra-atom interactions
 --------------- cycle=    63 --------------------------------------------------
 | Etotal =-68.107    grad(E)=0.108      E(VDW )=-2.893     E(ELEC)=-65.214    |
 -------------------------------------------------------------------------------
 NBONDS: generating intra-molecular exclusion list with mode= 5
 MAKINB: mode   5 found     10 exclusions and     23 interactions(1-4)
 NBONDS: found     1757 intra-atom interactions
 --------------- cycle=    64 --------------------------------------------------
 | Etotal =-63.511    grad(E)=0.159      E(VDW )=-5.721     E(ELEC)=-57.790    |
 -------------------------------------------------------------------------------
 NBONDS: generating intra-molecular exclusion list with mode= 5
 MAKINB: mode   5 found     10 exclusions and     20 interactions(1-4)
 NBONDS: found     2256 intra-atom interactions
 --------------- cycle=    65 --------------------------------------------------
 | Etotal =-80.417    grad(E)=0.438      E(VDW )=0.316      E(ELEC)=-80.733    |
 -------------------------------------------------------------------------------
 NBONDS: generating intra-molecular exclusion list with mode= 5
 MAKINB: mode   5 found     10 exclusions and     20 interactions(1-4)
 NBONDS: found     1028 intra-atom interactions
 --------------- cycle=    66 --------------------------------------------------
 | Etotal =-71.093    grad(E)=0.179      E(VDW )=-4.000     E(ELEC)=-67.093    |
 -------------------------------------------------------------------------------
 NBONDS: generating intra-molecular exclusion list with mode= 5
 MAKINB: mode   5 found     10 exclusions and     20 interactions(1-4)
 NBONDS: found     3230 intra-atom interactions
 --------------- cycle=    67 --------------------------------------------------
 | Etotal =-66.806    grad(E)=0.151      E(VDW )=-6.521     E(ELEC)=-60.284    |
 -------------------------------------------------------------------------------
 NBONDS: generating intra-molecular exclusion list with mode= 5
 MAKINB: mode   5 found     10 exclusions and     20 interactions(1-4)
 NBONDS: found     3155 intra-atom interactions
 --------------- cycle=    68 --------------------------------------------------
 | Etotal =-89.497    grad(E)=0.203      E(VDW )=-12.898    E(ELEC)=-76.599    |
 -------------------------------------------------------------------------------
 NBONDS: generating intra-molecular exclusion list with mode= 5
 MAKINB: mode   5 found     13 exclusions and     27 interactions(1-4)
 NBONDS: found     2397 intra-atom interactions
 --------------- cycle=    69 --------------------------------------------------
 | Etotal =-56.610    grad(E)=0.393      E(VDW )=-6.177     E(ELEC)=-50.433    |
 -------------------------------------------------------------------------------
 NBONDS: generating intra-molecular exclusion list with mode= 5
 MAKINB: mode   5 found     10 exclusions and     20 interactions(1-4)
 NBONDS: found     5806 intra-atom interactions
 --------------- cycle=    70 --------------------------------------------------
 | Etotal =-87.770    grad(E)=0.158      E(VDW )=-25.092    E(ELEC)=-62.677    |
 -------------------------------------------------------------------------------
 NBONDS: generating intra-molecular exclusion list with mode= 5
 MAKINB: mode   5 found     10 exclusions and     23 interactions(1-4)
 NBONDS: found     3921 intra-atom interactions
 --------------- cycle=    71 --------------------------------------------------
 | Etotal =-67.600    grad(E)=0.117      E(VDW )=-13.712    E(ELEC)=-53.889    |
 -------------------------------------------------------------------------------
 NBONDS: generating intra-molecular exclusion list with mode= 5
 MAKINB: mode   5 found     10 exclusions and     23 interactions(1-4)
 NBONDS: found     4009 intra-atom interactions
 --------------- cycle=    72 --------------------------------------------------
 | Etotal =-85.326    grad(E)=0.192      E(VDW )=-15.188    E(ELEC)=-70.137    |
 -------------------------------------------------------------------------------
 NBONDS: generating intra-molecular exclusion list with mode= 5
 MAKINB: mode   5 found     10 exclusions and     20 interactions(1-4)
 NBONDS: found     5042 intra-atom interactions
 --------------- cycle=    73 --------------------------------------------------
 | Etotal =-79.995    grad(E)=0.139      E(VDW )=-19.296    E(ELEC)=-60.700    |
 -------------------------------------------------------------------------------
 NBONDS: generating intra-molecular exclusion list with mode= 5
 MAKINB: mode   5 found     10 exclusions and     20 interactions(1-4)
 NBONDS: found     4518 intra-atom interactions
 --------------- cycle=    74 --------------------------------------------------
 | Etotal =-115.017   grad(E)=0.237      E(VDW )=-18.619    E(ELEC)=-96.397    |
 -------------------------------------------------------------------------------
 NBONDS: generating intra-molecular exclusion list with mode= 5
 MAKINB: mode   5 found     10 exclusions and     20 interactions(1-4)
 NBONDS: found     2699 intra-atom interactions
 --------------- cycle=    75 --------------------------------------------------
 | Etotal =-75.955    grad(E)=0.168      E(VDW )=-10.427    E(ELEC)=-65.528    |
 -------------------------------------------------------------------------------
 NBONDS: generating intra-molecular exclusion list with mode= 5
 MAKINB: mode   5 found     10 exclusions and     20 interactions(1-4)
 NBONDS: found     6804 intra-atom interactions
 --------------- cycle=    76 --------------------------------------------------
 | Etotal =-105.876   grad(E)=0.310      E(VDW )=-24.561    E(ELEC)=-81.315    |
 -------------------------------------------------------------------------------
 NBONDS: generating intra-molecular exclusion list with mode= 5
 MAKINB: mode   5 found     10 exclusions and     20 interactions(1-4)
 NBONDS: found     2169 intra-atom interactions
 --------------- cycle=    77 --------------------------------------------------
 | Etotal =-90.574    grad(E)=0.161      E(VDW )=-9.537     E(ELEC)=-81.037    |
 -------------------------------------------------------------------------------
 NBONDS: generating intra-molecular exclusion list with mode= 5
 MAKINB: mode   5 found     10 exclusions and     20 interactions(1-4)
 NBONDS: found     6779 intra-atom interactions
 --------------- cycle=    78 --------------------------------------------------
 | Etotal =-92.648    grad(E)=0.450      E(VDW )=-22.970    E(ELEC)=-69.678    |
 -------------------------------------------------------------------------------
 NBONDS: generating intra-molecular exclusion list with mode= 5
 MAKINB: mode   5 found     10 exclusions and     23 interactions(1-4)
 NBONDS: found     4760 intra-atom interactions
 --------------- cycle=    79 --------------------------------------------------
 | Etotal =-81.792    grad(E)=0.171      E(VDW )=-18.132    E(ELEC)=-63.660    |
 -------------------------------------------------------------------------------
 NBONDS: generating intra-molecular exclusion list with mode= 5
 MAKINB: mode   5 found     10 exclusions and     23 interactions(1-4)
 NBONDS: found     2951 intra-atom interactions
 --------------- cycle=    80 --------------------------------------------------
 | Etotal =-83.703    grad(E)=0.172      E(VDW )=-9.461     E(ELEC)=-74.242    |
 -------------------------------------------------------------------------------
 NBONDS: generating intra-molecular exclusion list with mode= 5
 MAKINB: mode   5 found     10 exclusions and     20 interactions(1-4)
 NBONDS: found     3093 intra-atom interactions
 --------------- cycle=    81 --------------------------------------------------
 | Etotal =-86.925    grad(E)=0.248      E(VDW )=-6.923     E(ELEC)=-80.002    |
 -------------------------------------------------------------------------------
 NBONDS: generating intra-molecular exclusion list with mode= 5
 MAKINB: mode   5 found     10 exclusions and     20 interactions(1-4)
 NBONDS: found     4184 intra-atom interactions
 --------------- cycle=    82 --------------------------------------------------
 | Etotal =-98.433    grad(E)=0.251      E(VDW )=-14.569    E(ELEC)=-83.864    |
 -------------------------------------------------------------------------------
 NBONDS: generating intra-molecular exclusion list with mode= 5
 MAKINB: mode   5 found     10 exclusions and     20 interactions(1-4)
 NBONDS: found     1958 intra-atom interactions
 --------------- cycle=    83 --------------------------------------------------
 | Etotal =-67.629    grad(E)=0.217      E(VDW )=-2.238     E(ELEC)=-65.392    |
 -------------------------------------------------------------------------------
 NBONDS: generating intra-molecular exclusion list with mode= 5
 MAKINB: mode   5 found     10 exclusions and     20 interactions(1-4)
 NBONDS: found     2828 intra-atom interactions
 --------------- cycle=    84 --------------------------------------------------
 | Etotal =-69.739    grad(E)=0.159      E(VDW )=-5.737     E(ELEC)=-64.002    |
 -------------------------------------------------------------------------------
 NBONDS: generating intra-molecular exclusion list with mode= 5
 MAKINB: mode   5 found     10 exclusions and     20 interactions(1-4)
 NBONDS: found     1654 intra-atom interactions
 --------------- cycle=    85 --------------------------------------------------
 | Etotal =-73.693    grad(E)=0.197      E(VDW )=-5.347     E(ELEC)=-68.346    |
 -------------------------------------------------------------------------------
 NBONDS: generating intra-molecular exclusion list with mode= 5
 MAKINB: mode   5 found     10 exclusions and     20 interactions(1-4)
 NBONDS: found     5826 intra-atom interactions
 --------------- cycle=    86 --------------------------------------------------
 | Etotal =-116.800   grad(E)=0.264      E(VDW )=-24.679    E(ELEC)=-92.121    |
 -------------------------------------------------------------------------------
 NBONDS: generating intra-molecular exclusion list with mode= 5
 MAKINB: mode   5 found     10 exclusions and     23 interactions(1-4)
 NBONDS: found     4490 intra-atom interactions
 --------------- cycle=    87 --------------------------------------------------
 | Etotal =-110.932   grad(E)=0.266      E(VDW )=-19.196    E(ELEC)=-91.736    |
 -------------------------------------------------------------------------------
 HEAP: maximum use      =    22529600 current use      =       96000 bytes
 HEAP: maximum overhead =        2816 current overhead =         752 bytes
          ============================================================
           Maximum dynamic memory allocation:    22529600 bytes
           Maximum dynamic memory overhead:          2816 bytes
           Program started at: 19:25:00 on 10-Jun-2020
           Program stopped at: 19:25:25 on 10-Jun-2020
           CPU time used:      25.4531 seconds
          ============================================================
