          ============================================================
          |                                                          |
          |            Crystallography & NMR System (CNS)            |
          |                         CNSsolve                         |
          |                                                          |
          ============================================================
           Version: 1.3 at patch level U
           Status: Special UU release with Rg and paramagnetic
                   restraints (A. Bonvin, UU 2011)
          ============================================================
           Written by: A.T.Brunger, P.D.Adams, G.M.Clore, W.L.DeLano,
                       P.Gros, R.W.Grosse-Kunstleve,J.-S.Jiang,J.M.Krahn,
                       J.Kuszewski, M.Nilges, N.S.Pannu, R.J.Read,
                       L.M.Rice, G.F.Schroeder, T.Simonson, G.L.Warren.
           Copyright (c) 1997-2010 Yale University
          ============================================================
           Running on machine: hostname unknown (x86_64/Linux,64-bit)
           Program started by: joaor
           Program started at: 19:28:01 on 10-Jun-2020
          ============================================================

 FFT3C: Using FFTPACK4.1

 CNSsolve>! 
 CNSsolve>! Calculates pairwise energies between residues 
 CNSsolve>! Will only rebuild hydrogen atoms 
 CNSsolve>! 
 CNSsolve>! Adapted from HADDOCK protocols here and there. 
 CNSsolve>! JR & AMJJB @ 2020 
 CNSsolve>! 
 CNSsolve>define( 
 DEFINE>    {===>} auto_break=true; 
 DEFINE>    {===>} break_cutoff=2.5; 
 DEFINE>    {===>} dnaauto_break=true; 
 DEFINE>    {===>} dbreak_cutoff=4.5; 
 DEFINE>    {===>} auto_cispro=true; 
 DEFINE>    {===>} auto_disu=true; 
 DEFINE>    {===>} disulphide_dist=3.0; 
 DEFINE>    {===>} glyco_dist=2.75; 
 DEFINE>    {===>} coorin="molecule.pdb"; 
 DEFINE>    {===>} icutoff=5.0; 
 DEFINE>) 
 CNSsolve> 
 CNSsolve>! Mute (most) output 
 CNSsolve>set message=on echo=off end 
 ASSFIL: file merged.param opened.
 MESSage=NORM
 EVALUATE: symbol $OLD_MESSAGE set to "NORM" (string)
 ECHO=FALSe {OFF}
 EVALUATE: symbol $OLD_ECHO set to FALSE (logical)
 %PARRDR-info: duplication of bond HC   NC2 
 %PARRDR-info: duplication of angle CH2E C    NH1 
 %PARRDR-info: duplication of angle CH2P CH2E HA  
 ASSFIL: file merged.top opened.
 MESSage=NORM
 EVALUATE: symbol $OLD_MESSAGE set to "NORM" (string)
 ECHO=FALSe {OFF}
 EVALUATE: symbol $OLD_ECHO set to FALSE (logical)
 %RTFIO-warning: undefined masses in residue CYC 
 %RTFIO error encountered: there are undefined masses.
   (CNS is in mode: SET ABORT=NORMal END)
 MESSage=NORM
 EVALUATE: symbol $OLD_MESSAGE set to "NORM" (string)
 ECHO=FALSe {OFF}
 EVALUATE: symbol $OLD_ECHO set to FALSE (logical)
 ASSFIL: file protein_break.top opened.
 %RTFRDR-ERR: duplicate (P-)RESIdue name DPEP
 %RTFRDR-ERR: duplicate (P-)RESIdue name DPPP
 RTFRDR> 
 RTFRDR>end 
 CNSsolve> 
 CNSsolve>! Reset output muting 
 CNSsolve>set message=off echo=off end 
FOUND 4 NAG:ASN pairs
NAG:ASN bond added from   B    901  to   B    53  
NAG:ASN bond added from   B    907  to   B    322 
NAG:ASN bond added from   B    910  to   B    546 
NAG:ASN bond added from   E    1401 to   E    343 
FOUND 4 NAG:NAG pairs
NAG:NAG B14 bond added from   B    902  to   B    901 
NAG:NAG B14 bond added from   B    911  to   B    910 
NAG:NAG B14 bond added from   E    1402 to   E    1401
NAG:NAG B14 bond added from   E    1403 to   E    1402
 %PARRDR-info: duplication of bond HC   NC2 
 %PARRDR-info: duplication of angle CH2E C    NH1 
 %PARRDR-info: duplication of angle CH2P CH2E HA  
 POWELL: number of degrees of freedom= 13767
 NBONDS: generating intra-molecular exclusion list with mode=-2
 MAKINB: mode  -2 found   4589 exclusions and      0 interactions(1-4)
 %atoms "B   -92  -ILE -CA  " and "B   -92  -ILE -HD12" only  0.07 A apart
 %atoms "B   -178 -PRO -HB1 " and "B   -178 -PRO -HB2 " only  0.07 A apart
 %atoms "B   -206 -ASP -HA  " and "B   -206 -ASP -HB2 " only  0.07 A apart
 %atoms "B   -221 -GLN -HB2 " and "B   -221 -GLN -HG1 " only  0.07 A apart
 %atoms "B   -291 -ILE -CB  " and "B   -291 -ILE -HG12" only  0.05 A apart
 %atoms "B   -318 -VAL -CA  " and "B   -318 -VAL -HG22" only  0.04 A apart
 %atoms "B   -328 -TRP -HB1 " and "B   -328 -TRP -CD2 " only  0.10 A apart
 %atoms "B   -370 -LEU -HD12" and "B   -370 -LEU -HD13" only  0.06 A apart
 %atoms "B   -418 -LEU -HB2 " and "B   -418 -LEU -HD22" only  0.08 A apart
 %atoms "B   -437 -ASN -HA  " and "B   -437 -ASN -HB2 " only  0.09 A apart
 %atoms "B   -447 -VAL -HA  " and "B   -447 -VAL -HG11" only  0.09 A apart
 %atoms "B   -480 -MET -CA  " and "B   -480 -MET -HG1 " only  0.05 A apart
 %atoms "B   -506 -VAL -HG11" and "B   -506 -VAL -HG13" only  0.04 A apart
 %atoms "B   -515 -TYR -HA  " and "B   -515 -TYR -HD2 " only  0.08 A apart
 %atoms "B   -581 -VAL -HG12" and "B   -581 -VAL -HG21" only  0.08 A apart
 %atoms "E   -406 -GLU -HB1 " and "E   -406 -GLU -HB2 " only  0.09 A apart
 %atoms "E   -441 -LEU -HD13" and "E   -441 -LEU -HD21" only  0.08 A apart
 NBONDS: found   693508 intra-atom interactions
 NBONDS: found       17 nonbonded violations
 %atoms "B   -385 -TYR -HB2 " and "B   -385 -TYR -CD1 " only  0.10 A apart
 NBONDS: found   693427 intra-atom interactions
 NBONDS: found        1 nonbonded violations
 NBONDS: found   690136 intra-atom interactions
 NBONDS: found   686641 intra-atom interactions
 --------------- cycle=    10 ------ stepsize=   -0.0000 -----------------------
 | Etotal =0.33E+07   grad(E)=569.048    E(BOND)=469806.172 E(ANGL)=0.16E+07   |
 | E(VDW )=0.13E+07                                                            |
 -------------------------------------------------------------------------------
 NBONDS: found   685167 intra-atom interactions
 NBONDS: found   686270 intra-atom interactions
 NBONDS: found   687091 intra-atom interactions
 NBONDS: found   687138 intra-atom interactions
 --------------- cycle=    20 ------ stepsize=    0.0000 -----------------------
 | Etotal =0.12E+07   grad(E)=299.095    E(BOND)=232150.318 E(ANGL)=491662.575 |
 | E(VDW )=498341.425                                                          |
 -------------------------------------------------------------------------------
 NBONDS: found   687393 intra-atom interactions
 NBONDS: found   687315 intra-atom interactions
 NBONDS: found   687410 intra-atom interactions
 --------------- cycle=    30 ------ stepsize=   -0.0000 -----------------------
 | Etotal =962200.346 grad(E)=239.120    E(BOND)=185251.368 E(ANGL)=350129.940 |
 | E(VDW )=426819.038                                                          |
 -------------------------------------------------------------------------------
 NBONDS: found   687658 intra-atom interactions
 NBONDS: found   687598 intra-atom interactions
 NBONDS: found   687560 intra-atom interactions
 --------------- cycle=    40 ------ stepsize=   -0.0002 -----------------------
 | Etotal =912612.393 grad(E)=228.063    E(BOND)=181813.356 E(ANGL)=322527.156 |
 | E(VDW )=408271.881                                                          |
 -------------------------------------------------------------------------------
 NBONDS: found   687591 intra-atom interactions
 --------------- cycle=    50 ------ stepsize=    0.0001 -----------------------
 | Etotal =896922.950 grad(E)=225.466    E(BOND)=180571.745 E(ANGL)=314657.460 |
 | E(VDW )=401693.745                                                          |
 -------------------------------------------------------------------------------
 POWELL: STEP number limit. Normal termination
 POWELL: Current coordinates set to last minimum
 DCART: temperature coupling (TCOUpling) enabled
 -------------------------- Cartesian dynamics start ---------------------------
 | E(kin)+E(total)=0.34E+07        E(kin)=4178.557      temperature=305.476    |
 | Etotal =0.34E+07   grad(E)=582.892    E(BOND)=180571.745 E(ANGL)=314657.460 |
 | E(IMPR)=0.29E+07                                                            |
 -------------------------------------------------------------------------------
 ----------------- final step=       50 at      0.02500 ps ---------------------
 | E(kin)+E(total)=0.22E+07        E(kin)=443581.624    temperature=32428.333  |
 | Etotal =0.18E+07   grad(E)=322.256    E(BOND)=193575.299 E(ANGL)=820082.701 |
 | E(IMPR)=770971.092                                                          |
 -------------------------------------------------------------------------------
 CENMAS: Information about center of free masses
         position [A]          :     -0.59035      0.03575     -0.29880
         velocity [A/ps]       :      0.32328     -0.59895     -0.00472
         ang. mom. [amu A/ps]  :************* 504709.420771932588.44775
         kin. ener. [Kcal/mol] :     50.81250
 POWELL: number of degrees of freedom= 13767
 NBONDS: found   686159 intra-atom interactions
 NBONDS: found   684786 intra-atom interactions
 NBONDS: found   684923 intra-atom interactions
 NBONDS: found   685890 intra-atom interactions
 NBONDS: found   685820 intra-atom interactions
 --------------- cycle=    10 ------ stepsize=   -0.0002 -----------------------
 | Etotal =0.19E+07   grad(E)=280.911    E(BOND)=263543.241 E(ANGL)=460606.618 |
 | E(IMPR)=682036.594 E(VDW )=468507.234                                       |
 -------------------------------------------------------------------------------
 NBONDS: found   686536 intra-atom interactions
 NBONDS: found   686855 intra-atom interactions
 NBONDS: found   686480 intra-atom interactions
 NBONDS: found   686413 intra-atom interactions
 NBONDS: found   686640 intra-atom interactions
 --------------- cycle=    20 ------ stepsize=    0.0000 -----------------------
 | Etotal =0.13E+07   grad(E)=140.818    E(BOND)=175925.956 E(ANGL)=166844.484 |
 | E(IMPR)=564306.748 E(VDW )=351916.534                                       |
 -------------------------------------------------------------------------------
 NBONDS: found   686820 intra-atom interactions
 NBONDS: found   686795 intra-atom interactions
 NBONDS: found   686720 intra-atom interactions
 --------------- cycle=    30 ------ stepsize=   -0.0000 -----------------------
 | Etotal =0.12E+07   grad(E)=119.776    E(BOND)=169594.393 E(ANGL)=136786.711 |
 | E(IMPR)=549631.574 E(VDW )=327604.948                                       |
 -------------------------------------------------------------------------------
 NBONDS: found   686808 intra-atom interactions
 NBONDS: found   686854 intra-atom interactions
 NBONDS: found   686801 intra-atom interactions
 --------------- cycle=    40 ------ stepsize=    0.0000 -----------------------
 | Etotal =0.11E+07   grad(E)=111.988    E(BOND)=165876.008 E(ANGL)=124965.524 |
 | E(IMPR)=536640.473 E(VDW )=320941.814                                       |
 -------------------------------------------------------------------------------
 NBONDS: found   686764 intra-atom interactions
 NBONDS: found   686754 intra-atom interactions
 --------------- cycle=    50 ------ stepsize=    0.0001 -----------------------
 | Etotal =0.11E+07   grad(E)=110.729    E(BOND)=164586.751 E(ANGL)=121507.083 |
 | E(IMPR)=529482.012 E(VDW )=317761.391                                       |
 -------------------------------------------------------------------------------
 POWELL: STEP number limit. Normal termination
 POWELL: Current coordinates set to last minimum
 DCART: temperature coupling (TCOUpling) enabled
 -------------------------- Cartesian dynamics start ---------------------------
 | E(kin)+E(total)=0.11E+07        E(kin)=4120.300      temperature=301.217    |
 | Etotal =0.11E+07   grad(E)=110.729    E(BOND)=164586.751 E(ANGL)=121507.083 |
 | E(IMPR)=529482.012 E(VDW )=317761.391                                       |
 -------------------------------------------------------------------------------
 NBONDS: found   686823 intra-atom interactions
 NBONDS: found   686757 intra-atom interactions
 ----------------- final step=       50 at      0.02500 ps ---------------------
 | E(kin)+E(total)=0.11E+07        E(kin)=6020.011      temperature=440.097    |
 | Etotal =0.11E+07   grad(E)=113.242    E(BOND)=166054.489 E(ANGL)=121319.955 |
 | E(IMPR)=526125.901 E(VDW )=316261.139                                       |
 -------------------------------------------------------------------------------
 CENMAS: Information about center of free masses
         position [A]          :     -0.60018      0.02246     -0.29448
         velocity [A/ps]       :      0.06307     -0.04257      0.03813
         ang. mom. [amu A/ps]  : -53159.13109-156407.21113 173674.64630
         kin. ener. [Kcal/mol] :      0.79452
 %PARRDR-info: duplication of bond HC   NC2 
 %PARRDR-info: duplication of angle CH2E C    NH1 
 %PARRDR-info: duplication of angle CH2P CH2E HA  
 POWELL: number of degrees of freedom= 13767
 NBONDS: generating intra-molecular exclusion list with mode=-3
 MAKINB: mode  -3 found  15678 exclusions and      0 interactions(1-4)
 NBONDS: found   675643 intra-atom interactions
 NBONDS: found   677737 intra-atom interactions
 NBONDS: found   677572 intra-atom interactions
 NBONDS: found   677459 intra-atom interactions
 NBONDS: found   677671 intra-atom interactions
 NBONDS: found   678212 intra-atom interactions
 NBONDS: found   678325 intra-atom interactions
 --------------- cycle=    25 ------ stepsize=   -0.0000 -----------------------
 | Etotal =334393.568 grad(E)=159.813    E(BOND)=72350.879  E(ANGL)=146879.908 |
 | E(IMPR)=112587.379 E(VDW )=2575.402                                         |
 -------------------------------------------------------------------------------
 NBONDS: found   678356 intra-atom interactions
 NBONDS: found   678166 intra-atom interactions
 NBONDS: found   678171 intra-atom interactions
 NBONDS: found   678164 intra-atom interactions
 NBONDS: found   678124 intra-atom interactions
 NBONDS: found   678083 intra-atom interactions
 --------------- cycle=    50 ------ stepsize=    0.0006 -----------------------
 | Etotal =50230.720  grad(E)=33.306     E(BOND)=1759.214   E(ANGL)=24678.459  |
 | E(IMPR)=22993.634  E(VDW )=799.413                                          |
 -------------------------------------------------------------------------------
 NBONDS: found   678001 intra-atom interactions
 NBONDS: found   678039 intra-atom interactions
 NBONDS: found   678015 intra-atom interactions
 NBONDS: found   678055 intra-atom interactions
 NBONDS: found   678012 intra-atom interactions
 --------------- cycle=    75 ------ stepsize=    0.0003 -----------------------
 | Etotal =12449.948  grad(E)=23.125     E(BOND)=707.881    E(ANGL)=6256.480   |
 | E(IMPR)=4852.754   E(VDW )=632.833                                          |
 -------------------------------------------------------------------------------
 NBONDS: found   678060 intra-atom interactions
 NBONDS: found   678049 intra-atom interactions
 NBONDS: found   678055 intra-atom interactions
 --------------- cycle=   100 ------ stepsize=    0.0022 -----------------------
 | Etotal =4913.170   grad(E)=8.537      E(BOND)=209.691    E(ANGL)=1578.476   |
 | E(IMPR)=2562.979   E(VDW )=562.024                                          |
 -------------------------------------------------------------------------------
 POWELL: STEP number limit. Normal termination
 POWELL: Current coordinates set to last minimum
 DCART: temperature coupling (TCOUpling) enabled
 -------------------------- Cartesian dynamics start ---------------------------
 | E(kin)+E(total)=8950.826        E(kin)=4037.656      temperature=295.176    |
 | Etotal =4913.170   grad(E)=8.537      E(BOND)=209.691    E(ANGL)=1578.476   |
 | E(IMPR)=2562.979   E(VDW )=562.024                                          |
 -------------------------------------------------------------------------------
 NBONDS: found   678026 intra-atom interactions
 NBONDS: found   678165 intra-atom interactions
 NBONDS: found   678112 intra-atom interactions
 NBONDS: found   678038 intra-atom interactions
 NBONDS: found   677959 intra-atom interactions
 NBONDS: found   677967 intra-atom interactions
 NBONDS: found   678006 intra-atom interactions
 NBONDS: found   678080 intra-atom interactions
 NBONDS: found   678073 intra-atom interactions
 NBONDS: found   678145 intra-atom interactions
 NBONDS: found   677921 intra-atom interactions
 NBONDS: found   678021 intra-atom interactions
 NBONDS: found   678100 intra-atom interactions
 NBONDS: found   678180 intra-atom interactions
 NBONDS: found   678061 intra-atom interactions
 NBONDS: found   678065 intra-atom interactions
 NBONDS: found   678151 intra-atom interactions
 NBONDS: found   678112 intra-atom interactions
 NBONDS: found   678157 intra-atom interactions
 NBONDS: found   678070 intra-atom interactions
 NBONDS: found   678114 intra-atom interactions
 NBONDS: found   678060 intra-atom interactions
 NBONDS: found   678116 intra-atom interactions
 NBONDS: found   678105 intra-atom interactions
 NBONDS: found   678120 intra-atom interactions
 NBONDS: found   678089 intra-atom interactions
 NBONDS: found   678125 intra-atom interactions
 NBONDS: found   678189 intra-atom interactions
 NBONDS: found   678116 intra-atom interactions
 NBONDS: found   678112 intra-atom interactions
 NBONDS: found   678080 intra-atom interactions
 ----------------- final step=      500 at      0.25000 ps ---------------------
 | E(kin)+E(total)=8965.535        E(kin)=4074.743      temperature=297.887    |
 | Etotal =4890.791   grad(E)=28.711     E(BOND)=1405.503   E(ANGL)=2573.928   |
 | E(IMPR)=286.756    E(VDW )=624.603                                          |
 -------------------------------------------------------------------------------
 CENMAS: Information about center of free masses
         position [A]          :     -0.59799      0.02213     -0.29392
         velocity [A/ps]       :     -0.06324     -0.00608     -0.02160
         ang. mom. [amu A/ps]  :-149003.22751 -74969.99419-134391.67158
         kin. ener. [Kcal/mol] :      0.49393
 EFLAGS: the following energy flags are set
 EFLAGS: BOND ANGL DIHE IMPR VDW 
 %PARRDR-info: duplication of bond HC   NC2 
 %PARRDR-info: duplication of angle CH2E C    NH1 
 %PARRDR-info: duplication of angle CH2P CH2E HA  
 POWELL: number of degrees of freedom= 13767
 NBONDS: generating intra-molecular exclusion list with mode=-3
 MAKINB: mode  -3 found  15678 exclusions and      0 interactions(1-4)
 NBONDS: found   678110 intra-atom interactions
 NBONDS: found   677944 intra-atom interactions
 NBONDS: found   677848 intra-atom interactions
 --------------- cycle=    50 ------ stepsize=    0.0009 -----------------------
 | Etotal =13469.178  grad(E)=13.564     E(BOND)=231.045    E(ANGL)=1204.931   |
 | E(DIHE)=210.366    E(IMPR)=89.363     E(VDW )=11733.473                     |
 -------------------------------------------------------------------------------
 NBONDS: found   677906 intra-atom interactions
 --------------- cycle=   100 ------ stepsize=    0.0010 -----------------------
 | Etotal =13139.968  grad(E)=13.403     E(BOND)=226.601    E(ANGL)=1174.542   |
 | E(DIHE)=186.415    E(IMPR)=89.203     E(VDW )=11463.207                     |
 -------------------------------------------------------------------------------
 NBONDS: found   677906 intra-atom interactions
 --------------- cycle=   150 ------ stepsize=    0.0009 -----------------------
 | Etotal =13093.015  grad(E)=13.390     E(BOND)=226.458    E(ANGL)=1170.865   |
 | E(DIHE)=177.497    E(IMPR)=89.429     E(VDW )=11428.766                     |
 -------------------------------------------------------------------------------
 --------------- cycle=   200 ------ stepsize=    0.0011 -----------------------
 | Etotal =13089.803  grad(E)=13.393     E(BOND)=226.375    E(ANGL)=1171.472   |
 | E(DIHE)=177.835    E(IMPR)=89.803     E(VDW )=11424.318                     |
 -------------------------------------------------------------------------------
 --------------- cycle=   250 ------ stepsize=    0.0010 -----------------------
 | Etotal =13088.591  grad(E)=13.392     E(BOND)=226.301    E(ANGL)=1171.631   |
 | E(DIHE)=178.153    E(IMPR)=89.784     E(VDW )=11422.722                     |
 -------------------------------------------------------------------------------
 --------------- cycle=   300 ------ stepsize=    0.0011 -----------------------
 | Etotal =13081.572  grad(E)=13.387     E(BOND)=225.706    E(ANGL)=1170.884   |
 | E(DIHE)=179.174    E(IMPR)=90.139     E(VDW )=11415.669                     |
 -------------------------------------------------------------------------------
 --------------- cycle=   350 ------ stepsize=    0.0013 -----------------------
 | Etotal =13080.777  grad(E)=13.384     E(BOND)=225.548    E(ANGL)=1170.777   |
 | E(DIHE)=179.581    E(IMPR)=89.820     E(VDW )=11415.051                     |
 -------------------------------------------------------------------------------
 --------------- cycle=   400 ------ stepsize=    0.0012 -----------------------
 | Etotal =13080.737  grad(E)=13.384     E(BOND)=225.543    E(ANGL)=1170.707   |
 | E(DIHE)=179.697    E(IMPR)=89.804     E(VDW )=11414.986                     |
 -------------------------------------------------------------------------------
 --------------- cycle=   450 ------ stepsize=    0.0011 -----------------------
 | Etotal =13080.736  grad(E)=13.383     E(BOND)=225.546    E(ANGL)=1170.680   |
 | E(DIHE)=179.677    E(IMPR)=89.804     E(VDW )=11415.029                     |
 -------------------------------------------------------------------------------
 --------------- cycle=   500 ------ stepsize=    0.0010 -----------------------
 | Etotal =13080.736  grad(E)=13.383     E(BOND)=225.545    E(ANGL)=1170.675   |
 | E(DIHE)=179.668    E(IMPR)=89.803     E(VDW )=11415.045                     |
 -------------------------------------------------------------------------------
 POWELL: STEP number limit. Normal termination
 POWELL: Current coordinates set to last minimum
 DCART: temperature coupling (TCOUpling) enabled
 -------------------------- Cartesian dynamics start ---------------------------
 | E(kin)+E(total)=17157.138       E(kin)=4076.402      temperature=298.008    |
 | Etotal =13080.736  grad(E)=13.383     E(BOND)=225.545    E(ANGL)=1170.675   |
 | E(DIHE)=179.668    E(IMPR)=89.803     E(VDW )=11415.045                     |
 -------------------------------------------------------------------------------
 NBONDS: found   677885 intra-atom interactions
 NBONDS: found   677986 intra-atom interactions
 NBONDS: found   677829 intra-atom interactions
 NBONDS: found   677877 intra-atom interactions
 NBONDS: found   677953 intra-atom interactions
 NBONDS: found   677879 intra-atom interactions
 NBONDS: found   677880 intra-atom interactions
 NBONDS: found   678046 intra-atom interactions
 NBONDS: found   677837 intra-atom interactions
 NBONDS: found   677960 intra-atom interactions
 ----------------- final step=      500 at      0.25000 ps ---------------------
 | E(kin)+E(total)=21348.979       E(kin)=4242.414      temperature=310.144    |
 | Etotal =17106.565  grad(E)=31.768     E(BOND)=1276.013   E(ANGL)=3464.216   |
 | E(DIHE)=186.146    E(IMPR)=435.564    E(VDW )=11744.626                     |
 -------------------------------------------------------------------------------
 CENMAS: Information about center of free masses
         position [A]          :     -0.59874      0.02091     -0.29426
         velocity [A/ps]       :     -0.36783     -0.10862     -0.00396
         ang. mom. [amu A/ps]  :  14300.35690   6330.21850  -6813.13768
         kin. ener. [Kcal/mol] :      0.81320
 POWELL: number of degrees of freedom= 13767
 --------------- cycle=    50 ------ stepsize=    0.0009 -----------------------
 | Etotal =13087.529  grad(E)=13.376     E(BOND)=226.704    E(ANGL)=1169.451   |
 | E(DIHE)=177.762    E(IMPR)=90.345     E(VDW )=11423.268                     |
 -------------------------------------------------------------------------------
 --------------- cycle=   100 ------ stepsize=    0.0012 -----------------------
 | Etotal =13080.649  grad(E)=13.378     E(BOND)=226.575    E(ANGL)=1169.405   |
 | E(DIHE)=175.929    E(IMPR)=89.937     E(VDW )=11418.803                     |
 -------------------------------------------------------------------------------
 --------------- cycle=   150 ------ stepsize=    0.0009 -----------------------
 | Etotal =13078.407  grad(E)=13.375     E(BOND)=226.184    E(ANGL)=1169.107   |
 | E(DIHE)=175.251    E(IMPR)=90.151     E(VDW )=11417.714                     |
 -------------------------------------------------------------------------------
 --------------- cycle=   200 ------ stepsize=    0.0010 -----------------------
 | Etotal =13075.947  grad(E)=13.376     E(BOND)=225.996    E(ANGL)=1169.334   |
 | E(DIHE)=176.082    E(IMPR)=90.054     E(VDW )=11414.481                     |
 -------------------------------------------------------------------------------
 --------------- cycle=   250 ------ stepsize=    0.0008 -----------------------
 | Etotal =13075.802  grad(E)=13.378     E(BOND)=225.955    E(ANGL)=1169.403   |
 | E(DIHE)=176.413    E(IMPR)=90.033     E(VDW )=11413.998                     |
 -------------------------------------------------------------------------------
 --------------- cycle=   300 ------ stepsize=    0.0001 -----------------------
 | Etotal =13075.397  grad(E)=13.376     E(BOND)=226.054    E(ANGL)=1169.248   |
 | E(DIHE)=176.856    E(IMPR)=89.984     E(VDW )=11413.256                     |
 -------------------------------------------------------------------------------
 --------------- cycle=   350 ------ stepsize=   -0.0002 -----------------------
 | Etotal =13075.295  grad(E)=13.375     E(BOND)=226.136    E(ANGL)=1169.115   |
 | E(DIHE)=176.997    E(IMPR)=89.970     E(VDW )=11413.077                     |
 -------------------------------------------------------------------------------
 --------------- cycle=   400 ------ stepsize=   -0.0004 -----------------------
 | Etotal =13075.281  grad(E)=13.375     E(BOND)=226.154    E(ANGL)=1169.065   |
 | E(DIHE)=177.113    E(IMPR)=89.971     E(VDW )=11412.977                     |
 -------------------------------------------------------------------------------
 --------------- cycle=   450 ------ stepsize=   -0.0002 -----------------------
 | Etotal =13075.278  grad(E)=13.375     E(BOND)=226.155    E(ANGL)=1169.054   |
 | E(DIHE)=177.132    E(IMPR)=89.972     E(VDW )=11412.965                     |
 -------------------------------------------------------------------------------
 --------------- cycle=   500 ------ stepsize=   -0.0001 -----------------------
 | Etotal =13075.278  grad(E)=13.375     E(BOND)=226.155    E(ANGL)=1169.051   |
 | E(DIHE)=177.132    E(IMPR)=89.973     E(VDW )=11412.968                     |
 -------------------------------------------------------------------------------
 POWELL: STEP number limit. Normal termination
 POWELL: Current coordinates set to last minimum
 POWELL: number of degrees of freedom= 18177
 NBONDS: found   677696 intra-atom interactions
 NBONDS: found   677824 intra-atom interactions
 --------------- cycle=     5 ------ stepsize=    0.0006 -----------------------
 | Etotal =12906.425  grad(E)=13.365     E(BOND)=224.364    E(ANGL)=1168.010   |
 | E(DIHE)=177.133    E(IMPR)=90.276     E(VDW )=11246.642                     |
 -------------------------------------------------------------------------------
 --------------- cycle=    10 ------ stepsize=    0.0010 -----------------------
 | Etotal =12904.148  grad(E)=13.369     E(BOND)=224.217    E(ANGL)=1169.645   |
 | E(DIHE)=177.071    E(IMPR)=90.471     E(VDW )=11242.743                     |
 -------------------------------------------------------------------------------
 --------------- cycle=    15 ------ stepsize=    0.0006 -----------------------
 | Etotal =12902.652  grad(E)=13.369     E(BOND)=224.158    E(ANGL)=1169.389   |
 | E(DIHE)=176.950    E(IMPR)=90.306     E(VDW )=11241.848                     |
 -------------------------------------------------------------------------------
 --------------- cycle=    20 ------ stepsize=    0.0008 -----------------------
 | Etotal =12901.173  grad(E)=13.365     E(BOND)=224.268    E(ANGL)=1168.776   |
 | E(DIHE)=176.855    E(IMPR)=90.466     E(VDW )=11240.809                     |
 -------------------------------------------------------------------------------
 --------------- cycle=    25 ------ stepsize=    0.0004 -----------------------
 | Etotal =12900.750  grad(E)=13.371     E(BOND)=224.337    E(ANGL)=1169.762   |
 | E(DIHE)=176.868    E(IMPR)=90.241     E(VDW )=11239.542                     |
 -------------------------------------------------------------------------------
 --------------- cycle=    30 ------ stepsize=    0.0009 -----------------------
 | Etotal =12900.243  grad(E)=13.361     E(BOND)=224.275    E(ANGL)=1168.725   |
 | E(DIHE)=176.931    E(IMPR)=90.478     E(VDW )=11239.834                     |
 -------------------------------------------------------------------------------
 --------------- cycle=    35 ------ stepsize=   -0.0000 -----------------------
 | Etotal =12899.997  grad(E)=13.363     E(BOND)=224.264    E(ANGL)=1168.900   |
 | E(DIHE)=177.010    E(IMPR)=90.311     E(VDW )=11239.512                     |
 -------------------------------------------------------------------------------
 --------------- cycle=    40 ------ stepsize=    0.0010 -----------------------
 | Etotal =12899.940  grad(E)=13.363     E(BOND)=224.283    E(ANGL)=1168.901   |
 | E(DIHE)=177.039    E(IMPR)=90.346     E(VDW )=11239.371                     |
 -------------------------------------------------------------------------------
 --------------- cycle=    45 ------ stepsize=    0.0002 -----------------------
 | Etotal =12899.898  grad(E)=13.364     E(BOND)=224.295    E(ANGL)=1169.016   |
 | E(DIHE)=177.057    E(IMPR)=90.345     E(VDW )=11239.187                     |
 -------------------------------------------------------------------------------
 --------------- cycle=    50 ------ stepsize=    0.0008 -----------------------
 | Etotal =12899.871  grad(E)=13.364     E(BOND)=224.283    E(ANGL)=1168.942   |
 | E(DIHE)=177.058    E(IMPR)=90.346     E(VDW )=11239.242                     |
 -------------------------------------------------------------------------------
 POWELL: STEP number limit. Normal termination
 POWELL: Current coordinates set to last minimum
 %PARRDR-info: duplication of bond HC   NC2 
 %PARRDR-info: duplication of angle CH2E C    NH1 
 %PARRDR-info: duplication of angle CH2P CH2E HA  
 POWELL: number of degrees of freedom= 18177
 NBONDS: generating intra-molecular exclusion list with mode= 5
 MAKINB: mode   5 found  17703 exclusions and  17811 interactions(1-4)
 NBONDS: found   896394 intra-atom interactions
 NBONDS: found   896407 intra-atom interactions
 NBONDS: found   896413 intra-atom interactions
 --------------- cycle=    50 ------ stepsize=    0.0000 -----------------------
 | Etotal =27.471     grad(E)=5.603      E(BOND)=17.644     E(ANGL)=428.307    |
 | E(DIHE)=67.128     E(IMPR)=34.141     E(VDW )=-520.526   E(ELEC)=0.777      |
 -------------------------------------------------------------------------------
 POWELL: STEP number limit. Normal termination
 POWELL: Current coordinates set to last minimum
 --------------- cycle=     1 --------------------------------------------------
 | Etotal =27.471     grad(E)=5.603      E(BOND)=17.644     E(ANGL)=428.307    |
 | E(DIHE)=67.128     E(IMPR)=34.141     E(VDW )=-520.526   E(ELEC)=0.777      |
 -------------------------------------------------------------------------------
 SURFAC: half the sigma value being used for atomic radii.
 SURFAC: ACCEssible surface area
 SURFAC: ACCUracy= 0.07 RH2O=  1.40
         Z-grid=  0.32 number-of-Z-sections=  213
         measures-of-arc= 92842 and151641
 SURFAC: half the sigma value being used for atomic radii.
 SURFAC: ACCEssible surface area
 SURFAC: ACCUracy= 0.07 RH2O=  1.40
         Z-grid=  0.32 number-of-Z-sections=  136
         measures-of-arc= 25907 and 46171
 SURFAC: half the sigma value being used for atomic radii.
 SURFAC: ACCEssible surface area
 SURFAC: ACCUracy= 0.07 RH2O=  1.40
         Z-grid=  0.32 number-of-Z-sections=  213
         measures-of-arc=120680 and197900
 %PARRDR-info: duplication of bond HC   NC2 
 %PARRDR-info: duplication of angle CH2E C    NH1 
 %PARRDR-info: duplication of angle CH2P CH2E HA  
 NBONDS: generating intra-molecular exclusion list with mode= 5
 MAKINB: mode   5 found      5 exclusions and     10 interactions(1-4)
 NBONDS: found     2050 intra-atom interactions
 --------------- cycle=     2 --------------------------------------------------
 | Etotal =-38.407    grad(E)=0.177      E(VDW )=-3.494     E(ELEC)=-34.913    |
 -------------------------------------------------------------------------------
 NBONDS: generating intra-molecular exclusion list with mode= 5
 MAKINB: mode   5 found     10 exclusions and     20 interactions(1-4)
 NBONDS: found     2003 intra-atom interactions
 --------------- cycle=     3 --------------------------------------------------
 | Etotal =-103.992   grad(E)=0.245      E(VDW )=-5.384     E(ELEC)=-98.608    |
 -------------------------------------------------------------------------------
 NBONDS: generating intra-molecular exclusion list with mode= 5
 MAKINB: mode   5 found     10 exclusions and     20 interactions(1-4)
 NBONDS: found     4426 intra-atom interactions
 --------------- cycle=     4 --------------------------------------------------
 | Etotal =-96.270    grad(E)=0.178      E(VDW )=-14.364    E(ELEC)=-81.906    |
 -------------------------------------------------------------------------------
 NBONDS: generating intra-molecular exclusion list with mode= 5
 MAKINB: mode   5 found     10 exclusions and     20 interactions(1-4)
 NBONDS: found     3044 intra-atom interactions
 --------------- cycle=     5 --------------------------------------------------
 | Etotal =-87.089    grad(E)=0.144      E(VDW )=-10.153    E(ELEC)=-76.936    |
 -------------------------------------------------------------------------------
 NBONDS: generating intra-molecular exclusion list with mode= 5
 MAKINB: mode   5 found     10 exclusions and     20 interactions(1-4)
 NBONDS: found     4358 intra-atom interactions
 --------------- cycle=     6 --------------------------------------------------
 | Etotal =-171.063   grad(E)=0.363      E(VDW )=-10.564    E(ELEC)=-160.499   |
 -------------------------------------------------------------------------------
 NBONDS: generating intra-molecular exclusion list with mode= 5
 MAKINB: mode   5 found     10 exclusions and     20 interactions(1-4)
 NBONDS: found     3641 intra-atom interactions
 --------------- cycle=     7 --------------------------------------------------
 | Etotal =-103.186   grad(E)=0.244      E(VDW )=-12.897    E(ELEC)=-90.288    |
 -------------------------------------------------------------------------------
 NBONDS: generating intra-molecular exclusion list with mode= 5
 MAKINB: mode   5 found     10 exclusions and     20 interactions(1-4)
 NBONDS: found     5974 intra-atom interactions
 --------------- cycle=     8 --------------------------------------------------
 | Etotal =-99.075    grad(E)=0.213      E(VDW )=-19.917    E(ELEC)=-79.158    |
 -------------------------------------------------------------------------------
 NBONDS: generating intra-molecular exclusion list with mode= 5
 MAKINB: mode   5 found     10 exclusions and     20 interactions(1-4)
 NBONDS: found     5896 intra-atom interactions
 --------------- cycle=     9 --------------------------------------------------
 | Etotal =-102.848   grad(E)=0.195      E(VDW )=-15.477    E(ELEC)=-87.370    |
 -------------------------------------------------------------------------------
 NBONDS: generating intra-molecular exclusion list with mode= 5
 MAKINB: mode   5 found     10 exclusions and     20 interactions(1-4)
 NBONDS: found     3602 intra-atom interactions
 --------------- cycle=    10 --------------------------------------------------
 | Etotal =-171.382   grad(E)=0.414      E(VDW )=-10.258    E(ELEC)=-161.124   |
 -------------------------------------------------------------------------------
 NBONDS: generating intra-molecular exclusion list with mode= 5
 MAKINB: mode   5 found     10 exclusions and     20 interactions(1-4)
 NBONDS: found     5636 intra-atom interactions
 --------------- cycle=    11 --------------------------------------------------
 | Etotal =-196.644   grad(E)=0.405      E(VDW )=-14.099    E(ELEC)=-182.545   |
 -------------------------------------------------------------------------------
 NBONDS: generating intra-molecular exclusion list with mode= 5
 MAKINB: mode   5 found     10 exclusions and     20 interactions(1-4)
 NBONDS: found     5825 intra-atom interactions
 --------------- cycle=    12 --------------------------------------------------
 | Etotal =-104.636   grad(E)=0.213      E(VDW )=-17.144    E(ELEC)=-87.491    |
 -------------------------------------------------------------------------------
 NBONDS: generating intra-molecular exclusion list with mode= 5
 MAKINB: mode   5 found     10 exclusions and     20 interactions(1-4)
 NBONDS: found     3860 intra-atom interactions
 --------------- cycle=    13 --------------------------------------------------
 | Etotal =-105.960   grad(E)=0.281      E(VDW )=-8.446     E(ELEC)=-97.514    |
 -------------------------------------------------------------------------------
 NBONDS: generating intra-molecular exclusion list with mode= 5
 MAKINB: mode   5 found     10 exclusions and     20 interactions(1-4)
 NBONDS: found     5935 intra-atom interactions
 --------------- cycle=    14 --------------------------------------------------
 | Etotal =-117.133   grad(E)=0.264      E(VDW )=-19.654    E(ELEC)=-97.479    |
 -------------------------------------------------------------------------------
 NBONDS: generating intra-molecular exclusion list with mode= 5
 MAKINB: mode   5 found     10 exclusions and     20 interactions(1-4)
 NBONDS: found     3802 intra-atom interactions
 --------------- cycle=    15 --------------------------------------------------
 | Etotal =-172.092   grad(E)=0.436      E(VDW )=-13.810    E(ELEC)=-158.282   |
 -------------------------------------------------------------------------------
 NBONDS: generating intra-molecular exclusion list with mode= 5
 MAKINB: mode   5 found     10 exclusions and     20 interactions(1-4)
 NBONDS: found     4310 intra-atom interactions
 --------------- cycle=    16 --------------------------------------------------
 | Etotal =-201.241   grad(E)=0.562      E(VDW )=-13.421    E(ELEC)=-187.820   |
 -------------------------------------------------------------------------------
 NBONDS: generating intra-molecular exclusion list with mode= 5
 MAKINB: mode   5 found     10 exclusions and     20 interactions(1-4)
 NBONDS: found     4063 intra-atom interactions
 --------------- cycle=    17 --------------------------------------------------
 | Etotal =-223.456   grad(E)=0.551      E(VDW )=-14.155    E(ELEC)=-209.301   |
 -------------------------------------------------------------------------------
 NBONDS: generating intra-molecular exclusion list with mode= 5
 MAKINB: mode   5 found     10 exclusions and     20 interactions(1-4)
 NBONDS: found     4544 intra-atom interactions
 --------------- cycle=    18 --------------------------------------------------
 | Etotal =-103.401   grad(E)=0.172      E(VDW )=-16.181    E(ELEC)=-87.220    |
 -------------------------------------------------------------------------------
 NBONDS: generating intra-molecular exclusion list with mode= 5
 MAKINB: mode   5 found     10 exclusions and     20 interactions(1-4)
 NBONDS: found     6085 intra-atom interactions
 --------------- cycle=    19 --------------------------------------------------
 | Etotal =-121.950   grad(E)=0.373      E(VDW )=-21.004    E(ELEC)=-100.946   |
 -------------------------------------------------------------------------------
 NBONDS: generating intra-molecular exclusion list with mode= 5
 MAKINB: mode   5 found     10 exclusions and     20 interactions(1-4)
 NBONDS: found     4042 intra-atom interactions
 --------------- cycle=    20 --------------------------------------------------
 | Etotal =-107.584   grad(E)=0.230      E(VDW )=-14.961    E(ELEC)=-92.623    |
 -------------------------------------------------------------------------------
 NBONDS: generating intra-molecular exclusion list with mode= 5
 MAKINB: mode   5 found     10 exclusions and     20 interactions(1-4)
 NBONDS: found     4551 intra-atom interactions
 --------------- cycle=    21 --------------------------------------------------
 | Etotal =-86.838    grad(E)=0.189      E(VDW )=-11.373    E(ELEC)=-75.466    |
 -------------------------------------------------------------------------------
 NBONDS: generating intra-molecular exclusion list with mode= 5
 MAKINB: mode   5 found     10 exclusions and     20 interactions(1-4)
 NBONDS: found     2393 intra-atom interactions
 --------------- cycle=    22 --------------------------------------------------
 | Etotal =-109.221   grad(E)=0.279      E(VDW )=-14.379    E(ELEC)=-94.842    |
 -------------------------------------------------------------------------------
 NBONDS: generating intra-molecular exclusion list with mode= 5
 MAKINB: mode   5 found     10 exclusions and     20 interactions(1-4)
 NBONDS: found     3810 intra-atom interactions
 --------------- cycle=    23 --------------------------------------------------
 | Etotal =-160.764   grad(E)=0.441      E(VDW )=-15.101    E(ELEC)=-145.662   |
 -------------------------------------------------------------------------------
 NBONDS: generating intra-molecular exclusion list with mode= 5
 MAKINB: mode   5 found     10 exclusions and     20 interactions(1-4)
 NBONDS: found     3757 intra-atom interactions
 --------------- cycle=    24 --------------------------------------------------
 | Etotal =-215.367   grad(E)=0.474      E(VDW )=-13.666    E(ELEC)=-201.700   |
 -------------------------------------------------------------------------------
 NBONDS: generating intra-molecular exclusion list with mode= 5
 MAKINB: mode   5 found     10 exclusions and     20 interactions(1-4)
 NBONDS: found     2391 intra-atom interactions
 --------------- cycle=    25 --------------------------------------------------
 | Etotal =-84.984    grad(E)=0.149      E(VDW )=-7.621     E(ELEC)=-77.363    |
 -------------------------------------------------------------------------------
 NBONDS: generating intra-molecular exclusion list with mode= 5
 MAKINB: mode   5 found     10 exclusions and     23 interactions(1-4)
 NBONDS: found     5391 intra-atom interactions
 --------------- cycle=    26 --------------------------------------------------
 | Etotal =-81.285    grad(E)=0.156      E(VDW )=-18.511    E(ELEC)=-62.775    |
 -------------------------------------------------------------------------------
 NBONDS: generating intra-molecular exclusion list with mode= 5
 MAKINB: mode   5 found     10 exclusions and     20 interactions(1-4)
 NBONDS: found     3162 intra-atom interactions
 --------------- cycle=    27 --------------------------------------------------
 | Etotal =-73.119    grad(E)=0.255      E(VDW )=-1.075     E(ELEC)=-72.044    |
 -------------------------------------------------------------------------------
 NBONDS: generating intra-molecular exclusion list with mode= 5
 MAKINB: mode   5 found     10 exclusions and     20 interactions(1-4)
 NBONDS: found     1375 intra-atom interactions
 --------------- cycle=    28 --------------------------------------------------
 | Etotal =-78.286    grad(E)=0.336      E(VDW )=7.555      E(ELEC)=-85.841    |
 -------------------------------------------------------------------------------
 NBONDS: generating intra-molecular exclusion list with mode= 5
 MAKINB: mode   5 found     10 exclusions and     20 interactions(1-4)
 NBONDS: found     2390 intra-atom interactions
 --------------- cycle=    29 --------------------------------------------------
 | Etotal =-79.867    grad(E)=0.235      E(VDW )=-5.332     E(ELEC)=-74.535    |
 -------------------------------------------------------------------------------
 NBONDS: generating intra-molecular exclusion list with mode= 5
 MAKINB: mode   5 found     10 exclusions and     20 interactions(1-4)
 NBONDS: found     5116 intra-atom interactions
 --------------- cycle=    30 --------------------------------------------------
 | Etotal =-94.845    grad(E)=0.151      E(VDW )=-18.678    E(ELEC)=-76.167    |
 -------------------------------------------------------------------------------
 NBONDS: generating intra-molecular exclusion list with mode= 5
 MAKINB: mode   5 found     10 exclusions and     20 interactions(1-4)
 NBONDS: found     1997 intra-atom interactions
 --------------- cycle=    31 --------------------------------------------------
 | Etotal =-75.013    grad(E)=0.250      E(VDW )=-2.291     E(ELEC)=-72.723    |
 -------------------------------------------------------------------------------
 NBONDS: generating intra-molecular exclusion list with mode= 5
 MAKINB: mode   5 found     10 exclusions and     20 interactions(1-4)
 NBONDS: found     6725 intra-atom interactions
 --------------- cycle=    32 --------------------------------------------------
 | Etotal =-197.443   grad(E)=0.512      E(VDW )=-8.472     E(ELEC)=-188.972   |
 -------------------------------------------------------------------------------
 NBONDS: generating intra-molecular exclusion list with mode= 5
 MAKINB: mode   5 found     10 exclusions and     20 interactions(1-4)
 NBONDS: found     5786 intra-atom interactions
 --------------- cycle=    33 --------------------------------------------------
 | Etotal =-141.957   grad(E)=0.519      E(VDW )=-11.284    E(ELEC)=-130.673   |
 -------------------------------------------------------------------------------
 NBONDS: generating intra-molecular exclusion list with mode= 5
 MAKINB: mode   5 found     10 exclusions and     20 interactions(1-4)
 NBONDS: found     3505 intra-atom interactions
 --------------- cycle=    34 --------------------------------------------------
 | Etotal =-170.871   grad(E)=0.671      E(VDW )=-10.948    E(ELEC)=-159.922   |
 -------------------------------------------------------------------------------
 NBONDS: generating intra-molecular exclusion list with mode= 5
 MAKINB: mode   5 found     10 exclusions and     20 interactions(1-4)
 NBONDS: found     5777 intra-atom interactions
 --------------- cycle=    35 --------------------------------------------------
 | Etotal =-80.824    grad(E)=0.149      E(VDW )=-21.766    E(ELEC)=-59.059    |
 -------------------------------------------------------------------------------
 NBONDS: generating intra-molecular exclusion list with mode= 5
 MAKINB: mode   5 found     10 exclusions and     20 interactions(1-4)
 NBONDS: found     6449 intra-atom interactions
 --------------- cycle=    36 --------------------------------------------------
 | Etotal =-174.052   grad(E)=0.604      E(VDW )=-17.489    E(ELEC)=-156.563   |
 -------------------------------------------------------------------------------
 NBONDS: generating intra-molecular exclusion list with mode= 5
 MAKINB: mode   5 found     10 exclusions and     20 interactions(1-4)
 NBONDS: found     2569 intra-atom interactions
 --------------- cycle=    37 --------------------------------------------------
 | Etotal =-93.508    grad(E)=0.181      E(VDW )=-11.538    E(ELEC)=-81.970    |
 -------------------------------------------------------------------------------
 NBONDS: generating intra-molecular exclusion list with mode= 5
 MAKINB: mode   5 found     10 exclusions and     20 interactions(1-4)
 NBONDS: found     2775 intra-atom interactions
 --------------- cycle=    38 --------------------------------------------------
 | Etotal =-145.185   grad(E)=0.485      E(VDW )=-8.448     E(ELEC)=-136.737   |
 -------------------------------------------------------------------------------
 NBONDS: generating intra-molecular exclusion list with mode= 5
 MAKINB: mode   5 found     10 exclusions and     23 interactions(1-4)
 NBONDS: found     3839 intra-atom interactions
 --------------- cycle=    39 --------------------------------------------------
 | Etotal =-95.055    grad(E)=0.244      E(VDW )=-8.418     E(ELEC)=-86.638    |
 -------------------------------------------------------------------------------
 NBONDS: generating intra-molecular exclusion list with mode= 5
 MAKINB: mode   5 found     10 exclusions and     20 interactions(1-4)
 NBONDS: found     6245 intra-atom interactions
 --------------- cycle=    40 --------------------------------------------------
 | Etotal =-188.064   grad(E)=0.439      E(VDW )=-17.175    E(ELEC)=-170.889   |
 -------------------------------------------------------------------------------
 NBONDS: generating intra-molecular exclusion list with mode= 5
 MAKINB: mode   5 found     10 exclusions and     20 interactions(1-4)
 NBONDS: found     6782 intra-atom interactions
 --------------- cycle=    41 --------------------------------------------------
 | Etotal =-170.726   grad(E)=0.573      E(VDW )=-14.511    E(ELEC)=-156.214   |
 -------------------------------------------------------------------------------
 NBONDS: generating intra-molecular exclusion list with mode= 5
 MAKINB: mode   5 found     10 exclusions and     20 interactions(1-4)
 NBONDS: found     2715 intra-atom interactions
 --------------- cycle=    42 --------------------------------------------------
 | Etotal =-114.265   grad(E)=0.316      E(VDW )=-11.595    E(ELEC)=-102.670   |
 -------------------------------------------------------------------------------
 NBONDS: generating intra-molecular exclusion list with mode= 5
 MAKINB: mode   5 found     10 exclusions and     20 interactions(1-4)
 NBONDS: found     1384 intra-atom interactions
 --------------- cycle=    43 --------------------------------------------------
 | Etotal =-55.289    grad(E)=0.199      E(VDW )=-4.378     E(ELEC)=-50.911    |
 -------------------------------------------------------------------------------
 NBONDS: generating intra-molecular exclusion list with mode= 5
 MAKINB: mode   5 found     10 exclusions and     20 interactions(1-4)
 NBONDS: found     5030 intra-atom interactions
 --------------- cycle=    44 --------------------------------------------------
 | Etotal =-215.099   grad(E)=0.450      E(VDW )=-9.868     E(ELEC)=-205.231   |
 -------------------------------------------------------------------------------
 NBONDS: generating intra-molecular exclusion list with mode= 5
 MAKINB: mode   5 found     10 exclusions and     20 interactions(1-4)
 NBONDS: found     5349 intra-atom interactions
 --------------- cycle=    45 --------------------------------------------------
 | Etotal =-106.876   grad(E)=0.214      E(VDW )=-22.903    E(ELEC)=-83.973    |
 -------------------------------------------------------------------------------
 NBONDS: generating intra-molecular exclusion list with mode= 5
 MAKINB: mode   5 found     10 exclusions and     20 interactions(1-4)
 NBONDS: found     3151 intra-atom interactions
 --------------- cycle=    46 --------------------------------------------------
 | Etotal =-91.746    grad(E)=0.250      E(VDW )=-11.804    E(ELEC)=-79.942    |
 -------------------------------------------------------------------------------
 NBONDS: generating intra-molecular exclusion list with mode= 5
 MAKINB: mode   5 found     10 exclusions and     20 interactions(1-4)
 NBONDS: found     2018 intra-atom interactions
 --------------- cycle=    47 --------------------------------------------------
 | Etotal =-65.959    grad(E)=0.124      E(VDW )=-5.553     E(ELEC)=-60.407    |
 -------------------------------------------------------------------------------
 NBONDS: generating intra-molecular exclusion list with mode= 5
 MAKINB: mode   5 found     10 exclusions and     20 interactions(1-4)
 NBONDS: found      969 intra-atom interactions
 --------------- cycle=    48 --------------------------------------------------
 | Etotal =-64.936    grad(E)=0.121      E(VDW )=-1.340     E(ELEC)=-63.596    |
 -------------------------------------------------------------------------------
 NBONDS: generating intra-molecular exclusion list with mode= 5
 MAKINB: mode   5 found     10 exclusions and     20 interactions(1-4)
 NBONDS: found     1439 intra-atom interactions
 --------------- cycle=    49 --------------------------------------------------
 | Etotal =-75.524    grad(E)=0.163      E(VDW )=-6.319     E(ELEC)=-69.206    |
 -------------------------------------------------------------------------------
 NBONDS: generating intra-molecular exclusion list with mode= 5
 MAKINB: mode   5 found     10 exclusions and     20 interactions(1-4)
 NBONDS: found     3171 intra-atom interactions
 --------------- cycle=    50 --------------------------------------------------
 | Etotal =-86.510    grad(E)=0.183      E(VDW )=-19.081    E(ELEC)=-67.430    |
 -------------------------------------------------------------------------------
 NBONDS: generating intra-molecular exclusion list with mode= 5
 MAKINB: mode   5 found     10 exclusions and     20 interactions(1-4)
 NBONDS: found     3834 intra-atom interactions
 --------------- cycle=    51 --------------------------------------------------
 | Etotal =-84.176    grad(E)=0.209      E(VDW )=-15.543    E(ELEC)=-68.633    |
 -------------------------------------------------------------------------------
 NBONDS: generating intra-molecular exclusion list with mode= 5
 MAKINB: mode   5 found     10 exclusions and     20 interactions(1-4)
 NBONDS: found     5604 intra-atom interactions
 --------------- cycle=    52 --------------------------------------------------
 | Etotal =-105.329   grad(E)=0.331      E(VDW )=-18.392    E(ELEC)=-86.937    |
 -------------------------------------------------------------------------------
 NBONDS: generating intra-molecular exclusion list with mode= 5
 MAKINB: mode   5 found     10 exclusions and     20 interactions(1-4)
 NBONDS: found     6424 intra-atom interactions
 --------------- cycle=    53 --------------------------------------------------
 | Etotal =-96.681    grad(E)=0.186      E(VDW )=-27.444    E(ELEC)=-69.237    |
 -------------------------------------------------------------------------------
 NBONDS: generating intra-molecular exclusion list with mode= 5
 MAKINB: mode   5 found     10 exclusions and     20 interactions(1-4)
 NBONDS: found     5556 intra-atom interactions
 --------------- cycle=    54 --------------------------------------------------
 | Etotal =-94.676    grad(E)=0.198      E(VDW )=-18.271    E(ELEC)=-76.405    |
 -------------------------------------------------------------------------------
 NBONDS: generating intra-molecular exclusion list with mode= 5
 MAKINB: mode   5 found     10 exclusions and     20 interactions(1-4)
 NBONDS: found     5808 intra-atom interactions
 --------------- cycle=    55 --------------------------------------------------
 | Etotal =-92.542    grad(E)=0.134      E(VDW )=-26.161    E(ELEC)=-66.382    |
 -------------------------------------------------------------------------------
 NBONDS: generating intra-molecular exclusion list with mode= 5
 MAKINB: mode   5 found     10 exclusions and     20 interactions(1-4)
 NBONDS: found     5502 intra-atom interactions
 --------------- cycle=    56 --------------------------------------------------
 | Etotal =-189.185   grad(E)=0.426      E(VDW )=-14.967    E(ELEC)=-174.219   |
 -------------------------------------------------------------------------------
 NBONDS: generating intra-molecular exclusion list with mode= 5
 MAKINB: mode   5 found     10 exclusions and     20 interactions(1-4)
 NBONDS: found     4850 intra-atom interactions
 --------------- cycle=    57 --------------------------------------------------
 | Etotal =-81.750    grad(E)=0.296      E(VDW )=-10.034    E(ELEC)=-71.716    |
 -------------------------------------------------------------------------------
 NBONDS: generating intra-molecular exclusion list with mode= 5
 MAKINB: mode   5 found     10 exclusions and     20 interactions(1-4)
 NBONDS: found     3434 intra-atom interactions
 --------------- cycle=    58 --------------------------------------------------
 | Etotal =-66.524    grad(E)=0.243      E(VDW )=-6.958     E(ELEC)=-59.566    |
 -------------------------------------------------------------------------------
 NBONDS: generating intra-molecular exclusion list with mode= 5
 MAKINB: mode   5 found     10 exclusions and     20 interactions(1-4)
 NBONDS: found     2129 intra-atom interactions
 --------------- cycle=    59 --------------------------------------------------
 | Etotal =-66.336    grad(E)=0.156      E(VDW )=-6.959     E(ELEC)=-59.378    |
 -------------------------------------------------------------------------------
 NBONDS: generating intra-molecular exclusion list with mode= 5
 MAKINB: mode   5 found     10 exclusions and     20 interactions(1-4)
 NBONDS: found     1051 intra-atom interactions
 --------------- cycle=    60 --------------------------------------------------
 | Etotal =-60.697    grad(E)=0.102      E(VDW )=-4.432     E(ELEC)=-56.264    |
 -------------------------------------------------------------------------------
 NBONDS: generating intra-molecular exclusion list with mode= 5
 MAKINB: mode   5 found     10 exclusions and     20 interactions(1-4)
 NBONDS: found      861 intra-atom interactions
 --------------- cycle=    61 --------------------------------------------------
 | Etotal =-66.549    grad(E)=0.096      E(VDW )=-2.990     E(ELEC)=-63.559    |
 -------------------------------------------------------------------------------
 NBONDS: generating intra-molecular exclusion list with mode= 5
 MAKINB: mode   5 found     10 exclusions and     20 interactions(1-4)
 NBONDS: found     1464 intra-atom interactions
 --------------- cycle=    62 --------------------------------------------------
 | Etotal =-60.085    grad(E)=0.174      E(VDW )=1.729      E(ELEC)=-61.814    |
 -------------------------------------------------------------------------------
 NBONDS: generating intra-molecular exclusion list with mode= 5
 MAKINB: mode   5 found     10 exclusions and     20 interactions(1-4)
 NBONDS: found     2410 intra-atom interactions
 --------------- cycle=    63 --------------------------------------------------
 | Etotal =-96.038    grad(E)=0.286      E(VDW )=-7.310     E(ELEC)=-88.728    |
 -------------------------------------------------------------------------------
 NBONDS: generating intra-molecular exclusion list with mode= 5
 MAKINB: mode   5 found     10 exclusions and     20 interactions(1-4)
 NBONDS: found     1208 intra-atom interactions
 --------------- cycle=    64 --------------------------------------------------
 | Etotal =-67.381    grad(E)=0.172      E(VDW )=-6.157     E(ELEC)=-61.224    |
 -------------------------------------------------------------------------------
 NBONDS: generating intra-molecular exclusion list with mode= 5
 MAKINB: mode   5 found     10 exclusions and     20 interactions(1-4)
 NBONDS: found     3077 intra-atom interactions
 --------------- cycle=    65 --------------------------------------------------
 | Etotal =-68.746    grad(E)=0.145      E(VDW )=-7.430     E(ELEC)=-61.316    |
 -------------------------------------------------------------------------------
 NBONDS: generating intra-molecular exclusion list with mode= 5
 MAKINB: mode   5 found     10 exclusions and     20 interactions(1-4)
 NBONDS: found     3134 intra-atom interactions
 --------------- cycle=    66 --------------------------------------------------
 | Etotal =-89.657    grad(E)=0.199      E(VDW )=-12.657    E(ELEC)=-76.999    |
 -------------------------------------------------------------------------------
 NBONDS: generating intra-molecular exclusion list with mode= 5
 MAKINB: mode   5 found     13 exclusions and     27 interactions(1-4)
 NBONDS: found     2450 intra-atom interactions
 --------------- cycle=    67 --------------------------------------------------
 | Etotal =-73.677    grad(E)=0.188      E(VDW )=-10.632    E(ELEC)=-63.045    |
 -------------------------------------------------------------------------------
 NBONDS: generating intra-molecular exclusion list with mode= 5
 MAKINB: mode   5 found     10 exclusions and     20 interactions(1-4)
 NBONDS: found     5775 intra-atom interactions
 --------------- cycle=    68 --------------------------------------------------
 | Etotal =-79.689    grad(E)=0.210      E(VDW )=-23.198    E(ELEC)=-56.491    |
 -------------------------------------------------------------------------------
 NBONDS: generating intra-molecular exclusion list with mode= 5
 MAKINB: mode   5 found     10 exclusions and     23 interactions(1-4)
 NBONDS: found     3684 intra-atom interactions
 --------------- cycle=    69 --------------------------------------------------
 | Etotal =-68.051    grad(E)=0.121      E(VDW )=-12.617    E(ELEC)=-55.433    |
 -------------------------------------------------------------------------------
 NBONDS: generating intra-molecular exclusion list with mode= 5
 MAKINB: mode   5 found     10 exclusions and     23 interactions(1-4)
 NBONDS: found     3975 intra-atom interactions
 --------------- cycle=    70 --------------------------------------------------
 | Etotal =-85.872    grad(E)=0.202      E(VDW )=-13.986    E(ELEC)=-71.885    |
 -------------------------------------------------------------------------------
 NBONDS: generating intra-molecular exclusion list with mode= 5
 MAKINB: mode   5 found     10 exclusions and     20 interactions(1-4)
 NBONDS: found     4865 intra-atom interactions
 --------------- cycle=    71 --------------------------------------------------
 | Etotal =-79.953    grad(E)=0.132      E(VDW )=-16.579    E(ELEC)=-63.375    |
 -------------------------------------------------------------------------------
 NBONDS: generating intra-molecular exclusion list with mode= 5
 MAKINB: mode   5 found     10 exclusions and     20 interactions(1-4)
 NBONDS: found     4547 intra-atom interactions
 --------------- cycle=    72 --------------------------------------------------
 | Etotal =-134.735   grad(E)=0.335      E(VDW )=-16.973    E(ELEC)=-117.762   |
 -------------------------------------------------------------------------------
 NBONDS: generating intra-molecular exclusion list with mode= 5
 MAKINB: mode   5 found     10 exclusions and     20 interactions(1-4)
 NBONDS: found     2724 intra-atom interactions
 --------------- cycle=    73 --------------------------------------------------
 | Etotal =-73.233    grad(E)=0.123      E(VDW )=-12.973    E(ELEC)=-60.260    |
 -------------------------------------------------------------------------------
 NBONDS: generating intra-molecular exclusion list with mode= 5
 MAKINB: mode   5 found     10 exclusions and     20 interactions(1-4)
 NBONDS: found     6655 intra-atom interactions
 --------------- cycle=    74 --------------------------------------------------
 | Etotal =-102.617   grad(E)=0.413      E(VDW )=-18.731    E(ELEC)=-83.886    |
 -------------------------------------------------------------------------------
 NBONDS: generating intra-molecular exclusion list with mode= 5
 MAKINB: mode   5 found     10 exclusions and     20 interactions(1-4)
 NBONDS: found     2200 intra-atom interactions
 --------------- cycle=    75 --------------------------------------------------
 | Etotal =-89.319    grad(E)=0.199      E(VDW )=-8.059     E(ELEC)=-81.260    |
 -------------------------------------------------------------------------------
 NBONDS: generating intra-molecular exclusion list with mode= 5
 MAKINB: mode   5 found     10 exclusions and     20 interactions(1-4)
 NBONDS: found     6613 intra-atom interactions
 --------------- cycle=    76 --------------------------------------------------
 | Etotal =-98.074    grad(E)=0.133      E(VDW )=-30.027    E(ELEC)=-68.048    |
 -------------------------------------------------------------------------------
 NBONDS: generating intra-molecular exclusion list with mode= 5
 MAKINB: mode   5 found     10 exclusions and     23 interactions(1-4)
 NBONDS: found     4674 intra-atom interactions
 --------------- cycle=    77 --------------------------------------------------
 | Etotal =-81.847    grad(E)=0.163      E(VDW )=-17.805    E(ELEC)=-64.042    |
 -------------------------------------------------------------------------------
 NBONDS: generating intra-molecular exclusion list with mode= 5
 MAKINB: mode   5 found     10 exclusions and     23 interactions(1-4)
 NBONDS: found     2967 intra-atom interactions
 --------------- cycle=    78 --------------------------------------------------
 | Etotal =-83.507    grad(E)=0.155      E(VDW )=-10.764    E(ELEC)=-72.742    |
 -------------------------------------------------------------------------------
 NBONDS: generating intra-molecular exclusion list with mode= 5
 MAKINB: mode   5 found     10 exclusions and     20 interactions(1-4)
 NBONDS: found     3326 intra-atom interactions
 --------------- cycle=    79 --------------------------------------------------
 | Etotal =-89.506    grad(E)=0.277      E(VDW )=-5.964     E(ELEC)=-83.541    |
 -------------------------------------------------------------------------------
 NBONDS: generating intra-molecular exclusion list with mode= 5
 MAKINB: mode   5 found     10 exclusions and     20 interactions(1-4)
 NBONDS: found     4193 intra-atom interactions
 --------------- cycle=    80 --------------------------------------------------
 | Etotal =-103.060   grad(E)=0.225      E(VDW )=-16.740    E(ELEC)=-86.319    |
 -------------------------------------------------------------------------------
 NBONDS: generating intra-molecular exclusion list with mode= 5
 MAKINB: mode   5 found     10 exclusions and     20 interactions(1-4)
 NBONDS: found     1917 intra-atom interactions
 --------------- cycle=    81 --------------------------------------------------
 | Etotal =-68.213    grad(E)=0.253      E(VDW )=-0.457     E(ELEC)=-67.756    |
 -------------------------------------------------------------------------------
 NBONDS: generating intra-molecular exclusion list with mode= 5
 MAKINB: mode   5 found     10 exclusions and     20 interactions(1-4)
 NBONDS: found     2899 intra-atom interactions
 --------------- cycle=    82 --------------------------------------------------
 | Etotal =-68.235    grad(E)=0.171      E(VDW )=-6.753     E(ELEC)=-61.481    |
 -------------------------------------------------------------------------------
 NBONDS: generating intra-molecular exclusion list with mode= 5
 MAKINB: mode   5 found     10 exclusions and     20 interactions(1-4)
 NBONDS: found     1690 intra-atom interactions
 --------------- cycle=    83 --------------------------------------------------
 | Etotal =-70.462    grad(E)=0.199      E(VDW )=-4.214     E(ELEC)=-66.248    |
 -------------------------------------------------------------------------------
 NBONDS: generating intra-molecular exclusion list with mode= 5
 MAKINB: mode   5 found     10 exclusions and     20 interactions(1-4)
 NBONDS: found     5951 intra-atom interactions
 --------------- cycle=    84 --------------------------------------------------
 | Etotal =-105.002   grad(E)=0.233      E(VDW )=-21.300    E(ELEC)=-83.702    |
 -------------------------------------------------------------------------------
 NBONDS: generating intra-molecular exclusion list with mode= 5
 MAKINB: mode   5 found     10 exclusions and     23 interactions(1-4)
 NBONDS: found     4477 intra-atom interactions
 --------------- cycle=    85 --------------------------------------------------
 | Etotal =-108.298   grad(E)=0.267      E(VDW )=-19.902    E(ELEC)=-88.396    |
 -------------------------------------------------------------------------------
 HEAP: maximum use      =    22529600 current use      =       96000 bytes
 HEAP: maximum overhead =        2816 current overhead =         752 bytes
          ============================================================
           Maximum dynamic memory allocation:    22529600 bytes
           Maximum dynamic memory overhead:          2816 bytes
           Program started at: 19:28:01 on 10-Jun-2020
           Program stopped at: 19:28:28 on 10-Jun-2020
           CPU time used:      26.9531 seconds
          ============================================================
