          ============================================================
          |                                                          |
          |            Crystallography & NMR System (CNS)            |
          |                         CNSsolve                         |
          |                                                          |
          ============================================================
           Version: 1.3 at patch level U
           Status: Special UU release with Rg and paramagnetic
                   restraints (A. Bonvin, UU 2011)
          ============================================================
           Written by: A.T.Brunger, P.D.Adams, G.M.Clore, W.L.DeLano,
                       P.Gros, R.W.Grosse-Kunstleve,J.-S.Jiang,J.M.Krahn,
                       J.Kuszewski, M.Nilges, N.S.Pannu, R.J.Read,
                       L.M.Rice, G.F.Schroeder, T.Simonson, G.L.Warren.
           Copyright (c) 1997-2010 Yale University
          ============================================================
           Running on machine: hostname unknown (x86_64/Linux,64-bit)
           Program started by: joaor
           Program started at: 19:24:09 on 10-Jun-2020
          ============================================================

 FFT3C: Using FFTPACK4.1

 CNSsolve>! 
 CNSsolve>! Calculates pairwise energies between residues 
 CNSsolve>! Will only rebuild hydrogen atoms 
 CNSsolve>! 
 CNSsolve>! Adapted from HADDOCK protocols here and there. 
 CNSsolve>! JR & AMJJB @ 2020 
 CNSsolve>! 
 CNSsolve>define( 
 DEFINE>    {===>} auto_break=true; 
 DEFINE>    {===>} break_cutoff=2.5; 
 DEFINE>    {===>} dnaauto_break=true; 
 DEFINE>    {===>} dbreak_cutoff=4.5; 
 DEFINE>    {===>} auto_cispro=true; 
 DEFINE>    {===>} auto_disu=true; 
 DEFINE>    {===>} disulphide_dist=3.0; 
 DEFINE>    {===>} glyco_dist=2.75; 
 DEFINE>    {===>} coorin="molecule.pdb"; 
 DEFINE>    {===>} icutoff=5.0; 
 DEFINE>) 
 CNSsolve> 
 CNSsolve>! Mute (most) output 
 CNSsolve>set message=on echo=off end 
 ASSFIL: file merged.param opened.
 MESSage=NORM
 EVALUATE: symbol $OLD_MESSAGE set to "NORM" (string)
 ECHO=FALSe {OFF}
 EVALUATE: symbol $OLD_ECHO set to FALSE (logical)
 %PARRDR-info: duplication of bond HC   NC2 
 %PARRDR-info: duplication of angle CH2E C    NH1 
 %PARRDR-info: duplication of angle CH2P CH2E HA  
 ASSFIL: file merged.top opened.
 MESSage=NORM
 EVALUATE: symbol $OLD_MESSAGE set to "NORM" (string)
 ECHO=FALSe {OFF}
 EVALUATE: symbol $OLD_ECHO set to FALSE (logical)
 %RTFIO-warning: undefined masses in residue CYC 
 %RTFIO error encountered: there are undefined masses.
   (CNS is in mode: SET ABORT=NORMal END)
 MESSage=NORM
 EVALUATE: symbol $OLD_MESSAGE set to "NORM" (string)
 ECHO=FALSe {OFF}
 EVALUATE: symbol $OLD_ECHO set to FALSE (logical)
 ASSFIL: file protein_break.top opened.
 %RTFRDR-ERR: duplicate (P-)RESIdue name DPEP
 %RTFRDR-ERR: duplicate (P-)RESIdue name DPPP
 RTFRDR> 
 RTFRDR>end 
 CNSsolve> 
 CNSsolve>! Reset output muting 
 CNSsolve>set message=off echo=off end 
FOUND 3 NAG:ASN pairs
NAG:ASN bond added from   B    901  to   B    53  
NAG:ASN bond added from   B    910  to   B    546 
NAG:ASN bond added from   E    1401 to   E    343 
FOUND 4 NAG:NAG pairs
NAG:NAG B14 bond added from   B    902  to   B    901 
NAG:NAG B14 bond added from   B    911  to   B    910 
NAG:NAG B14 bond added from   E    1402 to   E    1401
NAG:NAG B14 bond added from   E    1403 to   E    1402
 %PARRDR-info: duplication of bond HC   NC2 
 %PARRDR-info: duplication of angle CH2E C    NH1 
 %PARRDR-info: duplication of angle CH2P CH2E HA  
 POWELL: number of degrees of freedom= 13632
 NBONDS: generating intra-molecular exclusion list with mode=-2
 MAKINB: mode  -2 found   4544 exclusions and      0 interactions(1-4)
 %atoms "B   -55  -THR -CA  " and "B   -55  -THR -HG23" only  0.08 A apart
 %atoms "B   -79  -THR -HG22" and "B   -79  -THR -HG23" only  0.08 A apart
 %atoms "B   -190 -MET -HA  " and "B   -190 -MET -HE2 " only  0.09 A apart
 %atoms "B   -266 -LEU -HD13" and "B   -266 -LEU -HD22" only  0.10 A apart
 %atoms "B   -423 -LEU -HA  " and "B   -423 -LEU -HD23" only  0.09 A apart
 %atoms "E   -347 -PHE -HA  " and "E   -347 -PHE -HD1 " only  0.08 A apart
 %atoms "E   -402 -ILE -HA  " and "E   -402 -ILE -HG12" only  0.08 A apart
 NBONDS: found   689925 intra-atom interactions
 NBONDS: found        7 nonbonded violations
 %atoms "B   -161 -ARG -HA  " and "B   -161 -ARG -HD2 " only  0.08 A apart
 %atoms "B   -324 -THR -CB  " and "B   -324 -THR -HG22" only  0.08 A apart
 %atoms "E   -350 -VAL -CA  " and "E   -350 -VAL -HG23" only  0.08 A apart
 NBONDS: found   689874 intra-atom interactions
 NBONDS: found        3 nonbonded violations
 %atoms "E   -396 -TYR -HA  " and "E   -396 -TYR -HB1 " only  0.08 A apart
 NBONDS: found   686513 intra-atom interactions
 NBONDS: found        1 nonbonded violations
 NBONDS: found   683500 intra-atom interactions
 --------------- cycle=    10 ------ stepsize=   -0.0000 -----------------------
 | Etotal =0.33E+07   grad(E)=571.083    E(BOND)=457725.404 E(ANGL)=0.15E+07   |
 | E(VDW )=0.13E+07                                                            |
 -------------------------------------------------------------------------------
 NBONDS: found   682242 intra-atom interactions
 NBONDS: found   683145 intra-atom interactions
 NBONDS: found   684150 intra-atom interactions
 NBONDS: found   684180 intra-atom interactions
 --------------- cycle=    20 ------ stepsize=    0.0000 -----------------------
 | Etotal =0.12E+07   grad(E)=303.420    E(BOND)=235551.153 E(ANGL)=488470.419 |
 | E(VDW )=499428.497                                                          |
 -------------------------------------------------------------------------------
 NBONDS: found   683857 intra-atom interactions
 NBONDS: found   683810 intra-atom interactions
 NBONDS: found   683759 intra-atom interactions
 --------------- cycle=    30 ------ stepsize=    0.0000 -----------------------
 | Etotal =957179.014 grad(E)=242.350    E(BOND)=183316.473 E(ANGL)=349352.872 |
 | E(VDW )=424509.670                                                          |
 -------------------------------------------------------------------------------
 NBONDS: found   684006 intra-atom interactions
 NBONDS: found   683864 intra-atom interactions
 --------------- cycle=    40 ------ stepsize=    0.0001 -----------------------
 | Etotal =918514.686 grad(E)=232.654    E(BOND)=178761.455 E(ANGL)=329193.409 |
 | E(VDW )=410559.822                                                          |
 -------------------------------------------------------------------------------
 NBONDS: found   684127 intra-atom interactions
 NBONDS: found   684198 intra-atom interactions
 --------------- cycle=    50 ------ stepsize=   -0.0000 -----------------------
 | Etotal =901125.642 grad(E)=229.876    E(BOND)=178536.069 E(ANGL)=319715.167 |
 | E(VDW )=402874.406                                                          |
 -------------------------------------------------------------------------------
 POWELL: STEP number limit. Normal termination
 POWELL: Current coordinates set to last minimum
 DCART: temperature coupling (TCOUpling) enabled
 -------------------------- Cartesian dynamics start ---------------------------
 | E(kin)+E(total)=0.34E+07        E(kin)=4148.980      temperature=306.318    |
 | Etotal =0.34E+07   grad(E)=575.318    E(BOND)=178536.069 E(ANGL)=319715.167 |
 | E(IMPR)=0.29E+07                                                            |
 -------------------------------------------------------------------------------
 ----------------- final step=       50 at      0.02500 ps ---------------------
 | E(kin)+E(total)=0.22E+07        E(kin)=448953.506    temperature=33146.080  |
 | Etotal =0.18E+07   grad(E)=326.080    E(BOND)=205001.805 E(ANGL)=816486.362 |
 | E(IMPR)=744771.047                                                          |
 -------------------------------------------------------------------------------
 CENMAS: Information about center of free masses
         position [A]          :     -0.73069      0.04556     -0.24180
         velocity [A/ps]       :     -0.31657     -0.80309     -0.15957
         ang. mom. [amu A/ps]  :-190149.52210 -84459.00021 431314.23054
         kin. ener. [Kcal/mol] :     83.69336
 POWELL: number of degrees of freedom= 13632
 NBONDS: found   681361 intra-atom interactions
 NBONDS: found   680050 intra-atom interactions
 NBONDS: found   680551 intra-atom interactions
 NBONDS: found   681812 intra-atom interactions
 --------------- cycle=    10 ------ stepsize=   -0.0001 -----------------------
 | Etotal =0.18E+07   grad(E)=262.660    E(BOND)=221693.637 E(ANGL)=439084.278 |
 | E(IMPR)=679405.210 E(VDW )=479979.490                                       |
 -------------------------------------------------------------------------------
 NBONDS: found   683177 intra-atom interactions
 NBONDS: found   683423 intra-atom interactions
 NBONDS: found   683444 intra-atom interactions
 --------------- cycle=    20 ------ stepsize=   -0.0001 -----------------------
 | Etotal =0.13E+07   grad(E)=143.134    E(BOND)=176899.319 E(ANGL)=176342.493 |
 | E(IMPR)=578081.167 E(VDW )=347865.895                                       |
 -------------------------------------------------------------------------------
 NBONDS: found   683272 intra-atom interactions
 NBONDS: found   683282 intra-atom interactions
 --------------- cycle=    30 ------ stepsize=    0.0000 -----------------------
 | Etotal =0.12E+07   grad(E)=117.965    E(BOND)=167039.392 E(ANGL)=137656.161 |
 | E(IMPR)=559092.208 E(VDW )=324607.459                                       |
 -------------------------------------------------------------------------------
 NBONDS: found   683380 intra-atom interactions
 NBONDS: found   683447 intra-atom interactions
 NBONDS: found   683449 intra-atom interactions
 --------------- cycle=    40 ------ stepsize=    0.0001 -----------------------
 | Etotal =0.12E+07   grad(E)=113.579    E(BOND)=165584.272 E(ANGL)=131182.131 |
 | E(IMPR)=553640.821 E(VDW )=318986.408                                       |
 -------------------------------------------------------------------------------
 NBONDS: found   683345 intra-atom interactions
 NBONDS: found   683300 intra-atom interactions
 NBONDS: found   683331 intra-atom interactions
 --------------- cycle=    50 ------ stepsize=   -0.0000 -----------------------
 | Etotal =0.12E+07   grad(E)=113.417    E(BOND)=165987.124 E(ANGL)=128101.086 |
 | E(IMPR)=545825.338 E(VDW )=315872.574                                       |
 -------------------------------------------------------------------------------
 POWELL: STEP number limit. Normal termination
 POWELL: Current coordinates set to last minimum
 DCART: temperature coupling (TCOUpling) enabled
 -------------------------- Cartesian dynamics start ---------------------------
 | E(kin)+E(total)=0.12E+07        E(kin)=4069.880      temperature=300.478    |
 | Etotal =0.12E+07   grad(E)=113.417    E(BOND)=165987.124 E(ANGL)=128101.086 |
 | E(IMPR)=545825.338 E(VDW )=315872.574                                       |
 -------------------------------------------------------------------------------
 NBONDS: found   683219 intra-atom interactions
 NBONDS: found   683397 intra-atom interactions
 ----------------- final step=       50 at      0.02500 ps ---------------------
 | E(kin)+E(total)=0.12E+07        E(kin)=6976.778      temperature=515.093    |
 | Etotal =0.12E+07   grad(E)=116.486    E(BOND)=167502.004 E(ANGL)=128688.938 |
 | E(IMPR)=538538.822 E(VDW )=315803.921                                       |
 -------------------------------------------------------------------------------
 CENMAS: Information about center of free masses
         position [A]          :     -0.73098      0.03601     -0.23771
         velocity [A/ps]       :     -0.02840     -0.04412     -0.05429
         ang. mom. [amu A/ps]  :  75899.96252 137755.00020-178986.98954
         kin. ener. [Kcal/mol] :      0.61907
 %PARRDR-info: duplication of bond HC   NC2 
 %PARRDR-info: duplication of angle CH2E C    NH1 
 %PARRDR-info: duplication of angle CH2P CH2E HA  
 POWELL: number of degrees of freedom= 13632
 NBONDS: generating intra-molecular exclusion list with mode=-3
 MAKINB: mode  -3 found  15524 exclusions and      0 interactions(1-4)
 NBONDS: found   672420 intra-atom interactions
 NBONDS: found   674172 intra-atom interactions
 NBONDS: found   674204 intra-atom interactions
 NBONDS: found   674292 intra-atom interactions
 NBONDS: found   674413 intra-atom interactions
 NBONDS: found   674967 intra-atom interactions
 NBONDS: found   675157 intra-atom interactions
 --------------- cycle=    25 ------ stepsize=    0.0003 -----------------------
 | Etotal =238593.189 grad(E)=111.228    E(BOND)=18459.461  E(ANGL)=124795.345 |
 | E(IMPR)=93164.162  E(VDW )=2174.223                                         |
 -------------------------------------------------------------------------------
 NBONDS: found   675391 intra-atom interactions
 NBONDS: found   675155 intra-atom interactions
 NBONDS: found   674862 intra-atom interactions
 NBONDS: found   674859 intra-atom interactions
 NBONDS: found   674855 intra-atom interactions
 NBONDS: found   674842 intra-atom interactions
 NBONDS: found   674894 intra-atom interactions
 NBONDS: found   674872 intra-atom interactions
 --------------- cycle=    50 ------ stepsize=   -0.0001 -----------------------
 | Etotal =48764.685  grad(E)=36.509     E(BOND)=1865.324   E(ANGL)=23513.279  |
 | E(IMPR)=22579.037  E(VDW )=807.044                                          |
 -------------------------------------------------------------------------------
 NBONDS: found   674833 intra-atom interactions
 NBONDS: found   674843 intra-atom interactions
 NBONDS: found   674751 intra-atom interactions
 NBONDS: found   674762 intra-atom interactions
 --------------- cycle=    75 ------ stepsize=    0.0003 -----------------------
 | Etotal =9787.574   grad(E)=19.051     E(BOND)=376.588    E(ANGL)=5017.235   |
 | E(IMPR)=3808.499   E(VDW )=585.252                                          |
 -------------------------------------------------------------------------------
 NBONDS: found   674780 intra-atom interactions
 NBONDS: found   674764 intra-atom interactions
 NBONDS: found   674792 intra-atom interactions
 NBONDS: found   674778 intra-atom interactions
 --------------- cycle=   100 ------ stepsize=    0.0002 -----------------------
 | Etotal =2354.940   grad(E)=11.763     E(BOND)=235.200    E(ANGL)=1380.828   |
 | E(IMPR)=193.434    E(VDW )=545.478                                          |
 -------------------------------------------------------------------------------
 POWELL: STEP number limit. Normal termination
 POWELL: Current coordinates set to last minimum
 DCART: temperature coupling (TCOUpling) enabled
 -------------------------- Cartesian dynamics start ---------------------------
 | E(kin)+E(total)=6356.668        E(kin)=4001.728      temperature=295.446    |
 | Etotal =2354.940   grad(E)=11.763     E(BOND)=235.200    E(ANGL)=1380.828   |
 | E(IMPR)=193.434    E(VDW )=545.478                                          |
 -------------------------------------------------------------------------------
 NBONDS: found   674861 intra-atom interactions
 NBONDS: found   674909 intra-atom interactions
 NBONDS: found   674808 intra-atom interactions
 NBONDS: found   674679 intra-atom interactions
 NBONDS: found   674681 intra-atom interactions
 NBONDS: found   674658 intra-atom interactions
 NBONDS: found   674640 intra-atom interactions
 NBONDS: found   674731 intra-atom interactions
 NBONDS: found   674758 intra-atom interactions
 NBONDS: found   674646 intra-atom interactions
 NBONDS: found   674617 intra-atom interactions
 NBONDS: found   674598 intra-atom interactions
 NBONDS: found   674636 intra-atom interactions
 NBONDS: found   674619 intra-atom interactions
 NBONDS: found   674688 intra-atom interactions
 NBONDS: found   674573 intra-atom interactions
 NBONDS: found   674556 intra-atom interactions
 NBONDS: found   674558 intra-atom interactions
 NBONDS: found   674583 intra-atom interactions
 NBONDS: found   674691 intra-atom interactions
 NBONDS: found   674665 intra-atom interactions
 NBONDS: found   674603 intra-atom interactions
 NBONDS: found   674528 intra-atom interactions
 ----------------- final step=      500 at      0.25000 ps ---------------------
 | E(kin)+E(total)=8748.572        E(kin)=4231.388      temperature=312.402    |
 | Etotal =4517.184   grad(E)=27.031     E(BOND)=810.863    E(ANGL)=2741.667   |
 | E(IMPR)=334.359    E(VDW )=630.296                                          |
 -------------------------------------------------------------------------------
 CENMAS: Information about center of free masses
         position [A]          :     -0.73161      0.03535     -0.23736
         velocity [A/ps]       :      0.03166     -0.01874     -0.02848
         ang. mom. [amu A/ps]  :  -7589.12523 -31825.99296  24416.90648
         kin. ener. [Kcal/mol] :      0.23508
 EFLAGS: the following energy flags are set
 EFLAGS: BOND ANGL DIHE IMPR VDW 
 %PARRDR-info: duplication of bond HC   NC2 
 %PARRDR-info: duplication of angle CH2E C    NH1 
 %PARRDR-info: duplication of angle CH2P CH2E HA  
 POWELL: number of degrees of freedom= 13632
 NBONDS: generating intra-molecular exclusion list with mode=-3
 MAKINB: mode  -3 found  15524 exclusions and      0 interactions(1-4)
 NBONDS: found   674526 intra-atom interactions
 NBONDS: found   674666 intra-atom interactions
 --------------- cycle=    50 ------ stepsize=    0.0008 -----------------------
 | Etotal =13286.131  grad(E)=13.186     E(BOND)=232.867    E(ANGL)=1120.701   |
 | E(DIHE)=209.696    E(IMPR)=93.345     E(VDW )=11629.521                     |
 -------------------------------------------------------------------------------
 NBONDS: found   674769 intra-atom interactions
 --------------- cycle=   100 ------ stepsize=    0.0010 -----------------------
 | Etotal =12847.822  grad(E)=13.250     E(BOND)=228.167    E(ANGL)=1116.122   |
 | E(DIHE)=177.023    E(IMPR)=95.848     E(VDW )=11230.663                     |
 -------------------------------------------------------------------------------
 --------------- cycle=   150 ------ stepsize=    0.0016 -----------------------
 | Etotal =12785.934  grad(E)=13.203     E(BOND)=229.314    E(ANGL)=1112.853   |
 | E(DIHE)=164.676    E(IMPR)=96.114     E(VDW )=11182.978                     |
 -------------------------------------------------------------------------------
 NBONDS: found   674749 intra-atom interactions
 --------------- cycle=   200 ------ stepsize=    0.0011 -----------------------
 | Etotal =12780.076  grad(E)=13.189     E(BOND)=228.559    E(ANGL)=1111.505   |
 | E(DIHE)=162.695    E(IMPR)=95.380     E(VDW )=11181.937                     |
 -------------------------------------------------------------------------------
 --------------- cycle=   250 ------ stepsize=    0.0012 -----------------------
 | Etotal =12773.578  grad(E)=13.188     E(BOND)=229.491    E(ANGL)=1109.943   |
 | E(DIHE)=160.400    E(IMPR)=95.294     E(VDW )=11178.450                     |
 -------------------------------------------------------------------------------
 --------------- cycle=   300 ------ stepsize=    0.0009 -----------------------
 | Etotal =12769.533  grad(E)=13.198     E(BOND)=229.073    E(ANGL)=1110.609   |
 | E(DIHE)=160.733    E(IMPR)=95.646     E(VDW )=11173.472                     |
 -------------------------------------------------------------------------------
 --------------- cycle=   350 ------ stepsize=    0.0011 -----------------------
 | Etotal =12769.420  grad(E)=13.198     E(BOND)=229.041    E(ANGL)=1110.664   |
 | E(DIHE)=160.731    E(IMPR)=95.571     E(VDW )=11173.413                     |
 -------------------------------------------------------------------------------
 --------------- cycle=   400 ------ stepsize=    0.0011 -----------------------
 | Etotal =12769.415  grad(E)=13.198     E(BOND)=229.047    E(ANGL)=1110.660   |
 | E(DIHE)=160.673    E(IMPR)=95.584     E(VDW )=11173.451                     |
 -------------------------------------------------------------------------------
 --------------- cycle=   450 ------ stepsize=    0.0012 -----------------------
 | Etotal =12769.414  grad(E)=13.198     E(BOND)=229.044    E(ANGL)=1110.662   |
 | E(DIHE)=160.686    E(IMPR)=95.582     E(VDW )=11173.439                     |
 -------------------------------------------------------------------------------
 POWELL: Gradient converged. Normal termination
 POWELL: Current coordinates set to last minimum
 DCART: temperature coupling (TCOUpling) enabled
 -------------------------- Cartesian dynamics start ---------------------------
 | E(kin)+E(total)=16861.548       E(kin)=4092.134      temperature=302.121    |
 | Etotal =12769.414  grad(E)=13.198     E(BOND)=229.044    E(ANGL)=1110.662   |
 | E(DIHE)=160.688    E(IMPR)=95.584     E(VDW )=11173.437                     |
 -------------------------------------------------------------------------------
 NBONDS: found   674657 intra-atom interactions
 NBONDS: found   674649 intra-atom interactions
 NBONDS: found   674690 intra-atom interactions
 NBONDS: found   674655 intra-atom interactions
 NBONDS: found   674664 intra-atom interactions
 NBONDS: found   674783 intra-atom interactions
 NBONDS: found   674720 intra-atom interactions
 NBONDS: found   674749 intra-atom interactions
 NBONDS: found   674743 intra-atom interactions
 ----------------- final step=      500 at      0.25000 ps ---------------------
 | E(kin)+E(total)=20942.095       E(kin)=4199.498      temperature=310.047    |
 | Etotal =16742.597  grad(E)=31.681     E(BOND)=1295.246   E(ANGL)=3379.070   |
 | E(DIHE)=173.487    E(IMPR)=412.367    E(VDW )=11482.426                     |
 -------------------------------------------------------------------------------
 CENMAS: Information about center of free masses
         position [A]          :     -0.73195      0.03464     -0.23705
         velocity [A/ps]       :     -0.15727     -0.08870      0.41245
         ang. mom. [amu A/ps]  :  32640.99385   1410.24384  58930.17056
         kin. ener. [Kcal/mol] :      1.10961
 POWELL: number of degrees of freedom= 13632
 --------------- cycle=    50 ------ stepsize=    0.0009 -----------------------
 | Etotal =12778.912  grad(E)=13.207     E(BOND)=229.013    E(ANGL)=1112.073   |
 | E(DIHE)=166.375    E(IMPR)=95.596     E(VDW )=11175.856                     |
 -------------------------------------------------------------------------------
 --------------- cycle=   100 ------ stepsize=    0.0013 -----------------------
 | Etotal =12766.727  grad(E)=13.209     E(BOND)=228.471    E(ANGL)=1111.106   |
 | E(DIHE)=165.858    E(IMPR)=95.969     E(VDW )=11165.324                     |
 -------------------------------------------------------------------------------
 --------------- cycle=   150 ------ stepsize=    0.0010 -----------------------
 | Etotal =12765.507  grad(E)=13.209     E(BOND)=228.402    E(ANGL)=1111.038   |
 | E(DIHE)=165.263    E(IMPR)=95.762     E(VDW )=11165.042                     |
 -------------------------------------------------------------------------------
 --------------- cycle=   200 ------ stepsize=    0.0006 -----------------------
 | Etotal =12762.038  grad(E)=13.208     E(BOND)=227.326    E(ANGL)=1110.774   |
 | E(DIHE)=164.973    E(IMPR)=96.004     E(VDW )=11162.960                     |
 -------------------------------------------------------------------------------
 --------------- cycle=   250 ------ stepsize=    0.0013 -----------------------
 | Etotal =12760.118  grad(E)=13.205     E(BOND)=227.645    E(ANGL)=1110.311   |
 | E(DIHE)=164.161    E(IMPR)=95.936     E(VDW )=11162.065                     |
 -------------------------------------------------------------------------------
 --------------- cycle=   300 ------ stepsize=    0.0010 -----------------------
 | Etotal =12759.991  grad(E)=13.204     E(BOND)=227.648    E(ANGL)=1110.320   |
 | E(DIHE)=164.298    E(IMPR)=95.945     E(VDW )=11161.779                     |
 -------------------------------------------------------------------------------
 --------------- cycle=   350 ------ stepsize=    0.0012 -----------------------
 | Etotal =12759.977  grad(E)=13.204     E(BOND)=227.667    E(ANGL)=1110.316   |
 | E(DIHE)=164.158    E(IMPR)=95.936     E(VDW )=11161.900                     |
 -------------------------------------------------------------------------------
 --------------- cycle=   400 ------ stepsize=    0.0012 -----------------------
 | Etotal =12759.969  grad(E)=13.203     E(BOND)=227.675    E(ANGL)=1110.232   |
 | E(DIHE)=163.981    E(IMPR)=95.927     E(VDW )=11162.155                     |
 -------------------------------------------------------------------------------
 --------------- cycle=   450 ------ stepsize=    0.0013 -----------------------
 | Etotal =12759.967  grad(E)=13.203     E(BOND)=227.673    E(ANGL)=1110.232   |
 | E(DIHE)=163.982    E(IMPR)=95.937     E(VDW )=11162.142                     |
 -------------------------------------------------------------------------------
 --------------- cycle=   500 ------ stepsize=    0.0010 -----------------------
 | Etotal =12759.967  grad(E)=13.203     E(BOND)=227.675    E(ANGL)=1110.231   |
 | E(DIHE)=163.978    E(IMPR)=95.938     E(VDW )=11162.145                     |
 -------------------------------------------------------------------------------
 POWELL: STEP number limit. Normal termination
 POWELL: Current coordinates set to last minimum
 POWELL: number of degrees of freedom= 18027
 NBONDS: found   674668 intra-atom interactions
 NBONDS: found   674558 intra-atom interactions
 NBONDS: found   674661 intra-atom interactions
 --------------- cycle=     5 ------ stepsize=    0.0006 -----------------------
 | Etotal =12601.922  grad(E)=13.202     E(BOND)=225.385    E(ANGL)=1110.831   |
 | E(DIHE)=163.984    E(IMPR)=95.871     E(VDW )=11005.850                     |
 -------------------------------------------------------------------------------
 --------------- cycle=    10 ------ stepsize=    0.0009 -----------------------
 | Etotal =12599.399  grad(E)=13.205     E(BOND)=225.260    E(ANGL)=1111.815   |
 | E(DIHE)=164.002    E(IMPR)=95.880     E(VDW )=11002.442                     |
 -------------------------------------------------------------------------------
 --------------- cycle=    15 ------ stepsize=    0.0004 -----------------------
 | Etotal =12597.513  grad(E)=13.205     E(BOND)=225.331    E(ANGL)=1111.675   |
 | E(DIHE)=164.051    E(IMPR)=95.926     E(VDW )=11000.529                     |
 -------------------------------------------------------------------------------
 --------------- cycle=    20 ------ stepsize=    0.0006 -----------------------
 | Etotal =12596.977  grad(E)=13.203     E(BOND)=225.374    E(ANGL)=1111.428   |
 | E(DIHE)=164.073    E(IMPR)=95.990     E(VDW )=11000.111                     |
 -------------------------------------------------------------------------------
 --------------- cycle=    25 ------ stepsize=    0.0009 -----------------------
 | Etotal =12596.864  grad(E)=13.200     E(BOND)=225.382    E(ANGL)=1111.111   |
 | E(DIHE)=164.076    E(IMPR)=95.938     E(VDW )=11000.358                     |
 -------------------------------------------------------------------------------
 --------------- cycle=    30 ------ stepsize=    0.0013 -----------------------
 | Etotal =12596.606  grad(E)=13.200     E(BOND)=225.385    E(ANGL)=1111.125   |
 | E(DIHE)=164.085    E(IMPR)=95.999     E(VDW )=11000.011                     |
 -------------------------------------------------------------------------------
 --------------- cycle=    35 ------ stepsize=    0.0001 -----------------------
 | Etotal =12596.548  grad(E)=13.200     E(BOND)=225.410    E(ANGL)=1111.244   |
 | E(DIHE)=164.093    E(IMPR)=95.969     E(VDW )=10999.832                     |
 -------------------------------------------------------------------------------
 --------------- cycle=    40 ------ stepsize=    0.0018 -----------------------
 | Etotal =12596.477  grad(E)=13.199     E(BOND)=225.418    E(ANGL)=1111.003   |
 | E(DIHE)=164.105    E(IMPR)=95.970     E(VDW )=10999.980                     |
 -------------------------------------------------------------------------------
 --------------- cycle=    45 ------ stepsize=   -0.0006 -----------------------
 | Etotal =12596.431  grad(E)=13.201     E(BOND)=225.371    E(ANGL)=1111.248   |
 | E(DIHE)=164.104    E(IMPR)=95.963     E(VDW )=10999.745                     |
 -------------------------------------------------------------------------------
 --------------- cycle=    50 ------ stepsize=    0.0010 -----------------------
 | Etotal =12596.410  grad(E)=13.200     E(BOND)=225.363    E(ANGL)=1111.152   |
 | E(DIHE)=164.091    E(IMPR)=95.970     E(VDW )=10999.834                     |
 -------------------------------------------------------------------------------
 POWELL: STEP number limit. Normal termination
 POWELL: Current coordinates set to last minimum
 %PARRDR-info: duplication of bond HC   NC2 
 %PARRDR-info: duplication of angle CH2E C    NH1 
 %PARRDR-info: duplication of angle CH2P CH2E HA  
 POWELL: number of degrees of freedom= 18027
 NBONDS: generating intra-molecular exclusion list with mode= 5
 MAKINB: mode   5 found  17486 exclusions and  17638 interactions(1-4)
 NBONDS: found   891846 intra-atom interactions
 NBONDS: found   891952 intra-atom interactions
 --------------- cycle=    50 ------ stepsize=   -0.0001 -----------------------
 | Etotal =-62.829    grad(E)=5.298      E(BOND)=9.361      E(ANGL)=398.890    |
 | E(DIHE)=43.632     E(IMPR)=32.434     E(VDW )=-548.134   E(ELEC)=0.988      |
 -------------------------------------------------------------------------------
 POWELL: STEP number limit. Normal termination
 POWELL: Current coordinates set to last minimum
 --------------- cycle=     1 --------------------------------------------------
 | Etotal =-62.829    grad(E)=5.298      E(BOND)=9.361      E(ANGL)=398.890    |
 | E(DIHE)=43.632     E(IMPR)=32.434     E(VDW )=-548.134   E(ELEC)=0.988      |
 -------------------------------------------------------------------------------
 SURFAC: half the sigma value being used for atomic radii.
 SURFAC: ACCEssible surface area
 SURFAC: ACCUracy= 0.07 RH2O=  1.40
         Z-grid=  0.32 number-of-Z-sections=  213
         measures-of-arc= 92348 and149009
 SURFAC: half the sigma value being used for atomic radii.
 SURFAC: ACCEssible surface area
 SURFAC: ACCUracy= 0.07 RH2O=  1.40
         Z-grid=  0.32 number-of-Z-sections=  132
         measures-of-arc= 26152 and 45591
 SURFAC: half the sigma value being used for atomic radii.
 SURFAC: ACCEssible surface area
 SURFAC: ACCUracy= 0.07 RH2O=  1.40
         Z-grid=  0.32 number-of-Z-sections=  213
         measures-of-arc=120015 and194914
 %PARRDR-info: duplication of bond HC   NC2 
 %PARRDR-info: duplication of angle CH2E C    NH1 
 %PARRDR-info: duplication of angle CH2P CH2E HA  
 NBONDS: generating intra-molecular exclusion list with mode= 5
 MAKINB: mode   5 found      5 exclusions and     10 interactions(1-4)
 NBONDS: found     1651 intra-atom interactions
 --------------- cycle=     2 --------------------------------------------------
 | Etotal =-48.658    grad(E)=0.177      E(VDW )=-5.625     E(ELEC)=-43.033    |
 -------------------------------------------------------------------------------
 NBONDS: generating intra-molecular exclusion list with mode= 5
 MAKINB: mode   5 found     10 exclusions and     20 interactions(1-4)
 NBONDS: found     2327 intra-atom interactions
 --------------- cycle=     3 --------------------------------------------------
 | Etotal =-102.531   grad(E)=0.292      E(VDW )=-7.128     E(ELEC)=-95.403    |
 -------------------------------------------------------------------------------
 NBONDS: generating intra-molecular exclusion list with mode= 5
 MAKINB: mode   5 found     10 exclusions and     20 interactions(1-4)
 NBONDS: found     3198 intra-atom interactions
 --------------- cycle=     4 --------------------------------------------------
 | Etotal =-107.541   grad(E)=0.313      E(VDW )=-9.384     E(ELEC)=-98.157    |
 -------------------------------------------------------------------------------
 NBONDS: generating intra-molecular exclusion list with mode= 5
 MAKINB: mode   5 found     10 exclusions and     20 interactions(1-4)
 NBONDS: found     2894 intra-atom interactions
 --------------- cycle=     5 --------------------------------------------------
 | Etotal =-93.577    grad(E)=0.181      E(VDW )=-8.362     E(ELEC)=-85.214    |
 -------------------------------------------------------------------------------
 NBONDS: generating intra-molecular exclusion list with mode= 5
 MAKINB: mode   5 found     10 exclusions and     20 interactions(1-4)
 NBONDS: found     4421 intra-atom interactions
 --------------- cycle=     6 --------------------------------------------------
 | Etotal =-195.956   grad(E)=0.442      E(VDW )=-7.158     E(ELEC)=-188.798   |
 -------------------------------------------------------------------------------
 NBONDS: generating intra-molecular exclusion list with mode= 5
 MAKINB: mode   5 found     10 exclusions and     20 interactions(1-4)
 NBONDS: found     3870 intra-atom interactions
 --------------- cycle=     7 --------------------------------------------------
 | Etotal =-103.421   grad(E)=0.235      E(VDW )=-12.886    E(ELEC)=-90.535    |
 -------------------------------------------------------------------------------
 NBONDS: generating intra-molecular exclusion list with mode= 5
 MAKINB: mode   5 found     10 exclusions and     20 interactions(1-4)
 NBONDS: found     5846 intra-atom interactions
 --------------- cycle=     8 --------------------------------------------------
 | Etotal =-96.837    grad(E)=0.176      E(VDW )=-21.299    E(ELEC)=-75.538    |
 -------------------------------------------------------------------------------
 NBONDS: generating intra-molecular exclusion list with mode= 5
 MAKINB: mode   5 found     10 exclusions and     20 interactions(1-4)
 NBONDS: found     5858 intra-atom interactions
 --------------- cycle=     9 --------------------------------------------------
 | Etotal =-105.173   grad(E)=0.231      E(VDW )=-16.317    E(ELEC)=-88.856    |
 -------------------------------------------------------------------------------
 NBONDS: generating intra-molecular exclusion list with mode= 5
 MAKINB: mode   5 found     10 exclusions and     20 interactions(1-4)
 NBONDS: found     3439 intra-atom interactions
 --------------- cycle=    10 --------------------------------------------------
 | Etotal =-89.756    grad(E)=0.211      E(VDW )=-10.634    E(ELEC)=-79.122    |
 -------------------------------------------------------------------------------
 NBONDS: generating intra-molecular exclusion list with mode= 5
 MAKINB: mode   5 found     10 exclusions and     20 interactions(1-4)
 NBONDS: found     3731 intra-atom interactions
 --------------- cycle=    11 --------------------------------------------------
 | Etotal =-98.156    grad(E)=0.257      E(VDW )=-14.266    E(ELEC)=-83.890    |
 -------------------------------------------------------------------------------
 NBONDS: generating intra-molecular exclusion list with mode= 5
 MAKINB: mode   5 found     10 exclusions and     20 interactions(1-4)
 NBONDS: found     5801 intra-atom interactions
 --------------- cycle=    12 --------------------------------------------------
 | Etotal =-101.466   grad(E)=0.213      E(VDW )=-16.611    E(ELEC)=-84.855    |
 -------------------------------------------------------------------------------
 NBONDS: generating intra-molecular exclusion list with mode= 5
 MAKINB: mode   5 found     10 exclusions and     20 interactions(1-4)
 NBONDS: found     3961 intra-atom interactions
 --------------- cycle=    13 --------------------------------------------------
 | Etotal =-126.493   grad(E)=0.298      E(VDW )=-15.015    E(ELEC)=-111.478   |
 -------------------------------------------------------------------------------
 NBONDS: generating intra-molecular exclusion list with mode= 5
 MAKINB: mode   5 found     10 exclusions and     20 interactions(1-4)
 NBONDS: found     4514 intra-atom interactions
 --------------- cycle=    14 --------------------------------------------------
 | Etotal =-96.583    grad(E)=0.226      E(VDW )=-13.001    E(ELEC)=-83.582    |
 -------------------------------------------------------------------------------
 NBONDS: generating intra-molecular exclusion list with mode= 5
 MAKINB: mode   5 found     10 exclusions and     20 interactions(1-4)
 NBONDS: found     3582 intra-atom interactions
 --------------- cycle=    15 --------------------------------------------------
 | Etotal =-105.993   grad(E)=0.411      E(VDW )=-10.456    E(ELEC)=-95.537    |
 -------------------------------------------------------------------------------
 NBONDS: generating intra-molecular exclusion list with mode= 5
 MAKINB: mode   5 found     10 exclusions and     20 interactions(1-4)
 NBONDS: found     2762 intra-atom interactions
 --------------- cycle=    16 --------------------------------------------------
 | Etotal =-100.029   grad(E)=0.248      E(VDW )=-6.982     E(ELEC)=-93.047    |
 -------------------------------------------------------------------------------
 NBONDS: generating intra-molecular exclusion list with mode= 5
 MAKINB: mode   5 found     10 exclusions and     20 interactions(1-4)
 NBONDS: found     4042 intra-atom interactions
 --------------- cycle=    17 --------------------------------------------------
 | Etotal =-246.195   grad(E)=0.655      E(VDW )=-14.326    E(ELEC)=-231.868   |
 -------------------------------------------------------------------------------
 NBONDS: generating intra-molecular exclusion list with mode= 5
 MAKINB: mode   5 found     10 exclusions and     20 interactions(1-4)
 NBONDS: found     3227 intra-atom interactions
 --------------- cycle=    18 --------------------------------------------------
 | Etotal =-162.340   grad(E)=0.480      E(VDW )=-13.319    E(ELEC)=-149.022   |
 -------------------------------------------------------------------------------
 NBONDS: generating intra-molecular exclusion list with mode= 5
 MAKINB: mode   5 found     10 exclusions and     20 interactions(1-4)
 NBONDS: found     4379 intra-atom interactions
 --------------- cycle=    19 --------------------------------------------------
 | Etotal =-103.885   grad(E)=0.184      E(VDW )=-15.095    E(ELEC)=-88.789    |
 -------------------------------------------------------------------------------
 NBONDS: generating intra-molecular exclusion list with mode= 5
 MAKINB: mode   5 found     10 exclusions and     20 interactions(1-4)
 NBONDS: found     5826 intra-atom interactions
 --------------- cycle=    20 --------------------------------------------------
 | Etotal =-117.141   grad(E)=0.332      E(VDW )=-25.189    E(ELEC)=-91.953    |
 -------------------------------------------------------------------------------
 NBONDS: generating intra-molecular exclusion list with mode= 5
 MAKINB: mode   5 found     10 exclusions and     20 interactions(1-4)
 NBONDS: found     3788 intra-atom interactions
 --------------- cycle=    21 --------------------------------------------------
 | Etotal =-116.419   grad(E)=0.266      E(VDW )=-14.555    E(ELEC)=-101.863   |
 -------------------------------------------------------------------------------
 NBONDS: generating intra-molecular exclusion list with mode= 5
 MAKINB: mode   5 found     10 exclusions and     20 interactions(1-4)
 NBONDS: found     4558 intra-atom interactions
 --------------- cycle=    22 --------------------------------------------------
 | Etotal =-89.437    grad(E)=0.189      E(VDW )=-12.442    E(ELEC)=-76.995    |
 -------------------------------------------------------------------------------
 NBONDS: generating intra-molecular exclusion list with mode= 5
 MAKINB: mode   5 found     10 exclusions and     20 interactions(1-4)
 NBONDS: found     3998 intra-atom interactions
 --------------- cycle=    23 --------------------------------------------------
 | Etotal =-112.627   grad(E)=0.235      E(VDW )=-17.053    E(ELEC)=-95.575    |
 -------------------------------------------------------------------------------
 NBONDS: generating intra-molecular exclusion list with mode= 5
 MAKINB: mode   5 found     10 exclusions and     20 interactions(1-4)
 NBONDS: found     2880 intra-atom interactions
 --------------- cycle=    24 --------------------------------------------------
 | Etotal =-98.654    grad(E)=0.210      E(VDW )=-10.488    E(ELEC)=-88.166    |
 -------------------------------------------------------------------------------
 NBONDS: generating intra-molecular exclusion list with mode= 5
 MAKINB: mode   5 found     10 exclusions and     20 interactions(1-4)
 NBONDS: found     2975 intra-atom interactions
 --------------- cycle=    25 --------------------------------------------------
 | Etotal =-96.296    grad(E)=0.206      E(VDW )=-10.910    E(ELEC)=-85.387    |
 -------------------------------------------------------------------------------
 NBONDS: generating intra-molecular exclusion list with mode= 5
 MAKINB: mode   5 found     10 exclusions and     20 interactions(1-4)
 NBONDS: found     2771 intra-atom interactions
 --------------- cycle=    26 --------------------------------------------------
 | Etotal =-83.066    grad(E)=0.201      E(VDW )=-10.814    E(ELEC)=-72.253    |
 -------------------------------------------------------------------------------
 NBONDS: generating intra-molecular exclusion list with mode= 5
 MAKINB: mode   5 found     10 exclusions and     20 interactions(1-4)
 NBONDS: found     1635 intra-atom interactions
 --------------- cycle=    27 --------------------------------------------------
 | Etotal =-85.030    grad(E)=0.193      E(VDW )=-5.055     E(ELEC)=-79.976    |
 -------------------------------------------------------------------------------
 NBONDS: generating intra-molecular exclusion list with mode= 5
 MAKINB: mode   5 found     10 exclusions and     20 interactions(1-4)
 NBONDS: found     4699 intra-atom interactions
 --------------- cycle=    28 --------------------------------------------------
 | Etotal =-84.862    grad(E)=0.166      E(VDW )=-18.121    E(ELEC)=-66.740    |
 -------------------------------------------------------------------------------
 NBONDS: generating intra-molecular exclusion list with mode= 5
 MAKINB: mode   5 found     10 exclusions and     20 interactions(1-4)
 NBONDS: found     3107 intra-atom interactions
 --------------- cycle=    29 --------------------------------------------------
 | Etotal =-74.122    grad(E)=0.258      E(VDW )=-2.056     E(ELEC)=-72.066    |
 -------------------------------------------------------------------------------
 NBONDS: generating intra-molecular exclusion list with mode= 5
 MAKINB: mode   5 found     10 exclusions and     20 interactions(1-4)
 NBONDS: found     2152 intra-atom interactions
 --------------- cycle=    30 --------------------------------------------------
 | Etotal =-69.862    grad(E)=0.300      E(VDW )=2.574      E(ELEC)=-72.436    |
 -------------------------------------------------------------------------------
 NBONDS: generating intra-molecular exclusion list with mode= 5
 MAKINB: mode   5 found     10 exclusions and     20 interactions(1-4)
 NBONDS: found     1435 intra-atom interactions
 --------------- cycle=    31 --------------------------------------------------
 | Etotal =-87.896    grad(E)=0.280      E(VDW )=1.781      E(ELEC)=-89.677    |
 -------------------------------------------------------------------------------
 NBONDS: generating intra-molecular exclusion list with mode= 5
 MAKINB: mode   5 found     10 exclusions and     20 interactions(1-4)
 NBONDS: found     2632 intra-atom interactions
 --------------- cycle=    32 --------------------------------------------------
 | Etotal =-88.466    grad(E)=0.190      E(VDW )=-9.827     E(ELEC)=-78.639    |
 -------------------------------------------------------------------------------
 NBONDS: generating intra-molecular exclusion list with mode= 5
 MAKINB: mode   5 found     10 exclusions and     20 interactions(1-4)
 NBONDS: found     5237 intra-atom interactions
 --------------- cycle=    33 --------------------------------------------------
 | Etotal =-95.911    grad(E)=0.152      E(VDW )=-21.416    E(ELEC)=-74.495    |
 -------------------------------------------------------------------------------
 NBONDS: generating intra-molecular exclusion list with mode= 5
 MAKINB: mode   5 found     10 exclusions and     20 interactions(1-4)
 NBONDS: found     1956 intra-atom interactions
 --------------- cycle=    34 --------------------------------------------------
 | Etotal =-69.189    grad(E)=0.241      E(VDW )=-4.477     E(ELEC)=-64.712    |
 -------------------------------------------------------------------------------
 NBONDS: generating intra-molecular exclusion list with mode= 5
 MAKINB: mode   5 found     10 exclusions and     20 interactions(1-4)
 NBONDS: found     5086 intra-atom interactions
 --------------- cycle=    35 --------------------------------------------------
 | Etotal =-141.985   grad(E)=0.384      E(VDW )=-18.562    E(ELEC)=-123.423   |
 -------------------------------------------------------------------------------
 NBONDS: generating intra-molecular exclusion list with mode= 5
 MAKINB: mode   5 found     10 exclusions and     20 interactions(1-4)
 NBONDS: found     1837 intra-atom interactions
 --------------- cycle=    36 --------------------------------------------------
 | Etotal =-76.464    grad(E)=0.161      E(VDW )=-3.258     E(ELEC)=-73.206    |
 -------------------------------------------------------------------------------
 NBONDS: generating intra-molecular exclusion list with mode= 5
 MAKINB: mode   5 found     10 exclusions and     20 interactions(1-4)
 NBONDS: found     3453 intra-atom interactions
 --------------- cycle=    37 --------------------------------------------------
 | Etotal =-171.500   grad(E)=0.646      E(VDW )=-9.638     E(ELEC)=-161.862   |
 -------------------------------------------------------------------------------
 NBONDS: generating intra-molecular exclusion list with mode= 5
 MAKINB: mode   5 found     10 exclusions and     20 interactions(1-4)
 NBONDS: found     5494 intra-atom interactions
 --------------- cycle=    38 --------------------------------------------------
 | Etotal =-84.267    grad(E)=0.126      E(VDW )=-23.706    E(ELEC)=-60.561    |
 -------------------------------------------------------------------------------
 NBONDS: generating intra-molecular exclusion list with mode= 5
 MAKINB: mode   5 found     10 exclusions and     20 interactions(1-4)
 NBONDS: found     6758 intra-atom interactions
 --------------- cycle=    39 --------------------------------------------------
 | Etotal =-177.969   grad(E)=0.624      E(VDW )=-17.042    E(ELEC)=-160.926   |
 -------------------------------------------------------------------------------
 NBONDS: generating intra-molecular exclusion list with mode= 5
 MAKINB: mode   5 found     10 exclusions and     20 interactions(1-4)
 NBONDS: found     2403 intra-atom interactions
 --------------- cycle=    40 --------------------------------------------------
 | Etotal =-82.238    grad(E)=0.168      E(VDW )=-7.450     E(ELEC)=-74.788    |
 -------------------------------------------------------------------------------
 NBONDS: generating intra-molecular exclusion list with mode= 5
 MAKINB: mode   5 found     10 exclusions and     20 interactions(1-4)
 NBONDS: found     2697 intra-atom interactions
 --------------- cycle=    41 --------------------------------------------------
 | Etotal =-83.731    grad(E)=0.196      E(VDW )=-2.967     E(ELEC)=-80.764    |
 -------------------------------------------------------------------------------
 NBONDS: generating intra-molecular exclusion list with mode= 5
 MAKINB: mode   5 found     10 exclusions and     23 interactions(1-4)
 NBONDS: found     3668 intra-atom interactions
 --------------- cycle=    42 --------------------------------------------------
 | Etotal =-93.882    grad(E)=0.231      E(VDW )=-8.606     E(ELEC)=-85.276    |
 -------------------------------------------------------------------------------
 NBONDS: generating intra-molecular exclusion list with mode= 5
 MAKINB: mode   5 found     10 exclusions and     20 interactions(1-4)
 NBONDS: found     5048 intra-atom interactions
 --------------- cycle=    43 --------------------------------------------------
 | Etotal =-81.901    grad(E)=0.180      E(VDW )=-18.227    E(ELEC)=-63.674    |
 -------------------------------------------------------------------------------
 NBONDS: generating intra-molecular exclusion list with mode= 5
 MAKINB: mode   5 found     10 exclusions and     20 interactions(1-4)
 NBONDS: found     5878 intra-atom interactions
 --------------- cycle=    44 --------------------------------------------------
 | Etotal =-183.580   grad(E)=0.436      E(VDW )=-21.854    E(ELEC)=-161.726   |
 -------------------------------------------------------------------------------
 NBONDS: generating intra-molecular exclusion list with mode= 5
 MAKINB: mode   5 found     10 exclusions and     20 interactions(1-4)
 NBONDS: found     6492 intra-atom interactions
 --------------- cycle=    45 --------------------------------------------------
 | Etotal =-201.660   grad(E)=0.750      E(VDW )=-10.803    E(ELEC)=-190.857   |
 -------------------------------------------------------------------------------
 NBONDS: generating intra-molecular exclusion list with mode= 5
 MAKINB: mode   5 found     10 exclusions and     20 interactions(1-4)
 NBONDS: found     4189 intra-atom interactions
 --------------- cycle=    46 --------------------------------------------------
 | Etotal =-155.818   grad(E)=0.491      E(VDW )=-15.614    E(ELEC)=-140.204   |
 -------------------------------------------------------------------------------
 NBONDS: generating intra-molecular exclusion list with mode= 5
 MAKINB: mode   5 found     10 exclusions and     20 interactions(1-4)
 NBONDS: found     3281 intra-atom interactions
 --------------- cycle=    47 --------------------------------------------------
 | Etotal =-82.321    grad(E)=0.233      E(VDW )=-7.878     E(ELEC)=-74.443    |
 -------------------------------------------------------------------------------
 NBONDS: generating intra-molecular exclusion list with mode= 5
 MAKINB: mode   5 found     10 exclusions and     20 interactions(1-4)
 NBONDS: found     5149 intra-atom interactions
 --------------- cycle=    48 --------------------------------------------------
 | Etotal =-123.452   grad(E)=0.284      E(VDW )=-14.404    E(ELEC)=-109.048   |
 -------------------------------------------------------------------------------
 NBONDS: generating intra-molecular exclusion list with mode= 5
 MAKINB: mode   5 found     10 exclusions and     20 interactions(1-4)
 NBONDS: found     5473 intra-atom interactions
 --------------- cycle=    49 --------------------------------------------------
 | Etotal =-115.390   grad(E)=0.231      E(VDW )=-26.440    E(ELEC)=-88.950    |
 -------------------------------------------------------------------------------
 NBONDS: generating intra-molecular exclusion list with mode= 5
 MAKINB: mode   5 found     10 exclusions and     20 interactions(1-4)
 NBONDS: found     1846 intra-atom interactions
 --------------- cycle=    50 --------------------------------------------------
 | Etotal =-62.265    grad(E)=0.133      E(VDW )=-4.595     E(ELEC)=-57.670    |
 -------------------------------------------------------------------------------
 NBONDS: generating intra-molecular exclusion list with mode= 5
 MAKINB: mode   5 found     10 exclusions and     20 interactions(1-4)
 NBONDS: found      921 intra-atom interactions
 --------------- cycle=    51 --------------------------------------------------
 | Etotal =-61.697    grad(E)=0.132      E(VDW )=-1.575     E(ELEC)=-60.122    |
 -------------------------------------------------------------------------------
 NBONDS: generating intra-molecular exclusion list with mode= 5
 MAKINB: mode   5 found     10 exclusions and     20 interactions(1-4)
 NBONDS: found     1378 intra-atom interactions
 --------------- cycle=    52 --------------------------------------------------
 | Etotal =-78.151    grad(E)=0.178      E(VDW )=-6.707     E(ELEC)=-71.444    |
 -------------------------------------------------------------------------------
 NBONDS: generating intra-molecular exclusion list with mode= 5
 MAKINB: mode   5 found     10 exclusions and     20 interactions(1-4)
 NBONDS: found     3120 intra-atom interactions
 --------------- cycle=    53 --------------------------------------------------
 | Etotal =-84.545    grad(E)=0.234      E(VDW )=-19.111    E(ELEC)=-65.434    |
 -------------------------------------------------------------------------------
 NBONDS: generating intra-molecular exclusion list with mode= 5
 MAKINB: mode   5 found     10 exclusions and     20 interactions(1-4)
 NBONDS: found     3634 intra-atom interactions
 --------------- cycle=    54 --------------------------------------------------
 | Etotal =-93.992    grad(E)=0.308      E(VDW )=-13.008    E(ELEC)=-80.984    |
 -------------------------------------------------------------------------------
 NBONDS: generating intra-molecular exclusion list with mode= 5
 MAKINB: mode   5 found     10 exclusions and     20 interactions(1-4)
 NBONDS: found     6209 intra-atom interactions
 --------------- cycle=    55 --------------------------------------------------
 | Etotal =-99.663    grad(E)=0.210      E(VDW )=-24.192    E(ELEC)=-75.471    |
 -------------------------------------------------------------------------------
 NBONDS: generating intra-molecular exclusion list with mode= 5
 MAKINB: mode   5 found     10 exclusions and     20 interactions(1-4)
 NBONDS: found     5392 intra-atom interactions
 --------------- cycle=    56 --------------------------------------------------
 | Etotal =-101.492   grad(E)=0.199      E(VDW )=-19.518    E(ELEC)=-81.974    |
 -------------------------------------------------------------------------------
 NBONDS: generating intra-molecular exclusion list with mode= 5
 MAKINB: mode   5 found     10 exclusions and     20 interactions(1-4)
 NBONDS: found     5263 intra-atom interactions
 --------------- cycle=    57 --------------------------------------------------
 | Etotal =-95.371    grad(E)=0.125      E(VDW )=-24.758    E(ELEC)=-70.613    |
 -------------------------------------------------------------------------------
 NBONDS: generating intra-molecular exclusion list with mode= 5
 MAKINB: mode   5 found     10 exclusions and     20 interactions(1-4)
 NBONDS: found     5056 intra-atom interactions
 --------------- cycle=    58 --------------------------------------------------
 | Etotal =-96.152    grad(E)=0.267      E(VDW )=-13.297    E(ELEC)=-82.855    |
 -------------------------------------------------------------------------------
 NBONDS: generating intra-molecular exclusion list with mode= 5
 MAKINB: mode   5 found     10 exclusions and     20 interactions(1-4)
 NBONDS: found     3178 intra-atom interactions
 --------------- cycle=    59 --------------------------------------------------
 | Etotal =-81.713    grad(E)=0.232      E(VDW )=-9.267     E(ELEC)=-72.445    |
 -------------------------------------------------------------------------------
 NBONDS: generating intra-molecular exclusion list with mode= 5
 MAKINB: mode   5 found     10 exclusions and     20 interactions(1-4)
 NBONDS: found     2350 intra-atom interactions
 --------------- cycle=    60 --------------------------------------------------
 | Etotal =-73.006    grad(E)=0.142      E(VDW )=-9.785     E(ELEC)=-63.222    |
 -------------------------------------------------------------------------------
 NBONDS: generating intra-molecular exclusion list with mode= 5
 MAKINB: mode   5 found     10 exclusions and     20 interactions(1-4)
 NBONDS: found     1075 intra-atom interactions
 --------------- cycle=    61 --------------------------------------------------
 | Etotal =-67.600    grad(E)=0.119      E(VDW )=-5.780     E(ELEC)=-61.820    |
 -------------------------------------------------------------------------------
 NBONDS: generating intra-molecular exclusion list with mode= 5
 MAKINB: mode   5 found     10 exclusions and     20 interactions(1-4)
 NBONDS: found      994 intra-atom interactions
 --------------- cycle=    62 --------------------------------------------------
 | Etotal =-69.054    grad(E)=0.129      E(VDW )=-3.369     E(ELEC)=-65.685    |
 -------------------------------------------------------------------------------
 NBONDS: generating intra-molecular exclusion list with mode= 5
 MAKINB: mode   5 found     10 exclusions and     23 interactions(1-4)
 NBONDS: found     1957 intra-atom interactions
 --------------- cycle=    63 --------------------------------------------------
 | Etotal =-73.699    grad(E)=0.200      E(VDW )=-7.697     E(ELEC)=-66.002    |
 -------------------------------------------------------------------------------
 NBONDS: generating intra-molecular exclusion list with mode= 5
 MAKINB: mode   5 found     10 exclusions and     20 interactions(1-4)
 NBONDS: found     1141 intra-atom interactions
 --------------- cycle=    64 --------------------------------------------------
 | Etotal =-65.111    grad(E)=0.119      E(VDW )=-7.004     E(ELEC)=-58.107    |
 -------------------------------------------------------------------------------
 NBONDS: generating intra-molecular exclusion list with mode= 5
 MAKINB: mode   5 found     10 exclusions and     20 interactions(1-4)
 NBONDS: found     3471 intra-atom interactions
 --------------- cycle=    65 --------------------------------------------------
 | Etotal =-72.124    grad(E)=0.212      E(VDW )=-7.344     E(ELEC)=-64.780    |
 -------------------------------------------------------------------------------
 NBONDS: generating intra-molecular exclusion list with mode= 5
 MAKINB: mode   5 found     10 exclusions and     20 interactions(1-4)
 NBONDS: found     3271 intra-atom interactions
 --------------- cycle=    66 --------------------------------------------------
 | Etotal =-94.058    grad(E)=0.227      E(VDW )=-11.782    E(ELEC)=-82.276    |
 -------------------------------------------------------------------------------
 NBONDS: generating intra-molecular exclusion list with mode= 5
 MAKINB: mode   5 found     13 exclusions and     27 interactions(1-4)
 NBONDS: found     2302 intra-atom interactions
 --------------- cycle=    67 --------------------------------------------------
 | Etotal =-71.094    grad(E)=0.224      E(VDW )=-9.207     E(ELEC)=-61.886    |
 -------------------------------------------------------------------------------
 NBONDS: generating intra-molecular exclusion list with mode= 5
 MAKINB: mode   5 found     10 exclusions and     20 interactions(1-4)
 NBONDS: found     5201 intra-atom interactions
 --------------- cycle=    68 --------------------------------------------------
 | Etotal =-91.627    grad(E)=0.140      E(VDW )=-22.127    E(ELEC)=-69.500    |
 -------------------------------------------------------------------------------
 NBONDS: generating intra-molecular exclusion list with mode= 5
 MAKINB: mode   5 found     10 exclusions and     23 interactions(1-4)
 NBONDS: found     3557 intra-atom interactions
 --------------- cycle=    69 --------------------------------------------------
 | Etotal =-64.300    grad(E)=0.139      E(VDW )=-11.148    E(ELEC)=-53.152    |
 -------------------------------------------------------------------------------
 NBONDS: generating intra-molecular exclusion list with mode= 5
 MAKINB: mode   5 found     10 exclusions and     23 interactions(1-4)
 NBONDS: found     3885 intra-atom interactions
 --------------- cycle=    70 --------------------------------------------------
 | Etotal =-84.089    grad(E)=0.195      E(VDW )=-13.665    E(ELEC)=-70.424    |
 -------------------------------------------------------------------------------
 NBONDS: generating intra-molecular exclusion list with mode= 5
 MAKINB: mode   5 found     10 exclusions and     20 interactions(1-4)
 NBONDS: found     4693 intra-atom interactions
 --------------- cycle=    71 --------------------------------------------------
 | Etotal =-74.271    grad(E)=0.139      E(VDW )=-16.359    E(ELEC)=-57.912    |
 -------------------------------------------------------------------------------
 NBONDS: generating intra-molecular exclusion list with mode= 5
 MAKINB: mode   5 found     10 exclusions and     20 interactions(1-4)
 NBONDS: found     4254 intra-atom interactions
 --------------- cycle=    72 --------------------------------------------------
 | Etotal =-109.508   grad(E)=0.395      E(VDW )=-14.091    E(ELEC)=-95.416    |
 -------------------------------------------------------------------------------
 NBONDS: generating intra-molecular exclusion list with mode= 5
 MAKINB: mode   5 found     10 exclusions and     20 interactions(1-4)
 NBONDS: found     2562 intra-atom interactions
 --------------- cycle=    73 --------------------------------------------------
 | Etotal =-71.528    grad(E)=0.140      E(VDW )=-9.440     E(ELEC)=-62.088    |
 -------------------------------------------------------------------------------
 NBONDS: generating intra-molecular exclusion list with mode= 5
 MAKINB: mode   5 found     10 exclusions and     20 interactions(1-4)
 NBONDS: found     6478 intra-atom interactions
 --------------- cycle=    74 --------------------------------------------------
 | Etotal =-93.680    grad(E)=0.505      E(VDW )=-14.198    E(ELEC)=-79.482    |
 -------------------------------------------------------------------------------
 NBONDS: generating intra-molecular exclusion list with mode= 5
 MAKINB: mode   5 found     10 exclusions and     20 interactions(1-4)
 NBONDS: found     2077 intra-atom interactions
 --------------- cycle=    75 --------------------------------------------------
 | Etotal =-78.721    grad(E)=0.158      E(VDW )=-7.938     E(ELEC)=-70.783    |
 -------------------------------------------------------------------------------
 NBONDS: generating intra-molecular exclusion list with mode= 5
 MAKINB: mode   5 found     10 exclusions and     20 interactions(1-4)
 NBONDS: found     6303 intra-atom interactions
 --------------- cycle=    76 --------------------------------------------------
 | Etotal =-95.796    grad(E)=0.151      E(VDW )=-29.345    E(ELEC)=-66.451    |
 -------------------------------------------------------------------------------
 NBONDS: generating intra-molecular exclusion list with mode= 5
 MAKINB: mode   5 found     10 exclusions and     23 interactions(1-4)
 NBONDS: found     4605 intra-atom interactions
 --------------- cycle=    77 --------------------------------------------------
 | Etotal =-76.036    grad(E)=0.168      E(VDW )=-17.005    E(ELEC)=-59.031    |
 -------------------------------------------------------------------------------
 NBONDS: generating intra-molecular exclusion list with mode= 5
 MAKINB: mode   5 found     10 exclusions and     23 interactions(1-4)
 NBONDS: found     2840 intra-atom interactions
 --------------- cycle=    78 --------------------------------------------------
 | Etotal =-81.500    grad(E)=0.161      E(VDW )=-10.142    E(ELEC)=-71.358    |
 -------------------------------------------------------------------------------
 NBONDS: generating intra-molecular exclusion list with mode= 5
 MAKINB: mode   5 found     10 exclusions and     20 interactions(1-4)
 NBONDS: found     3095 intra-atom interactions
 --------------- cycle=    79 --------------------------------------------------
 | Etotal =-84.599    grad(E)=0.222      E(VDW )=-7.595     E(ELEC)=-77.004    |
 -------------------------------------------------------------------------------
 NBONDS: generating intra-molecular exclusion list with mode= 5
 MAKINB: mode   5 found     10 exclusions and     20 interactions(1-4)
 NBONDS: found     3975 intra-atom interactions
 --------------- cycle=    80 --------------------------------------------------
 | Etotal =-97.598    grad(E)=0.254      E(VDW )=-11.827    E(ELEC)=-85.771    |
 -------------------------------------------------------------------------------
 NBONDS: generating intra-molecular exclusion list with mode= 5
 MAKINB: mode   5 found     10 exclusions and     20 interactions(1-4)
 NBONDS: found     1811 intra-atom interactions
 --------------- cycle=    81 --------------------------------------------------
 | Etotal =-69.644    grad(E)=0.204      E(VDW )=-2.154     E(ELEC)=-67.490    |
 -------------------------------------------------------------------------------
 NBONDS: generating intra-molecular exclusion list with mode= 5
 MAKINB: mode   5 found     10 exclusions and     20 interactions(1-4)
 NBONDS: found     2783 intra-atom interactions
 --------------- cycle=    82 --------------------------------------------------
 | Etotal =-68.948    grad(E)=0.155      E(VDW )=-6.578     E(ELEC)=-62.369    |
 -------------------------------------------------------------------------------
 NBONDS: generating intra-molecular exclusion list with mode= 5
 MAKINB: mode   5 found     10 exclusions and     20 interactions(1-4)
 NBONDS: found     1519 intra-atom interactions
 --------------- cycle=    83 --------------------------------------------------
 | Etotal =-73.803    grad(E)=0.201      E(VDW )=-4.816     E(ELEC)=-68.987    |
 -------------------------------------------------------------------------------
 NBONDS: generating intra-molecular exclusion list with mode= 5
 MAKINB: mode   5 found     10 exclusions and     20 interactions(1-4)
 NBONDS: found     5293 intra-atom interactions
 --------------- cycle=    84 --------------------------------------------------
 | Etotal =-108.326   grad(E)=0.243      E(VDW )=-23.309    E(ELEC)=-85.017    |
 -------------------------------------------------------------------------------
 NBONDS: generating intra-molecular exclusion list with mode= 5
 MAKINB: mode   5 found     10 exclusions and     23 interactions(1-4)
 NBONDS: found     4479 intra-atom interactions
 --------------- cycle=    85 --------------------------------------------------
 | Etotal =-109.797   grad(E)=0.293      E(VDW )=-17.580    E(ELEC)=-92.217    |
 -------------------------------------------------------------------------------
 HEAP: maximum use      =    22356616 current use      =       96000 bytes
 HEAP: maximum overhead =        2816 current overhead =         752 bytes
          ============================================================
           Maximum dynamic memory allocation:    22356616 bytes
           Maximum dynamic memory overhead:          2816 bytes
           Program started at: 19:24:09 on 10-Jun-2020
           Program stopped at: 19:24:35 on 10-Jun-2020
           CPU time used:      26.0938 seconds
          ============================================================
