          ============================================================
          |                                                          |
          |            Crystallography & NMR System (CNS)            |
          |                         CNSsolve                         |
          |                                                          |
          ============================================================
           Version: 1.3 at patch level U
           Status: Special UU release with Rg and paramagnetic
                   restraints (A. Bonvin, UU 2011)
          ============================================================
           Written by: A.T.Brunger, P.D.Adams, G.M.Clore, W.L.DeLano,
                       P.Gros, R.W.Grosse-Kunstleve,J.-S.Jiang,J.M.Krahn,
                       J.Kuszewski, M.Nilges, N.S.Pannu, R.J.Read,
                       L.M.Rice, G.F.Schroeder, T.Simonson, G.L.Warren.
           Copyright (c) 1997-2010 Yale University
          ============================================================
           Running on machine: hostname unknown (x86_64/Linux,64-bit)
           Program started by: joaor
           Program started at: 15:55:53 on 08-May-2020
          ============================================================

 FFT3C: Using FFTPACK4.1

 CNSsolve>! 
 CNSsolve>! Calculates pairwise energies between residues 
 CNSsolve>! Will only rebuild hydrogen atoms 
 CNSsolve>! 
 CNSsolve>! Adapted from HADDOCK protocols here and there. 
 CNSsolve>! JR & AMJJB @ 2020 
 CNSsolve>! 
 CNSsolve>define( 
 DEFINE>    {===>} auto_break=true; 
 DEFINE>    {===>} break_cutoff=2.5; 
 DEFINE>    {===>} dnaauto_break=true; 
 DEFINE>    {===>} dbreak_cutoff=4.5; 
 DEFINE>    {===>} auto_cispro=true; 
 DEFINE>    {===>} auto_disu=true; 
 DEFINE>    {===>} disulphide_dist=3.0; 
 DEFINE>    {===>} glyco_dist=2.75; 
 DEFINE>    {===>} coorin="molecule.pdb"; 
 DEFINE>    {===>} icutoff=5.0; 
 DEFINE>) 
 CNSsolve> 
 CNSsolve>! Mute (most) output 
 CNSsolve>set message=on echo=off end 
 ASSFIL: file merged.param opened.
 MESSage=NORM
 EVALUATE: symbol $OLD_MESSAGE set to "NORM" (string)
 ECHO=FALSe {OFF}
 EVALUATE: symbol $OLD_ECHO set to FALSE (logical)
 %PARRDR-info: duplication of bond HC   NC2 
 %PARRDR-info: duplication of angle CH2E C    NH1 
 %PARRDR-info: duplication of angle CH2P CH2E HA  
 ASSFIL: file merged.top opened.
 MESSage=NORM
 EVALUATE: symbol $OLD_MESSAGE set to "NORM" (string)
 ECHO=FALSe {OFF}
 EVALUATE: symbol $OLD_ECHO set to FALSE (logical)
 %RTFIO-warning: undefined masses in residue CYC 
 %RTFIO error encountered: there are undefined masses.
   (CNS is in mode: SET ABORT=NORMal END)
 MESSage=NORM
 EVALUATE: symbol $OLD_MESSAGE set to "NORM" (string)
 ECHO=FALSe {OFF}
 EVALUATE: symbol $OLD_ECHO set to FALSE (logical)
 ASSFIL: file protein_break.top opened.
 %RTFRDR-ERR: duplicate (P-)RESIdue name DPEP
 %RTFRDR-ERR: duplicate (P-)RESIdue name DPPP
 RTFRDR> 
 RTFRDR>end 
 CNSsolve> 
 CNSsolve>! Reset output muting 
 CNSsolve>set message=off echo=off end 
FOUND 5 NAG:ASN pairs
NAG:ASN bond added from   B    901  to   B    53  
NAG:ASN bond added from   B    903  to   B    90  
NAG:ASN bond added from   B    908  to   B    432 
NAG:ASN bond added from   B    910  to   B    546 
NAG:ASN bond added from   E    1401 to   E    343 
FOUND 6 NAG:NAG pairs
NAG:NAG B14 bond added from   B    902  to   B    901 
NAG:NAG B14 bond added from   B    904  to   B    903 
NAG:NAG B14 bond added from   B    909  to   B    908 
NAG:NAG B14 bond added from   B    911  to   B    910 
NAG:NAG B14 bond added from   E    1402 to   E    1401
NAG:NAG B14 bond added from   E    1403 to   E    1402
 %PARRDR-info: duplication of bond HC   NC2 
 %PARRDR-info: duplication of angle CH2E C    NH1 
 %PARRDR-info: duplication of angle CH2P CH2E HA  
 POWELL: number of degrees of freedom= 13830
 NBONDS: generating intra-molecular exclusion list with mode=-2
 MAKINB: mode  -2 found   4610 exclusions and      0 interactions(1-4)
 %atoms "B   -104 -GLY -N   " and "B   -104 -GLY -HA1 " only  0.10 A apart
 %atoms "B   -230 -PHE -HB2 " and "B   -230 -PHE -HE2 " only  0.06 A apart
 %atoms "B   -291 -ILE -CB  " and "B   -291 -ILE -HG11" only  0.06 A apart
 %atoms "B   -320 -LEU -CA  " and "B   -320 -LEU -HD13" only  0.05 A apart
 %atoms "B   -328 -TRP -HZ2 " and "B   -328 -TRP -HH2 " only  0.10 A apart
 %atoms "B   -349 -TRP -CG  " and "B   -349 -TRP -HE3 " only  0.07 A apart
 %atoms "B   -402 -GLU -CA  " and "B   -402 -GLU -HB1 " only  0.03 A apart
 %atoms "B   -408 -MET -HE2 " and "B   -408 -MET -HE3 " only  0.10 A apart
 %atoms "B   -544 -ILE -HG12" and "B   -544 -ILE -HG22" only  0.10 A apart
 %atoms "B   -557 -MET -HE1 " and "B   -557 -MET -HE3 " only  0.09 A apart
 %atoms "B   -558 -LEU -CA  " and "B   -558 -LEU -HD11" only  0.07 A apart
 %atoms "E   -408 -ARG -HA  " and "E   -408 -ARG -HB1 " only  0.05 A apart
 %atoms "E   -420 -ASP -HA  " and "E   -420 -ASP -CB  " only  0.07 A apart
 %atoms "E   -458 -LYS -HD2 " and "E   -458 -LYS -HE1 " only  0.07 A apart
 %atoms "E   -515 -PHE -HA  " and "E   -515 -PHE -HE1 " only  0.03 A apart
 NBONDS: found   698194 intra-atom interactions
 NBONDS: found       15 nonbonded violations
 %atoms "B   -161 -ARG -HA  " and "B   -161 -ARG -HD2 " only  0.05 A apart
 NBONDS: found   698959 intra-atom interactions
 NBONDS: found        1 nonbonded violations
 %atoms "E   -337 -PRO -HG2 " and "E   -337 -PRO -HD1 " only  0.08 A apart
 NBONDS: found   696462 intra-atom interactions
 NBONDS: found        1 nonbonded violations
 NBONDS: found   692386 intra-atom interactions
 --------------- cycle=    10 ------ stepsize=   -0.0000 -----------------------
 | Etotal =0.34E+07   grad(E)=584.173    E(BOND)=516243.734 E(ANGL)=0.16E+07   |
 | E(VDW )=0.13E+07                                                            |
 -------------------------------------------------------------------------------
 NBONDS: found   692205 intra-atom interactions
 NBONDS: found   692741 intra-atom interactions
 NBONDS: found   692981 intra-atom interactions
 NBONDS: found   693200 intra-atom interactions
 NBONDS: found   693455 intra-atom interactions
 --------------- cycle=    20 ------ stepsize=   -0.0000 -----------------------
 | Etotal =0.12E+07   grad(E)=299.334    E(BOND)=230810.772 E(ANGL)=493466.823 |
 | E(VDW )=512275.237                                                          |
 -------------------------------------------------------------------------------
 NBONDS: found   693445 intra-atom interactions
 NBONDS: found   693090 intra-atom interactions
 NBONDS: found   693335 intra-atom interactions
 --------------- cycle=    30 ------ stepsize=    0.0000 -----------------------
 | Etotal =978951.902 grad(E)=241.264    E(BOND)=188173.125 E(ANGL)=357661.715 |
 | E(VDW )=433117.062                                                          |
 -------------------------------------------------------------------------------
 NBONDS: found   693194 intra-atom interactions
 NBONDS: found   693186 intra-atom interactions
 --------------- cycle=    40 ------ stepsize=    0.0000 -----------------------
 | Etotal =922898.253 grad(E)=230.499    E(BOND)=182894.099 E(ANGL)=327402.696 |
 | E(VDW )=412601.459                                                          |
 -------------------------------------------------------------------------------
 NBONDS: found   693337 intra-atom interactions
 NBONDS: found   693364 intra-atom interactions
 --------------- cycle=    50 ------ stepsize=    0.0000 -----------------------
 | Etotal =904049.846 grad(E)=226.272    E(BOND)=181498.272 E(ANGL)=317169.131 |
 | E(VDW )=405382.442                                                          |
 -------------------------------------------------------------------------------
 POWELL: STEP number limit. Normal termination
 POWELL: Current coordinates set to last minimum
 DCART: temperature coupling (TCOUpling) enabled
 -------------------------- Cartesian dynamics start ---------------------------
 | E(kin)+E(total)=0.36E+07        E(kin)=4206.369      temperature=306.109    |
 | Etotal =0.36E+07   grad(E)=576.776    E(BOND)=181498.272 E(ANGL)=317169.131 |
 | E(IMPR)=0.31E+07                                                            |
 -------------------------------------------------------------------------------
 ----------------- final step=       50 at      0.02500 ps ---------------------
 | E(kin)+E(total)=0.23E+07        E(kin)=436836.895    temperature=31789.779  |
 | Etotal =0.19E+07   grad(E)=324.405    E(BOND)=197123.863 E(ANGL)=857687.951 |
 | E(IMPR)=850866.575                                                          |
 -------------------------------------------------------------------------------
 CENMAS: Information about center of free masses
         position [A]          :     -0.64077      0.25965     -0.38787
         velocity [A/ps]       :      0.40396     -1.37508     -0.38538
         ang. mom. [amu A/ps]  : -92815.63146-500221.640222614460.49081
         kin. ener. [Kcal/mol] :    242.67917
 POWELL: number of degrees of freedom= 13830
 NBONDS: found   689777 intra-atom interactions
 NBONDS: found   689160 intra-atom interactions
 NBONDS: found   689492 intra-atom interactions
 NBONDS: found   690816 intra-atom interactions
 --------------- cycle=    10 ------ stepsize=   -0.0001 -----------------------
 | Etotal =0.20E+07   grad(E)=270.613    E(BOND)=231016.685 E(ANGL)=473510.694 |
 | E(IMPR)=808540.354 E(VDW )=507371.259                                       |
 -------------------------------------------------------------------------------
 NBONDS: found   691323 intra-atom interactions
 NBONDS: found   691637 intra-atom interactions
 NBONDS: found   691589 intra-atom interactions
 NBONDS: found   691804 intra-atom interactions
 --------------- cycle=    20 ------ stepsize=   -0.0002 -----------------------
 | Etotal =0.14E+07   grad(E)=155.081    E(BOND)=184120.297 E(ANGL)=198071.453 |
 | E(IMPR)=690360.532 E(VDW )=375126.702                                       |
 -------------------------------------------------------------------------------
 NBONDS: found   691998 intra-atom interactions
 NBONDS: found   691940 intra-atom interactions
 NBONDS: found   692046 intra-atom interactions
 --------------- cycle=    30 ------ stepsize=   -0.0002 -----------------------
 | Etotal =0.14E+07   grad(E)=124.046    E(BOND)=170032.516 E(ANGL)=161037.837 |
 | E(IMPR)=677894.893 E(VDW )=346927.845                                       |
 -------------------------------------------------------------------------------
 NBONDS: found   692042 intra-atom interactions
 NBONDS: found   692061 intra-atom interactions
 --------------- cycle=    40 ------ stepsize=    0.0000 -----------------------
 | Etotal =0.13E+07   grad(E)=121.132    E(BOND)=167666.388 E(ANGL)=150258.493 |
 | E(IMPR)=658741.790 E(VDW )=343228.419                                       |
 -------------------------------------------------------------------------------
 NBONDS: found   692162 intra-atom interactions
 NBONDS: found   692137 intra-atom interactions
 NBONDS: found   692029 intra-atom interactions
 --------------- cycle=    50 ------ stepsize=    0.0000 -----------------------
 | Etotal =0.13E+07   grad(E)=116.757    E(BOND)=166972.755 E(ANGL)=143321.762 |
 | E(IMPR)=648702.084 E(VDW )=338857.993                                       |
 -------------------------------------------------------------------------------
 POWELL: STEP number limit. Normal termination
 POWELL: Current coordinates set to last minimum
 DCART: temperature coupling (TCOUpling) enabled
 -------------------------- Cartesian dynamics start ---------------------------
 | E(kin)+E(total)=0.13E+07        E(kin)=4146.783      temperature=301.772    |
 | Etotal =0.13E+07   grad(E)=116.757    E(BOND)=166972.755 E(ANGL)=143321.762 |
 | E(IMPR)=648702.084 E(VDW )=338857.993                                       |
 -------------------------------------------------------------------------------
 NBONDS: found   692125 intra-atom interactions
 NBONDS: found   692087 intra-atom interactions
 NBONDS: found   692026 intra-atom interactions
 ----------------- final step=       50 at      0.02500 ps ---------------------
 | E(kin)+E(total)=0.13E+07        E(kin)=7330.619      temperature=533.469    |
 | Etotal =0.13E+07   grad(E)=119.626    E(BOND)=168918.116 E(ANGL)=141664.641 |
 | E(IMPR)=641246.963 E(VDW )=338296.761                                       |
 -------------------------------------------------------------------------------
 CENMAS: Information about center of free masses
         position [A]          :     -0.63143      0.23964     -0.38616
         velocity [A/ps]       :     -0.18105     -0.07892      0.07273
         ang. mom. [amu A/ps]  : -39336.99164  45654.29298 -80901.35365
         kin. ener. [Kcal/mol] :      4.88078
 %PARRDR-info: duplication of bond HC   NC2 
 %PARRDR-info: duplication of angle CH2E C    NH1 
 %PARRDR-info: duplication of angle CH2P CH2E HA  
 POWELL: number of degrees of freedom= 13830
 NBONDS: generating intra-molecular exclusion list with mode=-3
 MAKINB: mode  -3 found  15740 exclusions and      0 interactions(1-4)
 NBONDS: found   680891 intra-atom interactions
 NBONDS: found   682330 intra-atom interactions
 NBONDS: found   682515 intra-atom interactions
 NBONDS: found   682194 intra-atom interactions
 NBONDS: found   682562 intra-atom interactions
 NBONDS: found   682880 intra-atom interactions
 NBONDS: found   683215 intra-atom interactions
 --------------- cycle=    25 ------ stepsize=    0.0003 -----------------------
 | Etotal =316847.172 grad(E)=112.817    E(BOND)=24446.544  E(ANGL)=149450.190 |
 | E(IMPR)=140496.982 E(VDW )=2453.456                                         |
 -------------------------------------------------------------------------------
 NBONDS: found   683046 intra-atom interactions
 NBONDS: found   683103 intra-atom interactions
 NBONDS: found   683079 intra-atom interactions
 NBONDS: found   683323 intra-atom interactions
 NBONDS: found   683259 intra-atom interactions
 NBONDS: found   683330 intra-atom interactions
 NBONDS: found   683318 intra-atom interactions
 --------------- cycle=    50 ------ stepsize=    0.0000 -----------------------
 | Etotal =76067.506  grad(E)=44.008     E(BOND)=3636.864   E(ANGL)=35340.676  |
 | E(IMPR)=36010.970  E(VDW )=1078.997                                         |
 -------------------------------------------------------------------------------
 NBONDS: found   683317 intra-atom interactions
 NBONDS: found   683384 intra-atom interactions
 NBONDS: found   683378 intra-atom interactions
 NBONDS: found   683342 intra-atom interactions
 NBONDS: found   683402 intra-atom interactions
 NBONDS: found   683375 intra-atom interactions
 --------------- cycle=    75 ------ stepsize=    0.0006 -----------------------
 | Etotal =16337.177  grad(E)=22.640     E(BOND)=744.270    E(ANGL)=9799.958   |
 | E(IMPR)=5025.512   E(VDW )=767.437                                          |
 -------------------------------------------------------------------------------
 NBONDS: found   683403 intra-atom interactions
 NBONDS: found   683362 intra-atom interactions
 NBONDS: found   683402 intra-atom interactions
 NBONDS: found   683363 intra-atom interactions
 --------------- cycle=   100 ------ stepsize=    0.0001 -----------------------
 | Etotal =2051.628   grad(E)=6.193      E(BOND)=46.407     E(ANGL)=1225.883   |
 | E(IMPR)=112.493    E(VDW )=666.845                                          |
 -------------------------------------------------------------------------------
 POWELL: STEP number limit. Normal termination
 POWELL: Current coordinates set to last minimum
 DCART: temperature coupling (TCOUpling) enabled
 -------------------------- Cartesian dynamics start ---------------------------
 | E(kin)+E(total)=6132.078        E(kin)=4080.450      temperature=296.945    |
 | Etotal =2051.628   grad(E)=6.193      E(BOND)=46.407     E(ANGL)=1225.883   |
 | E(IMPR)=112.493    E(VDW )=666.845                                          |
 -------------------------------------------------------------------------------
 NBONDS: found   683376 intra-atom interactions
 NBONDS: found   683188 intra-atom interactions
 NBONDS: found   683223 intra-atom interactions
 NBONDS: found   683258 intra-atom interactions
 NBONDS: found   683241 intra-atom interactions
 NBONDS: found   683216 intra-atom interactions
 NBONDS: found   683295 intra-atom interactions
 NBONDS: found   683180 intra-atom interactions
 NBONDS: found   683211 intra-atom interactions
 NBONDS: found   683238 intra-atom interactions
 NBONDS: found   683224 intra-atom interactions
 NBONDS: found   683277 intra-atom interactions
 NBONDS: found   683293 intra-atom interactions
 NBONDS: found   683285 intra-atom interactions
 NBONDS: found   683255 intra-atom interactions
 NBONDS: found   683321 intra-atom interactions
 NBONDS: found   683364 intra-atom interactions
 NBONDS: found   683287 intra-atom interactions
 NBONDS: found   683319 intra-atom interactions
 ----------------- final step=      500 at      0.25000 ps ---------------------
 | E(kin)+E(total)=8674.791        E(kin)=4490.518      temperature=326.787    |
 | Etotal =4184.273   grad(E)=25.470     E(BOND)=744.027    E(ANGL)=2364.484   |
 | E(IMPR)=276.463    E(VDW )=799.299                                          |
 -------------------------------------------------------------------------------
 CENMAS: Information about center of free masses
         position [A]          :     -0.63064      0.23992     -0.38439
         velocity [A/ps]       :      0.03058      0.03407     -0.07206
         ang. mom. [amu A/ps]  : -55942.89913 156571.58363  40216.69180
         kin. ener. [Kcal/mol] :      0.80299
 EFLAGS: the following energy flags are set
 EFLAGS: BOND ANGL DIHE IMPR VDW 
 %PARRDR-info: duplication of bond HC   NC2 
 %PARRDR-info: duplication of angle CH2E C    NH1 
 %PARRDR-info: duplication of angle CH2P CH2E HA  
 POWELL: number of degrees of freedom= 13830
 NBONDS: generating intra-molecular exclusion list with mode=-3
 MAKINB: mode  -3 found  15740 exclusions and      0 interactions(1-4)
 NBONDS: found   683290 intra-atom interactions
 NBONDS: found   683181 intra-atom interactions
 NBONDS: found   683139 intra-atom interactions
 --------------- cycle=    50 ------ stepsize=    0.0012 -----------------------
 | Etotal =14102.600  grad(E)=13.806     E(BOND)=250.587    E(ANGL)=1193.310   |
 | E(DIHE)=210.051    E(IMPR)=105.797    E(VDW )=12342.855                     |
 -------------------------------------------------------------------------------
 NBONDS: found   683071 intra-atom interactions
 --------------- cycle=   100 ------ stepsize=    0.0010 -----------------------
 | Etotal =13702.052  grad(E)=13.474     E(BOND)=241.297    E(ANGL)=1175.549   |
 | E(DIHE)=171.564    E(IMPR)=95.921     E(VDW )=12017.721                     |
 -------------------------------------------------------------------------------
 --------------- cycle=   150 ------ stepsize=    0.0009 -----------------------
 | Etotal =13620.930  grad(E)=13.486     E(BOND)=240.430    E(ANGL)=1178.480   |
 | E(DIHE)=167.421    E(IMPR)=95.322     E(VDW )=11939.277                     |
 -------------------------------------------------------------------------------
 NBONDS: found   683093 intra-atom interactions
 --------------- cycle=   200 ------ stepsize=    0.0009 -----------------------
 | Etotal =13596.616  grad(E)=13.472     E(BOND)=240.049    E(ANGL)=1175.484   |
 | E(DIHE)=164.267    E(IMPR)=94.812     E(VDW )=11922.004                     |
 -------------------------------------------------------------------------------
 --------------- cycle=   250 ------ stepsize=    0.0009 -----------------------
 | Etotal =13590.729  grad(E)=13.475     E(BOND)=240.168    E(ANGL)=1175.156   |
 | E(DIHE)=163.792    E(IMPR)=95.044     E(VDW )=11916.568                     |
 -------------------------------------------------------------------------------
 --------------- cycle=   300 ------ stepsize=    0.0010 -----------------------
 | Etotal =13590.313  grad(E)=13.472     E(BOND)=240.078    E(ANGL)=1175.128   |
 | E(DIHE)=164.134    E(IMPR)=95.102     E(VDW )=11915.872                     |
 -------------------------------------------------------------------------------
 --------------- cycle=   350 ------ stepsize=    0.0006 -----------------------
 | Etotal =13589.501  grad(E)=13.470     E(BOND)=240.136    E(ANGL)=1175.162   |
 | E(DIHE)=163.424    E(IMPR)=95.090     E(VDW )=11915.689                     |
 -------------------------------------------------------------------------------
 --------------- cycle=   400 ------ stepsize=    0.0010 -----------------------
 | Etotal =13586.111  grad(E)=13.466     E(BOND)=240.201    E(ANGL)=1174.660   |
 | E(DIHE)=162.668    E(IMPR)=95.098     E(VDW )=11913.484                     |
 -------------------------------------------------------------------------------
 --------------- cycle=   450 ------ stepsize=    0.0009 -----------------------
 | Etotal =13585.976  grad(E)=13.468     E(BOND)=240.257    E(ANGL)=1174.688   |
 | E(DIHE)=162.610    E(IMPR)=95.074     E(VDW )=11913.346                     |
 -------------------------------------------------------------------------------
 --------------- cycle=   500 ------ stepsize=    0.0010 -----------------------
 | Etotal =13585.964  grad(E)=13.467     E(BOND)=240.251    E(ANGL)=1174.645   |
 | E(DIHE)=162.709    E(IMPR)=95.102     E(VDW )=11913.256                     |
 -------------------------------------------------------------------------------
 POWELL: STEP number limit. Normal termination
 POWELL: Current coordinates set to last minimum
 DCART: temperature coupling (TCOUpling) enabled
 -------------------------- Cartesian dynamics start ---------------------------
 | E(kin)+E(total)=17657.553       E(kin)=4071.589      temperature=296.300    |
 | Etotal =13585.964  grad(E)=13.467     E(BOND)=240.251    E(ANGL)=1174.645   |
 | E(DIHE)=162.709    E(IMPR)=95.102     E(VDW )=11913.256                     |
 -------------------------------------------------------------------------------
 NBONDS: found   683204 intra-atom interactions
 NBONDS: found   683147 intra-atom interactions
 NBONDS: found   683046 intra-atom interactions
 NBONDS: found   683142 intra-atom interactions
 NBONDS: found   683109 intra-atom interactions
 NBONDS: found   683127 intra-atom interactions
 NBONDS: found   683161 intra-atom interactions
 NBONDS: found   683160 intra-atom interactions
 ----------------- final step=      500 at      0.25000 ps ---------------------
 | E(kin)+E(total)=21844.145       E(kin)=4264.770      temperature=310.359    |
 | Etotal =17579.375  grad(E)=31.474     E(BOND)=1289.462   E(ANGL)=3411.639   |
 | E(DIHE)=176.127    E(IMPR)=453.535    E(VDW )=12248.612                     |
 -------------------------------------------------------------------------------
 CENMAS: Information about center of free masses
         position [A]          :     -0.63012      0.24034     -0.38459
         velocity [A/ps]       :     -0.08053     -0.03120      0.08287
         ang. mom. [amu A/ps]  :  29028.18286 -31146.46425  19274.39931
         kin. ener. [Kcal/mol] :      0.07956
 POWELL: number of degrees of freedom= 13830
 --------------- cycle=    50 ------ stepsize=    0.0010 -----------------------
 | Etotal =13596.056  grad(E)=13.465     E(BOND)=240.433    E(ANGL)=1174.050   |
 | E(DIHE)=162.447    E(IMPR)=95.706     E(VDW )=11923.420                     |
 -------------------------------------------------------------------------------
 --------------- cycle=   100 ------ stepsize=    0.0009 -----------------------
 | Etotal =13583.065  grad(E)=13.460     E(BOND)=240.288    E(ANGL)=1173.194   |
 | E(DIHE)=162.882    E(IMPR)=95.522     E(VDW )=11911.177                     |
 -------------------------------------------------------------------------------
 NBONDS: found   683150 intra-atom interactions
 --------------- cycle=   150 ------ stepsize=    0.0000 -----------------------
 | Etotal =13577.207  grad(E)=13.463     E(BOND)=240.116    E(ANGL)=1173.761   |
 | E(DIHE)=164.995    E(IMPR)=95.181     E(VDW )=11903.154                     |
 -------------------------------------------------------------------------------
 --------------- cycle=   200 ------ stepsize=    0.0001 -----------------------
 | Etotal =13576.525  grad(E)=13.462     E(BOND)=240.047    E(ANGL)=1173.708   |
 | E(DIHE)=165.076    E(IMPR)=95.140     E(VDW )=11902.553                     |
 -------------------------------------------------------------------------------
 --------------- cycle=   250 ------ stepsize=   -0.0002 -----------------------
 | Etotal =13576.521  grad(E)=13.463     E(BOND)=240.047    E(ANGL)=1173.742   |
 | E(DIHE)=165.064    E(IMPR)=95.143     E(VDW )=11902.526                     |
 -------------------------------------------------------------------------------
 --------------- cycle=   300 ------ stepsize=   -0.0002 -----------------------
 | Etotal =13576.521  grad(E)=13.463     E(BOND)=240.046    E(ANGL)=1173.752   |
 | E(DIHE)=165.051    E(IMPR)=95.142     E(VDW )=11902.530                     |
 -------------------------------------------------------------------------------
 --------------- cycle=   350 ------ stepsize=    0.0003 -----------------------
 | Etotal =13576.521  grad(E)=13.463     E(BOND)=240.047    E(ANGL)=1173.754   |
 | E(DIHE)=165.050    E(IMPR)=95.142     E(VDW )=11902.529                     |
 -------------------------------------------------------------------------------
 POWELL: Gradient converged. Normal termination
 POWELL: Current coordinates set to last minimum
 POWELL: number of degrees of freedom= 18375
 NBONDS: found   683014 intra-atom interactions
 --------------- cycle=     5 ------ stepsize=    0.0007 -----------------------
 | Etotal =13335.971  grad(E)=13.431     E(BOND)=237.871    E(ANGL)=1169.479   |
 | E(DIHE)=165.042    E(IMPR)=95.073     E(VDW )=11668.507                     |
 -------------------------------------------------------------------------------
 --------------- cycle=    10 ------ stepsize=    0.0011 -----------------------
 | Etotal =13325.597  grad(E)=13.435     E(BOND)=237.389    E(ANGL)=1171.013   |
 | E(DIHE)=165.132    E(IMPR)=95.161     E(VDW )=11656.902                     |
 -------------------------------------------------------------------------------
 --------------- cycle=    15 ------ stepsize=   -0.0004 -----------------------
 | Etotal =13321.648  grad(E)=13.423     E(BOND)=237.468    E(ANGL)=1169.814   |
 | E(DIHE)=165.176    E(IMPR)=94.928     E(VDW )=11654.263                     |
 -------------------------------------------------------------------------------
 --------------- cycle=    20 ------ stepsize=    0.0007 -----------------------
 | Etotal =13321.254  grad(E)=13.423     E(BOND)=237.469    E(ANGL)=1169.649   |
 | E(DIHE)=165.185    E(IMPR)=94.961     E(VDW )=11653.990                     |
 -------------------------------------------------------------------------------
 --------------- cycle=    25 ------ stepsize=    0.0013 -----------------------
 | Etotal =13321.091  grad(E)=13.423     E(BOND)=237.290    E(ANGL)=1169.787   |
 | E(DIHE)=165.220    E(IMPR)=94.939     E(VDW )=11653.856                     |
 -------------------------------------------------------------------------------
 --------------- cycle=    30 ------ stepsize=    0.0009 -----------------------
 | Etotal =13320.840  grad(E)=13.420     E(BOND)=237.340    E(ANGL)=1169.705   |
 | E(DIHE)=165.288    E(IMPR)=94.970     E(VDW )=11653.537                     |
 -------------------------------------------------------------------------------
 --------------- cycle=    35 ------ stepsize=    0.0002 -----------------------
 | Etotal =13320.779  grad(E)=13.422     E(BOND)=237.421    E(ANGL)=1169.742   |
 | E(DIHE)=165.312    E(IMPR)=94.932     E(VDW )=11653.372                     |
 -------------------------------------------------------------------------------
 --------------- cycle=    40 ------ stepsize=    0.0014 -----------------------
 | Etotal =13320.657  grad(E)=13.421     E(BOND)=237.394    E(ANGL)=1169.732   |
 | E(DIHE)=165.374    E(IMPR)=94.948     E(VDW )=11653.209                     |
 -------------------------------------------------------------------------------
 --------------- cycle=    45 ------ stepsize=    0.0001 -----------------------
 | Etotal =13320.627  grad(E)=13.421     E(BOND)=237.344    E(ANGL)=1169.840   |
 | E(DIHE)=165.387    E(IMPR)=94.951     E(VDW )=11653.106                     |
 -------------------------------------------------------------------------------
 --------------- cycle=    50 ------ stepsize=    0.0011 -----------------------
 | Etotal =13320.606  grad(E)=13.421     E(BOND)=237.337    E(ANGL)=1169.832   |
 | E(DIHE)=165.406    E(IMPR)=94.953     E(VDW )=11653.078                     |
 -------------------------------------------------------------------------------
 POWELL: STEP number limit. Normal termination
 POWELL: Current coordinates set to last minimum
 %PARRDR-info: duplication of bond HC   NC2 
 %PARRDR-info: duplication of angle CH2E C    NH1 
 %PARRDR-info: duplication of angle CH2P CH2E HA  
 POWELL: number of degrees of freedom= 18375
 NBONDS: generating intra-molecular exclusion list with mode= 5
 MAKINB: mode   5 found  17741 exclusions and  17871 interactions(1-4)
 NBONDS: found   905109 intra-atom interactions
 NBONDS: found   905283 intra-atom interactions
 --------------- cycle=    50 ------ stepsize=    0.0001 -----------------------
 | Etotal =46.626     grad(E)=5.631      E(BOND)=27.031     E(ANGL)=428.606    |
 | E(DIHE)=61.401     E(IMPR)=31.912     E(VDW )=-503.584   E(ELEC)=1.260      |
 -------------------------------------------------------------------------------
 POWELL: STEP number limit. Normal termination
 POWELL: Current coordinates set to last minimum
 --------------- cycle=     1 --------------------------------------------------
 | Etotal =46.626     grad(E)=5.631      E(BOND)=27.031     E(ANGL)=428.606    |
 | E(DIHE)=61.401     E(IMPR)=31.912     E(VDW )=-503.584   E(ELEC)=1.260      |
 -------------------------------------------------------------------------------
 SURFAC: half the sigma value being used for atomic radii.
 SURFAC: ACCEssible surface area
 SURFAC: ACCUracy= 0.07 RH2O=  1.40
         Z-grid=  0.32 number-of-Z-sections=  213
         measures-of-arc= 93771 and152108
 SURFAC: half the sigma value being used for atomic radii.
 SURFAC: ACCEssible surface area
 SURFAC: ACCUracy= 0.07 RH2O=  1.40
         Z-grid=  0.32 number-of-Z-sections=  136
         measures-of-arc= 25976 and 45779
 SURFAC: half the sigma value being used for atomic radii.
 SURFAC: ACCEssible surface area
 SURFAC: ACCUracy= 0.07 RH2O=  1.40
         Z-grid=  0.32 number-of-Z-sections=  213
         measures-of-arc=121707 and197902
 %PARRDR-info: duplication of bond HC   NC2 
 %PARRDR-info: duplication of angle CH2E C    NH1 
 %PARRDR-info: duplication of angle CH2P CH2E HA  
 NBONDS: generating intra-molecular exclusion list with mode= 5
 MAKINB: mode   5 found      0 exclusions and      0 interactions(1-4)
 NBONDS: found     1515 intra-atom interactions
 --------------- cycle=     2 --------------------------------------------------
 | Etotal =-10.036    grad(E)=0.134      E(VDW )=-6.812     E(ELEC)=-3.225     |
 -------------------------------------------------------------------------------
 NBONDS: generating intra-molecular exclusion list with mode= 5
 MAKINB: mode   5 found      0 exclusions and      0 interactions(1-4)
 NBONDS: found     1684 intra-atom interactions
 --------------- cycle=     3 --------------------------------------------------
 | Etotal =-15.000    grad(E)=0.144      E(VDW )=-4.742     E(ELEC)=-10.258    |
 -------------------------------------------------------------------------------
 NBONDS: generating intra-molecular exclusion list with mode= 5
 MAKINB: mode   5 found      0 exclusions and      0 interactions(1-4)
 NBONDS: found     1234 intra-atom interactions
 --------------- cycle=     4 --------------------------------------------------
 | Etotal =-3.700     grad(E)=0.030      E(VDW )=-3.502     E(ELEC)=-0.198     |
 -------------------------------------------------------------------------------
 NBONDS: generating intra-molecular exclusion list with mode= 5
 MAKINB: mode   5 found      0 exclusions and      0 interactions(1-4)
 NBONDS: found     1275 intra-atom interactions
 --------------- cycle=     5 --------------------------------------------------
 | Etotal =-78.638    grad(E)=0.333      E(VDW )=0.292      E(ELEC)=-78.930    |
 -------------------------------------------------------------------------------
 NBONDS: generating intra-molecular exclusion list with mode= 5
 MAKINB: mode   5 found      0 exclusions and      0 interactions(1-4)
 NBONDS: found     2822 intra-atom interactions
 --------------- cycle=     6 --------------------------------------------------
 | Etotal =-30.777    grad(E)=0.380      E(VDW )=-3.207     E(ELEC)=-27.571    |
 -------------------------------------------------------------------------------
 NBONDS: generating intra-molecular exclusion list with mode= 5
 MAKINB: mode   5 found      0 exclusions and      0 interactions(1-4)
 NBONDS: found     2117 intra-atom interactions
 --------------- cycle=     7 --------------------------------------------------
 | Etotal =10.968     grad(E)=0.172      E(VDW )=-5.246     E(ELEC)=16.214     |
 -------------------------------------------------------------------------------
 NBONDS: generating intra-molecular exclusion list with mode= 5
 MAKINB: mode   5 found      0 exclusions and      0 interactions(1-4)
 NBONDS: found     1041 intra-atom interactions
 --------------- cycle=     8 --------------------------------------------------
 | Etotal =-34.281    grad(E)=0.326      E(VDW )=-1.207     E(ELEC)=-33.074    |
 -------------------------------------------------------------------------------
 NBONDS: generating intra-molecular exclusion list with mode= 5
 MAKINB: mode   5 found      0 exclusions and      0 interactions(1-4)
 NBONDS: found      741 intra-atom interactions
 --------------- cycle=     9 --------------------------------------------------
 | Etotal =-21.254    grad(E)=0.302      E(VDW )=-0.028     E(ELEC)=-21.226    |
 -------------------------------------------------------------------------------
 NBONDS: generating intra-molecular exclusion list with mode= 5
 MAKINB: mode   5 found      0 exclusions and      0 interactions(1-4)
 NBONDS: found     1108 intra-atom interactions
 --------------- cycle=    10 --------------------------------------------------
 | Etotal =-31.408    grad(E)=0.397      E(VDW )=-1.137     E(ELEC)=-30.271    |
 -------------------------------------------------------------------------------
 NBONDS: generating intra-molecular exclusion list with mode= 5
 MAKINB: mode   5 found      0 exclusions and      0 interactions(1-4)
 NBONDS: found     1475 intra-atom interactions
 --------------- cycle=    11 --------------------------------------------------
 | Etotal =-3.263     grad(E)=0.065      E(VDW )=-5.597     E(ELEC)=2.334      |
 -------------------------------------------------------------------------------
 NBONDS: generating intra-molecular exclusion list with mode= 5
 MAKINB: mode   5 found      0 exclusions and      0 interactions(1-4)
 NBONDS: found      484 intra-atom interactions
 --------------- cycle=    12 --------------------------------------------------
 | Etotal =2.462      grad(E)=0.044      E(VDW )=-0.959     E(ELEC)=3.421      |
 -------------------------------------------------------------------------------
 NBONDS: generating intra-molecular exclusion list with mode= 5
 MAKINB: mode   5 found      0 exclusions and      0 interactions(1-4)
 NBONDS: found      769 intra-atom interactions
 --------------- cycle=    13 --------------------------------------------------
 | Etotal =-0.871     grad(E)=0.007      E(VDW )=-0.780     E(ELEC)=-0.091     |
 -------------------------------------------------------------------------------
 NBONDS: generating intra-molecular exclusion list with mode= 5
 MAKINB: mode   5 found      0 exclusions and      0 interactions(1-4)
 NBONDS: found      695 intra-atom interactions
 --------------- cycle=    14 --------------------------------------------------
 | Etotal =-2.534     grad(E)=0.023      E(VDW )=-2.242     E(ELEC)=-0.292     |
 -------------------------------------------------------------------------------
 NBONDS: generating intra-molecular exclusion list with mode= 5
 MAKINB: mode   5 found      0 exclusions and      0 interactions(1-4)
 NBONDS: found      355 intra-atom interactions
 --------------- cycle=    15 --------------------------------------------------
 | Etotal =-1.399     grad(E)=0.023      E(VDW )=-1.093     E(ELEC)=-0.306     |
 -------------------------------------------------------------------------------
 NBONDS: generating intra-molecular exclusion list with mode= 5
 MAKINB: mode   5 found      0 exclusions and      0 interactions(1-4)
 NBONDS: found      683 intra-atom interactions
 --------------- cycle=    16 --------------------------------------------------
 | Etotal =-3.562     grad(E)=0.032      E(VDW )=-2.275     E(ELEC)=-1.287     |
 -------------------------------------------------------------------------------
 NBONDS: generating intra-molecular exclusion list with mode= 5
 MAKINB: mode   5 found      0 exclusions and      0 interactions(1-4)
 NBONDS: found      610 intra-atom interactions
 --------------- cycle=    17 --------------------------------------------------
 | Etotal =-7.676     grad(E)=0.074      E(VDW )=-1.460     E(ELEC)=-6.216     |
 -------------------------------------------------------------------------------
 NBONDS: generating intra-molecular exclusion list with mode= 5
 MAKINB: mode   5 found      0 exclusions and      0 interactions(1-4)
 NBONDS: found      312 intra-atom interactions
 --------------- cycle=    18 --------------------------------------------------
 | Etotal =-2.019     grad(E)=0.026      E(VDW )=-0.806     E(ELEC)=-1.213     |
 -------------------------------------------------------------------------------
 NBONDS: generating intra-molecular exclusion list with mode= 5
 MAKINB: mode   5 found      0 exclusions and      0 interactions(1-4)
 NBONDS: found     3039 intra-atom interactions
 --------------- cycle=    19 --------------------------------------------------
 | Etotal =-34.941    grad(E)=0.321      E(VDW )=-11.473    E(ELEC)=-23.467    |
 -------------------------------------------------------------------------------
 NBONDS: generating intra-molecular exclusion list with mode= 5
 MAKINB: mode   5 found      0 exclusions and      0 interactions(1-4)
 NBONDS: found      471 intra-atom interactions
 --------------- cycle=    20 --------------------------------------------------
 | Etotal =-4.051     grad(E)=0.038      E(VDW )=-1.099     E(ELEC)=-2.951     |
 -------------------------------------------------------------------------------
 NBONDS: generating intra-molecular exclusion list with mode= 5
 MAKINB: mode   5 found      0 exclusions and      0 interactions(1-4)
 NBONDS: found      760 intra-atom interactions
 --------------- cycle=    21 --------------------------------------------------
 | Etotal =4.347      grad(E)=0.108      E(VDW )=-2.765     E(ELEC)=7.112      |
 -------------------------------------------------------------------------------
 NBONDS: generating intra-molecular exclusion list with mode= 5
 MAKINB: mode   5 found      0 exclusions and      0 interactions(1-4)
 NBONDS: found      464 intra-atom interactions
 --------------- cycle=    22 --------------------------------------------------
 | Etotal =-4.384     grad(E)=0.066      E(VDW )=-0.570     E(ELEC)=-3.814     |
 -------------------------------------------------------------------------------
 NBONDS: generating intra-molecular exclusion list with mode= 5
 MAKINB: mode   5 found      0 exclusions and      0 interactions(1-4)
 NBONDS: found      704 intra-atom interactions
 --------------- cycle=    23 --------------------------------------------------
 | Etotal =-72.683    grad(E)=0.329      E(VDW )=2.953      E(ELEC)=-75.636    |
 -------------------------------------------------------------------------------
 NBONDS: generating intra-molecular exclusion list with mode= 5
 MAKINB: mode   5 found      0 exclusions and      0 interactions(1-4)
 NBONDS: found      831 intra-atom interactions
 --------------- cycle=    24 --------------------------------------------------
 | Etotal =-13.468    grad(E)=0.287      E(VDW )=0.635      E(ELEC)=-14.103    |
 -------------------------------------------------------------------------------
 NBONDS: generating intra-molecular exclusion list with mode= 5
 MAKINB: mode   5 found      0 exclusions and      0 interactions(1-4)
 NBONDS: found      731 intra-atom interactions
 --------------- cycle=    25 --------------------------------------------------
 | Etotal =-12.208    grad(E)=0.107      E(VDW )=-1.870     E(ELEC)=-10.337    |
 -------------------------------------------------------------------------------
 NBONDS: generating intra-molecular exclusion list with mode= 5
 MAKINB: mode   5 found      0 exclusions and      0 interactions(1-4)
 NBONDS: found     1584 intra-atom interactions
 --------------- cycle=    26 --------------------------------------------------
 | Etotal =0.460      grad(E)=0.071      E(VDW )=-4.931     E(ELEC)=5.392      |
 -------------------------------------------------------------------------------
 NBONDS: generating intra-molecular exclusion list with mode= 5
 MAKINB: mode   5 found      0 exclusions and      0 interactions(1-4)
 NBONDS: found     1479 intra-atom interactions
 --------------- cycle=    27 --------------------------------------------------
 | Etotal =0.582      grad(E)=0.223      E(VDW )=-1.684     E(ELEC)=2.266      |
 -------------------------------------------------------------------------------
 NBONDS: generating intra-molecular exclusion list with mode= 5
 MAKINB: mode   5 found      0 exclusions and      0 interactions(1-4)
 NBONDS: found      760 intra-atom interactions
 --------------- cycle=    28 --------------------------------------------------
 | Etotal =-0.464     grad(E)=0.038      E(VDW )=-1.190     E(ELEC)=0.726      |
 -------------------------------------------------------------------------------
 NBONDS: generating intra-molecular exclusion list with mode= 5
 MAKINB: mode   5 found      0 exclusions and      0 interactions(1-4)
 NBONDS: found      852 intra-atom interactions
 --------------- cycle=    29 --------------------------------------------------
 | Etotal =-7.942     grad(E)=0.075      E(VDW )=-3.119     E(ELEC)=-4.824     |
 -------------------------------------------------------------------------------
 NBONDS: generating intra-molecular exclusion list with mode= 5
 MAKINB: mode   5 found      0 exclusions and      0 interactions(1-4)
 NBONDS: found      369 intra-atom interactions
 --------------- cycle=    30 --------------------------------------------------
 | Etotal =-1.941     grad(E)=0.033      E(VDW )=-0.956     E(ELEC)=-0.985     |
 -------------------------------------------------------------------------------
 NBONDS: generating intra-molecular exclusion list with mode= 5
 MAKINB: mode   5 found      0 exclusions and      0 interactions(1-4)
 NBONDS: found      196 intra-atom interactions
 --------------- cycle=    31 --------------------------------------------------
 | Etotal =0.393      grad(E)=0.029      E(VDW )=-0.211     E(ELEC)=0.604      |
 -------------------------------------------------------------------------------
 NBONDS: generating intra-molecular exclusion list with mode= 5
 MAKINB: mode   5 found      0 exclusions and      0 interactions(1-4)
 NBONDS: found      324 intra-atom interactions
 --------------- cycle=    32 --------------------------------------------------
 | Etotal =-1.097     grad(E)=0.018      E(VDW )=-0.663     E(ELEC)=-0.433     |
 -------------------------------------------------------------------------------
 NBONDS: generating intra-molecular exclusion list with mode= 5
 MAKINB: mode   5 found      0 exclusions and      0 interactions(1-4)
 NBONDS: found     1656 intra-atom interactions
 --------------- cycle=    33 --------------------------------------------------
 | Etotal =-6.199     grad(E)=0.033      E(VDW )=-4.600     E(ELEC)=-1.599     |
 -------------------------------------------------------------------------------
 NBONDS: generating intra-molecular exclusion list with mode= 5
 MAKINB: mode   5 found      0 exclusions and      0 interactions(1-4)
 NBONDS: found     1087 intra-atom interactions
 --------------- cycle=    34 --------------------------------------------------
 | Etotal =-3.768     grad(E)=0.090      E(VDW )=-2.776     E(ELEC)=-0.992     |
 -------------------------------------------------------------------------------
 NBONDS: generating intra-molecular exclusion list with mode= 5
 MAKINB: mode   5 found      0 exclusions and      0 interactions(1-4)
 NBONDS: found     2065 intra-atom interactions
 --------------- cycle=    35 --------------------------------------------------
 | Etotal =-7.741     grad(E)=0.168      E(VDW )=-7.407     E(ELEC)=-0.335     |
 -------------------------------------------------------------------------------
 NBONDS: generating intra-molecular exclusion list with mode= 5
 MAKINB: mode   5 found      0 exclusions and      0 interactions(1-4)
 NBONDS: found      343 intra-atom interactions
 --------------- cycle=    36 --------------------------------------------------
 | Etotal =-9.891     grad(E)=0.143      E(VDW )=-1.404     E(ELEC)=-8.487     |
 -------------------------------------------------------------------------------
 NBONDS: generating intra-molecular exclusion list with mode= 5
 MAKINB: mode   5 found      0 exclusions and      0 interactions(1-4)
 NBONDS: found     1282 intra-atom interactions
 --------------- cycle=    37 --------------------------------------------------
 | Etotal =-50.623    grad(E)=0.451      E(VDW )=-1.356     E(ELEC)=-49.267    |
 -------------------------------------------------------------------------------
 NBONDS: generating intra-molecular exclusion list with mode= 5
 MAKINB: mode   5 found      0 exclusions and      0 interactions(1-4)
 NBONDS: found      596 intra-atom interactions
 --------------- cycle=    38 --------------------------------------------------
 | Etotal =-6.155     grad(E)=0.127      E(VDW )=-0.820     E(ELEC)=-5.335     |
 -------------------------------------------------------------------------------
 NBONDS: generating intra-molecular exclusion list with mode= 5
 MAKINB: mode   5 found      0 exclusions and      0 interactions(1-4)
 NBONDS: found      538 intra-atom interactions
 --------------- cycle=    39 --------------------------------------------------
 | Etotal =-1.975     grad(E)=0.052      E(VDW )=-0.509     E(ELEC)=-1.466     |
 -------------------------------------------------------------------------------
 NBONDS: generating intra-molecular exclusion list with mode= 5
 MAKINB: mode   5 found      0 exclusions and      0 interactions(1-4)
 NBONDS: found      428 intra-atom interactions
 --------------- cycle=    40 --------------------------------------------------
 | Etotal =-16.954    grad(E)=0.114      E(VDW )=-1.552     E(ELEC)=-15.402    |
 -------------------------------------------------------------------------------
 NBONDS: generating intra-molecular exclusion list with mode= 5
 MAKINB: mode   5 found      0 exclusions and      0 interactions(1-4)
 NBONDS: found      357 intra-atom interactions
 --------------- cycle=    41 --------------------------------------------------
 | Etotal =0.912      grad(E)=0.044      E(VDW )=-0.427     E(ELEC)=1.339      |
 -------------------------------------------------------------------------------
 NBONDS: generating intra-molecular exclusion list with mode= 5
 MAKINB: mode   5 found      0 exclusions and      0 interactions(1-4)
 NBONDS: found     1471 intra-atom interactions
 --------------- cycle=    42 --------------------------------------------------
 | Etotal =-12.897    grad(E)=0.163      E(VDW )=-5.405     E(ELEC)=-7.492     |
 -------------------------------------------------------------------------------
 NBONDS: generating intra-molecular exclusion list with mode= 5
 MAKINB: mode   5 found      0 exclusions and      0 interactions(1-4)
 NBONDS: found     1984 intra-atom interactions
 --------------- cycle=    43 --------------------------------------------------
 | Etotal =-2.219     grad(E)=0.089      E(VDW )=-5.360     E(ELEC)=3.141      |
 -------------------------------------------------------------------------------
 NBONDS: generating intra-molecular exclusion list with mode= 5
 MAKINB: mode   5 found      0 exclusions and      0 interactions(1-4)
 NBONDS: found     1292 intra-atom interactions
 --------------- cycle=    44 --------------------------------------------------
 | Etotal =-6.765     grad(E)=0.148      E(VDW )=-4.418     E(ELEC)=-2.347     |
 -------------------------------------------------------------------------------
 NBONDS: generating intra-molecular exclusion list with mode= 5
 MAKINB: mode   5 found      0 exclusions and      0 interactions(1-4)
 NBONDS: found      866 intra-atom interactions
 --------------- cycle=    45 --------------------------------------------------
 | Etotal =-6.863     grad(E)=0.063      E(VDW )=-2.592     E(ELEC)=-4.271     |
 -------------------------------------------------------------------------------
 NBONDS: generating intra-molecular exclusion list with mode= 5
 MAKINB: mode   5 found      0 exclusions and      0 interactions(1-4)
 NBONDS: found      928 intra-atom interactions
 --------------- cycle=    46 --------------------------------------------------
 | Etotal =-4.760     grad(E)=0.045      E(VDW )=-1.555     E(ELEC)=-3.206     |
 -------------------------------------------------------------------------------
 NBONDS: generating intra-molecular exclusion list with mode= 5
 MAKINB: mode   5 found      0 exclusions and      0 interactions(1-4)
 NBONDS: found     2024 intra-atom interactions
 --------------- cycle=    47 --------------------------------------------------
 | Etotal =-29.576    grad(E)=0.269      E(VDW )=-6.550     E(ELEC)=-23.026    |
 -------------------------------------------------------------------------------
 HEAP: maximum use      =    22671984 current use      =       96000 bytes
 HEAP: maximum overhead =        2816 current overhead =         752 bytes
          ============================================================
           Maximum dynamic memory allocation:    22671984 bytes
           Maximum dynamic memory overhead:          2816 bytes
           Program started at: 15:55:53 on 08-May-2020
           Program stopped at: 15:56:18 on 08-May-2020
           CPU time used:      24.4219 seconds
          ============================================================
