          ============================================================
          |                                                          |
          |            Crystallography & NMR System (CNS)            |
          |                         CNSsolve                         |
          |                                                          |
          ============================================================
           Version: 1.3 at patch level U
           Status: Special UU release with Rg and paramagnetic
                   restraints (A. Bonvin, UU 2011)
          ============================================================
           Written by: A.T.Brunger, P.D.Adams, G.M.Clore, W.L.DeLano,
                       P.Gros, R.W.Grosse-Kunstleve,J.-S.Jiang,J.M.Krahn,
                       J.Kuszewski, M.Nilges, N.S.Pannu, R.J.Read,
                       L.M.Rice, G.F.Schroeder, T.Simonson, G.L.Warren.
           Copyright (c) 1997-2010 Yale University
          ============================================================
           Running on machine: hostname unknown (x86_64/Linux,64-bit)
           Program started by: joaor
           Program started at: 19:48:59 on 10-Jun-2020
          ============================================================

 FFT3C: Using FFTPACK4.1

 CNSsolve>! 
 CNSsolve>! Calculates pairwise energies between residues 
 CNSsolve>! Will only rebuild hydrogen atoms 
 CNSsolve>! 
 CNSsolve>! Adapted from HADDOCK protocols here and there. 
 CNSsolve>! JR & AMJJB @ 2020 
 CNSsolve>! 
 CNSsolve>define( 
 DEFINE>    {===>} auto_break=true; 
 DEFINE>    {===>} break_cutoff=2.5; 
 DEFINE>    {===>} dnaauto_break=true; 
 DEFINE>    {===>} dbreak_cutoff=4.5; 
 DEFINE>    {===>} auto_cispro=true; 
 DEFINE>    {===>} auto_disu=true; 
 DEFINE>    {===>} disulphide_dist=3.0; 
 DEFINE>    {===>} glyco_dist=2.75; 
 DEFINE>    {===>} coorin="molecule.pdb"; 
 DEFINE>    {===>} icutoff=5.0; 
 DEFINE>) 
 CNSsolve> 
 CNSsolve>! Mute (most) output 
 CNSsolve>set message=on echo=off end 
 ASSFIL: file merged.param opened.
 MESSage=NORM
 EVALUATE: symbol $OLD_MESSAGE set to "NORM" (string)
 ECHO=FALSe {OFF}
 EVALUATE: symbol $OLD_ECHO set to FALSE (logical)
 %PARRDR-info: duplication of bond HC   NC2 
 %PARRDR-info: duplication of angle CH2E C    NH1 
 %PARRDR-info: duplication of angle CH2P CH2E HA  
 ASSFIL: file merged.top opened.
 MESSage=NORM
 EVALUATE: symbol $OLD_MESSAGE set to "NORM" (string)
 ECHO=FALSe {OFF}
 EVALUATE: symbol $OLD_ECHO set to FALSE (logical)
 %RTFIO-warning: undefined masses in residue CYC 
 %RTFIO error encountered: there are undefined masses.
   (CNS is in mode: SET ABORT=NORMal END)
 MESSage=NORM
 EVALUATE: symbol $OLD_MESSAGE set to "NORM" (string)
 ECHO=FALSe {OFF}
 EVALUATE: symbol $OLD_ECHO set to FALSE (logical)
 ASSFIL: file protein_break.top opened.
 %RTFRDR-ERR: duplicate (P-)RESIdue name DPEP
 %RTFRDR-ERR: duplicate (P-)RESIdue name DPPP
 RTFRDR> 
 RTFRDR>end 
 CNSsolve> 
 CNSsolve>! Reset output muting 
 CNSsolve>set message=off echo=off end 
FOUND 5 NAG:ASN pairs
NAG:ASN bond added from   B    901  to   B    53  
NAG:ASN bond added from   B    903  to   B    90  
NAG:ASN bond added from   B    907  to   B    322 
NAG:ASN bond added from   B    910  to   B    546 
NAG:ASN bond added from   E    1401 to   E    343 
FOUND 5 NAG:NAG pairs
NAG:NAG B14 bond added from   B    902  to   B    901 
NAG:NAG B14 bond added from   B    904  to   B    903 
NAG:NAG B14 bond added from   B    911  to   B    910 
NAG:NAG B14 bond added from   E    1402 to   E    1401
NAG:NAG B14 bond added from   E    1403 to   E    1402
 %PARRDR-info: duplication of bond HC   NC2 
 %PARRDR-info: duplication of angle CH2E C    NH1 
 %PARRDR-info: duplication of angle CH2P CH2E HA  
 POWELL: number of degrees of freedom= 13767
 NBONDS: generating intra-molecular exclusion list with mode=-2
 MAKINB: mode  -2 found   4589 exclusions and      0 interactions(1-4)
 %atoms "B   -78  -LYS -HG2 " and "B   -78  -LYS -HE2 " only  0.10 A apart
 %atoms "B   -351 -LEU -HD21" and "B   -351 -LEU -HD23" only  0.05 A apart
 %atoms "B   -417 -HIS -HA  " and "B   -417 -HIS -HE1 " only  0.05 A apart
 %atoms "B   -534 -LYS -HG1 " and "B   -534 -LYS -HE1 " only  0.09 A apart
 %atoms "E   -390 -LEU -HA  " and "E   -390 -LEU -HD13" only  0.09 A apart
 %atoms "E   -510 -VAL -HG13" and "E   -510 -VAL -HG23" only  0.08 A apart
 NBONDS: found   697063 intra-atom interactions
 NBONDS: found        6 nonbonded violations
 %atoms "B   -41  -TYR -HB1 " and "B   -41  -TYR -HD1 " only  0.01 A apart
 %atoms "E   -517 -LEU -CB  " and "E   -517 -LEU -HG  " only  0.06 A apart
 NBONDS: found   695816 intra-atom interactions
 NBONDS: found        2 nonbonded violations
 %atoms "B   -253 -PRO -HG2 " and "B   -253 -PRO -HD2 " only  0.09 A apart
 NBONDS: found   691983 intra-atom interactions
 NBONDS: found        1 nonbonded violations
 NBONDS: found   688036 intra-atom interactions
 --------------- cycle=    10 ------ stepsize=   -0.0000 -----------------------
 | Etotal =0.33E+07   grad(E)=572.790    E(BOND)=470703.402 E(ANGL)=0.16E+07   |
 | E(VDW )=0.13E+07                                                            |
 -------------------------------------------------------------------------------
 NBONDS: found   686899 intra-atom interactions
 NBONDS: found   687977 intra-atom interactions
 NBONDS: found   688965 intra-atom interactions
 NBONDS: found   689091 intra-atom interactions
 --------------- cycle=    20 ------ stepsize=   -0.0000 -----------------------
 | Etotal =0.12E+07   grad(E)=294.232    E(BOND)=230827.680 E(ANGL)=476315.218 |
 | E(VDW )=492819.117                                                          |
 -------------------------------------------------------------------------------
 NBONDS: found   688800 intra-atom interactions
 NBONDS: found   688988 intra-atom interactions
 NBONDS: found   689049 intra-atom interactions
 --------------- cycle=    30 ------ stepsize=   -0.0001 -----------------------
 | Etotal =962309.765 grad(E)=236.842    E(BOND)=189996.432 E(ANGL)=348693.892 |
 | E(VDW )=423619.440                                                          |
 -------------------------------------------------------------------------------
 NBONDS: found   689108 intra-atom interactions
 NBONDS: found   689007 intra-atom interactions
 --------------- cycle=    40 ------ stepsize=   -0.0000 -----------------------
 | Etotal =915623.627 grad(E)=225.366    E(BOND)=182549.975 E(ANGL)=323265.967 |
 | E(VDW )=409807.685                                                          |
 -------------------------------------------------------------------------------
 NBONDS: found   689027 intra-atom interactions
 NBONDS: found   689032 intra-atom interactions
 NBONDS: found   689034 intra-atom interactions
 --------------- cycle=    50 ------ stepsize=   -0.0000 -----------------------
 | Etotal =895072.660 grad(E)=223.094    E(BOND)=181291.115 E(ANGL)=311297.170 |
 | E(VDW )=402484.375                                                          |
 -------------------------------------------------------------------------------
 POWELL: STEP number limit. Normal termination
 POWELL: Current coordinates set to last minimum
 DCART: temperature coupling (TCOUpling) enabled
 -------------------------- Cartesian dynamics start ---------------------------
 | E(kin)+E(total)=0.34E+07        E(kin)=4213.420      temperature=308.025    |
 | Etotal =0.34E+07   grad(E)=576.632    E(BOND)=181291.115 E(ANGL)=311297.170 |
 | E(IMPR)=0.29E+07                                                            |
 -------------------------------------------------------------------------------
 ----------------- final step=       50 at      0.02500 ps ---------------------
 | E(kin)+E(total)=0.22E+07        E(kin)=427121.014    temperature=31224.969  |
 | Etotal =0.18E+07   grad(E)=316.287    E(BOND)=189075.021 E(ANGL)=803383.563 |
 | E(IMPR)=790260.242                                                          |
 -------------------------------------------------------------------------------
 CENMAS: Information about center of free masses
         position [A]          :     -0.71909     -0.05239     -0.35494
         velocity [A/ps]       :      0.26799     -0.00978      0.03955
         ang. mom. [amu A/ps]  :   8065.18649 242300.67535*************
         kin. ener. [Kcal/mol] :      8.05936
 POWELL: number of degrees of freedom= 13767
 NBONDS: found   687081 intra-atom interactions
 NBONDS: found   685965 intra-atom interactions
 NBONDS: found   685782 intra-atom interactions
 NBONDS: found   686547 intra-atom interactions
 --------------- cycle=    10 ------ stepsize=   -0.0001 -----------------------
 | Etotal =0.19E+07   grad(E)=284.253    E(BOND)=241739.064 E(ANGL)=476284.095 |
 | E(IMPR)=707573.838 E(VDW )=499734.982                                       |
 -------------------------------------------------------------------------------
 NBONDS: found   687272 intra-atom interactions
 NBONDS: found   687685 intra-atom interactions
 NBONDS: found   687814 intra-atom interactions
 NBONDS: found   688043 intra-atom interactions
 NBONDS: found   687950 intra-atom interactions
 --------------- cycle=    20 ------ stepsize=   -0.0000 -----------------------
 | Etotal =0.13E+07   grad(E)=149.243    E(BOND)=181066.305 E(ANGL)=167080.342 |
 | E(IMPR)=563142.336 E(VDW )=356500.524                                       |
 -------------------------------------------------------------------------------
 NBONDS: found   688070 intra-atom interactions
 NBONDS: found   688118 intra-atom interactions
 NBONDS: found   688145 intra-atom interactions
 NBONDS: found   688210 intra-atom interactions
 --------------- cycle=    30 ------ stepsize=   -0.0002 -----------------------
 | Etotal =0.12E+07   grad(E)=115.916    E(BOND)=168373.664 E(ANGL)=132129.994 |
 | E(IMPR)=547273.280 E(VDW )=332548.199                                       |
 -------------------------------------------------------------------------------
 NBONDS: found   688200 intra-atom interactions
 --------------- cycle=    40 ------ stepsize=    0.0000 -----------------------
 | Etotal =0.12E+07   grad(E)=111.066    E(BOND)=164892.879 E(ANGL)=126757.890 |
 | E(IMPR)=541375.790 E(VDW )=329037.435                                       |
 -------------------------------------------------------------------------------
 NBONDS: found   688090 intra-atom interactions
 NBONDS: found   688278 intra-atom interactions
 NBONDS: found   688322 intra-atom interactions
 NBONDS: found   688286 intra-atom interactions
 NBONDS: found   688314 intra-atom interactions
 --------------- cycle=    50 ------ stepsize=    0.0004 -----------------------
 | Etotal =0.12E+07   grad(E)=109.224    E(BOND)=164847.279 E(ANGL)=124562.808 |
 | E(IMPR)=537187.201 E(VDW )=326715.191                                       |
 -------------------------------------------------------------------------------
 POWELL: STEP number limit. Normal termination
 POWELL: Current coordinates set to last minimum
 DCART: temperature coupling (TCOUpling) enabled
 -------------------------- Cartesian dynamics start ---------------------------
 | E(kin)+E(total)=0.12E+07        E(kin)=4166.987      temperature=304.630    |
 | Etotal =0.12E+07   grad(E)=109.224    E(BOND)=164847.279 E(ANGL)=124562.808 |
 | E(IMPR)=537187.201 E(VDW )=326715.191                                       |
 -------------------------------------------------------------------------------
 NBONDS: found   688226 intra-atom interactions
 NBONDS: found   688261 intra-atom interactions
 NBONDS: found   688170 intra-atom interactions
 ----------------- final step=       50 at      0.02500 ps ---------------------
 | E(kin)+E(total)=0.12E+07        E(kin)=6483.128      temperature=473.953    |
 | Etotal =0.11E+07   grad(E)=112.874    E(BOND)=165874.705 E(ANGL)=122420.446 |
 | E(IMPR)=533219.740 E(VDW )=325703.698                                       |
 -------------------------------------------------------------------------------
 CENMAS: Information about center of free masses
         position [A]          :     -0.71745     -0.05384     -0.35584
         velocity [A/ps]       :     -0.04860      0.01994      0.05305
         ang. mom. [amu A/ps]  :  22542.74363-284015.31354-116550.81703
         kin. ener. [Kcal/mol] :      0.61125
 %PARRDR-info: duplication of bond HC   NC2 
 %PARRDR-info: duplication of angle CH2E C    NH1 
 %PARRDR-info: duplication of angle CH2P CH2E HA  
 POWELL: number of degrees of freedom= 13767
 NBONDS: generating intra-molecular exclusion list with mode=-3
 MAKINB: mode  -3 found  15676 exclusions and      0 interactions(1-4)
 NBONDS: found   677130 intra-atom interactions
 NBONDS: found   679037 intra-atom interactions
 NBONDS: found   679093 intra-atom interactions
 NBONDS: found   679088 intra-atom interactions
 NBONDS: found   679441 intra-atom interactions
 NBONDS: found   679610 intra-atom interactions
 NBONDS: found   679496 intra-atom interactions
 --------------- cycle=    25 ------ stepsize=    0.0002 -----------------------
 | Etotal =271506.039 grad(E)=107.364    E(BOND)=22419.664  E(ANGL)=127943.762 |
 | E(IMPR)=119163.041 E(VDW )=1979.573                                         |
 -------------------------------------------------------------------------------
 NBONDS: found   679738 intra-atom interactions
 NBONDS: found   679463 intra-atom interactions
 NBONDS: found   679548 intra-atom interactions
 NBONDS: found   679512 intra-atom interactions
 NBONDS: found   679341 intra-atom interactions
 NBONDS: found   679492 intra-atom interactions
 NBONDS: found   679379 intra-atom interactions
 --------------- cycle=    50 ------ stepsize=    0.0000 -----------------------
 | Etotal =65015.312  grad(E)=38.963     E(BOND)=2941.967   E(ANGL)=29737.433  |
 | E(IMPR)=31565.420  E(VDW )=770.492                                          |
 -------------------------------------------------------------------------------
 NBONDS: found   679290 intra-atom interactions
 NBONDS: found   679304 intra-atom interactions
 NBONDS: found   679389 intra-atom interactions
 NBONDS: found   679417 intra-atom interactions
 NBONDS: found   679358 intra-atom interactions
 --------------- cycle=    75 ------ stepsize=    0.0002 -----------------------
 | Etotal =8959.052   grad(E)=16.588     E(BOND)=357.812    E(ANGL)=5536.945   |
 | E(IMPR)=2521.527   E(VDW )=542.768                                          |
 -------------------------------------------------------------------------------
 NBONDS: found   679420 intra-atom interactions
 NBONDS: found   679401 intra-atom interactions
 NBONDS: found   679401 intra-atom interactions
 --------------- cycle=   100 ------ stepsize=    0.0008 -----------------------
 | Etotal =973.465    grad(E)=5.563      E(BOND)=14.769     E(ANGL)=426.420    |
 | E(IMPR)=35.333     E(VDW )=496.942                                          |
 -------------------------------------------------------------------------------
 POWELL: STEP number limit. Normal termination
 POWELL: Current coordinates set to last minimum
 DCART: temperature coupling (TCOUpling) enabled
 -------------------------- Cartesian dynamics start ---------------------------
 | E(kin)+E(total)=5007.700        E(kin)=4034.236      temperature=294.925    |
 | Etotal =973.465    grad(E)=5.563      E(BOND)=14.769     E(ANGL)=426.420    |
 | E(IMPR)=35.333     E(VDW )=496.942                                          |
 -------------------------------------------------------------------------------
 NBONDS: found   679373 intra-atom interactions
 NBONDS: found   679349 intra-atom interactions
 NBONDS: found   679513 intra-atom interactions
 ----------------- final step=      500 at      0.25000 ps ---------------------
 | E(kin)+E(total)=8415.908        E(kin)=4607.791      temperature=336.856    |
 | Etotal =3808.117   grad(E)=25.010     E(BOND)=677.818    E(ANGL)=2187.597   |
 | E(IMPR)=299.937    E(VDW )=642.766                                          |
 -------------------------------------------------------------------------------
 CENMAS: Information about center of free masses
         position [A]          :     -0.71963     -0.05515     -0.35555
         velocity [A/ps]       :      0.03755     -0.07550     -0.01376
         ang. mom. [amu A/ps]  : -76547.48191 -40613.47852 -32990.50767
         kin. ener. [Kcal/mol] :      0.80058
 EFLAGS: the following energy flags are set
 EFLAGS: BOND ANGL DIHE IMPR VDW 
 %PARRDR-info: duplication of bond HC   NC2 
 %PARRDR-info: duplication of angle CH2E C    NH1 
 %PARRDR-info: duplication of angle CH2P CH2E HA  
 POWELL: number of degrees of freedom= 13767
 NBONDS: generating intra-molecular exclusion list with mode=-3
 MAKINB: mode  -3 found  15676 exclusions and      0 interactions(1-4)
 NBONDS: found   679609 intra-atom interactions
 NBONDS: found   679379 intra-atom interactions
 --------------- cycle=    50 ------ stepsize=    0.0009 -----------------------
 | Etotal =13342.017  grad(E)=13.513     E(BOND)=230.655    E(ANGL)=1172.646   |
 | E(DIHE)=208.008    E(IMPR)=95.160     E(VDW )=11635.549                     |
 -------------------------------------------------------------------------------
 NBONDS: found   679280 intra-atom interactions
 --------------- cycle=   100 ------ stepsize=    0.0010 -----------------------
 | Etotal =12959.416  grad(E)=13.467     E(BOND)=229.739    E(ANGL)=1162.528   |
 | E(DIHE)=166.852    E(IMPR)=96.239     E(VDW )=11304.057                     |
 -------------------------------------------------------------------------------
 NBONDS: found   679343 intra-atom interactions
 --------------- cycle=   150 ------ stepsize=    0.0011 -----------------------
 | Etotal =12911.196  grad(E)=13.416     E(BOND)=229.573    E(ANGL)=1155.382   |
 | E(DIHE)=162.299    E(IMPR)=94.370     E(VDW )=11269.571                     |
 -------------------------------------------------------------------------------
 --------------- cycle=   200 ------ stepsize=    0.0013 -----------------------
 | Etotal =12900.870  grad(E)=13.423     E(BOND)=229.187    E(ANGL)=1155.706   |
 | E(DIHE)=162.386    E(IMPR)=94.821     E(VDW )=11258.770                     |
 -------------------------------------------------------------------------------
 --------------- cycle=   250 ------ stepsize=    0.0012 -----------------------
 | Etotal =12900.182  grad(E)=13.422     E(BOND)=229.098    E(ANGL)=1155.588   |
 | E(DIHE)=162.952    E(IMPR)=94.522     E(VDW )=11258.023                     |
 -------------------------------------------------------------------------------
 --------------- cycle=   300 ------ stepsize=    0.0011 -----------------------
 | Etotal =12900.164  grad(E)=13.423     E(BOND)=229.092    E(ANGL)=1155.550   |
 | E(DIHE)=163.027    E(IMPR)=94.574     E(VDW )=11257.920                     |
 -------------------------------------------------------------------------------
 --------------- cycle=   350 ------ stepsize=    0.0011 -----------------------
 | Etotal =12900.105  grad(E)=13.421     E(BOND)=229.118    E(ANGL)=1155.340   |
 | E(DIHE)=163.544    E(IMPR)=94.482     E(VDW )=11257.621                     |
 -------------------------------------------------------------------------------
 --------------- cycle=   400 ------ stepsize=    0.0014 -----------------------
 | Etotal =12900.094  grad(E)=13.421     E(BOND)=229.119    E(ANGL)=1155.330   |
 | E(DIHE)=163.610    E(IMPR)=94.480     E(VDW )=11257.555                     |
 -------------------------------------------------------------------------------
 --------------- cycle=   450 ------ stepsize=    0.0010 -----------------------
 | Etotal =12900.091  grad(E)=13.421     E(BOND)=229.117    E(ANGL)=1155.338   |
 | E(DIHE)=163.646    E(IMPR)=94.463     E(VDW )=11257.526                     |
 -------------------------------------------------------------------------------
 --------------- cycle=   500 ------ stepsize=    0.0011 -----------------------
 | Etotal =12900.091  grad(E)=13.421     E(BOND)=229.116    E(ANGL)=1155.351   |
 | E(DIHE)=163.635    E(IMPR)=94.463     E(VDW )=11257.526                     |
 -------------------------------------------------------------------------------
 POWELL: STEP number limit. Normal termination
 POWELL: Current coordinates set to last minimum
 DCART: temperature coupling (TCOUpling) enabled
 -------------------------- Cartesian dynamics start ---------------------------
 | E(kin)+E(total)=16945.084       E(kin)=4044.993      temperature=295.712    |
 | Etotal =12900.091  grad(E)=13.421     E(BOND)=229.116    E(ANGL)=1155.351   |
 | E(DIHE)=163.635    E(IMPR)=94.463     E(VDW )=11257.526                     |
 -------------------------------------------------------------------------------
 NBONDS: found   679298 intra-atom interactions
 NBONDS: found   679258 intra-atom interactions
 NBONDS: found   679356 intra-atom interactions
 NBONDS: found   679278 intra-atom interactions
 NBONDS: found   679376 intra-atom interactions
 NBONDS: found   679435 intra-atom interactions
 NBONDS: found   679186 intra-atom interactions
 NBONDS: found   679300 intra-atom interactions
 ----------------- final step=      500 at      0.25000 ps ---------------------
 | E(kin)+E(total)=21129.774       E(kin)=4266.400      temperature=311.898    |
 | Etotal =16863.374  grad(E)=31.874     E(BOND)=1293.734   E(ANGL)=3396.799   |
 | E(DIHE)=174.146    E(IMPR)=444.632    E(VDW )=11554.063                     |
 -------------------------------------------------------------------------------
 CENMAS: Information about center of free masses
         position [A]          :     -0.71941     -0.05536     -0.35538
         velocity [A/ps]       :     -0.32220     -0.11341      0.10614
         ang. mom. [amu A/ps]  :  12078.94875  -2064.27202   3036.91590
         kin. ener. [Kcal/mol] :      0.70722
 POWELL: number of degrees of freedom= 13767
 --------------- cycle=    50 ------ stepsize=    0.0010 -----------------------
 | Etotal =12885.693  grad(E)=13.406     E(BOND)=228.226    E(ANGL)=1154.058   |
 | E(DIHE)=158.421    E(IMPR)=95.205     E(VDW )=11249.784                     |
 -------------------------------------------------------------------------------
 --------------- cycle=   100 ------ stepsize=    0.0009 -----------------------
 | Etotal =12872.223  grad(E)=13.407     E(BOND)=228.711    E(ANGL)=1153.798   |
 | E(DIHE)=157.736    E(IMPR)=94.750     E(VDW )=11237.227                     |
 -------------------------------------------------------------------------------
 --------------- cycle=   150 ------ stepsize=    0.0011 -----------------------
 | Etotal =12869.831  grad(E)=13.414     E(BOND)=228.793    E(ANGL)=1154.279   |
 | E(DIHE)=158.214    E(IMPR)=94.865     E(VDW )=11233.680                     |
 -------------------------------------------------------------------------------
 --------------- cycle=   200 ------ stepsize=    0.0010 -----------------------
 | Etotal =12869.314  grad(E)=13.416     E(BOND)=228.831    E(ANGL)=1154.535   |
 | E(DIHE)=158.520    E(IMPR)=94.598     E(VDW )=11232.830                     |
 -------------------------------------------------------------------------------
 --------------- cycle=   250 ------ stepsize=    0.0011 -----------------------
 | Etotal =12869.291  grad(E)=13.415     E(BOND)=228.821    E(ANGL)=1154.559   |
 | E(DIHE)=158.698    E(IMPR)=94.584     E(VDW )=11232.630                     |
 -------------------------------------------------------------------------------
 --------------- cycle=   300 ------ stepsize=    0.0010 -----------------------
 | Etotal =12869.282  grad(E)=13.415     E(BOND)=228.812    E(ANGL)=1154.526   |
 | E(DIHE)=158.871    E(IMPR)=94.547     E(VDW )=11232.526                     |
 -------------------------------------------------------------------------------
 --------------- cycle=   350 ------ stepsize=    0.0015 -----------------------
 | Etotal =12869.279  grad(E)=13.415     E(BOND)=228.808    E(ANGL)=1154.548   |
 | E(DIHE)=158.990    E(IMPR)=94.534     E(VDW )=11232.400                     |
 -------------------------------------------------------------------------------
 --------------- cycle=   400 ------ stepsize=    0.0009 -----------------------
 | Etotal =12869.270  grad(E)=13.415     E(BOND)=228.798    E(ANGL)=1154.582   |
 | E(DIHE)=159.279    E(IMPR)=94.487     E(VDW )=11232.125                     |
 -------------------------------------------------------------------------------
 --------------- cycle=   450 ------ stepsize=    0.0012 -----------------------
 | Etotal =12869.269  grad(E)=13.415     E(BOND)=228.803    E(ANGL)=1154.578   |
 | E(DIHE)=159.242    E(IMPR)=94.491     E(VDW )=11232.156                     |
 -------------------------------------------------------------------------------
 --------------- cycle=   500 ------ stepsize=    0.0009 -----------------------
 | Etotal =12869.268  grad(E)=13.416     E(BOND)=228.803    E(ANGL)=1154.578   |
 | E(DIHE)=159.225    E(IMPR)=94.496     E(VDW )=11232.166                     |
 -------------------------------------------------------------------------------
 POWELL: STEP number limit. Normal termination
 POWELL: Current coordinates set to last minimum
 POWELL: number of degrees of freedom= 18252
 NBONDS: found   679272 intra-atom interactions
 --------------- cycle=     5 ------ stepsize=    0.0007 -----------------------
 | Etotal =12626.760  grad(E)=13.334     E(BOND)=222.946    E(ANGL)=1149.580   |
 | E(DIHE)=159.220    E(IMPR)=94.458     E(VDW )=11000.556                     |
 -------------------------------------------------------------------------------
 --------------- cycle=    10 ------ stepsize=    0.0009 -----------------------
 | Etotal =12608.309  grad(E)=13.313     E(BOND)=223.012    E(ANGL)=1148.686   |
 | E(DIHE)=159.157    E(IMPR)=94.715     E(VDW )=10982.738                     |
 -------------------------------------------------------------------------------
 --------------- cycle=    15 ------ stepsize=   -0.0002 -----------------------
 | Etotal =12604.281  grad(E)=13.318     E(BOND)=223.142    E(ANGL)=1148.608   |
 | E(DIHE)=159.118    E(IMPR)=94.703     E(VDW )=10978.710                     |
 -------------------------------------------------------------------------------
 --------------- cycle=    20 ------ stepsize=    0.0009 -----------------------
 | Etotal =12603.117  grad(E)=13.314     E(BOND)=223.172    E(ANGL)=1147.709   |
 | E(DIHE)=159.099    E(IMPR)=94.538     E(VDW )=10978.599                     |
 -------------------------------------------------------------------------------
 --------------- cycle=    25 ------ stepsize=    0.0007 -----------------------
 | Etotal =12602.444  grad(E)=13.316     E(BOND)=223.248    E(ANGL)=1148.523   |
 | E(DIHE)=159.117    E(IMPR)=94.530     E(VDW )=10977.026                     |
 -------------------------------------------------------------------------------
 --------------- cycle=    30 ------ stepsize=    0.0011 -----------------------
 | Etotal =12601.740  grad(E)=13.313     E(BOND)=223.216    E(ANGL)=1147.773   |
 | E(DIHE)=159.160    E(IMPR)=94.593     E(VDW )=10976.998                     |
 -------------------------------------------------------------------------------
 --------------- cycle=    35 ------ stepsize=    0.0003 -----------------------
 | Etotal =12601.405  grad(E)=13.309     E(BOND)=223.246    E(ANGL)=1147.270   |
 | E(DIHE)=159.199    E(IMPR)=94.451     E(VDW )=10977.239                     |
 -------------------------------------------------------------------------------
 --------------- cycle=    40 ------ stepsize=    0.0011 -----------------------
 | Etotal =12601.064  grad(E)=13.312     E(BOND)=223.204    E(ANGL)=1147.723   |
 | E(DIHE)=159.241    E(IMPR)=94.567     E(VDW )=10976.329                     |
 -------------------------------------------------------------------------------
 --------------- cycle=    45 ------ stepsize=    0.0006 -----------------------
 | Etotal =12601.031  grad(E)=13.311     E(BOND)=223.195    E(ANGL)=1147.724   |
 | E(DIHE)=159.238    E(IMPR)=94.526     E(VDW )=10976.348                     |
 -------------------------------------------------------------------------------
 --------------- cycle=    50 ------ stepsize=    0.0011 -----------------------
 | Etotal =12600.994  grad(E)=13.312     E(BOND)=223.193    E(ANGL)=1147.696   |
 | E(DIHE)=159.212    E(IMPR)=94.549     E(VDW )=10976.344                     |
 -------------------------------------------------------------------------------
 POWELL: STEP number limit. Normal termination
 POWELL: Current coordinates set to last minimum
 %PARRDR-info: duplication of bond HC   NC2 
 %PARRDR-info: duplication of angle CH2E C    NH1 
 %PARRDR-info: duplication of angle CH2P CH2E HA  
 POWELL: number of degrees of freedom= 18252
 NBONDS: generating intra-molecular exclusion list with mode= 5
 MAKINB: mode   5 found  17683 exclusions and  17824 interactions(1-4)
 NBONDS: found   898554 intra-atom interactions
 NBONDS: found   898668 intra-atom interactions
 NBONDS: found   898596 intra-atom interactions
 --------------- cycle=    50 ------ stepsize=    0.0007 -----------------------
 | Etotal =-25.608    grad(E)=5.591      E(BOND)=21.346     E(ANGL)=414.966    |
 | E(DIHE)=52.794     E(IMPR)=34.143     E(VDW )=-549.545   E(ELEC)=0.688      |
 -------------------------------------------------------------------------------
 POWELL: STEP number limit. Normal termination
 POWELL: Current coordinates set to last minimum
 --------------- cycle=     1 --------------------------------------------------
 | Etotal =-25.608    grad(E)=5.591      E(BOND)=21.346     E(ANGL)=414.966    |
 | E(DIHE)=52.794     E(IMPR)=34.143     E(VDW )=-549.545   E(ELEC)=0.688      |
 -------------------------------------------------------------------------------
 SURFAC: half the sigma value being used for atomic radii.
 SURFAC: ACCEssible surface area
 SURFAC: ACCUracy= 0.07 RH2O=  1.40
         Z-grid=  0.32 number-of-Z-sections=  213
         measures-of-arc= 93842 and150738
 SURFAC: half the sigma value being used for atomic radii.
 SURFAC: ACCEssible surface area
 SURFAC: ACCUracy= 0.07 RH2O=  1.40
         Z-grid=  0.32 number-of-Z-sections=  138
         measures-of-arc= 25952 and 46165
 SURFAC: half the sigma value being used for atomic radii.
 SURFAC: ACCEssible surface area
 SURFAC: ACCUracy= 0.07 RH2O=  1.40
         Z-grid=  0.32 number-of-Z-sections=  213
         measures-of-arc=121539 and197266
 %PARRDR-info: duplication of bond HC   NC2 
 %PARRDR-info: duplication of angle CH2E C    NH1 
 %PARRDR-info: duplication of angle CH2P CH2E HA  
 NBONDS: generating intra-molecular exclusion list with mode= 5
 MAKINB: mode   5 found      5 exclusions and     10 interactions(1-4)
 NBONDS: found     2119 intra-atom interactions
 --------------- cycle=     2 --------------------------------------------------
 | Etotal =-55.314    grad(E)=0.170      E(VDW )=-6.981     E(ELEC)=-48.334    |
 -------------------------------------------------------------------------------
 NBONDS: generating intra-molecular exclusion list with mode= 5
 MAKINB: mode   5 found     10 exclusions and     20 interactions(1-4)
 NBONDS: found     2210 intra-atom interactions
 --------------- cycle=     3 --------------------------------------------------
 | Etotal =-110.007   grad(E)=0.239      E(VDW )=-8.018     E(ELEC)=-101.988   |
 -------------------------------------------------------------------------------
 NBONDS: generating intra-molecular exclusion list with mode= 5
 MAKINB: mode   5 found     10 exclusions and     20 interactions(1-4)
 NBONDS: found     3922 intra-atom interactions
 --------------- cycle=     4 --------------------------------------------------
 | Etotal =-92.417    grad(E)=0.191      E(VDW )=-11.032    E(ELEC)=-81.386    |
 -------------------------------------------------------------------------------
 NBONDS: generating intra-molecular exclusion list with mode= 5
 MAKINB: mode   5 found     10 exclusions and     20 interactions(1-4)
 NBONDS: found     3009 intra-atom interactions
 --------------- cycle=     5 --------------------------------------------------
 | Etotal =-90.753    grad(E)=0.141      E(VDW )=-11.015    E(ELEC)=-79.738    |
 -------------------------------------------------------------------------------
 NBONDS: generating intra-molecular exclusion list with mode= 5
 MAKINB: mode   5 found     10 exclusions and     20 interactions(1-4)
 NBONDS: found     4850 intra-atom interactions
 --------------- cycle=     6 --------------------------------------------------
 | Etotal =-143.661   grad(E)=0.391      E(VDW )=-11.281    E(ELEC)=-132.380   |
 -------------------------------------------------------------------------------
 NBONDS: generating intra-molecular exclusion list with mode= 5
 MAKINB: mode   5 found     10 exclusions and     20 interactions(1-4)
 NBONDS: found     3664 intra-atom interactions
 --------------- cycle=     7 --------------------------------------------------
 | Etotal =-95.624    grad(E)=0.181      E(VDW )=-12.159    E(ELEC)=-83.465    |
 -------------------------------------------------------------------------------
 NBONDS: generating intra-molecular exclusion list with mode= 5
 MAKINB: mode   5 found     10 exclusions and     20 interactions(1-4)
 NBONDS: found     5736 intra-atom interactions
 --------------- cycle=     8 --------------------------------------------------
 | Etotal =-97.805    grad(E)=0.170      E(VDW )=-19.923    E(ELEC)=-77.882    |
 -------------------------------------------------------------------------------
 NBONDS: generating intra-molecular exclusion list with mode= 5
 MAKINB: mode   5 found     10 exclusions and     20 interactions(1-4)
 NBONDS: found     5989 intra-atom interactions
 --------------- cycle=     9 --------------------------------------------------
 | Etotal =-99.863    grad(E)=0.198      E(VDW )=-14.997    E(ELEC)=-84.866    |
 -------------------------------------------------------------------------------
 NBONDS: generating intra-molecular exclusion list with mode= 5
 MAKINB: mode   5 found     10 exclusions and     20 interactions(1-4)
 NBONDS: found     3916 intra-atom interactions
 --------------- cycle=    10 --------------------------------------------------
 | Etotal =-237.718   grad(E)=0.509      E(VDW )=-7.436     E(ELEC)=-230.281   |
 -------------------------------------------------------------------------------
 NBONDS: generating intra-molecular exclusion list with mode= 5
 MAKINB: mode   5 found     10 exclusions and     20 interactions(1-4)
 NBONDS: found     5891 intra-atom interactions
 --------------- cycle=    11 --------------------------------------------------
 | Etotal =-180.770   grad(E)=0.378      E(VDW )=-15.546    E(ELEC)=-165.224   |
 -------------------------------------------------------------------------------
 NBONDS: generating intra-molecular exclusion list with mode= 5
 MAKINB: mode   5 found     10 exclusions and     20 interactions(1-4)
 NBONDS: found     5879 intra-atom interactions
 --------------- cycle=    12 --------------------------------------------------
 | Etotal =-104.156   grad(E)=0.204      E(VDW )=-17.404    E(ELEC)=-86.751    |
 -------------------------------------------------------------------------------
 NBONDS: generating intra-molecular exclusion list with mode= 5
 MAKINB: mode   5 found     10 exclusions and     20 interactions(1-4)
 NBONDS: found     4006 intra-atom interactions
 --------------- cycle=    13 --------------------------------------------------
 | Etotal =-109.772   grad(E)=0.291      E(VDW )=-15.060    E(ELEC)=-94.712    |
 -------------------------------------------------------------------------------
 NBONDS: generating intra-molecular exclusion list with mode= 5
 MAKINB: mode   5 found     10 exclusions and     20 interactions(1-4)
 NBONDS: found     4899 intra-atom interactions
 --------------- cycle=    14 --------------------------------------------------
 | Etotal =-148.228   grad(E)=0.422      E(VDW )=-15.962    E(ELEC)=-132.266   |
 -------------------------------------------------------------------------------
 NBONDS: generating intra-molecular exclusion list with mode= 5
 MAKINB: mode   5 found     10 exclusions and     20 interactions(1-4)
 NBONDS: found     3830 intra-atom interactions
 --------------- cycle=    15 --------------------------------------------------
 | Etotal =-138.452   grad(E)=0.389      E(VDW )=-12.039    E(ELEC)=-126.413   |
 -------------------------------------------------------------------------------
 NBONDS: generating intra-molecular exclusion list with mode= 5
 MAKINB: mode   5 found     10 exclusions and     20 interactions(1-4)
 NBONDS: found     2720 intra-atom interactions
 --------------- cycle=    16 --------------------------------------------------
 | Etotal =-97.574    grad(E)=0.225      E(VDW )=-7.636     E(ELEC)=-89.938    |
 -------------------------------------------------------------------------------
 NBONDS: generating intra-molecular exclusion list with mode= 5
 MAKINB: mode   5 found     10 exclusions and     20 interactions(1-4)
 NBONDS: found     4004 intra-atom interactions
 --------------- cycle=    17 --------------------------------------------------
 | Etotal =-193.210   grad(E)=0.517      E(VDW )=-10.426    E(ELEC)=-182.783   |
 -------------------------------------------------------------------------------
 NBONDS: generating intra-molecular exclusion list with mode= 5
 MAKINB: mode   5 found     10 exclusions and     20 interactions(1-4)
 NBONDS: found     3905 intra-atom interactions
 --------------- cycle=    18 --------------------------------------------------
 | Etotal =-182.313   grad(E)=0.514      E(VDW )=-9.414     E(ELEC)=-172.898   |
 -------------------------------------------------------------------------------
 NBONDS: generating intra-molecular exclusion list with mode= 5
 MAKINB: mode   5 found     10 exclusions and     20 interactions(1-4)
 NBONDS: found     4390 intra-atom interactions
 --------------- cycle=    19 --------------------------------------------------
 | Etotal =-96.367    grad(E)=0.178      E(VDW )=-17.089    E(ELEC)=-79.279    |
 -------------------------------------------------------------------------------
 NBONDS: generating intra-molecular exclusion list with mode= 5
 MAKINB: mode   5 found     10 exclusions and     20 interactions(1-4)
 NBONDS: found     5770 intra-atom interactions
 --------------- cycle=    20 --------------------------------------------------
 | Etotal =-111.334   grad(E)=0.274      E(VDW )=-20.604    E(ELEC)=-90.730    |
 -------------------------------------------------------------------------------
 NBONDS: generating intra-molecular exclusion list with mode= 5
 MAKINB: mode   5 found     10 exclusions and     20 interactions(1-4)
 NBONDS: found     3705 intra-atom interactions
 --------------- cycle=    21 --------------------------------------------------
 | Etotal =-113.420   grad(E)=0.229      E(VDW )=-13.243    E(ELEC)=-100.178   |
 -------------------------------------------------------------------------------
 NBONDS: generating intra-molecular exclusion list with mode= 5
 MAKINB: mode   5 found     10 exclusions and     20 interactions(1-4)
 NBONDS: found     4544 intra-atom interactions
 --------------- cycle=    22 --------------------------------------------------
 | Etotal =-93.492    grad(E)=0.229      E(VDW )=-12.297    E(ELEC)=-81.195    |
 -------------------------------------------------------------------------------
 NBONDS: generating intra-molecular exclusion list with mode= 5
 MAKINB: mode   5 found     10 exclusions and     20 interactions(1-4)
 NBONDS: found     2371 intra-atom interactions
 --------------- cycle=    23 --------------------------------------------------
 | Etotal =-166.053   grad(E)=0.414      E(VDW )=-9.007     E(ELEC)=-157.046   |
 -------------------------------------------------------------------------------
 NBONDS: generating intra-molecular exclusion list with mode= 5
 MAKINB: mode   5 found     10 exclusions and     20 interactions(1-4)
 NBONDS: found     4259 intra-atom interactions
 --------------- cycle=    24 --------------------------------------------------
 | Etotal =-107.534   grad(E)=0.204      E(VDW )=-17.167    E(ELEC)=-90.367    |
 -------------------------------------------------------------------------------
 NBONDS: generating intra-molecular exclusion list with mode= 5
 MAKINB: mode   5 found     10 exclusions and     20 interactions(1-4)
 NBONDS: found     3045 intra-atom interactions
 --------------- cycle=    25 --------------------------------------------------
 | Etotal =-179.909   grad(E)=0.416      E(VDW )=-8.985     E(ELEC)=-170.924   |
 -------------------------------------------------------------------------------
 NBONDS: generating intra-molecular exclusion list with mode= 5
 MAKINB: mode   5 found     10 exclusions and     20 interactions(1-4)
 NBONDS: found     3598 intra-atom interactions
 --------------- cycle=    26 --------------------------------------------------
 | Etotal =-88.551    grad(E)=0.229      E(VDW )=-10.562    E(ELEC)=-77.988    |
 -------------------------------------------------------------------------------
 NBONDS: generating intra-molecular exclusion list with mode= 5
 MAKINB: mode   5 found     10 exclusions and     20 interactions(1-4)
 NBONDS: found     2650 intra-atom interactions
 --------------- cycle=    27 --------------------------------------------------
 | Etotal =-89.109    grad(E)=0.183      E(VDW )=-10.943    E(ELEC)=-78.167    |
 -------------------------------------------------------------------------------
 NBONDS: generating intra-molecular exclusion list with mode= 5
 MAKINB: mode   5 found     10 exclusions and     20 interactions(1-4)
 NBONDS: found     2364 intra-atom interactions
 --------------- cycle=    28 --------------------------------------------------
 | Etotal =-106.916   grad(E)=0.364      E(VDW )=-6.897     E(ELEC)=-100.019   |
 -------------------------------------------------------------------------------
 NBONDS: generating intra-molecular exclusion list with mode= 5
 MAKINB: mode   5 found     10 exclusions and     20 interactions(1-4)
 NBONDS: found     2015 intra-atom interactions
 --------------- cycle=    29 --------------------------------------------------
 | Etotal =-82.762    grad(E)=0.158      E(VDW )=-8.299     E(ELEC)=-74.462    |
 -------------------------------------------------------------------------------
 NBONDS: generating intra-molecular exclusion list with mode= 5
 MAKINB: mode   5 found     10 exclusions and     23 interactions(1-4)
 NBONDS: found     5189 intra-atom interactions
 --------------- cycle=    30 --------------------------------------------------
 | Etotal =-80.265    grad(E)=0.206      E(VDW )=-17.998    E(ELEC)=-62.267    |
 -------------------------------------------------------------------------------
 NBONDS: generating intra-molecular exclusion list with mode= 5
 MAKINB: mode   5 found     10 exclusions and     20 interactions(1-4)
 NBONDS: found     3391 intra-atom interactions
 --------------- cycle=    31 --------------------------------------------------
 | Etotal =-83.390    grad(E)=0.257      E(VDW )=-4.685     E(ELEC)=-78.705    |
 -------------------------------------------------------------------------------
 NBONDS: generating intra-molecular exclusion list with mode= 5
 MAKINB: mode   5 found     10 exclusions and     20 interactions(1-4)
 NBONDS: found     2413 intra-atom interactions
 --------------- cycle=    32 --------------------------------------------------
 | Etotal =-65.474    grad(E)=0.287      E(VDW )=1.560      E(ELEC)=-67.034    |
 -------------------------------------------------------------------------------
 NBONDS: generating intra-molecular exclusion list with mode= 5
 MAKINB: mode   5 found     10 exclusions and     20 interactions(1-4)
 NBONDS: found     1471 intra-atom interactions
 --------------- cycle=    33 --------------------------------------------------
 | Etotal =-86.818    grad(E)=0.259      E(VDW )=0.927      E(ELEC)=-87.745    |
 -------------------------------------------------------------------------------
 NBONDS: generating intra-molecular exclusion list with mode= 5
 MAKINB: mode   5 found     10 exclusions and     20 interactions(1-4)
 NBONDS: found     2375 intra-atom interactions
 --------------- cycle=    34 --------------------------------------------------
 | Etotal =-88.979    grad(E)=0.230      E(VDW )=-6.441     E(ELEC)=-82.539    |
 -------------------------------------------------------------------------------
 NBONDS: generating intra-molecular exclusion list with mode= 5
 MAKINB: mode   5 found     10 exclusions and     20 interactions(1-4)
 NBONDS: found     5335 intra-atom interactions
 --------------- cycle=    35 --------------------------------------------------
 | Etotal =-93.820    grad(E)=0.162      E(VDW )=-21.961    E(ELEC)=-71.859    |
 -------------------------------------------------------------------------------
 NBONDS: generating intra-molecular exclusion list with mode= 5
 MAKINB: mode   5 found     10 exclusions and     20 interactions(1-4)
 NBONDS: found     1937 intra-atom interactions
 --------------- cycle=    36 --------------------------------------------------
 | Etotal =-63.916    grad(E)=0.200      E(VDW )=-4.228     E(ELEC)=-59.688    |
 -------------------------------------------------------------------------------
 NBONDS: generating intra-molecular exclusion list with mode= 5
 MAKINB: mode   5 found     10 exclusions and     20 interactions(1-4)
 NBONDS: found     6259 intra-atom interactions
 --------------- cycle=    37 --------------------------------------------------
 | Etotal =-218.843   grad(E)=0.545      E(VDW )=-9.865     E(ELEC)=-208.978   |
 -------------------------------------------------------------------------------
 NBONDS: generating intra-molecular exclusion list with mode= 5
 MAKINB: mode   5 found     10 exclusions and     20 interactions(1-4)
 NBONDS: found     1814 intra-atom interactions
 --------------- cycle=    38 --------------------------------------------------
 | Etotal =-76.838    grad(E)=0.159      E(VDW )=-6.605     E(ELEC)=-70.234    |
 -------------------------------------------------------------------------------
 NBONDS: generating intra-molecular exclusion list with mode= 5
 MAKINB: mode   5 found     10 exclusions and     20 interactions(1-4)
 NBONDS: found     3419 intra-atom interactions
 --------------- cycle=    39 --------------------------------------------------
 | Etotal =-157.469   grad(E)=0.534      E(VDW )=-14.412    E(ELEC)=-143.057   |
 -------------------------------------------------------------------------------
 NBONDS: generating intra-molecular exclusion list with mode= 5
 MAKINB: mode   5 found     10 exclusions and     20 interactions(1-4)
 NBONDS: found     5397 intra-atom interactions
 --------------- cycle=    40 --------------------------------------------------
 | Etotal =-83.296    grad(E)=0.117      E(VDW )=-22.067    E(ELEC)=-61.229    |
 -------------------------------------------------------------------------------
 NBONDS: generating intra-molecular exclusion list with mode= 5
 MAKINB: mode   5 found     10 exclusions and     20 interactions(1-4)
 NBONDS: found     6667 intra-atom interactions
 --------------- cycle=    41 --------------------------------------------------
 | Etotal =-174.843   grad(E)=0.517      E(VDW )=-22.078    E(ELEC)=-152.765   |
 -------------------------------------------------------------------------------
 NBONDS: generating intra-molecular exclusion list with mode= 5
 MAKINB: mode   5 found     10 exclusions and     20 interactions(1-4)
 NBONDS: found     2031 intra-atom interactions
 --------------- cycle=    42 --------------------------------------------------
 | Etotal =-77.745    grad(E)=0.140      E(VDW )=-7.725     E(ELEC)=-70.020    |
 -------------------------------------------------------------------------------
 NBONDS: generating intra-molecular exclusion list with mode= 5
 MAKINB: mode   5 found     10 exclusions and     20 interactions(1-4)
 NBONDS: found     2221 intra-atom interactions
 --------------- cycle=    43 --------------------------------------------------
 | Etotal =-74.681    grad(E)=0.118      E(VDW )=-5.827     E(ELEC)=-68.854    |
 -------------------------------------------------------------------------------
 NBONDS: generating intra-molecular exclusion list with mode= 5
 MAKINB: mode   5 found     10 exclusions and     23 interactions(1-4)
 NBONDS: found     3761 intra-atom interactions
 --------------- cycle=    44 --------------------------------------------------
 | Etotal =-95.469    grad(E)=0.229      E(VDW )=-10.404    E(ELEC)=-85.065    |
 -------------------------------------------------------------------------------
 NBONDS: generating intra-molecular exclusion list with mode= 5
 MAKINB: mode   5 found     10 exclusions and     20 interactions(1-4)
 NBONDS: found     5725 intra-atom interactions
 --------------- cycle=    45 --------------------------------------------------
 | Etotal =-185.262   grad(E)=0.446      E(VDW )=-17.768    E(ELEC)=-167.494   |
 -------------------------------------------------------------------------------
 NBONDS: generating intra-molecular exclusion list with mode= 5
 MAKINB: mode   5 found     10 exclusions and     20 interactions(1-4)
 NBONDS: found     6685 intra-atom interactions
 --------------- cycle=    46 --------------------------------------------------
 | Etotal =-176.567   grad(E)=0.961      E(VDW )=-4.990     E(ELEC)=-171.577   |
 -------------------------------------------------------------------------------
 NBONDS: generating intra-molecular exclusion list with mode= 5
 MAKINB: mode   5 found     10 exclusions and     20 interactions(1-4)
 NBONDS: found     4098 intra-atom interactions
 --------------- cycle=    47 --------------------------------------------------
 | Etotal =-150.287   grad(E)=0.844      E(VDW )=-8.605     E(ELEC)=-141.682   |
 -------------------------------------------------------------------------------
 NBONDS: generating intra-molecular exclusion list with mode= 5
 MAKINB: mode   5 found     10 exclusions and     20 interactions(1-4)
 NBONDS: found     4693 intra-atom interactions
 --------------- cycle=    48 --------------------------------------------------
 | Etotal =-156.697   grad(E)=0.415      E(VDW )=-8.195     E(ELEC)=-148.502   |
 -------------------------------------------------------------------------------
 NBONDS: generating intra-molecular exclusion list with mode= 5
 MAKINB: mode   5 found     10 exclusions and     20 interactions(1-4)
 NBONDS: found     5302 intra-atom interactions
 --------------- cycle=    49 --------------------------------------------------
 | Etotal =-93.401    grad(E)=0.223      E(VDW )=-24.365    E(ELEC)=-69.035    |
 -------------------------------------------------------------------------------
 NBONDS: generating intra-molecular exclusion list with mode= 5
 MAKINB: mode   5 found     10 exclusions and     20 interactions(1-4)
 NBONDS: found     1795 intra-atom interactions
 --------------- cycle=    50 --------------------------------------------------
 | Etotal =-59.543    grad(E)=0.149      E(VDW )=-3.209     E(ELEC)=-56.334    |
 -------------------------------------------------------------------------------
 NBONDS: generating intra-molecular exclusion list with mode= 5
 MAKINB: mode   5 found     10 exclusions and     20 interactions(1-4)
 NBONDS: found     1384 intra-atom interactions
 --------------- cycle=    51 --------------------------------------------------
 | Etotal =-75.828    grad(E)=0.176      E(VDW )=-6.936     E(ELEC)=-68.892    |
 -------------------------------------------------------------------------------
 NBONDS: generating intra-molecular exclusion list with mode= 5
 MAKINB: mode   5 found     10 exclusions and     20 interactions(1-4)
 NBONDS: found     3346 intra-atom interactions
 --------------- cycle=    52 --------------------------------------------------
 | Etotal =-96.534    grad(E)=0.384      E(VDW )=-13.203    E(ELEC)=-83.331    |
 -------------------------------------------------------------------------------
 NBONDS: generating intra-molecular exclusion list with mode= 5
 MAKINB: mode   5 found     10 exclusions and     20 interactions(1-4)
 NBONDS: found     3724 intra-atom interactions
 --------------- cycle=    53 --------------------------------------------------
 | Etotal =-82.304    grad(E)=0.136      E(VDW )=-16.470    E(ELEC)=-65.834    |
 -------------------------------------------------------------------------------
 NBONDS: generating intra-molecular exclusion list with mode= 5
 MAKINB: mode   5 found     10 exclusions and     20 interactions(1-4)
 NBONDS: found     6337 intra-atom interactions
 --------------- cycle=    54 --------------------------------------------------
 | Etotal =-98.994    grad(E)=0.194      E(VDW )=-26.991    E(ELEC)=-72.002    |
 -------------------------------------------------------------------------------
 NBONDS: generating intra-molecular exclusion list with mode= 5
 MAKINB: mode   5 found     10 exclusions and     20 interactions(1-4)
 NBONDS: found     5617 intra-atom interactions
 --------------- cycle=    55 --------------------------------------------------
 | Etotal =-91.176    grad(E)=0.136      E(VDW )=-21.630    E(ELEC)=-69.546    |
 -------------------------------------------------------------------------------
 NBONDS: generating intra-molecular exclusion list with mode= 5
 MAKINB: mode   5 found     10 exclusions and     20 interactions(1-4)
 NBONDS: found     5850 intra-atom interactions
 --------------- cycle=    56 --------------------------------------------------
 | Etotal =-84.639    grad(E)=0.590      E(VDW )=-15.317    E(ELEC)=-69.321    |
 -------------------------------------------------------------------------------
 NBONDS: generating intra-molecular exclusion list with mode= 5
 MAKINB: mode   5 found     10 exclusions and     20 interactions(1-4)
 NBONDS: found     5399 intra-atom interactions
 --------------- cycle=    57 --------------------------------------------------
 | Etotal =-95.381    grad(E)=0.245      E(VDW )=-17.063    E(ELEC)=-78.318    |
 -------------------------------------------------------------------------------
 NBONDS: generating intra-molecular exclusion list with mode= 5
 MAKINB: mode   5 found     10 exclusions and     20 interactions(1-4)
 NBONDS: found     3285 intra-atom interactions
 --------------- cycle=    58 --------------------------------------------------
 | Etotal =-82.750    grad(E)=0.203      E(VDW )=-9.710     E(ELEC)=-73.040    |
 -------------------------------------------------------------------------------
 NBONDS: generating intra-molecular exclusion list with mode= 5
 MAKINB: mode   5 found     10 exclusions and     20 interactions(1-4)
 NBONDS: found     2283 intra-atom interactions
 --------------- cycle=    59 --------------------------------------------------
 | Etotal =-67.474    grad(E)=0.082      E(VDW )=-8.596     E(ELEC)=-58.878    |
 -------------------------------------------------------------------------------
 NBONDS: generating intra-molecular exclusion list with mode= 5
 MAKINB: mode   5 found     10 exclusions and     20 interactions(1-4)
 NBONDS: found     1104 intra-atom interactions
 --------------- cycle=    60 --------------------------------------------------
 | Etotal =-66.646    grad(E)=0.122      E(VDW )=-2.297     E(ELEC)=-64.348    |
 -------------------------------------------------------------------------------
 NBONDS: generating intra-molecular exclusion list with mode= 5
 MAKINB: mode   5 found     10 exclusions and     20 interactions(1-4)
 NBONDS: found      960 intra-atom interactions
 --------------- cycle=    61 --------------------------------------------------
 | Etotal =-67.067    grad(E)=0.102      E(VDW )=-3.579     E(ELEC)=-63.489    |
 -------------------------------------------------------------------------------
 NBONDS: generating intra-molecular exclusion list with mode= 5
 MAKINB: mode   5 found     10 exclusions and     23 interactions(1-4)
 NBONDS: found     1898 intra-atom interactions
 --------------- cycle=    62 --------------------------------------------------
 | Etotal =-67.506    grad(E)=0.213      E(VDW )=-6.071     E(ELEC)=-61.435    |
 -------------------------------------------------------------------------------
 NBONDS: generating intra-molecular exclusion list with mode= 5
 MAKINB: mode   5 found     10 exclusions and     20 interactions(1-4)
 NBONDS: found     2155 intra-atom interactions
 --------------- cycle=    63 --------------------------------------------------
 | Etotal =-92.320    grad(E)=0.275      E(VDW )=-5.052     E(ELEC)=-87.268    |
 -------------------------------------------------------------------------------
 NBONDS: generating intra-molecular exclusion list with mode= 5
 MAKINB: mode   5 found     10 exclusions and     20 interactions(1-4)
 NBONDS: found     1208 intra-atom interactions
 --------------- cycle=    64 --------------------------------------------------
 | Etotal =-69.974    grad(E)=0.140      E(VDW )=-7.276     E(ELEC)=-62.698    |
 -------------------------------------------------------------------------------
 NBONDS: generating intra-molecular exclusion list with mode= 5
 MAKINB: mode   5 found     10 exclusions and     20 interactions(1-4)
 NBONDS: found     3665 intra-atom interactions
 --------------- cycle=    65 --------------------------------------------------
 | Etotal =-65.985    grad(E)=0.281      E(VDW )=-5.215     E(ELEC)=-60.770    |
 -------------------------------------------------------------------------------
 NBONDS: generating intra-molecular exclusion list with mode= 5
 MAKINB: mode   5 found     10 exclusions and     20 interactions(1-4)
 NBONDS: found     3388 intra-atom interactions
 --------------- cycle=    66 --------------------------------------------------
 | Etotal =-89.393    grad(E)=0.182      E(VDW )=-14.144    E(ELEC)=-75.250    |
 -------------------------------------------------------------------------------
 NBONDS: generating intra-molecular exclusion list with mode= 5
 MAKINB: mode   5 found     13 exclusions and     27 interactions(1-4)
 NBONDS: found     2333 intra-atom interactions
 --------------- cycle=    67 --------------------------------------------------
 | Etotal =-69.395    grad(E)=0.251      E(VDW )=-9.458     E(ELEC)=-59.936    |
 -------------------------------------------------------------------------------
 NBONDS: generating intra-molecular exclusion list with mode= 5
 MAKINB: mode   5 found     10 exclusions and     20 interactions(1-4)
 NBONDS: found     5523 intra-atom interactions
 --------------- cycle=    68 --------------------------------------------------
 | Etotal =-94.288    grad(E)=0.147      E(VDW )=-29.366    E(ELEC)=-64.922    |
 -------------------------------------------------------------------------------
 NBONDS: generating intra-molecular exclusion list with mode= 5
 MAKINB: mode   5 found     10 exclusions and     23 interactions(1-4)
 NBONDS: found     3517 intra-atom interactions
 --------------- cycle=    69 --------------------------------------------------
 | Etotal =-78.986    grad(E)=0.220      E(VDW )=-11.964    E(ELEC)=-67.023    |
 -------------------------------------------------------------------------------
 NBONDS: generating intra-molecular exclusion list with mode= 5
 MAKINB: mode   5 found     10 exclusions and     23 interactions(1-4)
 NBONDS: found     3956 intra-atom interactions
 --------------- cycle=    70 --------------------------------------------------
 | Etotal =-77.649    grad(E)=0.594      E(VDW )=-6.908     E(ELEC)=-70.740    |
 -------------------------------------------------------------------------------
 NBONDS: generating intra-molecular exclusion list with mode= 5
 MAKINB: mode   5 found     10 exclusions and     20 interactions(1-4)
 NBONDS: found     4756 intra-atom interactions
 --------------- cycle=    71 --------------------------------------------------
 | Etotal =-80.595    grad(E)=0.137      E(VDW )=-15.387    E(ELEC)=-65.209    |
 -------------------------------------------------------------------------------
 NBONDS: generating intra-molecular exclusion list with mode= 5
 MAKINB: mode   5 found     10 exclusions and     20 interactions(1-4)
 NBONDS: found     4629 intra-atom interactions
 --------------- cycle=    72 --------------------------------------------------
 | Etotal =-137.162   grad(E)=0.403      E(VDW )=-15.272    E(ELEC)=-121.890   |
 -------------------------------------------------------------------------------
 NBONDS: generating intra-molecular exclusion list with mode= 5
 MAKINB: mode   5 found     10 exclusions and     20 interactions(1-4)
 NBONDS: found     2596 intra-atom interactions
 --------------- cycle=    73 --------------------------------------------------
 | Etotal =-64.958    grad(E)=0.130      E(VDW )=-9.917     E(ELEC)=-55.041    |
 -------------------------------------------------------------------------------
 NBONDS: generating intra-molecular exclusion list with mode= 5
 MAKINB: mode   5 found     10 exclusions and     20 interactions(1-4)
 NBONDS: found     6429 intra-atom interactions
 --------------- cycle=    74 --------------------------------------------------
 | Etotal =-101.022   grad(E)=0.357      E(VDW )=-20.711    E(ELEC)=-80.310    |
 -------------------------------------------------------------------------------
 NBONDS: generating intra-molecular exclusion list with mode= 5
 MAKINB: mode   5 found     10 exclusions and     20 interactions(1-4)
 NBONDS: found     2076 intra-atom interactions
 --------------- cycle=    75 --------------------------------------------------
 | Etotal =-90.298    grad(E)=0.174      E(VDW )=-10.088    E(ELEC)=-80.210    |
 -------------------------------------------------------------------------------
 NBONDS: generating intra-molecular exclusion list with mode= 5
 MAKINB: mode   5 found     10 exclusions and     20 interactions(1-4)
 NBONDS: found     6489 intra-atom interactions
 --------------- cycle=    76 --------------------------------------------------
 | Etotal =-101.054   grad(E)=0.294      E(VDW )=-25.516    E(ELEC)=-75.538    |
 -------------------------------------------------------------------------------
 NBONDS: generating intra-molecular exclusion list with mode= 5
 MAKINB: mode   5 found     10 exclusions and     23 interactions(1-4)
 NBONDS: found     4508 intra-atom interactions
 --------------- cycle=    77 --------------------------------------------------
 | Etotal =-76.304    grad(E)=0.186      E(VDW )=-16.018    E(ELEC)=-60.286    |
 -------------------------------------------------------------------------------
 NBONDS: generating intra-molecular exclusion list with mode= 5
 MAKINB: mode   5 found     10 exclusions and     23 interactions(1-4)
 NBONDS: found     2768 intra-atom interactions
 --------------- cycle=    78 --------------------------------------------------
 | Etotal =-76.520    grad(E)=0.170      E(VDW )=-7.428     E(ELEC)=-69.091    |
 -------------------------------------------------------------------------------
 NBONDS: generating intra-molecular exclusion list with mode= 5
 MAKINB: mode   5 found     10 exclusions and     20 interactions(1-4)
 NBONDS: found     3478 intra-atom interactions
 --------------- cycle=    79 --------------------------------------------------
 | Etotal =-90.333    grad(E)=0.228      E(VDW )=-9.668     E(ELEC)=-80.665    |
 -------------------------------------------------------------------------------
 NBONDS: generating intra-molecular exclusion list with mode= 5
 MAKINB: mode   5 found     10 exclusions and     20 interactions(1-4)
 NBONDS: found     4045 intra-atom interactions
 --------------- cycle=    80 --------------------------------------------------
 | Etotal =-108.858   grad(E)=0.247      E(VDW )=-19.003    E(ELEC)=-89.855    |
 -------------------------------------------------------------------------------
 NBONDS: generating intra-molecular exclusion list with mode= 5
 MAKINB: mode   5 found     10 exclusions and     20 interactions(1-4)
 NBONDS: found     1794 intra-atom interactions
 --------------- cycle=    81 --------------------------------------------------
 | Etotal =-66.918    grad(E)=0.261      E(VDW )=0.879      E(ELEC)=-67.798    |
 -------------------------------------------------------------------------------
 NBONDS: generating intra-molecular exclusion list with mode= 5
 MAKINB: mode   5 found     10 exclusions and     20 interactions(1-4)
 NBONDS: found     2634 intra-atom interactions
 --------------- cycle=    82 --------------------------------------------------
 | Etotal =-71.220    grad(E)=0.143      E(VDW )=-6.494     E(ELEC)=-64.726    |
 -------------------------------------------------------------------------------
 NBONDS: generating intra-molecular exclusion list with mode= 5
 MAKINB: mode   5 found     10 exclusions and     20 interactions(1-4)
 NBONDS: found     1532 intra-atom interactions
 --------------- cycle=    83 --------------------------------------------------
 | Etotal =-72.929    grad(E)=0.191      E(VDW )=-5.578     E(ELEC)=-67.351    |
 -------------------------------------------------------------------------------
 NBONDS: generating intra-molecular exclusion list with mode= 5
 MAKINB: mode   5 found     10 exclusions and     20 interactions(1-4)
 NBONDS: found     5319 intra-atom interactions
 --------------- cycle=    84 --------------------------------------------------
 | Etotal =-98.098    grad(E)=0.183      E(VDW )=-24.405    E(ELEC)=-73.692    |
 -------------------------------------------------------------------------------
 NBONDS: generating intra-molecular exclusion list with mode= 5
 MAKINB: mode   5 found     10 exclusions and     23 interactions(1-4)
 NBONDS: found     4467 intra-atom interactions
 --------------- cycle=    85 --------------------------------------------------
 | Etotal =-109.401   grad(E)=0.262      E(VDW )=-19.594    E(ELEC)=-89.807    |
 -------------------------------------------------------------------------------
 HEAP: maximum use      =    22545488 current use      =       96000 bytes
 HEAP: maximum overhead =        2816 current overhead =         752 bytes
          ============================================================
           Maximum dynamic memory allocation:    22545488 bytes
           Maximum dynamic memory overhead:          2816 bytes
           Program started at: 19:48:59 on 10-Jun-2020
           Program stopped at: 19:49:25 on 10-Jun-2020
           CPU time used:      26.0938 seconds
          ============================================================
