          ============================================================
          |                                                          |
          |            Crystallography & NMR System (CNS)            |
          |                         CNSsolve                         |
          |                                                          |
          ============================================================
           Version: 1.3 at patch level U
           Status: Special UU release with Rg and paramagnetic
                   restraints (A. Bonvin, UU 2011)
          ============================================================
           Written by: A.T.Brunger, P.D.Adams, G.M.Clore, W.L.DeLano,
                       P.Gros, R.W.Grosse-Kunstleve,J.-S.Jiang,J.M.Krahn,
                       J.Kuszewski, M.Nilges, N.S.Pannu, R.J.Read,
                       L.M.Rice, G.F.Schroeder, T.Simonson, G.L.Warren.
           Copyright (c) 1997-2010 Yale University
          ============================================================
           Running on machine: hostname unknown (x86_64/Linux,64-bit)
           Program started by: joaor
           Program started at: 16:49:07 on 08-May-2020
          ============================================================

 FFT3C: Using FFTPACK4.1

 CNSsolve>! 
 CNSsolve>! Calculates pairwise energies between residues 
 CNSsolve>! Will only rebuild hydrogen atoms 
 CNSsolve>! 
 CNSsolve>! Adapted from HADDOCK protocols here and there. 
 CNSsolve>! JR & AMJJB @ 2020 
 CNSsolve>! 
 CNSsolve>define( 
 DEFINE>    {===>} auto_break=true; 
 DEFINE>    {===>} break_cutoff=2.5; 
 DEFINE>    {===>} dnaauto_break=true; 
 DEFINE>    {===>} dbreak_cutoff=4.5; 
 DEFINE>    {===>} auto_cispro=true; 
 DEFINE>    {===>} auto_disu=true; 
 DEFINE>    {===>} disulphide_dist=3.0; 
 DEFINE>    {===>} glyco_dist=2.75; 
 DEFINE>    {===>} coorin="molecule.pdb"; 
 DEFINE>    {===>} icutoff=5.0; 
 DEFINE>) 
 CNSsolve> 
 CNSsolve>! Mute (most) output 
 CNSsolve>set message=on echo=off end 
 ASSFIL: file merged.param opened.
 MESSage=NORM
 EVALUATE: symbol $OLD_MESSAGE set to "NORM" (string)
 ECHO=FALSe {OFF}
 EVALUATE: symbol $OLD_ECHO set to FALSE (logical)
 %PARRDR-info: duplication of bond HC   NC2 
 %PARRDR-info: duplication of angle CH2E C    NH1 
 %PARRDR-info: duplication of angle CH2P CH2E HA  
 ASSFIL: file merged.top opened.
 MESSage=NORM
 EVALUATE: symbol $OLD_MESSAGE set to "NORM" (string)
 ECHO=FALSe {OFF}
 EVALUATE: symbol $OLD_ECHO set to FALSE (logical)
 %RTFIO-warning: undefined masses in residue CYC 
 %RTFIO error encountered: there are undefined masses.
   (CNS is in mode: SET ABORT=NORMal END)
 MESSage=NORM
 EVALUATE: symbol $OLD_MESSAGE set to "NORM" (string)
 ECHO=FALSe {OFF}
 EVALUATE: symbol $OLD_ECHO set to FALSE (logical)
 ASSFIL: file protein_break.top opened.
 %RTFRDR-ERR: duplicate (P-)RESIdue name DPEP
 %RTFRDR-ERR: duplicate (P-)RESIdue name DPPP
 RTFRDR> 
 RTFRDR>end 
 CNSsolve> 
 CNSsolve>! Reset output muting 
 CNSsolve>set message=off echo=off end 
FOUND 7 NAG:ASN pairs
NAG:ASN bond added from   B    901  to   B    53  
NAG:ASN bond added from   B    903  to   B    90  
NAG:ASN bond added from   B    905  to   B    103 
NAG:ASN bond added from   B    907  to   B    322 
NAG:ASN bond added from   B    908  to   B    432 
NAG:ASN bond added from   B    910  to   B    546 
NAG:ASN bond added from   E    1401 to   E    343 
FOUND 7 NAG:NAG pairs
NAG:NAG B14 bond added from   B    902  to   B    901 
NAG:NAG B14 bond added from   B    904  to   B    903 
NAG:NAG B14 bond added from   B    906  to   B    905 
NAG:NAG B14 bond added from   B    909  to   B    908 
NAG:NAG B14 bond added from   B    911  to   B    910 
NAG:NAG B14 bond added from   E    1402 to   E    1401
NAG:NAG B14 bond added from   E    1403 to   E    1402
 %PARRDR-info: duplication of bond HC   NC2 
 %PARRDR-info: duplication of angle CH2E C    NH1 
 %PARRDR-info: duplication of angle CH2P CH2E HA  
 POWELL: number of degrees of freedom= 13764
 NBONDS: generating intra-molecular exclusion list with mode=-2
 MAKINB: mode  -2 found   4588 exclusions and      0 interactions(1-4)
 %atoms "B   -108 -LEU -HB1 " and "B   -108 -LEU -HD23" only  0.05 A apart
 %atoms "B   -230 -PHE -HA  " and "B   -230 -PHE -HD2 " only  0.06 A apart
 %atoms "B   -402 -GLU -CA  " and "B   -402 -GLU -HG1 " only  0.08 A apart
 %atoms "B   -506 -VAL -HG11" and "B   -506 -VAL -HG23" only  0.10 A apart
 %atoms "B   -539 -LEU -HD12" and "B   -539 -LEU -HD22" only  0.10 A apart
 %atoms "B   -596 -LYS -CB  " and "B   -596 -LYS -HD1 " only  0.06 A apart
 %atoms "E   -402 -ILE -CA  " and "E   -402 -ILE -HD13" only  0.09 A apart
 %atoms "E   -416 -GLY -HA1 " and "E   -416 -GLY -C   " only  0.10 A apart
 %atoms "E   -452 -LEU -HG  " and "E   -452 -LEU -HD22" only  0.09 A apart
 %atoms "E   -492 -LEU -HD12" and "E   -492 -LEU -HD22" only  0.09 A apart
 %atoms "E   -495 -TYR -HD2 " and "E   -495 -TYR -HE1 " only  0.09 A apart
 NBONDS: found   697324 intra-atom interactions
 NBONDS: found       11 nonbonded violations
 %atoms "B   -451 -PRO -CB  " and "B   -451 -PRO -HD2 " only  0.02 A apart
 %atoms "B   -544 -ILE -CA  " and "B   -544 -ILE -HG12" only  0.08 A apart
 %atoms "E   -456 -PHE -HD1 " and "E   -456 -PHE -CD2 " only  0.07 A apart
 %atoms "E   -462 -LYS -HB1 " and "E   -462 -LYS -CG  " only  0.09 A apart
 NBONDS: found   697103 intra-atom interactions
 NBONDS: found        4 nonbonded violations
 NBONDS: found   692766 intra-atom interactions
 NBONDS: found   688811 intra-atom interactions
 --------------- cycle=    10 ------ stepsize=   -0.0000 -----------------------
 | Etotal =0.34E+07   grad(E)=575.995    E(BOND)=520435.331 E(ANGL)=0.16E+07   |
 | E(VDW )=0.13E+07                                                            |
 -------------------------------------------------------------------------------
 NBONDS: found   689163 intra-atom interactions
 NBONDS: found   689604 intra-atom interactions
 NBONDS: found   689831 intra-atom interactions
 NBONDS: found   689858 intra-atom interactions
 --------------- cycle=    20 ------ stepsize=   -0.0000 -----------------------
 | Etotal =0.12E+07   grad(E)=304.128    E(BOND)=232699.139 E(ANGL)=498984.060 |
 | E(VDW )=517373.425                                                          |
 -------------------------------------------------------------------------------
 NBONDS: found   689522 intra-atom interactions
 NBONDS: found   689717 intra-atom interactions
 NBONDS: found   689806 intra-atom interactions
 --------------- cycle=    30 ------ stepsize=    0.0000 -----------------------
 | Etotal =979402.022 grad(E)=243.540    E(BOND)=189311.961 E(ANGL)=353237.685 |
 | E(VDW )=436852.376                                                          |
 -------------------------------------------------------------------------------
 NBONDS: found   689720 intra-atom interactions
 NBONDS: found   689757 intra-atom interactions
 --------------- cycle=    40 ------ stepsize=    0.0000 -----------------------
 | Etotal =929964.190 grad(E)=232.603    E(BOND)=185387.153 E(ANGL)=330249.141 |
 | E(VDW )=414327.896                                                          |
 -------------------------------------------------------------------------------
 NBONDS: found   689698 intra-atom interactions
 NBONDS: found   689606 intra-atom interactions
 NBONDS: found   689604 intra-atom interactions
 --------------- cycle=    50 ------ stepsize=   -0.0000 -----------------------
 | Etotal =911722.773 grad(E)=230.743    E(BOND)=183945.905 E(ANGL)=320455.598 |
 | E(VDW )=407321.270                                                          |
 -------------------------------------------------------------------------------
 POWELL: STEP number limit. Normal termination
 POWELL: Current coordinates set to last minimum
 DCART: temperature coupling (TCOUpling) enabled
 -------------------------- Cartesian dynamics start ---------------------------
 | E(kin)+E(total)=0.35E+07        E(kin)=4179.780      temperature=305.632    |
 | Etotal =0.35E+07   grad(E)=581.301    E(BOND)=183945.905 E(ANGL)=320455.598 |
 | E(IMPR)=0.30E+07                                                            |
 -------------------------------------------------------------------------------
 ----------------- final step=       50 at      0.02500 ps ---------------------
 | E(kin)+E(total)=0.23E+07        E(kin)=435509.904    temperature=31845.184  |
 | Etotal =0.19E+07   grad(E)=323.779    E(BOND)=194649.397 E(ANGL)=841794.826 |
 | E(IMPR)=821514.907                                                          |
 -------------------------------------------------------------------------------
 CENMAS: Information about center of free masses
         position [A]          :     -0.70844      0.10335     -0.31185
         velocity [A/ps]       :      0.33889     -0.58330     -0.72810
         ang. mom. [amu A/ps]  :  84584.79342*************1548161.49820
         kin. ener. [Kcal/mol] :    108.03548
 POWELL: number of degrees of freedom= 13764
 NBONDS: found   687253 intra-atom interactions
 NBONDS: found   686351 intra-atom interactions
 NBONDS: found   686373 intra-atom interactions
 NBONDS: found   687725 intra-atom interactions
 --------------- cycle=    10 ------ stepsize=   -0.0001 -----------------------
 | Etotal =0.20E+07   grad(E)=271.728    E(BOND)=234087.145 E(ANGL)=466210.693 |
 | E(IMPR)=750773.799 E(VDW )=499845.220                                       |
 -------------------------------------------------------------------------------
 NBONDS: found   688015 intra-atom interactions
 NBONDS: found   688082 intra-atom interactions
 NBONDS: found   688060 intra-atom interactions
 NBONDS: found   688250 intra-atom interactions
 --------------- cycle=    20 ------ stepsize=    0.0000 -----------------------
 | Etotal =0.13E+07   grad(E)=144.747    E(BOND)=177389.327 E(ANGL)=174312.802 |
 | E(IMPR)=630320.049 E(VDW )=360545.446                                       |
 -------------------------------------------------------------------------------
 NBONDS: found   688479 intra-atom interactions
 NBONDS: found   688450 intra-atom interactions
 NBONDS: found   688476 intra-atom interactions
 NBONDS: found   688461 intra-atom interactions
 --------------- cycle=    30 ------ stepsize=   -0.0000 -----------------------
 | Etotal =0.13E+07   grad(E)=116.747    E(BOND)=167110.497 E(ANGL)=141839.240 |
 | E(IMPR)=617665.215 E(VDW )=336402.430                                       |
 -------------------------------------------------------------------------------
 NBONDS: found   688532 intra-atom interactions
 NBONDS: found   688529 intra-atom interactions
 --------------- cycle=    40 ------ stepsize=    0.0000 -----------------------
 | Etotal =0.12E+07   grad(E)=113.034    E(BOND)=166464.118 E(ANGL)=135949.616 |
 | E(IMPR)=608254.636 E(VDW )=327573.495                                       |
 -------------------------------------------------------------------------------
 NBONDS: found   688511 intra-atom interactions
 NBONDS: found   688430 intra-atom interactions
 --------------- cycle=    50 ------ stepsize=    0.0002 -----------------------
 | Etotal =0.12E+07   grad(E)=112.767    E(BOND)=167172.454 E(ANGL)=133173.652 |
 | E(IMPR)=601534.854 E(VDW )=325370.432                                       |
 -------------------------------------------------------------------------------
 POWELL: STEP number limit. Normal termination
 POWELL: Current coordinates set to last minimum
 DCART: temperature coupling (TCOUpling) enabled
 -------------------------- Cartesian dynamics start ---------------------------
 | E(kin)+E(total)=0.12E+07        E(kin)=4120.119      temperature=301.270    |
 | Etotal =0.12E+07   grad(E)=112.767    E(BOND)=167172.454 E(ANGL)=133173.652 |
 | E(IMPR)=601534.854 E(VDW )=325370.432                                       |
 -------------------------------------------------------------------------------
 NBONDS: found   688538 intra-atom interactions
 NBONDS: found   688533 intra-atom interactions
 ----------------- final step=       50 at      0.02500 ps ---------------------
 | E(kin)+E(total)=0.12E+07        E(kin)=6065.917      temperature=443.550    |
 | Etotal =0.12E+07   grad(E)=113.826    E(BOND)=167363.480 E(ANGL)=132487.625 |
 | E(IMPR)=598199.902 E(VDW )=324698.019                                       |
 -------------------------------------------------------------------------------
 CENMAS: Information about center of free masses
         position [A]          :     -0.70435      0.09420     -0.31363
         velocity [A/ps]       :     -0.04405     -0.07817      0.03302
         ang. mom. [amu A/ps]  : 109871.08012 463015.63373 367473.31967
         kin. ener. [Kcal/mol] :      1.00240
 %PARRDR-info: duplication of bond HC   NC2 
 %PARRDR-info: duplication of angle CH2E C    NH1 
 %PARRDR-info: duplication of angle CH2P CH2E HA  
 POWELL: number of degrees of freedom= 13764
 NBONDS: generating intra-molecular exclusion list with mode=-3
 MAKINB: mode  -3 found  15659 exclusions and      0 interactions(1-4)
 NBONDS: found   677411 intra-atom interactions
 NBONDS: found   679365 intra-atom interactions
 NBONDS: found   679384 intra-atom interactions
 NBONDS: found   679369 intra-atom interactions
 NBONDS: found   679530 intra-atom interactions
 NBONDS: found   679890 intra-atom interactions
 NBONDS: found   680058 intra-atom interactions
 --------------- cycle=    25 ------ stepsize=    0.0003 -----------------------
 | Etotal =287402.398 grad(E)=107.313    E(BOND)=18573.603  E(ANGL)=137375.350 |
 | E(IMPR)=129365.441 E(VDW )=2088.005                                         |
 -------------------------------------------------------------------------------
 NBONDS: found   680027 intra-atom interactions
 NBONDS: found   679681 intra-atom interactions
 NBONDS: found   679655 intra-atom interactions
 NBONDS: found   679563 intra-atom interactions
 NBONDS: found   679648 intra-atom interactions
 NBONDS: found   679833 intra-atom interactions
 NBONDS: found   680041 intra-atom interactions
 --------------- cycle=    50 ------ stepsize=    0.0001 -----------------------
 | Etotal =69040.004  grad(E)=44.201     E(BOND)=3690.512   E(ANGL)=31051.167  |
 | E(IMPR)=33417.042  E(VDW )=881.283                                          |
 -------------------------------------------------------------------------------
 NBONDS: found   679902 intra-atom interactions
 NBONDS: found   679973 intra-atom interactions
 NBONDS: found   679912 intra-atom interactions
 NBONDS: found   679914 intra-atom interactions
 NBONDS: found   679908 intra-atom interactions
 --------------- cycle=    75 ------ stepsize=    0.0007 -----------------------
 | Etotal =16993.894  grad(E)=21.026     E(BOND)=725.547    E(ANGL)=8290.543   |
 | E(IMPR)=7337.244   E(VDW )=640.559                                          |
 -------------------------------------------------------------------------------
 NBONDS: found   679895 intra-atom interactions
 NBONDS: found   679887 intra-atom interactions
 NBONDS: found   679884 intra-atom interactions
 NBONDS: found   679907 intra-atom interactions
 --------------- cycle=   100 ------ stepsize=   -0.0002 -----------------------
 | Etotal =2128.736   grad(E)=8.450      E(BOND)=102.500    E(ANGL)=1308.737   |
 | E(IMPR)=132.109    E(VDW )=585.390                                          |
 -------------------------------------------------------------------------------
 POWELL: STEP number limit. Normal termination
 POWELL: Current coordinates set to last minimum
 DCART: temperature coupling (TCOUpling) enabled
 -------------------------- Cartesian dynamics start ---------------------------
 | E(kin)+E(total)=6183.863        E(kin)=4055.127      temperature=296.517    |
 | Etotal =2128.736   grad(E)=8.450      E(BOND)=102.500    E(ANGL)=1308.737   |
 | E(IMPR)=132.109    E(VDW )=585.390                                          |
 -------------------------------------------------------------------------------
 NBONDS: found   679834 intra-atom interactions
 NBONDS: found   679857 intra-atom interactions
 NBONDS: found   679838 intra-atom interactions
 NBONDS: found   679791 intra-atom interactions
 NBONDS: found   679825 intra-atom interactions
 NBONDS: found   679917 intra-atom interactions
 NBONDS: found   679797 intra-atom interactions
 NBONDS: found   679848 intra-atom interactions
 NBONDS: found   679783 intra-atom interactions
 NBONDS: found   679849 intra-atom interactions
 NBONDS: found   679879 intra-atom interactions
 NBONDS: found   679833 intra-atom interactions
 NBONDS: found   679871 intra-atom interactions
 NBONDS: found   679806 intra-atom interactions
 NBONDS: found   679773 intra-atom interactions
 NBONDS: found   679905 intra-atom interactions
 NBONDS: found   679953 intra-atom interactions
 NBONDS: found   679807 intra-atom interactions
 NBONDS: found   679865 intra-atom interactions
 NBONDS: found   679790 intra-atom interactions
 NBONDS: found   679821 intra-atom interactions
 NBONDS: found   679865 intra-atom interactions
 ----------------- final step=      500 at      0.25000 ps ---------------------
 | E(kin)+E(total)=8679.204        E(kin)=4569.899      temperature=334.158    |
 | Etotal =4109.304   grad(E)=25.996     E(BOND)=737.914    E(ANGL)=2438.953   |
 | E(IMPR)=255.846    E(VDW )=676.591                                          |
 -------------------------------------------------------------------------------
 CENMAS: Information about center of free masses
         position [A]          :     -0.70250      0.09149     -0.31318
         velocity [A/ps]       :      0.01082     -0.14596     -0.02877
         ang. mom. [amu A/ps]  :  75078.81414  -9081.30460-191319.49445
         kin. ener. [Kcal/mol] :      2.43988
 EFLAGS: the following energy flags are set
 EFLAGS: BOND ANGL DIHE IMPR VDW 
 %PARRDR-info: duplication of bond HC   NC2 
 %PARRDR-info: duplication of angle CH2E C    NH1 
 %PARRDR-info: duplication of angle CH2P CH2E HA  
 POWELL: number of degrees of freedom= 13764
 NBONDS: generating intra-molecular exclusion list with mode=-3
 MAKINB: mode  -3 found  15659 exclusions and      0 interactions(1-4)
 NBONDS: found   679837 intra-atom interactions
 NBONDS: found   679846 intra-atom interactions
 --------------- cycle=    50 ------ stepsize=    0.0009 -----------------------
 | Etotal =13484.789  grad(E)=13.423     E(BOND)=226.022    E(ANGL)=1168.017   |
 | E(DIHE)=200.771    E(IMPR)=89.245     E(VDW )=11800.733                     |
 -------------------------------------------------------------------------------
 NBONDS: found   679801 intra-atom interactions
 --------------- cycle=   100 ------ stepsize=    0.0011 -----------------------
 | Etotal =13147.963  grad(E)=13.421     E(BOND)=227.257    E(ANGL)=1170.447   |
 | E(DIHE)=171.283    E(IMPR)=90.615     E(VDW )=11488.362                     |
 -------------------------------------------------------------------------------
 --------------- cycle=   150 ------ stepsize=    0.0011 -----------------------
 | Etotal =13108.964  grad(E)=13.380     E(BOND)=226.393    E(ANGL)=1167.281   |
 | E(DIHE)=169.585    E(IMPR)=89.206     E(VDW )=11456.499                     |
 -------------------------------------------------------------------------------
 --------------- cycle=   200 ------ stepsize=    0.0009 -----------------------
 | Etotal =13105.963  grad(E)=13.378     E(BOND)=226.245    E(ANGL)=1166.609   |
 | E(DIHE)=170.333    E(IMPR)=89.464     E(VDW )=11453.314                     |
 -------------------------------------------------------------------------------
 NBONDS: found   679831 intra-atom interactions
 --------------- cycle=   250 ------ stepsize=    0.0004 -----------------------
 | Etotal =13101.050  grad(E)=13.382     E(BOND)=226.030    E(ANGL)=1166.361   |
 | E(DIHE)=171.106    E(IMPR)=89.765     E(VDW )=11447.788                     |
 -------------------------------------------------------------------------------
 --------------- cycle=   300 ------ stepsize=   -0.0000 -----------------------
 | Etotal =13099.806  grad(E)=13.373     E(BOND)=225.991    E(ANGL)=1165.775   |
 | E(DIHE)=171.612    E(IMPR)=89.100     E(VDW )=11447.328                     |
 -------------------------------------------------------------------------------
 --------------- cycle=   350 ------ stepsize=    0.0004 -----------------------
 | Etotal =13099.775  grad(E)=13.372     E(BOND)=225.994    E(ANGL)=1165.671   |
 | E(DIHE)=171.646    E(IMPR)=89.110     E(VDW )=11447.354                     |
 -------------------------------------------------------------------------------
 --------------- cycle=   400 ------ stepsize=    0.0003 -----------------------
 | Etotal =13099.769  grad(E)=13.372     E(BOND)=225.997    E(ANGL)=1165.609   |
 | E(DIHE)=171.510    E(IMPR)=89.089     E(VDW )=11447.563                     |
 -------------------------------------------------------------------------------
 --------------- cycle=   450 ------ stepsize=   -0.0004 -----------------------
 | Etotal =13099.768  grad(E)=13.372     E(BOND)=225.992    E(ANGL)=1165.618   |
 | E(DIHE)=171.490    E(IMPR)=89.088     E(VDW )=11447.579                     |
 -------------------------------------------------------------------------------
 --------------- cycle=   500 ------ stepsize=    0.0007 -----------------------
 | Etotal =13099.767  grad(E)=13.372     E(BOND)=225.989    E(ANGL)=1165.629   |
 | E(DIHE)=171.484    E(IMPR)=89.088     E(VDW )=11447.577                     |
 -------------------------------------------------------------------------------
 POWELL: STEP number limit. Normal termination
 POWELL: Current coordinates set to last minimum
 DCART: temperature coupling (TCOUpling) enabled
 -------------------------- Cartesian dynamics start ---------------------------
 | E(kin)+E(total)=17163.498       E(kin)=4063.731      temperature=297.147    |
 | Etotal =13099.767  grad(E)=13.372     E(BOND)=225.989    E(ANGL)=1165.629   |
 | E(DIHE)=171.484    E(IMPR)=89.088     E(VDW )=11447.577                     |
 -------------------------------------------------------------------------------
 NBONDS: found   679639 intra-atom interactions
 NBONDS: found   679785 intra-atom interactions
 NBONDS: found   679636 intra-atom interactions
 NBONDS: found   679755 intra-atom interactions
 NBONDS: found   679885 intra-atom interactions
 NBONDS: found   679696 intra-atom interactions
 NBONDS: found   679705 intra-atom interactions
 NBONDS: found   679711 intra-atom interactions
 NBONDS: found   679725 intra-atom interactions
 ----------------- final step=      500 at      0.25000 ps ---------------------
 | E(kin)+E(total)=21322.385       E(kin)=4265.692      temperature=311.914    |
 | Etotal =17056.693  grad(E)=31.378     E(BOND)=1296.887   E(ANGL)=3380.225   |
 | E(DIHE)=180.845    E(IMPR)=403.940    E(VDW )=11794.796                     |
 -------------------------------------------------------------------------------
 CENMAS: Information about center of free masses
         position [A]          :     -0.70228      0.09205     -0.31327
         velocity [A/ps]       :     -0.12408      0.04330     -0.15051
         ang. mom. [amu A/ps]  :   1978.62074  11266.80558 -45517.84668
         kin. ener. [Kcal/mol] :      0.22065
 POWELL: number of degrees of freedom= 13764
 --------------- cycle=    50 ------ stepsize=    0.0010 -----------------------
 | Etotal =13095.948  grad(E)=13.373     E(BOND)=226.461    E(ANGL)=1164.645   |
 | E(DIHE)=165.600    E(IMPR)=90.117     E(VDW )=11449.126                     |
 -------------------------------------------------------------------------------
 --------------- cycle=   100 ------ stepsize=    0.0012 -----------------------
 | Etotal =13087.080  grad(E)=13.362     E(BOND)=226.147    E(ANGL)=1163.736   |
 | E(DIHE)=167.503    E(IMPR)=89.588     E(VDW )=11440.107                     |
 -------------------------------------------------------------------------------
 --------------- cycle=   150 ------ stepsize=    0.0009 -----------------------
 | Etotal =13086.122  grad(E)=13.366     E(BOND)=226.172    E(ANGL)=1163.992   |
 | E(DIHE)=167.148    E(IMPR)=89.557     E(VDW )=11439.252                     |
 -------------------------------------------------------------------------------
 --------------- cycle=   200 ------ stepsize=    0.0005 -----------------------
 | Etotal =13085.924  grad(E)=13.365     E(BOND)=226.083    E(ANGL)=1163.853   |
 | E(DIHE)=167.263    E(IMPR)=89.539     E(VDW )=11439.187                     |
 -------------------------------------------------------------------------------
 --------------- cycle=   250 ------ stepsize=    0.0011 -----------------------
 | Etotal =13084.809  grad(E)=13.365     E(BOND)=226.204    E(ANGL)=1163.428   |
 | E(DIHE)=166.450    E(IMPR)=89.464     E(VDW )=11439.263                     |
 -------------------------------------------------------------------------------
 --------------- cycle=   300 ------ stepsize=    0.0011 -----------------------
 | Etotal =13084.705  grad(E)=13.364     E(BOND)=226.217    E(ANGL)=1163.452   |
 | E(DIHE)=166.536    E(IMPR)=89.416     E(VDW )=11439.084                     |
 -------------------------------------------------------------------------------
 --------------- cycle=   350 ------ stepsize=    0.0009 -----------------------
 | Etotal =13084.699  grad(E)=13.364     E(BOND)=226.198    E(ANGL)=1163.490   |
 | E(DIHE)=166.585    E(IMPR)=89.406     E(VDW )=11439.020                     |
 -------------------------------------------------------------------------------
 --------------- cycle=   400 ------ stepsize=    0.0009 -----------------------
 | Etotal =13084.699  grad(E)=13.364     E(BOND)=226.194    E(ANGL)=1163.495   |
 | E(DIHE)=166.589    E(IMPR)=89.406     E(VDW )=11439.014                     |
 -------------------------------------------------------------------------------
 --------------- cycle=   450 ------ stepsize=    0.0011 -----------------------
 | Etotal =13084.699  grad(E)=13.364     E(BOND)=226.189    E(ANGL)=1163.498   |
 | E(DIHE)=166.561    E(IMPR)=89.406     E(VDW )=11439.045                     |
 -------------------------------------------------------------------------------
 --------------- cycle=   500 ------ stepsize=    0.0012 -----------------------
 | Etotal =13084.698  grad(E)=13.364     E(BOND)=226.188    E(ANGL)=1163.497   |
 | E(DIHE)=166.539    E(IMPR)=89.405     E(VDW )=11439.070                     |
 -------------------------------------------------------------------------------
 POWELL: STEP number limit. Normal termination
 POWELL: Current coordinates set to last minimum
 POWELL: number of degrees of freedom= 18348
 NBONDS: found   679814 intra-atom interactions
 NBONDS: found   679648 intra-atom interactions
 --------------- cycle=     5 ------ stepsize=    0.0145 -----------------------
 | Etotal =18449.864  grad(E)=37.174     E(BOND)=3916.814   E(ANGL)=2511.378   |
 | E(DIHE)=166.937    E(IMPR)=344.139    E(VDW )=11510.595                     |
 -------------------------------------------------------------------------------
 NBONDS: found   679800 intra-atom interactions
 --------------- cycle=    10 ------ stepsize=    0.0003 -----------------------
 | Etotal =12755.737  grad(E)=13.332     E(BOND)=221.992    E(ANGL)=1162.838   |
 | E(DIHE)=166.486    E(IMPR)=88.247     E(VDW )=11116.174                     |
 -------------------------------------------------------------------------------
 --------------- cycle=    15 ------ stepsize=    0.0013 -----------------------
 | Etotal =12749.823  grad(E)=13.318     E(BOND)=221.814    E(ANGL)=1160.153   |
 | E(DIHE)=166.473    E(IMPR)=87.760     E(VDW )=11113.624                     |
 -------------------------------------------------------------------------------
 --------------- cycle=    20 ------ stepsize=   -0.0002 -----------------------
 | Etotal =12749.229  grad(E)=13.312     E(BOND)=221.791    E(ANGL)=1160.264   |
 | E(DIHE)=166.461    E(IMPR)=87.785     E(VDW )=11112.928                     |
 -------------------------------------------------------------------------------
 --------------- cycle=    25 ------ stepsize=    0.0009 -----------------------
 | Etotal =12748.798  grad(E)=13.313     E(BOND)=221.796    E(ANGL)=1160.544   |
 | E(DIHE)=166.434    E(IMPR)=87.735     E(VDW )=11112.289                     |
 -------------------------------------------------------------------------------
 --------------- cycle=    30 ------ stepsize=   -0.0001 -----------------------
 | Etotal =12748.515  grad(E)=13.313     E(BOND)=221.822    E(ANGL)=1160.225   |
 | E(DIHE)=166.413    E(IMPR)=87.752     E(VDW )=11112.303                     |
 -------------------------------------------------------------------------------
 --------------- cycle=    35 ------ stepsize=    0.0009 -----------------------
 | Etotal =12748.413  grad(E)=13.312     E(BOND)=221.814    E(ANGL)=1160.200   |
 | E(DIHE)=166.412    E(IMPR)=87.719     E(VDW )=11112.268                     |
 -------------------------------------------------------------------------------
 --------------- cycle=    40 ------ stepsize=    0.0002 -----------------------
 | Etotal =12748.330  grad(E)=13.312     E(BOND)=221.793    E(ANGL)=1160.136   |
 | E(DIHE)=166.415    E(IMPR)=87.748     E(VDW )=11112.238                     |
 -------------------------------------------------------------------------------
 --------------- cycle=    45 ------ stepsize=    0.0010 -----------------------
 | Etotal =12748.235  grad(E)=13.312     E(BOND)=221.815    E(ANGL)=1160.190   |
 | E(DIHE)=166.425    E(IMPR)=87.740     E(VDW )=11112.066                     |
 -------------------------------------------------------------------------------
 --------------- cycle=    50 ------ stepsize=    0.0001 -----------------------
 | Etotal =12748.215  grad(E)=13.312     E(BOND)=221.822    E(ANGL)=1160.228   |
 | E(DIHE)=166.425    E(IMPR)=87.746     E(VDW )=11111.995                     |
 -------------------------------------------------------------------------------
 POWELL: STEP number limit. Normal termination
 POWELL: Current coordinates set to last minimum
 %PARRDR-info: duplication of bond HC   NC2 
 %PARRDR-info: duplication of angle CH2E C    NH1 
 %PARRDR-info: duplication of angle CH2P CH2E HA  
 POWELL: number of degrees of freedom= 18348
 NBONDS: generating intra-molecular exclusion list with mode= 5
 MAKINB: mode   5 found  17753 exclusions and  17755 interactions(1-4)
 NBONDS: found   899310 intra-atom interactions
 NBONDS: found   899430 intra-atom interactions
 NBONDS: found   899391 intra-atom interactions
 --------------- cycle=    50 ------ stepsize=    0.0013 -----------------------
 | Etotal =-15.630    grad(E)=5.490      E(BOND)=9.533      E(ANGL)=427.374    |
 | E(DIHE)=73.613     E(IMPR)=32.193     E(VDW )=-559.219   E(ELEC)=0.875      |
 -------------------------------------------------------------------------------
 POWELL: STEP number limit. Normal termination
 POWELL: Current coordinates set to last minimum
 --------------- cycle=     1 --------------------------------------------------
 | Etotal =-15.630    grad(E)=5.490      E(BOND)=9.533      E(ANGL)=427.374    |
 | E(DIHE)=73.613     E(IMPR)=32.193     E(VDW )=-559.219   E(ELEC)=0.875      |
 -------------------------------------------------------------------------------
 SURFAC: half the sigma value being used for atomic radii.
 SURFAC: ACCEssible surface area
 SURFAC: ACCUracy= 0.07 RH2O=  1.40
         Z-grid=  0.32 number-of-Z-sections=  210
         measures-of-arc= 93997 and153549
 SURFAC: half the sigma value being used for atomic radii.
 SURFAC: ACCEssible surface area
 SURFAC: ACCUracy= 0.07 RH2O=  1.40
         Z-grid=  0.32 number-of-Z-sections=  131
         measures-of-arc= 25771 and 46335
 SURFAC: half the sigma value being used for atomic radii.
 SURFAC: ACCEssible surface area
 SURFAC: ACCUracy= 0.07 RH2O=  1.40
         Z-grid=  0.32 number-of-Z-sections=  210
         measures-of-arc=121477 and200211
 %PARRDR-info: duplication of bond HC   NC2 
 %PARRDR-info: duplication of angle CH2E C    NH1 
 %PARRDR-info: duplication of angle CH2P CH2E HA  
 NBONDS: generating intra-molecular exclusion list with mode= 5
 MAKINB: mode   5 found      0 exclusions and      0 interactions(1-4)
 NBONDS: found      505 intra-atom interactions
 --------------- cycle=     2 --------------------------------------------------
 | Etotal =-0.220     grad(E)=0.028      E(VDW )=-0.636     E(ELEC)=0.416      |
 -------------------------------------------------------------------------------
 NBONDS: generating intra-molecular exclusion list with mode= 5
 MAKINB: mode   5 found      0 exclusions and      0 interactions(1-4)
 NBONDS: found     1505 intra-atom interactions
 --------------- cycle=     3 --------------------------------------------------
 | Etotal =-11.805    grad(E)=0.139      E(VDW )=-6.484     E(ELEC)=-5.321     |
 -------------------------------------------------------------------------------
 NBONDS: generating intra-molecular exclusion list with mode= 5
 MAKINB: mode   5 found      0 exclusions and      0 interactions(1-4)
 NBONDS: found      451 intra-atom interactions
 --------------- cycle=     4 --------------------------------------------------
 | Etotal =-3.041     grad(E)=0.025      E(VDW )=-0.331     E(ELEC)=-2.710     |
 -------------------------------------------------------------------------------
 NBONDS: generating intra-molecular exclusion list with mode= 5
 MAKINB: mode   5 found      0 exclusions and      0 interactions(1-4)
 NBONDS: found     1836 intra-atom interactions
 --------------- cycle=     5 --------------------------------------------------
 | Etotal =-14.809    grad(E)=0.082      E(VDW )=-6.576     E(ELEC)=-8.233     |
 -------------------------------------------------------------------------------
 NBONDS: generating intra-molecular exclusion list with mode= 5
 MAKINB: mode   5 found      0 exclusions and      0 interactions(1-4)
 NBONDS: found     1121 intra-atom interactions
 --------------- cycle=     6 --------------------------------------------------
 | Etotal =-3.384     grad(E)=0.036      E(VDW )=-2.412     E(ELEC)=-0.972     |
 -------------------------------------------------------------------------------
 NBONDS: generating intra-molecular exclusion list with mode= 5
 MAKINB: mode   5 found      0 exclusions and      0 interactions(1-4)
 NBONDS: found     1021 intra-atom interactions
 --------------- cycle=     7 --------------------------------------------------
 | Etotal =-82.021    grad(E)=0.353      E(VDW )=-1.277     E(ELEC)=-80.744    |
 -------------------------------------------------------------------------------
 NBONDS: generating intra-molecular exclusion list with mode= 5
 MAKINB: mode   5 found      0 exclusions and      0 interactions(1-4)
 NBONDS: found     2712 intra-atom interactions
 --------------- cycle=     8 --------------------------------------------------
 | Etotal =-43.589    grad(E)=0.265      E(VDW )=-6.158     E(ELEC)=-37.431    |
 -------------------------------------------------------------------------------
 NBONDS: generating intra-molecular exclusion list with mode= 5
 MAKINB: mode   5 found      0 exclusions and      0 interactions(1-4)
 NBONDS: found     1982 intra-atom interactions
 --------------- cycle=     9 --------------------------------------------------
 | Etotal =3.146      grad(E)=0.197      E(VDW )=-4.841     E(ELEC)=7.987      |
 -------------------------------------------------------------------------------
 NBONDS: generating intra-molecular exclusion list with mode= 5
 MAKINB: mode   5 found      0 exclusions and      0 interactions(1-4)
 NBONDS: found      826 intra-atom interactions
 --------------- cycle=    10 --------------------------------------------------
 | Etotal =-12.443    grad(E)=0.197      E(VDW )=-2.107     E(ELEC)=-10.336    |
 -------------------------------------------------------------------------------
 NBONDS: generating intra-molecular exclusion list with mode= 5
 MAKINB: mode   5 found      0 exclusions and      0 interactions(1-4)
 NBONDS: found      544 intra-atom interactions
 --------------- cycle=    11 --------------------------------------------------
 | Etotal =-15.261    grad(E)=0.165      E(VDW )=-1.158     E(ELEC)=-14.103    |
 -------------------------------------------------------------------------------
 NBONDS: generating intra-molecular exclusion list with mode= 5
 MAKINB: mode   5 found      0 exclusions and      0 interactions(1-4)
 NBONDS: found      950 intra-atom interactions
 --------------- cycle=    12 --------------------------------------------------
 | Etotal =-20.768    grad(E)=0.340      E(VDW )=-1.645     E(ELEC)=-19.123    |
 -------------------------------------------------------------------------------
 NBONDS: generating intra-molecular exclusion list with mode= 5
 MAKINB: mode   5 found      0 exclusions and      0 interactions(1-4)
 NBONDS: found     1355 intra-atom interactions
 --------------- cycle=    13 --------------------------------------------------
 | Etotal =-8.715     grad(E)=0.182      E(VDW )=-0.870     E(ELEC)=-7.845     |
 -------------------------------------------------------------------------------
 NBONDS: generating intra-molecular exclusion list with mode= 5
 MAKINB: mode   5 found      0 exclusions and      0 interactions(1-4)
 NBONDS: found      477 intra-atom interactions
 --------------- cycle=    14 --------------------------------------------------
 | Etotal =2.395      grad(E)=0.034      E(VDW )=-0.705     E(ELEC)=3.099      |
 -------------------------------------------------------------------------------
 NBONDS: generating intra-molecular exclusion list with mode= 5
 MAKINB: mode   5 found      0 exclusions and      0 interactions(1-4)
 NBONDS: found      697 intra-atom interactions
 --------------- cycle=    15 --------------------------------------------------
 | Etotal =-2.099     grad(E)=0.007      E(VDW )=-1.996     E(ELEC)=-0.103     |
 -------------------------------------------------------------------------------
 NBONDS: generating intra-molecular exclusion list with mode= 5
 MAKINB: mode   5 found      0 exclusions and      0 interactions(1-4)
 NBONDS: found      304 intra-atom interactions
 --------------- cycle=    16 --------------------------------------------------
 | Etotal =-1.220     grad(E)=0.003      E(VDW )=-1.221     E(ELEC)=0.001      |
 -------------------------------------------------------------------------------
 NBONDS: generating intra-molecular exclusion list with mode= 5
 MAKINB: mode   5 found      0 exclusions and      0 interactions(1-4)
 NBONDS: found      664 intra-atom interactions
 --------------- cycle=    17 --------------------------------------------------
 | Etotal =-4.933     grad(E)=0.061      E(VDW )=-3.338     E(ELEC)=-1.595     |
 -------------------------------------------------------------------------------
 NBONDS: generating intra-molecular exclusion list with mode= 5
 MAKINB: mode   5 found      0 exclusions and      0 interactions(1-4)
 NBONDS: found      594 intra-atom interactions
 --------------- cycle=    18 --------------------------------------------------
 | Etotal =-4.262     grad(E)=0.057      E(VDW )=-0.714     E(ELEC)=-3.548     |
 -------------------------------------------------------------------------------
 NBONDS: generating intra-molecular exclusion list with mode= 5
 MAKINB: mode   5 found      0 exclusions and      0 interactions(1-4)
 NBONDS: found      341 intra-atom interactions
 --------------- cycle=    19 --------------------------------------------------
 | Etotal =-0.236     grad(E)=0.016      E(VDW )=-1.073     E(ELEC)=0.837      |
 -------------------------------------------------------------------------------
 NBONDS: generating intra-molecular exclusion list with mode= 5
 MAKINB: mode   5 found      0 exclusions and      0 interactions(1-4)
 NBONDS: found     3134 intra-atom interactions
 --------------- cycle=    20 --------------------------------------------------
 | Etotal =-31.704    grad(E)=0.278      E(VDW )=-11.015    E(ELEC)=-20.688    |
 -------------------------------------------------------------------------------
 NBONDS: generating intra-molecular exclusion list with mode= 5
 MAKINB: mode   5 found      0 exclusions and      0 interactions(1-4)
 NBONDS: found      676 intra-atom interactions
 --------------- cycle=    21 --------------------------------------------------
 | Etotal =-3.695     grad(E)=0.051      E(VDW )=-3.534     E(ELEC)=-0.160     |
 -------------------------------------------------------------------------------
 NBONDS: generating intra-molecular exclusion list with mode= 5
 MAKINB: mode   5 found      0 exclusions and      0 interactions(1-4)
 NBONDS: found      740 intra-atom interactions
 --------------- cycle=    22 --------------------------------------------------
 | Etotal =-6.813     grad(E)=0.127      E(VDW )=-2.966     E(ELEC)=-3.848     |
 -------------------------------------------------------------------------------
 NBONDS: generating intra-molecular exclusion list with mode= 5
 MAKINB: mode   5 found      0 exclusions and      0 interactions(1-4)
 NBONDS: found      411 intra-atom interactions
 --------------- cycle=    23 --------------------------------------------------
 | Etotal =0.832      grad(E)=0.069      E(VDW )=-0.782     E(ELEC)=1.614      |
 -------------------------------------------------------------------------------
 NBONDS: generating intra-molecular exclusion list with mode= 5
 MAKINB: mode   5 found      0 exclusions and      0 interactions(1-4)
 NBONDS: found      148 intra-atom interactions
 --------------- cycle=    24 --------------------------------------------------
 | Etotal =-0.221     grad(E)=0.022      E(VDW )=-0.414     E(ELEC)=0.193      |
 -------------------------------------------------------------------------------
 NBONDS: generating intra-molecular exclusion list with mode= 5
 MAKINB: mode   5 found      0 exclusions and      0 interactions(1-4)
 NBONDS: found      201 intra-atom interactions
 --------------- cycle=    25 --------------------------------------------------
 | Etotal =1.619      grad(E)=0.054      E(VDW )=-0.249     E(ELEC)=1.868      |
 -------------------------------------------------------------------------------
 NBONDS: generating intra-molecular exclusion list with mode= 5
 MAKINB: mode   5 found      0 exclusions and      0 interactions(1-4)
 NBONDS: found      893 intra-atom interactions
 --------------- cycle=    26 --------------------------------------------------
 | Etotal =10.013     grad(E)=0.167      E(VDW )=-1.568     E(ELEC)=11.581     |
 -------------------------------------------------------------------------------
 NBONDS: generating intra-molecular exclusion list with mode= 5
 MAKINB: mode   5 found      0 exclusions and      0 interactions(1-4)
 NBONDS: found      870 intra-atom interactions
 --------------- cycle=    27 --------------------------------------------------
 | Etotal =-89.624    grad(E)=0.370      E(VDW )=2.141      E(ELEC)=-91.765    |
 -------------------------------------------------------------------------------
 NBONDS: generating intra-molecular exclusion list with mode= 5
 MAKINB: mode   5 found      0 exclusions and      0 interactions(1-4)
 NBONDS: found      827 intra-atom interactions
 --------------- cycle=    28 --------------------------------------------------
 | Etotal =-12.616    grad(E)=0.246      E(VDW )=-0.636     E(ELEC)=-11.980    |
 -------------------------------------------------------------------------------
 NBONDS: generating intra-molecular exclusion list with mode= 5
 MAKINB: mode   5 found      0 exclusions and      0 interactions(1-4)
 NBONDS: found      532 intra-atom interactions
 --------------- cycle=    29 --------------------------------------------------
 | Etotal =-3.416     grad(E)=0.086      E(VDW )=-1.976     E(ELEC)=-1.439     |
 -------------------------------------------------------------------------------
 NBONDS: generating intra-molecular exclusion list with mode= 5
 MAKINB: mode   5 found      0 exclusions and      0 interactions(1-4)
 NBONDS: found     1419 intra-atom interactions
 --------------- cycle=    30 --------------------------------------------------
 | Etotal =0.187      grad(E)=0.062      E(VDW )=-4.134     E(ELEC)=4.322      |
 -------------------------------------------------------------------------------
 NBONDS: generating intra-molecular exclusion list with mode= 5
 MAKINB: mode   5 found      0 exclusions and      0 interactions(1-4)
 NBONDS: found     1411 intra-atom interactions
 --------------- cycle=    31 --------------------------------------------------
 | Etotal =-4.640     grad(E)=0.044      E(VDW )=-6.241     E(ELEC)=1.601      |
 -------------------------------------------------------------------------------
 NBONDS: generating intra-molecular exclusion list with mode= 5
 MAKINB: mode   5 found      0 exclusions and      0 interactions(1-4)
 NBONDS: found      728 intra-atom interactions
 --------------- cycle=    32 --------------------------------------------------
 | Etotal =-2.615     grad(E)=0.031      E(VDW )=-1.499     E(ELEC)=-1.117     |
 -------------------------------------------------------------------------------
 NBONDS: generating intra-molecular exclusion list with mode= 5
 MAKINB: mode   5 found      0 exclusions and      0 interactions(1-4)
 NBONDS: found      829 intra-atom interactions
 --------------- cycle=    33 --------------------------------------------------
 | Etotal =-8.087     grad(E)=0.089      E(VDW )=-3.402     E(ELEC)=-4.684     |
 -------------------------------------------------------------------------------
 NBONDS: generating intra-molecular exclusion list with mode= 5
 MAKINB: mode   5 found      0 exclusions and      0 interactions(1-4)
 NBONDS: found      393 intra-atom interactions
 --------------- cycle=    34 --------------------------------------------------
 | Etotal =-2.711     grad(E)=0.046      E(VDW )=-1.388     E(ELEC)=-1.323     |
 -------------------------------------------------------------------------------
 NBONDS: generating intra-molecular exclusion list with mode= 5
 MAKINB: mode   5 found      0 exclusions and      0 interactions(1-4)
 NBONDS: found     2006 intra-atom interactions
 --------------- cycle=    35 --------------------------------------------------
 | Etotal =-6.895     grad(E)=0.020      E(VDW )=-6.054     E(ELEC)=-0.840     |
 -------------------------------------------------------------------------------
 NBONDS: generating intra-molecular exclusion list with mode= 5
 MAKINB: mode   5 found      0 exclusions and      0 interactions(1-4)
 NBONDS: found     1167 intra-atom interactions
 --------------- cycle=    36 --------------------------------------------------
 | Etotal =-6.201     grad(E)=0.087      E(VDW )=-3.588     E(ELEC)=-2.613     |
 -------------------------------------------------------------------------------
 NBONDS: generating intra-molecular exclusion list with mode= 5
 MAKINB: mode   5 found      0 exclusions and      0 interactions(1-4)
 NBONDS: found     1696 intra-atom interactions
 --------------- cycle=    37 --------------------------------------------------
 | Etotal =-2.157     grad(E)=0.099      E(VDW )=-6.072     E(ELEC)=3.915      |
 -------------------------------------------------------------------------------
 NBONDS: generating intra-molecular exclusion list with mode= 5
 MAKINB: mode   5 found      0 exclusions and      0 interactions(1-4)
 NBONDS: found      325 intra-atom interactions
 --------------- cycle=    38 --------------------------------------------------
 | Etotal =-9.196     grad(E)=0.078      E(VDW )=-0.905     E(ELEC)=-8.291     |
 -------------------------------------------------------------------------------
 NBONDS: generating intra-molecular exclusion list with mode= 5
 MAKINB: mode   5 found      0 exclusions and      0 interactions(1-4)
 NBONDS: found     1277 intra-atom interactions
 --------------- cycle=    39 --------------------------------------------------
 | Etotal =-33.881    grad(E)=0.229      E(VDW )=-2.102     E(ELEC)=-31.779    |
 -------------------------------------------------------------------------------
 NBONDS: generating intra-molecular exclusion list with mode= 5
 MAKINB: mode   5 found      0 exclusions and      0 interactions(1-4)
 NBONDS: found      455 intra-atom interactions
 --------------- cycle=    40 --------------------------------------------------
 | Etotal =-6.670     grad(E)=0.057      E(VDW )=-0.873     E(ELEC)=-5.797     |
 -------------------------------------------------------------------------------
 NBONDS: generating intra-molecular exclusion list with mode= 5
 MAKINB: mode   5 found      0 exclusions and      0 interactions(1-4)
 NBONDS: found      419 intra-atom interactions
 --------------- cycle=    41 --------------------------------------------------
 | Etotal =-18.849    grad(E)=0.121      E(VDW )=-1.695     E(ELEC)=-17.154    |
 -------------------------------------------------------------------------------
 NBONDS: generating intra-molecular exclusion list with mode= 5
 MAKINB: mode   5 found      0 exclusions and      0 interactions(1-4)
 NBONDS: found     1485 intra-atom interactions
 --------------- cycle=    42 --------------------------------------------------
 | Etotal =-5.918     grad(E)=0.062      E(VDW )=-3.404     E(ELEC)=-2.514     |
 -------------------------------------------------------------------------------
 NBONDS: generating intra-molecular exclusion list with mode= 5
 MAKINB: mode   5 found      0 exclusions and      0 interactions(1-4)
 NBONDS: found     1948 intra-atom interactions
 --------------- cycle=    43 --------------------------------------------------
 | Etotal =-15.212    grad(E)=0.224      E(VDW )=-2.751     E(ELEC)=-12.461    |
 -------------------------------------------------------------------------------
 NBONDS: generating intra-molecular exclusion list with mode= 5
 MAKINB: mode   5 found      0 exclusions and      0 interactions(1-4)
 NBONDS: found     1236 intra-atom interactions
 --------------- cycle=    44 --------------------------------------------------
 | Etotal =-4.713     grad(E)=0.119      E(VDW )=-5.509     E(ELEC)=0.796      |
 -------------------------------------------------------------------------------
 NBONDS: generating intra-molecular exclusion list with mode= 5
 MAKINB: mode   5 found      0 exclusions and      0 interactions(1-4)
 NBONDS: found      679 intra-atom interactions
 --------------- cycle=    45 --------------------------------------------------
 | Etotal =-8.002     grad(E)=0.078      E(VDW )=-2.198     E(ELEC)=-5.805     |
 -------------------------------------------------------------------------------
 NBONDS: generating intra-molecular exclusion list with mode= 5
 MAKINB: mode   5 found      0 exclusions and      0 interactions(1-4)
 NBONDS: found     1859 intra-atom interactions
 --------------- cycle=    46 --------------------------------------------------
 | Etotal =-7.079     grad(E)=0.064      E(VDW )=-7.487     E(ELEC)=0.408      |
 -------------------------------------------------------------------------------
 HEAP: maximum use      =    22570152 current use      =       96000 bytes
 HEAP: maximum overhead =        2800 current overhead =         752 bytes
          ============================================================
           Maximum dynamic memory allocation:    22570152 bytes
           Maximum dynamic memory overhead:          2800 bytes
           Program started at: 16:49:07 on 08-May-2020
           Program stopped at: 16:49:32 on 08-May-2020
           CPU time used:      25.1250 seconds
          ============================================================
