          ============================================================
          |                                                          |
          |            Crystallography & NMR System (CNS)            |
          |                         CNSsolve                         |
          |                                                          |
          ============================================================
           Version: 1.3 at patch level U
           Status: Special UU release with Rg and paramagnetic
                   restraints (A. Bonvin, UU 2011)
          ============================================================
           Written by: A.T.Brunger, P.D.Adams, G.M.Clore, W.L.DeLano,
                       P.Gros, R.W.Grosse-Kunstleve,J.-S.Jiang,J.M.Krahn,
                       J.Kuszewski, M.Nilges, N.S.Pannu, R.J.Read,
                       L.M.Rice, G.F.Schroeder, T.Simonson, G.L.Warren.
           Copyright (c) 1997-2010 Yale University
          ============================================================
           Running on machine: hostname unknown (x86_64/Linux,64-bit)
           Program started by: joaor
           Program started at: 19:12:06 on 10-Jun-2020
          ============================================================

 FFT3C: Using FFTPACK4.1

 CNSsolve>! 
 CNSsolve>! Calculates pairwise energies between residues 
 CNSsolve>! Will only rebuild hydrogen atoms 
 CNSsolve>! 
 CNSsolve>! Adapted from HADDOCK protocols here and there. 
 CNSsolve>! JR & AMJJB @ 2020 
 CNSsolve>! 
 CNSsolve>define( 
 DEFINE>    {===>} auto_break=true; 
 DEFINE>    {===>} break_cutoff=2.5; 
 DEFINE>    {===>} dnaauto_break=true; 
 DEFINE>    {===>} dbreak_cutoff=4.5; 
 DEFINE>    {===>} auto_cispro=true; 
 DEFINE>    {===>} auto_disu=true; 
 DEFINE>    {===>} disulphide_dist=3.0; 
 DEFINE>    {===>} glyco_dist=2.75; 
 DEFINE>    {===>} coorin="molecule.pdb"; 
 DEFINE>    {===>} icutoff=5.0; 
 DEFINE>) 
 CNSsolve> 
 CNSsolve>! Mute (most) output 
 CNSsolve>set message=on echo=off end 
 ASSFIL: file merged.param opened.
 MESSage=NORM
 EVALUATE: symbol $OLD_MESSAGE set to "NORM" (string)
 ECHO=FALSe {OFF}
 EVALUATE: symbol $OLD_ECHO set to FALSE (logical)
 %PARRDR-info: duplication of bond HC   NC2 
 %PARRDR-info: duplication of angle CH2E C    NH1 
 %PARRDR-info: duplication of angle CH2P CH2E HA  
 ASSFIL: file merged.top opened.
 MESSage=NORM
 EVALUATE: symbol $OLD_MESSAGE set to "NORM" (string)
 ECHO=FALSe {OFF}
 EVALUATE: symbol $OLD_ECHO set to FALSE (logical)
 %RTFIO-warning: undefined masses in residue CYC 
 %RTFIO error encountered: there are undefined masses.
   (CNS is in mode: SET ABORT=NORMal END)
 MESSage=NORM
 EVALUATE: symbol $OLD_MESSAGE set to "NORM" (string)
 ECHO=FALSe {OFF}
 EVALUATE: symbol $OLD_ECHO set to FALSE (logical)
 ASSFIL: file protein_break.top opened.
 %RTFRDR-ERR: duplicate (P-)RESIdue name DPEP
 %RTFRDR-ERR: duplicate (P-)RESIdue name DPPP
 RTFRDR> 
 RTFRDR>end 
 CNSsolve> 
 CNSsolve>! Reset output muting 
 CNSsolve>set message=off echo=off end 
FOUND 5 NAG:ASN pairs
NAG:ASN bond added from   B    901  to   B    53  
NAG:ASN bond added from   B    903  to   B    90  
NAG:ASN bond added from   B    908  to   B    432 
NAG:ASN bond added from   B    910  to   B    546 
NAG:ASN bond added from   E    1401 to   E    343 
FOUND 6 NAG:NAG pairs
NAG:NAG B14 bond added from   B    902  to   B    901 
NAG:NAG B14 bond added from   B    904  to   B    903 
NAG:NAG B14 bond added from   B    909  to   B    908 
NAG:NAG B14 bond added from   B    911  to   B    910 
NAG:NAG B14 bond added from   E    1402 to   E    1401
NAG:NAG B14 bond added from   E    1403 to   E    1402
 %PARRDR-info: duplication of bond HC   NC2 
 %PARRDR-info: duplication of angle CH2E C    NH1 
 %PARRDR-info: duplication of angle CH2P CH2E HA  
 POWELL: number of degrees of freedom= 13761
 NBONDS: generating intra-molecular exclusion list with mode=-2
 MAKINB: mode  -2 found   4587 exclusions and      0 interactions(1-4)
 %atoms "B   -167 -GLY -N   " and "B   -167 -GLY -HA2 " only  0.09 A apart
 %atoms "B   -217 -TYR -HB2 " and "B   -217 -TYR -HD1 " only  0.04 A apart
 %atoms "B   -247 -LYS -HA  " and "B   -247 -LYS -HE1 " only  0.09 A apart
 %atoms "B   -285 -PHE -HD1 " and "B   -285 -PHE -HE2 " only  0.09 A apart
 %atoms "B   -313 -LYS -HD2 " and "B   -313 -LYS -HE1 " only  0.09 A apart
 %atoms "B   -359 -LYS -HG2 " and "B   -359 -LYS -HD1 " only  0.05 A apart
 %atoms "B   -391 -LEU -HD13" and "B   -391 -LEU -HD23" only  0.08 A apart
 %atoms "B   -436 -ILE -CB  " and "B   -436 -ILE -HD12" only  0.08 A apart
 %atoms "B   -437 -ASN -HB1 " and "B   -437 -ASN -HB2 " only  0.08 A apart
 %atoms "B   -484 -ILE -HB  " and "B   -484 -ILE -HG12" only  0.10 A apart
 %atoms "B   -488 -VAL -HG22" and "B   -488 -VAL -C   " only  0.09 A apart
 %atoms "B   -534 -LYS -HA  " and "B   -534 -LYS -CG  " only  0.07 A apart
 %atoms "E   -387 -LEU -HD12" and "E   -387 -LEU -HD13" only  0.08 A apart
 %atoms "E   -410 -ILE -HA  " and "E   -410 -ILE -HG21" only  0.09 A apart
 %atoms "E   -417 -LYS -HE1 " and "E   -417 -LYS -HE2 " only  0.10 A apart
 %atoms "E   -503 -VAL -CA  " and "E   -503 -VAL -HG12" only  0.07 A apart
 %atoms "E   -512 -VAL -CB  " and "E   -512 -VAL -HG21" only  0.10 A apart
 NBONDS: found   689264 intra-atom interactions
 NBONDS: found       17 nonbonded violations
 %atoms "B   -247 -LYS -HA  " and "B   -247 -LYS -CG  " only  0.08 A apart
 %atoms "B   -291 -ILE -HG11" and "B   -291 -ILE -HD13" only  0.04 A apart
 %atoms "B   -392 -LEU -HG  " and "B   -392 -LEU -HD11" only  0.09 A apart
 NBONDS: found   689972 intra-atom interactions
 NBONDS: found        3 nonbonded violations
 NBONDS: found   686561 intra-atom interactions
 NBONDS: found   683075 intra-atom interactions
 --------------- cycle=    10 ------ stepsize=   -0.0000 -----------------------
 | Etotal =0.33E+07   grad(E)=568.739    E(BOND)=478425.780 E(ANGL)=0.16E+07   |
 | E(VDW )=0.13E+07                                                            |
 -------------------------------------------------------------------------------
 NBONDS: found   682034 intra-atom interactions
 NBONDS: found   683269 intra-atom interactions
 NBONDS: found   684166 intra-atom interactions
 NBONDS: found   684323 intra-atom interactions
 --------------- cycle=    20 ------ stepsize=    0.0000 -----------------------
 | Etotal =0.13E+07   grad(E)=304.160    E(BOND)=239424.768 E(ANGL)=506528.662 |
 | E(VDW )=510373.552                                                          |
 -------------------------------------------------------------------------------
 NBONDS: found   683732 intra-atom interactions
 NBONDS: found   683937 intra-atom interactions
 NBONDS: found   684090 intra-atom interactions
 NBONDS: found   683727 intra-atom interactions
 --------------- cycle=    30 ------ stepsize=    0.0000 -----------------------
 | Etotal =978856.109 grad(E)=243.661    E(BOND)=188200.271 E(ANGL)=357465.068 |
 | E(VDW )=433190.770                                                          |
 -------------------------------------------------------------------------------
 NBONDS: found   683762 intra-atom interactions
 NBONDS: found   683921 intra-atom interactions
 --------------- cycle=    40 ------ stepsize=    0.0001 -----------------------
 | Etotal =933799.267 grad(E)=233.651    E(BOND)=184220.866 E(ANGL)=334042.568 |
 | E(VDW )=415535.833                                                          |
 -------------------------------------------------------------------------------
 NBONDS: found   684068 intra-atom interactions
 NBONDS: found   683967 intra-atom interactions
 NBONDS: found   683957 intra-atom interactions
 --------------- cycle=    50 ------ stepsize=   -0.0001 -----------------------
 | Etotal =918589.581 grad(E)=230.828    E(BOND)=182715.458 E(ANGL)=327684.741 |
 | E(VDW )=408189.382                                                          |
 -------------------------------------------------------------------------------
 POWELL: STEP number limit. Normal termination
 POWELL: Current coordinates set to last minimum
 DCART: temperature coupling (TCOUpling) enabled
 -------------------------- Cartesian dynamics start ---------------------------
 | E(kin)+E(total)=0.35E+07        E(kin)=4196.224      temperature=306.902    |
 | Etotal =0.35E+07   grad(E)=596.645    E(BOND)=182715.458 E(ANGL)=327684.741 |
 | E(IMPR)=0.30E+07                                                            |
 -------------------------------------------------------------------------------
 ----------------- final step=       50 at      0.02500 ps ---------------------
 | E(kin)+E(total)=0.22E+07        E(kin)=449925.963    temperature=32906.481  |
 | Etotal =0.18E+07   grad(E)=324.220    E(BOND)=200430.773 E(ANGL)=818479.581 |
 | E(IMPR)=777924.551                                                          |
 -------------------------------------------------------------------------------
 CENMAS: Information about center of free masses
         position [A]          :     -0.66157      0.01565     -0.24075
         velocity [A/ps]       :      0.68400     -1.22389      0.20701
         ang. mom. [amu A/ps]  :-523582.49579 331391.19081 943617.00306
         kin. ener. [Kcal/mol] :    220.20806
 POWELL: number of degrees of freedom= 13761
 NBONDS: found   681231 intra-atom interactions
 NBONDS: found   680476 intra-atom interactions
 NBONDS: found   680695 intra-atom interactions
 NBONDS: found   681835 intra-atom interactions
 --------------- cycle=    10 ------ stepsize=   -0.0001 -----------------------
 | Etotal =0.19E+07   grad(E)=277.240    E(BOND)=248459.274 E(ANGL)=463634.088 |
 | E(IMPR)=695406.621 E(VDW )=476842.083                                       |
 -------------------------------------------------------------------------------
 NBONDS: found   682707 intra-atom interactions
 NBONDS: found   683083 intra-atom interactions
 NBONDS: found   682686 intra-atom interactions
 NBONDS: found   682942 intra-atom interactions
 --------------- cycle=    20 ------ stepsize=   -0.0000 -----------------------
 | Etotal =0.13E+07   grad(E)=139.532    E(BOND)=173324.127 E(ANGL)=159064.968 |
 | E(IMPR)=577320.356 E(VDW )=353493.262                                       |
 -------------------------------------------------------------------------------
 NBONDS: found   683032 intra-atom interactions
 NBONDS: found   682920 intra-atom interactions
 NBONDS: found   682997 intra-atom interactions
 NBONDS: found   683041 intra-atom interactions
 --------------- cycle=    30 ------ stepsize=    0.0001 -----------------------
 | Etotal =0.12E+07   grad(E)=117.345    E(BOND)=168707.777 E(ANGL)=133135.510 |
 | E(IMPR)=562770.559 E(VDW )=329886.568                                       |
 -------------------------------------------------------------------------------
 NBONDS: found   683036 intra-atom interactions
 NBONDS: found   683105 intra-atom interactions
 NBONDS: found   683148 intra-atom interactions
 --------------- cycle=    40 ------ stepsize=    0.0000 -----------------------
 | Etotal =0.12E+07   grad(E)=110.175    E(BOND)=165391.224 E(ANGL)=123333.651 |
 | E(IMPR)=556023.203 E(VDW )=323755.157                                       |
 -------------------------------------------------------------------------------
 NBONDS: found   683095 intra-atom interactions
 NBONDS: found   683088 intra-atom interactions
 NBONDS: found   683053 intra-atom interactions
 --------------- cycle=    50 ------ stepsize=   -0.0001 -----------------------
 | Etotal =0.12E+07   grad(E)=108.357    E(BOND)=165171.559 E(ANGL)=119467.448 |
 | E(IMPR)=552091.716 E(VDW )=321145.703                                       |
 -------------------------------------------------------------------------------
 POWELL: STEP number limit. Normal termination
 POWELL: Current coordinates set to last minimum
 DCART: temperature coupling (TCOUpling) enabled
 -------------------------- Cartesian dynamics start ---------------------------
 | E(kin)+E(total)=0.12E+07        E(kin)=4129.272      temperature=302.005    |
 | Etotal =0.12E+07   grad(E)=108.357    E(BOND)=165171.559 E(ANGL)=119467.448 |
 | E(IMPR)=552091.716 E(VDW )=321145.703                                       |
 -------------------------------------------------------------------------------
 NBONDS: found   683196 intra-atom interactions
 NBONDS: found   683139 intra-atom interactions
 ----------------- final step=       50 at      0.02500 ps ---------------------
 | E(kin)+E(total)=0.12E+07        E(kin)=5144.521      temperature=376.258    |
 | Etotal =0.12E+07   grad(E)=111.670    E(BOND)=166670.364 E(ANGL)=120468.156 |
 | E(IMPR)=549670.808 E(VDW )=319652.941                                       |
 -------------------------------------------------------------------------------
 CENMAS: Information about center of free masses
         position [A]          :     -0.66587      0.00193     -0.22809
         velocity [A/ps]       :      0.05238      0.10154     -0.00273
         ang. mom. [amu A/ps]  :   8811.23245-143475.80442 -48201.17035
         kin. ener. [Kcal/mol] :      1.43202
 %PARRDR-info: duplication of bond HC   NC2 
 %PARRDR-info: duplication of angle CH2E C    NH1 
 %PARRDR-info: duplication of angle CH2P CH2E HA  
 POWELL: number of degrees of freedom= 13761
 NBONDS: generating intra-molecular exclusion list with mode=-3
 MAKINB: mode  -3 found  15673 exclusions and      0 interactions(1-4)
 NBONDS: found   671940 intra-atom interactions
 NBONDS: found   673799 intra-atom interactions
 NBONDS: found   673657 intra-atom interactions
 NBONDS: found   673714 intra-atom interactions
 NBONDS: found   674187 intra-atom interactions
 NBONDS: found   674568 intra-atom interactions
 NBONDS: found   674772 intra-atom interactions
 NBONDS: found   674698 intra-atom interactions
 --------------- cycle=    25 ------ stepsize=    0.0002 -----------------------
 | Etotal =270557.165 grad(E)=108.463    E(BOND)=20434.451  E(ANGL)=133321.461 |
 | E(IMPR)=114355.075 E(VDW )=2446.178                                         |
 -------------------------------------------------------------------------------
 NBONDS: found   674455 intra-atom interactions
 NBONDS: found   674124 intra-atom interactions
 NBONDS: found   674193 intra-atom interactions
 NBONDS: found   674283 intra-atom interactions
 NBONDS: found   674187 intra-atom interactions
 NBONDS: found   674148 intra-atom interactions
 --------------- cycle=    50 ------ stepsize=   -0.0001 -----------------------
 | Etotal =58092.436  grad(E)=40.905     E(BOND)=2990.893   E(ANGL)=29057.759  |
 | E(IMPR)=25185.273  E(VDW )=858.510                                          |
 -------------------------------------------------------------------------------
 NBONDS: found   674191 intra-atom interactions
 NBONDS: found   674213 intra-atom interactions
 NBONDS: found   674253 intra-atom interactions
 NBONDS: found   674263 intra-atom interactions
 --------------- cycle=    75 ------ stepsize=    0.0006 -----------------------
 | Etotal =9906.489   grad(E)=15.697     E(BOND)=406.958    E(ANGL)=5615.317   |
 | E(IMPR)=3264.170   E(VDW )=620.044                                          |
 -------------------------------------------------------------------------------
 NBONDS: found   674285 intra-atom interactions
 NBONDS: found   674265 intra-atom interactions
 NBONDS: found   674277 intra-atom interactions
 --------------- cycle=   100 ------ stepsize=   -0.0001 -----------------------
 | Etotal =2344.862   grad(E)=13.172     E(BOND)=85.779     E(ANGL)=1594.181   |
 | E(IMPR)=88.066     E(VDW )=576.836                                          |
 -------------------------------------------------------------------------------
 POWELL: STEP number limit. Normal termination
 POWELL: Current coordinates set to last minimum
 DCART: temperature coupling (TCOUpling) enabled
 -------------------------- Cartesian dynamics start ---------------------------
 | E(kin)+E(total)=6398.351        E(kin)=4053.490      temperature=296.462    |
 | Etotal =2344.862   grad(E)=13.172     E(BOND)=85.779     E(ANGL)=1594.181   |
 | E(IMPR)=88.066     E(VDW )=576.836                                          |
 -------------------------------------------------------------------------------
 NBONDS: found   674200 intra-atom interactions
 NBONDS: found   674227 intra-atom interactions
 NBONDS: found   674114 intra-atom interactions
 NBONDS: found   674164 intra-atom interactions
 NBONDS: found   674219 intra-atom interactions
 NBONDS: found   674262 intra-atom interactions
 NBONDS: found   674170 intra-atom interactions
 NBONDS: found   674301 intra-atom interactions
 NBONDS: found   674395 intra-atom interactions
 NBONDS: found   674309 intra-atom interactions
 NBONDS: found   674279 intra-atom interactions
 NBONDS: found   674429 intra-atom interactions
 NBONDS: found   674354 intra-atom interactions
 NBONDS: found   674305 intra-atom interactions
 NBONDS: found   674361 intra-atom interactions
 NBONDS: found   674262 intra-atom interactions
 NBONDS: found   674216 intra-atom interactions
 NBONDS: found   674157 intra-atom interactions
 NBONDS: found   674206 intra-atom interactions
 NBONDS: found   674167 intra-atom interactions
 NBONDS: found   674246 intra-atom interactions
 NBONDS: found   674179 intra-atom interactions
 NBONDS: found   674208 intra-atom interactions
 NBONDS: found   674327 intra-atom interactions
 NBONDS: found   674235 intra-atom interactions
 ----------------- final step=      500 at      0.25000 ps ---------------------
 | E(kin)+E(total)=8952.721        E(kin)=4396.158      temperature=321.524    |
 | Etotal =4556.564   grad(E)=27.620     E(BOND)=1152.580   E(ANGL)=2458.771   |
 | E(IMPR)=302.102    E(VDW )=643.110                                          |
 -------------------------------------------------------------------------------
 CENMAS: Information about center of free masses
         position [A]          :     -0.66733      0.00271     -0.22501
         velocity [A/ps]       :     -0.07558      0.07828      0.01389
         ang. mom. [amu A/ps]  : -97910.07242 -39798.64199 -85934.47427
         kin. ener. [Kcal/mol] :      1.31913
 EFLAGS: the following energy flags are set
 EFLAGS: BOND ANGL DIHE IMPR VDW 
 %PARRDR-info: duplication of bond HC   NC2 
 %PARRDR-info: duplication of angle CH2E C    NH1 
 %PARRDR-info: duplication of angle CH2P CH2E HA  
 POWELL: number of degrees of freedom= 13761
 NBONDS: generating intra-molecular exclusion list with mode=-3
 MAKINB: mode  -3 found  15673 exclusions and      0 interactions(1-4)
 NBONDS: found   674235 intra-atom interactions
 NBONDS: found   674048 intra-atom interactions
 --------------- cycle=    50 ------ stepsize=    0.0011 -----------------------
 | Etotal =13195.949  grad(E)=13.709     E(BOND)=222.570    E(ANGL)=1179.453   |
 | E(DIHE)=199.260    E(IMPR)=91.807     E(VDW )=11502.860                     |
 -------------------------------------------------------------------------------
 NBONDS: found   674261 intra-atom interactions
 --------------- cycle=   100 ------ stepsize=    0.0009 -----------------------
 | Etotal =12809.931  grad(E)=13.377     E(BOND)=223.954    E(ANGL)=1139.776   |
 | E(DIHE)=162.559    E(IMPR)=89.108     E(VDW )=11194.534                     |
 -------------------------------------------------------------------------------
 --------------- cycle=   150 ------ stepsize=    0.0010 -----------------------
 | Etotal =12752.263  grad(E)=13.353     E(BOND)=222.833    E(ANGL)=1136.662   |
 | E(DIHE)=153.655    E(IMPR)=87.273     E(VDW )=11151.841                     |
 -------------------------------------------------------------------------------
 NBONDS: found   674287 intra-atom interactions
 --------------- cycle=   200 ------ stepsize=    0.0012 -----------------------
 | Etotal =12741.899  grad(E)=13.352     E(BOND)=222.812    E(ANGL)=1135.920   |
 | E(DIHE)=151.157    E(IMPR)=87.585     E(VDW )=11144.425                     |
 -------------------------------------------------------------------------------
 --------------- cycle=   250 ------ stepsize=    0.0011 -----------------------
 | Etotal =12734.286  grad(E)=13.351     E(BOND)=222.657    E(ANGL)=1135.346   |
 | E(DIHE)=151.649    E(IMPR)=87.085     E(VDW )=11137.550                     |
 -------------------------------------------------------------------------------
 --------------- cycle=   300 ------ stepsize=    0.0009 -----------------------
 | Etotal =12734.005  grad(E)=13.349     E(BOND)=222.561    E(ANGL)=1135.242   |
 | E(DIHE)=151.741    E(IMPR)=86.911     E(VDW )=11137.551                     |
 -------------------------------------------------------------------------------
 --------------- cycle=   350 ------ stepsize=    0.0011 -----------------------
 | Etotal =12733.999  grad(E)=13.349     E(BOND)=222.557    E(ANGL)=1135.300   |
 | E(DIHE)=151.797    E(IMPR)=86.935     E(VDW )=11137.410                     |
 -------------------------------------------------------------------------------
 --------------- cycle=   400 ------ stepsize=    0.0013 -----------------------
 | Etotal =12733.998  grad(E)=13.349     E(BOND)=222.552    E(ANGL)=1135.300   |
 | E(DIHE)=151.825    E(IMPR)=86.922     E(VDW )=11137.398                     |
 -------------------------------------------------------------------------------
 POWELL: Gradient converged. Normal termination
 POWELL: Current coordinates set to last minimum
 DCART: temperature coupling (TCOUpling) enabled
 -------------------------- Cartesian dynamics start ---------------------------
 | E(kin)+E(total)=16795.351       E(kin)=4061.353      temperature=297.037    |
 | Etotal =12733.998  grad(E)=13.349     E(BOND)=222.552    E(ANGL)=1135.297   |
 | E(DIHE)=151.825    E(IMPR)=86.922     E(VDW )=11137.402                     |
 -------------------------------------------------------------------------------
 NBONDS: found   674186 intra-atom interactions
 NBONDS: found   674155 intra-atom interactions
 NBONDS: found   674257 intra-atom interactions
 NBONDS: found   674191 intra-atom interactions
 NBONDS: found   674157 intra-atom interactions
 NBONDS: found   674087 intra-atom interactions
 NBONDS: found   674234 intra-atom interactions
 NBONDS: found   674092 intra-atom interactions
 ----------------- final step=      500 at      0.25000 ps ---------------------
 | E(kin)+E(total)=20987.057       E(kin)=4245.825      temperature=310.529    |
 | Etotal =16741.231  grad(E)=31.843     E(BOND)=1269.665   E(ANGL)=3412.234   |
 | E(DIHE)=168.583    E(IMPR)=436.366    E(VDW )=11454.383                     |
 -------------------------------------------------------------------------------
 CENMAS: Information about center of free masses
         position [A]          :     -0.66687      0.00228     -0.22577
         velocity [A/ps]       :     -0.05755      0.02232      0.30562
         ang. mom. [amu A/ps]  :  16189.08705 -43442.10767  21259.10573
         kin. ener. [Kcal/mol] :      0.53714
 POWELL: number of degrees of freedom= 13761
 --------------- cycle=    50 ------ stepsize=    0.0009 -----------------------
 | Etotal =12740.138  grad(E)=13.346     E(BOND)=222.348    E(ANGL)=1134.857   |
 | E(DIHE)=152.788    E(IMPR)=87.357     E(VDW )=11142.788                     |
 -------------------------------------------------------------------------------
 --------------- cycle=   100 ------ stepsize=    0.0011 -----------------------
 | Etotal =12734.465  grad(E)=13.350     E(BOND)=222.497    E(ANGL)=1135.222   |
 | E(DIHE)=151.922    E(IMPR)=87.142     E(VDW )=11137.682                     |
 -------------------------------------------------------------------------------
 --------------- cycle=   150 ------ stepsize=    0.0013 -----------------------
 | Etotal =12734.017  grad(E)=13.349     E(BOND)=222.415    E(ANGL)=1135.143   |
 | E(DIHE)=152.248    E(IMPR)=87.053     E(VDW )=11137.159                     |
 -------------------------------------------------------------------------------
 --------------- cycle=   200 ------ stepsize=    0.0011 -----------------------
 | Etotal =12733.964  grad(E)=13.349     E(BOND)=222.384    E(ANGL)=1135.154   |
 | E(DIHE)=152.299    E(IMPR)=87.025     E(VDW )=11137.102                     |
 -------------------------------------------------------------------------------
 --------------- cycle=   250 ------ stepsize=    0.0013 -----------------------
 | Etotal =12733.949  grad(E)=13.349     E(BOND)=222.360    E(ANGL)=1135.176   |
 | E(DIHE)=152.407    E(IMPR)=87.052     E(VDW )=11136.955                     |
 -------------------------------------------------------------------------------
 --------------- cycle=   300 ------ stepsize=    0.0014 -----------------------
 | Etotal =12733.947  grad(E)=13.349     E(BOND)=222.364    E(ANGL)=1135.184   |
 | E(DIHE)=152.356    E(IMPR)=87.049     E(VDW )=11136.994                     |
 -------------------------------------------------------------------------------
 --------------- cycle=   350 ------ stepsize=    0.0012 -----------------------
 | Etotal =12733.947  grad(E)=13.349     E(BOND)=222.367    E(ANGL)=1135.180   |
 | E(DIHE)=152.350    E(IMPR)=87.049     E(VDW )=11137.000                     |
 -------------------------------------------------------------------------------
 --------------- cycle=   400 ------ stepsize=    0.0011 -----------------------
 | Etotal =12733.947  grad(E)=13.349     E(BOND)=222.367    E(ANGL)=1135.180   |
 | E(DIHE)=152.353    E(IMPR)=87.050     E(VDW )=11136.998                     |
 -------------------------------------------------------------------------------
 POWELL: Gradient converged. Normal termination
 POWELL: Current coordinates set to last minimum
 POWELL: number of degrees of freedom= 18321
 NBONDS: found   674265 intra-atom interactions
 NBONDS: found   674169 intra-atom interactions
 NBONDS: found   674254 intra-atom interactions
 --------------- cycle=     5 ------ stepsize=    0.0006 -----------------------
 | Etotal =12520.280  grad(E)=13.307     E(BOND)=219.662    E(ANGL)=1131.176   |
 | E(DIHE)=152.345    E(IMPR)=85.600     E(VDW )=10931.497                     |
 -------------------------------------------------------------------------------
 --------------- cycle=    10 ------ stepsize=    0.0009 -----------------------
 | Etotal =12518.364  grad(E)=13.292     E(BOND)=219.835    E(ANGL)=1128.988   |
 | E(DIHE)=152.346    E(IMPR)=85.364     E(VDW )=10931.830                     |
 -------------------------------------------------------------------------------
 --------------- cycle=    15 ------ stepsize=    0.0018 -----------------------
 | Etotal =12517.997  grad(E)=13.290     E(BOND)=219.728    E(ANGL)=1129.193   |
 | E(DIHE)=152.360    E(IMPR)=85.555     E(VDW )=10931.161                     |
 -------------------------------------------------------------------------------
 --------------- cycle=    20 ------ stepsize=    0.0012 -----------------------
 | Etotal =12517.379  grad(E)=13.291     E(BOND)=219.763    E(ANGL)=1129.279   |
 | E(DIHE)=152.412    E(IMPR)=85.375     E(VDW )=10930.550                     |
 -------------------------------------------------------------------------------
 --------------- cycle=    25 ------ stepsize=    0.0001 -----------------------
 | Etotal =12517.194  grad(E)=13.290     E(BOND)=219.817    E(ANGL)=1129.031   |
 | E(DIHE)=152.402    E(IMPR)=85.473     E(VDW )=10930.471                     |
 -------------------------------------------------------------------------------
 --------------- cycle=    30 ------ stepsize=    0.0009 -----------------------
 | Etotal =12516.875  grad(E)=13.290     E(BOND)=219.794    E(ANGL)=1129.134   |
 | E(DIHE)=152.369    E(IMPR)=85.435     E(VDW )=10930.143                     |
 -------------------------------------------------------------------------------
 --------------- cycle=    35 ------ stepsize=   -0.0000 -----------------------
 | Etotal =12516.790  grad(E)=13.291     E(BOND)=219.797    E(ANGL)=1129.185   |
 | E(DIHE)=152.353    E(IMPR)=85.428     E(VDW )=10930.027                     |
 -------------------------------------------------------------------------------
 --------------- cycle=    40 ------ stepsize=    0.0008 -----------------------
 | Etotal =12516.752  grad(E)=13.289     E(BOND)=219.782    E(ANGL)=1128.965   |
 | E(DIHE)=152.340    E(IMPR)=85.428     E(VDW )=10930.238                     |
 -------------------------------------------------------------------------------
 --------------- cycle=    45 ------ stepsize=   -0.0002 -----------------------
 | Etotal =12516.718  grad(E)=13.290     E(BOND)=219.782    E(ANGL)=1129.077   |
 | E(DIHE)=152.323    E(IMPR)=85.433     E(VDW )=10930.103                     |
 -------------------------------------------------------------------------------
 --------------- cycle=    50 ------ stepsize=    0.0010 -----------------------
 | Etotal =12516.699  grad(E)=13.290     E(BOND)=219.800    E(ANGL)=1129.068   |
 | E(DIHE)=152.316    E(IMPR)=85.428     E(VDW )=10930.087                     |
 -------------------------------------------------------------------------------
 POWELL: STEP number limit. Normal termination
 POWELL: Current coordinates set to last minimum
 %PARRDR-info: duplication of bond HC   NC2 
 %PARRDR-info: duplication of angle CH2E C    NH1 
 %PARRDR-info: duplication of angle CH2P CH2E HA  
 POWELL: number of degrees of freedom= 18321
 NBONDS: generating intra-molecular exclusion list with mode= 5
 MAKINB: mode   5 found  17707 exclusions and  17821 interactions(1-4)
 NBONDS: found   891623 intra-atom interactions
 NBONDS: found   891713 intra-atom interactions
 NBONDS: found   891798 intra-atom interactions
 --------------- cycle=    50 ------ stepsize=    0.0010 -----------------------
 | Etotal =-7.711     grad(E)=5.458      E(BOND)=15.690     E(ANGL)=412.183    |
 | E(DIHE)=52.799     E(IMPR)=32.229     E(VDW )=-521.806   E(ELEC)=1.195      |
 -------------------------------------------------------------------------------
 POWELL: STEP number limit. Normal termination
 POWELL: Current coordinates set to last minimum
 --------------- cycle=     1 --------------------------------------------------
 | Etotal =-7.711     grad(E)=5.458      E(BOND)=15.690     E(ANGL)=412.183    |
 | E(DIHE)=52.799     E(IMPR)=32.229     E(VDW )=-521.806   E(ELEC)=1.195      |
 -------------------------------------------------------------------------------
 SURFAC: half the sigma value being used for atomic radii.
 SURFAC: ACCEssible surface area
 SURFAC: ACCUracy= 0.07 RH2O=  1.40
         Z-grid=  0.32 number-of-Z-sections=  213
         measures-of-arc= 93593 and150990
 SURFAC: half the sigma value being used for atomic radii.
 SURFAC: ACCEssible surface area
 SURFAC: ACCUracy= 0.07 RH2O=  1.40
         Z-grid=  0.32 number-of-Z-sections=  138
         measures-of-arc= 25705 and 45685
 SURFAC: half the sigma value being used for atomic radii.
 SURFAC: ACCEssible surface area
 SURFAC: ACCUracy= 0.07 RH2O=  1.40
         Z-grid=  0.32 number-of-Z-sections=  213
         measures-of-arc=121123 and197017
 %PARRDR-info: duplication of bond HC   NC2 
 %PARRDR-info: duplication of angle CH2E C    NH1 
 %PARRDR-info: duplication of angle CH2P CH2E HA  
 NBONDS: generating intra-molecular exclusion list with mode= 5
 MAKINB: mode   5 found      5 exclusions and     10 interactions(1-4)
 NBONDS: found     1973 intra-atom interactions
 --------------- cycle=     2 --------------------------------------------------
 | Etotal =-69.734    grad(E)=0.376      E(VDW )=-3.492     E(ELEC)=-66.242    |
 -------------------------------------------------------------------------------
 NBONDS: generating intra-molecular exclusion list with mode= 5
 MAKINB: mode   5 found     10 exclusions and     20 interactions(1-4)
 NBONDS: found     2288 intra-atom interactions
 --------------- cycle=     3 --------------------------------------------------
 | Etotal =-111.234   grad(E)=0.474      E(VDW )=-1.173     E(ELEC)=-110.060   |
 -------------------------------------------------------------------------------
 NBONDS: generating intra-molecular exclusion list with mode= 5
 MAKINB: mode   5 found     10 exclusions and     20 interactions(1-4)
 NBONDS: found     3403 intra-atom interactions
 --------------- cycle=     4 --------------------------------------------------
 | Etotal =-125.477   grad(E)=0.481      E(VDW )=-7.491     E(ELEC)=-117.986   |
 -------------------------------------------------------------------------------
 NBONDS: generating intra-molecular exclusion list with mode= 5
 MAKINB: mode   5 found     10 exclusions and     20 interactions(1-4)
 NBONDS: found     3066 intra-atom interactions
 --------------- cycle=     5 --------------------------------------------------
 | Etotal =-94.052    grad(E)=0.167      E(VDW )=-11.700    E(ELEC)=-82.353    |
 -------------------------------------------------------------------------------
 NBONDS: generating intra-molecular exclusion list with mode= 5
 MAKINB: mode   5 found     10 exclusions and     20 interactions(1-4)
 NBONDS: found     4933 intra-atom interactions
 --------------- cycle=     6 --------------------------------------------------
 | Etotal =-108.976   grad(E)=0.440      E(VDW )=-6.015     E(ELEC)=-102.961   |
 -------------------------------------------------------------------------------
 NBONDS: generating intra-molecular exclusion list with mode= 5
 MAKINB: mode   5 found     10 exclusions and     20 interactions(1-4)
 NBONDS: found     3661 intra-atom interactions
 --------------- cycle=     7 --------------------------------------------------
 | Etotal =-92.365    grad(E)=0.154      E(VDW )=-12.365    E(ELEC)=-80.000    |
 -------------------------------------------------------------------------------
 NBONDS: generating intra-molecular exclusion list with mode= 5
 MAKINB: mode   5 found     10 exclusions and     20 interactions(1-4)
 NBONDS: found     5871 intra-atom interactions
 --------------- cycle=     8 --------------------------------------------------
 | Etotal =-97.390    grad(E)=0.185      E(VDW )=-19.631    E(ELEC)=-77.759    |
 -------------------------------------------------------------------------------
 NBONDS: generating intra-molecular exclusion list with mode= 5
 MAKINB: mode   5 found     10 exclusions and     20 interactions(1-4)
 NBONDS: found     5943 intra-atom interactions
 --------------- cycle=     9 --------------------------------------------------
 | Etotal =-108.036   grad(E)=0.213      E(VDW )=-17.868    E(ELEC)=-90.168    |
 -------------------------------------------------------------------------------
 NBONDS: generating intra-molecular exclusion list with mode= 5
 MAKINB: mode   5 found     10 exclusions and     20 interactions(1-4)
 NBONDS: found     3781 intra-atom interactions
 --------------- cycle=    10 --------------------------------------------------
 | Etotal =-172.798   grad(E)=0.411      E(VDW )=-9.968     E(ELEC)=-162.830   |
 -------------------------------------------------------------------------------
 NBONDS: generating intra-molecular exclusion list with mode= 5
 MAKINB: mode   5 found     10 exclusions and     20 interactions(1-4)
 NBONDS: found     5535 intra-atom interactions
 --------------- cycle=    11 --------------------------------------------------
 | Etotal =-201.563   grad(E)=0.466      E(VDW )=-10.990    E(ELEC)=-190.573   |
 -------------------------------------------------------------------------------
 NBONDS: generating intra-molecular exclusion list with mode= 5
 MAKINB: mode   5 found     10 exclusions and     20 interactions(1-4)
 NBONDS: found     5711 intra-atom interactions
 --------------- cycle=    12 --------------------------------------------------
 | Etotal =-95.972    grad(E)=0.198      E(VDW )=-15.238    E(ELEC)=-80.734    |
 -------------------------------------------------------------------------------
 NBONDS: generating intra-molecular exclusion list with mode= 5
 MAKINB: mode   5 found     10 exclusions and     20 interactions(1-4)
 NBONDS: found     3833 intra-atom interactions
 --------------- cycle=    13 --------------------------------------------------
 | Etotal =-130.366   grad(E)=0.310      E(VDW )=-15.501    E(ELEC)=-114.864   |
 -------------------------------------------------------------------------------
 NBONDS: generating intra-molecular exclusion list with mode= 5
 MAKINB: mode   5 found     10 exclusions and     20 interactions(1-4)
 NBONDS: found     2909 intra-atom interactions
 --------------- cycle=    14 --------------------------------------------------
 | Etotal =-83.739    grad(E)=0.151      E(VDW )=-11.104    E(ELEC)=-72.635    |
 -------------------------------------------------------------------------------
 NBONDS: generating intra-molecular exclusion list with mode= 5
 MAKINB: mode   5 found     10 exclusions and     20 interactions(1-4)
 NBONDS: found     3596 intra-atom interactions
 --------------- cycle=    15 --------------------------------------------------
 | Etotal =-171.672   grad(E)=0.492      E(VDW )=-8.055     E(ELEC)=-163.617   |
 -------------------------------------------------------------------------------
 NBONDS: generating intra-molecular exclusion list with mode= 5
 MAKINB: mode   5 found     10 exclusions and     20 interactions(1-4)
 NBONDS: found     3788 intra-atom interactions
 --------------- cycle=    16 --------------------------------------------------
 | Etotal =-159.736   grad(E)=0.486      E(VDW )=-11.865    E(ELEC)=-147.871   |
 -------------------------------------------------------------------------------
 NBONDS: generating intra-molecular exclusion list with mode= 5
 MAKINB: mode   5 found     10 exclusions and     20 interactions(1-4)
 NBONDS: found     3691 intra-atom interactions
 --------------- cycle=    17 --------------------------------------------------
 | Etotal =-193.185   grad(E)=0.519      E(VDW )=-7.711     E(ELEC)=-185.474   |
 -------------------------------------------------------------------------------
 NBONDS: generating intra-molecular exclusion list with mode= 5
 MAKINB: mode   5 found     10 exclusions and     20 interactions(1-4)
 NBONDS: found     4152 intra-atom interactions
 --------------- cycle=    18 --------------------------------------------------
 | Etotal =-99.057    grad(E)=0.171      E(VDW )=-15.605    E(ELEC)=-83.452    |
 -------------------------------------------------------------------------------
 NBONDS: generating intra-molecular exclusion list with mode= 5
 MAKINB: mode   5 found     10 exclusions and     20 interactions(1-4)
 NBONDS: found     5704 intra-atom interactions
 --------------- cycle=    19 --------------------------------------------------
 | Etotal =-116.438   grad(E)=0.268      E(VDW )=-24.891    E(ELEC)=-91.547    |
 -------------------------------------------------------------------------------
 NBONDS: generating intra-molecular exclusion list with mode= 5
 MAKINB: mode   5 found     10 exclusions and     20 interactions(1-4)
 NBONDS: found     3580 intra-atom interactions
 --------------- cycle=    20 --------------------------------------------------
 | Etotal =-111.420   grad(E)=0.203      E(VDW )=-13.779    E(ELEC)=-97.641    |
 -------------------------------------------------------------------------------
 NBONDS: generating intra-molecular exclusion list with mode= 5
 MAKINB: mode   5 found     10 exclusions and     20 interactions(1-4)
 NBONDS: found     4443 intra-atom interactions
 --------------- cycle=    21 --------------------------------------------------
 | Etotal =-88.428    grad(E)=0.190      E(VDW )=-10.947    E(ELEC)=-77.481    |
 -------------------------------------------------------------------------------
 NBONDS: generating intra-molecular exclusion list with mode= 5
 MAKINB: mode   5 found     10 exclusions and     20 interactions(1-4)
 NBONDS: found     3739 intra-atom interactions
 --------------- cycle=    22 --------------------------------------------------
 | Etotal =-94.076    grad(E)=0.232      E(VDW )=-9.722     E(ELEC)=-84.354    |
 -------------------------------------------------------------------------------
 NBONDS: generating intra-molecular exclusion list with mode= 5
 MAKINB: mode   5 found     10 exclusions and     20 interactions(1-4)
 NBONDS: found     2754 intra-atom interactions
 --------------- cycle=    23 --------------------------------------------------
 | Etotal =-85.648    grad(E)=0.241      E(VDW )=-5.988     E(ELEC)=-79.660    |
 -------------------------------------------------------------------------------
 NBONDS: generating intra-molecular exclusion list with mode= 5
 MAKINB: mode   5 found     10 exclusions and     20 interactions(1-4)
 NBONDS: found     3898 intra-atom interactions
 --------------- cycle=    24 --------------------------------------------------
 | Etotal =-148.325   grad(E)=0.357      E(VDW )=-11.144    E(ELEC)=-137.181   |
 -------------------------------------------------------------------------------
 NBONDS: generating intra-molecular exclusion list with mode= 5
 MAKINB: mode   5 found     10 exclusions and     20 interactions(1-4)
 NBONDS: found     2192 intra-atom interactions
 --------------- cycle=    25 --------------------------------------------------
 | Etotal =-89.513    grad(E)=0.215      E(VDW )=-8.183     E(ELEC)=-81.331    |
 -------------------------------------------------------------------------------
 NBONDS: generating intra-molecular exclusion list with mode= 5
 MAKINB: mode   5 found     10 exclusions and     20 interactions(1-4)
 NBONDS: found     5347 intra-atom interactions
 --------------- cycle=    26 --------------------------------------------------
 | Etotal =-104.768   grad(E)=0.209      E(VDW )=-23.274    E(ELEC)=-81.494    |
 -------------------------------------------------------------------------------
 NBONDS: generating intra-molecular exclusion list with mode= 5
 MAKINB: mode   5 found     10 exclusions and     20 interactions(1-4)
 NBONDS: found     2571 intra-atom interactions
 --------------- cycle=    27 --------------------------------------------------
 | Etotal =-70.006    grad(E)=0.181      E(VDW )=-10.943    E(ELEC)=-59.063    |
 -------------------------------------------------------------------------------
 NBONDS: generating intra-molecular exclusion list with mode= 5
 MAKINB: mode   5 found     10 exclusions and     20 interactions(1-4)
 NBONDS: found     3363 intra-atom interactions
 --------------- cycle=    28 --------------------------------------------------
 | Etotal =-90.639    grad(E)=0.210      E(VDW )=-6.289     E(ELEC)=-84.350    |
 -------------------------------------------------------------------------------
 NBONDS: generating intra-molecular exclusion list with mode= 5
 MAKINB: mode   5 found     10 exclusions and     20 interactions(1-4)
 NBONDS: found     4732 intra-atom interactions
 --------------- cycle=    29 --------------------------------------------------
 | Etotal =-101.854   grad(E)=0.302      E(VDW )=-10.609    E(ELEC)=-91.245    |
 -------------------------------------------------------------------------------
 NBONDS: generating intra-molecular exclusion list with mode= 5
 MAKINB: mode   5 found     10 exclusions and     20 interactions(1-4)
 NBONDS: found     3459 intra-atom interactions
 --------------- cycle=    30 --------------------------------------------------
 | Etotal =-81.614    grad(E)=0.283      E(VDW )=-4.711     E(ELEC)=-76.903    |
 -------------------------------------------------------------------------------
 NBONDS: generating intra-molecular exclusion list with mode= 5
 MAKINB: mode   5 found     10 exclusions and     20 interactions(1-4)
 NBONDS: found     2583 intra-atom interactions
 --------------- cycle=    31 --------------------------------------------------
 | Etotal =-103.641   grad(E)=0.399      E(VDW )=-0.193     E(ELEC)=-103.448   |
 -------------------------------------------------------------------------------
 NBONDS: generating intra-molecular exclusion list with mode= 5
 MAKINB: mode   5 found     10 exclusions and     20 interactions(1-4)
 NBONDS: found     3373 intra-atom interactions
 --------------- cycle=    32 --------------------------------------------------
 | Etotal =-89.543    grad(E)=0.270      E(VDW )=-4.196     E(ELEC)=-85.347    |
 -------------------------------------------------------------------------------
 NBONDS: generating intra-molecular exclusion list with mode= 5
 MAKINB: mode   5 found     10 exclusions and     20 interactions(1-4)
 NBONDS: found     2687 intra-atom interactions
 --------------- cycle=    33 --------------------------------------------------
 | Etotal =-83.568    grad(E)=0.197      E(VDW )=-9.107     E(ELEC)=-74.462    |
 -------------------------------------------------------------------------------
 NBONDS: generating intra-molecular exclusion list with mode= 5
 MAKINB: mode   5 found     10 exclusions and     20 interactions(1-4)
 NBONDS: found     5130 intra-atom interactions
 --------------- cycle=    34 --------------------------------------------------
 | Etotal =-97.132    grad(E)=0.161      E(VDW )=-19.987    E(ELEC)=-77.145    |
 -------------------------------------------------------------------------------
 NBONDS: generating intra-molecular exclusion list with mode= 5
 MAKINB: mode   5 found     10 exclusions and     20 interactions(1-4)
 NBONDS: found     1935 intra-atom interactions
 --------------- cycle=    35 --------------------------------------------------
 | Etotal =-63.823    grad(E)=0.251      E(VDW )=-1.408     E(ELEC)=-62.415    |
 -------------------------------------------------------------------------------
 NBONDS: generating intra-molecular exclusion list with mode= 5
 MAKINB: mode   5 found     10 exclusions and     20 interactions(1-4)
 NBONDS: found     5990 intra-atom interactions
 --------------- cycle=    36 --------------------------------------------------
 | Etotal =-189.002   grad(E)=0.455      E(VDW )=-4.668     E(ELEC)=-184.335   |
 -------------------------------------------------------------------------------
 NBONDS: generating intra-molecular exclusion list with mode= 5
 MAKINB: mode   5 found     10 exclusions and     20 interactions(1-4)
 NBONDS: found     4272 intra-atom interactions
 --------------- cycle=    37 --------------------------------------------------
 | Etotal =-88.170    grad(E)=0.259      E(VDW )=-9.073     E(ELEC)=-79.098    |
 -------------------------------------------------------------------------------
 NBONDS: generating intra-molecular exclusion list with mode= 5
 MAKINB: mode   5 found     10 exclusions and     20 interactions(1-4)
 NBONDS: found     3505 intra-atom interactions
 --------------- cycle=    38 --------------------------------------------------
 | Etotal =-171.329   grad(E)=0.638      E(VDW )=-12.697    E(ELEC)=-158.632   |
 -------------------------------------------------------------------------------
 NBONDS: generating intra-molecular exclusion list with mode= 5
 MAKINB: mode   5 found     10 exclusions and     20 interactions(1-4)
 NBONDS: found     5716 intra-atom interactions
 --------------- cycle=    39 --------------------------------------------------
 | Etotal =-85.305    grad(E)=0.128      E(VDW )=-24.198    E(ELEC)=-61.107    |
 -------------------------------------------------------------------------------
 NBONDS: generating intra-molecular exclusion list with mode= 5
 MAKINB: mode   5 found     10 exclusions and     20 interactions(1-4)
 NBONDS: found     6789 intra-atom interactions
 --------------- cycle=    40 --------------------------------------------------
 | Etotal =-176.033   grad(E)=0.622      E(VDW )=-16.247    E(ELEC)=-159.786   |
 -------------------------------------------------------------------------------
 NBONDS: generating intra-molecular exclusion list with mode= 5
 MAKINB: mode   5 found     10 exclusions and     20 interactions(1-4)
 NBONDS: found     2308 intra-atom interactions
 --------------- cycle=    41 --------------------------------------------------
 | Etotal =-80.354    grad(E)=0.145      E(VDW )=-8.520     E(ELEC)=-71.834    |
 -------------------------------------------------------------------------------
 NBONDS: generating intra-molecular exclusion list with mode= 5
 MAKINB: mode   5 found     10 exclusions and     20 interactions(1-4)
 NBONDS: found     2147 intra-atom interactions
 --------------- cycle=    42 --------------------------------------------------
 | Etotal =-77.500    grad(E)=0.120      E(VDW )=-3.570     E(ELEC)=-73.930    |
 -------------------------------------------------------------------------------
 NBONDS: generating intra-molecular exclusion list with mode= 5
 MAKINB: mode   5 found     10 exclusions and     20 interactions(1-4)
 NBONDS: found     5673 intra-atom interactions
 --------------- cycle=    43 --------------------------------------------------
 | Etotal =-190.837   grad(E)=0.442      E(VDW )=-17.048    E(ELEC)=-173.789   |
 -------------------------------------------------------------------------------
 NBONDS: generating intra-molecular exclusion list with mode= 5
 MAKINB: mode   5 found      5 exclusions and     10 interactions(1-4)
 NBONDS: found     1590 intra-atom interactions
 --------------- cycle=    44 --------------------------------------------------
 | Etotal =-14.481    grad(E)=0.247      E(VDW )=1.498      E(ELEC)=-15.980    |
 -------------------------------------------------------------------------------
 NBONDS: generating intra-molecular exclusion list with mode= 5
 MAKINB: mode   5 found     10 exclusions and     20 interactions(1-4)
 NBONDS: found     6293 intra-atom interactions
 --------------- cycle=    45 --------------------------------------------------
 | Etotal =-201.074   grad(E)=0.560      E(VDW )=-21.109    E(ELEC)=-179.965   |
 -------------------------------------------------------------------------------
 NBONDS: generating intra-molecular exclusion list with mode= 5
 MAKINB: mode   5 found     10 exclusions and     20 interactions(1-4)
 NBONDS: found     3501 intra-atom interactions
 --------------- cycle=    46 --------------------------------------------------
 | Etotal =-89.987    grad(E)=0.244      E(VDW )=-8.852     E(ELEC)=-81.135    |
 -------------------------------------------------------------------------------
 NBONDS: generating intra-molecular exclusion list with mode= 5
 MAKINB: mode   5 found     10 exclusions and     20 interactions(1-4)
 NBONDS: found     4053 intra-atom interactions
 --------------- cycle=    47 --------------------------------------------------
 | Etotal =-185.918   grad(E)=0.426      E(VDW )=-8.362     E(ELEC)=-177.557   |
 -------------------------------------------------------------------------------
 NBONDS: generating intra-molecular exclusion list with mode= 5
 MAKINB: mode   5 found     10 exclusions and     20 interactions(1-4)
 NBONDS: found     5091 intra-atom interactions
 --------------- cycle=    48 --------------------------------------------------
 | Etotal =-100.431   grad(E)=0.189      E(VDW )=-22.810    E(ELEC)=-77.621    |
 -------------------------------------------------------------------------------
 NBONDS: generating intra-molecular exclusion list with mode= 5
 MAKINB: mode   5 found     10 exclusions and     20 interactions(1-4)
 NBONDS: found     1583 intra-atom interactions
 --------------- cycle=    49 --------------------------------------------------
 | Etotal =-54.592    grad(E)=0.149      E(VDW )=-3.536     E(ELEC)=-51.056    |
 -------------------------------------------------------------------------------
 NBONDS: generating intra-molecular exclusion list with mode= 5
 MAKINB: mode   5 found     10 exclusions and     20 interactions(1-4)
 NBONDS: found     1075 intra-atom interactions
 --------------- cycle=    50 --------------------------------------------------
 | Etotal =-64.329    grad(E)=0.126      E(VDW )=-3.951     E(ELEC)=-60.378    |
 -------------------------------------------------------------------------------
 NBONDS: generating intra-molecular exclusion list with mode= 5
 MAKINB: mode   5 found     10 exclusions and     20 interactions(1-4)
 NBONDS: found     1485 intra-atom interactions
 --------------- cycle=    51 --------------------------------------------------
 | Etotal =-73.575    grad(E)=0.176      E(VDW )=-7.410     E(ELEC)=-66.165    |
 -------------------------------------------------------------------------------
 NBONDS: generating intra-molecular exclusion list with mode= 5
 MAKINB: mode   5 found     10 exclusions and     20 interactions(1-4)
 NBONDS: found     3380 intra-atom interactions
 --------------- cycle=    52 --------------------------------------------------
 | Etotal =-92.600    grad(E)=0.222      E(VDW )=-18.774    E(ELEC)=-73.826    |
 -------------------------------------------------------------------------------
 NBONDS: generating intra-molecular exclusion list with mode= 5
 MAKINB: mode   5 found     10 exclusions and     20 interactions(1-4)
 NBONDS: found     3744 intra-atom interactions
 --------------- cycle=    53 --------------------------------------------------
 | Etotal =-94.665    grad(E)=0.294      E(VDW )=-11.298    E(ELEC)=-83.367    |
 -------------------------------------------------------------------------------
 NBONDS: generating intra-molecular exclusion list with mode= 5
 MAKINB: mode   5 found     10 exclusions and     20 interactions(1-4)
 NBONDS: found     5969 intra-atom interactions
 --------------- cycle=    54 --------------------------------------------------
 | Etotal =-93.607    grad(E)=0.184      E(VDW )=-23.719    E(ELEC)=-69.889    |
 -------------------------------------------------------------------------------
 NBONDS: generating intra-molecular exclusion list with mode= 5
 MAKINB: mode   5 found     10 exclusions and     20 interactions(1-4)
 NBONDS: found     5179 intra-atom interactions
 --------------- cycle=    55 --------------------------------------------------
 | Etotal =-83.750    grad(E)=0.119      E(VDW )=-18.248    E(ELEC)=-65.502    |
 -------------------------------------------------------------------------------
 NBONDS: generating intra-molecular exclusion list with mode= 5
 MAKINB: mode   5 found     10 exclusions and     20 interactions(1-4)
 NBONDS: found     5780 intra-atom interactions
 --------------- cycle=    56 --------------------------------------------------
 | Etotal =-90.423    grad(E)=0.176      E(VDW )=-24.069    E(ELEC)=-66.353    |
 -------------------------------------------------------------------------------
 NBONDS: generating intra-molecular exclusion list with mode= 5
 MAKINB: mode   5 found     10 exclusions and     20 interactions(1-4)
 NBONDS: found     4604 intra-atom interactions
 --------------- cycle=    57 --------------------------------------------------
 | Etotal =-76.066    grad(E)=0.238      E(VDW )=-9.706     E(ELEC)=-66.360    |
 -------------------------------------------------------------------------------
 NBONDS: generating intra-molecular exclusion list with mode= 5
 MAKINB: mode   5 found     10 exclusions and     20 interactions(1-4)
 NBONDS: found     3273 intra-atom interactions
 --------------- cycle=    58 --------------------------------------------------
 | Etotal =-79.938    grad(E)=0.264      E(VDW )=-7.886     E(ELEC)=-72.051    |
 -------------------------------------------------------------------------------
 NBONDS: generating intra-molecular exclusion list with mode= 5
 MAKINB: mode   5 found     10 exclusions and     20 interactions(1-4)
 NBONDS: found     2468 intra-atom interactions
 --------------- cycle=    59 --------------------------------------------------
 | Etotal =-79.076    grad(E)=0.164      E(VDW )=-8.680     E(ELEC)=-70.396    |
 -------------------------------------------------------------------------------
 NBONDS: generating intra-molecular exclusion list with mode= 5
 MAKINB: mode   5 found     10 exclusions and     20 interactions(1-4)
 NBONDS: found     1152 intra-atom interactions
 --------------- cycle=    60 --------------------------------------------------
 | Etotal =-67.126    grad(E)=0.123      E(VDW )=-3.421     E(ELEC)=-63.705    |
 -------------------------------------------------------------------------------
 NBONDS: generating intra-molecular exclusion list with mode= 5
 MAKINB: mode   5 found     10 exclusions and     20 interactions(1-4)
 NBONDS: found     1092 intra-atom interactions
 --------------- cycle=    61 --------------------------------------------------
 | Etotal =-71.498    grad(E)=0.136      E(VDW )=-3.360     E(ELEC)=-68.138    |
 -------------------------------------------------------------------------------
 NBONDS: generating intra-molecular exclusion list with mode= 5
 MAKINB: mode   5 found     10 exclusions and     23 interactions(1-4)
 NBONDS: found     2217 intra-atom interactions
 --------------- cycle=    62 --------------------------------------------------
 | Etotal =-72.014    grad(E)=0.164      E(VDW )=-8.706     E(ELEC)=-63.308    |
 -------------------------------------------------------------------------------
 NBONDS: generating intra-molecular exclusion list with mode= 5
 MAKINB: mode   5 found     10 exclusions and     20 interactions(1-4)
 NBONDS: found     2070 intra-atom interactions
 --------------- cycle=    63 --------------------------------------------------
 | Etotal =-91.066    grad(E)=0.298      E(VDW )=-4.643     E(ELEC)=-86.424    |
 -------------------------------------------------------------------------------
 NBONDS: generating intra-molecular exclusion list with mode= 5
 MAKINB: mode   5 found     10 exclusions and     20 interactions(1-4)
 NBONDS: found      957 intra-atom interactions
 --------------- cycle=    64 --------------------------------------------------
 | Etotal =-61.952    grad(E)=0.121      E(VDW )=-4.492     E(ELEC)=-57.461    |
 -------------------------------------------------------------------------------
 NBONDS: generating intra-molecular exclusion list with mode= 5
 MAKINB: mode   5 found     10 exclusions and     20 interactions(1-4)
 NBONDS: found     3375 intra-atom interactions
 --------------- cycle=    65 --------------------------------------------------
 | Etotal =-66.367    grad(E)=0.153      E(VDW )=-11.532    E(ELEC)=-54.835    |
 -------------------------------------------------------------------------------
 NBONDS: generating intra-molecular exclusion list with mode= 5
 MAKINB: mode   5 found     10 exclusions and     20 interactions(1-4)
 NBONDS: found     3216 intra-atom interactions
 --------------- cycle=    66 --------------------------------------------------
 | Etotal =-118.018   grad(E)=0.373      E(VDW )=-8.669     E(ELEC)=-109.349   |
 -------------------------------------------------------------------------------
 NBONDS: generating intra-molecular exclusion list with mode= 5
 MAKINB: mode   5 found     13 exclusions and     27 interactions(1-4)
 NBONDS: found     2358 intra-atom interactions
 --------------- cycle=    67 --------------------------------------------------
 | Etotal =-77.912    grad(E)=0.189      E(VDW )=-10.781    E(ELEC)=-67.132    |
 -------------------------------------------------------------------------------
 NBONDS: generating intra-molecular exclusion list with mode= 5
 MAKINB: mode   5 found     10 exclusions and     20 interactions(1-4)
 NBONDS: found     5596 intra-atom interactions
 --------------- cycle=    68 --------------------------------------------------
 | Etotal =-78.881    grad(E)=0.206      E(VDW )=-20.288    E(ELEC)=-58.594    |
 -------------------------------------------------------------------------------
 NBONDS: generating intra-molecular exclusion list with mode= 5
 MAKINB: mode   5 found     10 exclusions and     23 interactions(1-4)
 NBONDS: found     3436 intra-atom interactions
 --------------- cycle=    69 --------------------------------------------------
 | Etotal =-70.187    grad(E)=0.184      E(VDW )=-10.241    E(ELEC)=-59.946    |
 -------------------------------------------------------------------------------
 NBONDS: generating intra-molecular exclusion list with mode= 5
 MAKINB: mode   5 found     10 exclusions and     23 interactions(1-4)
 NBONDS: found     3777 intra-atom interactions
 --------------- cycle=    70 --------------------------------------------------
 | Etotal =-87.253    grad(E)=0.199      E(VDW )=-16.020    E(ELEC)=-71.233    |
 -------------------------------------------------------------------------------
 NBONDS: generating intra-molecular exclusion list with mode= 5
 MAKINB: mode   5 found     10 exclusions and     20 interactions(1-4)
 NBONDS: found     4313 intra-atom interactions
 --------------- cycle=    71 --------------------------------------------------
 | Etotal =-81.875    grad(E)=0.150      E(VDW )=-16.939    E(ELEC)=-64.936    |
 -------------------------------------------------------------------------------
 NBONDS: generating intra-molecular exclusion list with mode= 5
 MAKINB: mode   5 found     10 exclusions and     20 interactions(1-4)
 NBONDS: found     4559 intra-atom interactions
 --------------- cycle=    72 --------------------------------------------------
 | Etotal =-122.235   grad(E)=0.344      E(VDW )=-17.101    E(ELEC)=-105.134   |
 -------------------------------------------------------------------------------
 NBONDS: generating intra-molecular exclusion list with mode= 5
 MAKINB: mode   5 found     10 exclusions and     20 interactions(1-4)
 NBONDS: found     2740 intra-atom interactions
 --------------- cycle=    73 --------------------------------------------------
 | Etotal =-59.503    grad(E)=0.112      E(VDW )=-10.427    E(ELEC)=-49.075    |
 -------------------------------------------------------------------------------
 NBONDS: generating intra-molecular exclusion list with mode= 5
 MAKINB: mode   5 found     10 exclusions and     20 interactions(1-4)
 NBONDS: found     6183 intra-atom interactions
 --------------- cycle=    74 --------------------------------------------------
 | Etotal =-108.052   grad(E)=0.305      E(VDW )=-20.732    E(ELEC)=-87.320    |
 -------------------------------------------------------------------------------
 NBONDS: generating intra-molecular exclusion list with mode= 5
 MAKINB: mode   5 found     10 exclusions and     20 interactions(1-4)
 NBONDS: found     2058 intra-atom interactions
 --------------- cycle=    75 --------------------------------------------------
 | Etotal =-90.694    grad(E)=0.179      E(VDW )=-8.525     E(ELEC)=-82.170    |
 -------------------------------------------------------------------------------
 NBONDS: generating intra-molecular exclusion list with mode= 5
 MAKINB: mode   5 found     10 exclusions and     20 interactions(1-4)
 NBONDS: found     6488 intra-atom interactions
 --------------- cycle=    76 --------------------------------------------------
 | Etotal =-104.326   grad(E)=0.160      E(VDW )=-30.140    E(ELEC)=-74.186    |
 -------------------------------------------------------------------------------
 NBONDS: generating intra-molecular exclusion list with mode= 5
 MAKINB: mode   5 found     10 exclusions and     23 interactions(1-4)
 NBONDS: found     4461 intra-atom interactions
 --------------- cycle=    77 --------------------------------------------------
 | Etotal =-77.541    grad(E)=0.192      E(VDW )=-14.990    E(ELEC)=-62.551    |
 -------------------------------------------------------------------------------
 NBONDS: generating intra-molecular exclusion list with mode= 5
 MAKINB: mode   5 found     10 exclusions and     23 interactions(1-4)
 NBONDS: found     2827 intra-atom interactions
 --------------- cycle=    78 --------------------------------------------------
 | Etotal =-77.505    grad(E)=0.153      E(VDW )=-8.238     E(ELEC)=-69.268    |
 -------------------------------------------------------------------------------
 NBONDS: generating intra-molecular exclusion list with mode= 5
 MAKINB: mode   5 found     10 exclusions and     20 interactions(1-4)
 NBONDS: found     3335 intra-atom interactions
 --------------- cycle=    79 --------------------------------------------------
 | Etotal =-93.238    grad(E)=0.239      E(VDW )=-8.379     E(ELEC)=-84.859    |
 -------------------------------------------------------------------------------
 NBONDS: generating intra-molecular exclusion list with mode= 5
 MAKINB: mode   5 found     10 exclusions and     20 interactions(1-4)
 NBONDS: found     4109 intra-atom interactions
 --------------- cycle=    80 --------------------------------------------------
 | Etotal =-104.482   grad(E)=0.244      E(VDW )=-14.458    E(ELEC)=-90.023    |
 -------------------------------------------------------------------------------
 NBONDS: generating intra-molecular exclusion list with mode= 5
 MAKINB: mode   5 found     10 exclusions and     20 interactions(1-4)
 NBONDS: found     1898 intra-atom interactions
 --------------- cycle=    81 --------------------------------------------------
 | Etotal =-63.881    grad(E)=0.254      E(VDW )=0.137      E(ELEC)=-64.018    |
 -------------------------------------------------------------------------------
 NBONDS: generating intra-molecular exclusion list with mode= 5
 MAKINB: mode   5 found     10 exclusions and     20 interactions(1-4)
 NBONDS: found     2917 intra-atom interactions
 --------------- cycle=    82 --------------------------------------------------
 | Etotal =-70.652    grad(E)=0.186      E(VDW )=-5.372     E(ELEC)=-65.280    |
 -------------------------------------------------------------------------------
 NBONDS: generating intra-molecular exclusion list with mode= 5
 MAKINB: mode   5 found     10 exclusions and     20 interactions(1-4)
 NBONDS: found     1532 intra-atom interactions
 --------------- cycle=    83 --------------------------------------------------
 | Etotal =-68.722    grad(E)=0.165      E(VDW )=-6.426     E(ELEC)=-62.296    |
 -------------------------------------------------------------------------------
 NBONDS: generating intra-molecular exclusion list with mode= 5
 MAKINB: mode   5 found     10 exclusions and     20 interactions(1-4)
 NBONDS: found     5167 intra-atom interactions
 --------------- cycle=    84 --------------------------------------------------
 | Etotal =-98.632    grad(E)=0.198      E(VDW )=-20.763    E(ELEC)=-77.870    |
 -------------------------------------------------------------------------------
 NBONDS: generating intra-molecular exclusion list with mode= 5
 MAKINB: mode   5 found     10 exclusions and     23 interactions(1-4)
 NBONDS: found     4513 intra-atom interactions
 --------------- cycle=    85 --------------------------------------------------
 | Etotal =-103.855   grad(E)=0.288      E(VDW )=-14.838    E(ELEC)=-89.016    |
 -------------------------------------------------------------------------------
 HEAP: maximum use      =    22514992 current use      =       96000 bytes
 HEAP: maximum overhead =        2800 current overhead =         752 bytes
          ============================================================
           Maximum dynamic memory allocation:    22514992 bytes
           Maximum dynamic memory overhead:          2800 bytes
           Program started at: 19:12:06 on 10-Jun-2020
           Program stopped at: 19:12:31 on 10-Jun-2020
           CPU time used:      25.2969 seconds
          ============================================================
