          ============================================================
          |                                                          |
          |            Crystallography & NMR System (CNS)            |
          |                         CNSsolve                         |
          |                                                          |
          ============================================================
           Version: 1.3 at patch level U
           Status: Special UU release with Rg and paramagnetic
                   restraints (A. Bonvin, UU 2011)
          ============================================================
           Written by: A.T.Brunger, P.D.Adams, G.M.Clore, W.L.DeLano,
                       P.Gros, R.W.Grosse-Kunstleve,J.-S.Jiang,J.M.Krahn,
                       J.Kuszewski, M.Nilges, N.S.Pannu, R.J.Read,
                       L.M.Rice, G.F.Schroeder, T.Simonson, G.L.Warren.
           Copyright (c) 1997-2010 Yale University
          ============================================================
           Running on machine: hostname unknown (x86_64/Linux,64-bit)
           Program started by: joaor
           Program started at: 18:49:14 on 10-Jun-2020
          ============================================================

 FFT3C: Using FFTPACK4.1

 CNSsolve>! 
 CNSsolve>! Calculates pairwise energies between residues 
 CNSsolve>! Will only rebuild hydrogen atoms 
 CNSsolve>! 
 CNSsolve>! Adapted from HADDOCK protocols here and there. 
 CNSsolve>! JR & AMJJB @ 2020 
 CNSsolve>! 
 CNSsolve>define( 
 DEFINE>    {===>} auto_break=true; 
 DEFINE>    {===>} break_cutoff=2.5; 
 DEFINE>    {===>} dnaauto_break=true; 
 DEFINE>    {===>} dbreak_cutoff=4.5; 
 DEFINE>    {===>} auto_cispro=true; 
 DEFINE>    {===>} auto_disu=true; 
 DEFINE>    {===>} disulphide_dist=3.0; 
 DEFINE>    {===>} glyco_dist=2.75; 
 DEFINE>    {===>} coorin="molecule.pdb"; 
 DEFINE>    {===>} icutoff=5.0; 
 DEFINE>) 
 CNSsolve> 
 CNSsolve>! Mute (most) output 
 CNSsolve>set message=on echo=off end 
 ASSFIL: file merged.param opened.
 MESSage=NORM
 EVALUATE: symbol $OLD_MESSAGE set to "NORM" (string)
 ECHO=FALSe {OFF}
 EVALUATE: symbol $OLD_ECHO set to FALSE (logical)
 %PARRDR-info: duplication of bond HC   NC2 
 %PARRDR-info: duplication of angle CH2E C    NH1 
 %PARRDR-info: duplication of angle CH2P CH2E HA  
 ASSFIL: file merged.top opened.
 MESSage=NORM
 EVALUATE: symbol $OLD_MESSAGE set to "NORM" (string)
 ECHO=FALSe {OFF}
 EVALUATE: symbol $OLD_ECHO set to FALSE (logical)
 %RTFIO-warning: undefined masses in residue CYC 
 %RTFIO error encountered: there are undefined masses.
   (CNS is in mode: SET ABORT=NORMal END)
 MESSage=NORM
 EVALUATE: symbol $OLD_MESSAGE set to "NORM" (string)
 ECHO=FALSe {OFF}
 EVALUATE: symbol $OLD_ECHO set to FALSE (logical)
 ASSFIL: file protein_break.top opened.
 %RTFRDR-ERR: duplicate (P-)RESIdue name DPEP
 %RTFRDR-ERR: duplicate (P-)RESIdue name DPPP
 RTFRDR> 
 RTFRDR>end 
 CNSsolve> 
 CNSsolve>! Reset output muting 
 CNSsolve>set message=off echo=off end 
FOUND 5 NAG:ASN pairs
NAG:ASN bond added from   B    901  to   B    53  
NAG:ASN bond added from   B    903  to   B    90  
NAG:ASN bond added from   B    907  to   B    322 
NAG:ASN bond added from   B    910  to   B    546 
NAG:ASN bond added from   E    1401 to   E    343 
FOUND 5 NAG:NAG pairs
NAG:NAG B14 bond added from   B    902  to   B    901 
NAG:NAG B14 bond added from   B    904  to   B    903 
NAG:NAG B14 bond added from   B    911  to   B    910 
NAG:NAG B14 bond added from   E    1402 to   E    1401
NAG:NAG B14 bond added from   E    1403 to   E    1402
 %PARRDR-info: duplication of bond HC   NC2 
 %PARRDR-info: duplication of angle CH2E C    NH1 
 %PARRDR-info: duplication of angle CH2P CH2E HA  
 POWELL: number of degrees of freedom= 13758
 NBONDS: generating intra-molecular exclusion list with mode=-2
 MAKINB: mode  -2 found   4586 exclusions and      0 interactions(1-4)
 %atoms "B   -32  -PHE -HB1 " and "B   -32  -PHE -HE2 " only  0.08 A apart
 %atoms "B   -85  -LEU -CA  " and "B   -85  -LEU -HG  " only  0.09 A apart
 %atoms "B   -114 -LYS -HB1 " and "B   -114 -LYS -HB2 " only  0.08 A apart
 %atoms "B   -287 -GLN -HB1 " and "B   -287 -GLN -HG2 " only  0.07 A apart
 %atoms "B   -320 -LEU -CB  " and "B   -320 -LEU -HD11" only  0.06 A apart
 %atoms "B   -583 -PRO -HA  " and "B   -583 -PRO -HB1 " only  0.10 A apart
 %atoms "E   -342 -PHE -HB1 " and "E   -342 -PHE -CG  " only  0.10 A apart
 %atoms "E   -358 -ILE -CA  " and "E   -358 -ILE -HG21" only  0.06 A apart
 %atoms "E   -386 -LYS -HA  " and "E   -386 -LYS -HE2 " only  0.03 A apart
 %atoms "E   -468 -ILE -HB  " and "E   -468 -ILE -HD12" only  0.10 A apart
 NBONDS: found   696276 intra-atom interactions
 NBONDS: found       10 nonbonded violations
 %atoms "B   -178 -PRO -HG1 " and "B   -178 -PRO -CD  " only  0.09 A apart
 %atoms "B   -314 -PHE -HD1 " and "B   -314 -PHE -HE2 " only  0.06 A apart
 %atoms "B   -426 -PRO -N   " and "B   -426 -PRO -HG2 " only  0.07 A apart
 %atoms "E   -511 -VAL -HA  " and "E   -511 -VAL -HG11" only  0.08 A apart
 NBONDS: found   696362 intra-atom interactions
 NBONDS: found        4 nonbonded violations
 %atoms "B   -166 -GLU -HB2 " and "B   -166 -GLU -HG1 " only  0.10 A apart
 NBONDS: found   693094 intra-atom interactions
 NBONDS: found        1 nonbonded violations
 NBONDS: found   690918 intra-atom interactions
 %atoms "E   -468 -ILE -HB  " and "E   -468 -ILE -HG23" only  0.08 A apart
 NBONDS: found   689627 intra-atom interactions
 NBONDS: found        1 nonbonded violations
 --------------- cycle=    10 ------ stepsize=   -0.0000 -----------------------
 | Etotal =0.34E+07   grad(E)=580.266    E(BOND)=504086.032 E(ANGL)=0.16E+07   |
 | E(VDW )=0.13E+07                                                            |
 -------------------------------------------------------------------------------
 NBONDS: found   687939 intra-atom interactions
 NBONDS: found   688734 intra-atom interactions
 NBONDS: found   689601 intra-atom interactions
 NBONDS: found   689966 intra-atom interactions
 --------------- cycle=    20 ------ stepsize=    0.0000 -----------------------
 | Etotal =0.13E+07   grad(E)=303.332    E(BOND)=230571.599 E(ANGL)=510845.800 |
 | E(VDW )=513652.158                                                          |
 -------------------------------------------------------------------------------
 NBONDS: found   690230 intra-atom interactions
 NBONDS: found   690241 intra-atom interactions
 NBONDS: found   690336 intra-atom interactions
 --------------- cycle=    30 ------ stepsize=    0.0000 -----------------------
 | Etotal =967620.073 grad(E)=243.513    E(BOND)=188273.760 E(ANGL)=349728.595 |
 | E(VDW )=429617.717                                                          |
 -------------------------------------------------------------------------------
 NBONDS: found   690240 intra-atom interactions
 NBONDS: found   690424 intra-atom interactions
 --------------- cycle=    40 ------ stepsize=    0.0001 -----------------------
 | Etotal =925490.893 grad(E)=235.053    E(BOND)=184702.749 E(ANGL)=330687.789 |
 | E(VDW )=410100.355                                                          |
 -------------------------------------------------------------------------------
 NBONDS: found   690416 intra-atom interactions
 NBONDS: found   690400 intra-atom interactions
 --------------- cycle=    50 ------ stepsize=   -0.0001 -----------------------
 | Etotal =909435.119 grad(E)=231.772    E(BOND)=183082.148 E(ANGL)=322286.710 |
 | E(VDW )=404066.261                                                          |
 -------------------------------------------------------------------------------
 POWELL: STEP number limit. Normal termination
 POWELL: Current coordinates set to last minimum
 DCART: temperature coupling (TCOUpling) enabled
 -------------------------- Cartesian dynamics start ---------------------------
 | E(kin)+E(total)=0.36E+07        E(kin)=4218.322      temperature=308.585    |
 | Etotal =0.36E+07   grad(E)=586.784    E(BOND)=183082.148 E(ANGL)=322286.710 |
 | E(IMPR)=0.31E+07                                                            |
 -------------------------------------------------------------------------------
 ----------------- final step=       50 at      0.02500 ps ---------------------
 | E(kin)+E(total)=0.23E+07        E(kin)=447553.670    temperature=32740.115  |
 | Etotal =0.19E+07   grad(E)=326.800    E(BOND)=197607.722 E(ANGL)=862609.025 |
 | E(IMPR)=810617.664                                                          |
 -------------------------------------------------------------------------------
 CENMAS: Information about center of free masses
         position [A]          :     -0.73154      0.07985     -0.36122
         velocity [A/ps]       :     -0.22575     -0.04476     -1.15194
         ang. mom. [amu A/ps]  :-396015.05708*************2056308.94691
         kin. ener. [Kcal/mol] :    151.25158
 POWELL: number of degrees of freedom= 13758
 NBONDS: found   688380 intra-atom interactions
 NBONDS: found   687015 intra-atom interactions
 NBONDS: found   687276 intra-atom interactions
 NBONDS: found   688582 intra-atom interactions
 NBONDS: found   688309 intra-atom interactions
 --------------- cycle=    10 ------ stepsize=   -0.0001 -----------------------
 | Etotal =0.19E+07   grad(E)=284.176    E(BOND)=261522.140 E(ANGL)=474682.702 |
 | E(IMPR)=724104.969 E(VDW )=488058.386                                       |
 -------------------------------------------------------------------------------
 NBONDS: found   689071 intra-atom interactions
 NBONDS: found   689407 intra-atom interactions
 NBONDS: found   689462 intra-atom interactions
 NBONDS: found   689241 intra-atom interactions
 NBONDS: found   689330 intra-atom interactions
 --------------- cycle=    20 ------ stepsize=    0.0000 -----------------------
 | Etotal =0.13E+07   grad(E)=137.749    E(BOND)=172236.695 E(ANGL)=166081.776 |
 | E(IMPR)=617225.255 E(VDW )=364238.992                                       |
 -------------------------------------------------------------------------------
 NBONDS: found   689491 intra-atom interactions
 NBONDS: found   689358 intra-atom interactions
 --------------- cycle=    30 ------ stepsize=   -0.0001 -----------------------
 | Etotal =0.13E+07   grad(E)=116.061    E(BOND)=168143.475 E(ANGL)=141123.205 |
 | E(IMPR)=608488.030 E(VDW )=334988.841                                       |
 -------------------------------------------------------------------------------
 NBONDS: found   689373 intra-atom interactions
 NBONDS: found   689461 intra-atom interactions
 NBONDS: found   689377 intra-atom interactions
 --------------- cycle=    40 ------ stepsize=    0.0000 -----------------------
 | Etotal =0.12E+07   grad(E)=113.307    E(BOND)=166150.718 E(ANGL)=134910.570 |
 | E(IMPR)=594619.830 E(VDW )=329329.916                                       |
 -------------------------------------------------------------------------------
 NBONDS: found   689364 intra-atom interactions
 NBONDS: found   689329 intra-atom interactions
 NBONDS: found   689257 intra-atom interactions
 --------------- cycle=    50 ------ stepsize=   -0.0001 -----------------------
 | Etotal =0.12E+07   grad(E)=112.424    E(BOND)=166362.515 E(ANGL)=131714.222 |
 | E(IMPR)=581856.943 E(VDW )=328269.567                                       |
 -------------------------------------------------------------------------------
 POWELL: STEP number limit. Normal termination
 POWELL: Current coordinates set to last minimum
 DCART: temperature coupling (TCOUpling) enabled
 -------------------------- Cartesian dynamics start ---------------------------
 | E(kin)+E(total)=0.12E+07        E(kin)=4118.837      temperature=301.307    |
 | Etotal =0.12E+07   grad(E)=112.424    E(BOND)=166362.515 E(ANGL)=131714.222 |
 | E(IMPR)=581856.943 E(VDW )=328269.567                                       |
 -------------------------------------------------------------------------------
 NBONDS: found   689273 intra-atom interactions
 NBONDS: found   689412 intra-atom interactions
 NBONDS: found   689391 intra-atom interactions
 ----------------- final step=       50 at      0.02500 ps ---------------------
 | E(kin)+E(total)=0.12E+07        E(kin)=7281.755      temperature=532.686    |
 | Etotal =0.12E+07   grad(E)=114.585    E(BOND)=167271.245 E(ANGL)=129285.308 |
 | E(IMPR)=576884.197 E(VDW )=327209.389                                       |
 -------------------------------------------------------------------------------
 CENMAS: Information about center of free masses
         position [A]          :     -0.73920      0.07607     -0.36995
         velocity [A/ps]       :     -0.04693      0.05107     -0.10034
         ang. mom. [amu A/ps]  :   3037.71469  87208.47944 -68570.52569
         kin. ener. [Kcal/mol] :      1.63076
 %PARRDR-info: duplication of bond HC   NC2 
 %PARRDR-info: duplication of angle CH2E C    NH1 
 %PARRDR-info: duplication of angle CH2P CH2E HA  
 POWELL: number of degrees of freedom= 13758
 NBONDS: generating intra-molecular exclusion list with mode=-3
 MAKINB: mode  -3 found  15666 exclusions and      0 interactions(1-4)
 NBONDS: found   678315 intra-atom interactions
 NBONDS: found   680013 intra-atom interactions
 NBONDS: found   679934 intra-atom interactions
 NBONDS: found   680356 intra-atom interactions
 NBONDS: found   680813 intra-atom interactions
 NBONDS: found   681071 intra-atom interactions
 --------------- cycle=    25 ------ stepsize=    0.0003 -----------------------
 | Etotal =265143.297 grad(E)=104.054    E(BOND)=17611.995  E(ANGL)=129301.709 |
 | E(IMPR)=116071.218 E(VDW )=2158.375                                         |
 -------------------------------------------------------------------------------
 NBONDS: found   681220 intra-atom interactions
 NBONDS: found   681055 intra-atom interactions
 NBONDS: found   680837 intra-atom interactions
 NBONDS: found   681026 intra-atom interactions
 NBONDS: found   681045 intra-atom interactions
 NBONDS: found   680905 intra-atom interactions
 NBONDS: found   680625 intra-atom interactions
 --------------- cycle=    50 ------ stepsize=   -0.0001 -----------------------
 | Etotal =56358.867  grad(E)=42.072     E(BOND)=2666.555   E(ANGL)=26164.278  |
 | E(IMPR)=26707.053  E(VDW )=820.981                                          |
 -------------------------------------------------------------------------------
 NBONDS: found   680637 intra-atom interactions
 NBONDS: found   680619 intra-atom interactions
 NBONDS: found   680710 intra-atom interactions
 NBONDS: found   680722 intra-atom interactions
 --------------- cycle=    75 ------ stepsize=   -0.0000 -----------------------
 | Etotal =11245.855  grad(E)=22.679     E(BOND)=656.879    E(ANGL)=6489.810   |
 | E(IMPR)=3455.638   E(VDW )=643.528                                          |
 -------------------------------------------------------------------------------
 NBONDS: found   680705 intra-atom interactions
 NBONDS: found   680742 intra-atom interactions
 NBONDS: found   680657 intra-atom interactions
 --------------- cycle=   100 ------ stepsize=    0.0005 -----------------------
 | Etotal =2949.258   grad(E)=6.303      E(BOND)=112.382    E(ANGL)=954.278    |
 | E(IMPR)=1292.996   E(VDW )=589.602                                          |
 -------------------------------------------------------------------------------
 POWELL: STEP number limit. Normal termination
 POWELL: Current coordinates set to last minimum
 DCART: temperature coupling (TCOUpling) enabled
 -------------------------- Cartesian dynamics start ---------------------------
 | E(kin)+E(total)=6962.535        E(kin)=4013.277      temperature=293.585    |
 | Etotal =2949.258   grad(E)=6.303      E(BOND)=112.382    E(ANGL)=954.278    |
 | E(IMPR)=1292.996   E(VDW )=589.602                                          |
 -------------------------------------------------------------------------------
 NBONDS: found   680802 intra-atom interactions
 NBONDS: found   680848 intra-atom interactions
 NBONDS: found   680860 intra-atom interactions
 NBONDS: found   680872 intra-atom interactions
 NBONDS: found   680760 intra-atom interactions
 NBONDS: found   680739 intra-atom interactions
 NBONDS: found   680835 intra-atom interactions
 NBONDS: found   680784 intra-atom interactions
 NBONDS: found   680838 intra-atom interactions
 NBONDS: found   680943 intra-atom interactions
 NBONDS: found   680884 intra-atom interactions
 NBONDS: found   680838 intra-atom interactions
 NBONDS: found   680976 intra-atom interactions
 NBONDS: found   681016 intra-atom interactions
 NBONDS: found   680964 intra-atom interactions
 NBONDS: found   680904 intra-atom interactions
 NBONDS: found   680894 intra-atom interactions
 NBONDS: found   681003 intra-atom interactions
 NBONDS: found   680947 intra-atom interactions
 NBONDS: found   680920 intra-atom interactions
 NBONDS: found   680878 intra-atom interactions
 NBONDS: found   680843 intra-atom interactions
 NBONDS: found   680843 intra-atom interactions
 NBONDS: found   680937 intra-atom interactions
 NBONDS: found   680896 intra-atom interactions
 NBONDS: found   680842 intra-atom interactions
 NBONDS: found   680863 intra-atom interactions
 NBONDS: found   680804 intra-atom interactions
 NBONDS: found   680751 intra-atom interactions
 ----------------- final step=      500 at      0.25000 ps ---------------------
 | E(kin)+E(total)=8991.519        E(kin)=4070.252      temperature=297.753    |
 | Etotal =4921.268   grad(E)=26.960     E(BOND)=1220.813   E(ANGL)=2740.900   |
 | E(IMPR)=248.980    E(VDW )=710.574                                          |
 -------------------------------------------------------------------------------
 CENMAS: Information about center of free masses
         position [A]          :     -0.74030      0.07404     -0.36888
         velocity [A/ps]       :     -0.02298     -0.06606     -0.06339
         ang. mom. [amu A/ps]  :  52398.43132 -31711.65023 114039.51301
         kin. ener. [Kcal/mol] :      0.97655
 EFLAGS: the following energy flags are set
 EFLAGS: BOND ANGL DIHE IMPR VDW 
 %PARRDR-info: duplication of bond HC   NC2 
 %PARRDR-info: duplication of angle CH2E C    NH1 
 %PARRDR-info: duplication of angle CH2P CH2E HA  
 POWELL: number of degrees of freedom= 13758
 NBONDS: generating intra-molecular exclusion list with mode=-3
 MAKINB: mode  -3 found  15666 exclusions and      0 interactions(1-4)
 NBONDS: found   680753 intra-atom interactions
 NBONDS: found   680606 intra-atom interactions
 --------------- cycle=    50 ------ stepsize=    0.0011 -----------------------
 | Etotal =13576.583  grad(E)=13.569     E(BOND)=239.804    E(ANGL)=1183.263   |
 | E(DIHE)=196.702    E(IMPR)=95.940     E(VDW )=11860.873                     |
 -------------------------------------------------------------------------------
 NBONDS: found   680537 intra-atom interactions
 NBONDS: found   680546 intra-atom interactions
 --------------- cycle=   100 ------ stepsize=    0.0011 -----------------------
 | Etotal =13224.166  grad(E)=13.309     E(BOND)=235.016    E(ANGL)=1147.245   |
 | E(DIHE)=172.553    E(IMPR)=91.270     E(VDW )=11578.083                     |
 -------------------------------------------------------------------------------
 --------------- cycle=   150 ------ stepsize=    0.0010 -----------------------
 | Etotal =13195.542  grad(E)=13.308     E(BOND)=234.714    E(ANGL)=1145.914   |
 | E(DIHE)=169.665    E(IMPR)=91.147     E(VDW )=11554.102                     |
 -------------------------------------------------------------------------------
 --------------- cycle=   200 ------ stepsize=    0.0009 -----------------------
 | Etotal =13189.016  grad(E)=13.309     E(BOND)=234.143    E(ANGL)=1146.408   |
 | E(DIHE)=170.677    E(IMPR)=91.636     E(VDW )=11546.152                     |
 -------------------------------------------------------------------------------
 --------------- cycle=   250 ------ stepsize=    0.0012 -----------------------
 | Etotal =13188.585  grad(E)=13.312     E(BOND)=234.151    E(ANGL)=1146.642   |
 | E(DIHE)=170.547    E(IMPR)=91.561     E(VDW )=11545.684                     |
 -------------------------------------------------------------------------------
 --------------- cycle=   300 ------ stepsize=    0.0012 -----------------------
 | Etotal =13188.555  grad(E)=13.313     E(BOND)=234.174    E(ANGL)=1146.759   |
 | E(DIHE)=170.569    E(IMPR)=91.577     E(VDW )=11545.476                     |
 -------------------------------------------------------------------------------
 --------------- cycle=   350 ------ stepsize=    0.0012 -----------------------
 | Etotal =13188.529  grad(E)=13.313     E(BOND)=234.174    E(ANGL)=1146.795   |
 | E(DIHE)=170.649    E(IMPR)=91.612     E(VDW )=11545.300                     |
 -------------------------------------------------------------------------------
 --------------- cycle=   400 ------ stepsize=    0.0012 -----------------------
 | Etotal =13188.526  grad(E)=13.313     E(BOND)=234.169    E(ANGL)=1146.786   |
 | E(DIHE)=170.638    E(IMPR)=91.603     E(VDW )=11545.330                     |
 -------------------------------------------------------------------------------
 --------------- cycle=   450 ------ stepsize=    0.0010 -----------------------
 | Etotal =13188.525  grad(E)=13.313     E(BOND)=234.169    E(ANGL)=1146.782   |
 | E(DIHE)=170.624    E(IMPR)=91.600     E(VDW )=11545.350                     |
 -------------------------------------------------------------------------------
 --------------- cycle=   500 ------ stepsize=    0.0010 -----------------------
 | Etotal =13188.525  grad(E)=13.313     E(BOND)=234.169    E(ANGL)=1146.781   |
 | E(DIHE)=170.624    E(IMPR)=91.602     E(VDW )=11545.349                     |
 -------------------------------------------------------------------------------
 POWELL: STEP number limit. Normal termination
 POWELL: Current coordinates set to last minimum
 DCART: temperature coupling (TCOUpling) enabled
 -------------------------- Cartesian dynamics start ---------------------------
 | E(kin)+E(total)=17239.291       E(kin)=4050.765      temperature=296.328    |
 | Etotal =13188.525  grad(E)=13.313     E(BOND)=234.169    E(ANGL)=1146.781   |
 | E(DIHE)=170.624    E(IMPR)=91.602     E(VDW )=11545.349                     |
 -------------------------------------------------------------------------------
 NBONDS: found   680541 intra-atom interactions
 NBONDS: found   680451 intra-atom interactions
 NBONDS: found   680604 intra-atom interactions
 NBONDS: found   680639 intra-atom interactions
 NBONDS: found   680429 intra-atom interactions
 NBONDS: found   680693 intra-atom interactions
 NBONDS: found   680529 intra-atom interactions
 NBONDS: found   680413 intra-atom interactions
 NBONDS: found   680664 intra-atom interactions
 NBONDS: found   680527 intra-atom interactions
 ----------------- final step=      500 at      0.25000 ps ---------------------
 | E(kin)+E(total)=21418.477       E(kin)=4203.084      temperature=307.470    |
 | Etotal =17215.393  grad(E)=32.036     E(BOND)=1298.792   E(ANGL)=3403.328   |
 | E(DIHE)=186.024    E(IMPR)=433.152    E(VDW )=11894.097                     |
 -------------------------------------------------------------------------------
 CENMAS: Information about center of free masses
         position [A]          :     -0.73985      0.07388     -0.36935
         velocity [A/ps]       :      0.12785      0.03204     -0.16323
         ang. mom. [amu A/ps]  : -18226.30218  31231.73671  36926.39334
         kin. ener. [Kcal/mol] :      0.24316
 POWELL: number of degrees of freedom= 13758
 --------------- cycle=    50 ------ stepsize=    0.0010 -----------------------
 | Etotal =13195.919  grad(E)=13.314     E(BOND)=234.337    E(ANGL)=1146.593   |
 | E(DIHE)=170.234    E(IMPR)=91.654     E(VDW )=11553.100                     |
 -------------------------------------------------------------------------------
 NBONDS: found   680584 intra-atom interactions
 --------------- cycle=   100 ------ stepsize=    0.0013 -----------------------
 | Etotal =13188.751  grad(E)=13.313     E(BOND)=234.274    E(ANGL)=1146.612   |
 | E(DIHE)=170.368    E(IMPR)=91.689     E(VDW )=11545.808                     |
 -------------------------------------------------------------------------------
 --------------- cycle=   150 ------ stepsize=    0.0012 -----------------------
 | Etotal =13188.631  grad(E)=13.313     E(BOND)=234.255    E(ANGL)=1146.629   |
 | E(DIHE)=170.478    E(IMPR)=91.648     E(VDW )=11545.621                     |
 -------------------------------------------------------------------------------
 --------------- cycle=   200 ------ stepsize=    0.0011 -----------------------
 | Etotal =13188.580  grad(E)=13.313     E(BOND)=234.201    E(ANGL)=1146.651   |
 | E(DIHE)=170.568    E(IMPR)=91.614     E(VDW )=11545.546                     |
 -------------------------------------------------------------------------------
 --------------- cycle=   250 ------ stepsize=    0.0009 -----------------------
 | Etotal =13188.560  grad(E)=13.313     E(BOND)=234.190    E(ANGL)=1146.716   |
 | E(DIHE)=170.612    E(IMPR)=91.619     E(VDW )=11545.424                     |
 -------------------------------------------------------------------------------
 --------------- cycle=   300 ------ stepsize=    0.0009 -----------------------
 | Etotal =13188.559  grad(E)=13.313     E(BOND)=234.195    E(ANGL)=1146.716   |
 | E(DIHE)=170.633    E(IMPR)=91.619     E(VDW )=11545.395                     |
 -------------------------------------------------------------------------------
 --------------- cycle=   350 ------ stepsize=    0.0014 -----------------------
 | Etotal =13188.559  grad(E)=13.313     E(BOND)=234.196    E(ANGL)=1146.715   |
 | E(DIHE)=170.635    E(IMPR)=91.620     E(VDW )=11545.392                     |
 -------------------------------------------------------------------------------
 POWELL: Gradient converged. Normal termination
 POWELL: Current coordinates set to last minimum
 POWELL: number of degrees of freedom= 18195
 NBONDS: found   680526 intra-atom interactions
 NBONDS: found   680485 intra-atom interactions
 NBONDS: found   680523 intra-atom interactions
 --------------- cycle=     5 ------ stepsize=    0.0006 -----------------------
 | Etotal =13037.845  grad(E)=13.305     E(BOND)=233.910    E(ANGL)=1144.803   |
 | E(DIHE)=170.591    E(IMPR)=91.633     E(VDW )=11396.909                     |
 -------------------------------------------------------------------------------
 --------------- cycle=    10 ------ stepsize=    0.0009 -----------------------
 | Etotal =13035.093  grad(E)=13.288     E(BOND)=233.456    E(ANGL)=1144.309   |
 | E(DIHE)=170.410    E(IMPR)=91.575     E(VDW )=11395.343                     |
 -------------------------------------------------------------------------------
 --------------- cycle=    15 ------ stepsize=    0.0008 -----------------------
 | Etotal =13031.639  grad(E)=13.284     E(BOND)=233.166    E(ANGL)=1143.886   |
 | E(DIHE)=169.894    E(IMPR)=91.667     E(VDW )=11393.027                     |
 -------------------------------------------------------------------------------
 --------------- cycle=    20 ------ stepsize=    0.0009 -----------------------
 | Etotal =13027.418  grad(E)=13.287     E(BOND)=233.433    E(ANGL)=1143.795   |
 | E(DIHE)=169.487    E(IMPR)=91.553     E(VDW )=11389.149                     |
 -------------------------------------------------------------------------------
 --------------- cycle=    25 ------ stepsize=    0.0008 -----------------------
 | Etotal =13027.006  grad(E)=13.284     E(BOND)=233.376    E(ANGL)=1143.471   |
 | E(DIHE)=169.485    E(IMPR)=91.583     E(VDW )=11389.092                     |
 -------------------------------------------------------------------------------
 --------------- cycle=    30 ------ stepsize=    0.0012 -----------------------
 | Etotal =13026.620  grad(E)=13.285     E(BOND)=233.317    E(ANGL)=1143.934   |
 | E(DIHE)=169.493    E(IMPR)=91.571     E(VDW )=11388.305                     |
 -------------------------------------------------------------------------------
 --------------- cycle=    35 ------ stepsize=    0.0001 -----------------------
 | Etotal =13026.492  grad(E)=13.284     E(BOND)=233.347    E(ANGL)=1143.724   |
 | E(DIHE)=169.495    E(IMPR)=91.612     E(VDW )=11388.314                     |
 -------------------------------------------------------------------------------
 --------------- cycle=    40 ------ stepsize=    0.0012 -----------------------
 | Etotal =13026.412  grad(E)=13.284     E(BOND)=233.319    E(ANGL)=1143.593   |
 | E(DIHE)=169.494    E(IMPR)=91.574     E(VDW )=11388.432                     |
 -------------------------------------------------------------------------------
 --------------- cycle=    45 ------ stepsize=    0.0002 -----------------------
 | Etotal =13026.358  grad(E)=13.285     E(BOND)=233.277    E(ANGL)=1143.906   |
 | E(DIHE)=169.498    E(IMPR)=91.626     E(VDW )=11388.051                     |
 -------------------------------------------------------------------------------
 --------------- cycle=    50 ------ stepsize=    0.0012 -----------------------
 | Etotal =13026.245  grad(E)=13.284     E(BOND)=233.276    E(ANGL)=1143.862   |
 | E(DIHE)=169.523    E(IMPR)=91.585     E(VDW )=11387.999                     |
 -------------------------------------------------------------------------------
 POWELL: STEP number limit. Normal termination
 POWELL: Current coordinates set to last minimum
 %PARRDR-info: duplication of bond HC   NC2 
 %PARRDR-info: duplication of angle CH2E C    NH1 
 %PARRDR-info: duplication of angle CH2P CH2E HA  
 POWELL: number of degrees of freedom= 18195
 NBONDS: generating intra-molecular exclusion list with mode= 5
 MAKINB: mode   5 found  17706 exclusions and  17796 interactions(1-4)
 NBONDS: found   900620 intra-atom interactions
 NBONDS: found   900701 intra-atom interactions
 --------------- cycle=    50 ------ stepsize=    0.0001 -----------------------
 | Etotal =-25.071    grad(E)=5.381      E(BOND)=12.317     E(ANGL)=409.678    |
 | E(DIHE)=53.325     E(IMPR)=33.734     E(VDW )=-534.862   E(ELEC)=0.737      |
 -------------------------------------------------------------------------------
 POWELL: STEP number limit. Normal termination
 POWELL: Current coordinates set to last minimum
 --------------- cycle=     1 --------------------------------------------------
 | Etotal =-25.071    grad(E)=5.381      E(BOND)=12.317     E(ANGL)=409.678    |
 | E(DIHE)=53.325     E(IMPR)=33.734     E(VDW )=-534.862   E(ELEC)=0.737      |
 -------------------------------------------------------------------------------
 SURFAC: half the sigma value being used for atomic radii.
 SURFAC: ACCEssible surface area
 SURFAC: ACCUracy= 0.07 RH2O=  1.40
         Z-grid=  0.32 number-of-Z-sections=  215
         measures-of-arc= 93381 and150564
 SURFAC: half the sigma value being used for atomic radii.
 SURFAC: ACCEssible surface area
 SURFAC: ACCUracy= 0.07 RH2O=  1.40
         Z-grid=  0.32 number-of-Z-sections=  134
         measures-of-arc= 25903 and 46818
 SURFAC: half the sigma value being used for atomic radii.
 SURFAC: ACCEssible surface area
 SURFAC: ACCUracy= 0.07 RH2O=  1.40
         Z-grid=  0.32 number-of-Z-sections=  215
         measures-of-arc=121058 and197734
 %PARRDR-info: duplication of bond HC   NC2 
 %PARRDR-info: duplication of angle CH2E C    NH1 
 %PARRDR-info: duplication of angle CH2P CH2E HA  
 NBONDS: generating intra-molecular exclusion list with mode= 5
 MAKINB: mode   5 found      5 exclusions and     10 interactions(1-4)
 NBONDS: found     2140 intra-atom interactions
 --------------- cycle=     2 --------------------------------------------------
 | Etotal =-46.311    grad(E)=0.188      E(VDW )=-6.215     E(ELEC)=-40.096    |
 -------------------------------------------------------------------------------
 NBONDS: generating intra-molecular exclusion list with mode= 5
 MAKINB: mode   5 found     10 exclusions and     20 interactions(1-4)
 NBONDS: found     2028 intra-atom interactions
 --------------- cycle=     3 --------------------------------------------------
 | Etotal =-169.003   grad(E)=0.387      E(VDW )=-5.648     E(ELEC)=-163.355   |
 -------------------------------------------------------------------------------
 NBONDS: generating intra-molecular exclusion list with mode= 5
 MAKINB: mode   5 found     10 exclusions and     20 interactions(1-4)
 NBONDS: found     4362 intra-atom interactions
 --------------- cycle=     4 --------------------------------------------------
 | Etotal =-93.473    grad(E)=0.194      E(VDW )=-11.710    E(ELEC)=-81.763    |
 -------------------------------------------------------------------------------
 NBONDS: generating intra-molecular exclusion list with mode= 5
 MAKINB: mode   5 found     10 exclusions and     20 interactions(1-4)
 NBONDS: found     3121 intra-atom interactions
 --------------- cycle=     5 --------------------------------------------------
 | Etotal =-89.646    grad(E)=0.140      E(VDW )=-10.941    E(ELEC)=-78.705    |
 -------------------------------------------------------------------------------
 NBONDS: generating intra-molecular exclusion list with mode= 5
 MAKINB: mode   5 found     10 exclusions and     20 interactions(1-4)
 NBONDS: found     4749 intra-atom interactions
 --------------- cycle=     6 --------------------------------------------------
 | Etotal =-175.954   grad(E)=0.437      E(VDW )=-9.648     E(ELEC)=-166.307   |
 -------------------------------------------------------------------------------
 NBONDS: generating intra-molecular exclusion list with mode= 5
 MAKINB: mode   5 found     10 exclusions and     20 interactions(1-4)
 NBONDS: found     4044 intra-atom interactions
 --------------- cycle=     7 --------------------------------------------------
 | Etotal =-98.925    grad(E)=0.218      E(VDW )=-11.319    E(ELEC)=-87.607    |
 -------------------------------------------------------------------------------
 NBONDS: generating intra-molecular exclusion list with mode= 5
 MAKINB: mode   5 found     10 exclusions and     20 interactions(1-4)
 NBONDS: found     6252 intra-atom interactions
 --------------- cycle=     8 --------------------------------------------------
 | Etotal =-99.969    grad(E)=0.180      E(VDW )=-23.310    E(ELEC)=-76.659    |
 -------------------------------------------------------------------------------
 NBONDS: generating intra-molecular exclusion list with mode= 5
 MAKINB: mode   5 found     10 exclusions and     20 interactions(1-4)
 NBONDS: found     6059 intra-atom interactions
 --------------- cycle=     9 --------------------------------------------------
 | Etotal =-99.995    grad(E)=0.185      E(VDW )=-16.008    E(ELEC)=-83.987    |
 -------------------------------------------------------------------------------
 NBONDS: generating intra-molecular exclusion list with mode= 5
 MAKINB: mode   5 found     10 exclusions and     20 interactions(1-4)
 NBONDS: found     3892 intra-atom interactions
 --------------- cycle=    10 --------------------------------------------------
 | Etotal =-163.287   grad(E)=0.385      E(VDW )=-5.123     E(ELEC)=-158.164   |
 -------------------------------------------------------------------------------
 NBONDS: generating intra-molecular exclusion list with mode= 5
 MAKINB: mode   5 found     10 exclusions and     20 interactions(1-4)
 NBONDS: found     5851 intra-atom interactions
 --------------- cycle=    11 --------------------------------------------------
 | Etotal =-154.978   grad(E)=0.371      E(VDW )=-15.156    E(ELEC)=-139.822   |
 -------------------------------------------------------------------------------
 NBONDS: generating intra-molecular exclusion list with mode= 5
 MAKINB: mode   5 found     10 exclusions and     20 interactions(1-4)
 NBONDS: found     5911 intra-atom interactions
 --------------- cycle=    12 --------------------------------------------------
 | Etotal =-103.691   grad(E)=0.216      E(VDW )=-17.160    E(ELEC)=-86.532    |
 -------------------------------------------------------------------------------
 NBONDS: generating intra-molecular exclusion list with mode= 5
 MAKINB: mode   5 found     10 exclusions and     20 interactions(1-4)
 NBONDS: found     3758 intra-atom interactions
 --------------- cycle=    13 --------------------------------------------------
 | Etotal =-101.609   grad(E)=0.285      E(VDW )=-10.448    E(ELEC)=-91.161    |
 -------------------------------------------------------------------------------
 NBONDS: generating intra-molecular exclusion list with mode= 5
 MAKINB: mode   5 found     10 exclusions and     20 interactions(1-4)
 NBONDS: found     2983 intra-atom interactions
 --------------- cycle=    14 --------------------------------------------------
 | Etotal =-89.479    grad(E)=0.174      E(VDW )=-11.431    E(ELEC)=-78.048    |
 -------------------------------------------------------------------------------
 NBONDS: generating intra-molecular exclusion list with mode= 5
 MAKINB: mode   5 found     10 exclusions and     20 interactions(1-4)
 NBONDS: found     3551 intra-atom interactions
 --------------- cycle=    15 --------------------------------------------------
 | Etotal =-119.198   grad(E)=0.331      E(VDW )=-14.492    E(ELEC)=-104.706   |
 -------------------------------------------------------------------------------
 NBONDS: generating intra-molecular exclusion list with mode= 5
 MAKINB: mode   5 found     10 exclusions and     20 interactions(1-4)
 NBONDS: found     3943 intra-atom interactions
 --------------- cycle=    16 --------------------------------------------------
 | Etotal =-169.990   grad(E)=0.516      E(VDW )=-12.294    E(ELEC)=-157.695   |
 -------------------------------------------------------------------------------
 NBONDS: generating intra-molecular exclusion list with mode= 5
 MAKINB: mode   5 found     10 exclusions and     20 interactions(1-4)
 NBONDS: found     3891 intra-atom interactions
 --------------- cycle=    17 --------------------------------------------------
 | Etotal =-216.883   grad(E)=0.603      E(VDW )=-9.749     E(ELEC)=-207.134   |
 -------------------------------------------------------------------------------
 NBONDS: generating intra-molecular exclusion list with mode= 5
 MAKINB: mode   5 found     10 exclusions and     20 interactions(1-4)
 NBONDS: found     4403 intra-atom interactions
 --------------- cycle=    18 --------------------------------------------------
 | Etotal =-104.192   grad(E)=0.197      E(VDW )=-15.650    E(ELEC)=-88.541    |
 -------------------------------------------------------------------------------
 NBONDS: generating intra-molecular exclusion list with mode= 5
 MAKINB: mode   5 found     10 exclusions and     20 interactions(1-4)
 NBONDS: found     5181 intra-atom interactions
 --------------- cycle=    19 --------------------------------------------------
 | Etotal =-187.472   grad(E)=0.418      E(VDW )=-22.770    E(ELEC)=-164.702   |
 -------------------------------------------------------------------------------
 NBONDS: generating intra-molecular exclusion list with mode= 5
 MAKINB: mode   5 found     10 exclusions and     20 interactions(1-4)
 NBONDS: found     3995 intra-atom interactions
 --------------- cycle=    20 --------------------------------------------------
 | Etotal =-124.981   grad(E)=0.298      E(VDW )=-14.394    E(ELEC)=-110.587   |
 -------------------------------------------------------------------------------
 NBONDS: generating intra-molecular exclusion list with mode= 5
 MAKINB: mode   5 found     10 exclusions and     20 interactions(1-4)
 NBONDS: found     4766 intra-atom interactions
 --------------- cycle=    21 --------------------------------------------------
 | Etotal =-89.029    grad(E)=0.175      E(VDW )=-15.729    E(ELEC)=-73.300    |
 -------------------------------------------------------------------------------
 NBONDS: generating intra-molecular exclusion list with mode= 5
 MAKINB: mode   5 found     10 exclusions and     20 interactions(1-4)
 NBONDS: found     2624 intra-atom interactions
 --------------- cycle=    22 --------------------------------------------------
 | Etotal =-93.721    grad(E)=0.238      E(VDW )=-11.884    E(ELEC)=-81.837    |
 -------------------------------------------------------------------------------
 NBONDS: generating intra-molecular exclusion list with mode= 5
 MAKINB: mode   5 found     10 exclusions and     20 interactions(1-4)
 NBONDS: found     4484 intra-atom interactions
 --------------- cycle=    23 --------------------------------------------------
 | Etotal =-120.038   grad(E)=0.274      E(VDW )=-19.111    E(ELEC)=-100.927   |
 -------------------------------------------------------------------------------
 NBONDS: generating intra-molecular exclusion list with mode= 5
 MAKINB: mode   5 found     10 exclusions and     20 interactions(1-4)
 NBONDS: found     3315 intra-atom interactions
 --------------- cycle=    24 --------------------------------------------------
 | Etotal =-104.951   grad(E)=0.247      E(VDW )=-11.557    E(ELEC)=-93.394    |
 -------------------------------------------------------------------------------
 NBONDS: generating intra-molecular exclusion list with mode= 5
 MAKINB: mode   5 found     10 exclusions and     20 interactions(1-4)
 NBONDS: found     4085 intra-atom interactions
 --------------- cycle=    25 --------------------------------------------------
 | Etotal =-104.254   grad(E)=0.212      E(VDW )=-14.587    E(ELEC)=-89.667    |
 -------------------------------------------------------------------------------
 NBONDS: generating intra-molecular exclusion list with mode= 5
 MAKINB: mode   5 found     10 exclusions and     20 interactions(1-4)
 NBONDS: found     2968 intra-atom interactions
 --------------- cycle=    26 --------------------------------------------------
 | Etotal =-89.056    grad(E)=0.214      E(VDW )=-10.227    E(ELEC)=-78.829    |
 -------------------------------------------------------------------------------
 NBONDS: generating intra-molecular exclusion list with mode= 5
 MAKINB: mode   5 found     10 exclusions and     20 interactions(1-4)
 NBONDS: found     3543 intra-atom interactions
 --------------- cycle=    27 --------------------------------------------------
 | Etotal =-103.843   grad(E)=0.254      E(VDW )=-9.949     E(ELEC)=-93.894    |
 -------------------------------------------------------------------------------
 NBONDS: generating intra-molecular exclusion list with mode= 5
 MAKINB: mode   5 found     10 exclusions and     20 interactions(1-4)
 NBONDS: found     2267 intra-atom interactions
 --------------- cycle=    28 --------------------------------------------------
 | Etotal =-91.463    grad(E)=0.208      E(VDW )=-5.427     E(ELEC)=-86.036    |
 -------------------------------------------------------------------------------
 NBONDS: generating intra-molecular exclusion list with mode= 5
 MAKINB: mode   5 found     10 exclusions and     23 interactions(1-4)
 NBONDS: found     5580 intra-atom interactions
 --------------- cycle=    29 --------------------------------------------------
 | Etotal =-82.494    grad(E)=0.210      E(VDW )=-20.164    E(ELEC)=-62.330    |
 -------------------------------------------------------------------------------
 NBONDS: generating intra-molecular exclusion list with mode= 5
 MAKINB: mode   5 found     10 exclusions and     20 interactions(1-4)
 NBONDS: found     2864 intra-atom interactions
 --------------- cycle=    30 --------------------------------------------------
 | Etotal =-72.740    grad(E)=0.256      E(VDW )=-2.454     E(ELEC)=-70.285    |
 -------------------------------------------------------------------------------
 NBONDS: generating intra-molecular exclusion list with mode= 5
 MAKINB: mode   5 found     10 exclusions and     20 interactions(1-4)
 NBONDS: found     1393 intra-atom interactions
 --------------- cycle=    31 --------------------------------------------------
 | Etotal =-73.522    grad(E)=0.226      E(VDW )=-0.093     E(ELEC)=-73.430    |
 -------------------------------------------------------------------------------
 NBONDS: generating intra-molecular exclusion list with mode= 5
 MAKINB: mode   5 found     10 exclusions and     20 interactions(1-4)
 NBONDS: found     2948 intra-atom interactions
 --------------- cycle=    32 --------------------------------------------------
 | Etotal =-104.326   grad(E)=0.225      E(VDW )=-12.367    E(ELEC)=-91.960    |
 -------------------------------------------------------------------------------
 NBONDS: generating intra-molecular exclusion list with mode= 5
 MAKINB: mode   5 found     10 exclusions and     20 interactions(1-4)
 NBONDS: found     5212 intra-atom interactions
 --------------- cycle=    33 --------------------------------------------------
 | Etotal =-102.540   grad(E)=0.501      E(VDW )=-9.670     E(ELEC)=-92.870    |
 -------------------------------------------------------------------------------
 NBONDS: generating intra-molecular exclusion list with mode= 5
 MAKINB: mode   5 found     10 exclusions and     20 interactions(1-4)
 NBONDS: found     1989 intra-atom interactions
 --------------- cycle=    34 --------------------------------------------------
 | Etotal =-80.296    grad(E)=0.249      E(VDW )=-4.591     E(ELEC)=-75.705    |
 -------------------------------------------------------------------------------
 NBONDS: generating intra-molecular exclusion list with mode= 5
 MAKINB: mode   5 found     10 exclusions and     20 interactions(1-4)
 NBONDS: found     6253 intra-atom interactions
 --------------- cycle=    35 --------------------------------------------------
 | Etotal =-184.450   grad(E)=0.459      E(VDW )=-12.491    E(ELEC)=-171.959   |
 -------------------------------------------------------------------------------
 NBONDS: generating intra-molecular exclusion list with mode= 5
 MAKINB: mode   5 found     10 exclusions and     20 interactions(1-4)
 NBONDS: found     1914 intra-atom interactions
 --------------- cycle=    36 --------------------------------------------------
 | Etotal =-79.169    grad(E)=0.139      E(VDW )=-6.269     E(ELEC)=-72.900    |
 -------------------------------------------------------------------------------
 NBONDS: generating intra-molecular exclusion list with mode= 5
 MAKINB: mode   5 found     10 exclusions and     20 interactions(1-4)
 NBONDS: found     3453 intra-atom interactions
 --------------- cycle=    37 --------------------------------------------------
 | Etotal =-175.165   grad(E)=0.753      E(VDW )=-5.887     E(ELEC)=-169.278   |
 -------------------------------------------------------------------------------
 NBONDS: generating intra-molecular exclusion list with mode= 5
 MAKINB: mode   5 found     10 exclusions and     20 interactions(1-4)
 NBONDS: found     5701 intra-atom interactions
 --------------- cycle=    38 --------------------------------------------------
 | Etotal =-82.727    grad(E)=0.136      E(VDW )=-22.472    E(ELEC)=-60.255    |
 -------------------------------------------------------------------------------
 NBONDS: generating intra-molecular exclusion list with mode= 5
 MAKINB: mode   5 found     10 exclusions and     20 interactions(1-4)
 NBONDS: found     6508 intra-atom interactions
 --------------- cycle=    39 --------------------------------------------------
 | Etotal =-165.686   grad(E)=0.552      E(VDW )=-18.215    E(ELEC)=-147.471   |
 -------------------------------------------------------------------------------
 NBONDS: generating intra-molecular exclusion list with mode= 5
 MAKINB: mode   5 found     10 exclusions and     20 interactions(1-4)
 NBONDS: found     2365 intra-atom interactions
 --------------- cycle=    40 --------------------------------------------------
 | Etotal =-81.927    grad(E)=0.189      E(VDW )=-6.549     E(ELEC)=-75.378    |
 -------------------------------------------------------------------------------
 NBONDS: generating intra-molecular exclusion list with mode= 5
 MAKINB: mode   5 found     10 exclusions and     20 interactions(1-4)
 NBONDS: found     2432 intra-atom interactions
 --------------- cycle=    41 --------------------------------------------------
 | Etotal =-79.680    grad(E)=0.128      E(VDW )=-4.835     E(ELEC)=-74.846    |
 -------------------------------------------------------------------------------
 NBONDS: generating intra-molecular exclusion list with mode= 5
 MAKINB: mode   5 found     10 exclusions and     23 interactions(1-4)
 NBONDS: found     3778 intra-atom interactions
 --------------- cycle=    42 --------------------------------------------------
 | Etotal =-95.610    grad(E)=0.235      E(VDW )=-11.390    E(ELEC)=-84.221    |
 -------------------------------------------------------------------------------
 NBONDS: generating intra-molecular exclusion list with mode= 5
 MAKINB: mode   5 found     10 exclusions and     20 interactions(1-4)
 NBONDS: found     6038 intra-atom interactions
 --------------- cycle=    43 --------------------------------------------------
 | Etotal =-196.200   grad(E)=0.474      E(VDW )=-20.679    E(ELEC)=-175.521   |
 -------------------------------------------------------------------------------
 NBONDS: generating intra-molecular exclusion list with mode= 5
 MAKINB: mode   5 found     10 exclusions and     20 interactions(1-4)
 NBONDS: found     6506 intra-atom interactions
 --------------- cycle=    44 --------------------------------------------------
 | Etotal =-177.433   grad(E)=0.491      E(VDW )=-21.281    E(ELEC)=-156.152   |
 -------------------------------------------------------------------------------
 NBONDS: generating intra-molecular exclusion list with mode= 5
 MAKINB: mode   5 found     10 exclusions and     20 interactions(1-4)
 NBONDS: found     2563 intra-atom interactions
 --------------- cycle=    45 --------------------------------------------------
 | Etotal =-149.711   grad(E)=0.469      E(VDW )=-6.254     E(ELEC)=-143.458   |
 -------------------------------------------------------------------------------
 NBONDS: generating intra-molecular exclusion list with mode= 5
 MAKINB: mode   5 found     10 exclusions and     20 interactions(1-4)
 NBONDS: found     4696 intra-atom interactions
 --------------- cycle=    46 --------------------------------------------------
 | Etotal =-181.778   grad(E)=0.375      E(VDW )=-4.334     E(ELEC)=-177.443   |
 -------------------------------------------------------------------------------
 NBONDS: generating intra-molecular exclusion list with mode= 5
 MAKINB: mode   5 found     10 exclusions and     20 interactions(1-4)
 NBONDS: found     5015 intra-atom interactions
 --------------- cycle=    47 --------------------------------------------------
 | Etotal =-99.690    grad(E)=0.190      E(VDW )=-21.393    E(ELEC)=-78.297    |
 -------------------------------------------------------------------------------
 NBONDS: generating intra-molecular exclusion list with mode= 5
 MAKINB: mode   5 found     10 exclusions and     20 interactions(1-4)
 NBONDS: found     1919 intra-atom interactions
 --------------- cycle=    48 --------------------------------------------------
 | Etotal =-64.217    grad(E)=0.134      E(VDW )=-4.698     E(ELEC)=-59.519    |
 -------------------------------------------------------------------------------
 NBONDS: generating intra-molecular exclusion list with mode= 5
 MAKINB: mode   5 found     10 exclusions and     20 interactions(1-4)
 NBONDS: found     1063 intra-atom interactions
 --------------- cycle=    49 --------------------------------------------------
 | Etotal =-63.958    grad(E)=0.124      E(VDW )=-3.034     E(ELEC)=-60.924    |
 -------------------------------------------------------------------------------
 NBONDS: generating intra-molecular exclusion list with mode= 5
 MAKINB: mode   5 found     10 exclusions and     20 interactions(1-4)
 NBONDS: found     1473 intra-atom interactions
 --------------- cycle=    50 --------------------------------------------------
 | Etotal =-72.057    grad(E)=0.169      E(VDW )=-7.474     E(ELEC)=-64.582    |
 -------------------------------------------------------------------------------
 NBONDS: generating intra-molecular exclusion list with mode= 5
 MAKINB: mode   5 found     10 exclusions and     20 interactions(1-4)
 NBONDS: found     3013 intra-atom interactions
 --------------- cycle=    51 --------------------------------------------------
 | Etotal =-90.485    grad(E)=0.212      E(VDW )=-17.781    E(ELEC)=-72.704    |
 -------------------------------------------------------------------------------
 NBONDS: generating intra-molecular exclusion list with mode= 5
 MAKINB: mode   5 found     10 exclusions and     20 interactions(1-4)
 NBONDS: found     3813 intra-atom interactions
 --------------- cycle=    52 --------------------------------------------------
 | Etotal =-85.957    grad(E)=0.270      E(VDW )=-13.851    E(ELEC)=-72.106    |
 -------------------------------------------------------------------------------
 NBONDS: generating intra-molecular exclusion list with mode= 5
 MAKINB: mode   5 found     10 exclusions and     20 interactions(1-4)
 NBONDS: found     6256 intra-atom interactions
 --------------- cycle=    53 --------------------------------------------------
 | Etotal =-101.350   grad(E)=0.220      E(VDW )=-24.322    E(ELEC)=-77.028    |
 -------------------------------------------------------------------------------
 NBONDS: generating intra-molecular exclusion list with mode= 5
 MAKINB: mode   5 found     10 exclusions and     20 interactions(1-4)
 NBONDS: found     5525 intra-atom interactions
 --------------- cycle=    54 --------------------------------------------------
 | Etotal =-100.783   grad(E)=0.199      E(VDW )=-17.472    E(ELEC)=-83.311    |
 -------------------------------------------------------------------------------
 NBONDS: generating intra-molecular exclusion list with mode= 5
 MAKINB: mode   5 found     10 exclusions and     20 interactions(1-4)
 NBONDS: found     5935 intra-atom interactions
 --------------- cycle=    55 --------------------------------------------------
 | Etotal =-88.127    grad(E)=0.241      E(VDW )=-21.408    E(ELEC)=-66.719    |
 -------------------------------------------------------------------------------
 NBONDS: generating intra-molecular exclusion list with mode= 5
 MAKINB: mode   5 found     10 exclusions and     20 interactions(1-4)
 NBONDS: found     5398 intra-atom interactions
 --------------- cycle=    56 --------------------------------------------------
 | Etotal =-82.744    grad(E)=0.206      E(VDW )=-15.199    E(ELEC)=-67.545    |
 -------------------------------------------------------------------------------
 NBONDS: generating intra-molecular exclusion list with mode= 5
 MAKINB: mode   5 found     10 exclusions and     20 interactions(1-4)
 NBONDS: found     3241 intra-atom interactions
 --------------- cycle=    57 --------------------------------------------------
 | Etotal =-78.194    grad(E)=0.203      E(VDW )=-10.135    E(ELEC)=-68.059    |
 -------------------------------------------------------------------------------
 NBONDS: generating intra-molecular exclusion list with mode= 5
 MAKINB: mode   5 found     10 exclusions and     20 interactions(1-4)
 NBONDS: found     2514 intra-atom interactions
 --------------- cycle=    58 --------------------------------------------------
 | Etotal =-74.054    grad(E)=0.106      E(VDW )=-11.364    E(ELEC)=-62.690    |
 -------------------------------------------------------------------------------
 NBONDS: generating intra-molecular exclusion list with mode= 5
 MAKINB: mode   5 found     10 exclusions and     20 interactions(1-4)
 NBONDS: found     1138 intra-atom interactions
 --------------- cycle=    59 --------------------------------------------------
 | Etotal =-62.322    grad(E)=0.098      E(VDW )=-4.373     E(ELEC)=-57.948    |
 -------------------------------------------------------------------------------
 NBONDS: generating intra-molecular exclusion list with mode= 5
 MAKINB: mode   5 found     10 exclusions and     20 interactions(1-4)
 NBONDS: found     1012 intra-atom interactions
 --------------- cycle=    60 --------------------------------------------------
 | Etotal =-62.065    grad(E)=0.085      E(VDW )=-3.441     E(ELEC)=-58.624    |
 -------------------------------------------------------------------------------
 NBONDS: generating intra-molecular exclusion list with mode= 5
 MAKINB: mode   5 found     10 exclusions and     23 interactions(1-4)
 NBONDS: found     1682 intra-atom interactions
 --------------- cycle=    61 --------------------------------------------------
 | Etotal =-58.078    grad(E)=0.177      E(VDW )=-4.659     E(ELEC)=-53.419    |
 -------------------------------------------------------------------------------
 NBONDS: generating intra-molecular exclusion list with mode= 5
 MAKINB: mode   5 found     10 exclusions and     20 interactions(1-4)
 NBONDS: found     2004 intra-atom interactions
 --------------- cycle=    62 --------------------------------------------------
 | Etotal =-71.996    grad(E)=0.284      E(VDW )=-0.132     E(ELEC)=-71.864    |
 -------------------------------------------------------------------------------
 NBONDS: generating intra-molecular exclusion list with mode= 5
 MAKINB: mode   5 found     10 exclusions and     20 interactions(1-4)
 NBONDS: found     1139 intra-atom interactions
 --------------- cycle=    63 --------------------------------------------------
 | Etotal =-57.145    grad(E)=0.157      E(VDW )=-3.930     E(ELEC)=-53.215    |
 -------------------------------------------------------------------------------
 NBONDS: generating intra-molecular exclusion list with mode= 5
 MAKINB: mode   5 found     10 exclusions and     20 interactions(1-4)
 NBONDS: found     4123 intra-atom interactions
 --------------- cycle=    64 --------------------------------------------------
 | Etotal =-74.342    grad(E)=0.228      E(VDW )=-10.789    E(ELEC)=-63.553    |
 -------------------------------------------------------------------------------
 NBONDS: generating intra-molecular exclusion list with mode= 5
 MAKINB: mode   5 found     10 exclusions and     20 interactions(1-4)
 NBONDS: found     3471 intra-atom interactions
 --------------- cycle=    65 --------------------------------------------------
 | Etotal =-96.470    grad(E)=0.198      E(VDW )=-14.085    E(ELEC)=-82.385    |
 -------------------------------------------------------------------------------
 NBONDS: generating intra-molecular exclusion list with mode= 5
 MAKINB: mode   5 found     13 exclusions and     27 interactions(1-4)
 NBONDS: found     2436 intra-atom interactions
 --------------- cycle=    66 --------------------------------------------------
 | Etotal =-66.320    grad(E)=0.229      E(VDW )=-9.636     E(ELEC)=-56.684    |
 -------------------------------------------------------------------------------
 NBONDS: generating intra-molecular exclusion list with mode= 5
 MAKINB: mode   5 found     10 exclusions and     20 interactions(1-4)
 NBONDS: found     5678 intra-atom interactions
 --------------- cycle=    67 --------------------------------------------------
 | Etotal =-86.450    grad(E)=0.154      E(VDW )=-27.659    E(ELEC)=-58.791    |
 -------------------------------------------------------------------------------
 NBONDS: generating intra-molecular exclusion list with mode= 5
 MAKINB: mode   5 found     10 exclusions and     23 interactions(1-4)
 NBONDS: found     3783 intra-atom interactions
 --------------- cycle=    68 --------------------------------------------------
 | Etotal =-83.644    grad(E)=0.165      E(VDW )=-14.961    E(ELEC)=-68.684    |
 -------------------------------------------------------------------------------
 NBONDS: generating intra-molecular exclusion list with mode= 5
 MAKINB: mode   5 found     10 exclusions and     23 interactions(1-4)
 NBONDS: found     4225 intra-atom interactions
 --------------- cycle=    69 --------------------------------------------------
 | Etotal =-83.935    grad(E)=0.266      E(VDW )=-11.839    E(ELEC)=-72.096    |
 -------------------------------------------------------------------------------
 NBONDS: generating intra-molecular exclusion list with mode= 5
 MAKINB: mode   5 found     10 exclusions and     20 interactions(1-4)
 NBONDS: found     4953 intra-atom interactions
 --------------- cycle=    70 --------------------------------------------------
 | Etotal =-80.823    grad(E)=0.126      E(VDW )=-16.011    E(ELEC)=-64.811    |
 -------------------------------------------------------------------------------
 NBONDS: generating intra-molecular exclusion list with mode= 5
 MAKINB: mode   5 found     10 exclusions and     20 interactions(1-4)
 NBONDS: found     4457 intra-atom interactions
 --------------- cycle=    71 --------------------------------------------------
 | Etotal =-139.059   grad(E)=0.373      E(VDW )=-17.931    E(ELEC)=-121.128   |
 -------------------------------------------------------------------------------
 NBONDS: generating intra-molecular exclusion list with mode= 5
 MAKINB: mode   5 found     10 exclusions and     20 interactions(1-4)
 NBONDS: found     2660 intra-atom interactions
 --------------- cycle=    72 --------------------------------------------------
 | Etotal =-62.350    grad(E)=0.132      E(VDW )=-10.809    E(ELEC)=-51.541    |
 -------------------------------------------------------------------------------
 NBONDS: generating intra-molecular exclusion list with mode= 5
 MAKINB: mode   5 found     10 exclusions and     20 interactions(1-4)
 NBONDS: found     6516 intra-atom interactions
 --------------- cycle=    73 --------------------------------------------------
 | Etotal =-106.439   grad(E)=0.290      E(VDW )=-24.374    E(ELEC)=-82.065    |
 -------------------------------------------------------------------------------
 NBONDS: generating intra-molecular exclusion list with mode= 5
 MAKINB: mode   5 found     10 exclusions and     20 interactions(1-4)
 NBONDS: found     2051 intra-atom interactions
 --------------- cycle=    74 --------------------------------------------------
 | Etotal =-90.072    grad(E)=0.172      E(VDW )=-9.231     E(ELEC)=-80.841    |
 -------------------------------------------------------------------------------
 NBONDS: generating intra-molecular exclusion list with mode= 5
 MAKINB: mode   5 found     10 exclusions and     20 interactions(1-4)
 NBONDS: found     6443 intra-atom interactions
 --------------- cycle=    75 --------------------------------------------------
 | Etotal =-106.015   grad(E)=0.170      E(VDW )=-29.731    E(ELEC)=-76.284    |
 -------------------------------------------------------------------------------
 NBONDS: generating intra-molecular exclusion list with mode= 5
 MAKINB: mode   5 found     10 exclusions and     23 interactions(1-4)
 NBONDS: found     4609 intra-atom interactions
 --------------- cycle=    76 --------------------------------------------------
 | Etotal =-87.644    grad(E)=0.245      E(VDW )=-16.943    E(ELEC)=-70.701    |
 -------------------------------------------------------------------------------
 NBONDS: generating intra-molecular exclusion list with mode= 5
 MAKINB: mode   5 found     10 exclusions and     23 interactions(1-4)
 NBONDS: found     2868 intra-atom interactions
 --------------- cycle=    77 --------------------------------------------------
 | Etotal =-72.250    grad(E)=0.145      E(VDW )=-7.332     E(ELEC)=-64.917    |
 -------------------------------------------------------------------------------
 NBONDS: generating intra-molecular exclusion list with mode= 5
 MAKINB: mode   5 found     10 exclusions and     20 interactions(1-4)
 NBONDS: found     3569 intra-atom interactions
 --------------- cycle=    78 --------------------------------------------------
 | Etotal =-89.511    grad(E)=0.216      E(VDW )=-8.953     E(ELEC)=-80.558    |
 -------------------------------------------------------------------------------
 NBONDS: generating intra-molecular exclusion list with mode= 5
 MAKINB: mode   5 found     10 exclusions and     20 interactions(1-4)
 NBONDS: found     4052 intra-atom interactions
 --------------- cycle=    79 --------------------------------------------------
 | Etotal =-109.638   grad(E)=0.257      E(VDW )=-18.787    E(ELEC)=-90.851    |
 -------------------------------------------------------------------------------
 NBONDS: generating intra-molecular exclusion list with mode= 5
 MAKINB: mode   5 found     10 exclusions and     20 interactions(1-4)
 NBONDS: found     1784 intra-atom interactions
 --------------- cycle=    80 --------------------------------------------------
 | Etotal =-69.117    grad(E)=0.259      E(VDW )=-0.614     E(ELEC)=-68.503    |
 -------------------------------------------------------------------------------
 NBONDS: generating intra-molecular exclusion list with mode= 5
 MAKINB: mode   5 found     10 exclusions and     20 interactions(1-4)
 NBONDS: found     2883 intra-atom interactions
 --------------- cycle=    81 --------------------------------------------------
 | Etotal =-72.521    grad(E)=0.179      E(VDW )=-6.543     E(ELEC)=-65.979    |
 -------------------------------------------------------------------------------
 NBONDS: generating intra-molecular exclusion list with mode= 5
 MAKINB: mode   5 found     10 exclusions and     20 interactions(1-4)
 NBONDS: found     1564 intra-atom interactions
 --------------- cycle=    82 --------------------------------------------------
 | Etotal =-76.499    grad(E)=0.211      E(VDW )=-3.881     E(ELEC)=-72.618    |
 -------------------------------------------------------------------------------
 NBONDS: generating intra-molecular exclusion list with mode= 5
 MAKINB: mode   5 found     10 exclusions and     20 interactions(1-4)
 NBONDS: found     5246 intra-atom interactions
 --------------- cycle=    83 --------------------------------------------------
 | Etotal =-99.875    grad(E)=0.204      E(VDW )=-21.789    E(ELEC)=-78.086    |
 -------------------------------------------------------------------------------
 NBONDS: generating intra-molecular exclusion list with mode= 5
 MAKINB: mode   5 found     10 exclusions and     23 interactions(1-4)
 NBONDS: found     4544 intra-atom interactions
 --------------- cycle=    84 --------------------------------------------------
 | Etotal =-108.430   grad(E)=0.301      E(VDW )=-16.721    E(ELEC)=-91.709    |
 -------------------------------------------------------------------------------
 HEAP: maximum use      =    22503464 current use      =       96000 bytes
 HEAP: maximum overhead =        2816 current overhead =         752 bytes
          ============================================================
           Maximum dynamic memory allocation:    22503464 bytes
           Maximum dynamic memory overhead:          2816 bytes
           Program started at: 18:49:14 on 10-Jun-2020
           Program stopped at: 18:49:40 on 10-Jun-2020
           CPU time used:      26.5000 seconds
          ============================================================
