          ============================================================
          |                                                          |
          |            Crystallography & NMR System (CNS)            |
          |                         CNSsolve                         |
          |                                                          |
          ============================================================
           Version: 1.3 at patch level U
           Status: Special UU release with Rg and paramagnetic
                   restraints (A. Bonvin, UU 2011)
          ============================================================
           Written by: A.T.Brunger, P.D.Adams, G.M.Clore, W.L.DeLano,
                       P.Gros, R.W.Grosse-Kunstleve,J.-S.Jiang,J.M.Krahn,
                       J.Kuszewski, M.Nilges, N.S.Pannu, R.J.Read,
                       L.M.Rice, G.F.Schroeder, T.Simonson, G.L.Warren.
           Copyright (c) 1997-2010 Yale University
          ============================================================
           Running on machine: hostname unknown (x86_64/Linux,64-bit)
           Program started by: joaor
           Program started at: 18:49:40 on 10-Jun-2020
          ============================================================

 FFT3C: Using FFTPACK4.1

 CNSsolve>! 
 CNSsolve>! Calculates pairwise energies between residues 
 CNSsolve>! Will only rebuild hydrogen atoms 
 CNSsolve>! 
 CNSsolve>! Adapted from HADDOCK protocols here and there. 
 CNSsolve>! JR & AMJJB @ 2020 
 CNSsolve>! 
 CNSsolve>define( 
 DEFINE>    {===>} auto_break=true; 
 DEFINE>    {===>} break_cutoff=2.5; 
 DEFINE>    {===>} dnaauto_break=true; 
 DEFINE>    {===>} dbreak_cutoff=4.5; 
 DEFINE>    {===>} auto_cispro=true; 
 DEFINE>    {===>} auto_disu=true; 
 DEFINE>    {===>} disulphide_dist=3.0; 
 DEFINE>    {===>} glyco_dist=2.75; 
 DEFINE>    {===>} coorin="molecule.pdb"; 
 DEFINE>    {===>} icutoff=5.0; 
 DEFINE>) 
 CNSsolve> 
 CNSsolve>! Mute (most) output 
 CNSsolve>set message=on echo=off end 
 ASSFIL: file merged.param opened.
 MESSage=NORM
 EVALUATE: symbol $OLD_MESSAGE set to "NORM" (string)
 ECHO=FALSe {OFF}
 EVALUATE: symbol $OLD_ECHO set to FALSE (logical)
 %PARRDR-info: duplication of bond HC   NC2 
 %PARRDR-info: duplication of angle CH2E C    NH1 
 %PARRDR-info: duplication of angle CH2P CH2E HA  
 ASSFIL: file merged.top opened.
 MESSage=NORM
 EVALUATE: symbol $OLD_MESSAGE set to "NORM" (string)
 ECHO=FALSe {OFF}
 EVALUATE: symbol $OLD_ECHO set to FALSE (logical)
 %RTFIO-warning: undefined masses in residue CYC 
 %RTFIO error encountered: there are undefined masses.
   (CNS is in mode: SET ABORT=NORMal END)
 MESSage=NORM
 EVALUATE: symbol $OLD_MESSAGE set to "NORM" (string)
 ECHO=FALSe {OFF}
 EVALUATE: symbol $OLD_ECHO set to FALSE (logical)
 ASSFIL: file protein_break.top opened.
 %RTFRDR-ERR: duplicate (P-)RESIdue name DPEP
 %RTFRDR-ERR: duplicate (P-)RESIdue name DPPP
 RTFRDR> 
 RTFRDR>end 
 CNSsolve> 
 CNSsolve>! Reset output muting 
 CNSsolve>set message=off echo=off end 
FOUND 5 NAG:ASN pairs
NAG:ASN bond added from   B    901  to   B    53  
NAG:ASN bond added from   B    903  to   B    90  
NAG:ASN bond added from   B    907  to   B    322 
NAG:ASN bond added from   B    910  to   B    546 
NAG:ASN bond added from   E    1401 to   E    343 
FOUND 5 NAG:NAG pairs
NAG:NAG B14 bond added from   B    902  to   B    901 
NAG:NAG B14 bond added from   B    904  to   B    903 
NAG:NAG B14 bond added from   B    911  to   B    910 
NAG:NAG B14 bond added from   E    1402 to   E    1401
NAG:NAG B14 bond added from   E    1403 to   E    1402
 %PARRDR-info: duplication of bond HC   NC2 
 %PARRDR-info: duplication of angle CH2E C    NH1 
 %PARRDR-info: duplication of angle CH2P CH2E HA  
 POWELL: number of degrees of freedom= 13758
 NBONDS: generating intra-molecular exclusion list with mode=-2
 MAKINB: mode  -2 found   4586 exclusions and      0 interactions(1-4)
 %atoms "B   -32  -PHE -HB1 " and "B   -32  -PHE -HE2 " only  0.08 A apart
 %atoms "B   -114 -LYS -HB1 " and "B   -114 -LYS -HB2 " only  0.08 A apart
 %atoms "B   -152 -MET -CB  " and "B   -152 -MET -HE2 " only  0.02 A apart
 %atoms "B   -287 -GLN -HB1 " and "B   -287 -GLN -HG2 " only  0.07 A apart
 %atoms "B   -320 -LEU -CB  " and "B   -320 -LEU -HD11" only  0.06 A apart
 %atoms "B   -583 -PRO -HA  " and "B   -583 -PRO -HB1 " only  0.10 A apart
 %atoms "E   -386 -LYS -HA  " and "E   -386 -LYS -HE2 " only  0.03 A apart
 %atoms "E   -441 -LEU -CA  " and "E   -441 -LEU -HG  " only  0.10 A apart
 %atoms "E   -468 -ILE -HB  " and "E   -468 -ILE -HD12" only  0.10 A apart
 NBONDS: found   693923 intra-atom interactions
 NBONDS: found        9 nonbonded violations
 NBONDS: found   693659 intra-atom interactions
 %atoms "E   -511 -VAL -HB  " and "E   -511 -VAL -HG11" only  0.06 A apart
 NBONDS: found   689766 intra-atom interactions
 NBONDS: found        1 nonbonded violations
 NBONDS: found   687549 intra-atom interactions
 NBONDS: found   685944 intra-atom interactions
 --------------- cycle=    10 ------ stepsize=   -0.0000 -----------------------
 | Etotal =0.34E+07   grad(E)=576.669    E(BOND)=496287.440 E(ANGL)=0.16E+07   |
 | E(VDW )=0.13E+07                                                            |
 -------------------------------------------------------------------------------
 NBONDS: found   684732 intra-atom interactions
 NBONDS: found   685941 intra-atom interactions
 NBONDS: found   687496 intra-atom interactions
 NBONDS: found   687527 intra-atom interactions
 --------------- cycle=    20 ------ stepsize=    0.0000 -----------------------
 | Etotal =0.12E+07   grad(E)=298.285    E(BOND)=229614.317 E(ANGL)=491113.217 |
 | E(VDW )=501652.555                                                          |
 -------------------------------------------------------------------------------
 NBONDS: found   687483 intra-atom interactions
 NBONDS: found   687591 intra-atom interactions
 --------------- cycle=    30 ------ stepsize=   -0.0000 -----------------------
 | Etotal =970185.719 grad(E)=240.963    E(BOND)=188207.770 E(ANGL)=353727.054 |
 | E(VDW )=428250.895                                                          |
 -------------------------------------------------------------------------------
 NBONDS: found   687580 intra-atom interactions
 NBONDS: found   687544 intra-atom interactions
 NBONDS: found   687571 intra-atom interactions
 --------------- cycle=    40 ------ stepsize=    0.0001 -----------------------
 | Etotal =924217.193 grad(E)=231.272    E(BOND)=184001.127 E(ANGL)=330725.472 |
 | E(VDW )=409490.594                                                          |
 -------------------------------------------------------------------------------
 NBONDS: found   687532 intra-atom interactions
 NBONDS: found   687558 intra-atom interactions
 --------------- cycle=    50 ------ stepsize=   -0.0001 -----------------------
 | Etotal =906877.182 grad(E)=227.717    E(BOND)=183182.708 E(ANGL)=321855.188 |
 | E(VDW )=401839.287                                                          |
 -------------------------------------------------------------------------------
 POWELL: STEP number limit. Normal termination
 POWELL: Current coordinates set to last minimum
 DCART: temperature coupling (TCOUpling) enabled
 -------------------------- Cartesian dynamics start ---------------------------
 | E(kin)+E(total)=0.35E+07        E(kin)=4218.322      temperature=308.585    |
 | Etotal =0.35E+07   grad(E)=589.478    E(BOND)=183182.708 E(ANGL)=321855.188 |
 | E(IMPR)=0.30E+07                                                            |
 -------------------------------------------------------------------------------
 ----------------- final step=       50 at      0.02500 ps ---------------------
 | E(kin)+E(total)=0.23E+07        E(kin)=440305.078    temperature=32209.855  |
 | Etotal =0.19E+07   grad(E)=323.916    E(BOND)=192320.985 E(ANGL)=848164.248 |
 | E(IMPR)=813727.691                                                          |
 -------------------------------------------------------------------------------
 CENMAS: Information about center of free masses
         position [A]          :     -0.76108      0.07624     -0.36132
         velocity [A/ps]       :     -0.65539      0.10257     -0.68718
         ang. mom. [amu A/ps]  :-257247.96162*************2390499.46509
         kin. ener. [Kcal/mol] :     99.99240
 POWELL: number of degrees of freedom= 13758
 NBONDS: found   685246 intra-atom interactions
 NBONDS: found   684158 intra-atom interactions
 NBONDS: found   684522 intra-atom interactions
 NBONDS: found   685996 intra-atom interactions
 --------------- cycle=    10 ------ stepsize=   -0.0001 -----------------------
 | Etotal =0.19E+07   grad(E)=279.116    E(BOND)=243572.222 E(ANGL)=465960.460 |
 | E(IMPR)=735330.764 E(VDW )=493144.510                                       |
 -------------------------------------------------------------------------------
 NBONDS: found   686349 intra-atom interactions
 NBONDS: found   686694 intra-atom interactions
 NBONDS: found   686683 intra-atom interactions
 NBONDS: found   686674 intra-atom interactions
 --------------- cycle=    20 ------ stepsize=   -0.0000 -----------------------
 | Etotal =0.13E+07   grad(E)=148.181    E(BOND)=184302.028 E(ANGL)=178606.314 |
 | E(IMPR)=626309.544 E(VDW )=356612.718                                       |
 -------------------------------------------------------------------------------
 NBONDS: found   686734 intra-atom interactions
 NBONDS: found   686767 intra-atom interactions
 --------------- cycle=    30 ------ stepsize=    0.0000 -----------------------
 | Etotal =0.13E+07   grad(E)=116.321    E(BOND)=169259.662 E(ANGL)=143101.410 |
 | E(IMPR)=612976.521 E(VDW )=334682.782                                       |
 -------------------------------------------------------------------------------
 NBONDS: found   686786 intra-atom interactions
 NBONDS: found   686760 intra-atom interactions
 NBONDS: found   686651 intra-atom interactions
 --------------- cycle=    40 ------ stepsize=   -0.0001 -----------------------
 | Etotal =0.12E+07   grad(E)=115.009    E(BOND)=169700.090 E(ANGL)=138375.309 |
 | E(IMPR)=602836.853 E(VDW )=329373.244                                       |
 -------------------------------------------------------------------------------
 NBONDS: found   686700 intra-atom interactions
 NBONDS: found   686648 intra-atom interactions
 --------------- cycle=    50 ------ stepsize=   -0.0000 -----------------------
 | Etotal =0.12E+07   grad(E)=113.808    E(BOND)=168744.380 E(ANGL)=131597.191 |
 | E(IMPR)=593693.871 E(VDW )=324670.564                                       |
 -------------------------------------------------------------------------------
 POWELL: STEP number limit. Normal termination
 POWELL: Current coordinates set to last minimum
 DCART: temperature coupling (TCOUpling) enabled
 -------------------------- Cartesian dynamics start ---------------------------
 | E(kin)+E(total)=0.12E+07        E(kin)=4118.837      temperature=301.307    |
 | Etotal =0.12E+07   grad(E)=113.808    E(BOND)=168744.380 E(ANGL)=131597.191 |
 | E(IMPR)=593693.871 E(VDW )=324670.564                                       |
 -------------------------------------------------------------------------------
 NBONDS: found   686677 intra-atom interactions
 NBONDS: found   686627 intra-atom interactions
 NBONDS: found   686696 intra-atom interactions
 ----------------- final step=       50 at      0.02500 ps ---------------------
 | E(kin)+E(total)=0.12E+07        E(kin)=6122.672      temperature=447.895    |
 | Etotal =0.12E+07   grad(E)=115.856    E(BOND)=170571.409 E(ANGL)=130408.801 |
 | E(IMPR)=589763.141 E(VDW )=322095.774                                       |
 -------------------------------------------------------------------------------
 CENMAS: Information about center of free masses
         position [A]          :     -0.76877      0.07447     -0.37164
         velocity [A/ps]       :      0.09923      0.01973      0.00102
         ang. mom. [amu A/ps]  : 252524.67801-102289.12869 -53009.39744
         kin. ener. [Kcal/mol] :      1.12199
 %PARRDR-info: duplication of bond HC   NC2 
 %PARRDR-info: duplication of angle CH2E C    NH1 
 %PARRDR-info: duplication of angle CH2P CH2E HA  
 POWELL: number of degrees of freedom= 13758
 NBONDS: generating intra-molecular exclusion list with mode=-3
 MAKINB: mode  -3 found  15666 exclusions and      0 interactions(1-4)
 NBONDS: found   675616 intra-atom interactions
 NBONDS: found   677169 intra-atom interactions
 NBONDS: found   677210 intra-atom interactions
 NBONDS: found   677155 intra-atom interactions
 NBONDS: found   677345 intra-atom interactions
 NBONDS: found   677800 intra-atom interactions
 --------------- cycle=    25 ------ stepsize=    0.0003 -----------------------
 | Etotal =278601.675 grad(E)=110.313    E(BOND)=20171.030  E(ANGL)=136382.280 |
 | E(IMPR)=119758.002 E(VDW )=2290.363                                         |
 -------------------------------------------------------------------------------
 NBONDS: found   677888 intra-atom interactions
 NBONDS: found   677759 intra-atom interactions
 NBONDS: found   677702 intra-atom interactions
 NBONDS: found   677690 intra-atom interactions
 NBONDS: found   677748 intra-atom interactions
 NBONDS: found   677750 intra-atom interactions
 NBONDS: found   677709 intra-atom interactions
 --------------- cycle=    50 ------ stepsize=    0.0000 -----------------------
 | Etotal =63392.488  grad(E)=40.390     E(BOND)=3301.800   E(ANGL)=30909.058  |
 | E(IMPR)=28396.050  E(VDW )=785.579                                          |
 -------------------------------------------------------------------------------
 NBONDS: found   677735 intra-atom interactions
 NBONDS: found   677638 intra-atom interactions
 NBONDS: found   677659 intra-atom interactions
 NBONDS: found   677665 intra-atom interactions
 --------------- cycle=    75 ------ stepsize=    0.0005 -----------------------
 | Etotal =9923.005   grad(E)=16.492     E(BOND)=488.647    E(ANGL)=3568.144   |
 | E(IMPR)=5328.606   E(VDW )=537.608                                          |
 -------------------------------------------------------------------------------
 NBONDS: found   677689 intra-atom interactions
 NBONDS: found   677676 intra-atom interactions
 NBONDS: found   677766 intra-atom interactions
 NBONDS: found   677701 intra-atom interactions
 NBONDS: found   677724 intra-atom interactions
 --------------- cycle=   100 ------ stepsize=    0.0003 -----------------------
 | Etotal =1190.558   grad(E)=8.662      E(BOND)=44.559     E(ANGL)=585.400    |
 | E(IMPR)=44.181     E(VDW )=516.417                                          |
 -------------------------------------------------------------------------------
 POWELL: STEP number limit. Normal termination
 POWELL: Current coordinates set to last minimum
 DCART: temperature coupling (TCOUpling) enabled
 -------------------------- Cartesian dynamics start ---------------------------
 | E(kin)+E(total)=5203.835        E(kin)=4013.277      temperature=293.585    |
 | Etotal =1190.558   grad(E)=8.662      E(BOND)=44.559     E(ANGL)=585.400    |
 | E(IMPR)=44.181     E(VDW )=516.417                                          |
 -------------------------------------------------------------------------------
 NBONDS: found   677558 intra-atom interactions
 NBONDS: found   677667 intra-atom interactions
 NBONDS: found   677717 intra-atom interactions
 NBONDS: found   677663 intra-atom interactions
 NBONDS: found   677646 intra-atom interactions
 ----------------- final step=      500 at      0.25000 ps ---------------------
 | E(kin)+E(total)=8401.764        E(kin)=4530.161      temperature=331.397    |
 | Etotal =3871.603   grad(E)=25.747     E(BOND)=734.402    E(ANGL)=2228.957   |
 | E(IMPR)=270.602    E(VDW )=637.642                                          |
 -------------------------------------------------------------------------------
 CENMAS: Information about center of free masses
         position [A]          :     -0.77099      0.07426     -0.37116
         velocity [A/ps]       :     -0.00360     -0.01636     -0.03254
         ang. mom. [amu A/ps]  : 101774.27265 -48297.40687 180591.83942
         kin. ener. [Kcal/mol] :      0.14685
 EFLAGS: the following energy flags are set
 EFLAGS: BOND ANGL DIHE IMPR VDW 
 %PARRDR-info: duplication of bond HC   NC2 
 %PARRDR-info: duplication of angle CH2E C    NH1 
 %PARRDR-info: duplication of angle CH2P CH2E HA  
 POWELL: number of degrees of freedom= 13758
 NBONDS: generating intra-molecular exclusion list with mode=-3
 MAKINB: mode  -3 found  15666 exclusions and      0 interactions(1-4)
 NBONDS: found   677589 intra-atom interactions
 NBONDS: found   677665 intra-atom interactions
 --------------- cycle=    50 ------ stepsize=    0.0012 -----------------------
 | Etotal =13335.485  grad(E)=13.524     E(BOND)=240.464    E(ANGL)=1171.174   |
 | E(DIHE)=211.274    E(IMPR)=98.262     E(VDW )=11614.311                     |
 -------------------------------------------------------------------------------
 NBONDS: found   677542 intra-atom interactions
 --------------- cycle=   100 ------ stepsize=    0.0010 -----------------------
 | Etotal =12878.547  grad(E)=13.296     E(BOND)=227.549    E(ANGL)=1146.847   |
 | E(DIHE)=170.820    E(IMPR)=88.569     E(VDW )=11244.762                     |
 -------------------------------------------------------------------------------
 --------------- cycle=   150 ------ stepsize=    0.0014 -----------------------
 | Etotal =12811.088  grad(E)=13.265     E(BOND)=226.233    E(ANGL)=1141.419   |
 | E(DIHE)=160.621    E(IMPR)=88.768     E(VDW )=11194.046                     |
 -------------------------------------------------------------------------------
 --------------- cycle=   200 ------ stepsize=    0.0011 -----------------------
 | Etotal =12803.518  grad(E)=13.265     E(BOND)=226.120    E(ANGL)=1142.482   |
 | E(DIHE)=160.657    E(IMPR)=87.947     E(VDW )=11186.312                     |
 -------------------------------------------------------------------------------
 NBONDS: found   677658 intra-atom interactions
 --------------- cycle=   250 ------ stepsize=    0.0014 -----------------------
 | Etotal =12802.332  grad(E)=13.264     E(BOND)=225.815    E(ANGL)=1142.820   |
 | E(DIHE)=161.069    E(IMPR)=87.982     E(VDW )=11184.645                     |
 -------------------------------------------------------------------------------
 --------------- cycle=   300 ------ stepsize=    0.0012 -----------------------
 | Etotal =12802.029  grad(E)=13.264     E(BOND)=225.649    E(ANGL)=1142.707   |
 | E(DIHE)=161.473    E(IMPR)=88.181     E(VDW )=11184.020                     |
 -------------------------------------------------------------------------------
 --------------- cycle=   350 ------ stepsize=    0.0011 -----------------------
 | Etotal =12802.013  grad(E)=13.264     E(BOND)=225.698    E(ANGL)=1142.657   |
 | E(DIHE)=161.394    E(IMPR)=88.214     E(VDW )=11184.049                     |
 -------------------------------------------------------------------------------
 --------------- cycle=   400 ------ stepsize=    0.0009 -----------------------
 | Etotal =12802.004  grad(E)=13.263     E(BOND)=225.668    E(ANGL)=1142.638   |
 | E(DIHE)=161.572    E(IMPR)=88.212     E(VDW )=11183.913                     |
 -------------------------------------------------------------------------------
 --------------- cycle=   450 ------ stepsize=    0.0014 -----------------------
 | Etotal =12802.002  grad(E)=13.263     E(BOND)=225.666    E(ANGL)=1142.638   |
 | E(DIHE)=161.594    E(IMPR)=88.213     E(VDW )=11183.893                     |
 -------------------------------------------------------------------------------
 --------------- cycle=   500 ------ stepsize=    0.0012 -----------------------
 | Etotal =12802.002  grad(E)=13.263     E(BOND)=225.668    E(ANGL)=1142.645   |
 | E(DIHE)=161.594    E(IMPR)=88.210     E(VDW )=11183.885                     |
 -------------------------------------------------------------------------------
 POWELL: STEP number limit. Normal termination
 POWELL: Current coordinates set to last minimum
 DCART: temperature coupling (TCOUpling) enabled
 -------------------------- Cartesian dynamics start ---------------------------
 | E(kin)+E(total)=16852.768       E(kin)=4050.765      temperature=296.328    |
 | Etotal =12802.002  grad(E)=13.263     E(BOND)=225.668    E(ANGL)=1142.645   |
 | E(DIHE)=161.594    E(IMPR)=88.210     E(VDW )=11183.885                     |
 -------------------------------------------------------------------------------
 NBONDS: found   677614 intra-atom interactions
 NBONDS: found   677503 intra-atom interactions
 NBONDS: found   677712 intra-atom interactions
 NBONDS: found   677545 intra-atom interactions
 NBONDS: found   677634 intra-atom interactions
 NBONDS: found   677610 intra-atom interactions
 NBONDS: found   677604 intra-atom interactions
 NBONDS: found   677498 intra-atom interactions
 NBONDS: found   677620 intra-atom interactions
 ----------------- final step=      500 at      0.25000 ps ---------------------
 | E(kin)+E(total)=21019.029       E(kin)=4169.592      temperature=305.020    |
 | Etotal =16849.437  grad(E)=32.078     E(BOND)=1336.496   E(ANGL)=3435.745   |
 | E(DIHE)=166.179    E(IMPR)=427.482    E(VDW )=11483.535                     |
 -------------------------------------------------------------------------------
 CENMAS: Information about center of free masses
         position [A]          :     -0.77002      0.07428     -0.37125
         velocity [A/ps]       :      0.22778     -0.19771      0.33909
         ang. mom. [amu A/ps]  :  -4031.95602  10978.16400  15427.73372
         kin. ener. [Kcal/mol] :      1.13773
 POWELL: number of degrees of freedom= 13758
 --------------- cycle=    50 ------ stepsize=    0.0010 -----------------------
 | Etotal =12816.217  grad(E)=13.276     E(BOND)=226.717    E(ANGL)=1143.965   |
 | E(DIHE)=162.379    E(IMPR)=88.742     E(VDW )=11194.414                     |
 -------------------------------------------------------------------------------
 --------------- cycle=   100 ------ stepsize=    0.0012 -----------------------
 | Etotal =12804.293  grad(E)=13.262     E(BOND)=225.754    E(ANGL)=1142.195   |
 | E(DIHE)=162.530    E(IMPR)=88.220     E(VDW )=11185.594                     |
 -------------------------------------------------------------------------------
 --------------- cycle=   150 ------ stepsize=    0.0012 -----------------------
 | Etotal =12803.673  grad(E)=13.261     E(BOND)=225.613    E(ANGL)=1142.192   |
 | E(DIHE)=163.215    E(IMPR)=88.130     E(VDW )=11184.524                     |
 -------------------------------------------------------------------------------
 --------------- cycle=   200 ------ stepsize=    0.0013 -----------------------
 | Etotal =12803.472  grad(E)=13.262     E(BOND)=225.561    E(ANGL)=1142.440   |
 | E(DIHE)=163.493    E(IMPR)=88.179     E(VDW )=11183.799                     |
 -------------------------------------------------------------------------------
 --------------- cycle=   250 ------ stepsize=    0.0012 -----------------------
 | Etotal =12803.443  grad(E)=13.262     E(BOND)=225.592    E(ANGL)=1142.533   |
 | E(DIHE)=163.516    E(IMPR)=88.178     E(VDW )=11183.625                     |
 -------------------------------------------------------------------------------
 --------------- cycle=   300 ------ stepsize=    0.0010 -----------------------
 | Etotal =12803.438  grad(E)=13.262     E(BOND)=225.588    E(ANGL)=1142.554   |
 | E(DIHE)=163.508    E(IMPR)=88.191     E(VDW )=11183.597                     |
 -------------------------------------------------------------------------------
 --------------- cycle=   350 ------ stepsize=    0.0013 -----------------------
 | Etotal =12803.438  grad(E)=13.262     E(BOND)=225.586    E(ANGL)=1142.559   |
 | E(DIHE)=163.510    E(IMPR)=88.187     E(VDW )=11183.595                     |
 -------------------------------------------------------------------------------
 POWELL: Gradient converged. Normal termination
 POWELL: Current coordinates set to last minimum
 POWELL: number of degrees of freedom= 18195
 NBONDS: found   677591 intra-atom interactions
 NBONDS: found   677480 intra-atom interactions
 NBONDS: found   677590 intra-atom interactions
 --------------- cycle=     5 ------ stepsize=    0.0006 -----------------------
 | Etotal =12636.261  grad(E)=13.256     E(BOND)=223.569    E(ANGL)=1142.870   |
 | E(DIHE)=163.514    E(IMPR)=88.236     E(VDW )=11018.072                     |
 -------------------------------------------------------------------------------
 --------------- cycle=    10 ------ stepsize=    0.0011 -----------------------
 | Etotal =12633.889  grad(E)=13.252     E(BOND)=223.423    E(ANGL)=1143.456   |
 | E(DIHE)=163.446    E(IMPR)=88.254     E(VDW )=11015.310                     |
 -------------------------------------------------------------------------------
 --------------- cycle=    15 ------ stepsize=    0.0006 -----------------------
 | Etotal =12631.677  grad(E)=13.249     E(BOND)=223.254    E(ANGL)=1142.813   |
 | E(DIHE)=163.495    E(IMPR)=88.194     E(VDW )=11013.922                     |
 -------------------------------------------------------------------------------
 --------------- cycle=    20 ------ stepsize=    0.0006 -----------------------
 | Etotal =12630.534  grad(E)=13.248     E(BOND)=223.277    E(ANGL)=1142.560   |
 | E(DIHE)=163.544    E(IMPR)=88.258     E(VDW )=11012.894                     |
 -------------------------------------------------------------------------------
 --------------- cycle=    25 ------ stepsize=    0.0001 -----------------------
 | Etotal =12630.442  grad(E)=13.249     E(BOND)=223.292    E(ANGL)=1142.809   |
 | E(DIHE)=163.535    E(IMPR)=88.210     E(VDW )=11012.596                     |
 -------------------------------------------------------------------------------
 --------------- cycle=    30 ------ stepsize=    0.0010 -----------------------
 | Etotal =12630.320  grad(E)=13.247     E(BOND)=223.306    E(ANGL)=1142.458   |
 | E(DIHE)=163.525    E(IMPR)=88.276     E(VDW )=11012.755                     |
 -------------------------------------------------------------------------------
 --------------- cycle=    35 ------ stepsize=   -0.0001 -----------------------
 | Etotal =12630.276  grad(E)=13.249     E(BOND)=223.261    E(ANGL)=1142.717   |
 | E(DIHE)=163.508    E(IMPR)=88.216     E(VDW )=11012.575                     |
 -------------------------------------------------------------------------------
 --------------- cycle=    40 ------ stepsize=    0.0012 -----------------------
 | Etotal =12630.241  grad(E)=13.248     E(BOND)=223.271    E(ANGL)=1142.626   |
 | E(DIHE)=163.494    E(IMPR)=88.249     E(VDW )=11012.601                     |
 -------------------------------------------------------------------------------
 --------------- cycle=    45 ------ stepsize=    0.0003 -----------------------
 | Etotal =12630.201  grad(E)=13.247     E(BOND)=223.276    E(ANGL)=1142.611   |
 | E(DIHE)=163.472    E(IMPR)=88.208     E(VDW )=11012.635                     |
 -------------------------------------------------------------------------------
 --------------- cycle=    50 ------ stepsize=    0.0009 -----------------------
 | Etotal =12630.175  grad(E)=13.249     E(BOND)=223.274    E(ANGL)=1142.687   |
 | E(DIHE)=163.451    E(IMPR)=88.252     E(VDW )=11012.512                     |
 -------------------------------------------------------------------------------
 POWELL: STEP number limit. Normal termination
 POWELL: Current coordinates set to last minimum
 %PARRDR-info: duplication of bond HC   NC2 
 %PARRDR-info: duplication of angle CH2E C    NH1 
 %PARRDR-info: duplication of angle CH2P CH2E HA  
 POWELL: number of degrees of freedom= 18195
 NBONDS: generating intra-molecular exclusion list with mode= 5
 MAKINB: mode   5 found  17706 exclusions and  17796 interactions(1-4)
 NBONDS: found   896383 intra-atom interactions
 NBONDS: found   896647 intra-atom interactions
 --------------- cycle=    50 ------ stepsize=    0.0002 -----------------------
 | Etotal =-37.409    grad(E)=5.387      E(BOND)=12.959     E(ANGL)=412.738    |
 | E(DIHE)=52.341     E(IMPR)=33.293     E(VDW )=-549.772   E(ELEC)=1.033      |
 -------------------------------------------------------------------------------
 POWELL: STEP number limit. Normal termination
 POWELL: Current coordinates set to last minimum
 --------------- cycle=     1 --------------------------------------------------
 | Etotal =-37.409    grad(E)=5.387      E(BOND)=12.959     E(ANGL)=412.738    |
 | E(DIHE)=52.341     E(IMPR)=33.293     E(VDW )=-549.772   E(ELEC)=1.033      |
 -------------------------------------------------------------------------------
 SURFAC: half the sigma value being used for atomic radii.
 SURFAC: ACCEssible surface area
 SURFAC: ACCUracy= 0.07 RH2O=  1.40
         Z-grid=  0.32 number-of-Z-sections=  214
         measures-of-arc= 93197 and151699
 SURFAC: half the sigma value being used for atomic radii.
 SURFAC: ACCEssible surface area
 SURFAC: ACCUracy= 0.07 RH2O=  1.40
         Z-grid=  0.32 number-of-Z-sections=  132
         measures-of-arc= 25873 and 46492
 SURFAC: half the sigma value being used for atomic radii.
 SURFAC: ACCEssible surface area
 SURFAC: ACCUracy= 0.07 RH2O=  1.40
         Z-grid=  0.32 number-of-Z-sections=  214
         measures-of-arc=120793 and198489
 %PARRDR-info: duplication of bond HC   NC2 
 %PARRDR-info: duplication of angle CH2E C    NH1 
 %PARRDR-info: duplication of angle CH2P CH2E HA  
 NBONDS: generating intra-molecular exclusion list with mode= 5
 MAKINB: mode   5 found      5 exclusions and     10 interactions(1-4)
 NBONDS: found     2021 intra-atom interactions
 --------------- cycle=     2 --------------------------------------------------
 | Etotal =-37.977    grad(E)=0.183      E(VDW )=-5.769     E(ELEC)=-32.208    |
 -------------------------------------------------------------------------------
 NBONDS: generating intra-molecular exclusion list with mode= 5
 MAKINB: mode   5 found     10 exclusions and     20 interactions(1-4)
 NBONDS: found     1873 intra-atom interactions
 --------------- cycle=     3 --------------------------------------------------
 | Etotal =-164.546   grad(E)=0.371      E(VDW )=-6.000     E(ELEC)=-158.546   |
 -------------------------------------------------------------------------------
 NBONDS: generating intra-molecular exclusion list with mode= 5
 MAKINB: mode   5 found     10 exclusions and     20 interactions(1-4)
 NBONDS: found     4167 intra-atom interactions
 --------------- cycle=     4 --------------------------------------------------
 | Etotal =-94.717    grad(E)=0.183      E(VDW )=-11.821    E(ELEC)=-82.897    |
 -------------------------------------------------------------------------------
 NBONDS: generating intra-molecular exclusion list with mode= 5
 MAKINB: mode   5 found     10 exclusions and     20 interactions(1-4)
 NBONDS: found     4478 intra-atom interactions
 --------------- cycle=     5 --------------------------------------------------
 | Etotal =-174.310   grad(E)=0.411      E(VDW )=-10.221    E(ELEC)=-164.089   |
 -------------------------------------------------------------------------------
 NBONDS: generating intra-molecular exclusion list with mode= 5
 MAKINB: mode   5 found     10 exclusions and     20 interactions(1-4)
 NBONDS: found     3876 intra-atom interactions
 --------------- cycle=     6 --------------------------------------------------
 | Etotal =-97.176    grad(E)=0.172      E(VDW )=-13.446    E(ELEC)=-83.730    |
 -------------------------------------------------------------------------------
 NBONDS: generating intra-molecular exclusion list with mode= 5
 MAKINB: mode   5 found     10 exclusions and     20 interactions(1-4)
 NBONDS: found     5881 intra-atom interactions
 --------------- cycle=     7 --------------------------------------------------
 | Etotal =-98.110    grad(E)=0.169      E(VDW )=-21.717    E(ELEC)=-76.393    |
 -------------------------------------------------------------------------------
 NBONDS: generating intra-molecular exclusion list with mode= 5
 MAKINB: mode   5 found     10 exclusions and     20 interactions(1-4)
 NBONDS: found     5635 intra-atom interactions
 --------------- cycle=     8 --------------------------------------------------
 | Etotal =-99.475    grad(E)=0.195      E(VDW )=-14.384    E(ELEC)=-85.091    |
 -------------------------------------------------------------------------------
 NBONDS: generating intra-molecular exclusion list with mode= 5
 MAKINB: mode   5 found     10 exclusions and     20 interactions(1-4)
 NBONDS: found     3723 intra-atom interactions
 --------------- cycle=     9 --------------------------------------------------
 | Etotal =-173.469   grad(E)=0.365      E(VDW )=-10.083    E(ELEC)=-163.387   |
 -------------------------------------------------------------------------------
 NBONDS: generating intra-molecular exclusion list with mode= 5
 MAKINB: mode   5 found     10 exclusions and     20 interactions(1-4)
 NBONDS: found     5670 intra-atom interactions
 --------------- cycle=    10 --------------------------------------------------
 | Etotal =-159.146   grad(E)=0.370      E(VDW )=-13.592    E(ELEC)=-145.555   |
 -------------------------------------------------------------------------------
 NBONDS: generating intra-molecular exclusion list with mode= 5
 MAKINB: mode   5 found     10 exclusions and     20 interactions(1-4)
 NBONDS: found     5558 intra-atom interactions
 --------------- cycle=    11 --------------------------------------------------
 | Etotal =-102.868   grad(E)=0.213      E(VDW )=-15.233    E(ELEC)=-87.636    |
 -------------------------------------------------------------------------------
 NBONDS: generating intra-molecular exclusion list with mode= 5
 MAKINB: mode   5 found     10 exclusions and     20 interactions(1-4)
 NBONDS: found     3651 intra-atom interactions
 --------------- cycle=    12 --------------------------------------------------
 | Etotal =-108.640   grad(E)=0.291      E(VDW )=-9.830     E(ELEC)=-98.811    |
 -------------------------------------------------------------------------------
 NBONDS: generating intra-molecular exclusion list with mode= 5
 MAKINB: mode   5 found     10 exclusions and     20 interactions(1-4)
 NBONDS: found     2989 intra-atom interactions
 --------------- cycle=    13 --------------------------------------------------
 | Etotal =-93.312    grad(E)=0.194      E(VDW )=-10.935    E(ELEC)=-82.377    |
 -------------------------------------------------------------------------------
 NBONDS: generating intra-molecular exclusion list with mode= 5
 MAKINB: mode   5 found     10 exclusions and     20 interactions(1-4)
 NBONDS: found     3489 intra-atom interactions
 --------------- cycle=    14 --------------------------------------------------
 | Etotal =-121.527   grad(E)=0.413      E(VDW )=-11.362    E(ELEC)=-110.165   |
 -------------------------------------------------------------------------------
 NBONDS: generating intra-molecular exclusion list with mode= 5
 MAKINB: mode   5 found     10 exclusions and     20 interactions(1-4)
 NBONDS: found     2611 intra-atom interactions
 --------------- cycle=    15 --------------------------------------------------
 | Etotal =-89.790    grad(E)=0.292      E(VDW )=-3.220     E(ELEC)=-86.570    |
 -------------------------------------------------------------------------------
 NBONDS: generating intra-molecular exclusion list with mode= 5
 MAKINB: mode   5 found     10 exclusions and     20 interactions(1-4)
 NBONDS: found     3857 intra-atom interactions
 --------------- cycle=    16 --------------------------------------------------
 | Etotal =-169.368   grad(E)=0.489      E(VDW )=-11.003    E(ELEC)=-158.365   |
 -------------------------------------------------------------------------------
 NBONDS: generating intra-molecular exclusion list with mode= 5
 MAKINB: mode   5 found     10 exclusions and     20 interactions(1-4)
 NBONDS: found     3938 intra-atom interactions
 --------------- cycle=    17 --------------------------------------------------
 | Etotal =-226.722   grad(E)=0.619      E(VDW )=-10.076    E(ELEC)=-216.646   |
 -------------------------------------------------------------------------------
 NBONDS: generating intra-molecular exclusion list with mode= 5
 MAKINB: mode   5 found     10 exclusions and     20 interactions(1-4)
 NBONDS: found     4280 intra-atom interactions
 --------------- cycle=    18 --------------------------------------------------
 | Etotal =-98.523    grad(E)=0.198      E(VDW )=-13.288    E(ELEC)=-85.235    |
 -------------------------------------------------------------------------------
 NBONDS: generating intra-molecular exclusion list with mode= 5
 MAKINB: mode   5 found     10 exclusions and     20 interactions(1-4)
 NBONDS: found     5000 intra-atom interactions
 --------------- cycle=    19 --------------------------------------------------
 | Etotal =-186.161   grad(E)=0.413      E(VDW )=-21.144    E(ELEC)=-165.017   |
 -------------------------------------------------------------------------------
 NBONDS: generating intra-molecular exclusion list with mode= 5
 MAKINB: mode   5 found     10 exclusions and     20 interactions(1-4)
 NBONDS: found     3761 intra-atom interactions
 --------------- cycle=    20 --------------------------------------------------
 | Etotal =-112.078   grad(E)=0.209      E(VDW )=-12.957    E(ELEC)=-99.120    |
 -------------------------------------------------------------------------------
 NBONDS: generating intra-molecular exclusion list with mode= 5
 MAKINB: mode   5 found     10 exclusions and     20 interactions(1-4)
 NBONDS: found     4506 intra-atom interactions
 --------------- cycle=    21 --------------------------------------------------
 | Etotal =-85.593    grad(E)=0.183      E(VDW )=-12.374    E(ELEC)=-73.219    |
 -------------------------------------------------------------------------------
 NBONDS: generating intra-molecular exclusion list with mode= 5
 MAKINB: mode   5 found     10 exclusions and     20 interactions(1-4)
 NBONDS: found     2524 intra-atom interactions
 --------------- cycle=    22 --------------------------------------------------
 | Etotal =-92.312    grad(E)=0.209      E(VDW )=-12.543    E(ELEC)=-79.769    |
 -------------------------------------------------------------------------------
 NBONDS: generating intra-molecular exclusion list with mode= 5
 MAKINB: mode   5 found     10 exclusions and     20 interactions(1-4)
 NBONDS: found     4326 intra-atom interactions
 --------------- cycle=    23 --------------------------------------------------
 | Etotal =-113.476   grad(E)=0.225      E(VDW )=-19.246    E(ELEC)=-94.230    |
 -------------------------------------------------------------------------------
 NBONDS: generating intra-molecular exclusion list with mode= 5
 MAKINB: mode   5 found     10 exclusions and     20 interactions(1-4)
 NBONDS: found     3372 intra-atom interactions
 --------------- cycle=    24 --------------------------------------------------
 | Etotal =-109.668   grad(E)=0.268      E(VDW )=-12.389    E(ELEC)=-97.279    |
 -------------------------------------------------------------------------------
 NBONDS: generating intra-molecular exclusion list with mode= 5
 MAKINB: mode   5 found     10 exclusions and     20 interactions(1-4)
 NBONDS: found     4005 intra-atom interactions
 --------------- cycle=    25 --------------------------------------------------
 | Etotal =-95.841    grad(E)=0.168      E(VDW )=-14.168    E(ELEC)=-81.672    |
 -------------------------------------------------------------------------------
 NBONDS: generating intra-molecular exclusion list with mode= 5
 MAKINB: mode   5 found     10 exclusions and     20 interactions(1-4)
 NBONDS: found     2864 intra-atom interactions
 --------------- cycle=    26 --------------------------------------------------
 | Etotal =-84.950    grad(E)=0.234      E(VDW )=-8.606     E(ELEC)=-76.344    |
 -------------------------------------------------------------------------------
 NBONDS: generating intra-molecular exclusion list with mode= 5
 MAKINB: mode   5 found     10 exclusions and     20 interactions(1-4)
 NBONDS: found     3847 intra-atom interactions
 --------------- cycle=    27 --------------------------------------------------
 | Etotal =-104.726   grad(E)=0.262      E(VDW )=-11.648    E(ELEC)=-93.078    |
 -------------------------------------------------------------------------------
 NBONDS: generating intra-molecular exclusion list with mode= 5
 MAKINB: mode   5 found     10 exclusions and     20 interactions(1-4)
 NBONDS: found     2265 intra-atom interactions
 --------------- cycle=    28 --------------------------------------------------
 | Etotal =-82.855    grad(E)=0.162      E(VDW )=-5.622     E(ELEC)=-77.233    |
 -------------------------------------------------------------------------------
 NBONDS: generating intra-molecular exclusion list with mode= 5
 MAKINB: mode   5 found     10 exclusions and     23 interactions(1-4)
 NBONDS: found     5266 intra-atom interactions
 --------------- cycle=    29 --------------------------------------------------
 | Etotal =-81.005    grad(E)=0.214      E(VDW )=-17.830    E(ELEC)=-63.175    |
 -------------------------------------------------------------------------------
 NBONDS: generating intra-molecular exclusion list with mode= 5
 MAKINB: mode   5 found     10 exclusions and     20 interactions(1-4)
 NBONDS: found     3131 intra-atom interactions
 --------------- cycle=    30 --------------------------------------------------
 | Etotal =-75.842    grad(E)=0.268      E(VDW )=-2.487     E(ELEC)=-73.355    |
 -------------------------------------------------------------------------------
 NBONDS: generating intra-molecular exclusion list with mode= 5
 MAKINB: mode   5 found     10 exclusions and     20 interactions(1-4)
 NBONDS: found     2311 intra-atom interactions
 --------------- cycle=    31 --------------------------------------------------
 | Etotal =-90.414    grad(E)=0.429      E(VDW )=2.215      E(ELEC)=-92.629    |
 -------------------------------------------------------------------------------
 NBONDS: generating intra-molecular exclusion list with mode= 5
 MAKINB: mode   5 found     10 exclusions and     20 interactions(1-4)
 NBONDS: found     1467 intra-atom interactions
 --------------- cycle=    32 --------------------------------------------------
 | Etotal =-78.037    grad(E)=0.236      E(VDW )=-0.138     E(ELEC)=-77.900    |
 -------------------------------------------------------------------------------
 NBONDS: generating intra-molecular exclusion list with mode= 5
 MAKINB: mode   5 found     10 exclusions and     20 interactions(1-4)
 NBONDS: found     2142 intra-atom interactions
 --------------- cycle=    33 --------------------------------------------------
 | Etotal =-76.202    grad(E)=0.214      E(VDW )=-6.795     E(ELEC)=-69.407    |
 -------------------------------------------------------------------------------
 NBONDS: generating intra-molecular exclusion list with mode= 5
 MAKINB: mode   5 found     10 exclusions and     20 interactions(1-4)
 NBONDS: found     5061 intra-atom interactions
 --------------- cycle=    34 --------------------------------------------------
 | Etotal =-105.705   grad(E)=0.256      E(VDW )=-14.383    E(ELEC)=-91.322    |
 -------------------------------------------------------------------------------
 NBONDS: generating intra-molecular exclusion list with mode= 5
 MAKINB: mode   5 found     10 exclusions and     20 interactions(1-4)
 NBONDS: found     1945 intra-atom interactions
 --------------- cycle=    35 --------------------------------------------------
 | Etotal =-78.736    grad(E)=0.295      E(VDW )=-1.802     E(ELEC)=-76.935    |
 -------------------------------------------------------------------------------
 NBONDS: generating intra-molecular exclusion list with mode= 5
 MAKINB: mode   5 found     10 exclusions and     20 interactions(1-4)
 NBONDS: found     6102 intra-atom interactions
 --------------- cycle=    36 --------------------------------------------------
 | Etotal =-187.506   grad(E)=0.470      E(VDW )=-11.983    E(ELEC)=-175.523   |
 -------------------------------------------------------------------------------
 NBONDS: generating intra-molecular exclusion list with mode= 5
 MAKINB: mode   5 found     10 exclusions and     20 interactions(1-4)
 NBONDS: found     1832 intra-atom interactions
 --------------- cycle=    37 --------------------------------------------------
 | Etotal =-76.143    grad(E)=0.137      E(VDW )=-6.795     E(ELEC)=-69.348    |
 -------------------------------------------------------------------------------
 NBONDS: generating intra-molecular exclusion list with mode= 5
 MAKINB: mode   5 found     10 exclusions and     20 interactions(1-4)
 NBONDS: found     3302 intra-atom interactions
 --------------- cycle=    38 --------------------------------------------------
 | Etotal =-180.391   grad(E)=0.601      E(VDW )=-12.017    E(ELEC)=-168.374   |
 -------------------------------------------------------------------------------
 NBONDS: generating intra-molecular exclusion list with mode= 5
 MAKINB: mode   5 found     10 exclusions and     20 interactions(1-4)
 NBONDS: found     5441 intra-atom interactions
 --------------- cycle=    39 --------------------------------------------------
 | Etotal =-87.416    grad(E)=0.118      E(VDW )=-24.537    E(ELEC)=-62.879    |
 -------------------------------------------------------------------------------
 NBONDS: generating intra-molecular exclusion list with mode= 5
 MAKINB: mode   5 found     10 exclusions and     20 interactions(1-4)
 NBONDS: found     6305 intra-atom interactions
 --------------- cycle=    40 --------------------------------------------------
 | Etotal =-164.590   grad(E)=0.585      E(VDW )=-17.252    E(ELEC)=-147.338   |
 -------------------------------------------------------------------------------
 NBONDS: generating intra-molecular exclusion list with mode= 5
 MAKINB: mode   5 found     10 exclusions and     20 interactions(1-4)
 NBONDS: found     2241 intra-atom interactions
 --------------- cycle=    41 --------------------------------------------------
 | Etotal =-83.742    grad(E)=0.155      E(VDW )=-7.918     E(ELEC)=-75.825    |
 -------------------------------------------------------------------------------
 NBONDS: generating intra-molecular exclusion list with mode= 5
 MAKINB: mode   5 found     10 exclusions and     20 interactions(1-4)
 NBONDS: found     2347 intra-atom interactions
 --------------- cycle=    42 --------------------------------------------------
 | Etotal =-80.157    grad(E)=0.138      E(VDW )=-5.311     E(ELEC)=-74.846    |
 -------------------------------------------------------------------------------
 NBONDS: generating intra-molecular exclusion list with mode= 5
 MAKINB: mode   5 found     10 exclusions and     20 interactions(1-4)
 NBONDS: found     5607 intra-atom interactions
 --------------- cycle=    43 --------------------------------------------------
 | Etotal =-175.754   grad(E)=0.446      E(VDW )=-17.284    E(ELEC)=-158.470   |
 -------------------------------------------------------------------------------
 NBONDS: generating intra-molecular exclusion list with mode= 5
 MAKINB: mode   5 found     10 exclusions and     20 interactions(1-4)
 NBONDS: found     6269 intra-atom interactions
 --------------- cycle=    44 --------------------------------------------------
 | Etotal =-178.794   grad(E)=0.447      E(VDW )=-20.625    E(ELEC)=-158.169   |
 -------------------------------------------------------------------------------
 NBONDS: generating intra-molecular exclusion list with mode= 5
 MAKINB: mode   5 found     10 exclusions and     20 interactions(1-4)
 NBONDS: found     2426 intra-atom interactions
 --------------- cycle=    45 --------------------------------------------------
 | Etotal =-147.198   grad(E)=0.432      E(VDW )=-8.070     E(ELEC)=-139.129   |
 -------------------------------------------------------------------------------
 NBONDS: generating intra-molecular exclusion list with mode= 5
 MAKINB: mode   5 found     10 exclusions and     20 interactions(1-4)
 NBONDS: found     4444 intra-atom interactions
 --------------- cycle=    46 --------------------------------------------------
 | Etotal =-163.918   grad(E)=0.356      E(VDW )=-9.395     E(ELEC)=-154.524   |
 -------------------------------------------------------------------------------
 NBONDS: generating intra-molecular exclusion list with mode= 5
 MAKINB: mode   5 found     10 exclusions and     20 interactions(1-4)
 NBONDS: found     5341 intra-atom interactions
 --------------- cycle=    47 --------------------------------------------------
 | Etotal =-107.609   grad(E)=0.219      E(VDW )=-23.714    E(ELEC)=-83.894    |
 -------------------------------------------------------------------------------
 NBONDS: generating intra-molecular exclusion list with mode= 5
 MAKINB: mode   5 found     10 exclusions and     20 interactions(1-4)
 NBONDS: found     3035 intra-atom interactions
 --------------- cycle=    48 --------------------------------------------------
 | Etotal =-68.025    grad(E)=0.216      E(VDW )=-9.574     E(ELEC)=-58.452    |
 -------------------------------------------------------------------------------
 NBONDS: generating intra-molecular exclusion list with mode= 5
 MAKINB: mode   5 found     10 exclusions and     20 interactions(1-4)
 NBONDS: found     1875 intra-atom interactions
 --------------- cycle=    49 --------------------------------------------------
 | Etotal =-60.561    grad(E)=0.140      E(VDW )=-3.529     E(ELEC)=-57.032    |
 -------------------------------------------------------------------------------
 NBONDS: generating intra-molecular exclusion list with mode= 5
 MAKINB: mode   5 found     10 exclusions and     20 interactions(1-4)
 NBONDS: found      993 intra-atom interactions
 --------------- cycle=    50 --------------------------------------------------
 | Etotal =-64.883    grad(E)=0.124      E(VDW )=-2.309     E(ELEC)=-62.574    |
 -------------------------------------------------------------------------------
 NBONDS: generating intra-molecular exclusion list with mode= 5
 MAKINB: mode   5 found     10 exclusions and     20 interactions(1-4)
 NBONDS: found     1425 intra-atom interactions
 --------------- cycle=    51 --------------------------------------------------
 | Etotal =-73.092    grad(E)=0.170      E(VDW )=-7.038     E(ELEC)=-66.055    |
 -------------------------------------------------------------------------------
 NBONDS: generating intra-molecular exclusion list with mode= 5
 MAKINB: mode   5 found     10 exclusions and     20 interactions(1-4)
 NBONDS: found     3184 intra-atom interactions
 --------------- cycle=    52 --------------------------------------------------
 | Etotal =-90.784    grad(E)=0.225      E(VDW )=-18.388    E(ELEC)=-72.396    |
 -------------------------------------------------------------------------------
 NBONDS: generating intra-molecular exclusion list with mode= 5
 MAKINB: mode   5 found     10 exclusions and     20 interactions(1-4)
 NBONDS: found     3922 intra-atom interactions
 --------------- cycle=    53 --------------------------------------------------
 | Etotal =-90.606    grad(E)=0.266      E(VDW )=-13.919    E(ELEC)=-76.688    |
 -------------------------------------------------------------------------------
 NBONDS: generating intra-molecular exclusion list with mode= 5
 MAKINB: mode   5 found     10 exclusions and     20 interactions(1-4)
 NBONDS: found     6259 intra-atom interactions
 --------------- cycle=    54 --------------------------------------------------
 | Etotal =-100.932   grad(E)=0.229      E(VDW )=-23.636    E(ELEC)=-77.295    |
 -------------------------------------------------------------------------------
 NBONDS: generating intra-molecular exclusion list with mode= 5
 MAKINB: mode   5 found     10 exclusions and     20 interactions(1-4)
 NBONDS: found     5563 intra-atom interactions
 --------------- cycle=    55 --------------------------------------------------
 | Etotal =-89.121    grad(E)=0.130      E(VDW )=-20.272    E(ELEC)=-68.849    |
 -------------------------------------------------------------------------------
 NBONDS: generating intra-molecular exclusion list with mode= 5
 MAKINB: mode   5 found     10 exclusions and     20 interactions(1-4)
 NBONDS: found     5935 intra-atom interactions
 --------------- cycle=    56 --------------------------------------------------
 | Etotal =-90.106    grad(E)=0.347      E(VDW )=-21.144    E(ELEC)=-68.962    |
 -------------------------------------------------------------------------------
 NBONDS: generating intra-molecular exclusion list with mode= 5
 MAKINB: mode   5 found     10 exclusions and     20 interactions(1-4)
 NBONDS: found     5332 intra-atom interactions
 --------------- cycle=    57 --------------------------------------------------
 | Etotal =-200.122   grad(E)=0.467      E(VDW )=-16.556    E(ELEC)=-183.566   |
 -------------------------------------------------------------------------------
 NBONDS: generating intra-molecular exclusion list with mode= 5
 MAKINB: mode   5 found     10 exclusions and     20 interactions(1-4)
 NBONDS: found     5102 intra-atom interactions
 --------------- cycle=    58 --------------------------------------------------
 | Etotal =-96.979    grad(E)=0.251      E(VDW )=-14.941    E(ELEC)=-82.038    |
 -------------------------------------------------------------------------------
 NBONDS: generating intra-molecular exclusion list with mode= 5
 MAKINB: mode   5 found     10 exclusions and     20 interactions(1-4)
 NBONDS: found     3201 intra-atom interactions
 --------------- cycle=    59 --------------------------------------------------
 | Etotal =-88.456    grad(E)=0.183      E(VDW )=-12.367    E(ELEC)=-76.088    |
 -------------------------------------------------------------------------------
 NBONDS: generating intra-molecular exclusion list with mode= 5
 MAKINB: mode   5 found     10 exclusions and     20 interactions(1-4)
 NBONDS: found     2183 intra-atom interactions
 --------------- cycle=    60 --------------------------------------------------
 | Etotal =-75.776    grad(E)=0.189      E(VDW )=-5.821     E(ELEC)=-69.955    |
 -------------------------------------------------------------------------------
 NBONDS: generating intra-molecular exclusion list with mode= 5
 MAKINB: mode   5 found     10 exclusions and     20 interactions(1-4)
 NBONDS: found      949 intra-atom interactions
 --------------- cycle=    61 --------------------------------------------------
 | Etotal =-67.378    grad(E)=0.091      E(VDW )=-4.070     E(ELEC)=-63.308    |
 -------------------------------------------------------------------------------
 NBONDS: generating intra-molecular exclusion list with mode= 5
 MAKINB: mode   5 found     10 exclusions and     20 interactions(1-4)
 NBONDS: found     1206 intra-atom interactions
 --------------- cycle=    62 --------------------------------------------------
 | Etotal =-69.486    grad(E)=0.125      E(VDW )=-6.504     E(ELEC)=-62.983    |
 -------------------------------------------------------------------------------
 NBONDS: generating intra-molecular exclusion list with mode= 5
 MAKINB: mode   5 found     10 exclusions and     20 interactions(1-4)
 NBONDS: found     3813 intra-atom interactions
 --------------- cycle=    63 --------------------------------------------------
 | Etotal =-70.063    grad(E)=0.218      E(VDW )=-7.797     E(ELEC)=-62.266    |
 -------------------------------------------------------------------------------
 NBONDS: generating intra-molecular exclusion list with mode= 5
 MAKINB: mode   5 found     10 exclusions and     20 interactions(1-4)
 NBONDS: found     3236 intra-atom interactions
 --------------- cycle=    64 --------------------------------------------------
 | Etotal =-103.527   grad(E)=0.256      E(VDW )=-9.700     E(ELEC)=-93.827    |
 -------------------------------------------------------------------------------
 NBONDS: generating intra-molecular exclusion list with mode= 5
 MAKINB: mode   5 found     13 exclusions and     27 interactions(1-4)
 NBONDS: found     2165 intra-atom interactions
 --------------- cycle=    65 --------------------------------------------------
 | Etotal =-76.360    grad(E)=0.221      E(VDW )=-10.745    E(ELEC)=-65.615    |
 -------------------------------------------------------------------------------
 NBONDS: generating intra-molecular exclusion list with mode= 5
 MAKINB: mode   5 found     10 exclusions and     20 interactions(1-4)
 NBONDS: found     5499 intra-atom interactions
 --------------- cycle=    66 --------------------------------------------------
 | Etotal =-86.536    grad(E)=0.162      E(VDW )=-25.745    E(ELEC)=-60.791    |
 -------------------------------------------------------------------------------
 NBONDS: generating intra-molecular exclusion list with mode= 5
 MAKINB: mode   5 found     10 exclusions and     23 interactions(1-4)
 NBONDS: found     3625 intra-atom interactions
 --------------- cycle=    67 --------------------------------------------------
 | Etotal =-78.979    grad(E)=0.164      E(VDW )=-13.763    E(ELEC)=-65.216    |
 -------------------------------------------------------------------------------
 NBONDS: generating intra-molecular exclusion list with mode= 5
 MAKINB: mode   5 found     10 exclusions and     23 interactions(1-4)
 NBONDS: found     4138 intra-atom interactions
 --------------- cycle=    68 --------------------------------------------------
 | Etotal =-81.996    grad(E)=0.346      E(VDW )=-12.099    E(ELEC)=-69.897    |
 -------------------------------------------------------------------------------
 NBONDS: generating intra-molecular exclusion list with mode= 5
 MAKINB: mode   5 found     10 exclusions and     20 interactions(1-4)
 NBONDS: found     4998 intra-atom interactions
 --------------- cycle=    69 --------------------------------------------------
 | Etotal =-82.092    grad(E)=0.128      E(VDW )=-16.694    E(ELEC)=-65.399    |
 -------------------------------------------------------------------------------
 NBONDS: generating intra-molecular exclusion list with mode= 5
 MAKINB: mode   5 found     10 exclusions and     20 interactions(1-4)
 NBONDS: found     4547 intra-atom interactions
 --------------- cycle=    70 --------------------------------------------------
 | Etotal =-151.776   grad(E)=0.442      E(VDW )=-16.244    E(ELEC)=-135.532   |
 -------------------------------------------------------------------------------
 NBONDS: generating intra-molecular exclusion list with mode= 5
 MAKINB: mode   5 found     10 exclusions and     20 interactions(1-4)
 NBONDS: found     2567 intra-atom interactions
 --------------- cycle=    71 --------------------------------------------------
 | Etotal =-66.156    grad(E)=0.137      E(VDW )=-8.729     E(ELEC)=-57.428    |
 -------------------------------------------------------------------------------
 NBONDS: generating intra-molecular exclusion list with mode= 5
 MAKINB: mode   5 found     10 exclusions and     20 interactions(1-4)
 NBONDS: found     6405 intra-atom interactions
 --------------- cycle=    72 --------------------------------------------------
 | Etotal =-100.118   grad(E)=0.301      E(VDW )=-21.596    E(ELEC)=-78.522    |
 -------------------------------------------------------------------------------
 NBONDS: generating intra-molecular exclusion list with mode= 5
 MAKINB: mode   5 found     10 exclusions and     20 interactions(1-4)
 NBONDS: found     2087 intra-atom interactions
 --------------- cycle=    73 --------------------------------------------------
 | Etotal =-86.280    grad(E)=0.157      E(VDW )=-10.592    E(ELEC)=-75.688    |
 -------------------------------------------------------------------------------
 NBONDS: generating intra-molecular exclusion list with mode= 5
 MAKINB: mode   5 found     10 exclusions and     20 interactions(1-4)
 NBONDS: found     6433 intra-atom interactions
 --------------- cycle=    74 --------------------------------------------------
 | Etotal =-103.097   grad(E)=0.155      E(VDW )=-29.712    E(ELEC)=-73.384    |
 -------------------------------------------------------------------------------
 NBONDS: generating intra-molecular exclusion list with mode= 5
 MAKINB: mode   5 found     10 exclusions and     23 interactions(1-4)
 NBONDS: found     4755 intra-atom interactions
 --------------- cycle=    75 --------------------------------------------------
 | Etotal =-94.567    grad(E)=0.354      E(VDW )=-14.921    E(ELEC)=-79.646    |
 -------------------------------------------------------------------------------
 NBONDS: generating intra-molecular exclusion list with mode= 5
 MAKINB: mode   5 found     10 exclusions and     23 interactions(1-4)
 NBONDS: found     2832 intra-atom interactions
 --------------- cycle=    76 --------------------------------------------------
 | Etotal =-73.756    grad(E)=0.148      E(VDW )=-8.180     E(ELEC)=-65.575    |
 -------------------------------------------------------------------------------
 NBONDS: generating intra-molecular exclusion list with mode= 5
 MAKINB: mode   5 found     10 exclusions and     20 interactions(1-4)
 NBONDS: found     3497 intra-atom interactions
 --------------- cycle=    77 --------------------------------------------------
 | Etotal =-87.066    grad(E)=0.196      E(VDW )=-9.779     E(ELEC)=-77.287    |
 -------------------------------------------------------------------------------
 NBONDS: generating intra-molecular exclusion list with mode= 5
 MAKINB: mode   5 found     10 exclusions and     20 interactions(1-4)
 NBONDS: found     4043 intra-atom interactions
 --------------- cycle=    78 --------------------------------------------------
 | Etotal =-106.968   grad(E)=0.239      E(VDW )=-17.737    E(ELEC)=-89.231    |
 -------------------------------------------------------------------------------
 NBONDS: generating intra-molecular exclusion list with mode= 5
 MAKINB: mode   5 found     10 exclusions and     20 interactions(1-4)
 NBONDS: found     1760 intra-atom interactions
 --------------- cycle=    79 --------------------------------------------------
 | Etotal =-70.897    grad(E)=0.275      E(VDW )=-0.813     E(ELEC)=-70.084    |
 -------------------------------------------------------------------------------
 NBONDS: generating intra-molecular exclusion list with mode= 5
 MAKINB: mode   5 found     10 exclusions and     20 interactions(1-4)
 NBONDS: found     2706 intra-atom interactions
 --------------- cycle=    80 --------------------------------------------------
 | Etotal =-69.129    grad(E)=0.169      E(VDW )=-6.787     E(ELEC)=-62.343    |
 -------------------------------------------------------------------------------
 NBONDS: generating intra-molecular exclusion list with mode= 5
 MAKINB: mode   5 found     10 exclusions and     20 interactions(1-4)
 NBONDS: found     1524 intra-atom interactions
 --------------- cycle=    81 --------------------------------------------------
 | Etotal =-78.161    grad(E)=0.190      E(VDW )=-5.334     E(ELEC)=-72.827    |
 -------------------------------------------------------------------------------
 NBONDS: generating intra-molecular exclusion list with mode= 5
 MAKINB: mode   5 found     10 exclusions and     20 interactions(1-4)
 NBONDS: found     5201 intra-atom interactions
 --------------- cycle=    82 --------------------------------------------------
 | Etotal =-98.360    grad(E)=0.205      E(VDW )=-22.451    E(ELEC)=-75.909    |
 -------------------------------------------------------------------------------
 NBONDS: generating intra-molecular exclusion list with mode= 5
 MAKINB: mode   5 found     10 exclusions and     23 interactions(1-4)
 NBONDS: found     4445 intra-atom interactions
 --------------- cycle=    83 --------------------------------------------------
 | Etotal =-112.748   grad(E)=0.290      E(VDW )=-18.152    E(ELEC)=-94.596    |
 -------------------------------------------------------------------------------
 HEAP: maximum use      =    22503464 current use      =       96000 bytes
 HEAP: maximum overhead =        2816 current overhead =         752 bytes
          ============================================================
           Maximum dynamic memory allocation:    22503464 bytes
           Maximum dynamic memory overhead:          2816 bytes
           Program started at: 18:49:40 on 10-Jun-2020
           Program stopped at: 18:50:06 on 10-Jun-2020
           CPU time used:      25.0625 seconds
          ============================================================
