          ============================================================
          |                                                          |
          |            Crystallography & NMR System (CNS)            |
          |                         CNSsolve                         |
          |                                                          |
          ============================================================
           Version: 1.3 at patch level U
           Status: Special UU release with Rg and paramagnetic
                   restraints (A. Bonvin, UU 2011)
          ============================================================
           Written by: A.T.Brunger, P.D.Adams, G.M.Clore, W.L.DeLano,
                       P.Gros, R.W.Grosse-Kunstleve,J.-S.Jiang,J.M.Krahn,
                       J.Kuszewski, M.Nilges, N.S.Pannu, R.J.Read,
                       L.M.Rice, G.F.Schroeder, T.Simonson, G.L.Warren.
           Copyright (c) 1997-2010 Yale University
          ============================================================
           Running on machine: hostname unknown (x86_64/Linux,64-bit)
           Program started by: joaor
           Program started at: 19:57:39 on 10-Jun-2020
          ============================================================

 FFT3C: Using FFTPACK4.1

 CNSsolve>! 
 CNSsolve>! Calculates pairwise energies between residues 
 CNSsolve>! Will only rebuild hydrogen atoms 
 CNSsolve>! 
 CNSsolve>! Adapted from HADDOCK protocols here and there. 
 CNSsolve>! JR & AMJJB @ 2020 
 CNSsolve>! 
 CNSsolve>define( 
 DEFINE>    {===>} auto_break=true; 
 DEFINE>    {===>} break_cutoff=2.5; 
 DEFINE>    {===>} dnaauto_break=true; 
 DEFINE>    {===>} dbreak_cutoff=4.5; 
 DEFINE>    {===>} auto_cispro=true; 
 DEFINE>    {===>} auto_disu=true; 
 DEFINE>    {===>} disulphide_dist=3.0; 
 DEFINE>    {===>} glyco_dist=2.75; 
 DEFINE>    {===>} coorin="molecule.pdb"; 
 DEFINE>    {===>} icutoff=5.0; 
 DEFINE>) 
 CNSsolve> 
 CNSsolve>! Mute (most) output 
 CNSsolve>set message=on echo=off end 
 ASSFIL: file merged.param opened.
 MESSage=NORM
 EVALUATE: symbol $OLD_MESSAGE set to "NORM" (string)
 ECHO=FALSe {OFF}
 EVALUATE: symbol $OLD_ECHO set to FALSE (logical)
 %PARRDR-info: duplication of bond HC   NC2 
 %PARRDR-info: duplication of angle CH2E C    NH1 
 %PARRDR-info: duplication of angle CH2P CH2E HA  
 ASSFIL: file merged.top opened.
 MESSage=NORM
 EVALUATE: symbol $OLD_MESSAGE set to "NORM" (string)
 ECHO=FALSe {OFF}
 EVALUATE: symbol $OLD_ECHO set to FALSE (logical)
 %RTFIO-warning: undefined masses in residue CYC 
 %RTFIO error encountered: there are undefined masses.
   (CNS is in mode: SET ABORT=NORMal END)
 MESSage=NORM
 EVALUATE: symbol $OLD_MESSAGE set to "NORM" (string)
 ECHO=FALSe {OFF}
 EVALUATE: symbol $OLD_ECHO set to FALSE (logical)
 ASSFIL: file protein_break.top opened.
 %RTFRDR-ERR: duplicate (P-)RESIdue name DPEP
 %RTFRDR-ERR: duplicate (P-)RESIdue name DPPP
 RTFRDR> 
 RTFRDR>end 
 CNSsolve> 
 CNSsolve>! Reset output muting 
 CNSsolve>set message=off echo=off end 
FOUND 5 NAG:ASN pairs
NAG:ASN bond added from   B    901  to   B    53  
NAG:ASN bond added from   B    903  to   B    90  
NAG:ASN bond added from   B    908  to   B    432 
NAG:ASN bond added from   B    910  to   B    546 
NAG:ASN bond added from   E    1401 to   E    343 
FOUND 6 NAG:NAG pairs
NAG:NAG B14 bond added from   B    902  to   B    901 
NAG:NAG B14 bond added from   B    904  to   B    903 
NAG:NAG B14 bond added from   B    909  to   B    908 
NAG:NAG B14 bond added from   B    911  to   B    910 
NAG:NAG B14 bond added from   E    1402 to   E    1401
NAG:NAG B14 bond added from   E    1403 to   E    1402
 %PARRDR-info: duplication of bond HC   NC2 
 %PARRDR-info: duplication of angle CH2E C    NH1 
 %PARRDR-info: duplication of angle CH2P CH2E HA  
 POWELL: number of degrees of freedom= 13728
 NBONDS: generating intra-molecular exclusion list with mode=-2
 MAKINB: mode  -2 found   4576 exclusions and      0 interactions(1-4)
 %atoms "B   -41  -TYR -HB1 " and "B   -41  -TYR -HD2 " only  0.09 A apart
 %atoms "B   -62  -MET -HG2 " and "B   -62  -MET -HE1 " only  0.03 A apart
 %atoms "B   -163 -TRP -HA  " and "B   -163 -TRP -CD2 " only  0.08 A apart
 %atoms "B   -231 -LYS -HG1 " and "B   -231 -LYS -HG2 " only  0.06 A apart
 %atoms "B   -455 -MET -CB  " and "B   -455 -MET -HG2 " only  0.07 A apart
 %atoms "B   -473 -TRP -HE3 " and "B   -473 -TRP -HH2 " only  0.10 A apart
 %atoms "B   -481 -LYS -HB1 " and "B   -481 -LYS -HE1 " only  0.01 A apart
 %atoms "B   -504 -PHE -HD1 " and "B   -504 -PHE -HD2 " only  0.06 A apart
 %atoms "B   -525 -PHE -CG  " and "B   -525 -PHE -HE1 " only  0.09 A apart
 %atoms "B   -557 -MET -HA  " and "B   -557 -MET -CB  " only  0.07 A apart
 %atoms "B   -577 -ARG -HA  " and "B   -577 -ARG -HG2 " only  0.09 A apart
 %atoms "E   -402 -ILE -HB  " and "E   -402 -ILE -HG12" only  0.05 A apart
 NBONDS: found   691380 intra-atom interactions
 NBONDS: found       12 nonbonded violations
 %atoms "B   -180 -TYR -HB2 " and "B   -180 -TYR -HE1 " only  0.08 A apart
 %atoms "B   -410 -LEU -HB2 " and "B   -410 -LEU -HD12" only  0.04 A apart
 %atoms "B   -477 -TRP -HA  " and "B   -477 -TRP -CG  " only  0.07 A apart
 %atoms "B   -477 -TRP -HA  " and "B   -477 -TRP -HD1 " only  0.09 A apart
 NBONDS: found   691481 intra-atom interactions
 NBONDS: found        4 nonbonded violations
 %atoms "E   -486 -PHE -HE2 " and "E   -486 -PHE -CZ  " only  0.09 A apart
 NBONDS: found   688547 intra-atom interactions
 NBONDS: found        1 nonbonded violations
 NBONDS: found   685432 intra-atom interactions
 --------------- cycle=    10 ------ stepsize=   -0.0000 -----------------------
 | Etotal =0.33E+07   grad(E)=574.312    E(BOND)=512855.078 E(ANGL)=0.15E+07   |
 | E(VDW )=0.13E+07                                                            |
 -------------------------------------------------------------------------------
 NBONDS: found   685669 intra-atom interactions
 NBONDS: found   685615 intra-atom interactions
 NBONDS: found   685596 intra-atom interactions
 --------------- cycle=    20 ------ stepsize=    0.0000 -----------------------
 | Etotal =0.13E+07   grad(E)=301.955    E(BOND)=231619.714 E(ANGL)=507967.413 |
 | E(VDW )=515306.128                                                          |
 -------------------------------------------------------------------------------
 NBONDS: found   685591 intra-atom interactions
 NBONDS: found   685280 intra-atom interactions
 NBONDS: found   685258 intra-atom interactions
 --------------- cycle=    30 ------ stepsize=   -0.0000 -----------------------
 | Etotal =995326.066 grad(E)=250.201    E(BOND)=190689.196 E(ANGL)=371759.477 |
 | E(VDW )=432877.392                                                          |
 -------------------------------------------------------------------------------
 NBONDS: found   685386 intra-atom interactions
 NBONDS: found   685455 intra-atom interactions
 --------------- cycle=    40 ------ stepsize=    0.0001 -----------------------
 | Etotal =942000.186 grad(E)=239.291    E(BOND)=183998.622 E(ANGL)=342532.402 |
 | E(VDW )=415469.162                                                          |
 -------------------------------------------------------------------------------
 NBONDS: found   685341 intra-atom interactions
 NBONDS: found   685438 intra-atom interactions
 --------------- cycle=    50 ------ stepsize=    0.0000 -----------------------
 | Etotal =928735.386 grad(E)=236.090    E(BOND)=182785.221 E(ANGL)=335670.267 |
 | E(VDW )=410279.898                                                          |
 -------------------------------------------------------------------------------
 POWELL: STEP number limit. Normal termination
 POWELL: Current coordinates set to last minimum
 DCART: temperature coupling (TCOUpling) enabled
 -------------------------- Cartesian dynamics start ---------------------------
 | E(kin)+E(total)=0.35E+07        E(kin)=4176.326      temperature=306.181    |
 | Etotal =0.35E+07   grad(E)=588.791    E(BOND)=182785.221 E(ANGL)=335670.267 |
 | E(IMPR)=0.30E+07                                                            |
 -------------------------------------------------------------------------------
 ----------------- final step=       50 at      0.02500 ps ---------------------
 | E(kin)+E(total)=0.23E+07        E(kin)=458882.078    temperature=33642.186  |
 | Etotal =0.18E+07   grad(E)=327.230    E(BOND)=206037.565 E(ANGL)=823468.063 |
 | E(IMPR)=782313.771                                                          |
 -------------------------------------------------------------------------------
 CENMAS: Information about center of free masses
         position [A]          :     -0.56041      0.11988     -0.17945
         velocity [A/ps]       :      0.17186     -0.79495     -0.55094
         ang. mom. [amu A/ps]  : 215902.61114*************2184915.22022
         kin. ener. [Kcal/mol] :    105.54229
 POWELL: number of degrees of freedom= 13728
 NBONDS: found   683280 intra-atom interactions
 NBONDS: found   682039 intra-atom interactions
 NBONDS: found   682305 intra-atom interactions
 NBONDS: found   683250 intra-atom interactions
 --------------- cycle=    10 ------ stepsize=   -0.0001 -----------------------
 | Etotal =0.19E+07   grad(E)=301.779    E(BOND)=241189.011 E(ANGL)=467663.730 |
 | E(IMPR)=707639.427 E(VDW )=487655.370                                       |
 -------------------------------------------------------------------------------
 NBONDS: found   684002 intra-atom interactions
 NBONDS: found   683743 intra-atom interactions
 NBONDS: found   684047 intra-atom interactions
 NBONDS: found   684407 intra-atom interactions
 NBONDS: found   684663 intra-atom interactions
 --------------- cycle=    20 ------ stepsize=    0.0000 -----------------------
 | Etotal =0.13E+07   grad(E)=145.795    E(BOND)=178578.752 E(ANGL)=183208.844 |
 | E(IMPR)=596801.500 E(VDW )=360706.611                                       |
 -------------------------------------------------------------------------------
 NBONDS: found   684650 intra-atom interactions
 NBONDS: found   684547 intra-atom interactions
 NBONDS: found   684632 intra-atom interactions
 --------------- cycle=    30 ------ stepsize=    0.0002 -----------------------
 | Etotal =0.12E+07   grad(E)=121.901    E(BOND)=168142.073 E(ANGL)=145364.052 |
 | E(IMPR)=577356.044 E(VDW )=335478.515                                       |
 -------------------------------------------------------------------------------
 NBONDS: found   684761 intra-atom interactions
 NBONDS: found   684810 intra-atom interactions
 NBONDS: found   684788 intra-atom interactions
 --------------- cycle=    40 ------ stepsize=   -0.0001 -----------------------
 | Etotal =0.12E+07   grad(E)=113.822    E(BOND)=166897.831 E(ANGL)=134114.738 |
 | E(IMPR)=569809.191 E(VDW )=326477.492                                       |
 -------------------------------------------------------------------------------
 NBONDS: found   684799 intra-atom interactions
 NBONDS: found   684805 intra-atom interactions
 --------------- cycle=    50 ------ stepsize=    0.0002 -----------------------
 | Etotal =0.12E+07   grad(E)=111.941    E(BOND)=164635.984 E(ANGL)=131826.600 |
 | E(IMPR)=563540.223 E(VDW )=325256.639                                       |
 -------------------------------------------------------------------------------
 POWELL: STEP number limit. Normal termination
 POWELL: Current coordinates set to last minimum
 DCART: temperature coupling (TCOUpling) enabled
 -------------------------- Cartesian dynamics start ---------------------------
 | E(kin)+E(total)=0.12E+07        E(kin)=4111.797      temperature=301.450    |
 | Etotal =0.12E+07   grad(E)=111.941    E(BOND)=164635.984 E(ANGL)=131826.600 |
 | E(IMPR)=563540.223 E(VDW )=325256.639                                       |
 -------------------------------------------------------------------------------
 NBONDS: found   684812 intra-atom interactions
 NBONDS: found   684904 intra-atom interactions
 NBONDS: found   684807 intra-atom interactions
 ----------------- final step=       50 at      0.02500 ps ---------------------
 | E(kin)+E(total)=0.12E+07        E(kin)=6884.852      temperature=504.752    |
 | Etotal =0.12E+07   grad(E)=115.325    E(BOND)=166937.805 E(ANGL)=129795.521 |
 | E(IMPR)=557490.513 E(VDW )=324368.427                                       |
 -------------------------------------------------------------------------------
 CENMAS: Information about center of free masses
         position [A]          :     -0.55805      0.11197     -0.16794
         velocity [A/ps]       :      0.07444      0.00154      0.00575
         ang. mom. [amu A/ps]  :   -753.99488-119187.99205  37954.67248
         kin. ener. [Kcal/mol] :      0.60985
 %PARRDR-info: duplication of bond HC   NC2 
 %PARRDR-info: duplication of angle CH2E C    NH1 
 %PARRDR-info: duplication of angle CH2P CH2E HA  
 POWELL: number of degrees of freedom= 13728
 NBONDS: generating intra-molecular exclusion list with mode=-3
 MAKINB: mode  -3 found  15634 exclusions and      0 interactions(1-4)
 NBONDS: found   673784 intra-atom interactions
 NBONDS: found   675479 intra-atom interactions
 NBONDS: found   675456 intra-atom interactions
 NBONDS: found   675576 intra-atom interactions
 NBONDS: found   675725 intra-atom interactions
 NBONDS: found   676062 intra-atom interactions
 NBONDS: found   676161 intra-atom interactions
 NBONDS: found   676342 intra-atom interactions
 --------------- cycle=    25 ------ stepsize=   -0.0001 -----------------------
 | Etotal =306139.604 grad(E)=131.994    E(BOND)=45654.188  E(ANGL)=144361.739 |
 | E(IMPR)=113430.976 E(VDW )=2692.701                                         |
 -------------------------------------------------------------------------------
 NBONDS: found   676521 intra-atom interactions
 NBONDS: found   676572 intra-atom interactions
 NBONDS: found   676241 intra-atom interactions
 NBONDS: found   676337 intra-atom interactions
 NBONDS: found   676474 intra-atom interactions
 NBONDS: found   676491 intra-atom interactions
 NBONDS: found   676452 intra-atom interactions
 --------------- cycle=    50 ------ stepsize=    0.0005 -----------------------
 | Etotal =49909.816  grad(E)=42.396     E(BOND)=2529.847   E(ANGL)=27767.862  |
 | E(IMPR)=18798.181  E(VDW )=813.926                                          |
 -------------------------------------------------------------------------------
 NBONDS: found   676241 intra-atom interactions
 NBONDS: found   676143 intra-atom interactions
 NBONDS: found   676174 intra-atom interactions
 NBONDS: found   676162 intra-atom interactions
 --------------- cycle=    75 ------ stepsize=    0.0005 -----------------------
 | Etotal =10824.205  grad(E)=17.935     E(BOND)=394.870    E(ANGL)=5626.256   |
 | E(IMPR)=4192.177   E(VDW )=610.901                                          |
 -------------------------------------------------------------------------------
 NBONDS: found   676160 intra-atom interactions
 NBONDS: found   676170 intra-atom interactions
 NBONDS: found   676176 intra-atom interactions
 --------------- cycle=   100 ------ stepsize=    0.0001 -----------------------
 | Etotal =3713.776   grad(E)=9.983      E(BOND)=107.737    E(ANGL)=1616.314   |
 | E(IMPR)=1434.806   E(VDW )=554.920                                          |
 -------------------------------------------------------------------------------
 POWELL: STEP number limit. Normal termination
 POWELL: Current coordinates set to last minimum
 DCART: temperature coupling (TCOUpling) enabled
 -------------------------- Cartesian dynamics start ---------------------------
 | E(kin)+E(total)=7749.499        E(kin)=4035.723      temperature=295.872    |
 | Etotal =3713.776   grad(E)=9.983      E(BOND)=107.737    E(ANGL)=1616.314   |
 | E(IMPR)=1434.806   E(VDW )=554.920                                          |
 -------------------------------------------------------------------------------
 NBONDS: found   676173 intra-atom interactions
 NBONDS: found   676167 intra-atom interactions
 NBONDS: found   676161 intra-atom interactions
 NBONDS: found   676162 intra-atom interactions
 NBONDS: found   676051 intra-atom interactions
 NBONDS: found   676230 intra-atom interactions
 NBONDS: found   676251 intra-atom interactions
 NBONDS: found   676247 intra-atom interactions
 NBONDS: found   676223 intra-atom interactions
 NBONDS: found   676245 intra-atom interactions
 NBONDS: found   676191 intra-atom interactions
 NBONDS: found   676117 intra-atom interactions
 NBONDS: found   676167 intra-atom interactions
 NBONDS: found   676242 intra-atom interactions
 NBONDS: found   676379 intra-atom interactions
 NBONDS: found   676226 intra-atom interactions
 NBONDS: found   676269 intra-atom interactions
 NBONDS: found   676193 intra-atom interactions
 NBONDS: found   676168 intra-atom interactions
 NBONDS: found   676010 intra-atom interactions
 NBONDS: found   676085 intra-atom interactions
 NBONDS: found   676209 intra-atom interactions
 NBONDS: found   676243 intra-atom interactions
 NBONDS: found   676216 intra-atom interactions
 NBONDS: found   676182 intra-atom interactions
 NBONDS: found   676195 intra-atom interactions
 NBONDS: found   676177 intra-atom interactions
 ----------------- final step=      500 at      0.25000 ps ---------------------
 | E(kin)+E(total)=9571.359        E(kin)=4626.762      temperature=339.203    |
 | Etotal =4944.597   grad(E)=25.974     E(BOND)=739.900    E(ANGL)=3213.444   |
 | E(IMPR)=343.469    E(VDW )=647.784                                          |
 -------------------------------------------------------------------------------
 CENMAS: Information about center of free masses
         position [A]          :     -0.55754      0.10886     -0.16712
         velocity [A/ps]       :      0.11435     -0.04441     -0.02927
         ang. mom. [amu A/ps]  : -44091.27391 -58641.29100  26487.31972
         kin. ener. [Kcal/mol] :      1.73937
 EFLAGS: the following energy flags are set
 EFLAGS: BOND ANGL DIHE IMPR VDW 
 %PARRDR-info: duplication of bond HC   NC2 
 %PARRDR-info: duplication of angle CH2E C    NH1 
 %PARRDR-info: duplication of angle CH2P CH2E HA  
 POWELL: number of degrees of freedom= 13728
 NBONDS: generating intra-molecular exclusion list with mode=-3
 MAKINB: mode  -3 found  15634 exclusions and      0 interactions(1-4)
 NBONDS: found   676177 intra-atom interactions
 NBONDS: found   676122 intra-atom interactions
 NBONDS: found   676143 intra-atom interactions
 --------------- cycle=    50 ------ stepsize=    0.0009 -----------------------
 | Etotal =14004.444  grad(E)=15.660     E(BOND)=234.733    E(ANGL)=1852.834   |
 | E(DIHE)=181.858    E(IMPR)=104.328    E(VDW )=11630.692                     |
 -------------------------------------------------------------------------------
 NBONDS: found   676103 intra-atom interactions
 --------------- cycle=   100 ------ stepsize=    0.0010 -----------------------
 | Etotal =13695.072  grad(E)=15.616     E(BOND)=230.834    E(ANGL)=1832.914   |
 | E(DIHE)=158.566    E(IMPR)=95.687     E(VDW )=11377.072                     |
 -------------------------------------------------------------------------------
 --------------- cycle=   150 ------ stepsize=    0.0010 -----------------------
 | Etotal =13624.991  grad(E)=15.566     E(BOND)=230.730    E(ANGL)=1827.978   |
 | E(DIHE)=153.475    E(IMPR)=94.243     E(VDW )=11318.565                     |
 -------------------------------------------------------------------------------
 --------------- cycle=   200 ------ stepsize=    0.0010 -----------------------
 | Etotal =13616.566  grad(E)=15.589     E(BOND)=231.370    E(ANGL)=1827.682   |
 | E(DIHE)=151.982    E(IMPR)=93.507     E(VDW )=11312.025                     |
 -------------------------------------------------------------------------------
 --------------- cycle=   250 ------ stepsize=    0.0012 -----------------------
 | Etotal =13607.060  grad(E)=15.581     E(BOND)=230.931    E(ANGL)=1827.713   |
 | E(DIHE)=150.071    E(IMPR)=93.901     E(VDW )=11304.444                     |
 -------------------------------------------------------------------------------
 --------------- cycle=   300 ------ stepsize=    0.0013 -----------------------
 | Etotal =13605.896  grad(E)=15.569     E(BOND)=230.539    E(ANGL)=1826.564   |
 | E(DIHE)=150.466    E(IMPR)=94.193     E(VDW )=11304.134                     |
 -------------------------------------------------------------------------------
 --------------- cycle=   350 ------ stepsize=    0.0007 -----------------------
 | Etotal =13605.845  grad(E)=15.570     E(BOND)=230.543    E(ANGL)=1826.675   |
 | E(DIHE)=150.521    E(IMPR)=94.128     E(VDW )=11303.978                     |
 -------------------------------------------------------------------------------
 --------------- cycle=   400 ------ stepsize=    0.0010 -----------------------
 | Etotal =13605.845  grad(E)=15.570     E(BOND)=230.544    E(ANGL)=1826.664   |
 | E(DIHE)=150.538    E(IMPR)=94.126     E(VDW )=11303.973                     |
 -------------------------------------------------------------------------------
 POWELL: Gradient converged. Normal termination
 POWELL: Current coordinates set to last minimum
 DCART: temperature coupling (TCOUpling) enabled
 -------------------------- Cartesian dynamics start ---------------------------
 | E(kin)+E(total)=17645.677       E(kin)=4039.832      temperature=296.174    |
 | Etotal =13605.845  grad(E)=15.570     E(BOND)=230.543    E(ANGL)=1826.660   |
 | E(DIHE)=150.542    E(IMPR)=94.127     E(VDW )=11303.973                     |
 -------------------------------------------------------------------------------
 NBONDS: found   676000 intra-atom interactions
 NBONDS: found   676041 intra-atom interactions
 NBONDS: found   676025 intra-atom interactions
 NBONDS: found   676021 intra-atom interactions
 NBONDS: found   676135 intra-atom interactions
 NBONDS: found   676153 intra-atom interactions
 NBONDS: found   676018 intra-atom interactions
 NBONDS: found   675925 intra-atom interactions
 NBONDS: found   676089 intra-atom interactions
 NBONDS: found   676033 intra-atom interactions
 NBONDS: found   676209 intra-atom interactions
 NBONDS: found   676152 intra-atom interactions
 NBONDS: found   675966 intra-atom interactions
 NBONDS: found   676123 intra-atom interactions
 NBONDS: found   675998 intra-atom interactions
 NBONDS: found   675948 intra-atom interactions
 ----------------- final step=      500 at      0.25000 ps ---------------------
 | E(kin)+E(total)=21829.694       E(kin)=4264.102      temperature=312.616    |
 | Etotal =17565.592  grad(E)=32.330     E(BOND)=1330.907   E(ANGL)=3966.606   |
 | E(DIHE)=169.965    E(IMPR)=410.851    E(VDW )=11687.263                     |
 -------------------------------------------------------------------------------
 CENMAS: Information about center of free masses
         position [A]          :     -0.55765      0.10794     -0.16726
         velocity [A/ps]       :      0.05491     -0.02241     -0.00055
         ang. mom. [amu A/ps]  :  15158.40848 -58698.92050 -35993.05386
         kin. ener. [Kcal/mol] :      0.01939
 POWELL: number of degrees of freedom= 13728
 --------------- cycle=    50 ------ stepsize=    0.0010 -----------------------
 | Etotal =13624.502  grad(E)=15.577     E(BOND)=230.637    E(ANGL)=1827.971   |
 | E(DIHE)=152.650    E(IMPR)=94.020     E(VDW )=11319.225                     |
 -------------------------------------------------------------------------------
 NBONDS: found   676155 intra-atom interactions
 --------------- cycle=   100 ------ stepsize=    0.0008 -----------------------
 | Etotal =13607.515  grad(E)=15.573     E(BOND)=230.228    E(ANGL)=1826.378   |
 | E(DIHE)=152.379    E(IMPR)=94.091     E(VDW )=11304.439                     |
 -------------------------------------------------------------------------------
 --------------- cycle=   150 ------ stepsize=    0.0009 -----------------------
 | Etotal =13604.702  grad(E)=15.573     E(BOND)=230.094    E(ANGL)=1826.832   |
 | E(DIHE)=152.369    E(IMPR)=94.033     E(VDW )=11301.374                     |
 -------------------------------------------------------------------------------
 --------------- cycle=   200 ------ stepsize=    0.0011 -----------------------
 | Etotal =13604.259  grad(E)=15.575     E(BOND)=229.996    E(ANGL)=1826.993   |
 | E(DIHE)=151.634    E(IMPR)=94.038     E(VDW )=11301.599                     |
 -------------------------------------------------------------------------------
 --------------- cycle=   250 ------ stepsize=    0.0010 -----------------------
 | Etotal =13604.178  grad(E)=15.575     E(BOND)=230.017    E(ANGL)=1827.004   |
 | E(DIHE)=151.694    E(IMPR)=94.051     E(VDW )=11301.411                     |
 -------------------------------------------------------------------------------
 --------------- cycle=   300 ------ stepsize=    0.0011 -----------------------
 | Etotal =13604.159  grad(E)=15.575     E(BOND)=230.021    E(ANGL)=1827.045   |
 | E(DIHE)=151.730    E(IMPR)=94.028     E(VDW )=11301.334                     |
 -------------------------------------------------------------------------------
 --------------- cycle=   350 ------ stepsize=    0.0009 -----------------------
 | Etotal =13604.159  grad(E)=15.575     E(BOND)=230.019    E(ANGL)=1827.040   |
 | E(DIHE)=151.723    E(IMPR)=94.032     E(VDW )=11301.344                     |
 -------------------------------------------------------------------------------
 POWELL: Gradient converged. Normal termination
 POWELL: Current coordinates set to last minimum
 POWELL: number of degrees of freedom= 18264
 NBONDS: found   676059 intra-atom interactions
 NBONDS: found   676018 intra-atom interactions
 --------------- cycle=     5 ------ stepsize=    0.0006 -----------------------
 | Etotal =13386.868  grad(E)=15.556     E(BOND)=228.792    E(ANGL)=1825.116   |
 | E(DIHE)=151.728    E(IMPR)=92.772     E(VDW )=11088.460                     |
 -------------------------------------------------------------------------------
 --------------- cycle=    10 ------ stepsize=    0.0010 -----------------------
 | Etotal =13382.677  grad(E)=15.551     E(BOND)=228.653    E(ANGL)=1825.409   |
 | E(DIHE)=151.783    E(IMPR)=92.272     E(VDW )=11084.560                     |
 -------------------------------------------------------------------------------
 --------------- cycle=    15 ------ stepsize=   -0.0001 -----------------------
 | Etotal =13380.299  grad(E)=15.548     E(BOND)=228.404    E(ANGL)=1824.949   |
 | E(DIHE)=151.884    E(IMPR)=92.364     E(VDW )=11082.698                     |
 -------------------------------------------------------------------------------
 --------------- cycle=    20 ------ stepsize=    0.0007 -----------------------
 | Etotal =13379.876  grad(E)=15.545     E(BOND)=228.598    E(ANGL)=1824.522   |
 | E(DIHE)=151.914    E(IMPR)=92.070     E(VDW )=11082.772                     |
 -------------------------------------------------------------------------------
 --------------- cycle=    25 ------ stepsize=    0.0009 -----------------------
 | Etotal =13379.753  grad(E)=15.552     E(BOND)=228.763    E(ANGL)=1824.836   |
 | E(DIHE)=151.974    E(IMPR)=91.879     E(VDW )=11082.302                     |
 -------------------------------------------------------------------------------
 --------------- cycle=    30 ------ stepsize=    0.0011 -----------------------
 | Etotal =13379.535  grad(E)=15.544     E(BOND)=228.489    E(ANGL)=1824.501   |
 | E(DIHE)=152.112    E(IMPR)=92.126     E(VDW )=11082.307                     |
 -------------------------------------------------------------------------------
 --------------- cycle=    35 ------ stepsize=   -0.0001 -----------------------
 | Etotal =13379.505  grad(E)=15.544     E(BOND)=228.556    E(ANGL)=1824.558   |
 | E(DIHE)=152.126    E(IMPR)=92.121     E(VDW )=11082.145                     |
 -------------------------------------------------------------------------------
 --------------- cycle=    40 ------ stepsize=    0.0013 -----------------------
 | Etotal =13379.473  grad(E)=15.540     E(BOND)=228.454    E(ANGL)=1824.392   |
 | E(DIHE)=152.132    E(IMPR)=92.286     E(VDW )=11082.209                     |
 -------------------------------------------------------------------------------
 --------------- cycle=    45 ------ stepsize=    0.0001 -----------------------
 | Etotal =13379.458  grad(E)=15.543     E(BOND)=228.512    E(ANGL)=1824.505   |
 | E(DIHE)=152.126    E(IMPR)=92.151     E(VDW )=11082.164                     |
 -------------------------------------------------------------------------------
 --------------- cycle=    50 ------ stepsize=    0.0009 -----------------------
 | Etotal =13379.448  grad(E)=15.544     E(BOND)=228.539    E(ANGL)=1824.520   |
 | E(DIHE)=152.114    E(IMPR)=92.107     E(VDW )=11082.168                     |
 -------------------------------------------------------------------------------
 POWELL: STEP number limit. Normal termination
 POWELL: Current coordinates set to last minimum
 %PARRDR-info: duplication of bond HC   NC2 
 %PARRDR-info: duplication of angle CH2E C    NH1 
 %PARRDR-info: duplication of angle CH2P CH2E HA  
 POWELL: number of degrees of freedom= 18264
 NBONDS: generating intra-molecular exclusion list with mode= 5
 MAKINB: mode   5 found  17659 exclusions and  17765 interactions(1-4)
 NBONDS: found   893963 intra-atom interactions
 NBONDS: found   894075 intra-atom interactions
 NBONDS: found   894001 intra-atom interactions
 NBONDS: found   893981 intra-atom interactions
 --------------- cycle=    50 ------ stepsize=   -0.0001 -----------------------
 | Etotal =684.077    grad(E)=9.750      E(BOND)=14.338     E(ANGL)=1108.981   |
 | E(DIHE)=74.488     E(IMPR)=40.011     E(VDW )=-555.071   E(ELEC)=1.329      |
 -------------------------------------------------------------------------------
 POWELL: STEP number limit. Normal termination
 POWELL: Current coordinates set to last minimum
 --------------- cycle=     1 --------------------------------------------------
 | Etotal =684.077    grad(E)=9.750      E(BOND)=14.338     E(ANGL)=1108.981   |
 | E(DIHE)=74.488     E(IMPR)=40.011     E(VDW )=-555.071   E(ELEC)=1.329      |
 -------------------------------------------------------------------------------
 SURFAC: half the sigma value being used for atomic radii.
 SURFAC: ACCEssible surface area
 SURFAC: ACCUracy= 0.07 RH2O=  1.40
         Z-grid=  0.32 number-of-Z-sections=  213
         measures-of-arc= 93739 and149857
 SURFAC: half the sigma value being used for atomic radii.
 SURFAC: ACCEssible surface area
 SURFAC: ACCUracy= 0.07 RH2O=  1.40
         Z-grid=  0.32 number-of-Z-sections=  136
         measures-of-arc= 26146 and 45845
 SURFAC: half the sigma value being used for atomic radii.
 SURFAC: ACCEssible surface area
 SURFAC: ACCUracy= 0.07 RH2O=  1.40
         Z-grid=  0.32 number-of-Z-sections=  213
         measures-of-arc=121500 and196059
 %PARRDR-info: duplication of bond HC   NC2 
 %PARRDR-info: duplication of angle CH2E C    NH1 
 %PARRDR-info: duplication of angle CH2P CH2E HA  
 NBONDS: generating intra-molecular exclusion list with mode= 5
 MAKINB: mode   5 found      5 exclusions and     10 interactions(1-4)
 NBONDS: found     3134 intra-atom interactions
 --------------- cycle=     2 --------------------------------------------------
 | Etotal =-53.321    grad(E)=0.204      E(VDW )=-7.689     E(ELEC)=-45.631    |
 -------------------------------------------------------------------------------
 NBONDS: generating intra-molecular exclusion list with mode= 5
 MAKINB: mode   5 found     10 exclusions and     20 interactions(1-4)
 NBONDS: found     2354 intra-atom interactions
 --------------- cycle=     3 --------------------------------------------------
 | Etotal =-73.359    grad(E)=0.236      E(VDW )=-9.354     E(ELEC)=-64.006    |
 -------------------------------------------------------------------------------
 NBONDS: generating intra-molecular exclusion list with mode= 5
 MAKINB: mode   5 found     10 exclusions and     20 interactions(1-4)
 NBONDS: found     4334 intra-atom interactions
 --------------- cycle=     4 --------------------------------------------------
 | Etotal =-90.123    grad(E)=0.243      E(VDW )=-13.866    E(ELEC)=-76.257    |
 -------------------------------------------------------------------------------
 NBONDS: generating intra-molecular exclusion list with mode= 5
 MAKINB: mode   5 found     10 exclusions and     20 interactions(1-4)
 NBONDS: found     2886 intra-atom interactions
 --------------- cycle=     5 --------------------------------------------------
 | Etotal =-99.413    grad(E)=0.187      E(VDW )=-8.955     E(ELEC)=-90.458    |
 -------------------------------------------------------------------------------
 NBONDS: generating intra-molecular exclusion list with mode= 5
 MAKINB: mode   5 found     10 exclusions and     20 interactions(1-4)
 NBONDS: found     3316 intra-atom interactions
 --------------- cycle=     6 --------------------------------------------------
 | Etotal =-104.164   grad(E)=0.294      E(VDW )=-8.878     E(ELEC)=-95.286    |
 -------------------------------------------------------------------------------
 NBONDS: generating intra-molecular exclusion list with mode= 5
 MAKINB: mode   5 found     10 exclusions and     20 interactions(1-4)
 NBONDS: found     2890 intra-atom interactions
 --------------- cycle=     7 --------------------------------------------------
 | Etotal =-88.666    grad(E)=0.180      E(VDW )=-9.903     E(ELEC)=-78.762    |
 -------------------------------------------------------------------------------
 NBONDS: generating intra-molecular exclusion list with mode= 5
 MAKINB: mode   5 found     10 exclusions and     20 interactions(1-4)
 NBONDS: found     5649 intra-atom interactions
 --------------- cycle=     8 --------------------------------------------------
 | Etotal =-94.057    grad(E)=0.176      E(VDW )=-16.861    E(ELEC)=-77.196    |
 -------------------------------------------------------------------------------
 NBONDS: generating intra-molecular exclusion list with mode= 5
 MAKINB: mode   5 found     10 exclusions and     20 interactions(1-4)
 NBONDS: found     5357 intra-atom interactions
 --------------- cycle=     9 --------------------------------------------------
 | Etotal =-94.645    grad(E)=0.229      E(VDW )=-12.013    E(ELEC)=-82.632    |
 -------------------------------------------------------------------------------
 NBONDS: generating intra-molecular exclusion list with mode= 5
 MAKINB: mode   5 found     10 exclusions and     20 interactions(1-4)
 NBONDS: found     3358 intra-atom interactions
 --------------- cycle=    10 --------------------------------------------------
 | Etotal =-126.149   grad(E)=0.335      E(VDW )=-10.175    E(ELEC)=-115.974   |
 -------------------------------------------------------------------------------
 NBONDS: generating intra-molecular exclusion list with mode= 5
 MAKINB: mode   5 found     10 exclusions and     20 interactions(1-4)
 NBONDS: found     5510 intra-atom interactions
 --------------- cycle=    11 --------------------------------------------------
 | Etotal =-161.543   grad(E)=0.329      E(VDW )=-14.978    E(ELEC)=-146.565   |
 -------------------------------------------------------------------------------
 NBONDS: generating intra-molecular exclusion list with mode= 5
 MAKINB: mode   5 found     10 exclusions and     20 interactions(1-4)
 NBONDS: found     5639 intra-atom interactions
 --------------- cycle=    12 --------------------------------------------------
 | Etotal =-103.492   grad(E)=0.210      E(VDW )=-16.170    E(ELEC)=-87.322    |
 -------------------------------------------------------------------------------
 NBONDS: generating intra-molecular exclusion list with mode= 5
 MAKINB: mode   5 found     10 exclusions and     20 interactions(1-4)
 NBONDS: found     3602 intra-atom interactions
 --------------- cycle=    13 --------------------------------------------------
 | Etotal =-89.787    grad(E)=0.238      E(VDW )=-9.239     E(ELEC)=-80.548    |
 -------------------------------------------------------------------------------
 NBONDS: generating intra-molecular exclusion list with mode= 5
 MAKINB: mode   5 found     10 exclusions and     20 interactions(1-4)
 NBONDS: found     4425 intra-atom interactions
 --------------- cycle=    14 --------------------------------------------------
 | Etotal =-101.028   grad(E)=0.217      E(VDW )=-14.954    E(ELEC)=-86.074    |
 -------------------------------------------------------------------------------
 NBONDS: generating intra-molecular exclusion list with mode= 5
 MAKINB: mode   5 found     10 exclusions and     20 interactions(1-4)
 NBONDS: found     3595 intra-atom interactions
 --------------- cycle=    15 --------------------------------------------------
 | Etotal =-137.932   grad(E)=0.436      E(VDW )=-11.020    E(ELEC)=-126.912   |
 -------------------------------------------------------------------------------
 NBONDS: generating intra-molecular exclusion list with mode= 5
 MAKINB: mode   5 found     10 exclusions and     20 interactions(1-4)
 NBONDS: found     3956 intra-atom interactions
 --------------- cycle=    16 --------------------------------------------------
 | Etotal =-234.472   grad(E)=0.663      E(VDW )=-12.838    E(ELEC)=-221.634   |
 -------------------------------------------------------------------------------
 NBONDS: generating intra-molecular exclusion list with mode= 5
 MAKINB: mode   5 found     10 exclusions and     20 interactions(1-4)
 NBONDS: found     3098 intra-atom interactions
 --------------- cycle=    17 --------------------------------------------------
 | Etotal =-146.187   grad(E)=0.456      E(VDW )=-14.669    E(ELEC)=-131.518   |
 -------------------------------------------------------------------------------
 NBONDS: generating intra-molecular exclusion list with mode= 5
 MAKINB: mode   5 found     10 exclusions and     20 interactions(1-4)
 NBONDS: found     4504 intra-atom interactions
 --------------- cycle=    18 --------------------------------------------------
 | Etotal =-102.377   grad(E)=0.179      E(VDW )=-16.581    E(ELEC)=-85.797    |
 -------------------------------------------------------------------------------
 NBONDS: generating intra-molecular exclusion list with mode= 5
 MAKINB: mode   5 found     10 exclusions and     20 interactions(1-4)
 NBONDS: found     2915 intra-atom interactions
 --------------- cycle=    19 --------------------------------------------------
 | Etotal =-94.382    grad(E)=0.263      E(VDW )=-3.849     E(ELEC)=-90.533    |
 -------------------------------------------------------------------------------
 NBONDS: generating intra-molecular exclusion list with mode= 5
 MAKINB: mode   5 found     10 exclusions and     20 interactions(1-4)
 NBONDS: found     5847 intra-atom interactions
 --------------- cycle=    20 --------------------------------------------------
 | Etotal =-121.356   grad(E)=0.365      E(VDW )=-21.656    E(ELEC)=-99.700    |
 -------------------------------------------------------------------------------
 NBONDS: generating intra-molecular exclusion list with mode= 5
 MAKINB: mode   5 found     10 exclusions and     20 interactions(1-4)
 NBONDS: found     3944 intra-atom interactions
 --------------- cycle=    21 --------------------------------------------------
 | Etotal =-126.654   grad(E)=0.295      E(VDW )=-14.937    E(ELEC)=-111.717   |
 -------------------------------------------------------------------------------
 NBONDS: generating intra-molecular exclusion list with mode= 5
 MAKINB: mode   5 found     10 exclusions and     20 interactions(1-4)
 NBONDS: found     2847 intra-atom interactions
 --------------- cycle=    22 --------------------------------------------------
 | Etotal =-97.250    grad(E)=0.188      E(VDW )=-11.340    E(ELEC)=-85.911    |
 -------------------------------------------------------------------------------
 NBONDS: generating intra-molecular exclusion list with mode= 5
 MAKINB: mode   5 found     10 exclusions and     20 interactions(1-4)
 NBONDS: found     4658 intra-atom interactions
 --------------- cycle=    23 --------------------------------------------------
 | Etotal =-91.359    grad(E)=0.226      E(VDW )=-12.315    E(ELEC)=-79.044    |
 -------------------------------------------------------------------------------
 NBONDS: generating intra-molecular exclusion list with mode= 5
 MAKINB: mode   5 found     10 exclusions and     20 interactions(1-4)
 NBONDS: found     3982 intra-atom interactions
 --------------- cycle=    24 --------------------------------------------------
 | Etotal =-119.567   grad(E)=0.348      E(VDW )=-15.942    E(ELEC)=-103.625   |
 -------------------------------------------------------------------------------
 NBONDS: generating intra-molecular exclusion list with mode= 5
 MAKINB: mode   5 found     10 exclusions and     20 interactions(1-4)
 NBONDS: found     3547 intra-atom interactions
 --------------- cycle=    25 --------------------------------------------------
 | Etotal =-91.567    grad(E)=0.165      E(VDW )=-11.527    E(ELEC)=-80.040    |
 -------------------------------------------------------------------------------
 NBONDS: generating intra-molecular exclusion list with mode= 5
 MAKINB: mode   5 found     10 exclusions and     20 interactions(1-4)
 NBONDS: found     2656 intra-atom interactions
 --------------- cycle=    26 --------------------------------------------------
 | Etotal =-88.413    grad(E)=0.206      E(VDW )=-7.736     E(ELEC)=-80.676    |
 -------------------------------------------------------------------------------
 NBONDS: generating intra-molecular exclusion list with mode= 5
 MAKINB: mode   5 found     10 exclusions and     20 interactions(1-4)
 NBONDS: found     1889 intra-atom interactions
 --------------- cycle=    27 --------------------------------------------------
 | Etotal =-83.662    grad(E)=0.161      E(VDW )=-6.338     E(ELEC)=-77.325    |
 -------------------------------------------------------------------------------
 NBONDS: generating intra-molecular exclusion list with mode= 5
 MAKINB: mode   5 found     10 exclusions and     20 interactions(1-4)
 NBONDS: found     4903 intra-atom interactions
 --------------- cycle=    28 --------------------------------------------------
 | Etotal =-85.261    grad(E)=0.143      E(VDW )=-17.395    E(ELEC)=-67.866    |
 -------------------------------------------------------------------------------
 NBONDS: generating intra-molecular exclusion list with mode= 5
 MAKINB: mode   5 found     10 exclusions and     23 interactions(1-4)
 NBONDS: found     2208 intra-atom interactions
 --------------- cycle=    29 --------------------------------------------------
 | Etotal =-55.409    grad(E)=0.223      E(VDW )=0.678      E(ELEC)=-56.088    |
 -------------------------------------------------------------------------------
 NBONDS: generating intra-molecular exclusion list with mode= 5
 MAKINB: mode   5 found     10 exclusions and     20 interactions(1-4)
 NBONDS: found     1200 intra-atom interactions
 --------------- cycle=    30 --------------------------------------------------
 | Etotal =-64.480    grad(E)=0.271      E(VDW )=6.130      E(ELEC)=-70.610    |
 -------------------------------------------------------------------------------
 NBONDS: generating intra-molecular exclusion list with mode= 5
 MAKINB: mode   5 found     10 exclusions and     20 interactions(1-4)
 NBONDS: found     1643 intra-atom interactions
 --------------- cycle=    31 --------------------------------------------------
 | Etotal =-78.613    grad(E)=0.152      E(VDW )=-5.627     E(ELEC)=-72.986    |
 -------------------------------------------------------------------------------
 NBONDS: generating intra-molecular exclusion list with mode= 5
 MAKINB: mode   5 found     10 exclusions and     20 interactions(1-4)
 NBONDS: found     2591 intra-atom interactions
 --------------- cycle=    32 --------------------------------------------------
 | Etotal =-86.546    grad(E)=0.225      E(VDW )=-11.683    E(ELEC)=-74.863    |
 -------------------------------------------------------------------------------
 NBONDS: generating intra-molecular exclusion list with mode= 5
 MAKINB: mode   5 found     10 exclusions and     20 interactions(1-4)
 NBONDS: found     5382 intra-atom interactions
 --------------- cycle=    33 --------------------------------------------------
 | Etotal =-93.411    grad(E)=0.389      E(VDW )=-13.680    E(ELEC)=-79.730    |
 -------------------------------------------------------------------------------
 NBONDS: generating intra-molecular exclusion list with mode= 5
 MAKINB: mode   5 found     10 exclusions and     20 interactions(1-4)
 NBONDS: found     1945 intra-atom interactions
 --------------- cycle=    34 --------------------------------------------------
 | Etotal =-82.464    grad(E)=0.249      E(VDW )=-3.774     E(ELEC)=-78.689    |
 -------------------------------------------------------------------------------
 NBONDS: generating intra-molecular exclusion list with mode= 5
 MAKINB: mode   5 found     10 exclusions and     20 interactions(1-4)
 NBONDS: found     5151 intra-atom interactions
 --------------- cycle=    35 --------------------------------------------------
 | Etotal =-154.732   grad(E)=0.366      E(VDW )=-18.384    E(ELEC)=-136.348   |
 -------------------------------------------------------------------------------
 NBONDS: generating intra-molecular exclusion list with mode= 5
 MAKINB: mode   5 found     10 exclusions and     20 interactions(1-4)
 NBONDS: found     1910 intra-atom interactions
 --------------- cycle=    36 --------------------------------------------------
 | Etotal =-76.377    grad(E)=0.153      E(VDW )=-5.828     E(ELEC)=-70.549    |
 -------------------------------------------------------------------------------
 NBONDS: generating intra-molecular exclusion list with mode= 5
 MAKINB: mode   5 found     10 exclusions and     20 interactions(1-4)
 NBONDS: found     3485 intra-atom interactions
 --------------- cycle=    37 --------------------------------------------------
 | Etotal =-157.575   grad(E)=0.598      E(VDW )=-14.807    E(ELEC)=-142.768   |
 -------------------------------------------------------------------------------
 NBONDS: generating intra-molecular exclusion list with mode= 5
 MAKINB: mode   5 found     10 exclusions and     20 interactions(1-4)
 NBONDS: found     5472 intra-atom interactions
 --------------- cycle=    38 --------------------------------------------------
 | Etotal =-77.351    grad(E)=0.152      E(VDW )=-20.809    E(ELEC)=-56.542    |
 -------------------------------------------------------------------------------
 NBONDS: generating intra-molecular exclusion list with mode= 5
 MAKINB: mode   5 found     10 exclusions and     20 interactions(1-4)
 NBONDS: found     6742 intra-atom interactions
 --------------- cycle=    39 --------------------------------------------------
 | Etotal =-165.805   grad(E)=0.558      E(VDW )=-20.065    E(ELEC)=-145.739   |
 -------------------------------------------------------------------------------
 NBONDS: generating intra-molecular exclusion list with mode= 5
 MAKINB: mode   5 found     10 exclusions and     20 interactions(1-4)
 NBONDS: found     2397 intra-atom interactions
 --------------- cycle=    40 --------------------------------------------------
 | Etotal =-83.941    grad(E)=0.168      E(VDW )=-9.670     E(ELEC)=-74.270    |
 -------------------------------------------------------------------------------
 NBONDS: generating intra-molecular exclusion list with mode= 5
 MAKINB: mode   5 found     10 exclusions and     20 interactions(1-4)
 NBONDS: found     3187 intra-atom interactions
 --------------- cycle=    41 --------------------------------------------------
 | Etotal =-111.376   grad(E)=0.224      E(VDW )=-5.590     E(ELEC)=-105.786   |
 -------------------------------------------------------------------------------
 NBONDS: generating intra-molecular exclusion list with mode= 5
 MAKINB: mode   5 found     10 exclusions and     23 interactions(1-4)
 NBONDS: found     3538 intra-atom interactions
 --------------- cycle=    42 --------------------------------------------------
 | Etotal =-89.559    grad(E)=0.213      E(VDW )=-8.010     E(ELEC)=-81.549    |
 -------------------------------------------------------------------------------
 NBONDS: generating intra-molecular exclusion list with mode= 5
 MAKINB: mode   5 found     10 exclusions and     20 interactions(1-4)
 NBONDS: found     5943 intra-atom interactions
 --------------- cycle=    43 --------------------------------------------------
 | Etotal =-194.671   grad(E)=0.468      E(VDW )=-20.964    E(ELEC)=-173.707   |
 -------------------------------------------------------------------------------
 NBONDS: generating intra-molecular exclusion list with mode= 5
 MAKINB: mode   5 found      5 exclusions and     10 interactions(1-4)
 NBONDS: found     1659 intra-atom interactions
 --------------- cycle=    44 --------------------------------------------------
 | Etotal =-17.645    grad(E)=0.168      E(VDW )=-0.763     E(ELEC)=-16.883    |
 -------------------------------------------------------------------------------
 NBONDS: generating intra-molecular exclusion list with mode= 5
 MAKINB: mode   5 found     10 exclusions and     20 interactions(1-4)
 NBONDS: found     6595 intra-atom interactions
 --------------- cycle=    45 --------------------------------------------------
 | Etotal =-179.110   grad(E)=0.489      E(VDW )=-20.169    E(ELEC)=-158.942   |
 -------------------------------------------------------------------------------
 NBONDS: generating intra-molecular exclusion list with mode= 5
 MAKINB: mode   5 found     10 exclusions and     20 interactions(1-4)
 NBONDS: found     2664 intra-atom interactions
 --------------- cycle=    46 --------------------------------------------------
 | Etotal =-177.227   grad(E)=0.481      E(VDW )=-6.326     E(ELEC)=-170.901   |
 -------------------------------------------------------------------------------
 NBONDS: generating intra-molecular exclusion list with mode= 5
 MAKINB: mode   5 found     10 exclusions and     20 interactions(1-4)
 NBONDS: found     4198 intra-atom interactions
 --------------- cycle=    47 --------------------------------------------------
 | Etotal =-163.347   grad(E)=0.466      E(VDW )=-16.001    E(ELEC)=-147.345   |
 -------------------------------------------------------------------------------
 NBONDS: generating intra-molecular exclusion list with mode= 5
 MAKINB: mode   5 found     10 exclusions and     20 interactions(1-4)
 NBONDS: found     4360 intra-atom interactions
 --------------- cycle=    48 --------------------------------------------------
 | Etotal =-133.072   grad(E)=0.315      E(VDW )=-10.907    E(ELEC)=-122.165   |
 -------------------------------------------------------------------------------
 NBONDS: generating intra-molecular exclusion list with mode= 5
 MAKINB: mode   5 found     10 exclusions and     20 interactions(1-4)
 NBONDS: found     5258 intra-atom interactions
 --------------- cycle=    49 --------------------------------------------------
 | Etotal =-121.909   grad(E)=0.298      E(VDW )=-23.945    E(ELEC)=-97.964    |
 -------------------------------------------------------------------------------
 NBONDS: generating intra-molecular exclusion list with mode= 5
 MAKINB: mode   5 found     10 exclusions and     20 interactions(1-4)
 NBONDS: found     1740 intra-atom interactions
 --------------- cycle=    50 --------------------------------------------------
 | Etotal =-61.126    grad(E)=0.115      E(VDW )=-4.521     E(ELEC)=-56.606    |
 -------------------------------------------------------------------------------
 NBONDS: generating intra-molecular exclusion list with mode= 5
 MAKINB: mode   5 found     10 exclusions and     20 interactions(1-4)
 NBONDS: found      943 intra-atom interactions
 --------------- cycle=    51 --------------------------------------------------
 | Etotal =-63.761    grad(E)=0.123      E(VDW )=-2.273     E(ELEC)=-61.488    |
 -------------------------------------------------------------------------------
 NBONDS: generating intra-molecular exclusion list with mode= 5
 MAKINB: mode   5 found     10 exclusions and     20 interactions(1-4)
 NBONDS: found     1420 intra-atom interactions
 --------------- cycle=    52 --------------------------------------------------
 | Etotal =-72.534    grad(E)=0.164      E(VDW )=-7.231     E(ELEC)=-65.302    |
 -------------------------------------------------------------------------------
 NBONDS: generating intra-molecular exclusion list with mode= 5
 MAKINB: mode   5 found     10 exclusions and     20 interactions(1-4)
 NBONDS: found     3052 intra-atom interactions
 --------------- cycle=    53 --------------------------------------------------
 | Etotal =-91.122    grad(E)=0.207      E(VDW )=-19.083    E(ELEC)=-72.039    |
 -------------------------------------------------------------------------------
 NBONDS: generating intra-molecular exclusion list with mode= 5
 MAKINB: mode   5 found     10 exclusions and     20 interactions(1-4)
 NBONDS: found     3705 intra-atom interactions
 --------------- cycle=    54 --------------------------------------------------
 | Etotal =-91.033    grad(E)=0.268      E(VDW )=-15.354    E(ELEC)=-75.678    |
 -------------------------------------------------------------------------------
 NBONDS: generating intra-molecular exclusion list with mode= 5
 MAKINB: mode   5 found     10 exclusions and     20 interactions(1-4)
 NBONDS: found     6154 intra-atom interactions
 --------------- cycle=    55 --------------------------------------------------
 | Etotal =-91.667    grad(E)=0.250      E(VDW )=-22.806    E(ELEC)=-68.861    |
 -------------------------------------------------------------------------------
 NBONDS: generating intra-molecular exclusion list with mode= 5
 MAKINB: mode   5 found     10 exclusions and     20 interactions(1-4)
 NBONDS: found     5528 intra-atom interactions
 --------------- cycle=    56 --------------------------------------------------
 | Etotal =-88.016    grad(E)=0.118      E(VDW )=-18.767    E(ELEC)=-69.249    |
 -------------------------------------------------------------------------------
 NBONDS: generating intra-molecular exclusion list with mode= 5
 MAKINB: mode   5 found     10 exclusions and     20 interactions(1-4)
 NBONDS: found     5812 intra-atom interactions
 --------------- cycle=    57 --------------------------------------------------
 | Etotal =-92.265    grad(E)=0.126      E(VDW )=-25.924    E(ELEC)=-66.341    |
 -------------------------------------------------------------------------------
 NBONDS: generating intra-molecular exclusion list with mode= 5
 MAKINB: mode   5 found     10 exclusions and     20 interactions(1-4)
 NBONDS: found     4972 intra-atom interactions
 --------------- cycle=    58 --------------------------------------------------
 | Etotal =-93.402    grad(E)=0.214      E(VDW )=-15.010    E(ELEC)=-78.392    |
 -------------------------------------------------------------------------------
 NBONDS: generating intra-molecular exclusion list with mode= 5
 MAKINB: mode   5 found     10 exclusions and     20 interactions(1-4)
 NBONDS: found     3013 intra-atom interactions
 --------------- cycle=    59 --------------------------------------------------
 | Etotal =-77.926    grad(E)=0.167      E(VDW )=-10.977    E(ELEC)=-66.949    |
 -------------------------------------------------------------------------------
 NBONDS: generating intra-molecular exclusion list with mode= 5
 MAKINB: mode   5 found     10 exclusions and     20 interactions(1-4)
 NBONDS: found     2361 intra-atom interactions
 --------------- cycle=    60 --------------------------------------------------
 | Etotal =-74.107    grad(E)=0.102      E(VDW )=-8.192     E(ELEC)=-65.914    |
 -------------------------------------------------------------------------------
 NBONDS: generating intra-molecular exclusion list with mode= 5
 MAKINB: mode   5 found     10 exclusions and     20 interactions(1-4)
 NBONDS: found     1288 intra-atom interactions
 --------------- cycle=    61 --------------------------------------------------
 | Etotal =-68.972    grad(E)=0.140      E(VDW )=-4.835     E(ELEC)=-64.137    |
 -------------------------------------------------------------------------------
 NBONDS: generating intra-molecular exclusion list with mode= 5
 MAKINB: mode   5 found     10 exclusions and     20 interactions(1-4)
 NBONDS: found     1051 intra-atom interactions
 --------------- cycle=    62 --------------------------------------------------
 | Etotal =-68.716    grad(E)=0.121      E(VDW )=-1.704     E(ELEC)=-67.012    |
 -------------------------------------------------------------------------------
 NBONDS: generating intra-molecular exclusion list with mode= 5
 MAKINB: mode   5 found     10 exclusions and     23 interactions(1-4)
 NBONDS: found     1859 intra-atom interactions
 --------------- cycle=    63 --------------------------------------------------
 | Etotal =-61.413    grad(E)=0.158      E(VDW )=-5.129     E(ELEC)=-56.284    |
 -------------------------------------------------------------------------------
 NBONDS: generating intra-molecular exclusion list with mode= 5
 MAKINB: mode   5 found     10 exclusions and     20 interactions(1-4)
 NBONDS: found     2209 intra-atom interactions
 --------------- cycle=    64 --------------------------------------------------
 | Etotal =-80.318    grad(E)=0.338      E(VDW )=-2.339     E(ELEC)=-77.980    |
 -------------------------------------------------------------------------------
 NBONDS: generating intra-molecular exclusion list with mode= 5
 MAKINB: mode   5 found     10 exclusions and     20 interactions(1-4)
 NBONDS: found     1225 intra-atom interactions
 --------------- cycle=    65 --------------------------------------------------
 | Etotal =-72.257    grad(E)=0.141      E(VDW )=-6.121     E(ELEC)=-66.135    |
 -------------------------------------------------------------------------------
 NBONDS: generating intra-molecular exclusion list with mode= 5
 MAKINB: mode   5 found     10 exclusions and     20 interactions(1-4)
 NBONDS: found     3693 intra-atom interactions
 --------------- cycle=    66 --------------------------------------------------
 | Etotal =-68.895    grad(E)=0.236      E(VDW )=-5.211     E(ELEC)=-63.684    |
 -------------------------------------------------------------------------------
 NBONDS: generating intra-molecular exclusion list with mode= 5
 MAKINB: mode   5 found     10 exclusions and     20 interactions(1-4)
 NBONDS: found     3174 intra-atom interactions
 --------------- cycle=    67 --------------------------------------------------
 | Etotal =-89.276    grad(E)=0.236      E(VDW )=-14.434    E(ELEC)=-74.842    |
 -------------------------------------------------------------------------------
 NBONDS: generating intra-molecular exclusion list with mode= 5
 MAKINB: mode   5 found     13 exclusions and     27 interactions(1-4)
 NBONDS: found     2419 intra-atom interactions
 --------------- cycle=    68 --------------------------------------------------
 | Etotal =-75.946    grad(E)=0.247      E(VDW )=-9.908     E(ELEC)=-66.038    |
 -------------------------------------------------------------------------------
 NBONDS: generating intra-molecular exclusion list with mode= 5
 MAKINB: mode   5 found     10 exclusions and     20 interactions(1-4)
 NBONDS: found     5370 intra-atom interactions
 --------------- cycle=    69 --------------------------------------------------
 | Etotal =-83.102    grad(E)=0.210      E(VDW )=-23.180    E(ELEC)=-59.921    |
 -------------------------------------------------------------------------------
 NBONDS: generating intra-molecular exclusion list with mode= 5
 MAKINB: mode   5 found     10 exclusions and     23 interactions(1-4)
 NBONDS: found     3506 intra-atom interactions
 --------------- cycle=    70 --------------------------------------------------
 | Etotal =-71.800    grad(E)=0.173      E(VDW )=-11.600    E(ELEC)=-60.200    |
 -------------------------------------------------------------------------------
 NBONDS: generating intra-molecular exclusion list with mode= 5
 MAKINB: mode   5 found     10 exclusions and     23 interactions(1-4)
 NBONDS: found     3873 intra-atom interactions
 --------------- cycle=    71 --------------------------------------------------
 | Etotal =-84.897    grad(E)=0.151      E(VDW )=-15.976    E(ELEC)=-68.922    |
 -------------------------------------------------------------------------------
 NBONDS: generating intra-molecular exclusion list with mode= 5
 MAKINB: mode   5 found     10 exclusions and     20 interactions(1-4)
 NBONDS: found     4284 intra-atom interactions
 --------------- cycle=    72 --------------------------------------------------
 | Etotal =-82.128    grad(E)=0.137      E(VDW )=-16.495    E(ELEC)=-65.632    |
 -------------------------------------------------------------------------------
 NBONDS: generating intra-molecular exclusion list with mode= 5
 MAKINB: mode   5 found     10 exclusions and     20 interactions(1-4)
 NBONDS: found     4516 intra-atom interactions
 --------------- cycle=    73 --------------------------------------------------
 | Etotal =-143.381   grad(E)=0.409      E(VDW )=-13.234    E(ELEC)=-130.147   |
 -------------------------------------------------------------------------------
 NBONDS: generating intra-molecular exclusion list with mode= 5
 MAKINB: mode   5 found     10 exclusions and     20 interactions(1-4)
 NBONDS: found     2547 intra-atom interactions
 --------------- cycle=    74 --------------------------------------------------
 | Etotal =-66.719    grad(E)=0.131      E(VDW )=-9.444     E(ELEC)=-57.275    |
 -------------------------------------------------------------------------------
 NBONDS: generating intra-molecular exclusion list with mode= 5
 MAKINB: mode   5 found     10 exclusions and     20 interactions(1-4)
 NBONDS: found     6360 intra-atom interactions
 --------------- cycle=    75 --------------------------------------------------
 | Etotal =-98.327    grad(E)=0.305      E(VDW )=-19.447    E(ELEC)=-78.880    |
 -------------------------------------------------------------------------------
 NBONDS: generating intra-molecular exclusion list with mode= 5
 MAKINB: mode   5 found     10 exclusions and     20 interactions(1-4)
 NBONDS: found     2011 intra-atom interactions
 --------------- cycle=    76 --------------------------------------------------
 | Etotal =-76.510    grad(E)=0.142      E(VDW )=-8.608     E(ELEC)=-67.903    |
 -------------------------------------------------------------------------------
 NBONDS: generating intra-molecular exclusion list with mode= 5
 MAKINB: mode   5 found     10 exclusions and     20 interactions(1-4)
 NBONDS: found     6146 intra-atom interactions
 --------------- cycle=    77 --------------------------------------------------
 | Etotal =-100.697   grad(E)=0.161      E(VDW )=-28.504    E(ELEC)=-72.193    |
 -------------------------------------------------------------------------------
 NBONDS: generating intra-molecular exclusion list with mode= 5
 MAKINB: mode   5 found     10 exclusions and     23 interactions(1-4)
 NBONDS: found     4718 intra-atom interactions
 --------------- cycle=    78 --------------------------------------------------
 | Etotal =-76.584    grad(E)=0.160      E(VDW )=-18.934    E(ELEC)=-57.650    |
 -------------------------------------------------------------------------------
 NBONDS: generating intra-molecular exclusion list with mode= 5
 MAKINB: mode   5 found     10 exclusions and     23 interactions(1-4)
 NBONDS: found     2783 intra-atom interactions
 --------------- cycle=    79 --------------------------------------------------
 | Etotal =-76.315    grad(E)=0.157      E(VDW )=-7.719     E(ELEC)=-68.596    |
 -------------------------------------------------------------------------------
 NBONDS: generating intra-molecular exclusion list with mode= 5
 MAKINB: mode   5 found     10 exclusions and     20 interactions(1-4)
 NBONDS: found     3221 intra-atom interactions
 --------------- cycle=    80 --------------------------------------------------
 | Etotal =-86.315    grad(E)=0.241      E(VDW )=-8.792     E(ELEC)=-77.523    |
 -------------------------------------------------------------------------------
 NBONDS: generating intra-molecular exclusion list with mode= 5
 MAKINB: mode   5 found     10 exclusions and     20 interactions(1-4)
 NBONDS: found     3922 intra-atom interactions
 --------------- cycle=    81 --------------------------------------------------
 | Etotal =-107.167   grad(E)=0.268      E(VDW )=-17.272    E(ELEC)=-89.895    |
 -------------------------------------------------------------------------------
 NBONDS: generating intra-molecular exclusion list with mode= 5
 MAKINB: mode   5 found     10 exclusions and     20 interactions(1-4)
 NBONDS: found     1801 intra-atom interactions
 --------------- cycle=    82 --------------------------------------------------
 | Etotal =-73.459    grad(E)=0.224      E(VDW )=-2.288     E(ELEC)=-71.172    |
 -------------------------------------------------------------------------------
 NBONDS: generating intra-molecular exclusion list with mode= 5
 MAKINB: mode   5 found     10 exclusions and     20 interactions(1-4)
 NBONDS: found     2903 intra-atom interactions
 --------------- cycle=    83 --------------------------------------------------
 | Etotal =-70.056    grad(E)=0.168      E(VDW )=-6.442     E(ELEC)=-63.614    |
 -------------------------------------------------------------------------------
 NBONDS: generating intra-molecular exclusion list with mode= 5
 MAKINB: mode   5 found     10 exclusions and     20 interactions(1-4)
 NBONDS: found     1619 intra-atom interactions
 --------------- cycle=    84 --------------------------------------------------
 | Etotal =-75.833    grad(E)=0.214      E(VDW )=-3.053     E(ELEC)=-72.781    |
 -------------------------------------------------------------------------------
 NBONDS: generating intra-molecular exclusion list with mode= 5
 MAKINB: mode   5 found     10 exclusions and     20 interactions(1-4)
 NBONDS: found     5450 intra-atom interactions
 --------------- cycle=    85 --------------------------------------------------
 | Etotal =-114.031   grad(E)=0.288      E(VDW )=-21.854    E(ELEC)=-92.177    |
 -------------------------------------------------------------------------------
 NBONDS: generating intra-molecular exclusion list with mode= 5
 MAKINB: mode   5 found     10 exclusions and     23 interactions(1-4)
 NBONDS: found     4493 intra-atom interactions
 --------------- cycle=    86 --------------------------------------------------
 | Etotal =-105.591   grad(E)=0.280      E(VDW )=-16.694    E(ELEC)=-88.897    |
 -------------------------------------------------------------------------------
 HEAP: maximum use      =    22476480 current use      =       96000 bytes
 HEAP: maximum overhead =        2800 current overhead =         752 bytes
          ============================================================
           Maximum dynamic memory allocation:    22476480 bytes
           Maximum dynamic memory overhead:          2800 bytes
           Program started at: 19:57:39 on 10-Jun-2020
           Program stopped at: 19:58:05 on 10-Jun-2020
           CPU time used:      25.8281 seconds
          ============================================================
