          ============================================================
          |                                                          |
          |            Crystallography & NMR System (CNS)            |
          |                         CNSsolve                         |
          |                                                          |
          ============================================================
           Version: 1.3 at patch level U
           Status: Special UU release with Rg and paramagnetic
                   restraints (A. Bonvin, UU 2011)
          ============================================================
           Written by: A.T.Brunger, P.D.Adams, G.M.Clore, W.L.DeLano,
                       P.Gros, R.W.Grosse-Kunstleve,J.-S.Jiang,J.M.Krahn,
                       J.Kuszewski, M.Nilges, N.S.Pannu, R.J.Read,
                       L.M.Rice, G.F.Schroeder, T.Simonson, G.L.Warren.
           Copyright (c) 1997-2010 Yale University
          ============================================================
           Running on machine: hostname unknown (x86_64/Linux,64-bit)
           Program started by: joaor
           Program started at: 19:58:57 on 10-Jun-2020
          ============================================================

 FFT3C: Using FFTPACK4.1

 CNSsolve>! 
 CNSsolve>! Calculates pairwise energies between residues 
 CNSsolve>! Will only rebuild hydrogen atoms 
 CNSsolve>! 
 CNSsolve>! Adapted from HADDOCK protocols here and there. 
 CNSsolve>! JR & AMJJB @ 2020 
 CNSsolve>! 
 CNSsolve>define( 
 DEFINE>    {===>} auto_break=true; 
 DEFINE>    {===>} break_cutoff=2.5; 
 DEFINE>    {===>} dnaauto_break=true; 
 DEFINE>    {===>} dbreak_cutoff=4.5; 
 DEFINE>    {===>} auto_cispro=true; 
 DEFINE>    {===>} auto_disu=true; 
 DEFINE>    {===>} disulphide_dist=3.0; 
 DEFINE>    {===>} glyco_dist=2.75; 
 DEFINE>    {===>} coorin="molecule.pdb"; 
 DEFINE>    {===>} icutoff=5.0; 
 DEFINE>) 
 CNSsolve> 
 CNSsolve>! Mute (most) output 
 CNSsolve>set message=on echo=off end 
 ASSFIL: file merged.param opened.
 MESSage=NORM
 EVALUATE: symbol $OLD_MESSAGE set to "NORM" (string)
 ECHO=FALSe {OFF}
 EVALUATE: symbol $OLD_ECHO set to FALSE (logical)
 %PARRDR-info: duplication of bond HC   NC2 
 %PARRDR-info: duplication of angle CH2E C    NH1 
 %PARRDR-info: duplication of angle CH2P CH2E HA  
 ASSFIL: file merged.top opened.
 MESSage=NORM
 EVALUATE: symbol $OLD_MESSAGE set to "NORM" (string)
 ECHO=FALSe {OFF}
 EVALUATE: symbol $OLD_ECHO set to FALSE (logical)
 %RTFIO-warning: undefined masses in residue CYC 
 %RTFIO error encountered: there are undefined masses.
   (CNS is in mode: SET ABORT=NORMal END)
 MESSage=NORM
 EVALUATE: symbol $OLD_MESSAGE set to "NORM" (string)
 ECHO=FALSe {OFF}
 EVALUATE: symbol $OLD_ECHO set to FALSE (logical)
 ASSFIL: file protein_break.top opened.
 %RTFRDR-ERR: duplicate (P-)RESIdue name DPEP
 %RTFRDR-ERR: duplicate (P-)RESIdue name DPPP
 RTFRDR> 
 RTFRDR>end 
 CNSsolve> 
 CNSsolve>! Reset output muting 
 CNSsolve>set message=off echo=off end 
FOUND 5 NAG:ASN pairs
NAG:ASN bond added from   B    901  to   B    53  
NAG:ASN bond added from   B    903  to   B    90  
NAG:ASN bond added from   B    908  to   B    432 
NAG:ASN bond added from   B    910  to   B    546 
NAG:ASN bond added from   E    1401 to   E    343 
FOUND 6 NAG:NAG pairs
NAG:NAG B14 bond added from   B    902  to   B    901 
NAG:NAG B14 bond added from   B    904  to   B    903 
NAG:NAG B14 bond added from   B    909  to   B    908 
NAG:NAG B14 bond added from   B    911  to   B    910 
NAG:NAG B14 bond added from   E    1402 to   E    1401
NAG:NAG B14 bond added from   E    1403 to   E    1402
 %PARRDR-info: duplication of bond HC   NC2 
 %PARRDR-info: duplication of angle CH2E C    NH1 
 %PARRDR-info: duplication of angle CH2P CH2E HA  
 POWELL: number of degrees of freedom= 13728
 NBONDS: generating intra-molecular exclusion list with mode=-2
 MAKINB: mode  -2 found   4576 exclusions and      0 interactions(1-4)
 %atoms "B   -41  -TYR -HB1 " and "B   -41  -TYR -HD2 " only  0.09 A apart
 %atoms "B   -62  -MET -HG2 " and "B   -62  -MET -HE1 " only  0.03 A apart
 %atoms "B   -162 -LEU -HA  " and "B   -162 -LEU -CB  " only  0.07 A apart
 %atoms "B   -231 -LYS -HG1 " and "B   -231 -LYS -HG2 " only  0.06 A apart
 %atoms "B   -473 -TRP -HE3 " and "B   -473 -TRP -HH2 " only  0.10 A apart
 %atoms "B   -481 -LYS -HB1 " and "B   -481 -LYS -HE1 " only  0.01 A apart
 %atoms "B   -504 -PHE -HD1 " and "B   -504 -PHE -HD2 " only  0.06 A apart
 %atoms "B   -577 -ARG -HA  " and "B   -577 -ARG -HG2 " only  0.09 A apart
 %atoms "E   -362 -VAL -CB  " and "E   -362 -VAL -HG21" only  0.10 A apart
 %atoms "E   -365 -TYR -CD1 " and "E   -365 -TYR -HD2 " only  0.06 A apart
 %atoms "E   -402 -ILE -HB  " and "E   -402 -ILE -HG12" only  0.05 A apart
 %atoms "E   -508 -TYR -CG  " and "E   -508 -TYR -HE2 " only  0.03 A apart
 NBONDS: found   691518 intra-atom interactions
 NBONDS: found       12 nonbonded violations
 %atoms "B   -477 -TRP -HA  " and "B   -477 -TRP -CG  " only  0.09 A apart
 %atoms "E   -365 -TYR -HA  " and "E   -365 -TYR -HE2 " only  0.05 A apart
 NBONDS: found   691876 intra-atom interactions
 NBONDS: found        2 nonbonded violations
 NBONDS: found   688749 intra-atom interactions
 %atoms "B   -68  -LYS -HD1 " and "B   -68  -LYS -HE2 " only  0.03 A apart
 NBONDS: found   686390 intra-atom interactions
 NBONDS: found        1 nonbonded violations
 NBONDS: found   684980 intra-atom interactions
 --------------- cycle=    10 ------ stepsize=   -0.0000 -----------------------
 | Etotal =0.34E+07   grad(E)=584.292    E(BOND)=536530.338 E(ANGL)=0.16E+07   |
 | E(VDW )=0.13E+07                                                            |
 -------------------------------------------------------------------------------
 NBONDS: found   685499 intra-atom interactions
 NBONDS: found   686052 intra-atom interactions
 NBONDS: found   686165 intra-atom interactions
 NBONDS: found   686278 intra-atom interactions
 --------------- cycle=    20 ------ stepsize=    0.0000 -----------------------
 | Etotal =0.13E+07   grad(E)=306.432    E(BOND)=232460.013 E(ANGL)=523659.826 |
 | E(VDW )=515954.709                                                          |
 -------------------------------------------------------------------------------
 NBONDS: found   686208 intra-atom interactions
 NBONDS: found   686048 intra-atom interactions
 NBONDS: found   685987 intra-atom interactions
 --------------- cycle=    30 ------ stepsize=    0.0000 -----------------------
 | Etotal =0.10E+07   grad(E)=248.230    E(BOND)=189509.243 E(ANGL)=374022.800 |
 | E(VDW )=438118.781                                                          |
 -------------------------------------------------------------------------------
 NBONDS: found   686134 intra-atom interactions
 NBONDS: found   686189 intra-atom interactions
 --------------- cycle=    40 ------ stepsize=   -0.0000 -----------------------
 | Etotal =944203.366 grad(E)=237.310    E(BOND)=183913.052 E(ANGL)=343230.023 |
 | E(VDW )=417060.291                                                          |
 -------------------------------------------------------------------------------
 NBONDS: found   686194 intra-atom interactions
 NBONDS: found   686088 intra-atom interactions
 --------------- cycle=    50 ------ stepsize=    0.0000 -----------------------
 | Etotal =924769.362 grad(E)=233.154    E(BOND)=181728.187 E(ANGL)=332193.063 |
 | E(VDW )=410848.113                                                          |
 -------------------------------------------------------------------------------
 POWELL: STEP number limit. Normal termination
 POWELL: Current coordinates set to last minimum
 DCART: temperature coupling (TCOUpling) enabled
 -------------------------- Cartesian dynamics start ---------------------------
 | E(kin)+E(total)=0.35E+07        E(kin)=4176.326      temperature=306.181    |
 | Etotal =0.35E+07   grad(E)=602.806    E(BOND)=181728.187 E(ANGL)=332193.063 |
 | E(IMPR)=0.30E+07                                                            |
 -------------------------------------------------------------------------------
 ----------------- final step=       50 at      0.02500 ps ---------------------
 | E(kin)+E(total)=0.22E+07        E(kin)=451306.078    temperature=33086.764  |
 | Etotal =0.18E+07   grad(E)=324.209    E(BOND)=203587.001 E(ANGL)=797747.346 |
 | E(IMPR)=784757.740                                                          |
 -------------------------------------------------------------------------------
 CENMAS: Information about center of free masses
         position [A]          :     -0.67751      0.10194     -0.28668
         velocity [A/ps]       :     -0.10312     -0.97301     -1.06921
         ang. mom. [amu A/ps]  :-635309.63075-750659.92886 418067.34143
         kin. ener. [Kcal/mol] :    229.73955
 POWELL: number of degrees of freedom= 13728
 NBONDS: found   684139 intra-atom interactions
 NBONDS: found   683223 intra-atom interactions
 NBONDS: found   683563 intra-atom interactions
 NBONDS: found   684567 intra-atom interactions
 --------------- cycle=    10 ------ stepsize=   -0.0001 -----------------------
 | Etotal =0.19E+07   grad(E)=272.773    E(BOND)=242025.055 E(ANGL)=452420.214 |
 | E(IMPR)=714422.410 E(VDW )=485154.187                                       |
 -------------------------------------------------------------------------------
 NBONDS: found   684896 intra-atom interactions
 NBONDS: found   685264 intra-atom interactions
 NBONDS: found   685053 intra-atom interactions
 NBONDS: found   685196 intra-atom interactions
 NBONDS: found   685298 intra-atom interactions
 --------------- cycle=    20 ------ stepsize=   -0.0000 -----------------------
 | Etotal =0.13E+07   grad(E)=140.596    E(BOND)=170824.658 E(ANGL)=170874.384 |
 | E(IMPR)=605667.566 E(VDW )=361590.991                                       |
 -------------------------------------------------------------------------------
 NBONDS: found   685384 intra-atom interactions
 NBONDS: found   685268 intra-atom interactions
 --------------- cycle=    30 ------ stepsize=   -0.0000 -----------------------
 | Etotal =0.12E+07   grad(E)=114.124    E(BOND)=164123.223 E(ANGL)=142783.644 |
 | E(IMPR)=599266.235 E(VDW )=337615.462                                       |
 -------------------------------------------------------------------------------
 NBONDS: found   685315 intra-atom interactions
 NBONDS: found   685227 intra-atom interactions
 --------------- cycle=    40 ------ stepsize=   -0.0000 -----------------------
 | Etotal =0.12E+07   grad(E)=114.353    E(BOND)=164462.373 E(ANGL)=139396.720 |
 | E(IMPR)=587001.732 E(VDW )=330879.771                                       |
 -------------------------------------------------------------------------------
 NBONDS: found   685239 intra-atom interactions
 NBONDS: found   685334 intra-atom interactions
 NBONDS: found   685314 intra-atom interactions
 --------------- cycle=    50 ------ stepsize=    0.0000 -----------------------
 | Etotal =0.12E+07   grad(E)=112.069    E(BOND)=164141.867 E(ANGL)=136540.823 |
 | E(IMPR)=577558.598 E(VDW )=328998.024                                       |
 -------------------------------------------------------------------------------
 POWELL: STEP number limit. Normal termination
 POWELL: Current coordinates set to last minimum
 DCART: temperature coupling (TCOUpling) enabled
 -------------------------- Cartesian dynamics start ---------------------------
 | E(kin)+E(total)=0.12E+07        E(kin)=4111.797      temperature=301.450    |
 | Etotal =0.12E+07   grad(E)=112.069    E(BOND)=164141.867 E(ANGL)=136540.823 |
 | E(IMPR)=577558.598 E(VDW )=328998.024                                       |
 -------------------------------------------------------------------------------
 NBONDS: found   685361 intra-atom interactions
 NBONDS: found   685393 intra-atom interactions
 ----------------- final step=       50 at      0.02500 ps ---------------------
 | E(kin)+E(total)=0.12E+07        E(kin)=8942.371      temperature=655.595    |
 | Etotal =0.12E+07   grad(E)=116.088    E(BOND)=167311.685 E(ANGL)=133537.302 |
 | E(IMPR)=567616.173 E(VDW )=328223.498                                       |
 -------------------------------------------------------------------------------
 CENMAS: Information about center of free masses
         position [A]          :     -0.67645      0.09232     -0.27440
         velocity [A/ps]       :      0.10166      0.02768      0.03603
         ang. mom. [amu A/ps]  :-126479.32289  35412.45856 -61702.18945
         kin. ener. [Kcal/mol] :      1.35597
 %PARRDR-info: duplication of bond HC   NC2 
 %PARRDR-info: duplication of angle CH2E C    NH1 
 %PARRDR-info: duplication of angle CH2P CH2E HA  
 POWELL: number of degrees of freedom= 13728
 NBONDS: generating intra-molecular exclusion list with mode=-3
 MAKINB: mode  -3 found  15634 exclusions and      0 interactions(1-4)
 NBONDS: found   674359 intra-atom interactions
 NBONDS: found   676170 intra-atom interactions
 NBONDS: found   676208 intra-atom interactions
 NBONDS: found   676236 intra-atom interactions
 NBONDS: found   676430 intra-atom interactions
 NBONDS: found   676692 intra-atom interactions
 --------------- cycle=    25 ------ stepsize=   -0.0001 -----------------------
 | Etotal =374353.111 grad(E)=162.975    E(BOND)=66064.371  E(ANGL)=179651.615 |
 | E(IMPR)=125998.450 E(VDW )=2638.674                                         |
 -------------------------------------------------------------------------------
 NBONDS: found   676817 intra-atom interactions
 NBONDS: found   676882 intra-atom interactions
 NBONDS: found   676558 intra-atom interactions
 NBONDS: found   676622 intra-atom interactions
 NBONDS: found   676591 intra-atom interactions
 NBONDS: found   676557 intra-atom interactions
 NBONDS: found   676599 intra-atom interactions
 --------------- cycle=    50 ------ stepsize=    0.0006 -----------------------
 | Etotal =52844.360  grad(E)=46.931     E(BOND)=2951.064   E(ANGL)=33681.691  |
 | E(IMPR)=15262.808  E(VDW )=948.798                                          |
 -------------------------------------------------------------------------------
 NBONDS: found   676623 intra-atom interactions
 NBONDS: found   676547 intra-atom interactions
 NBONDS: found   676592 intra-atom interactions
 NBONDS: found   676566 intra-atom interactions
 --------------- cycle=    75 ------ stepsize=    0.0000 -----------------------
 | Etotal =4460.457   grad(E)=21.097     E(BOND)=225.627    E(ANGL)=3428.232   |
 | E(IMPR)=157.831    E(VDW )=648.767                                          |
 -------------------------------------------------------------------------------
 --------------- cycle=   100 ------ stepsize=   -0.0001 -----------------------
 | Etotal =1791.701   grad(E)=9.929      E(BOND)=22.416     E(ANGL)=1129.524   |
 | E(IMPR)=41.502     E(VDW )=598.259                                          |
 -------------------------------------------------------------------------------
 POWELL: STEP number limit. Normal termination
 POWELL: Current coordinates set to last minimum
 DCART: temperature coupling (TCOUpling) enabled
 -------------------------- Cartesian dynamics start ---------------------------
 | E(kin)+E(total)=5827.425        E(kin)=4035.723      temperature=295.872    |
 | Etotal =1791.701   grad(E)=9.929      E(BOND)=22.416     E(ANGL)=1129.524   |
 | E(IMPR)=41.502     E(VDW )=598.259                                          |
 -------------------------------------------------------------------------------
 NBONDS: found   676659 intra-atom interactions
 NBONDS: found   676498 intra-atom interactions
 NBONDS: found   676453 intra-atom interactions
 NBONDS: found   676607 intra-atom interactions
 ----------------- final step=      500 at      0.25000 ps ---------------------
 | E(kin)+E(total)=9191.135        E(kin)=4594.428      temperature=336.833    |
 | Etotal =4596.707   grad(E)=26.310     E(BOND)=709.179    E(ANGL)=2864.614   |
 | E(IMPR)=288.146    E(VDW )=734.768                                          |
 -------------------------------------------------------------------------------
 CENMAS: Information about center of free masses
         position [A]          :     -0.67904      0.09079     -0.27293
         velocity [A/ps]       :      0.08638     -0.05621      0.05662
         ang. mom. [amu A/ps]  :  57362.85740 -38289.40117  13274.98654
         kin. ener. [Kcal/mol] :      1.51218
 EFLAGS: the following energy flags are set
 EFLAGS: BOND ANGL DIHE IMPR VDW 
 %PARRDR-info: duplication of bond HC   NC2 
 %PARRDR-info: duplication of angle CH2E C    NH1 
 %PARRDR-info: duplication of angle CH2P CH2E HA  
 POWELL: number of degrees of freedom= 13728
 NBONDS: generating intra-molecular exclusion list with mode=-3
 MAKINB: mode  -3 found  15634 exclusions and      0 interactions(1-4)
 NBONDS: found   676666 intra-atom interactions
 NBONDS: found   676395 intra-atom interactions
 --------------- cycle=    50 ------ stepsize=    0.0010 -----------------------
 | Etotal =14494.258  grad(E)=15.808     E(BOND)=247.219    E(ANGL)=1856.478   |
 | E(DIHE)=215.197    E(IMPR)=87.485     E(VDW )=12087.880                     |
 -------------------------------------------------------------------------------
 NBONDS: found   676415 intra-atom interactions
 --------------- cycle=   100 ------ stepsize=    0.0007 -----------------------
 | Etotal =14117.319  grad(E)=15.729     E(BOND)=242.152    E(ANGL)=1865.316   |
 | E(DIHE)=181.473    E(IMPR)=99.376     E(VDW )=11729.002                     |
 -------------------------------------------------------------------------------
 --------------- cycle=   150 ------ stepsize=    0.0011 -----------------------
 | Etotal =14050.699  grad(E)=15.725     E(BOND)=243.887    E(ANGL)=1859.198   |
 | E(DIHE)=172.827    E(IMPR)=90.647     E(VDW )=11684.141                     |
 -------------------------------------------------------------------------------
 NBONDS: found   676374 intra-atom interactions
 --------------- cycle=   200 ------ stepsize=    0.0010 -----------------------
 | Etotal =14038.052  grad(E)=15.690     E(BOND)=243.752    E(ANGL)=1857.847   |
 | E(DIHE)=169.873    E(IMPR)=89.937     E(VDW )=11676.642                     |
 -------------------------------------------------------------------------------
 --------------- cycle=   250 ------ stepsize=    0.0009 -----------------------
 | Etotal =14035.853  grad(E)=15.701     E(BOND)=243.810    E(ANGL)=1856.911   |
 | E(DIHE)=170.719    E(IMPR)=90.863     E(VDW )=11673.550                     |
 -------------------------------------------------------------------------------
 --------------- cycle=   300 ------ stepsize=    0.0010 -----------------------
 | Etotal =14035.745  grad(E)=15.699     E(BOND)=243.822    E(ANGL)=1856.761   |
 | E(DIHE)=170.672    E(IMPR)=90.841     E(VDW )=11673.648                     |
 -------------------------------------------------------------------------------
 --------------- cycle=   350 ------ stepsize=    0.0009 -----------------------
 | Etotal =14035.681  grad(E)=15.701     E(BOND)=243.878    E(ANGL)=1856.462   |
 | E(DIHE)=170.814    E(IMPR)=90.830     E(VDW )=11673.697                     |
 -------------------------------------------------------------------------------
 --------------- cycle=   400 ------ stepsize=    0.0009 -----------------------
 | Etotal =14035.670  grad(E)=15.700     E(BOND)=243.860    E(ANGL)=1856.515   |
 | E(DIHE)=170.808    E(IMPR)=90.818     E(VDW )=11673.669                     |
 -------------------------------------------------------------------------------
 --------------- cycle=   450 ------ stepsize=    0.0009 -----------------------
 | Etotal =14035.670  grad(E)=15.700     E(BOND)=243.856    E(ANGL)=1856.517   |
 | E(DIHE)=170.807    E(IMPR)=90.819     E(VDW )=11673.671                     |
 -------------------------------------------------------------------------------
 --------------- cycle=   500 ------ stepsize=    0.0009 -----------------------
 | Etotal =14035.670  grad(E)=15.700     E(BOND)=243.855    E(ANGL)=1856.515   |
 | E(DIHE)=170.808    E(IMPR)=90.820     E(VDW )=11673.672                     |
 -------------------------------------------------------------------------------
 POWELL: STEP number limit. Normal termination
 POWELL: Current coordinates set to last minimum
 DCART: temperature coupling (TCOUpling) enabled
 -------------------------- Cartesian dynamics start ---------------------------
 | E(kin)+E(total)=18075.502       E(kin)=4039.832      temperature=296.174    |
 | Etotal =14035.670  grad(E)=15.700     E(BOND)=243.855    E(ANGL)=1856.515   |
 | E(DIHE)=170.808    E(IMPR)=90.820     E(VDW )=11673.672                     |
 -------------------------------------------------------------------------------
 NBONDS: found   676412 intra-atom interactions
 NBONDS: found   676432 intra-atom interactions
 NBONDS: found   676493 intra-atom interactions
 NBONDS: found   676516 intra-atom interactions
 NBONDS: found   676364 intra-atom interactions
 NBONDS: found   676423 intra-atom interactions
 NBONDS: found   676564 intra-atom interactions
 NBONDS: found   676294 intra-atom interactions
 NBONDS: found   676405 intra-atom interactions
 NBONDS: found   676465 intra-atom interactions
 NBONDS: found   676376 intra-atom interactions
 NBONDS: found   676398 intra-atom interactions
 NBONDS: found   676503 intra-atom interactions
 NBONDS: found   676446 intra-atom interactions
 NBONDS: found   676372 intra-atom interactions
 NBONDS: found   676409 intra-atom interactions
 ----------------- final step=      500 at      0.25000 ps ---------------------
 | E(kin)+E(total)=22253.837       E(kin)=4216.746      temperature=309.144    |
 | Etotal =18037.090  grad(E)=32.993     E(BOND)=1332.006   E(ANGL)=4130.488   |
 | E(DIHE)=182.795    E(IMPR)=435.261    E(VDW )=11956.541                     |
 -------------------------------------------------------------------------------
 CENMAS: Information about center of free masses
         position [A]          :     -0.67942      0.09113     -0.27279
         velocity [A/ps]       :      0.05578      0.13658      0.08739
         ang. mom. [amu A/ps]  : -14832.81398 -21827.27487 -21094.56352
         kin. ener. [Kcal/mol] :      0.16208
 POWELL: number of degrees of freedom= 13728
 --------------- cycle=    50 ------ stepsize=    0.0011 -----------------------
 | Etotal =14039.681  grad(E)=15.717     E(BOND)=243.567    E(ANGL)=1856.626   |
 | E(DIHE)=172.760    E(IMPR)=90.689     E(VDW )=11676.039                     |
 -------------------------------------------------------------------------------
 --------------- cycle=   100 ------ stepsize=    0.0009 -----------------------
 | Etotal =14031.165  grad(E)=15.701     E(BOND)=243.823    E(ANGL)=1856.468   |
 | E(DIHE)=172.352    E(IMPR)=91.003     E(VDW )=11667.519                     |
 -------------------------------------------------------------------------------
 --------------- cycle=   150 ------ stepsize=    0.0013 -----------------------
 | Etotal =14030.217  grad(E)=15.706     E(BOND)=243.939    E(ANGL)=1855.976   |
 | E(DIHE)=171.995    E(IMPR)=91.157     E(VDW )=11667.149                     |
 -------------------------------------------------------------------------------
 --------------- cycle=   200 ------ stepsize=    0.0011 -----------------------
 | Etotal =14029.850  grad(E)=15.703     E(BOND)=243.907    E(ANGL)=1855.886   |
 | E(DIHE)=171.919    E(IMPR)=91.179     E(VDW )=11666.960                     |
 -------------------------------------------------------------------------------
 --------------- cycle=   250 ------ stepsize=    0.0013 -----------------------
 | Etotal =14029.772  grad(E)=15.704     E(BOND)=243.962    E(ANGL)=1855.602   |
 | E(DIHE)=171.859    E(IMPR)=91.071     E(VDW )=11667.278                     |
 -------------------------------------------------------------------------------
 --------------- cycle=   300 ------ stepsize=    0.0009 -----------------------
 | Etotal =14029.756  grad(E)=15.703     E(BOND)=243.952    E(ANGL)=1855.541   |
 | E(DIHE)=171.892    E(IMPR)=91.048     E(VDW )=11667.323                     |
 -------------------------------------------------------------------------------
 --------------- cycle=   350 ------ stepsize=    0.0009 -----------------------
 | Etotal =14029.755  grad(E)=15.703     E(BOND)=243.947    E(ANGL)=1855.542   |
 | E(DIHE)=171.914    E(IMPR)=91.051     E(VDW )=11667.302                     |
 -------------------------------------------------------------------------------
 --------------- cycle=   400 ------ stepsize=    0.0009 -----------------------
 | Etotal =14029.755  grad(E)=15.703     E(BOND)=243.945    E(ANGL)=1855.533   |
 | E(DIHE)=171.925    E(IMPR)=91.055     E(VDW )=11667.297                     |
 -------------------------------------------------------------------------------
 POWELL: Gradient converged. Normal termination
 POWELL: Current coordinates set to last minimum
 POWELL: number of degrees of freedom= 18264
 NBONDS: found   676306 intra-atom interactions
 NBONDS: found   676193 intra-atom interactions
 NBONDS: found   676296 intra-atom interactions
 --------------- cycle=     5 ------ stepsize=    0.0006 -----------------------
 | Etotal =13805.391  grad(E)=15.700     E(BOND)=243.058    E(ANGL)=1852.549   |
 | E(DIHE)=171.898    E(IMPR)=90.587     E(VDW )=11447.299                     |
 -------------------------------------------------------------------------------
 --------------- cycle=    10 ------ stepsize=    0.0010 -----------------------
 | Etotal =13801.873  grad(E)=15.695     E(BOND)=242.959    E(ANGL)=1853.067   |
 | E(DIHE)=171.869    E(IMPR)=90.554     E(VDW )=11443.423                     |
 -------------------------------------------------------------------------------
 --------------- cycle=    15 ------ stepsize=   -0.0000 -----------------------
 | Etotal =13800.106  grad(E)=15.691     E(BOND)=242.749    E(ANGL)=1852.531   |
 | E(DIHE)=171.861    E(IMPR)=90.499     E(VDW )=11442.466                     |
 -------------------------------------------------------------------------------
 --------------- cycle=    20 ------ stepsize=    0.0007 -----------------------
 | Etotal =13799.452  grad(E)=15.686     E(BOND)=242.833    E(ANGL)=1852.020   |
 | E(DIHE)=171.824    E(IMPR)=90.597     E(VDW )=11442.178                     |
 -------------------------------------------------------------------------------
 --------------- cycle=    25 ------ stepsize=    0.0006 -----------------------
 | Etotal =13799.230  grad(E)=15.685     E(BOND)=242.636    E(ANGL)=1852.475   |
 | E(DIHE)=171.797    E(IMPR)=90.955     E(VDW )=11441.367                     |
 -------------------------------------------------------------------------------
 --------------- cycle=    30 ------ stepsize=    0.0008 -----------------------
 | Etotal =13798.957  grad(E)=15.689     E(BOND)=242.798    E(ANGL)=1852.390   |
 | E(DIHE)=171.794    E(IMPR)=90.515     E(VDW )=11441.460                     |
 -------------------------------------------------------------------------------
 --------------- cycle=    35 ------ stepsize=   -0.0003 -----------------------
 | Etotal =13798.898  grad(E)=15.687     E(BOND)=242.754    E(ANGL)=1852.232   |
 | E(DIHE)=171.792    E(IMPR)=90.555     E(VDW )=11441.565                     |
 -------------------------------------------------------------------------------
 --------------- cycle=    40 ------ stepsize=    0.0010 -----------------------
 | Etotal =13798.772  grad(E)=15.690     E(BOND)=242.819    E(ANGL)=1852.369   |
 | E(DIHE)=171.819    E(IMPR)=90.476     E(VDW )=11441.289                     |
 -------------------------------------------------------------------------------
 --------------- cycle=    45 ------ stepsize=    0.0001 -----------------------
 | Etotal =13798.749  grad(E)=15.689     E(BOND)=242.788    E(ANGL)=1852.357   |
 | E(DIHE)=171.821    E(IMPR)=90.496     E(VDW )=11441.287                     |
 -------------------------------------------------------------------------------
 --------------- cycle=    50 ------ stepsize=    0.0012 -----------------------
 | Etotal =13798.725  grad(E)=15.688     E(BOND)=242.725    E(ANGL)=1852.313   |
 | E(DIHE)=171.841    E(IMPR)=90.552     E(VDW )=11441.294                     |
 -------------------------------------------------------------------------------
 POWELL: STEP number limit. Normal termination
 POWELL: Current coordinates set to last minimum
 %PARRDR-info: duplication of bond HC   NC2 
 %PARRDR-info: duplication of angle CH2E C    NH1 
 %PARRDR-info: duplication of angle CH2P CH2E HA  
 POWELL: number of degrees of freedom= 18264
 NBONDS: generating intra-molecular exclusion list with mode= 5
 MAKINB: mode   5 found  17659 exclusions and  17765 interactions(1-4)
 NBONDS: found   894758 intra-atom interactions
 NBONDS: found   894783 intra-atom interactions
 --------------- cycle=    50 ------ stepsize=    0.0009 -----------------------
 | Etotal =743.049    grad(E)=9.922      E(BOND)=27.622     E(ANGL)=1115.006   |
 | E(DIHE)=61.474     E(IMPR)=42.431     E(VDW )=-505.034   E(ELEC)=1.550      |
 -------------------------------------------------------------------------------
 POWELL: STEP number limit. Normal termination
 POWELL: Current coordinates set to last minimum
 --------------- cycle=     1 --------------------------------------------------
 | Etotal =743.049    grad(E)=9.922      E(BOND)=27.622     E(ANGL)=1115.006   |
 | E(DIHE)=61.474     E(IMPR)=42.431     E(VDW )=-505.034   E(ELEC)=1.550      |
 -------------------------------------------------------------------------------
 SURFAC: half the sigma value being used for atomic radii.
 SURFAC: ACCEssible surface area
 SURFAC: ACCUracy= 0.07 RH2O=  1.40
         Z-grid=  0.32 number-of-Z-sections=  214
         measures-of-arc= 93678 and150467
 SURFAC: half the sigma value being used for atomic radii.
 SURFAC: ACCEssible surface area
 SURFAC: ACCUracy= 0.07 RH2O=  1.40
         Z-grid=  0.32 number-of-Z-sections=  137
         measures-of-arc= 25923 and 46343
 SURFAC: half the sigma value being used for atomic radii.
 SURFAC: ACCEssible surface area
 SURFAC: ACCUracy= 0.07 RH2O=  1.40
         Z-grid=  0.32 number-of-Z-sections=  214
         measures-of-arc=121225 and197278
 %PARRDR-info: duplication of bond HC   NC2 
 %PARRDR-info: duplication of angle CH2E C    NH1 
 %PARRDR-info: duplication of angle CH2P CH2E HA  
 NBONDS: generating intra-molecular exclusion list with mode= 5
 MAKINB: mode   5 found      5 exclusions and     10 interactions(1-4)
 NBONDS: found     2875 intra-atom interactions
 --------------- cycle=     2 --------------------------------------------------
 | Etotal =-53.030    grad(E)=0.184      E(VDW )=-6.503     E(ELEC)=-46.527    |
 -------------------------------------------------------------------------------
 NBONDS: generating intra-molecular exclusion list with mode= 5
 MAKINB: mode   5 found     10 exclusions and     20 interactions(1-4)
 NBONDS: found     2261 intra-atom interactions
 --------------- cycle=     3 --------------------------------------------------
 | Etotal =-81.379    grad(E)=0.248      E(VDW )=-10.770    E(ELEC)=-70.609    |
 -------------------------------------------------------------------------------
 NBONDS: generating intra-molecular exclusion list with mode= 5
 MAKINB: mode   5 found     10 exclusions and     20 interactions(1-4)
 NBONDS: found     4411 intra-atom interactions
 --------------- cycle=     4 --------------------------------------------------
 | Etotal =-93.953    grad(E)=0.286      E(VDW )=-12.345    E(ELEC)=-81.608    |
 -------------------------------------------------------------------------------
 NBONDS: generating intra-molecular exclusion list with mode= 5
 MAKINB: mode   5 found     10 exclusions and     20 interactions(1-4)
 NBONDS: found     2838 intra-atom interactions
 --------------- cycle=     5 --------------------------------------------------
 | Etotal =-100.316   grad(E)=0.194      E(VDW )=-8.513     E(ELEC)=-91.803    |
 -------------------------------------------------------------------------------
 NBONDS: generating intra-molecular exclusion list with mode= 5
 MAKINB: mode   5 found     10 exclusions and     20 interactions(1-4)
 NBONDS: found     3341 intra-atom interactions
 --------------- cycle=     6 --------------------------------------------------
 | Etotal =-114.568   grad(E)=0.313      E(VDW )=-10.669    E(ELEC)=-103.899   |
 -------------------------------------------------------------------------------
 NBONDS: generating intra-molecular exclusion list with mode= 5
 MAKINB: mode   5 found     10 exclusions and     20 interactions(1-4)
 NBONDS: found     2953 intra-atom interactions
 --------------- cycle=     7 --------------------------------------------------
 | Etotal =-95.135    grad(E)=0.196      E(VDW )=-10.109    E(ELEC)=-85.026    |
 -------------------------------------------------------------------------------
 NBONDS: generating intra-molecular exclusion list with mode= 5
 MAKINB: mode   5 found     10 exclusions and     20 interactions(1-4)
 NBONDS: found     5548 intra-atom interactions
 --------------- cycle=     8 --------------------------------------------------
 | Etotal =-95.607    grad(E)=0.189      E(VDW )=-17.535    E(ELEC)=-78.072    |
 -------------------------------------------------------------------------------
 NBONDS: generating intra-molecular exclusion list with mode= 5
 MAKINB: mode   5 found     10 exclusions and     20 interactions(1-4)
 NBONDS: found     5310 intra-atom interactions
 --------------- cycle=     9 --------------------------------------------------
 | Etotal =-97.641    grad(E)=0.217      E(VDW )=-12.269    E(ELEC)=-85.372    |
 -------------------------------------------------------------------------------
 NBONDS: generating intra-molecular exclusion list with mode= 5
 MAKINB: mode   5 found     10 exclusions and     20 interactions(1-4)
 NBONDS: found     3446 intra-atom interactions
 --------------- cycle=    10 --------------------------------------------------
 | Etotal =-120.401   grad(E)=0.346      E(VDW )=-10.458    E(ELEC)=-109.943   |
 -------------------------------------------------------------------------------
 NBONDS: generating intra-molecular exclusion list with mode= 5
 MAKINB: mode   5 found     10 exclusions and     20 interactions(1-4)
 NBONDS: found     5450 intra-atom interactions
 --------------- cycle=    11 --------------------------------------------------
 | Etotal =-199.469   grad(E)=0.449      E(VDW )=-12.547    E(ELEC)=-186.923   |
 -------------------------------------------------------------------------------
 NBONDS: generating intra-molecular exclusion list with mode= 5
 MAKINB: mode   5 found     10 exclusions and     20 interactions(1-4)
 NBONDS: found     5450 intra-atom interactions
 --------------- cycle=    12 --------------------------------------------------
 | Etotal =-100.815   grad(E)=0.225      E(VDW )=-14.308    E(ELEC)=-86.507    |
 -------------------------------------------------------------------------------
 NBONDS: generating intra-molecular exclusion list with mode= 5
 MAKINB: mode   5 found     10 exclusions and     20 interactions(1-4)
 NBONDS: found     3515 intra-atom interactions
 --------------- cycle=    13 --------------------------------------------------
 | Etotal =-96.004    grad(E)=0.217      E(VDW )=-12.833    E(ELEC)=-83.172    |
 -------------------------------------------------------------------------------
 NBONDS: generating intra-molecular exclusion list with mode= 5
 MAKINB: mode   5 found     10 exclusions and     20 interactions(1-4)
 NBONDS: found     4263 intra-atom interactions
 --------------- cycle=    14 --------------------------------------------------
 | Etotal =-94.774    grad(E)=0.200      E(VDW )=-13.609    E(ELEC)=-81.166    |
 -------------------------------------------------------------------------------
 NBONDS: generating intra-molecular exclusion list with mode= 5
 MAKINB: mode   5 found     10 exclusions and     20 interactions(1-4)
 NBONDS: found     3381 intra-atom interactions
 --------------- cycle=    15 --------------------------------------------------
 | Etotal =-163.683   grad(E)=0.499      E(VDW )=-9.383     E(ELEC)=-154.300   |
 -------------------------------------------------------------------------------
 NBONDS: generating intra-molecular exclusion list with mode= 5
 MAKINB: mode   5 found     10 exclusions and     20 interactions(1-4)
 NBONDS: found     3917 intra-atom interactions
 --------------- cycle=    16 --------------------------------------------------
 | Etotal =-209.413   grad(E)=0.614      E(VDW )=-12.870    E(ELEC)=-196.543   |
 -------------------------------------------------------------------------------
 NBONDS: generating intra-molecular exclusion list with mode= 5
 MAKINB: mode   5 found     10 exclusions and     20 interactions(1-4)
 NBONDS: found     2888 intra-atom interactions
 --------------- cycle=    17 --------------------------------------------------
 | Etotal =-100.180   grad(E)=0.405      E(VDW )=-11.390    E(ELEC)=-88.790    |
 -------------------------------------------------------------------------------
 NBONDS: generating intra-molecular exclusion list with mode= 5
 MAKINB: mode   5 found     10 exclusions and     20 interactions(1-4)
 NBONDS: found     4152 intra-atom interactions
 --------------- cycle=    18 --------------------------------------------------
 | Etotal =-97.248    grad(E)=0.202      E(VDW )=-15.642    E(ELEC)=-81.606    |
 -------------------------------------------------------------------------------
 NBONDS: generating intra-molecular exclusion list with mode= 5
 MAKINB: mode   5 found     10 exclusions and     20 interactions(1-4)
 NBONDS: found     5573 intra-atom interactions
 --------------- cycle=    19 --------------------------------------------------
 | Etotal =-110.767   grad(E)=0.269      E(VDW )=-22.500    E(ELEC)=-88.267    |
 -------------------------------------------------------------------------------
 NBONDS: generating intra-molecular exclusion list with mode= 5
 MAKINB: mode   5 found     10 exclusions and     20 interactions(1-4)
 NBONDS: found     3767 intra-atom interactions
 --------------- cycle=    20 --------------------------------------------------
 | Etotal =-86.416    grad(E)=0.245      E(VDW )=-12.905    E(ELEC)=-73.511    |
 -------------------------------------------------------------------------------
 NBONDS: generating intra-molecular exclusion list with mode= 5
 MAKINB: mode   5 found     10 exclusions and     20 interactions(1-4)
 NBONDS: found     4553 intra-atom interactions
 --------------- cycle=    21 --------------------------------------------------
 | Etotal =-91.443    grad(E)=0.213      E(VDW )=-13.124    E(ELEC)=-78.318    |
 -------------------------------------------------------------------------------
 NBONDS: generating intra-molecular exclusion list with mode= 5
 MAKINB: mode   5 found     10 exclusions and     20 interactions(1-4)
 NBONDS: found     3932 intra-atom interactions
 --------------- cycle=    22 --------------------------------------------------
 | Etotal =-92.906    grad(E)=0.198      E(VDW )=-9.935     E(ELEC)=-82.972    |
 -------------------------------------------------------------------------------
 NBONDS: generating intra-molecular exclusion list with mode= 5
 MAKINB: mode   5 found     10 exclusions and     20 interactions(1-4)
 NBONDS: found     2608 intra-atom interactions
 --------------- cycle=    23 --------------------------------------------------
 | Etotal =-94.719    grad(E)=0.250      E(VDW )=-6.752     E(ELEC)=-87.967    |
 -------------------------------------------------------------------------------
 NBONDS: generating intra-molecular exclusion list with mode= 5
 MAKINB: mode   5 found     10 exclusions and     20 interactions(1-4)
 NBONDS: found     2921 intra-atom interactions
 --------------- cycle=    24 --------------------------------------------------
 | Etotal =-108.921   grad(E)=0.295      E(VDW )=-13.333    E(ELEC)=-95.587    |
 -------------------------------------------------------------------------------
 NBONDS: generating intra-molecular exclusion list with mode= 5
 MAKINB: mode   5 found     10 exclusions and     20 interactions(1-4)
 NBONDS: found     1976 intra-atom interactions
 --------------- cycle=    25 --------------------------------------------------
 | Etotal =-85.178    grad(E)=0.167      E(VDW )=-6.875     E(ELEC)=-78.304    |
 -------------------------------------------------------------------------------
 NBONDS: generating intra-molecular exclusion list with mode= 5
 MAKINB: mode   5 found     10 exclusions and     20 interactions(1-4)
 NBONDS: found     4941 intra-atom interactions
 --------------- cycle=    26 --------------------------------------------------
 | Etotal =-88.473    grad(E)=0.154      E(VDW )=-17.621    E(ELEC)=-70.852    |
 -------------------------------------------------------------------------------
 NBONDS: generating intra-molecular exclusion list with mode= 5
 MAKINB: mode   5 found     10 exclusions and     20 interactions(1-4)
 NBONDS: found     4297 intra-atom interactions
 --------------- cycle=    27 --------------------------------------------------
 | Etotal =-79.452    grad(E)=0.153      E(VDW )=-15.352    E(ELEC)=-64.101    |
 -------------------------------------------------------------------------------
 NBONDS: generating intra-molecular exclusion list with mode= 5
 MAKINB: mode   5 found     10 exclusions and     23 interactions(1-4)
 NBONDS: found     2109 intra-atom interactions
 --------------- cycle=    28 --------------------------------------------------
 | Etotal =-61.178    grad(E)=0.213      E(VDW )=-0.331     E(ELEC)=-60.847    |
 -------------------------------------------------------------------------------
 NBONDS: generating intra-molecular exclusion list with mode= 5
 MAKINB: mode   5 found     10 exclusions and     23 interactions(1-4)
 NBONDS: found     1834 intra-atom interactions
 --------------- cycle=    29 --------------------------------------------------
 | Etotal =-63.720    grad(E)=0.222      E(VDW )=-0.420     E(ELEC)=-63.300    |
 -------------------------------------------------------------------------------
 NBONDS: generating intra-molecular exclusion list with mode= 5
 MAKINB: mode   5 found     10 exclusions and     20 interactions(1-4)
 NBONDS: found     1510 intra-atom interactions
 --------------- cycle=    30 --------------------------------------------------
 | Etotal =-81.669    grad(E)=0.328      E(VDW )=4.928      E(ELEC)=-86.597    |
 -------------------------------------------------------------------------------
 NBONDS: generating intra-molecular exclusion list with mode= 5
 MAKINB: mode   5 found     10 exclusions and     20 interactions(1-4)
 NBONDS: found     2634 intra-atom interactions
 --------------- cycle=    31 --------------------------------------------------
 | Etotal =-81.960    grad(E)=0.206      E(VDW )=-9.799     E(ELEC)=-72.160    |
 -------------------------------------------------------------------------------
 NBONDS: generating intra-molecular exclusion list with mode= 5
 MAKINB: mode   5 found     10 exclusions and     20 interactions(1-4)
 NBONDS: found     5174 intra-atom interactions
 --------------- cycle=    32 --------------------------------------------------
 | Etotal =-101.390   grad(E)=0.149      E(VDW )=-20.413    E(ELEC)=-80.978    |
 -------------------------------------------------------------------------------
 NBONDS: generating intra-molecular exclusion list with mode= 5
 MAKINB: mode   5 found     10 exclusions and     20 interactions(1-4)
 NBONDS: found     1911 intra-atom interactions
 --------------- cycle=    33 --------------------------------------------------
 | Etotal =-77.539    grad(E)=0.267      E(VDW )=-3.012     E(ELEC)=-74.528    |
 -------------------------------------------------------------------------------
 NBONDS: generating intra-molecular exclusion list with mode= 5
 MAKINB: mode   5 found     10 exclusions and     20 interactions(1-4)
 NBONDS: found     4922 intra-atom interactions
 --------------- cycle=    34 --------------------------------------------------
 | Etotal =-142.053   grad(E)=0.353      E(VDW )=-17.893    E(ELEC)=-124.160   |
 -------------------------------------------------------------------------------
 NBONDS: generating intra-molecular exclusion list with mode= 5
 MAKINB: mode   5 found     10 exclusions and     20 interactions(1-4)
 NBONDS: found     1887 intra-atom interactions
 --------------- cycle=    35 --------------------------------------------------
 | Etotal =-79.806    grad(E)=0.151      E(VDW )=-5.502     E(ELEC)=-74.304    |
 -------------------------------------------------------------------------------
 NBONDS: generating intra-molecular exclusion list with mode= 5
 MAKINB: mode   5 found     10 exclusions and     20 interactions(1-4)
 NBONDS: found     3400 intra-atom interactions
 --------------- cycle=    36 --------------------------------------------------
 | Etotal =-137.504   grad(E)=0.540      E(VDW )=-15.110    E(ELEC)=-122.393   |
 -------------------------------------------------------------------------------
 NBONDS: generating intra-molecular exclusion list with mode= 5
 MAKINB: mode   5 found     10 exclusions and     20 interactions(1-4)
 NBONDS: found     5396 intra-atom interactions
 --------------- cycle=    37 --------------------------------------------------
 | Etotal =-77.522    grad(E)=0.144      E(VDW )=-21.088    E(ELEC)=-56.433    |
 -------------------------------------------------------------------------------
 NBONDS: generating intra-molecular exclusion list with mode= 5
 MAKINB: mode   5 found     10 exclusions and     20 interactions(1-4)
 NBONDS: found     6538 intra-atom interactions
 --------------- cycle=    38 --------------------------------------------------
 | Etotal =-166.934   grad(E)=0.569      E(VDW )=-19.831    E(ELEC)=-147.103   |
 -------------------------------------------------------------------------------
 NBONDS: generating intra-molecular exclusion list with mode= 5
 MAKINB: mode   5 found     10 exclusions and     20 interactions(1-4)
 NBONDS: found     4309 intra-atom interactions
 --------------- cycle=    39 --------------------------------------------------
 | Etotal =-92.860    grad(E)=0.200      E(VDW )=-10.557    E(ELEC)=-82.302    |
 -------------------------------------------------------------------------------
 NBONDS: generating intra-molecular exclusion list with mode= 5
 MAKINB: mode   5 found     10 exclusions and     20 interactions(1-4)
 NBONDS: found     2471 intra-atom interactions
 --------------- cycle=    40 --------------------------------------------------
 | Etotal =-81.996    grad(E)=0.167      E(VDW )=-9.930     E(ELEC)=-72.066    |
 -------------------------------------------------------------------------------
 NBONDS: generating intra-molecular exclusion list with mode= 5
 MAKINB: mode   5 found     10 exclusions and     20 interactions(1-4)
 NBONDS: found     3237 intra-atom interactions
 --------------- cycle=    41 --------------------------------------------------
 | Etotal =-95.446    grad(E)=0.184      E(VDW )=-5.851     E(ELEC)=-89.594    |
 -------------------------------------------------------------------------------
 NBONDS: generating intra-molecular exclusion list with mode= 5
 MAKINB: mode   5 found     10 exclusions and     23 interactions(1-4)
 NBONDS: found     3658 intra-atom interactions
 --------------- cycle=    42 --------------------------------------------------
 | Etotal =-90.187    grad(E)=0.203      E(VDW )=-11.566    E(ELEC)=-78.621    |
 -------------------------------------------------------------------------------
 NBONDS: generating intra-molecular exclusion list with mode= 5
 MAKINB: mode   5 found     10 exclusions and     20 interactions(1-4)
 NBONDS: found     5891 intra-atom interactions
 --------------- cycle=    43 --------------------------------------------------
 | Etotal =-207.355   grad(E)=0.492      E(VDW )=-19.115    E(ELEC)=-188.239   |
 -------------------------------------------------------------------------------
 NBONDS: generating intra-molecular exclusion list with mode= 5
 MAKINB: mode   5 found     10 exclusions and     20 interactions(1-4)
 NBONDS: found     6297 intra-atom interactions
 --------------- cycle=    44 --------------------------------------------------
 | Etotal =-193.009   grad(E)=0.619      E(VDW )=-15.510    E(ELEC)=-177.499   |
 -------------------------------------------------------------------------------
 NBONDS: generating intra-molecular exclusion list with mode= 5
 MAKINB: mode   5 found     10 exclusions and     20 interactions(1-4)
 NBONDS: found     2604 intra-atom interactions
 --------------- cycle=    45 --------------------------------------------------
 | Etotal =-179.890   grad(E)=0.575      E(VDW )=-6.706     E(ELEC)=-173.184   |
 -------------------------------------------------------------------------------
 NBONDS: generating intra-molecular exclusion list with mode= 5
 MAKINB: mode   5 found     10 exclusions and     20 interactions(1-4)
 NBONDS: found     3923 intra-atom interactions
 --------------- cycle=    46 --------------------------------------------------
 | Etotal =-148.541   grad(E)=0.480      E(VDW )=-14.828    E(ELEC)=-133.713   |
 -------------------------------------------------------------------------------
 NBONDS: generating intra-molecular exclusion list with mode= 5
 MAKINB: mode   5 found     10 exclusions and     20 interactions(1-4)
 NBONDS: found     3412 intra-atom interactions
 --------------- cycle=    47 --------------------------------------------------
 | Etotal =-89.447    grad(E)=0.269      E(VDW )=-8.185     E(ELEC)=-81.262    |
 -------------------------------------------------------------------------------
 NBONDS: generating intra-molecular exclusion list with mode= 5
 MAKINB: mode   5 found     10 exclusions and     20 interactions(1-4)
 NBONDS: found     4269 intra-atom interactions
 --------------- cycle=    48 --------------------------------------------------
 | Etotal =-132.118   grad(E)=0.359      E(VDW )=-6.187     E(ELEC)=-125.931   |
 -------------------------------------------------------------------------------
 NBONDS: generating intra-molecular exclusion list with mode= 5
 MAKINB: mode   5 found     10 exclusions and     20 interactions(1-4)
 NBONDS: found     5529 intra-atom interactions
 --------------- cycle=    49 --------------------------------------------------
 | Etotal =-124.016   grad(E)=0.293      E(VDW )=-24.770    E(ELEC)=-99.246    |
 -------------------------------------------------------------------------------
 NBONDS: generating intra-molecular exclusion list with mode= 5
 MAKINB: mode   5 found     10 exclusions and     20 interactions(1-4)
 NBONDS: found     1607 intra-atom interactions
 --------------- cycle=    50 --------------------------------------------------
 | Etotal =-58.010    grad(E)=0.107      E(VDW )=-3.498     E(ELEC)=-54.512    |
 -------------------------------------------------------------------------------
 NBONDS: generating intra-molecular exclusion list with mode= 5
 MAKINB: mode   5 found     10 exclusions and     20 interactions(1-4)
 NBONDS: found     1040 intra-atom interactions
 --------------- cycle=    51 --------------------------------------------------
 | Etotal =-63.414    grad(E)=0.130      E(VDW )=-3.015     E(ELEC)=-60.399    |
 -------------------------------------------------------------------------------
 NBONDS: generating intra-molecular exclusion list with mode= 5
 MAKINB: mode   5 found     10 exclusions and     20 interactions(1-4)
 NBONDS: found     1438 intra-atom interactions
 --------------- cycle=    52 --------------------------------------------------
 | Etotal =-71.072    grad(E)=0.156      E(VDW )=-7.927     E(ELEC)=-63.145    |
 -------------------------------------------------------------------------------
 NBONDS: generating intra-molecular exclusion list with mode= 5
 MAKINB: mode   5 found     10 exclusions and     20 interactions(1-4)
 NBONDS: found     3428 intra-atom interactions
 --------------- cycle=    53 --------------------------------------------------
 | Etotal =-93.856    grad(E)=0.311      E(VDW )=-13.197    E(ELEC)=-80.659    |
 -------------------------------------------------------------------------------
 NBONDS: generating intra-molecular exclusion list with mode= 5
 MAKINB: mode   5 found     10 exclusions and     20 interactions(1-4)
 NBONDS: found     6221 intra-atom interactions
 --------------- cycle=    54 --------------------------------------------------
 | Etotal =-90.857    grad(E)=0.211      E(VDW )=-25.973    E(ELEC)=-64.884    |
 -------------------------------------------------------------------------------
 NBONDS: generating intra-molecular exclusion list with mode= 5
 MAKINB: mode   5 found     10 exclusions and     20 interactions(1-4)
 NBONDS: found     5541 intra-atom interactions
 --------------- cycle=    55 --------------------------------------------------
 | Etotal =-87.986    grad(E)=0.129      E(VDW )=-19.163    E(ELEC)=-68.823    |
 -------------------------------------------------------------------------------
 NBONDS: generating intra-molecular exclusion list with mode= 5
 MAKINB: mode   5 found     10 exclusions and     20 interactions(1-4)
 NBONDS: found     5880 intra-atom interactions
 --------------- cycle=    56 --------------------------------------------------
 | Etotal =-89.389    grad(E)=0.204      E(VDW )=-22.613    E(ELEC)=-66.776    |
 -------------------------------------------------------------------------------
 NBONDS: generating intra-molecular exclusion list with mode= 5
 MAKINB: mode   5 found     10 exclusions and     20 interactions(1-4)
 NBONDS: found     5074 intra-atom interactions
 --------------- cycle=    57 --------------------------------------------------
 | Etotal =-79.893    grad(E)=0.238      E(VDW )=-12.062    E(ELEC)=-67.831    |
 -------------------------------------------------------------------------------
 NBONDS: generating intra-molecular exclusion list with mode= 5
 MAKINB: mode   5 found     10 exclusions and     20 interactions(1-4)
 NBONDS: found     3033 intra-atom interactions
 --------------- cycle=    58 --------------------------------------------------
 | Etotal =-68.555    grad(E)=0.174      E(VDW )=-6.139     E(ELEC)=-62.416    |
 -------------------------------------------------------------------------------
 NBONDS: generating intra-molecular exclusion list with mode= 5
 MAKINB: mode   5 found     10 exclusions and     20 interactions(1-4)
 NBONDS: found     2259 intra-atom interactions
 --------------- cycle=    59 --------------------------------------------------
 | Etotal =-67.151    grad(E)=0.112      E(VDW )=-8.732     E(ELEC)=-58.419    |
 -------------------------------------------------------------------------------
 NBONDS: generating intra-molecular exclusion list with mode= 5
 MAKINB: mode   5 found     10 exclusions and     20 interactions(1-4)
 NBONDS: found     1014 intra-atom interactions
 --------------- cycle=    60 --------------------------------------------------
 | Etotal =-69.643    grad(E)=0.127      E(VDW )=-3.737     E(ELEC)=-65.905    |
 -------------------------------------------------------------------------------
 NBONDS: generating intra-molecular exclusion list with mode= 5
 MAKINB: mode   5 found     10 exclusions and     20 interactions(1-4)
 NBONDS: found      882 intra-atom interactions
 --------------- cycle=    61 --------------------------------------------------
 | Etotal =-65.015    grad(E)=0.117      E(VDW )=-2.920     E(ELEC)=-62.094    |
 -------------------------------------------------------------------------------
 NBONDS: generating intra-molecular exclusion list with mode= 5
 MAKINB: mode   5 found     10 exclusions and     23 interactions(1-4)
 NBONDS: found     1868 intra-atom interactions
 --------------- cycle=    62 --------------------------------------------------
 | Etotal =-65.345    grad(E)=0.119      E(VDW )=-8.365     E(ELEC)=-56.980    |
 -------------------------------------------------------------------------------
 NBONDS: generating intra-molecular exclusion list with mode= 5
 MAKINB: mode   5 found     10 exclusions and     20 interactions(1-4)
 NBONDS: found     2146 intra-atom interactions
 --------------- cycle=    63 --------------------------------------------------
 | Etotal =-93.133    grad(E)=0.281      E(VDW )=-4.791     E(ELEC)=-88.341    |
 -------------------------------------------------------------------------------
 NBONDS: generating intra-molecular exclusion list with mode= 5
 MAKINB: mode   5 found     10 exclusions and     20 interactions(1-4)
 NBONDS: found     1121 intra-atom interactions
 --------------- cycle=    64 --------------------------------------------------
 | Etotal =-63.876    grad(E)=0.133      E(VDW )=-5.746     E(ELEC)=-58.129    |
 -------------------------------------------------------------------------------
 NBONDS: generating intra-molecular exclusion list with mode= 5
 MAKINB: mode   5 found     10 exclusions and     20 interactions(1-4)
 NBONDS: found     3570 intra-atom interactions
 --------------- cycle=    65 --------------------------------------------------
 | Etotal =-71.925    grad(E)=0.233      E(VDW )=-7.855     E(ELEC)=-64.070    |
 -------------------------------------------------------------------------------
 NBONDS: generating intra-molecular exclusion list with mode= 5
 MAKINB: mode   5 found     10 exclusions and     20 interactions(1-4)
 NBONDS: found     3321 intra-atom interactions
 --------------- cycle=    66 --------------------------------------------------
 | Etotal =-88.026    grad(E)=0.208      E(VDW )=-14.131    E(ELEC)=-73.895    |
 -------------------------------------------------------------------------------
 NBONDS: generating intra-molecular exclusion list with mode= 5
 MAKINB: mode   5 found     13 exclusions and     27 interactions(1-4)
 NBONDS: found     2321 intra-atom interactions
 --------------- cycle=    67 --------------------------------------------------
 | Etotal =-71.534    grad(E)=0.254      E(VDW )=-7.950     E(ELEC)=-63.584    |
 -------------------------------------------------------------------------------
 NBONDS: generating intra-molecular exclusion list with mode= 5
 MAKINB: mode   5 found     10 exclusions and     20 interactions(1-4)
 NBONDS: found     5421 intra-atom interactions
 --------------- cycle=    68 --------------------------------------------------
 | Etotal =-83.830    grad(E)=0.135      E(VDW )=-26.623    E(ELEC)=-57.207    |
 -------------------------------------------------------------------------------
 NBONDS: generating intra-molecular exclusion list with mode= 5
 MAKINB: mode   5 found     10 exclusions and     23 interactions(1-4)
 NBONDS: found     3501 intra-atom interactions
 --------------- cycle=    69 --------------------------------------------------
 | Etotal =-68.841    grad(E)=0.133      E(VDW )=-12.307    E(ELEC)=-56.534    |
 -------------------------------------------------------------------------------
 NBONDS: generating intra-molecular exclusion list with mode= 5
 MAKINB: mode   5 found     10 exclusions and     23 interactions(1-4)
 NBONDS: found     4038 intra-atom interactions
 --------------- cycle=    70 --------------------------------------------------
 | Etotal =-85.825    grad(E)=0.208      E(VDW )=-13.503    E(ELEC)=-72.321    |
 -------------------------------------------------------------------------------
 NBONDS: generating intra-molecular exclusion list with mode= 5
 MAKINB: mode   5 found     10 exclusions and     20 interactions(1-4)
 NBONDS: found     4559 intra-atom interactions
 --------------- cycle=    71 --------------------------------------------------
 | Etotal =-80.742    grad(E)=0.136      E(VDW )=-15.693    E(ELEC)=-65.048    |
 -------------------------------------------------------------------------------
 NBONDS: generating intra-molecular exclusion list with mode= 5
 MAKINB: mode   5 found     10 exclusions and     20 interactions(1-4)
 NBONDS: found     4597 intra-atom interactions
 --------------- cycle=    72 --------------------------------------------------
 | Etotal =-133.183   grad(E)=0.346      E(VDW )=-16.932    E(ELEC)=-116.251   |
 -------------------------------------------------------------------------------
 NBONDS: generating intra-molecular exclusion list with mode= 5
 MAKINB: mode   5 found     10 exclusions and     20 interactions(1-4)
 NBONDS: found     2618 intra-atom interactions
 --------------- cycle=    73 --------------------------------------------------
 | Etotal =-68.875    grad(E)=0.151      E(VDW )=-8.271     E(ELEC)=-60.604    |
 -------------------------------------------------------------------------------
 NBONDS: generating intra-molecular exclusion list with mode= 5
 MAKINB: mode   5 found     10 exclusions and     20 interactions(1-4)
 NBONDS: found     6355 intra-atom interactions
 --------------- cycle=    74 --------------------------------------------------
 | Etotal =-99.486    grad(E)=0.349      E(VDW )=-16.478    E(ELEC)=-83.008    |
 -------------------------------------------------------------------------------
 NBONDS: generating intra-molecular exclusion list with mode= 5
 MAKINB: mode   5 found     10 exclusions and     20 interactions(1-4)
 NBONDS: found     1992 intra-atom interactions
 --------------- cycle=    75 --------------------------------------------------
 | Etotal =-78.448    grad(E)=0.133      E(VDW )=-6.414     E(ELEC)=-72.033    |
 -------------------------------------------------------------------------------
 NBONDS: generating intra-molecular exclusion list with mode= 5
 MAKINB: mode   5 found     10 exclusions and     20 interactions(1-4)
 NBONDS: found     6293 intra-atom interactions
 --------------- cycle=    76 --------------------------------------------------
 | Etotal =-98.497    grad(E)=0.251      E(VDW )=-23.229    E(ELEC)=-75.268    |
 -------------------------------------------------------------------------------
 NBONDS: generating intra-molecular exclusion list with mode= 5
 MAKINB: mode   5 found     10 exclusions and     23 interactions(1-4)
 NBONDS: found     4500 intra-atom interactions
 --------------- cycle=    77 --------------------------------------------------
 | Etotal =-77.076    grad(E)=0.160      E(VDW )=-18.357    E(ELEC)=-58.719    |
 -------------------------------------------------------------------------------
 NBONDS: generating intra-molecular exclusion list with mode= 5
 MAKINB: mode   5 found     10 exclusions and     23 interactions(1-4)
 NBONDS: found     2919 intra-atom interactions
 --------------- cycle=    78 --------------------------------------------------
 | Etotal =-76.004    grad(E)=0.164      E(VDW )=-7.772     E(ELEC)=-68.233    |
 -------------------------------------------------------------------------------
 NBONDS: generating intra-molecular exclusion list with mode= 5
 MAKINB: mode   5 found     10 exclusions and     20 interactions(1-4)
 NBONDS: found     3098 intra-atom interactions
 --------------- cycle=    79 --------------------------------------------------
 | Etotal =-85.662    grad(E)=0.234      E(VDW )=-8.281     E(ELEC)=-77.380    |
 -------------------------------------------------------------------------------
 NBONDS: generating intra-molecular exclusion list with mode= 5
 MAKINB: mode   5 found     10 exclusions and     20 interactions(1-4)
 NBONDS: found     3848 intra-atom interactions
 --------------- cycle=    80 --------------------------------------------------
 | Etotal =-104.488   grad(E)=0.310      E(VDW )=-14.099    E(ELEC)=-90.389    |
 -------------------------------------------------------------------------------
 NBONDS: generating intra-molecular exclusion list with mode= 5
 MAKINB: mode   5 found     10 exclusions and     20 interactions(1-4)
 NBONDS: found     1817 intra-atom interactions
 --------------- cycle=    81 --------------------------------------------------
 | Etotal =-65.701    grad(E)=0.185      E(VDW )=-3.784     E(ELEC)=-61.917    |
 -------------------------------------------------------------------------------
 NBONDS: generating intra-molecular exclusion list with mode= 5
 MAKINB: mode   5 found     10 exclusions and     20 interactions(1-4)
 NBONDS: found     2783 intra-atom interactions
 --------------- cycle=    82 --------------------------------------------------
 | Etotal =-66.124    grad(E)=0.167      E(VDW )=-5.618     E(ELEC)=-60.506    |
 -------------------------------------------------------------------------------
 NBONDS: generating intra-molecular exclusion list with mode= 5
 MAKINB: mode   5 found     10 exclusions and     20 interactions(1-4)
 NBONDS: found     1562 intra-atom interactions
 --------------- cycle=    83 --------------------------------------------------
 | Etotal =-73.142    grad(E)=0.189      E(VDW )=-6.038     E(ELEC)=-67.104    |
 -------------------------------------------------------------------------------
 NBONDS: generating intra-molecular exclusion list with mode= 5
 MAKINB: mode   5 found     10 exclusions and     20 interactions(1-4)
 NBONDS: found     5253 intra-atom interactions
 --------------- cycle=    84 --------------------------------------------------
 | Etotal =-98.896    grad(E)=0.243      E(VDW )=-20.733    E(ELEC)=-78.163    |
 -------------------------------------------------------------------------------
 NBONDS: generating intra-molecular exclusion list with mode= 5
 MAKINB: mode   5 found     10 exclusions and     23 interactions(1-4)
 NBONDS: found     4370 intra-atom interactions
 --------------- cycle=    85 --------------------------------------------------
 | Etotal =-107.546   grad(E)=0.228      E(VDW )=-19.805    E(ELEC)=-87.741    |
 -------------------------------------------------------------------------------
 HEAP: maximum use      =    22476480 current use      =       96000 bytes
 HEAP: maximum overhead =        2800 current overhead =         752 bytes
          ============================================================
           Maximum dynamic memory allocation:    22476480 bytes
           Maximum dynamic memory overhead:          2800 bytes
           Program started at: 19:58:57 on 10-Jun-2020
           Program stopped at: 19:59:23 on 10-Jun-2020
           CPU time used:      25.8281 seconds
          ============================================================
