          ============================================================
          |                                                          |
          |            Crystallography & NMR System (CNS)            |
          |                         CNSsolve                         |
          |                                                          |
          ============================================================
           Version: 1.3 at patch level U
           Status: Special UU release with Rg and paramagnetic
                   restraints (A. Bonvin, UU 2011)
          ============================================================
           Written by: A.T.Brunger, P.D.Adams, G.M.Clore, W.L.DeLano,
                       P.Gros, R.W.Grosse-Kunstleve,J.-S.Jiang,J.M.Krahn,
                       J.Kuszewski, M.Nilges, N.S.Pannu, R.J.Read,
                       L.M.Rice, G.F.Schroeder, T.Simonson, G.L.Warren.
           Copyright (c) 1997-2010 Yale University
          ============================================================
           Running on machine: hostname unknown (x86_64/Linux,64-bit)
           Program started by: joaor
           Program started at: 19:58:05 on 10-Jun-2020
          ============================================================

 FFT3C: Using FFTPACK4.1

 CNSsolve>! 
 CNSsolve>! Calculates pairwise energies between residues 
 CNSsolve>! Will only rebuild hydrogen atoms 
 CNSsolve>! 
 CNSsolve>! Adapted from HADDOCK protocols here and there. 
 CNSsolve>! JR & AMJJB @ 2020 
 CNSsolve>! 
 CNSsolve>define( 
 DEFINE>    {===>} auto_break=true; 
 DEFINE>    {===>} break_cutoff=2.5; 
 DEFINE>    {===>} dnaauto_break=true; 
 DEFINE>    {===>} dbreak_cutoff=4.5; 
 DEFINE>    {===>} auto_cispro=true; 
 DEFINE>    {===>} auto_disu=true; 
 DEFINE>    {===>} disulphide_dist=3.0; 
 DEFINE>    {===>} glyco_dist=2.75; 
 DEFINE>    {===>} coorin="molecule.pdb"; 
 DEFINE>    {===>} icutoff=5.0; 
 DEFINE>) 
 CNSsolve> 
 CNSsolve>! Mute (most) output 
 CNSsolve>set message=on echo=off end 
 ASSFIL: file merged.param opened.
 MESSage=NORM
 EVALUATE: symbol $OLD_MESSAGE set to "NORM" (string)
 ECHO=FALSe {OFF}
 EVALUATE: symbol $OLD_ECHO set to FALSE (logical)
 %PARRDR-info: duplication of bond HC   NC2 
 %PARRDR-info: duplication of angle CH2E C    NH1 
 %PARRDR-info: duplication of angle CH2P CH2E HA  
 ASSFIL: file merged.top opened.
 MESSage=NORM
 EVALUATE: symbol $OLD_MESSAGE set to "NORM" (string)
 ECHO=FALSe {OFF}
 EVALUATE: symbol $OLD_ECHO set to FALSE (logical)
 %RTFIO-warning: undefined masses in residue CYC 
 %RTFIO error encountered: there are undefined masses.
   (CNS is in mode: SET ABORT=NORMal END)
 MESSage=NORM
 EVALUATE: symbol $OLD_MESSAGE set to "NORM" (string)
 ECHO=FALSe {OFF}
 EVALUATE: symbol $OLD_ECHO set to FALSE (logical)
 ASSFIL: file protein_break.top opened.
 %RTFRDR-ERR: duplicate (P-)RESIdue name DPEP
 %RTFRDR-ERR: duplicate (P-)RESIdue name DPPP
 RTFRDR> 
 RTFRDR>end 
 CNSsolve> 
 CNSsolve>! Reset output muting 
 CNSsolve>set message=off echo=off end 
FOUND 5 NAG:ASN pairs
NAG:ASN bond added from   B    901  to   B    53  
NAG:ASN bond added from   B    903  to   B    90  
NAG:ASN bond added from   B    908  to   B    432 
NAG:ASN bond added from   B    910  to   B    546 
NAG:ASN bond added from   E    1401 to   E    343 
FOUND 6 NAG:NAG pairs
NAG:NAG B14 bond added from   B    902  to   B    901 
NAG:NAG B14 bond added from   B    904  to   B    903 
NAG:NAG B14 bond added from   B    909  to   B    908 
NAG:NAG B14 bond added from   B    911  to   B    910 
NAG:NAG B14 bond added from   E    1402 to   E    1401
NAG:NAG B14 bond added from   E    1403 to   E    1402
 %PARRDR-info: duplication of bond HC   NC2 
 %PARRDR-info: duplication of angle CH2E C    NH1 
 %PARRDR-info: duplication of angle CH2P CH2E HA  
 POWELL: number of degrees of freedom= 13728
 NBONDS: generating intra-molecular exclusion list with mode=-2
 MAKINB: mode  -2 found   4576 exclusions and      0 interactions(1-4)
 %atoms "B   -41  -TYR -HB1 " and "B   -41  -TYR -HD2 " only  0.09 A apart
 %atoms "B   -62  -MET -HG2 " and "B   -62  -MET -HE1 " only  0.03 A apart
 %atoms "B   -162 -LEU -HA  " and "B   -162 -LEU -CB  " only  0.10 A apart
 %atoms "B   -231 -LYS -HG1 " and "B   -231 -LYS -HG2 " only  0.06 A apart
 %atoms "B   -422 -GLY -N   " and "B   -422 -GLY -HA1 " only  0.06 A apart
 %atoms "B   -473 -TRP -HE3 " and "B   -473 -TRP -HH2 " only  0.10 A apart
 %atoms "B   -481 -LYS -HB1 " and "B   -481 -LYS -HE1 " only  0.01 A apart
 %atoms "B   -504 -PHE -HD1 " and "B   -504 -PHE -HD2 " only  0.06 A apart
 %atoms "B   -577 -ARG -HA  " and "B   -577 -ARG -HG2 " only  0.09 A apart
 %atoms "B   -599 -ASN -CA  " and "B   -599 -ASN -HB1 " only  0.09 A apart
 %atoms "E   -402 -ILE -HB  " and "E   -402 -ILE -HG12" only  0.05 A apart
 NBONDS: found   690778 intra-atom interactions
 NBONDS: found       11 nonbonded violations
 %atoms "B   -43  -SER -HA  " and "B   -43  -SER -HB1 " only  0.09 A apart
 %atoms "B   -477 -TRP -CG  " and "B   -477 -TRP -HD1 " only  0.10 A apart
 NBONDS: found   690714 intra-atom interactions
 NBONDS: found        2 nonbonded violations
 %atoms "B   -393 -ARG -HB1 " and "B   -393 -ARG -HG1 " only  0.10 A apart
 %atoms "E   -398 -ASP -HA  " and "E   -398 -ASP -HB2 " only  0.07 A apart
 NBONDS: found   687368 intra-atom interactions
 NBONDS: found        2 nonbonded violations
 NBONDS: found   683798 intra-atom interactions
 --------------- cycle=    10 ------ stepsize=   -0.0000 -----------------------
 | Etotal =0.33E+07   grad(E)=574.730    E(BOND)=512892.752 E(ANGL)=0.16E+07   |
 | E(VDW )=0.13E+07                                                            |
 -------------------------------------------------------------------------------
 NBONDS: found   683901 intra-atom interactions
 NBONDS: found   683990 intra-atom interactions
 NBONDS: found   684086 intra-atom interactions
 NBONDS: found   684176 intra-atom interactions
 --------------- cycle=    20 ------ stepsize=    0.0000 -----------------------
 | Etotal =0.13E+07   grad(E)=307.604    E(BOND)=231892.256 E(ANGL)=513031.991 |
 | E(VDW )=512587.900                                                          |
 -------------------------------------------------------------------------------
 NBONDS: found   683906 intra-atom interactions
 NBONDS: found   684033 intra-atom interactions
 NBONDS: found   684049 intra-atom interactions
 --------------- cycle=    30 ------ stepsize=    0.0000 -----------------------
 | Etotal =994982.651 grad(E)=249.040    E(BOND)=189554.087 E(ANGL)=369385.853 |
 | E(VDW )=436042.710                                                          |
 -------------------------------------------------------------------------------
 NBONDS: found   684135 intra-atom interactions
 NBONDS: found   683949 intra-atom interactions
 --------------- cycle=    40 ------ stepsize=   -0.0001 -----------------------
 | Etotal =940903.215 grad(E)=238.546    E(BOND)=184527.295 E(ANGL)=341123.741 |
 | E(VDW )=415252.180                                                          |
 -------------------------------------------------------------------------------
 NBONDS: found   683933 intra-atom interactions
 NBONDS: found   684055 intra-atom interactions
 --------------- cycle=    50 ------ stepsize=   -0.0000 -----------------------
 | Etotal =926332.200 grad(E)=235.439    E(BOND)=181562.138 E(ANGL)=334048.899 |
 | E(VDW )=410721.162                                                          |
 -------------------------------------------------------------------------------
 POWELL: STEP number limit. Normal termination
 POWELL: Current coordinates set to last minimum
 DCART: temperature coupling (TCOUpling) enabled
 -------------------------- Cartesian dynamics start ---------------------------
 | E(kin)+E(total)=0.35E+07        E(kin)=4176.326      temperature=306.181    |
 | Etotal =0.35E+07   grad(E)=594.735    E(BOND)=181562.138 E(ANGL)=334048.899 |
 | E(IMPR)=0.30E+07                                                            |
 -------------------------------------------------------------------------------
 ----------------- final step=       50 at      0.02500 ps ---------------------
 | E(kin)+E(total)=0.23E+07        E(kin)=450486.779    temperature=33026.699  |
 | Etotal =0.18E+07   grad(E)=324.540    E(BOND)=201660.104 E(ANGL)=829534.220 |
 | E(IMPR)=785531.383                                                          |
 -------------------------------------------------------------------------------
 CENMAS: Information about center of free masses
         position [A]          :     -0.57331      0.08310     -0.25861
         velocity [A/ps]       :      0.43475     -0.87118     -1.00719
         ang. mom. [amu A/ps]  : 178121.57707-421863.36424-304882.34262
         kin. ener. [Kcal/mol] :    214.62469
 POWELL: number of degrees of freedom= 13728
 NBONDS: found   682143 intra-atom interactions
 NBONDS: found   681054 intra-atom interactions
 NBONDS: found   681236 intra-atom interactions
 NBONDS: found   682407 intra-atom interactions
 --------------- cycle=    10 ------ stepsize=   -0.0001 -----------------------
 | Etotal =0.19E+07   grad(E)=273.848    E(BOND)=237615.558 E(ANGL)=465891.210 |
 | E(IMPR)=700785.556 E(VDW )=486802.174                                       |
 -------------------------------------------------------------------------------
 NBONDS: found   683100 intra-atom interactions
 NBONDS: found   683605 intra-atom interactions
 NBONDS: found   683394 intra-atom interactions
 NBONDS: found   683081 intra-atom interactions
 NBONDS: found   683166 intra-atom interactions
 --------------- cycle=    20 ------ stepsize=   -0.0000 -----------------------
 | Etotal =0.13E+07   grad(E)=148.814    E(BOND)=175455.481 E(ANGL)=174329.049 |
 | E(IMPR)=567607.245 E(VDW )=358681.894                                       |
 -------------------------------------------------------------------------------
 NBONDS: found   683515 intra-atom interactions
 NBONDS: found   683339 intra-atom interactions
 NBONDS: found   683527 intra-atom interactions
 --------------- cycle=    30 ------ stepsize=   -0.0000 -----------------------
 | Etotal =0.12E+07   grad(E)=120.096    E(BOND)=167005.747 E(ANGL)=139175.652 |
 | E(IMPR)=545427.910 E(VDW )=332195.093                                       |
 -------------------------------------------------------------------------------
 NBONDS: found   683509 intra-atom interactions
 NBONDS: found   683498 intra-atom interactions
 --------------- cycle=    40 ------ stepsize=   -0.0000 -----------------------
 | Etotal =0.12E+07   grad(E)=113.527    E(BOND)=164550.928 E(ANGL)=129304.035 |
 | E(IMPR)=536724.092 E(VDW )=327036.082                                       |
 -------------------------------------------------------------------------------
 NBONDS: found   683459 intra-atom interactions
 NBONDS: found   683499 intra-atom interactions
 --------------- cycle=    50 ------ stepsize=   -0.0000 -----------------------
 | Etotal =0.12E+07   grad(E)=112.041    E(BOND)=164948.926 E(ANGL)=129502.137 |
 | E(IMPR)=530935.236 E(VDW )=324700.429                                       |
 -------------------------------------------------------------------------------
 POWELL: STEP number limit. Normal termination
 POWELL: Current coordinates set to last minimum
 DCART: temperature coupling (TCOUpling) enabled
 -------------------------- Cartesian dynamics start ---------------------------
 | E(kin)+E(total)=0.12E+07        E(kin)=4111.797      temperature=301.450    |
 | Etotal =0.12E+07   grad(E)=112.041    E(BOND)=164948.926 E(ANGL)=129502.137 |
 | E(IMPR)=530935.236 E(VDW )=324700.429                                       |
 -------------------------------------------------------------------------------
 NBONDS: found   683421 intra-atom interactions
 NBONDS: found   683426 intra-atom interactions
 NBONDS: found   683499 intra-atom interactions
 ----------------- final step=       50 at      0.02500 ps ---------------------
 | E(kin)+E(total)=0.11E+07        E(kin)=6920.594      temperature=507.372    |
 | Etotal =0.11E+07   grad(E)=114.216    E(BOND)=166389.598 E(ANGL)=126251.402 |
 | E(IMPR)=525890.695 E(VDW )=324422.120                                       |
 -------------------------------------------------------------------------------
 CENMAS: Information about center of free masses
         position [A]          :     -0.57533      0.07865     -0.25309
         velocity [A/ps]       :     -0.03937     -0.03585      0.01900
         ang. mom. [amu A/ps]  :-145303.80513 173234.47061  74042.66737
         kin. ener. [Kcal/mol] :      0.34957
 %PARRDR-info: duplication of bond HC   NC2 
 %PARRDR-info: duplication of angle CH2E C    NH1 
 %PARRDR-info: duplication of angle CH2P CH2E HA  
 POWELL: number of degrees of freedom= 13728
 NBONDS: generating intra-molecular exclusion list with mode=-3
 MAKINB: mode  -3 found  15634 exclusions and      0 interactions(1-4)
 NBONDS: found   672438 intra-atom interactions
 NBONDS: found   674351 intra-atom interactions
 NBONDS: found   674249 intra-atom interactions
 NBONDS: found   674411 intra-atom interactions
 NBONDS: found   674642 intra-atom interactions
 NBONDS: found   674737 intra-atom interactions
 NBONDS: found   674828 intra-atom interactions
 --------------- cycle=    25 ------ stepsize=    0.0002 -----------------------
 | Etotal =237756.928 grad(E)=92.022     E(BOND)=12295.768  E(ANGL)=114411.896 |
 | E(IMPR)=109216.261 E(VDW )=1833.003                                         |
 -------------------------------------------------------------------------------
 NBONDS: found   674765 intra-atom interactions
 NBONDS: found   674698 intra-atom interactions
 NBONDS: found   674896 intra-atom interactions
 NBONDS: found   674861 intra-atom interactions
 NBONDS: found   674812 intra-atom interactions
 --------------- cycle=    50 ------ stepsize=    0.0005 -----------------------
 | Etotal =58493.781  grad(E)=33.724     E(BOND)=2320.170   E(ANGL)=27259.064  |
 | E(IMPR)=28051.003  E(VDW )=863.544                                          |
 -------------------------------------------------------------------------------
 NBONDS: found   674827 intra-atom interactions
 NBONDS: found   674748 intra-atom interactions
 NBONDS: found   674698 intra-atom interactions
 NBONDS: found   674765 intra-atom interactions
 NBONDS: found   674757 intra-atom interactions
 --------------- cycle=    75 ------ stepsize=    0.0001 -----------------------
 | Etotal =13138.192  grad(E)=26.335     E(BOND)=853.182    E(ANGL)=8061.470   |
 | E(IMPR)=3539.023   E(VDW )=684.517                                          |
 -------------------------------------------------------------------------------
 NBONDS: found   674764 intra-atom interactions
 NBONDS: found   674723 intra-atom interactions
 NBONDS: found   674736 intra-atom interactions
 --------------- cycle=   100 ------ stepsize=    0.0000 -----------------------
 | Etotal =3330.500   grad(E)=13.523     E(BOND)=190.269    E(ANGL)=2291.592   |
 | E(IMPR)=209.409    E(VDW )=639.230                                          |
 -------------------------------------------------------------------------------
 POWELL: STEP number limit. Normal termination
 POWELL: Current coordinates set to last minimum
 DCART: temperature coupling (TCOUpling) enabled
 -------------------------- Cartesian dynamics start ---------------------------
 | E(kin)+E(total)=7366.224        E(kin)=4035.723      temperature=295.872    |
 | Etotal =3330.500   grad(E)=13.523     E(BOND)=190.269    E(ANGL)=2291.592   |
 | E(IMPR)=209.409    E(VDW )=639.230                                          |
 -------------------------------------------------------------------------------
 NBONDS: found   674617 intra-atom interactions
 NBONDS: found   674711 intra-atom interactions
 NBONDS: found   674679 intra-atom interactions
 NBONDS: found   674749 intra-atom interactions
 NBONDS: found   674719 intra-atom interactions
 NBONDS: found   674670 intra-atom interactions
 NBONDS: found   674633 intra-atom interactions
 NBONDS: found   674747 intra-atom interactions
 NBONDS: found   674688 intra-atom interactions
 NBONDS: found   674756 intra-atom interactions
 NBONDS: found   674716 intra-atom interactions
 NBONDS: found   674729 intra-atom interactions
 NBONDS: found   674735 intra-atom interactions
 NBONDS: found   674797 intra-atom interactions
 NBONDS: found   674858 intra-atom interactions
 NBONDS: found   674844 intra-atom interactions
 NBONDS: found   674864 intra-atom interactions
 NBONDS: found   674866 intra-atom interactions
 NBONDS: found   674850 intra-atom interactions
 NBONDS: found   674924 intra-atom interactions
 NBONDS: found   674854 intra-atom interactions
 NBONDS: found   674849 intra-atom interactions
 NBONDS: found   674951 intra-atom interactions
 NBONDS: found   674910 intra-atom interactions
 NBONDS: found   674953 intra-atom interactions
 NBONDS: found   674952 intra-atom interactions
 ----------------- final step=      500 at      0.25000 ps ---------------------
 | E(kin)+E(total)=9556.600        E(kin)=4369.478      temperature=320.341    |
 | Etotal =5187.122   grad(E)=27.113     E(BOND)=810.094    E(ANGL)=3317.668   |
 | E(IMPR)=343.007    E(VDW )=716.353                                          |
 -------------------------------------------------------------------------------
 CENMAS: Information about center of free masses
         position [A]          :     -0.57526      0.07439     -0.25167
         velocity [A/ps]       :      0.04467     -0.12657      0.11031
         ang. mom. [amu A/ps]  :  -5353.97980 -80672.88964 -28065.90225
         kin. ener. [Kcal/mol] :      3.30119
 EFLAGS: the following energy flags are set
 EFLAGS: BOND ANGL DIHE IMPR VDW 
 %PARRDR-info: duplication of bond HC   NC2 
 %PARRDR-info: duplication of angle CH2E C    NH1 
 %PARRDR-info: duplication of angle CH2P CH2E HA  
 POWELL: number of degrees of freedom= 13728
 NBONDS: generating intra-molecular exclusion list with mode=-3
 MAKINB: mode  -3 found  15634 exclusions and      0 interactions(1-4)
 NBONDS: found   674930 intra-atom interactions
 NBONDS: found   674740 intra-atom interactions
 --------------- cycle=    50 ------ stepsize=    0.0008 -----------------------
 | Etotal =14416.300  grad(E)=15.882     E(BOND)=249.480    E(ANGL)=1881.799   |
 | E(DIHE)=199.830    E(IMPR)=92.221     E(VDW )=11992.970                     |
 -------------------------------------------------------------------------------
 NBONDS: found   674675 intra-atom interactions
 --------------- cycle=   100 ------ stepsize=    0.0011 -----------------------
 | Etotal =14001.299  grad(E)=15.621     E(BOND)=238.623    E(ANGL)=1864.665   |
 | E(DIHE)=167.860    E(IMPR)=94.768     E(VDW )=11635.383                     |
 -------------------------------------------------------------------------------
 NBONDS: found   674608 intra-atom interactions
 --------------- cycle=   150 ------ stepsize=    0.0008 -----------------------
 | Etotal =13924.946  grad(E)=15.654     E(BOND)=239.183    E(ANGL)=1867.154   |
 | E(DIHE)=160.132    E(IMPR)=92.931     E(VDW )=11565.546                     |
 -------------------------------------------------------------------------------
 --------------- cycle=   200 ------ stepsize=    0.0011 -----------------------
 | Etotal =13907.869  grad(E)=15.627     E(BOND)=238.089    E(ANGL)=1864.103   |
 | E(DIHE)=160.508    E(IMPR)=93.441     E(VDW )=11551.728                     |
 -------------------------------------------------------------------------------
 --------------- cycle=   250 ------ stepsize=    0.0011 -----------------------
 | Etotal =13906.030  grad(E)=15.634     E(BOND)=237.996    E(ANGL)=1865.326   |
 | E(DIHE)=160.750    E(IMPR)=93.174     E(VDW )=11548.783                     |
 -------------------------------------------------------------------------------
 --------------- cycle=   300 ------ stepsize=    0.0009 -----------------------
 | Etotal =13905.683  grad(E)=15.631     E(BOND)=237.910    E(ANGL)=1864.921   |
 | E(DIHE)=160.643    E(IMPR)=93.411     E(VDW )=11548.798                     |
 -------------------------------------------------------------------------------
 --------------- cycle=   350 ------ stepsize=    0.0009 -----------------------
 | Etotal =13905.634  grad(E)=15.629     E(BOND)=237.906    E(ANGL)=1865.005   |
 | E(DIHE)=160.404    E(IMPR)=93.331     E(VDW )=11548.989                     |
 -------------------------------------------------------------------------------
 --------------- cycle=   400 ------ stepsize=    0.0008 -----------------------
 | Etotal =13905.624  grad(E)=15.630     E(BOND)=237.921    E(ANGL)=1864.996   |
 | E(DIHE)=160.389    E(IMPR)=93.338     E(VDW )=11548.980                     |
 -------------------------------------------------------------------------------
 --------------- cycle=   450 ------ stepsize=    0.0013 -----------------------
 | Etotal =13905.623  grad(E)=15.630     E(BOND)=237.918    E(ANGL)=1864.994   |
 | E(DIHE)=160.377    E(IMPR)=93.333     E(VDW )=11549.001                     |
 -------------------------------------------------------------------------------
 --------------- cycle=   500 ------ stepsize=    0.0009 -----------------------
 | Etotal =13905.623  grad(E)=15.630     E(BOND)=237.914    E(ANGL)=1864.992   |
 | E(DIHE)=160.375    E(IMPR)=93.338     E(VDW )=11549.004                     |
 -------------------------------------------------------------------------------
 POWELL: STEP number limit. Normal termination
 POWELL: Current coordinates set to last minimum
 DCART: temperature coupling (TCOUpling) enabled
 -------------------------- Cartesian dynamics start ---------------------------
 | E(kin)+E(total)=17945.455       E(kin)=4039.832      temperature=296.174    |
 | Etotal =13905.623  grad(E)=15.630     E(BOND)=237.914    E(ANGL)=1864.992   |
 | E(DIHE)=160.375    E(IMPR)=93.338     E(VDW )=11549.004                     |
 -------------------------------------------------------------------------------
 NBONDS: found   674584 intra-atom interactions
 NBONDS: found   674697 intra-atom interactions
 NBONDS: found   674559 intra-atom interactions
 NBONDS: found   674656 intra-atom interactions
 NBONDS: found   674766 intra-atom interactions
 NBONDS: found   674695 intra-atom interactions
 NBONDS: found   674634 intra-atom interactions
 NBONDS: found   674622 intra-atom interactions
 NBONDS: found   674745 intra-atom interactions
 NBONDS: found   674699 intra-atom interactions
 NBONDS: found   674656 intra-atom interactions
 NBONDS: found   674676 intra-atom interactions
 NBONDS: found   674534 intra-atom interactions
 NBONDS: found   674725 intra-atom interactions
 NBONDS: found   674541 intra-atom interactions
 ----------------- final step=      500 at      0.25000 ps ---------------------
 | E(kin)+E(total)=22131.133       E(kin)=4234.337      temperature=310.433    |
 | Etotal =17896.796  grad(E)=32.655     E(BOND)=1348.559   E(ANGL)=4078.762   |
 | E(DIHE)=166.719    E(IMPR)=433.780    E(VDW )=11868.975                     |
 -------------------------------------------------------------------------------
 CENMAS: Information about center of free masses
         position [A]          :     -0.57530      0.07454     -0.25177
         velocity [A/ps]       :      0.16836     -0.06103      0.16107
         ang. mom. [amu A/ps]  :    701.56591  -4728.05524 -43472.99017
         kin. ener. [Kcal/mol] :      0.31977
 POWELL: number of degrees of freedom= 13728
 --------------- cycle=    50 ------ stepsize=    0.0013 -----------------------
 | Etotal =13926.810  grad(E)=15.662     E(BOND)=240.682    E(ANGL)=1865.374   |
 | E(DIHE)=159.777    E(IMPR)=91.587     E(VDW )=11569.390                     |
 -------------------------------------------------------------------------------
 NBONDS: found   674623 intra-atom interactions
 --------------- cycle=   100 ------ stepsize=    0.0010 -----------------------
 | Etotal =13903.724  grad(E)=15.622     E(BOND)=237.850    E(ANGL)=1864.741   |
 | E(DIHE)=159.812    E(IMPR)=92.697     E(VDW )=11548.623                     |
 -------------------------------------------------------------------------------
 --------------- cycle=   150 ------ stepsize=    0.0009 -----------------------
 | Etotal =13896.618  grad(E)=15.616     E(BOND)=237.850    E(ANGL)=1863.339   |
 | E(DIHE)=158.459    E(IMPR)=93.382     E(VDW )=11543.588                     |
 -------------------------------------------------------------------------------
 --------------- cycle=   200 ------ stepsize=    0.0009 -----------------------
 | Etotal =13896.027  grad(E)=15.617     E(BOND)=237.836    E(ANGL)=1863.547   |
 | E(DIHE)=158.404    E(IMPR)=93.298     E(VDW )=11542.943                     |
 -------------------------------------------------------------------------------
 --------------- cycle=   250 ------ stepsize=    0.0012 -----------------------
 | Etotal =13896.008  grad(E)=15.618     E(BOND)=237.825    E(ANGL)=1863.521   |
 | E(DIHE)=158.348    E(IMPR)=93.326     E(VDW )=11542.987                     |
 -------------------------------------------------------------------------------
 --------------- cycle=   300 ------ stepsize=    0.0012 -----------------------
 | Etotal =13896.004  grad(E)=15.617     E(BOND)=237.825    E(ANGL)=1863.549   |
 | E(DIHE)=158.396    E(IMPR)=93.310     E(VDW )=11542.924                     |
 -------------------------------------------------------------------------------
 --------------- cycle=   350 ------ stepsize=    0.0009 -----------------------
 | Etotal =13896.001  grad(E)=15.618     E(BOND)=237.814    E(ANGL)=1863.566   |
 | E(DIHE)=158.485    E(IMPR)=93.327     E(VDW )=11542.808                     |
 -------------------------------------------------------------------------------
 --------------- cycle=   400 ------ stepsize=    0.0010 -----------------------
 | Etotal =13895.999  grad(E)=15.618     E(BOND)=237.814    E(ANGL)=1863.583   |
 | E(DIHE)=158.498    E(IMPR)=93.322     E(VDW )=11542.783                     |
 -------------------------------------------------------------------------------
 --------------- cycle=   450 ------ stepsize=    0.0009 -----------------------
 | Etotal =13895.999  grad(E)=15.618     E(BOND)=237.815    E(ANGL)=1863.583   |
 | E(DIHE)=158.499    E(IMPR)=93.328     E(VDW )=11542.774                     |
 -------------------------------------------------------------------------------
 --------------- cycle=   500 ------ stepsize=   -0.0001 -----------------------
 | Etotal =13895.998  grad(E)=15.619     E(BOND)=237.810    E(ANGL)=1863.718   |
 | E(DIHE)=158.564    E(IMPR)=93.341     E(VDW )=11542.564                     |
 -------------------------------------------------------------------------------
 POWELL: STEP number limit. Normal termination
 POWELL: Current coordinates set to last minimum
 POWELL: number of degrees of freedom= 18264
 NBONDS: found   674466 intra-atom interactions
 --------------- cycle=     5 ------ stepsize=    0.0006 -----------------------
 | Etotal =13662.653  grad(E)=15.609     E(BOND)=234.580    E(ANGL)=1863.316   |
 | E(DIHE)=158.568    E(IMPR)=92.215     E(VDW )=11313.973                     |
 -------------------------------------------------------------------------------
 --------------- cycle=    10 ------ stepsize=    0.0010 -----------------------
 | Etotal =13654.923  grad(E)=15.617     E(BOND)=234.745    E(ANGL)=1863.576   |
 | E(DIHE)=158.576    E(IMPR)=91.576     E(VDW )=11306.450                     |
 -------------------------------------------------------------------------------
 --------------- cycle=    15 ------ stepsize=   -0.0001 -----------------------
 | Etotal =13652.754  grad(E)=15.629     E(BOND)=235.440    E(ANGL)=1863.973   |
 | E(DIHE)=158.609    E(IMPR)=91.208     E(VDW )=11303.524                     |
 -------------------------------------------------------------------------------
 --------------- cycle=    20 ------ stepsize=    0.0010 -----------------------
 | Etotal =13650.160  grad(E)=15.605     E(BOND)=234.268    E(ANGL)=1863.318   |
 | E(DIHE)=158.639    E(IMPR)=92.038     E(VDW )=11301.898                     |
 -------------------------------------------------------------------------------
 NBONDS: found   674580 intra-atom interactions
 --------------- cycle=    25 ------ stepsize=   -0.0005 -----------------------
 | Etotal =13646.749  grad(E)=15.604     E(BOND)=233.784    E(ANGL)=1863.915   |
 | E(DIHE)=158.724    E(IMPR)=91.839     E(VDW )=11298.488                     |
 -------------------------------------------------------------------------------
 --------------- cycle=    30 ------ stepsize=    0.0007 -----------------------
 | Etotal =13645.907  grad(E)=15.591     E(BOND)=233.610    E(ANGL)=1862.249   |
 | E(DIHE)=158.742    E(IMPR)=92.048     E(VDW )=11299.257                     |
 -------------------------------------------------------------------------------
 --------------- cycle=    35 ------ stepsize=    0.0002 -----------------------
 | Etotal =13645.768  grad(E)=15.588     E(BOND)=233.623    E(ANGL)=1862.016   |
 | E(DIHE)=158.728    E(IMPR)=92.000     E(VDW )=11299.401                     |
 -------------------------------------------------------------------------------
 --------------- cycle=    40 ------ stepsize=    0.0015 -----------------------
 | Etotal =13645.597  grad(E)=15.593     E(BOND)=233.741    E(ANGL)=1862.221   |
 | E(DIHE)=158.684    E(IMPR)=91.785     E(VDW )=11299.165                     |
 -------------------------------------------------------------------------------
 --------------- cycle=    45 ------ stepsize=    0.0004 -----------------------
 | Etotal =13645.552  grad(E)=15.593     E(BOND)=233.773    E(ANGL)=1862.216   |
 | E(DIHE)=158.685    E(IMPR)=91.798     E(VDW )=11299.080                     |
 -------------------------------------------------------------------------------
 --------------- cycle=    50 ------ stepsize=    0.0009 -----------------------
 | Etotal =13645.514  grad(E)=15.591     E(BOND)=233.725    E(ANGL)=1862.229   |
 | E(DIHE)=158.681    E(IMPR)=91.882     E(VDW )=11298.996                     |
 -------------------------------------------------------------------------------
 POWELL: STEP number limit. Normal termination
 POWELL: Current coordinates set to last minimum
 %PARRDR-info: duplication of bond HC   NC2 
 %PARRDR-info: duplication of angle CH2E C    NH1 
 %PARRDR-info: duplication of angle CH2P CH2E HA  
 POWELL: number of degrees of freedom= 18264
 NBONDS: generating intra-molecular exclusion list with mode= 5
 MAKINB: mode   5 found  17659 exclusions and  17765 interactions(1-4)
 NBONDS: found   893042 intra-atom interactions
 POWELL: Line search terminated
 POWELL: Current coordinates set to last minimum
 --------------- cycle=     1 --------------------------------------------------
 | Etotal =749.904    grad(E)=9.741      E(BOND)=10.170     E(ANGL)=1126.638   |
 | E(DIHE)=89.665     E(IMPR)=47.013     E(VDW )=-524.624   E(ELEC)=1.042      |
 -------------------------------------------------------------------------------
 SURFAC: half the sigma value being used for atomic radii.
 SURFAC: ACCEssible surface area
 SURFAC: ACCUracy= 0.07 RH2O=  1.40
         Z-grid=  0.32 number-of-Z-sections=  213
         measures-of-arc= 93599 and150463
 SURFAC: half the sigma value being used for atomic radii.
 SURFAC: ACCEssible surface area
 SURFAC: ACCUracy= 0.07 RH2O=  1.40
         Z-grid=  0.32 number-of-Z-sections=  137
         measures-of-arc= 25579 and 46601
 SURFAC: half the sigma value being used for atomic radii.
 SURFAC: ACCEssible surface area
 SURFAC: ACCUracy= 0.07 RH2O=  1.40
         Z-grid=  0.32 number-of-Z-sections=  213
         measures-of-arc=120884 and197486
 %PARRDR-info: duplication of bond HC   NC2 
 %PARRDR-info: duplication of angle CH2E C    NH1 
 %PARRDR-info: duplication of angle CH2P CH2E HA  
 NBONDS: generating intra-molecular exclusion list with mode= 5
 MAKINB: mode   5 found      5 exclusions and     10 interactions(1-4)
 NBONDS: found     3072 intra-atom interactions
 --------------- cycle=     2 --------------------------------------------------
 | Etotal =-55.225    grad(E)=0.157      E(VDW )=-9.540     E(ELEC)=-45.685    |
 -------------------------------------------------------------------------------
 NBONDS: generating intra-molecular exclusion list with mode= 5
 MAKINB: mode   5 found     10 exclusions and     20 interactions(1-4)
 NBONDS: found     2266 intra-atom interactions
 --------------- cycle=     3 --------------------------------------------------
 | Etotal =-82.555    grad(E)=0.213      E(VDW )=-9.740     E(ELEC)=-72.816    |
 -------------------------------------------------------------------------------
 NBONDS: generating intra-molecular exclusion list with mode= 5
 MAKINB: mode   5 found     10 exclusions and     20 interactions(1-4)
 NBONDS: found     4277 intra-atom interactions
 --------------- cycle=     4 --------------------------------------------------
 | Etotal =-99.505    grad(E)=0.248      E(VDW )=-15.369    E(ELEC)=-84.137    |
 -------------------------------------------------------------------------------
 NBONDS: generating intra-molecular exclusion list with mode= 5
 MAKINB: mode   5 found     10 exclusions and     20 interactions(1-4)
 NBONDS: found     2808 intra-atom interactions
 --------------- cycle=     5 --------------------------------------------------
 | Etotal =-97.860    grad(E)=0.202      E(VDW )=-7.611     E(ELEC)=-90.249    |
 -------------------------------------------------------------------------------
 NBONDS: generating intra-molecular exclusion list with mode= 5
 MAKINB: mode   5 found     10 exclusions and     20 interactions(1-4)
 NBONDS: found     3192 intra-atom interactions
 --------------- cycle=     6 --------------------------------------------------
 | Etotal =-104.790   grad(E)=0.290      E(VDW )=-7.850     E(ELEC)=-96.940    |
 -------------------------------------------------------------------------------
 NBONDS: generating intra-molecular exclusion list with mode= 5
 MAKINB: mode   5 found     10 exclusions and     20 interactions(1-4)
 NBONDS: found     3005 intra-atom interactions
 --------------- cycle=     7 --------------------------------------------------
 | Etotal =-89.823    grad(E)=0.237      E(VDW )=-8.427     E(ELEC)=-81.395    |
 -------------------------------------------------------------------------------
 NBONDS: generating intra-molecular exclusion list with mode= 5
 MAKINB: mode   5 found     10 exclusions and     20 interactions(1-4)
 NBONDS: found     5398 intra-atom interactions
 --------------- cycle=     8 --------------------------------------------------
 | Etotal =-92.296    grad(E)=0.190      E(VDW )=-15.945    E(ELEC)=-76.352    |
 -------------------------------------------------------------------------------
 NBONDS: generating intra-molecular exclusion list with mode= 5
 MAKINB: mode   5 found     10 exclusions and     20 interactions(1-4)
 NBONDS: found     5379 intra-atom interactions
 --------------- cycle=     9 --------------------------------------------------
 | Etotal =-96.942    grad(E)=0.205      E(VDW )=-12.903    E(ELEC)=-84.039    |
 -------------------------------------------------------------------------------
 NBONDS: generating intra-molecular exclusion list with mode= 5
 MAKINB: mode   5 found     10 exclusions and     20 interactions(1-4)
 NBONDS: found     3296 intra-atom interactions
 --------------- cycle=    10 --------------------------------------------------
 | Etotal =-113.418   grad(E)=0.278      E(VDW )=-10.379    E(ELEC)=-103.039   |
 -------------------------------------------------------------------------------
 NBONDS: generating intra-molecular exclusion list with mode= 5
 MAKINB: mode   5 found     10 exclusions and     20 interactions(1-4)
 NBONDS: found     5226 intra-atom interactions
 --------------- cycle=    11 --------------------------------------------------
 | Etotal =-160.335   grad(E)=0.345      E(VDW )=-14.188    E(ELEC)=-146.147   |
 -------------------------------------------------------------------------------
 NBONDS: generating intra-molecular exclusion list with mode= 5
 MAKINB: mode   5 found     10 exclusions and     20 interactions(1-4)
 NBONDS: found     5511 intra-atom interactions
 --------------- cycle=    12 --------------------------------------------------
 | Etotal =-102.865   grad(E)=0.227      E(VDW )=-14.187    E(ELEC)=-88.678    |
 -------------------------------------------------------------------------------
 NBONDS: generating intra-molecular exclusion list with mode= 5
 MAKINB: mode   5 found     10 exclusions and     20 interactions(1-4)
 NBONDS: found     3547 intra-atom interactions
 --------------- cycle=    13 --------------------------------------------------
 | Etotal =-102.904   grad(E)=0.248      E(VDW )=-12.997    E(ELEC)=-89.908    |
 -------------------------------------------------------------------------------
 NBONDS: generating intra-molecular exclusion list with mode= 5
 MAKINB: mode   5 found     10 exclusions and     20 interactions(1-4)
 NBONDS: found     4351 intra-atom interactions
 --------------- cycle=    14 --------------------------------------------------
 | Etotal =-95.999    grad(E)=0.185      E(VDW )=-13.917    E(ELEC)=-82.082    |
 -------------------------------------------------------------------------------
 NBONDS: generating intra-molecular exclusion list with mode= 5
 MAKINB: mode   5 found     10 exclusions and     20 interactions(1-4)
 NBONDS: found     3403 intra-atom interactions
 --------------- cycle=    15 --------------------------------------------------
 | Etotal =-133.476   grad(E)=0.370      E(VDW )=-11.799    E(ELEC)=-121.677   |
 -------------------------------------------------------------------------------
 NBONDS: generating intra-molecular exclusion list with mode= 5
 MAKINB: mode   5 found     10 exclusions and     20 interactions(1-4)
 NBONDS: found     3981 intra-atom interactions
 --------------- cycle=    16 --------------------------------------------------
 | Etotal =-214.396   grad(E)=0.778      E(VDW )=-6.496     E(ELEC)=-207.900   |
 -------------------------------------------------------------------------------
 NBONDS: generating intra-molecular exclusion list with mode= 5
 MAKINB: mode   5 found     10 exclusions and     20 interactions(1-4)
 NBONDS: found     3093 intra-atom interactions
 --------------- cycle=    17 --------------------------------------------------
 | Etotal =-155.238   grad(E)=0.514      E(VDW )=-11.416    E(ELEC)=-143.822   |
 -------------------------------------------------------------------------------
 NBONDS: generating intra-molecular exclusion list with mode= 5
 MAKINB: mode   5 found     10 exclusions and     20 interactions(1-4)
 NBONDS: found     4100 intra-atom interactions
 --------------- cycle=    18 --------------------------------------------------
 | Etotal =-103.995   grad(E)=0.214      E(VDW )=-12.338    E(ELEC)=-91.657    |
 -------------------------------------------------------------------------------
 NBONDS: generating intra-molecular exclusion list with mode= 5
 MAKINB: mode   5 found     10 exclusions and     20 interactions(1-4)
 NBONDS: found     5721 intra-atom interactions
 --------------- cycle=    19 --------------------------------------------------
 | Etotal =-125.479   grad(E)=0.345      E(VDW )=-22.579    E(ELEC)=-102.899   |
 -------------------------------------------------------------------------------
 NBONDS: generating intra-molecular exclusion list with mode= 5
 MAKINB: mode   5 found     10 exclusions and     20 interactions(1-4)
 NBONDS: found     3860 intra-atom interactions
 --------------- cycle=    20 --------------------------------------------------
 | Etotal =-116.042   grad(E)=0.311      E(VDW )=-15.161    E(ELEC)=-100.881   |
 -------------------------------------------------------------------------------
 NBONDS: generating intra-molecular exclusion list with mode= 5
 MAKINB: mode   5 found     10 exclusions and     20 interactions(1-4)
 NBONDS: found     4618 intra-atom interactions
 --------------- cycle=    21 --------------------------------------------------
 | Etotal =-91.163    grad(E)=0.213      E(VDW )=-11.082    E(ELEC)=-80.081    |
 -------------------------------------------------------------------------------
 NBONDS: generating intra-molecular exclusion list with mode= 5
 MAKINB: mode   5 found     10 exclusions and     20 interactions(1-4)
 NBONDS: found     4084 intra-atom interactions
 --------------- cycle=    22 --------------------------------------------------
 | Etotal =-114.800   grad(E)=0.252      E(VDW )=-16.436    E(ELEC)=-98.364    |
 -------------------------------------------------------------------------------
 NBONDS: generating intra-molecular exclusion list with mode= 5
 MAKINB: mode   5 found     10 exclusions and     20 interactions(1-4)
 NBONDS: found     3761 intra-atom interactions
 --------------- cycle=    23 --------------------------------------------------
 | Etotal =-93.768    grad(E)=0.172      E(VDW )=-12.123    E(ELEC)=-81.646    |
 -------------------------------------------------------------------------------
 NBONDS: generating intra-molecular exclusion list with mode= 5
 MAKINB: mode   5 found     10 exclusions and     20 interactions(1-4)
 NBONDS: found     2754 intra-atom interactions
 --------------- cycle=    24 --------------------------------------------------
 | Etotal =-90.695    grad(E)=0.207      E(VDW )=-8.699     E(ELEC)=-81.996    |
 -------------------------------------------------------------------------------
 NBONDS: generating intra-molecular exclusion list with mode= 5
 MAKINB: mode   5 found     10 exclusions and     20 interactions(1-4)
 NBONDS: found     2033 intra-atom interactions
 --------------- cycle=    25 --------------------------------------------------
 | Etotal =-86.655    grad(E)=0.162      E(VDW )=-6.823     E(ELEC)=-79.832    |
 -------------------------------------------------------------------------------
 NBONDS: generating intra-molecular exclusion list with mode= 5
 MAKINB: mode   5 found     10 exclusions and     20 interactions(1-4)
 NBONDS: found     4785 intra-atom interactions
 --------------- cycle=    26 --------------------------------------------------
 | Etotal =-51.777    grad(E)=2.158      E(VDW )=16.545     E(ELEC)=-68.322    |
 -------------------------------------------------------------------------------
 NBONDS: generating intra-molecular exclusion list with mode= 5
 MAKINB: mode   5 found     10 exclusions and     23 interactions(1-4)
 NBONDS: found     2285 intra-atom interactions
 --------------- cycle=    27 --------------------------------------------------
 | Etotal =-56.874    grad(E)=0.202      E(VDW )=-0.167     E(ELEC)=-56.707    |
 -------------------------------------------------------------------------------
 NBONDS: generating intra-molecular exclusion list with mode= 5
 MAKINB: mode   5 found     10 exclusions and     23 interactions(1-4)
 NBONDS: found     1976 intra-atom interactions
 --------------- cycle=    28 --------------------------------------------------
 | Etotal =-65.856    grad(E)=0.241      E(VDW )=0.787      E(ELEC)=-66.642    |
 -------------------------------------------------------------------------------
 NBONDS: generating intra-molecular exclusion list with mode= 5
 MAKINB: mode   5 found     10 exclusions and     20 interactions(1-4)
 NBONDS: found     1545 intra-atom interactions
 --------------- cycle=    29 --------------------------------------------------
 | Etotal =-79.825    grad(E)=0.358      E(VDW )=6.215      E(ELEC)=-86.039    |
 -------------------------------------------------------------------------------
 NBONDS: generating intra-molecular exclusion list with mode= 5
 MAKINB: mode   5 found     10 exclusions and     20 interactions(1-4)
 NBONDS: found     2557 intra-atom interactions
 --------------- cycle=    30 --------------------------------------------------
 | Etotal =-81.813    grad(E)=0.210      E(VDW )=-9.071     E(ELEC)=-72.741    |
 -------------------------------------------------------------------------------
 NBONDS: generating intra-molecular exclusion list with mode= 5
 MAKINB: mode   5 found     10 exclusions and     20 interactions(1-4)
 NBONDS: found     5145 intra-atom interactions
 --------------- cycle=    31 --------------------------------------------------
 | Etotal =-100.544   grad(E)=0.148      E(VDW )=-21.377    E(ELEC)=-79.167    |
 -------------------------------------------------------------------------------
 NBONDS: generating intra-molecular exclusion list with mode= 5
 MAKINB: mode   5 found     10 exclusions and     20 interactions(1-4)
 NBONDS: found     1901 intra-atom interactions
 --------------- cycle=    32 --------------------------------------------------
 | Etotal =-81.200    grad(E)=0.264      E(VDW )=-2.310     E(ELEC)=-78.891    |
 -------------------------------------------------------------------------------
 NBONDS: generating intra-molecular exclusion list with mode= 5
 MAKINB: mode   5 found     10 exclusions and     20 interactions(1-4)
 NBONDS: found     5082 intra-atom interactions
 --------------- cycle=    33 --------------------------------------------------
 | Etotal =-145.913   grad(E)=0.546      E(VDW )=-10.540    E(ELEC)=-135.373   |
 -------------------------------------------------------------------------------
 NBONDS: generating intra-molecular exclusion list with mode= 5
 MAKINB: mode   5 found     10 exclusions and     20 interactions(1-4)
 NBONDS: found     1930 intra-atom interactions
 --------------- cycle=    34 --------------------------------------------------
 | Etotal =-78.010    grad(E)=0.164      E(VDW )=-4.555     E(ELEC)=-73.455    |
 -------------------------------------------------------------------------------
 NBONDS: generating intra-molecular exclusion list with mode= 5
 MAKINB: mode   5 found     10 exclusions and     20 interactions(1-4)
 NBONDS: found     3389 intra-atom interactions
 --------------- cycle=    35 --------------------------------------------------
 | Etotal =-160.106   grad(E)=0.622      E(VDW )=-12.033    E(ELEC)=-148.074   |
 -------------------------------------------------------------------------------
 NBONDS: generating intra-molecular exclusion list with mode= 5
 MAKINB: mode   5 found     10 exclusions and     20 interactions(1-4)
 NBONDS: found     5402 intra-atom interactions
 --------------- cycle=    36 --------------------------------------------------
 | Etotal =-80.858    grad(E)=0.134      E(VDW )=-21.273    E(ELEC)=-59.585    |
 -------------------------------------------------------------------------------
 NBONDS: generating intra-molecular exclusion list with mode= 5
 MAKINB: mode   5 found     10 exclusions and     20 interactions(1-4)
 NBONDS: found     6576 intra-atom interactions
 --------------- cycle=    37 --------------------------------------------------
 | Etotal =-172.712   grad(E)=0.600      E(VDW )=-19.419    E(ELEC)=-153.293   |
 -------------------------------------------------------------------------------
 NBONDS: generating intra-molecular exclusion list with mode= 5
 MAKINB: mode   5 found     10 exclusions and     20 interactions(1-4)
 NBONDS: found     4153 intra-atom interactions
 --------------- cycle=    38 --------------------------------------------------
 | Etotal =-90.623    grad(E)=0.195      E(VDW )=-10.881    E(ELEC)=-79.742    |
 -------------------------------------------------------------------------------
 NBONDS: generating intra-molecular exclusion list with mode= 5
 MAKINB: mode   5 found     10 exclusions and     20 interactions(1-4)
 NBONDS: found     2327 intra-atom interactions
 --------------- cycle=    39 --------------------------------------------------
 | Etotal =-81.804    grad(E)=0.144      E(VDW )=-8.633     E(ELEC)=-73.171    |
 -------------------------------------------------------------------------------
 NBONDS: generating intra-molecular exclusion list with mode= 5
 MAKINB: mode   5 found     10 exclusions and     20 interactions(1-4)
 NBONDS: found     3269 intra-atom interactions
 --------------- cycle=    40 --------------------------------------------------
 | Etotal =-121.006   grad(E)=0.337      E(VDW )=-5.592     E(ELEC)=-115.414   |
 -------------------------------------------------------------------------------
 NBONDS: generating intra-molecular exclusion list with mode= 5
 MAKINB: mode   5 found     10 exclusions and     20 interactions(1-4)
 NBONDS: found     6054 intra-atom interactions
 --------------- cycle=    41 --------------------------------------------------
 | Etotal =-191.323   grad(E)=0.490      E(VDW )=-17.696    E(ELEC)=-173.627   |
 -------------------------------------------------------------------------------
 NBONDS: generating intra-molecular exclusion list with mode= 5
 MAKINB: mode   5 found      5 exclusions and     10 interactions(1-4)
 NBONDS: found     1723 intra-atom interactions
 --------------- cycle=    42 --------------------------------------------------
 | Etotal =-22.571    grad(E)=0.161      E(VDW )=-2.883     E(ELEC)=-19.688    |
 -------------------------------------------------------------------------------
 NBONDS: generating intra-molecular exclusion list with mode= 5
 MAKINB: mode   5 found     10 exclusions and     20 interactions(1-4)
 NBONDS: found     6398 intra-atom interactions
 --------------- cycle=    43 --------------------------------------------------
 | Etotal =-192.493   grad(E)=0.503      E(VDW )=-20.521    E(ELEC)=-171.972   |
 -------------------------------------------------------------------------------
 NBONDS: generating intra-molecular exclusion list with mode= 5
 MAKINB: mode   5 found     10 exclusions and     20 interactions(1-4)
 NBONDS: found     1914 intra-atom interactions
 --------------- cycle=    44 --------------------------------------------------
 | Etotal =-72.887    grad(E)=0.164      E(VDW )=-6.633     E(ELEC)=-66.254    |
 -------------------------------------------------------------------------------
 NBONDS: generating intra-molecular exclusion list with mode= 5
 MAKINB: mode   5 found     10 exclusions and     20 interactions(1-4)
 NBONDS: found     2535 intra-atom interactions
 --------------- cycle=    45 --------------------------------------------------
 | Etotal =-215.921   grad(E)=0.579      E(VDW )=-8.859     E(ELEC)=-207.062   |
 -------------------------------------------------------------------------------
 NBONDS: generating intra-molecular exclusion list with mode= 5
 MAKINB: mode   5 found     10 exclusions and     20 interactions(1-4)
 NBONDS: found     3868 intra-atom interactions
 --------------- cycle=    46 --------------------------------------------------
 | Etotal =-165.692   grad(E)=0.474      E(VDW )=-17.068    E(ELEC)=-148.624   |
 -------------------------------------------------------------------------------
 NBONDS: generating intra-molecular exclusion list with mode= 5
 MAKINB: mode   5 found     10 exclusions and     20 interactions(1-4)
 NBONDS: found     4192 intra-atom interactions
 --------------- cycle=    47 --------------------------------------------------
 | Etotal =-124.206   grad(E)=0.236      E(VDW )=-13.528    E(ELEC)=-110.678   |
 -------------------------------------------------------------------------------
 NBONDS: generating intra-molecular exclusion list with mode= 5
 MAKINB: mode   5 found     10 exclusions and     20 interactions(1-4)
 NBONDS: found     5236 intra-atom interactions
 --------------- cycle=    48 --------------------------------------------------
 | Etotal =-105.870   grad(E)=0.233      E(VDW )=-26.014    E(ELEC)=-79.856    |
 -------------------------------------------------------------------------------
 NBONDS: generating intra-molecular exclusion list with mode= 5
 MAKINB: mode   5 found     10 exclusions and     20 interactions(1-4)
 NBONDS: found     1804 intra-atom interactions
 --------------- cycle=    49 --------------------------------------------------
 | Etotal =-56.036    grad(E)=0.138      E(VDW )=-3.307     E(ELEC)=-52.730    |
 -------------------------------------------------------------------------------
 NBONDS: generating intra-molecular exclusion list with mode= 5
 MAKINB: mode   5 found     10 exclusions and     20 interactions(1-4)
 NBONDS: found      947 intra-atom interactions
 --------------- cycle=    50 --------------------------------------------------
 | Etotal =-61.823    grad(E)=0.132      E(VDW )=-3.009     E(ELEC)=-58.814    |
 -------------------------------------------------------------------------------
 NBONDS: generating intra-molecular exclusion list with mode= 5
 MAKINB: mode   5 found     10 exclusions and     20 interactions(1-4)
 NBONDS: found     1302 intra-atom interactions
 --------------- cycle=    51 --------------------------------------------------
 | Etotal =-66.396    grad(E)=0.137      E(VDW )=-7.707     E(ELEC)=-58.689    |
 -------------------------------------------------------------------------------
 NBONDS: generating intra-molecular exclusion list with mode= 5
 MAKINB: mode   5 found     10 exclusions and     20 interactions(1-4)
 NBONDS: found     3004 intra-atom interactions
 --------------- cycle=    52 --------------------------------------------------
 | Etotal =-108.515   grad(E)=0.366      E(VDW )=-14.740    E(ELEC)=-93.775    |
 -------------------------------------------------------------------------------
 NBONDS: generating intra-molecular exclusion list with mode= 5
 MAKINB: mode   5 found     10 exclusions and     20 interactions(1-4)
 NBONDS: found     3705 intra-atom interactions
 --------------- cycle=    53 --------------------------------------------------
 | Etotal =-95.267    grad(E)=0.332      E(VDW )=-13.822    E(ELEC)=-81.444    |
 -------------------------------------------------------------------------------
 NBONDS: generating intra-molecular exclusion list with mode= 5
 MAKINB: mode   5 found     10 exclusions and     20 interactions(1-4)
 NBONDS: found     6278 intra-atom interactions
 --------------- cycle=    54 --------------------------------------------------
 | Etotal =-87.650    grad(E)=0.562      E(VDW )=-19.210    E(ELEC)=-68.440    |
 -------------------------------------------------------------------------------
 NBONDS: generating intra-molecular exclusion list with mode= 5
 MAKINB: mode   5 found     10 exclusions and     20 interactions(1-4)
 NBONDS: found     5544 intra-atom interactions
 --------------- cycle=    55 --------------------------------------------------
 | Etotal =-88.259    grad(E)=0.135      E(VDW )=-18.138    E(ELEC)=-70.121    |
 -------------------------------------------------------------------------------
 NBONDS: generating intra-molecular exclusion list with mode= 5
 MAKINB: mode   5 found     10 exclusions and     20 interactions(1-4)
 NBONDS: found     5775 intra-atom interactions
 --------------- cycle=    56 --------------------------------------------------
 | Etotal =-89.856    grad(E)=0.152      E(VDW )=-22.915    E(ELEC)=-66.941    |
 -------------------------------------------------------------------------------
 NBONDS: generating intra-molecular exclusion list with mode= 5
 MAKINB: mode   5 found     10 exclusions and     20 interactions(1-4)
 NBONDS: found     5178 intra-atom interactions
 --------------- cycle=    57 --------------------------------------------------
 | Etotal =-86.765    grad(E)=0.276      E(VDW )=-12.998    E(ELEC)=-73.767    |
 -------------------------------------------------------------------------------
 NBONDS: generating intra-molecular exclusion list with mode= 5
 MAKINB: mode   5 found     10 exclusions and     20 interactions(1-4)
 NBONDS: found     3332 intra-atom interactions
 --------------- cycle=    58 --------------------------------------------------
 | Etotal =-61.203    grad(E)=0.189      E(VDW )=-8.191     E(ELEC)=-53.012    |
 -------------------------------------------------------------------------------
 NBONDS: generating intra-molecular exclusion list with mode= 5
 MAKINB: mode   5 found     10 exclusions and     20 interactions(1-4)
 NBONDS: found     2337 intra-atom interactions
 --------------- cycle=    59 --------------------------------------------------
 | Etotal =-71.163    grad(E)=0.110      E(VDW )=-9.224     E(ELEC)=-61.940    |
 -------------------------------------------------------------------------------
 NBONDS: generating intra-molecular exclusion list with mode= 5
 MAKINB: mode   5 found     10 exclusions and     20 interactions(1-4)
 NBONDS: found     1096 intra-atom interactions
 --------------- cycle=    60 --------------------------------------------------
 | Etotal =-62.398    grad(E)=0.121      E(VDW )=-4.628     E(ELEC)=-57.770    |
 -------------------------------------------------------------------------------
 NBONDS: generating intra-molecular exclusion list with mode= 5
 MAKINB: mode   5 found     10 exclusions and     20 interactions(1-4)
 NBONDS: found      939 intra-atom interactions
 --------------- cycle=    61 --------------------------------------------------
 | Etotal =-70.578    grad(E)=0.123      E(VDW )=-3.633     E(ELEC)=-66.945    |
 -------------------------------------------------------------------------------
 NBONDS: generating intra-molecular exclusion list with mode= 5
 MAKINB: mode   5 found     10 exclusions and     23 interactions(1-4)
 NBONDS: found     1869 intra-atom interactions
 --------------- cycle=    62 --------------------------------------------------
 | Etotal =-72.513    grad(E)=0.199      E(VDW )=-7.263     E(ELEC)=-65.250    |
 -------------------------------------------------------------------------------
 NBONDS: generating intra-molecular exclusion list with mode= 5
 MAKINB: mode   5 found     10 exclusions and     20 interactions(1-4)
 NBONDS: found      932 intra-atom interactions
 --------------- cycle=    63 --------------------------------------------------
 | Etotal =-61.142    grad(E)=0.135      E(VDW )=-1.236     E(ELEC)=-59.906    |
 -------------------------------------------------------------------------------
 NBONDS: generating intra-molecular exclusion list with mode= 5
 MAKINB: mode   5 found     10 exclusions and     20 interactions(1-4)
 NBONDS: found     3818 intra-atom interactions
 --------------- cycle=    64 --------------------------------------------------
 | Etotal =-33.635    grad(E)=2.164      E(VDW )=26.977     E(ELEC)=-60.612    |
 -------------------------------------------------------------------------------
 NBONDS: generating intra-molecular exclusion list with mode= 5
 MAKINB: mode   5 found     10 exclusions and     20 interactions(1-4)
 NBONDS: found     3231 intra-atom interactions
 --------------- cycle=    65 --------------------------------------------------
 | Etotal =-88.731    grad(E)=0.238      E(VDW )=-13.921    E(ELEC)=-74.810    |
 -------------------------------------------------------------------------------
 NBONDS: generating intra-molecular exclusion list with mode= 5
 MAKINB: mode   5 found     10 exclusions and     20 interactions(1-4)
 NBONDS: found     5314 intra-atom interactions
 --------------- cycle=    66 --------------------------------------------------
 | Etotal =-89.416    grad(E)=0.162      E(VDW )=-24.810    E(ELEC)=-64.606    |
 -------------------------------------------------------------------------------
 NBONDS: generating intra-molecular exclusion list with mode= 5
 MAKINB: mode   5 found     10 exclusions and     23 interactions(1-4)
 NBONDS: found     3658 intra-atom interactions
 --------------- cycle=    67 --------------------------------------------------
 | Etotal =-73.756    grad(E)=0.308      E(VDW )=-7.366     E(ELEC)=-66.389    |
 -------------------------------------------------------------------------------
 NBONDS: generating intra-molecular exclusion list with mode= 5
 MAKINB: mode   5 found     10 exclusions and     23 interactions(1-4)
 NBONDS: found     4041 intra-atom interactions
 --------------- cycle=    68 --------------------------------------------------
 | Etotal =-79.538    grad(E)=0.242      E(VDW )=-13.169    E(ELEC)=-66.369    |
 -------------------------------------------------------------------------------
 NBONDS: generating intra-molecular exclusion list with mode= 5
 MAKINB: mode   5 found     10 exclusions and     20 interactions(1-4)
 NBONDS: found     4492 intra-atom interactions
 --------------- cycle=    69 --------------------------------------------------
 | Etotal =-81.863    grad(E)=0.153      E(VDW )=-16.864    E(ELEC)=-64.999    |
 -------------------------------------------------------------------------------
 NBONDS: generating intra-molecular exclusion list with mode= 5
 MAKINB: mode   5 found     10 exclusions and     20 interactions(1-4)
 NBONDS: found     4475 intra-atom interactions
 --------------- cycle=    70 --------------------------------------------------
 | Etotal =-144.158   grad(E)=0.370      E(VDW )=-16.036    E(ELEC)=-128.122   |
 -------------------------------------------------------------------------------
 NBONDS: generating intra-molecular exclusion list with mode= 5
 MAKINB: mode   5 found     10 exclusions and     20 interactions(1-4)
 NBONDS: found     2506 intra-atom interactions
 --------------- cycle=    71 --------------------------------------------------
 | Etotal =-65.359    grad(E)=0.117      E(VDW )=-10.799    E(ELEC)=-54.561    |
 -------------------------------------------------------------------------------
 NBONDS: generating intra-molecular exclusion list with mode= 5
 MAKINB: mode   5 found     10 exclusions and     20 interactions(1-4)
 NBONDS: found     6371 intra-atom interactions
 --------------- cycle=    72 --------------------------------------------------
 | Etotal =-95.488    grad(E)=0.348      E(VDW )=-15.943    E(ELEC)=-79.545    |
 -------------------------------------------------------------------------------
 NBONDS: generating intra-molecular exclusion list with mode= 5
 MAKINB: mode   5 found     10 exclusions and     20 interactions(1-4)
 NBONDS: found     1978 intra-atom interactions
 --------------- cycle=    73 --------------------------------------------------
 | Etotal =-73.117    grad(E)=0.145      E(VDW )=-7.080     E(ELEC)=-66.037    |
 -------------------------------------------------------------------------------
 NBONDS: generating intra-molecular exclusion list with mode= 5
 MAKINB: mode   5 found     10 exclusions and     20 interactions(1-4)
 NBONDS: found     6156 intra-atom interactions
 --------------- cycle=    74 --------------------------------------------------
 | Etotal =-95.711    grad(E)=0.140      E(VDW )=-29.826    E(ELEC)=-65.885    |
 -------------------------------------------------------------------------------
 NBONDS: generating intra-molecular exclusion list with mode= 5
 MAKINB: mode   5 found     10 exclusions and     23 interactions(1-4)
 NBONDS: found     4498 intra-atom interactions
 --------------- cycle=    75 --------------------------------------------------
 | Etotal =-81.860    grad(E)=0.216      E(VDW )=-19.832    E(ELEC)=-62.029    |
 -------------------------------------------------------------------------------
 NBONDS: generating intra-molecular exclusion list with mode= 5
 MAKINB: mode   5 found     10 exclusions and     23 interactions(1-4)
 NBONDS: found     2831 intra-atom interactions
 --------------- cycle=    76 --------------------------------------------------
 | Etotal =-79.572    grad(E)=0.148      E(VDW )=-9.195     E(ELEC)=-70.377    |
 -------------------------------------------------------------------------------
 NBONDS: generating intra-molecular exclusion list with mode= 5
 MAKINB: mode   5 found     10 exclusions and     20 interactions(1-4)
 NBONDS: found     3070 intra-atom interactions
 --------------- cycle=    77 --------------------------------------------------
 | Etotal =-81.736    grad(E)=0.247      E(VDW )=-7.161     E(ELEC)=-74.575    |
 -------------------------------------------------------------------------------
 NBONDS: generating intra-molecular exclusion list with mode= 5
 MAKINB: mode   5 found     10 exclusions and     20 interactions(1-4)
 NBONDS: found     3883 intra-atom interactions
 --------------- cycle=    78 --------------------------------------------------
 | Etotal =-93.948    grad(E)=0.268      E(VDW )=-13.508    E(ELEC)=-80.440    |
 -------------------------------------------------------------------------------
 NBONDS: generating intra-molecular exclusion list with mode= 5
 MAKINB: mode   5 found     10 exclusions and     20 interactions(1-4)
 NBONDS: found     1781 intra-atom interactions
 --------------- cycle=    79 --------------------------------------------------
 | Etotal =-58.706    grad(E)=0.180      E(VDW )=-4.288     E(ELEC)=-54.418    |
 -------------------------------------------------------------------------------
 NBONDS: generating intra-molecular exclusion list with mode= 5
 MAKINB: mode   5 found     10 exclusions and     20 interactions(1-4)
 NBONDS: found     2675 intra-atom interactions
 --------------- cycle=    80 --------------------------------------------------
 | Etotal =-68.159    grad(E)=0.139      E(VDW )=-8.324     E(ELEC)=-59.836    |
 -------------------------------------------------------------------------------
 NBONDS: generating intra-molecular exclusion list with mode= 5
 MAKINB: mode   5 found     10 exclusions and     20 interactions(1-4)
 NBONDS: found     1586 intra-atom interactions
 --------------- cycle=    81 --------------------------------------------------
 | Etotal =-74.596    grad(E)=0.200      E(VDW )=-5.630     E(ELEC)=-68.966    |
 -------------------------------------------------------------------------------
 NBONDS: generating intra-molecular exclusion list with mode= 5
 MAKINB: mode   5 found     10 exclusions and     20 interactions(1-4)
 NBONDS: found     5536 intra-atom interactions
 --------------- cycle=    82 --------------------------------------------------
 | Etotal =-105.039   grad(E)=0.279      E(VDW )=-23.971    E(ELEC)=-81.068    |
 -------------------------------------------------------------------------------
 NBONDS: generating intra-molecular exclusion list with mode= 5
 MAKINB: mode   5 found     10 exclusions and     23 interactions(1-4)
 NBONDS: found     4175 intra-atom interactions
 --------------- cycle=    83 --------------------------------------------------
 | Etotal =-101.307   grad(E)=0.252      E(VDW )=-14.905    E(ELEC)=-86.402    |
 -------------------------------------------------------------------------------
 HEAP: maximum use      =    22476480 current use      =       96000 bytes
 HEAP: maximum overhead =        2800 current overhead =         752 bytes
          ============================================================
           Maximum dynamic memory allocation:    22476480 bytes
           Maximum dynamic memory overhead:          2800 bytes
           Program started at: 19:58:05 on 10-Jun-2020
           Program stopped at: 19:58:31 on 10-Jun-2020
           CPU time used:      26.1094 seconds
          ============================================================
